Log file open, 12/02/15 10:30:45
LogInit:Display: Running engine for game: BOS
LogInit:Display: RandInit(419889693) SRandInit(419889693).
LogTaskGraph: Started task graph with 4 named threads and 7 total threads.
LogStats: Stats thread started at 0.336932
LogConfig:Warning: Failed to saved backup for config[Scalability]
[2015.12.02-09.30.45:720][  0]LogInit: Version: 4.9.1-2689999+++depot+UE4-Releases+4.9
[2015.12.02-09.30.45:720][  0]LogInit: API Version: 2672455
[2015.12.02-09.30.45:720][  0]LogInit: Compiled (64-bit): Sep 14 2015 04:12:03
[2015.12.02-09.30.45:720][  0]LogInit: Compiled with Visual C++: 18.00.21005.01
[2015.12.02-09.30.45:720][  0]LogInit: Build Configuration: DebugGame
[2015.12.02-09.30.45:720][  0]LogInit: Branch Name: ++depot+UE4-Releases+4.9
[2015.12.02-09.30.45:720][  0]LogInit: Command line:  -debug
[2015.12.02-09.30.45:720][  0]LogInit: Base directory: C:/Program Files/Epic Games/4.9/Engine/Binaries/Win64/
[2015.12.02-09.30.45:720][  0]LogInit: Rocket: 1
[2015.12.02-09.30.45:876][  0]LogInit: Using libcurl 7.41.0
[2015.12.02-09.30.45:876][  0]LogInit:  - built for x86_64-pc-win32
[2015.12.02-09.30.45:876][  0]LogInit:  - supports SSL with WinSSL
[2015.12.02-09.30.45:876][  0]LogInit:  - other features:
[2015.12.02-09.30.45:876][  0]LogInit:      CURL_VERSION_SSL
[2015.12.02-09.30.45:876][  0]LogInit:      CURL_VERSION_IPV6
[2015.12.02-09.30.45:876][  0]LogInit:      CURL_VERSION_ASYNCHDNS
[2015.12.02-09.30.45:876][  0]LogInit:      CURL_VERSION_LARGEFILE
[2015.12.02-09.30.45:876][  0]LogInit:      CURL_VERSION_IDN
[2015.12.02-09.30.45:876][  0]LogInit:  CurlRequestOptions (configurable via config and command line):
[2015.12.02-09.30.45:876][  0]LogInit:  - bVerifyPeer = true  - Libcurl will verify peer certificate
[2015.12.02-09.30.45:876][  0]LogInit:  - bUseHttpProxy = false  - Libcurl will NOT use HTTP proxy
[2015.12.02-09.30.45:876][  0]LogInit:  - bDontReuseConnections = false  - Libcurl will reuse connections
[2015.12.02-09.30.45:876][  0]LogInit:  - CertBundlePath = nullptr  - Libcurl will use whatever was configured at build time.
[2015.12.02-09.30.46:154][  0]LogInit: Presizing for 0 objects not considered by GC, pre-allocating 0 bytes.
[2015.12.02-09.30.46:154][  0]LogInit: Object subsystem initialized
[2015.12.02-09.30.46:154][  0]LogInit: Selected Device Profile: [Windows]
[2015.12.02-09.30.46:154][  0]LogInit: Applying CVar settings loaded from the selected device profile: [Windows]
[2015.12.02-09.30.46:172][  0]LogInit: Computer: SpellabbA333-05
[2015.12.02-09.30.46:172][  0]LogInit: User: Spellabbet
[2015.12.02-09.30.46:172][  0]LogInit: CPU Page size=4096, Cores=4
[2015.12.02-09.30.46:173][  0]LogInit: High frequency timer resolution =3.507516 MHz
[2015.12.02-09.30.46:173][  0]LogMemory: Memory total: Physical=15.9GB (16GB approx)
[2015.12.02-09.30.46:173][  0]LogMemory: Platform Memory Stats for Windows
[2015.12.02-09.30.46:173][  0]LogMemory: Process Physical Memory: 53.04 MB used, 53.04 MB peak
[2015.12.02-09.30.46:173][  0]LogMemory: Process Virtual Memory: 55.27 MB used, 55.27 MB peak
[2015.12.02-09.30.46:173][  0]LogMemory: Physical Memory: 4488.53 MB used, 16318.82 MB total
[2015.12.02-09.30.46:174][  0]LogMemory: Virtual Memory: 346.38 MB used, 134217728.00 MB total
[2015.12.02-09.30.46:226][  0]LogTextLocalizationManager: No translations for ('sv-SE') exist, falling back to 'en' for localization and internationalization data.
[2015.12.02-09.30.46:945][  0]LogD3D11RHI: Found D3D11 adapter 0: NVIDIA GeForce GTX 960 (Feature Level 11_0)
[2015.12.02-09.30.46:945][  0]LogD3D11RHI: Adapter has 1965MB of dedicated video memory, 0MB of dedicated system memory, and 2048MB of shared system memory, 1 output[s]
[2015.12.02-09.30.46:988][  0]LogD3D11RHI: Found D3D11 adapter 1: Microsoft Basic Render Driver (Feature Level 11_0)
[2015.12.02-09.30.46:988][  0]LogD3D11RHI: Adapter has 0MB of dedicated video memory, 0MB of dedicated system memory, and 256MB of shared system memory, 0 output[s]
[2015.12.02-09.30.46:989][  0]LogD3D11RHI: Chosen D3D11 Adapter Id = 0
[2015.12.02-09.30.46:992][  0]LogD3D11RHI: !Direct3DDevice
[2015.12.02-09.30.46:992][  0]LogRHI: Texture pool is 1361 MB (70% of 1945 MB)
[2015.12.02-09.30.47:063][  0]LogD3D11RHI: Async texture creation enabled
[2015.12.02-09.30.47:079][  0]LogShaderCompilers: Guid format shader working directory is 15 characters bigger than the processId version (../../../../../../Users/Spellabbet/Documents/Unreal Projects/Balls-of-steel/BOS/Intermediate/Shaders/WorkingDirectory/4704/).
[2015.12.02-09.30.47:080][  0]LogShaderCompilers: Cleaned the shader compiler working directory '../../../../../../Users/Spellabbet/Documents/Unreal Projects/Balls-of-steel/BOS/Intermediate/Shaders/tmp/761A3F2545EA19F6975C54BBB7DA35D4/'.
[2015.12.02-09.30.47:080][  0]LogShaderCompilers:Display: Using Local Shader Compiler.
[2015.12.02-09.30.48:177][  0]LogTemp:Display: Loaded TP AllDesktopTargetPlatform
[2015.12.02-09.30.48:286][  0]LogTemp:Display: Loaded TP WindowsClientTargetPlatform
[2015.12.02-09.30.48:432][  0]LogTemp:Display: Loaded TP WindowsNoEditorTargetPlatform
[2015.12.02-09.30.48:495][  0]LogTemp:Display: Loaded TP WindowsServerTargetPlatform
[2015.12.02-09.30.48:661][  0]LogTemp:Display: Loaded TP WindowsTargetPlatform
[2015.12.02-09.30.48:683][  0]LogTemp:Display: Loaded TP AndroidTargetPlatform
[2015.12.02-09.30.48:745][  0]LogTemp:Display: Loaded TP Android_ASTCTargetPlatform
[2015.12.02-09.30.48:809][  0]LogTemp:Display: Loaded TP Android_ATCTargetPlatform
[2015.12.02-09.30.48:832][  0]LogTemp:Display: Loaded TP Android_DXTTargetPlatform
[2015.12.02-09.30.48:869][  0]LogTemp:Display: Loaded TP Android_ETC1TargetPlatform
[2015.12.02-09.30.48:912][  0]LogTemp:Display: Loaded TP Android_ETC2TargetPlatform
[2015.12.02-09.30.48:932][  0]LogTemp:Display: Loaded TP Android_PVRTCTargetPlatform
[2015.12.02-09.30.48:964][  0]LogTemp:Display: Loaded TP HTML5TargetPlatform
[2015.12.02-09.30.49:174][  0]LogTemp:Display: Loaded TP IOSTargetPlatform
[2015.12.02-09.30.49:200][  0]LogTemp:Display: Loaded TP LinuxNoEditorTargetPlatform
[2015.12.02-09.30.49:228][  0]LogTemp:Display: Loaded TP LinuxServerTargetPlatform
[2015.12.02-09.30.49:287][  0]LogTemp:Display: Loaded TP LinuxTargetPlatform
[2015.12.02-09.30.49:288][  0]LogTargetPlatformManager:Display: Building Assets For Windows
[2015.12.02-09.30.51:483][  0]LogDerivedDataCache:Display: Max Cache Size: 512 MB
[2015.12.02-09.30.51:555][  0]LogDerivedDataCache: Loaded boot cache 0.07s 47MB C:/Users/Spellabbet/AppData/Local/UnrealEngine/4.9/DerivedDataCache/Boot.ddc.
[2015.12.02-09.30.51:555][  0]LogDerivedDataCache:Display: Loaded Boot cache: C:/Users/Spellabbet/AppData/Local/UnrealEngine/4.9/DerivedDataCache/Boot.ddc
[2015.12.02-09.30.51:556][  0]LogDerivedDataCache: FDerivedDataBackendGraph:  Pak pak cache file ../../../../../../Users/Spellabbet/Documents/Unreal Projects/Balls-of-steel/BOS/DerivedDataCache/DDC.ddp not found, will not use a pak cache.
[2015.12.02-09.30.51:556][  0]LogDerivedDataCache: Unable to find inner node Pak for hierarchical cache Hierarchy.
[2015.12.02-09.30.51:556][  0]LogDerivedDataCache: FDerivedDataBackendGraph:  CompressedPak pak cache file ../../../../../../Users/Spellabbet/Documents/Unreal Projects/Balls-of-steel/BOS/DerivedDataCache/Compressed.ddp not found, will not use a pak cache.
[2015.12.02-09.30.51:556][  0]LogDerivedDataCache: Unable to find inner node CompressedPak for hierarchical cache Hierarchy.
[2015.12.02-09.30.51:663][  0]LogDerivedDataCache:Display: Pak cache opened for reading ../../../Engine/DerivedDataCache/Compressed.ddp.
[2015.12.02-09.30.51:675][  0]LogDerivedDataCache: Using Local data cache path C:/Users/Spellabbet/AppData/Local/UnrealEngine/Common/DerivedDataCache: Writable
[2015.12.02-09.30.51:923][  0]LogInit: Selected Device Profile: [Windows]
[2015.12.02-09.30.51:925][  0]LogContentStreaming: Texture pool size is 0.000000MB
[2015.12.02-09.30.52:093][  0]LogMeshUtilities: No automatic mesh reduction module available
[2015.12.02-09.30.52:094][  0]LogMeshUtilities: No automatic mesh merging module available
[2015.12.02-09.30.52:513][  0]LogInit: WinSock: version 1.1 (2.2), MaxSocks=32767, MaxUdp=65467
[2015.12.02-09.30.57:404][  0]UdpMessaging: Initializing bridge on interface 0.0.0.0:0 to multicast group 230.0.0.1:6666.
[2015.12.02-09.30.57:520][  0]LogLinker:Warning: Asset '../../../../../../Users/Spellabbet/Documents/Unreal Projects/Balls-of-steel/BOS/Content/Rolling/Materials/M_Blue_Checker.uasset' has been saved with empty engine version. The asset will be loaded but may be incompatible.
[2015.12.02-09.30.59:099][  0]LogAssetRegistry: FAssetRegistry took 0.0134 seconds to start up
[2015.12.02-09.31.01:637][  0]SourceControl: Info Source control is disabled
[2015.12.02-09.31.01:639][  0]SourceControl: Info Source control is disabled
[2015.12.02-09.31.01:834][  0]SourceControl: Info Source control is disabled
[2015.12.02-09.31.01:979][  0]SourceControl: Info Source control is disabled
[2015.12.02-09.31.03:149][  0]LogLinker:Warning: Asset '../../../Engine/Plugins/Runtime/LeapMotionController/Content/LM_PassthroughMaterial.uasset' has been saved with empty engine version. The asset will be loaded but may be incompatible.
[2015.12.02-09.31.03:446][  0]LogObj: 30613 objects as part of root set at end of initial load.
[2015.12.02-09.31.03:447][  0]LogUObjectAllocator: 6840968 out of 0 bytes used by permanent object pool.
[2015.12.02-09.31.03:925][  0]LogEngine: Initializing Engine...
[2015.12.02-09.31.03:928][  0]LogHMD: Can't find Oculus library dev build: is proper Runtime installed? Version: 0.7.0.0
[2015.12.02-09.31.03:930][  0]LogHMD: SteamVR failed to initialize.  Err: 110
[2015.12.02-09.31.04:108][  0]LogAIModule: Creating AISystem for world NewWorld
[2015.12.02-09.31.04:114][  0]LogInit: XAudio2 using 'Speakers (4- High Definition Audio Device)' : 2 channels at 44.1 kHz using 16 bits per sample (channel mask 0x3)
[2015.12.02-09.31.04:129][  0]LogInit: FAudioDevice initialized.
[2015.12.02-09.31.04:148][  0]LogDerivedDataCache: Saved boot cache 0.02s 47MB C:/Users/Spellabbet/AppData/Local/UnrealEngine/4.9/DerivedDataCache/Boot.ddc.
[2015.12.02-09.31.04:152][  0]LogInit: Texture streaming: Enabled
[2015.12.02-09.31.04:287][  0]LogAnalytics: Creating configured Analytics provider AnalyticsET
[2015.12.02-09.31.04:288][  0]LogAnalytics: [UEEditor.Rocket.Release] APIServer = http://et2.epicgames.com/ET2/. AppVersion = 4.9.1-2689999+++depot+UE4-Releases+4.9
[2015.12.02-09.31.04:288][  0]LogAnalytics: [UEEditor.Rocket.Release] SetUserId fc50aaa14c34ed003df04597b34f483e|4341a5fd2eb34d5fac8b0ca63d21fc83|060e5e79-a789-49c4-8abd-5d8b330400a7
[2015.12.02-09.31.04:289][  0]LogAnalytics: [UEEditor.Rocket.Release] AnalyticsET::StartSession
[2015.12.02-09.31.04:386][  0]LogInit: Transaction tracking system initialized
[2015.12.02-09.31.05:358][  0]BlueprintLog: New page: Editor Load
[2015.12.02-09.31.09:239][  0]LocalizationService: Info Localization service is disabled
[2015.12.02-09.31.10:636][  0]LogConsoleResponse:Display: 
[2015.12.02-09.31.10:846][  0]LogCook:Display: Done creating registry. It took  0.00s.
[2015.12.02-09.31.11:792][  0]LogFileCache: Scanning file cache for directory 'C:/Users/Spellabbet/Documents/Unreal Projects/Balls-of-steel/BOS/Content/' took 0.01s
[2015.12.02-09.31.12:088][  0]SourceControl: Info Source control is disabled
[2015.12.02-09.31.12:088][  0]Cmd: MAP LOAD FILE="../../../../../../Users/Spellabbet/Documents/Unreal Projects/Balls-of-steel/BOS/Content/Maps/MainMenu.umap" TEMPLATE=0 SHOWPROGRESS=1 FEATURELEVEL=3
[2015.12.02-09.31.12:089][  0]LightingResults: New page: Lighting Build
[2015.12.02-09.31.12:094][  0]MapCheck: New page: Map Check
[2015.12.02-09.31.12:095][  0]LightingResults: New page: Lighting Build
[2015.12.02-09.31.12:111][  0]LogParticles: Destroying 0 GPU particle simulations for FXSystem 0x000000F18E6876A0
[2015.12.02-09.31.12:231][  0]LogAIModule: Creating AISystem for world MainMenu
[2015.12.02-09.31.12:240][  0]LogEditorServer: Finished looking for orphan Actors (0.000 secs)
[2015.12.02-09.31.12:243][  0]Cmd: MAP CHECKDEP NOCLEARLOG
[2015.12.02-09.31.12:307][  0]MapCheck: Info Map check complete: 0 Error(s), 0 Warning(s), took 64.365ms to complete.
[2015.12.02-09.31.12:308][  0]LogFileHelpers: Loading map 'MainMenu' took 0.220
[2015.12.02-09.31.12:567][  0]LogCollectionManager: Loaded 0 collections in 0.008795 seconds
[2015.12.02-09.31.12:640][  0]LogFileCache: Scanning file cache for directory 'C:/Users/Spellabbet/Documents/Unreal Projects/Balls-of-steel/BOS/Saved/Collections/' took 0.01s
[2015.12.02-09.31.12:641][  0]LogFileCache: Scanning file cache for directory 'C:/Users/Spellabbet/Documents/Unreal Projects/Balls-of-steel/BOS/Content/Developers/Spellabbet/Collections/' took 0.01s
[2015.12.02-09.31.12:642][  0]LogFileCache: Scanning file cache for directory 'C:/Users/Spellabbet/Documents/Unreal Projects/Balls-of-steel/BOS/Content/Collections/' took 0.01s
[2015.12.02-09.31.12:644][  0]LogContentBrowser: Native class hierarchy populated in 0.0245 seconds. Added 1875 classes and 335 folders.
[2015.12.02-09.31.12:661][  0]LogCollectionManager: Rebuilt the GUID cache for 0 collections in 0.000003 seconds
[2015.12.02-09.31.12:676][  0]LogContentBrowser: Native class hierarchy updated for 'WidgetCarousel' in 0.0041 seconds. Added 0 classes and 0 folders.
[2015.12.02-09.31.12:953][  0]LogContentBrowser: Native class hierarchy updated for 'AddContentDialog' in 0.0013 seconds. Added 0 classes and 0 folders.
[2015.12.02-09.31.13:266][  0]LogContentBrowser: Native class hierarchy updated for 'SceneOutliner' in 0.0035 seconds. Added 1 classes and 2 folders.
[2015.12.02-09.31.13:448][  0]LogCrashTracker: Crashtracker disabled due to settings.
[2015.12.02-09.31.13:455][  0]LogUObjectGlobals:Warning: Failed to find object 'Class None.'
[2015.12.02-09.31.13:480][  0]LogLoad: Full Startup: 29.55 seconds (BP compile: 0.04 seconds)
[2015.12.02-09.31.13:562][  0]LogContentStreaming: Texture pool size now 1000 MB
[2015.12.02-09.31.13:709][  0]LogRenderer: Reallocating scene render targets to support 1048x556 (Frame:2).
[2015.12.02-09.31.13:907][  2]LogAssetRegistry: Asset discovery search completed in 14.8216 seconds
[2015.12.02-09.31.13:908][  2]LogCollectionManager: Rebuilt the object cache for 0 collections in 0.000001 seconds (found 0 objects)
[2015.12.02-09.31.13:908][  2]LogCollectionManager: Fixed up redirectors for 0 collections in 0.000363 seconds (updated 0 objects)
[2015.12.02-09.48.53:005][169]LogAIModule: Creating AISystem for world Map1
[2015.12.02-09.48.53:036][169]Cmd: MAP LOAD FILE="../../../../../../Users/Spellabbet/Documents/Unreal Projects/Balls-of-steel/BOS/Content/Maps/Map1.umap" TEMPLATE=0 SHOWPROGRESS=1 FEATURELEVEL=3
[2015.12.02-09.48.53:037][169]LightingResults: New page: Lighting Build
[2015.12.02-09.48.53:053][169]LoadErrors: New page: Loading map: Map1.umap
[2015.12.02-09.48.53:054][169]MapCheck: New page: Map Check
[2015.12.02-09.48.53:055][169]LightingResults: New page: Lighting Build
[2015.12.02-09.48.53:064][169]LogParticles: Destroying 0 GPU particle simulations for FXSystem 0x000000F1FCA3ED40
[2015.12.02-09.48.53:072][169]LogEditorServer: Finished looking for orphan Actors (0.000 secs)
[2015.12.02-09.48.53:122][169]Cmd: MAP CHECKDEP NOCLEARLOG
[2015.12.02-09.48.53:164][169]MapCheck: Info Map check complete: 0 Error(s), 0 Warning(s), took 40.927ms to complete.
[2015.12.02-09.48.53:164][169]LogFileHelpers: Loading map 'Map1' took 0.129
[2015.12.02-09.48.54:057][254]LogBlueprintUserMessages: Early PlayInEditor Detection: Level '/Game/Maps/Map1.Map1:PersistentLevel' has LevelScriptBlueprint '/Game/Maps/Map1.Map1:PersistentLevel.Map1' with GeneratedClass '/Game/Maps/Map1.Map1_C' with ClassGeneratedBy '/Game/Maps/Map1.Map1:PersistentLevel.Map1'
[2015.12.02-09.48.54:057][254]LogPlayLevel: PlayLevel: No blueprints needed recompiling
[2015.12.02-09.48.54:058][254]PIE: New page: PIE session: Map1 (Dec 2, 2015, 11:48:54 AM)
[2015.12.02-09.48.54:058][254]LogPlayLevel: Creating play world package: /Game/Maps/UEDPIE_1_Map1
[2015.12.02-09.48.54:090][254]LogPlayLevel: PIE: StaticDuplicateObject took: (0.031336s)
[2015.12.02-09.48.54:092][254]LogAIModule: Creating AISystem for world Map1
[2015.12.02-09.48.54:093][254]LogPlayLevel: PIE: World Init took: (0.002825s)
[2015.12.02-09.48.54:094][254]LogPlayLevel: PIE: Created PIE world by copying editor world from /Game/Maps/Map1.Map1 to /Game/Maps/UEDPIE_1_Map1.Map1 (0.035811s)
[2015.12.02-09.48.54:117][254]LogWorld: Game class is 'BOSGameMode'
[2015.12.02-09.48.54:118][254]LogActor:Warning: RecastNavMesh /Game/Maps/UEDPIE_1_Map1.Map1:PersistentLevel.RecastNavMesh_0 has natively added scene component(s), but none of them were set as the actor's RootComponent - picking one arbitrarily
[2015.12.02-09.48.54:123][254]LogWorld: Bringing World /Game/Maps/UEDPIE_1_Map1.Map1 up for play (max tick rate 0) at 2015.12.02-10.48.54
[2015.12.02-09.48.54:123][254]LogActor:Warning: GameSession /Game/Maps/UEDPIE_1_Map1.Map1:PersistentLevel.GameSession_0 has natively added scene component(s), but none of them were set as the actor's RootComponent - picking one arbitrarily
[2015.12.02-09.48.54:124][254]LogActor:Warning: GameNetworkManager /Game/Maps/UEDPIE_1_Map1.Map1:PersistentLevel.GameNetworkManager_0 has natively added scene component(s), but none of them were set as the actor's RootComponent - picking one arbitrarily
[2015.12.02-09.48.54:124][254]LogWorld: Bringing up level for play took: 0.005855
[2015.12.02-09.48.54:125][254]LogInit: WinSock: Socket queue 131072 / 131072
[2015.12.02-09.48.54:128][254]LogInit: WinSock: I am SpellabbA333-05 (192.168.20.36:0)
[2015.12.02-09.48.54:128][254]LogNet: GameNetDriver IpNetDriver_0 IpNetDriver listening on port 7777
[2015.12.02-09.48.54:129][254]PIE: Info Play in editor start time for /Game/Maps/UEDPIE_1_Map1 -0.854
[2015.12.02-09.48.54:130][254]PIE: New page: PIE session: Map1 (Dec 2, 2015, 11:48:54 AM)
[2015.12.02-09.48.54:135][254]LogInit: XAudio2 using 'Speakers (4- High Definition Audio Device)' : 2 channels at 44.1 kHz using 16 bits per sample (channel mask 0x3)
[2015.12.02-09.48.54:140][254]LogInit: FAudioDevice initialized.
[2015.12.02-09.48.54:178][254]LogNet: Browse: 127.0.0.1//Game/Maps/MainMenu
[2015.12.02-09.48.54:179][254]LogInit: WinSock: Socket queue 32768 / 32768
[2015.12.02-09.48.54:179][254]LogNet: Game client on port 7777, rate 10000
[2015.12.02-09.48.54:180][254]LogNet: GetLocalNetworkVersion: GEngineNetVersion: 2689999, ProjectName: bos, ProjectVersion: 1.0.0.0, InternalProtocolVersion: 9, LocalNetworkVersion: 4173909862
[2015.12.02-09.48.54:192][254]PIE: Info Play in editor start time for /Game/Maps/MainMenu -0.791
[2015.12.02-09.48.54:194][254]PIE: New page: PIE session: Map1 (Dec 2, 2015, 11:48:54 AM)
[2015.12.02-09.48.54:228][254]LogNet: Browse: 127.0.0.1//Game/Maps/MainMenu
[2015.12.02-09.48.54:229][254]LogInit: WinSock: Socket queue 32768 / 32768
[2015.12.02-09.48.54:229][254]LogNet: Game client on port 7777, rate 10000
[2015.12.02-09.48.54:230][254]LogNet: GetLocalNetworkVersion: GEngineNetVersion: 2689999, ProjectName: bos, ProjectVersion: 1.0.0.0, InternalProtocolVersion: 9, LocalNetworkVersion: 4173909862
[2015.12.02-09.48.54:241][254]PIE: Info Play in editor start time for /Game/Maps/MainMenu -0.742
[2015.12.02-09.48.54:243][254]LogBlueprintUserMessages: Late PlayInEditor Detection: Level '/Game/Maps/Map1.Map1:PersistentLevel' has LevelScriptBlueprint '/Game/Maps/Map1.Map1:PersistentLevel.Map1' with GeneratedClass '/Game/Maps/Map1.Map1_C' with ClassGeneratedBy '/Game/Maps/Map1.Map1:PersistentLevel.Map1'
[2015.12.02-09.48.54:244][254]LogNet: NotifyAcceptingConnection: Server Map1 accept
[2015.12.02-09.48.54:244][254]LogNet: Open Map1 12/02/15 10:48:54 127.0.0.1
[2015.12.02-09.48.54:244][254]LogNet: Added client connection.  Remote address = 127.0.0.1:56824
[2015.12.02-09.48.54:245][254]LogNet: NotifyAcceptingChannel Control 0 server World /Game/Maps/UEDPIE_1_Map1.Map1: Accepted
[2015.12.02-09.48.54:245][254]LogNet: Remote platform little endian=1
[2015.12.02-09.48.54:245][254]LogNet: This platform little endian=1
[2015.12.02-09.48.54:245][254]LogNet: GetLocalNetworkVersion: GEngineNetVersion: 2689999, ProjectName: bos, ProjectVersion: 1.0.0.0, InternalProtocolVersion: 9, LocalNetworkVersion: 4173909862
[2015.12.02-09.48.54:246][254]LogNet: NotifyAcceptingConnection: Server Map1 accept
[2015.12.02-09.48.54:246][254]LogNet: Open Map1 12/02/15 10:48:54 127.0.0.1
[2015.12.02-09.48.54:246][254]LogNet: Added client connection.  Remote address = 127.0.0.1:56825
[2015.12.02-09.48.54:246][254]LogNet: NotifyAcceptingChannel Control 0 server World /Game/Maps/UEDPIE_1_Map1.Map1: Accepted
[2015.12.02-09.48.54:246][254]LogNet: Remote platform little endian=1
[2015.12.02-09.48.54:247][254]LogNet: This platform little endian=1
[2015.12.02-09.48.54:247][254]LogNet: GetLocalNetworkVersion: GEngineNetVersion: 2689999, ProjectName: bos, ProjectVersion: 1.0.0.0, InternalProtocolVersion: 9, LocalNetworkVersion: 4173909862
[2015.12.02-09.48.54:288][255]LogNet: Login request: /Game/Maps/MainMenu userId: Invalid
[2015.12.02-09.48.54:288][255]LogNet: Login request: /Game/Maps/MainMenu userId: Invalid
[2015.12.02-09.48.54:289][255]LogNet: Welcomed by server (Level: /Game/Maps/UEDPIE_1_Map1, Game: /Script/BOS.BOSGameMode)
[2015.12.02-09.48.54:320][255]LogLoad: LoadMap: 127.0.0.1//Game/Maps/UEDPIE_1_Map1?game=/Script/BOS.BOSGameMode
[2015.12.02-09.48.54:331][255]LogParticles: Destroying 0 GPU particle simulations for FXSystem 0x000000F1A6853A60
[2015.12.02-09.48.54:331][255]Cmd: MEM
[2015.12.02-09.48.54:340][255]LogMemory: Platform Memory Stats for Windows
[2015.12.02-09.48.54:341][255]LogMemory: Process Physical Memory: 547.75 MB used, 602.22 MB peak
[2015.12.02-09.48.54:341][255]LogMemory: Process Virtual Memory: 1413.66 MB used, 1413.66 MB peak
[2015.12.02-09.48.54:342][255]LogMemory: Physical Memory: 4861.49 MB used, 16318.82 MB total
[2015.12.02-09.48.54:342][255]LogMemory: Virtual Memory: 2029.95 MB used, 134217728.00 MB total
[2015.12.02-09.48.54:342][255]LogMemory: 
[2015.12.02-09.48.54:342][255]Allocator Stats for TBB: (not implemented)
[2015.12.02-09.48.54:343][255]LogLinker: Can't find file for asset '/Game/Maps/UEDPIE_1_Map1' while loading NULL.
[2015.12.02-09.48.54:366][255]LogWorld: PIE: Copying PIE streaming level from /Game/Maps/Map1.Map1 to /Game/Maps/UEDPIE_2_Map1.Map1. OwningWorld: None
[2015.12.02-09.48.54:369][255]LogAIModule: Creating AISystem for world Map1
[2015.12.02-09.48.54:374][255]LogWorld: Bringing World /Game/Maps/UEDPIE_2_Map1.Map1 up for play (max tick rate 0) at 2015.12.02-10.48.54
[2015.12.02-09.48.54:375][255]LogWorld: Bringing up level for play took: 0.005189
[2015.12.02-09.48.54:376][255]LogNet: Welcomed by server (Level: /Game/Maps/UEDPIE_1_Map1, Game: /Script/BOS.BOSGameMode)
[2015.12.02-09.48.54:407][255]LogLoad: LoadMap: 127.0.0.1//Game/Maps/UEDPIE_1_Map1?game=/Script/BOS.BOSGameMode
[2015.12.02-09.48.54:417][255]LogParticles: Destroying 0 GPU particle simulations for FXSystem 0x000000F1A68C0F40
[2015.12.02-09.48.54:418][255]Cmd: MEM
[2015.12.02-09.48.54:428][255]LogMemory: Platform Memory Stats for Windows
[2015.12.02-09.48.54:429][255]LogMemory: Process Physical Memory: 564.44 MB used, 602.22 MB peak
[2015.12.02-09.48.54:429][255]LogMemory: Process Virtual Memory: 1448.85 MB used, 1502.83 MB peak
[2015.12.02-09.48.54:429][255]LogMemory: Physical Memory: 4882.08 MB used, 16318.82 MB total
[2015.12.02-09.48.54:429][255]LogMemory: Virtual Memory: 2063.32 MB used, 134217728.00 MB total
[2015.12.02-09.48.54:430][255]LogMemory: 
[2015.12.02-09.48.54:430][255]Allocator Stats for TBB: (not implemented)
[2015.12.02-09.48.54:430][255]LogLinker: Can't find file for asset '/Game/Maps/UEDPIE_1_Map1' while loading NULL.
[2015.12.02-09.48.54:454][255]LogWorld: PIE: Copying PIE streaming level from /Game/Maps/Map1.Map1 to /Game/Maps/UEDPIE_3_Map1.Map1. OwningWorld: None
[2015.12.02-09.48.54:456][255]LogAIModule: Creating AISystem for world Map1
[2015.12.02-09.48.54:461][255]LogWorld: Bringing World /Game/Maps/UEDPIE_3_Map1.Map1 up for play (max tick rate 0) at 2015.12.02-10.48.54
[2015.12.02-09.48.54:462][255]LogWorld: Bringing up level for play took: 0.005250
[2015.12.02-09.48.54:472][256]LogNet: Client netspeed is 10000
[2015.12.02-09.48.54:472][256]LogNet: Join request: /Game/Maps/MainMenu?SplitscreenCount=1
[2015.12.02-09.48.54:475][256]LogNet: Join succeeded: 256
[2015.12.02-09.48.54:475][256]LogNet: Client netspeed is 10000
[2015.12.02-09.48.54:475][256]LogNet: Join request: /Game/Maps/MainMenu?SplitscreenCount=1
[2015.12.02-09.48.54:477][256]LogNet: Join succeeded: 257
[2015.12.02-09.50.19:658][429]LogNet:Warning: UIpNetDriver::ProcesRemoteFunction: No owning connection for actor BasicProjectile_BP2_C_1. Function OnHit will not be processed.
[2015.12.02-09.50.19:659][429]LogNet:Warning: UIpNetDriver::ProcesRemoteFunction: No owning connection for actor BasicProjectile_BP2_C_2. Function OnHit will not be processed.
[2015.12.02-09.50.19:802][446]LogNet:Warning: UIpNetDriver::ProcesRemoteFunction: No owning connection for actor BasicProjectile_BP2_C_4. Function OnHit will not be processed.
[2015.12.02-09.50.19:804][446]LogNet:Warning: UIpNetDriver::ProcesRemoteFunction: No owning connection for actor BasicProjectile_BP2_C_5. Function OnHit will not be processed.
[2015.12.02-09.50.20:051][476]LogNet:Warning: UIpNetDriver::ProcesRemoteFunction: No owning connection for actor BasicProjectile_BP2_C_7. Function OnHit will not be processed.
[2015.12.02-09.50.20:052][476]LogNet:Warning: UIpNetDriver::ProcesRemoteFunction: No owning connection for actor BasicProjectile_BP2_C_8. Function OnHit will not be processed.
[2015.12.02-09.50.22:137][726]LogNet:Warning: UIpNetDriver::ProcesRemoteFunction: No owning connection for actor BasicProjectile_BP2_C_10. Function OnHit will not be processed.
[2015.12.02-09.50.22:138][726]LogNet:Warning: UIpNetDriver::ProcesRemoteFunction: No owning connection for actor BasicProjectile_BP2_C_11. Function OnHit will not be processed.
[2015.12.02-09.50.22:138][726]LogNet:Warning: UIpNetDriver::ProcesRemoteFunction: No owning connection for actor BasicProjectile_BP2_C_11. Function OnHit will not be processed.
[2015.12.02-09.50.22:212][735]LogNet:Warning: UIpNetDriver::ProcesRemoteFunction: No owning connection for actor BasicProjectile_BP2_C_10. Function OnHit will not be processed.
[2015.12.02-09.50.22:213][735]LogNet:Warning: UIpNetDriver::ProcesRemoteFunction: No owning connection for actor BasicProjectile_BP2_C_11. Function OnHit will not be processed.
[2015.12.02-09.50.22:587][780]LogNet:Warning: UIpNetDriver::ProcesRemoteFunction: No owning connection for actor BasicProjectile_BP2_C_13. Function OnHit will not be processed.
[2015.12.02-09.50.22:588][780]LogNet:Warning: UIpNetDriver::ProcesRemoteFunction: No owning connection for actor BasicProjectile_BP2_C_14. Function OnHit will not be processed.
[2015.12.02-09.50.22:662][789]LogNet:Warning: UIpNetDriver::ProcesRemoteFunction: No owning connection for actor BasicProjectile_BP2_C_13. Function OnHit will not be processed.
[2015.12.02-09.50.22:663][789]LogNet:Warning: UIpNetDriver::ProcesRemoteFunction: No owning connection for actor BasicProjectile_BP2_C_14. Function OnHit will not be processed.
[2015.12.02-09.50.23:003][830]LogNet:Warning: UIpNetDriver::ProcesRemoteFunction: No owning connection for actor BasicProjectile_BP2_C_7. Function OnHit will not be processed.
[2015.12.02-09.50.23:004][830]LogNet:Warning: UIpNetDriver::ProcesRemoteFunction: No owning connection for actor BasicProjectile_BP2_C_8. Function OnHit will not be processed.
[2015.12.02-09.50.23:388][876]LogNet:Warning: UIpNetDriver::ProcesRemoteFunction: No owning connection for actor BasicProjectile_BP2_C_16. Function OnHit will not be processed.
[2015.12.02-09.50.23:390][876]LogNet:Warning: UIpNetDriver::ProcesRemoteFunction: No owning connection for actor BasicProjectile_BP2_C_17. Function OnHit will not be processed.
[2015.12.02-09.50.24:074][958]LogNet:Warning: UIpNetDriver::ProcesRemoteFunction: No owning connection for actor BasicProjectile_BP2_C_19. Function OnHit will not be processed.
[2015.12.02-09.50.24:075][958]LogNet:Warning: UIpNetDriver::ProcesRemoteFunction: No owning connection for actor BasicProjectile_BP2_C_20. Function OnHit will not be processed.
[2015.12.02-09.50.24:693][ 32]LogNet:Warning: UIpNetDriver::ProcesRemoteFunction: No owning connection for actor BasicProjectile_BP2_C_22. Function OnHit will not be processed.
[2015.12.02-09.50.24:694][ 32]LogNet:Warning: UIpNetDriver::ProcesRemoteFunction: No owning connection for actor BasicProjectile_BP2_C_23. Function OnHit will not be processed.
[2015.12.02-09.50.25:095][ 80]LogNet:Warning: UIpNetDriver::ProcesRemoteFunction: No owning connection for actor BasicProjectile_BP2_C_16. Function OnHit will not be processed.
[2015.12.02-09.50.25:096][ 80]LogNet:Warning: UIpNetDriver::ProcesRemoteFunction: No owning connection for actor BasicProjectile_BP2_C_17. Function OnHit will not be processed.
[2015.12.02-09.50.25:286][103]LogNet:Warning: UIpNetDriver::ProcesRemoteFunction: No owning connection for actor BasicProjectile_BP2_C_25. Function OnHit will not be processed.
[2015.12.02-09.50.25:287][103]LogNet:Warning: UIpNetDriver::ProcesRemoteFunction: No owning connection for actor BasicProjectile_BP2_C_26. Function OnHit will not be processed.
[2015.12.02-09.50.25:395][116]LogNet:Warning: UIpNetDriver::ProcesRemoteFunction: No owning connection for actor BasicProjectile_BP2_C_13. Function OnHit will not be processed.
[2015.12.02-09.50.25:396][116]LogNet:Warning: UIpNetDriver::ProcesRemoteFunction: No owning connection for actor BasicProjectile_BP2_C_14. Function OnHit will not be processed.
[2015.12.02-09.50.25:804][165]LogNet:Warning: UIpNetDriver::ProcesRemoteFunction: No owning connection for actor BasicProjectile_BP2_C_28. Function OnHit will not be processed.
[2015.12.02-09.50.25:805][165]LogNet:Warning: UIpNetDriver::ProcesRemoteFunction: No owning connection for actor BasicProjectile_BP2_C_29. Function OnHit will not be processed.
[2015.12.02-09.50.25:829][168]LogNet:Warning: UIpNetDriver::ProcesRemoteFunction: No owning connection for actor BasicProjectile_BP2_C_10. Function OnHit will not be processed.
[2015.12.02-09.50.25:831][168]LogNet:Warning: UIpNetDriver::ProcesRemoteFunction: No owning connection for actor BasicProjectile_BP2_C_11. Function OnHit will not be processed.
[2015.12.02-09.50.25:879][174]LogNet:Warning: UIpNetDriver::ProcesRemoteFunction: No owning connection for actor BasicProjectile_BP2_C_19. Function OnHit will not be processed.
[2015.12.02-09.50.25:880][174]LogNet:Warning: UIpNetDriver::ProcesRemoteFunction: No owning connection for actor BasicProjectile_BP2_C_20. Function OnHit will not be processed.
[2015.12.02-09.50.26:416][238]LogNet:Warning: UIpNetDriver::ProcesRemoteFunction: No owning connection for actor BasicProjectile_BP2_C_31. Function OnHit will not be processed.
[2015.12.02-09.50.26:416][238]LogNet:Warning: UIpNetDriver::ProcesRemoteFunction: No owning connection for actor BasicProjectile_BP2_C_31. Function OnHit will not be processed.
[2015.12.02-09.50.26:417][238]LogNet:Warning: UIpNetDriver::ProcesRemoteFunction: No owning connection for actor BasicProjectile_BP2_C_32. Function OnHit will not be processed.
[2015.12.02-09.50.26:417][238]LogNet:Warning: UIpNetDriver::ProcesRemoteFunction: No owning connection for actor BasicProjectile_BP2_C_32. Function OnHit will not be processed.
[2015.12.02-09.50.26:491][247]LogNet:Warning: UIpNetDriver::ProcesRemoteFunction: No owning connection for actor BasicProjectile_BP2_C_31. Function OnHit will not be processed.
[2015.12.02-09.50.26:492][247]LogNet:Warning: UIpNetDriver::ProcesRemoteFunction: No owning connection for actor BasicProjectile_BP2_C_31. Function OnHit will not be processed.
[2015.12.02-09.50.26:493][247]LogNet:Warning: UIpNetDriver::ProcesRemoteFunction: No owning connection for actor BasicProjectile_BP2_C_32. Function OnHit will not be processed.
[2015.12.02-09.50.26:493][247]LogNet:Warning: UIpNetDriver::ProcesRemoteFunction: No owning connection for actor BasicProjectile_BP2_C_32. Function OnHit will not be processed.
[2015.12.02-09.50.26:500][248]LogNet:Warning: UIpNetDriver::ProcesRemoteFunction: No owning connection for actor BasicProjectile_BP2_C_22. Function OnHit will not be processed.
[2015.12.02-09.50.26:501][248]LogNet:Warning: UIpNetDriver::ProcesRemoteFunction: No owning connection for actor BasicProjectile_BP2_C_23. Function OnHit will not be processed.
[2015.12.02-09.50.26:802][284]LogNet:Warning: UIpNetDriver::ProcesRemoteFunction: No owning connection for actor BasicProjectile_BP2_C_16. Function OnHit will not be processed.
[2015.12.02-09.50.26:803][284]LogNet:Warning: UIpNetDriver::ProcesRemoteFunction: No owning connection for actor BasicProjectile_BP2_C_17. Function OnHit will not be processed.
[2015.12.02-09.50.27:019][310]LogNet:Warning: UIpNetDriver::ProcesRemoteFunction: No owning connection for actor BasicProjectile_BP2_C_34. Function OnHit will not be processed.
[2015.12.02-09.50.27:020][310]LogNet:Warning: UIpNetDriver::ProcesRemoteFunction: No owning connection for actor BasicProjectile_BP2_C_35. Function OnHit will not be processed.
[2015.12.02-09.50.27:564][375]LogNet:Warning: UIpNetDriver::ProcesRemoteFunction: No owning connection for actor BasicProjectile_BP2_C_37. Function OnHit will not be processed.
[2015.12.02-09.50.27:565][375]LogNet:Warning: UIpNetDriver::ProcesRemoteFunction: No owning connection for actor BasicProjectile_BP2_C_38. Function OnHit will not be processed.
[2015.12.02-09.50.27:681][389]LogNet:Warning: UIpNetDriver::ProcesRemoteFunction: No owning connection for actor BasicProjectile_BP2_C_19. Function OnHit will not be processed.
[2015.12.02-09.50.27:682][389]LogNet:Warning: UIpNetDriver::ProcesRemoteFunction: No owning connection for actor BasicProjectile_BP2_C_20. Function OnHit will not be processed.
[2015.12.02-09.50.27:758][398]LogNet:Warning: UIpNetDriver::ProcesRemoteFunction: No owning connection for actor BasicProjectile_BP2_C_25. Function OnHit will not be processed.
[2015.12.02-09.50.27:759][398]LogNet:Warning: UIpNetDriver::ProcesRemoteFunction: No owning connection for actor BasicProjectile_BP2_C_26. Function OnHit will not be processed.
[2015.12.02-09.50.27:919][417]LogNet:Warning: UIpNetDriver::ProcesRemoteFunction: No owning connection for actor BasicProjectile_BP2_C_40. Function OnHit will not be processed.
[2015.12.02-09.50.27:920][417]LogNet:Warning: UIpNetDriver::ProcesRemoteFunction: No owning connection for actor BasicProjectile_BP2_C_41. Function OnHit will not be processed.
[2015.12.02-09.50.28:171][447]LogNet:Warning: UIpNetDriver::ProcesRemoteFunction: No owning connection for actor BasicProjectile_BP2_C_43. Function OnHit will not be processed.
[2015.12.02-09.50.28:172][447]LogNet:Warning: UIpNetDriver::ProcesRemoteFunction: No owning connection for actor BasicProjectile_BP2_C_44. Function OnHit will not be processed.
[2015.12.02-09.50.28:308][463]LogNet:Warning: UIpNetDriver::ProcesRemoteFunction: No owning connection for actor BasicProjectile_BP2_C_22. Function OnHit will not be processed.
[2015.12.02-09.50.28:309][463]LogNet:Warning: UIpNetDriver::ProcesRemoteFunction: No owning connection for actor BasicProjectile_BP2_C_23. Function OnHit will not be processed.
[2015.12.02-09.50.28:358][469]LogNet:Warning: UIpNetDriver::ProcesRemoteFunction: No owning connection for actor BasicProjectile_BP2_C_46. Function OnHit will not be processed.
[2015.12.02-09.50.28:359][469]LogNet:Warning: UIpNetDriver::ProcesRemoteFunction: No owning connection for actor BasicProjectile_BP2_C_47. Function OnHit will not be processed.
[2015.12.02-09.50.28:560][493]LogNet:Warning: UIpNetDriver::ProcesRemoteFunction: No owning connection for actor BasicProjectile_BP2_C_49. Function OnHit will not be processed.
[2015.12.02-09.50.28:561][493]LogNet:Warning: UIpNetDriver::ProcesRemoteFunction: No owning connection for actor BasicProjectile_BP2_C_50. Function OnHit will not be processed.
[2015.12.02-09.50.28:795][521]LogNet:Warning: UIpNetDriver::ProcesRemoteFunction: No owning connection for actor BasicProjectile_BP2_C_52. Function OnHit will not be processed.
[2015.12.02-09.50.28:796][521]LogNet:Warning: UIpNetDriver::ProcesRemoteFunction: No owning connection for actor BasicProjectile_BP2_C_53. Function OnHit will not be processed.
[2015.12.02-09.50.28:920][536]LogNet:Warning: UIpNetDriver::ProcesRemoteFunction: No owning connection for actor BasicProjectile_BP2_C_34. Function OnHit will not be processed.
[2015.12.02-09.50.28:921][536]LogNet:Warning: UIpNetDriver::ProcesRemoteFunction: No owning connection for actor BasicProjectile_BP2_C_35. Function OnHit will not be processed.
[2015.12.02-09.50.29:021][548]LogNet:Warning: UIpNetDriver::ProcesRemoteFunction: No owning connection for actor BasicProjectile_BP2_C_55. Function OnHit will not be processed.
[2015.12.02-09.50.29:022][548]LogNet:Warning: UIpNetDriver::ProcesRemoteFunction: No owning connection for actor BasicProjectile_BP2_C_56. Function OnHit will not be processed.
[2015.12.02-09.50.29:145][563]LogNet:Warning: UIpNetDriver::ProcesRemoteFunction: No owning connection for actor BasicProjectile_BP2_C_55. Function OnHit will not be processed.
[2015.12.02-09.50.29:146][563]LogNet:Warning: UIpNetDriver::ProcesRemoteFunction: No owning connection for actor BasicProjectile_BP2_C_56. Function OnHit will not be processed.
[2015.12.02-09.50.29:214][571]LogNet:Warning: UIpNetDriver::ProcesRemoteFunction: No owning connection for actor BasicProjectile_BP2_C_37. Function OnHit will not be processed.
[2015.12.02-09.50.29:216][571]LogNet:Warning: UIpNetDriver::ProcesRemoteFunction: No owning connection for actor BasicProjectile_BP2_C_38. Function OnHit will not be processed.
[2015.12.02-09.50.29:223][572]LogNet:Warning: UIpNetDriver::ProcesRemoteFunction: No owning connection for actor BasicProjectile_BP2_C_59. Function OnHit will not be processed.
[2015.12.02-09.50.29:239][574]LogNet:Warning: UIpNetDriver::ProcesRemoteFunction: No owning connection for actor BasicProjectile_BP2_C_58. Function OnHit will not be processed.
[2015.12.02-09.50.29:273][578]LogNet:Warning: UIpNetDriver::ProcesRemoteFunction: No owning connection for actor BasicProjectile_BP2_C_58. Function OnHit will not be processed.
[2015.12.02-09.50.29:323][584]LogNet:Warning: UIpNetDriver::ProcesRemoteFunction: No owning connection for actor BasicProjectile_BP2_C_58. Function OnHit will not be processed.
[2015.12.02-09.50.29:323][584]LogNet:Warning: UIpNetDriver::ProcesRemoteFunction: No owning connection for actor BasicProjectile_BP2_C_58. Function OnHit will not be processed.
[2015.12.02-09.50.29:324][584]LogNet:Warning: UIpNetDriver::ProcesRemoteFunction: No owning connection for actor BasicProjectile_BP2_C_59. Function OnHit will not be processed.
[2015.12.02-09.50.29:332][585]LogNet:Warning: UIpNetDriver::ProcesRemoteFunction: No owning connection for actor BasicProjectile_BP2_C_59. Function OnHit will not be processed.
[2015.12.02-09.50.29:332][585]LogNet:Warning: UIpNetDriver::ProcesRemoteFunction: No owning connection for actor BasicProjectile_BP2_C_59. Function OnHit will not be processed.
[2015.12.02-09.50.29:349][587]LogNet:Warning: UIpNetDriver::ProcesRemoteFunction: No owning connection for actor BasicProjectile_BP2_C_40. Function OnHit will not be processed.
[2015.12.02-09.50.29:350][587]LogNet:Warning: UIpNetDriver::ProcesRemoteFunction: No owning connection for actor BasicProjectile_BP2_C_41. Function OnHit will not be processed.
[2015.12.02-09.50.29:442][598]LogNet:Warning: UIpNetDriver::ProcesRemoteFunction: No owning connection for actor BasicProjectile_BP2_C_61. Function OnHit will not be processed.
[2015.12.02-09.50.29:444][598]LogNet:Warning: UIpNetDriver::ProcesRemoteFunction: No owning connection for actor BasicProjectile_BP2_C_62. Function OnHit will not be processed.
[2015.12.02-09.50.29:538][609]LogNet:Warning: UIpNetDriver::ProcesRemoteFunction: No owning connection for actor BasicProjectile_BP2_C_43. Function OnHit will not be processed.
[2015.12.02-09.50.29:539][609]LogNet:Warning: UIpNetDriver::ProcesRemoteFunction: No owning connection for actor BasicProjectile_BP2_C_44. Function OnHit will not be processed.
[2015.12.02-09.50.29:705][629]LogNet:Warning: UIpNetDriver::ProcesRemoteFunction: No owning connection for actor BasicProjectile_BP2_C_46. Function OnHit will not be processed.
[2015.12.02-09.50.29:706][629]LogNet:Warning: UIpNetDriver::ProcesRemoteFunction: No owning connection for actor BasicProjectile_BP2_C_47. Function OnHit will not be processed.
[2015.12.02-09.50.29:748][634]LogNet:Warning: UIpNetDriver::ProcesRemoteFunction: No owning connection for actor BasicProjectile_BP2_C_64. Function OnHit will not be processed.
[2015.12.02-09.50.29:750][634]LogNet:Warning: UIpNetDriver::ProcesRemoteFunction: No owning connection for actor BasicProjectile_BP2_C_65. Function OnHit will not be processed.
[2015.12.02-09.50.29:782][638]LogNet:Warning: UIpNetDriver::ProcesRemoteFunction: No owning connection for actor BasicProjectile_BP2_C_67. Function OnHit will not be processed.
[2015.12.02-09.50.29:783][638]LogNet:Warning: UIpNetDriver::ProcesRemoteFunction: No owning connection for actor BasicProjectile_BP2_C_64. Function OnHit will not be processed.
[2015.12.02-09.50.29:784][638]LogNet:Warning: UIpNetDriver::ProcesRemoteFunction: No owning connection for actor BasicProjectile_BP2_C_68. Function OnHit will not be processed.
[2015.12.02-09.50.29:784][638]LogNet:Warning: UIpNetDriver::ProcesRemoteFunction: No owning connection for actor BasicProjectile_BP2_C_65. Function OnHit will not be processed.
[2015.12.02-09.50.29:860][647]LogNet:Warning: UIpNetDriver::ProcesRemoteFunction: No owning connection for actor BasicProjectile_BP2_C_31. Function OnHit will not be processed.
[2015.12.02-09.50.29:862][647]LogNet:Warning: UIpNetDriver::ProcesRemoteFunction: No owning connection for actor BasicProjectile_BP2_C_32. Function OnHit will not be processed.
[2015.12.02-09.50.29:895][651]LogNet:Warning: UIpNetDriver::ProcesRemoteFunction: No owning connection for actor BasicProjectile_BP2_C_49. Function OnHit will not be processed.
[2015.12.02-09.50.29:896][651]LogNet:Warning: UIpNetDriver::ProcesRemoteFunction: No owning connection for actor BasicProjectile_BP2_C_50. Function OnHit will not be processed.
[2015.12.02-09.50.29:903][652]LogNet:Warning: UIpNetDriver::ProcesRemoteFunction: No owning connection for actor BasicProjectile_BP2_C_61. Function OnHit will not be processed.
[2015.12.02-09.50.29:913][653]LogNet:Warning: UIpNetDriver::ProcesRemoteFunction: No owning connection for actor BasicProjectile_BP2_C_62. Function OnHit will not be processed.
[2015.12.02-09.50.29:936][656]LogNet:Warning: UIpNetDriver::ProcesRemoteFunction: No owning connection for actor BasicProjectile_BP2_C_52. Function OnHit will not be processed.
[2015.12.02-09.50.29:937][656]LogNet:Warning: UIpNetDriver::ProcesRemoteFunction: No owning connection for actor BasicProjectile_BP2_C_49. Function OnHit will not be processed.
[2015.12.02-09.50.29:937][656]LogNet:Warning: UIpNetDriver::ProcesRemoteFunction: No owning connection for actor BasicProjectile_BP2_C_67. Function OnHit will not be processed.
[2015.12.02-09.50.29:938][656]LogNet:Warning: UIpNetDriver::ProcesRemoteFunction: No owning connection for actor BasicProjectile_BP2_C_53. Function OnHit will not be processed.
[2015.12.02-09.50.29:938][656]LogNet:Warning: UIpNetDriver::ProcesRemoteFunction: No owning connection for actor BasicProjectile_BP2_C_50. Function OnHit will not be processed.
[2015.12.02-09.50.29:939][656]LogNet:Warning: UIpNetDriver::ProcesRemoteFunction: No owning connection for actor BasicProjectile_BP2_C_68. Function OnHit will not be processed.
[2015.12.02-09.50.29:946][657]LogNet:Warning: UIpNetDriver::ProcesRemoteFunction: No owning connection for actor BasicProjectile_BP2_C_67. Function OnHit will not be processed.
[2015.12.02-09.50.29:948][657]LogNet:Warning: UIpNetDriver::ProcesRemoteFunction: No owning connection for actor BasicProjectile_BP2_C_68. Function OnHit will not be processed.
[2015.12.02-09.50.29:955][658]LogNet:Warning: UIpNetDriver::ProcesRemoteFunction: No owning connection for actor BasicProjectile_BP2_C_67. Function OnHit will not be processed.
[2015.12.02-09.50.29:955][658]LogNet:Warning: UIpNetDriver::ProcesRemoteFunction: No owning connection for actor BasicProjectile_BP2_C_67. Function OnHit will not be processed.
[2015.12.02-09.50.30:031][667]LogNet:Warning: UIpNetDriver::ProcesRemoteFunction: No owning connection for actor BasicProjectile_BP2_C_46. Function OnHit will not be processed.
[2015.12.02-09.50.30:031][667]LogNet:Warning: UIpNetDriver::ProcesRemoteFunction: No owning connection for actor BasicProjectile_BP2_C_43. Function OnHit will not be processed.
[2015.12.02-09.50.30:040][668]LogNet:Warning: UIpNetDriver::ProcesRemoteFunction: No owning connection for actor BasicProjectile_BP2_C_47. Function OnHit will not be processed.
[2015.12.02-09.50.30:041][668]LogNet:Warning: UIpNetDriver::ProcesRemoteFunction: No owning connection for actor BasicProjectile_BP2_C_44. Function OnHit will not be processed.
[2015.12.02-09.50.30:090][674]LogNet:Warning: UIpNetDriver::ProcesRemoteFunction: No owning connection for actor BasicProjectile_BP2_C_46. Function OnHit will not be processed.
[2015.12.02-09.50.30:091][674]LogNet:Warning: UIpNetDriver::ProcesRemoteFunction: No owning connection for actor BasicProjectile_BP2_C_47. Function OnHit will not be processed.
[2015.12.02-09.50.30:123][678]LogNet:Warning: UIpNetDriver::ProcesRemoteFunction: No owning connection for actor BasicProjectile_BP2_C_40. Function OnHit will not be processed.
[2015.12.02-09.50.30:125][678]LogNet:Warning: UIpNetDriver::ProcesRemoteFunction: No owning connection for actor BasicProjectile_BP2_C_41. Function OnHit will not be processed.
[2015.12.02-09.50.30:140][680]LogNet:Warning: UIpNetDriver::ProcesRemoteFunction: No owning connection for actor BasicProjectile_BP2_C_37. Function OnHit will not be processed.
[2015.12.02-09.50.30:141][680]LogNet:Warning: UIpNetDriver::ProcesRemoteFunction: No owning connection for actor BasicProjectile_BP2_C_38. Function OnHit will not be processed.
[2015.12.02-09.50.30:150][681]LogNet:Warning: UIpNetDriver::ProcesRemoteFunction: No owning connection for actor BasicProjectile_BP2_C_43. Function OnHit will not be processed.
[2015.12.02-09.50.30:151][681]LogNet:Warning: UIpNetDriver::ProcesRemoteFunction: No owning connection for actor BasicProjectile_BP2_C_44. Function OnHit will not be processed.
[2015.12.02-09.50.30:176][684]LogNet:Warning: UIpNetDriver::ProcesRemoteFunction: No owning connection for actor BasicProjectile_BP2_C_70. Function OnHit will not be processed.
[2015.12.02-09.50.30:176][684]LogNet:Warning: UIpNetDriver::ProcesRemoteFunction: No owning connection for actor BasicProjectile_BP2_C_46. Function OnHit will not be processed.
[2015.12.02-09.50.30:177][684]LogNet:Warning: UIpNetDriver::ProcesRemoteFunction: No owning connection for actor BasicProjectile_BP2_C_71. Function OnHit will not be processed.
[2015.12.02-09.50.30:177][684]LogNet:Warning: UIpNetDriver::ProcesRemoteFunction: No owning connection for actor BasicProjectile_BP2_C_47. Function OnHit will not be processed.
[2015.12.02-09.50.30:243][692]LogNet:Warning: UIpNetDriver::ProcesRemoteFunction: No owning connection for actor BasicProjectile_BP2_C_70. Function OnHit will not be processed.
[2015.12.02-09.50.30:244][692]LogNet:Warning: UIpNetDriver::ProcesRemoteFunction: No owning connection for actor BasicProjectile_BP2_C_71. Function OnHit will not be processed.
[2015.12.02-09.50.30:318][701]LogNet:Warning: UIpNetDriver::ProcesRemoteFunction: No owning connection for actor BasicProjectile_BP2_C_59. Function OnHit will not be processed.
[2015.12.02-09.50.30:359][706]LogNet:Warning: UIpNetDriver::ProcesRemoteFunction: No owning connection for actor BasicProjectile_BP2_C_58. Function OnHit will not be processed.
[2015.12.02-09.50.30:443][716]LogNet:Warning: UIpNetDriver::ProcesRemoteFunction: No owning connection for actor BasicProjectile_BP2_C_61. Function OnHit will not be processed.
[2015.12.02-09.50.30:444][716]LogNet:Warning: UIpNetDriver::ProcesRemoteFunction: No owning connection for actor BasicProjectile_BP2_C_62. Function OnHit will not be processed.
[2015.12.02-09.50.30:976][780]LogNet:Warning: UIpNetDriver::ProcesRemoteFunction: No owning connection for actor B