[2015.11.11-11.05.22:437][  0]Log file open, 11/11/15 12:05:22
[2015.11.11-11.05.22:437][  0]LogInit:Display: Running engine for game: BOS
[2015.11.11-11.05.22:437][  0]LogInit:Display: RandInit(975980584) SRandInit(975980585).
[2015.11.11-11.05.22:437][  0]LogTaskGraph: Started task graph with 4 named threads and 7 total threads.
[2015.11.11-11.05.22:437][  0]LogStats: Stats thread started at 0.091565
[2015.11.11-11.05.22:437][  0]LogInit: Version: 4.9.2-2707645+++depot+UE4-Releases+4.9
[2015.11.11-11.05.22:437][  0]LogInit: API Version: 2672455
[2015.11.11-11.05.22:437][  0]LogInit: Compiled (64-bit): Sep 28 2015 10:25:44
[2015.11.11-11.05.22:437][  0]LogInit: Compiled with Visual C++: 18.00.21005.01
[2015.11.11-11.05.22:437][  0]LogInit: Build Configuration: Development
[2015.11.11-11.05.22:437][  0]LogInit: Branch Name: ++depot+UE4-Releases+4.9
[2015.11.11-11.05.22:437][  0]LogInit: Command line:  
[2015.11.11-11.05.22:437][  0]LogInit: Base directory: C:/Program Files/Epic Games/4.9/Engine/Binaries/Win64/
[2015.11.11-11.05.22:437][  0]LogInit: Rocket: 1
[2015.11.11-11.05.22:453][  0]LogInit: Using libcurl 7.41.0
[2015.11.11-11.05.22:453][  0]LogInit:  - built for x86_64-pc-win32
[2015.11.11-11.05.22:453][  0]LogInit:  - supports SSL with WinSSL
[2015.11.11-11.05.22:453][  0]LogInit:  - other features:
[2015.11.11-11.05.22:453][  0]LogInit:      CURL_VERSION_SSL
[2015.11.11-11.05.22:453][  0]LogInit:      CURL_VERSION_IPV6
[2015.11.11-11.05.22:453][  0]LogInit:      CURL_VERSION_ASYNCHDNS
[2015.11.11-11.05.22:453][  0]LogInit:      CURL_VERSION_LARGEFILE
[2015.11.11-11.05.22:453][  0]LogInit:      CURL_VERSION_IDN
[2015.11.11-11.05.22:453][  0]LogInit:  CurlRequestOptions (configurable via config and command line):
[2015.11.11-11.05.22:453][  0]LogInit:  - bVerifyPeer = true  - Libcurl will verify peer certificate
[2015.11.11-11.05.22:453][  0]LogInit:  - bUseHttpProxy = false  - Libcurl will NOT use HTTP proxy
[2015.11.11-11.05.22:453][  0]LogInit:  - bDontReuseConnections = false  - Libcurl will reuse connections
[2015.11.11-11.05.22:453][  0]LogInit:  - CertBundlePath = nullptr  - Libcurl will use whatever was configured at build time.
[2015.11.11-11.05.22:453][  0]LogInit: Presizing for 0 objects not considered by GC, pre-allocating 0 bytes.
[2015.11.11-11.05.22:453][  0]LogInit: Object subsystem initialized
[2015.11.11-11.05.22:453][  0]LogInit: Selected Device Profile: [Windows]
[2015.11.11-11.05.22:453][  0]LogInit: Applying CVar settings loaded from the selected device profile: [Windows]
[2015.11.11-11.05.22:476][  0]LogInit: Computer: SpellabbA332-06
[2015.11.11-11.05.22:476][  0]LogInit: User: Spellabbet
[2015.11.11-11.05.22:476][  0]LogInit: CPU Page size=4096, Cores=4
[2015.11.11-11.05.22:476][  0]LogInit: High frequency timer resolution =3.507520 MHz
[2015.11.11-11.05.22:476][  0]LogMemory: Memory total: Physical=15.9GB (16GB approx)
[2015.11.11-11.05.22:476][  0]LogMemory: Platform Memory Stats for Windows
[2015.11.11-11.05.22:476][  0]LogMemory: Process Physical Memory: 52.46 MB used, 52.46 MB peak
[2015.11.11-11.05.22:476][  0]LogMemory: Process Virtual Memory: 55.04 MB used, 55.04 MB peak
[2015.11.11-11.05.22:476][  0]LogMemory: Physical Memory: 3448.22 MB used, 16318.82 MB total
[2015.11.11-11.05.22:476][  0]LogMemory: Virtual Memory: 347.38 MB used, 134217728.00 MB total
[2015.11.11-11.05.22:500][  0]LogTextLocalizationManager: No translations for ('sv-SE') exist, falling back to 'en' for localization and internationalization data.
[2015.11.11-11.05.23:094][  0]LogD3D11RHI: Found D3D11 adapter 0: NVIDIA GeForce GTX 960 (Feature Level 11_0)
[2015.11.11-11.05.23:094][  0]LogD3D11RHI: Adapter has 1965MB of dedicated video memory, 0MB of dedicated system memory, and 2048MB of shared system memory, 1 output[s]
[2015.11.11-11.05.23:095][  0]LogD3D11RHI: Found D3D11 adapter 1: Microsoft Basic Render Driver (Feature Level 11_0)
[2015.11.11-11.05.23:095][  0]LogD3D11RHI: Adapter has 0MB of dedicated video memory, 0MB of dedicated system memory, and 256MB of shared system memory, 0 output[s]
[2015.11.11-11.05.23:095][  0]LogD3D11RHI: Chosen D3D11 Adapter Id = 0
[2015.11.11-11.05.23:098][  0]LogD3D11RHI: !Direct3DDevice
[2015.11.11-11.05.23:098][  0]LogRHI: Texture pool is 1361 MB (70% of 1945 MB)
[2015.11.11-11.05.23:106][  0]LogD3D11RHI: Async texture creation enabled
[2015.11.11-11.05.23:122][  0]LogShaderCompilers: Guid format shader working directory is 15 characters bigger than the processId version (../../../../../../Users/Spellabbet/Documents/GitHub/Balls-of-steel/BOS/Intermediate/Shaders/WorkingDirectory/4980/).
[2015.11.11-11.05.23:122][  0]LogShaderCompilers: Cleaned the shader compiler working directory '../../../../../../Users/Spellabbet/Documents/GitHub/Balls-of-steel/BOS/Intermediate/Shaders/tmp/8EBD56EC40C54A293E5B859FF1A30BA7/'.
[2015.11.11-11.05.23:122][  0]LogShaderCompilers:Display: Using Local Shader Compiler.
[2015.11.11-11.05.23:977][  0]LogTemp:Display: Loaded TP AllDesktopTargetPlatform
[2015.11.11-11.05.23:981][  0]LogTemp:Display: Loaded TP WindowsClientTargetPlatform
[2015.11.11-11.05.23:985][  0]LogTemp:Display: Loaded TP WindowsNoEditorTargetPlatform
[2015.11.11-11.05.23:989][  0]LogTemp:Display: Loaded TP WindowsServerTargetPlatform
[2015.11.11-11.05.23:993][  0]LogTemp:Display: Loaded TP WindowsTargetPlatform
[2015.11.11-11.05.23:995][  0]LogTemp:Display: Loaded TP AndroidTargetPlatform
[2015.11.11-11.05.23:998][  0]LogTemp:Display: Loaded TP Android_ASTCTargetPlatform
[2015.11.11-11.05.24:000][  0]LogTemp:Display: Loaded TP Android_ATCTargetPlatform
[2015.11.11-11.05.24:003][  0]LogTemp:Display: Loaded TP Android_DXTTargetPlatform
[2015.11.11-11.05.24:006][  0]LogTemp:Display: Loaded TP Android_ETC1TargetPlatform
[2015.11.11-11.05.24:008][  0]LogTemp:Display: Loaded TP Android_ETC2TargetPlatform
[2015.11.11-11.05.24:011][  0]LogTemp:Display: Loaded TP Android_PVRTCTargetPlatform
[2015.11.11-11.05.24:011][  0]LogTemp:Display: Loaded TP HTML5TargetPlatform
[2015.11.11-11.05.24:027][  0]LogTemp:Display: Loaded TP IOSTargetPlatform
[2015.11.11-11.05.24:029][  0]LogTemp:Display: Loaded TP LinuxNoEditorTargetPlatform
[2015.11.11-11.05.24:032][  0]LogTemp:Display: Loaded TP LinuxServerTargetPlatform
[2015.11.11-11.05.24:034][  0]LogTemp:Display: Loaded TP LinuxTargetPlatform
[2015.11.11-11.05.24:034][  0]LogTargetPlatformManager:Display: Building Assets For Windows
[2015.11.11-11.05.24:095][  0]LogDerivedDataCache:Display: Max Cache Size: 512 MB
[2015.11.11-11.05.24:130][  0]LogDerivedDataCache: Loaded boot cache 0.04s 46MB C:/Users/Spellabbet/AppData/Local/UnrealEngine/4.9/DerivedDataCache/Boot.ddc.
[2015.11.11-11.05.24:130][  0]LogDerivedDataCache:Display: Loaded Boot cache: C:/Users/Spellabbet/AppData/Local/UnrealEngine/4.9/DerivedDataCache/Boot.ddc
[2015.11.11-11.05.24:130][  0]LogDerivedDataCache: FDerivedDataBackendGraph:  Pak pak cache file ../../../../../../Users/Spellabbet/Documents/GitHub/Balls-of-steel/BOS/DerivedDataCache/DDC.ddp not found, will not use a pak cache.
[2015.11.11-11.05.24:130][  0]LogDerivedDataCache: Unable to find inner node Pak for hierarchical cache Hierarchy.
[2015.11.11-11.05.24:130][  0]LogDerivedDataCache: FDerivedDataBackendGraph:  CompressedPak pak cache file ../../../../../../Users/Spellabbet/Documents/GitHub/Balls-of-steel/BOS/DerivedDataCache/Compressed.ddp not found, will not use a pak cache.
[2015.11.11-11.05.24:130][  0]LogDerivedDataCache: Unable to find inner node CompressedPak for hierarchical cache Hierarchy.
[2015.11.11-11.05.24:235][  0]LogDerivedDataCache:Display: Pak cache opened for reading ../../../Engine/DerivedDataCache/Compressed.ddp.
[2015.11.11-11.05.24:247][  0]LogDerivedDataCache: Using Local data cache path C:/Users/Spellabbet/AppData/Local/UnrealEngine/Common/DerivedDataCache: Writable
[2015.11.11-11.05.24:375][  0]LogInit: Selected Device Profile: [Windows]
[2015.11.11-11.05.24:377][  0]LogContentStreaming: Texture pool size is 0.000000MB
[2015.11.11-11.05.24:473][  0]LogMeshUtilities: No automatic mesh reduction module available
[2015.11.11-11.05.24:473][  0]LogMeshUtilities: No automatic mesh merging module available
[2015.11.11-11.05.24:649][  0]LogInit: WinSock: version 1.1 (2.2), MaxSocks=32767, MaxUdp=65467
[2015.11.11-11.05.25:167][  0]UdpMessaging: Initializing bridge on interface 0.0.0.0:0 to multicast group 230.0.0.1:6666.
[2015.11.11-11.05.25:253][  0]LogLinker:Warning: Asset '../../../../../../Users/Spellabbet/Documents/GitHub/Balls-of-steel/BOS/Content/Rolling/Meshes/BallMesh.uasset' has been saved with empty engine version. The asset will be loaded but may be incompatible.
[2015.11.11-11.05.25:254][  0]LogLinker:Warning: Asset '../../../../../../Users/Spellabbet/Documents/GitHub/Balls-of-steel/BOS/Content/Rolling/Materials/M_Blue_Checker.uasset' has been saved with empty engine version. The asset will be loaded but may be incompatible.
[2015.11.11-11.05.25:254][  0]LogLinker:Warning: Asset '../../../../../../Users/Spellabbet/Documents/GitHub/Balls-of-steel/BOS/Content/Rolling/Materials/PM_Ball.uasset' has been saved with empty engine version. The asset will be loaded but may be incompatible.
[2015.11.11-11.05.25:371][  0]LogAssetRegistry: FAssetRegistry took 0.0113 seconds to start up
[2015.11.11-11.05.25:487][  0]SourceControl: Info Source control is disabled
[2015.11.11-11.05.25:493][  0]SourceControl: Info Source control is disabled
[2015.11.11-11.05.25:501][  0]SourceControl: Info Source control is disabled
[2015.11.11-11.05.25:509][  0]SourceControl: Info Source control is disabled
[2015.11.11-11.05.25:614][  0]LogLinker:Warning: Asset '../../../Engine/Plugins/Runtime/LeapMotionController/Content/LM_PassthroughMaterial.uasset' has been saved with empty engine version. The asset will be loaded but may be incompatible.
[2015.11.11-11.05.25:671][  0]LogObj: 29658 objects as part of root set at end of initial load.
[2015.11.11-11.05.25:671][  0]LogUObjectAllocator: 6508672 out of 0 bytes used by permanent object pool.
[2015.11.11-11.05.25:717][  0]LogEngine: Initializing Engine...
[2015.11.11-11.05.25:718][  0]LogHMD: Can't find Oculus library dev build: is proper Runtime installed? Version: 0.7.0.0
[2015.11.11-11.05.25:719][  0]LogHMD: SteamVR failed to initialize.  Err: 110
[2015.11.11-11.05.25:813][  0]LogAIModule: Creating AISystem for world NewWorld
[2015.11.11-11.05.25:818][  0]LogInit: XAudio2 using 'Speakers (4- High Definition Audio Device)' : 2 channels at 44.1 kHz using 16 bits per sample (channel mask 0x3)
[2015.11.11-11.05.25:828][  0]LogInit: FAudioDevice initialized.
[2015.11.11-11.05.25:846][  0]LogDerivedDataCache: Saved boot cache 0.02s 46MB C:/Users/Spellabbet/AppData/Local/UnrealEngine/4.9/DerivedDataCache/Boot.ddc.
[2015.11.11-11.05.25:851][  0]LogInit: Texture streaming: Enabled
[2015.11.11-11.05.25:854][  0]LogAnalytics: Creating configured Analytics provider AnalyticsET
[2015.11.11-11.05.25:854][  0]LogAnalytics: [UEEditor.Rocket.Release] APIServer = http://et2.epicgames.com/ET2/. AppVersion = 4.9.2-2707645+++depot+UE4-Releases+4.9
[2015.11.11-11.05.25:855][  0]LogAnalytics: [UEEditor.Rocket.Release] SetUserId 45933c9447afbf6f1ab999917f6accd0|8471e16762be488588a110ad13c08bd6|060e5e79-a789-49c4-8abd-5d8b330400a7
[2015.11.11-11.05.25:855][  0]LogAnalytics: [UEEditor.Rocket.Release] AnalyticsET::StartSession
[2015.11.11-11.05.25:870][  0]LogInit: Transaction tracking system initialized
[2015.11.11-11.05.25:892][  0]BlueprintLog: New page: Editor Load
[2015.11.11-11.05.25:952][  0]LocalizationService: Info Localization service is disabled
[2015.11.11-11.05.26:006][  0]LogConsoleResponse:Display: 
[2015.11.11-11.05.26:091][  0]LogCook:Display: Done creating registry. It took  0.00s.
[2015.11.11-11.05.26:134][  0]LogFileCache: Scanning file cache for directory 'C:/Users/Spellabbet/Documents/GitHub/Balls-of-steel/BOS/Content/' took 0.01s
[2015.11.11-11.05.26:134][  0]SourceControl: Info Source control is disabled
[2015.11.11-11.05.26:134][  0]Cmd: MAP LOAD FILE="../../../../../../Users/Spellabbet/Documents/GitHub/Balls-of-steel/BOS/Content/Maps/MainMenu.umap" TEMPLATE=0 SHOWPROGRESS=1 FEATURELEVEL=3
[2015.11.11-11.05.26:134][  0]LightingResults: New page: Lighting Build
[2015.11.11-11.05.26:137][  0]MapCheck: New page: Map Check
[2015.11.11-11.05.26:137][  0]LightingResults: New page: Lighting Build
[2015.11.11-11.05.26:145][  0]LogParticles: Destroying 0 GPU particle simulations for FXSystem 0x00000034F0698400
[2015.11.11-11.05.26:240][  0]LogAIModule: Creating AISystem for world MainMenu
[2015.11.11-11.05.26:247][  0]LogEditorServer: Finished looking for orphan Actors (0.000 secs)
[2015.11.11-11.05.26:248][  0]Cmd: MAP CHECKDEP NOCLEARLOG
[2015.11.11-11.05.26:280][  0]MapCheck: Info Map check complete: 0 Error(s), 0 Warning(s), took 32.427ms to complete.
[2015.11.11-11.05.26:280][  0]LogFileHelpers: Loading map 'MainMenu' took 0.146
[2015.11.11-11.05.26:370][  0]LogCollectionManager: Loaded 0 collections in 0.001490 seconds
[2015.11.11-11.05.26:411][  0]LogFileCache: Scanning file cache for directory 'C:/Users/Spellabbet/Documents/GitHub/Balls-of-steel/BOS/Saved/Collections/' took 0.01s
[2015.11.11-11.05.26:411][  0]LogFileCache: Scanning file cache for directory 'C:/Users/Spellabbet/Documents/GitHub/Balls-of-steel/BOS/Content/Developers/Spellabbet/Collections/' took 0.01s
[2015.11.11-11.05.26:411][  0]LogFileCache: Scanning file cache for directory 'C:/Users/Spellabbet/Documents/GitHub/Balls-of-steel/BOS/Content/Collections/' took 0.01s
[2015.11.11-11.05.26:411][  0]LogContentBrowser: Native class hierarchy populated in 0.0069 seconds. Added 1875 classes and 335 folders.
[2015.11.11-11.05.26:415][  0]LogCollectionManager: Rebuilt the GUID cache for 0 collections in 0.000002 seconds
[2015.11.11-11.05.26:420][  0]LogContentBrowser: Native class hierarchy updated for 'WidgetCarousel' in 0.0008 seconds. Added 0 classes and 0 folders.
[2015.11.11-11.05.26:450][  0]LogContentBrowser: Native class hierarchy updated for 'AddContentDialog' in 0.0009 seconds. Added 0 classes and 0 folders.
[2015.11.11-11.05.26:457][  0]LogContentBrowser: Native class hierarchy updated for 'SceneOutliner' in 0.0009 seconds. Added 1 classes and 2 folders.
[2015.11.11-11.05.26:497][  0]LogCrashTracker: Crashtracker disabled due to settings.
[2015.11.11-11.05.26:501][  0]LogUObjectGlobals:Warning: Failed to find object 'Class None.'
[2015.11.11-11.05.26:523][  0]LogLoad: Full Startup: 4.80 seconds (BP compile: 0.03 seconds)
[2015.11.11-11.05.26:565][  0]LogContentStreaming: Texture pool size now 1000 MB
[2015.11.11-11.05.26:659][  0]LogRenderer: Reallocating scene render targets to support 1208x556 (Frame:2).
[2015.11.11-11.05.31:650][347]LogSynthBenchmark:Display: FSynthBenchmark (V0.95):  requested WorkScale=1.00
[2015.11.11-11.05.31:650][347]LogSynthBenchmark:Display: ===============
[2015.11.11-11.05.31:650][347]LogSynthBenchmark:Display: Main Processor:
[2015.11.11-11.05.31:716][347]LogSynthBenchmark:Display:          ... 0.045694 s/Run 'RayIntersect'
[2015.11.11-11.05.31:716][347]LogSynthBenchmark:Display:          ... 0.019579 s/Run 'Fractal'
[2015.11.11-11.05.31:716][347]LogSynthBenchmark:Display: 
[2015.11.11-11.05.31:716][347]LogSynthBenchmark:Display:   CompiledTarget_x_Bits: 64
[2015.11.11-11.05.31:716][347]LogSynthBenchmark:Display:   UE_BUILD_SHIPPING: 0
[2015.11.11-11.05.31:716][347]LogSynthBenchmark:Display:   UE_BUILD_TEST: 0
[2015.11.11-11.05.31:716][347]LogSynthBenchmark:Display:   UE_BUILD_DEBUG: 0
[2015.11.11-11.05.31:716][347]LogSynthBenchmark:Display:   TotalPhysicalGBRam: 16
[2015.11.11-11.05.31:716][347]LogSynthBenchmark:Display:   NumberOfCores (physical): 4
[2015.11.11-11.05.31:716][347]LogSynthBenchmark:Display:   NumberOfCores (logical): 8
[2015.11.11-11.05.31:716][347]LogSynthBenchmark:Display:   CPU Perf Index 0: 56.0
[2015.11.11-11.05.31:716][347]LogSynthBenchmark:Display:   CPU Perf Index 1: 146.1
[2015.11.11-11.05.31:716][347]LogSynthBenchmark:Display:  
[2015.11.11-11.05.31:716][347]LogSynthBenchmark:Display: Graphics:
[2015.11.11-11.05.31:716][347]LogSynthBenchmark:Display:   Adapter Name: 'NVIDIA GeForce GTX 960'
[2015.11.11-11.05.31:716][347]LogSynthBenchmark:Display:   (On Optimus the name might be wrong, memory should be ok)
[2015.11.11-11.05.31:716][347]LogSynthBenchmark:Display:   Vendor Id: 0x10de
[2015.11.11-11.05.31:716][347]LogSynthBenchmark:Display:   GPU Memory: 1966/0/2049 MB
[2015.11.11-11.05.31:716][347]LogSynthBenchmark:Display:   CPUIndex: 56.0
[2015.11.11-11.05.31:716][347]LogSynthBenchmark:Display:   GPUIndex: -1.$
[2015.11.11-11.05.31:716][347]LogSynthBenchmark:Display: 
[2015.11.11-11.05.31:716][347]LogSynthBenchmark:Display:          ... Total Time: 0.065857 sec
[2015.11.11-11.05.35:338][357]LogAssetRegistry: Asset discovery search completed in 9.9788 seconds
[2015.11.11-11.05.35:338][357]LogCollectionManager: Rebuilt the object cache for 0 collections in 0.000001 seconds (found 0 objects)
[2015.11.11-11.05.35:339][357]LogCollectionManager: Fixed up redirectors for 0 collections in 0.000058 seconds (updated 0 objects)
[2015.11.11-11.05.47:323][810]LogMaterial: Missing cached shader map for material settransparent, compiling. 
[2015.11.11-11.05.47:889][810]LogAIModule: Creating AISystem for world Map1
[2015.11.11-11.05.48:070][810]Cmd: MAP LOAD FILE="../../../../../../Users/Spellabbet/Documents/GitHub/Balls-of-steel/BOS/Content/Maps/Map1.umap" TEMPLATE=0 SHOWPROGRESS=1 FEATURELEVEL=3
[2015.11.11-11.05.48:070][810]LightingResults: New page: Lighting Build
[2015.11.11-11.05.48:084][810]LoadErrors: New page: Loading map: Map1.umap
[2015.11.11-11.05.48:085][810]MapCheck: New page: Map Check
[2015.11.11-11.05.48:085][810]LightingResults: New page: Lighting Build
[2015.11.11-11.05.48:094][810]LogParticles: Destroying 0 GPU particle simulations for FXSystem 0x00000034DC6D7B00
[2015.11.11-11.05.48:381][810]LogEditorServer: Finished looking for orphan Actors (0.000 secs)
[2015.11.11-11.05.48:428][810]Cmd: MAP CHECKDEP NOCLEARLOG
[2015.11.11-11.05.48:466][810]MapCheck: Info Map check complete: 0 Error(s), 0 Warning(s), took 37.857ms to complete.
[2015.11.11-11.05.48:466][810]LogFileHelpers: Loading map 'Map1' took 0.397
[2015.11.11-11.05.50:617][ 19]LogBlueprintUserMessages: Early PlayInEditor Detection: Level '/Game/Maps/Map1.Map1:PersistentLevel' has LevelScriptBlueprint '/Game/Maps/Map1.Map1:PersistentLevel.Map1' with GeneratedClass '/Game/Maps/Map1.Map1_C' with ClassGeneratedBy '/Game/Maps/Map1.Map1:PersistentLevel.Map1'
[2015.11.11-11.05.50:618][ 19]LogPlayLevel: PlayLevel: No blueprints needed recompiling
[2015.11.11-11.05.50:618][ 19]PIE: New page: PIE session: Map1 (Nov 11, 2015, 1:05:50 PM)
[2015.11.11-11.05.50:619][ 19]LogPlayLevel: Creating play world package: /Game/Maps/UEDPIE_0_Map1
[2015.11.11-11.05.50:644][ 19]LogPlayLevel: PIE: StaticDuplicateObject took: (0.025497s)
[2015.11.11-11.05.50:645][ 19]LogAIModule: Creating AISystem for world Map1
[2015.11.11-11.05.50:646][ 19]LogPlayLevel: PIE: World Init took: (0.001528s)
[2015.11.11-11.05.50:646][ 19]LogPlayLevel: PIE: Created PIE world by copying editor world from /Game/Maps/Map1.Map1 to /Game/Maps/UEDPIE_0_Map1.Map1 (0.027317s)
[2015.11.11-11.05.50:664][ 19]LogInit: XAudio2 using 'Speakers (4- High Definition Audio Device)' : 2 channels at 44.1 kHz using 16 bits per sample (channel mask 0x3)
[2015.11.11-11.05.50:669][ 19]LogInit: FAudioDevice initialized.
[2015.11.11-11.05.50:941][ 19]LogWorld: Game class is 'BOSGameMode'
[2015.11.11-11.05.50:994][ 19]LogWorld: Bringing World /Game/Maps/UEDPIE_0_Map1.Map1 up for play (max tick rate 0) at 2015.11.11-12.05.50
[2015.11.11-11.05.50:994][ 19]LogActor:Warning: GameSession /Game/Maps/UEDPIE_0_Map1.Map1:PersistentLevel.GameSession_0 has natively added scene component(s), but none of them were set as the actor's RootComponent - picking one arbitrarily
[2015.11.11-11.05.50:994][ 19]LogActor:Warning: GameNetworkManager /Game/Maps/UEDPIE_0_Map1.Map1:PersistentLevel.GameNetworkManager_0 has natively added scene component(s), but none of them were set as the actor's RootComponent - picking one arbitrarily
[2015.11.11-11.05.51:120][ 19]LogWorld: Bringing up level for play took: 0.134668
[2015.11.11-11.05.51:202][ 19]PIE: Info Play in editor start time for /Game/Maps/UEDPIE_0_Map1 1.22
[2015.11.11-11.05.51:203][ 19]LogBlueprintUserMessages: Late PlayInEditor Detection: Level '/Game/Maps/Map1.Map1:PersistentLevel' has LevelScriptBlueprint '/Game/Maps/Map1.Map1:PersistentLevel.Map1' with GeneratedClass '/Game/Maps/Map1.Map1_C' with ClassGeneratedBy '/Game/Maps/Map1.Map1:PersistentLevel.Map1'
[2015.11.11-11.06.01:159][170]LogBlueprintUserMessages: Early EndPlayMap Detection: Level '/Game/Maps/Map1.Map1:PersistentLevel' has LevelScriptBlueprint '/Game/Maps/Map1.Map1:PersistentLevel.Map1' with GeneratedClass '/Game/Maps/Map1.Map1_C' with ClassGeneratedBy '/Game/Maps/Map1.Map1:PersistentLevel.Map1'
[2015.11.11-11.06.01:277][170]LogBlueprintUserMessages: Late EndPlayMap Detection: Level '/Game/Maps/Map1.Map1:PersistentLevel' has LevelScriptBlueprint '/Game/Maps/Map1.Map1:PersistentLevel.Map1' with GeneratedClass '/Game/Maps/Map1.Map1_C' with ClassGeneratedBy '/Game/Maps/Map1.Map1:PersistentLevel.Map1'
[2015.11.11-11.06.01:310][170]LogParticles: Destroying 0 GPU particle simulations for FXSystem 0x00000034DE547880
[2015.11.11-11.06.12:023][445]LogBlueprintUserMessages: Early PlayInEditor Detection: Level '/Game/Maps/Map1.Map1:PersistentLevel' has LevelScriptBlueprint '/Game/Maps/Map1.Map1:PersistentLevel.Map1' with GeneratedClass '/Game/Maps/Map1.Map1_C' with ClassGeneratedBy '/Game/Maps/Map1.Map1:PersistentLevel.Map1'
[2015.11.11-11.06.12:024][445]LogPlayLevel: PlayLevel: No blueprints needed recompiling
[2015.11.11-11.06.12:024][445]PIE: New page: PIE session: Map1 (Nov 11, 2015, 1:06:12 PM)
[2015.11.11-11.06.12:024][445]LogPlayLevel: Creating play world package: /Game/Maps/UEDPIE_0_Map1
[2015.11.11-11.06.12:042][445]LogPlayLevel: PIE: StaticDuplicateObject took: (0.017969s)
[2015.11.11-11.06.12:042][445]LogAIModule: Creating AISystem for world Map1
[2015.11.11-11.06.12:043][445]LogPlayLevel: PIE: World Init took: (0.000873s)
[2015.11.11-11.06.12:043][445]LogPlayLevel: PIE: Created PIE world by copying editor world from /Game/Maps/Map1.Map1 to /Game/Maps/UEDPIE_0_Map1.Map1 (0.019119s)
[2015.11.11-11.06.12:043][445]LogActorComponent: UnregisterComponent: (/Engine/Transient.ProjectileComp) Not registered. Aborting.
[2015.11.11-11.06.12:043][445]LogActorComponent: UnregisterComponent: (/Engine/Transient.ProjectileMovementComponent_0) Not registered. Aborting.
[2015.11.11-11.06.12:061][445]LogInit: XAudio2 using 'Speakers (4- High Definition Audio Device)' : 2 channels at 44.1 kHz using 16 bits per sample (channel mask 0x3)
[2015.11.11-11.06.12:066][445]LogInit: FAudioDevice initialized.
[2015.11.11-11.06.12:097][445]LogWorld: Game class is 'BOSGameMode'
[2015.11.11-11.06.12:105][445]LogWorld: Bringing World /Game/Maps/UEDPIE_0_Map1.Map1 up for play (max tick rate 0) at 2015.11.11-12.06.12
[2015.11.11-11.06.12:105][445]LogActor:Warning: GameSession /Game/Maps/UEDPIE_0_Map1.Map1:PersistentLevel.GameSession_1 has natively added scene component(s), but none of them were set as the actor's RootComponent - picking one arbitrarily
[2015.11.11-11.06.12:105][445]LogActor:Warning: GameNetworkManager /Game/Maps/UEDPIE_0_Map1.Map1:PersistentLevel.GameNetworkManager_1 has natively added scene component(s), but none of them were set as the actor's RootComponent - picking one arbitrarily
[2015.11.11-11.06.12:106][445]LogWorld: Bringing up level for play took: 0.007798
[2015.11.11-11.06.12:107][445]PIE: Info Play in editor start time for /Game/Maps/UEDPIE_0_Map1 0.124
[2015.11.11-11.06.12:107][445]LogBlueprintUserMessages: Late PlayInEditor Detection: Level '/Game/Maps/Map1.Map1:PersistentLevel' has LevelScriptBlueprint '/Game/Maps/Map1.Map1:PersistentLevel.Map1' with GeneratedClass '/Game/Maps/Map1.Map1_C' with ClassGeneratedBy '/Game/Maps/Map1.Map1:PersistentLevel.Map1'
[2015.11.11-11.06.15:468][845]LogBlueprintUserMessages: Early EndPlayMap Detection: Level '/Game/Maps/Map1.Map1:PersistentLevel' has LevelScriptBlueprint '/Game/Maps/Map1.Map1:PersistentLevel.Map1' with GeneratedClass '/Game/Maps/Map1.Map1_C' with ClassGeneratedBy '/Game/Maps/Map1.Map1:PersistentLevel.Map1'
[2015.11.11-11.06.15:495][845]LogBlueprintUserMessages: Late EndPlayMap Detection: Level '/Game/Maps/Map1.Map1:PersistentLevel' has LevelScriptBlueprint '/Game/Maps/Map1.Map1:PersistentLevel.Map1' with GeneratedClass '/Game/Maps/Map1.Map1_C' with ClassGeneratedBy '/Game/Maps/Map1.Map1:PersistentLevel.Map1'
[2015.11.11-11.06.15:504][845]LogParticles: Destroying 0 GPU particle simulations for FXSystem 0x00000034E434E520
[2015.11.11-11.06.33:994][890]LogVSAccessor:Warning: Visual Studio is open but could not be queried - it may be blocked by a modal operation
[2015.11.11-11.06.34:664][891]LogVSAccessor:Warning: Couldn't goto line number '0' in 'C:/Users/Spellabbet/Documents/GitHub/Balls-of-steel/BOS/Source/BOS/BOSGameMode.h'
[2015.11.11-11.06.34:718][891]LogVSAccessor:Warning: Couldn't goto line number '0' in 'C:/Users/Spellabbet/Documents/GitHub/Balls-of-steel/BOS/Source/BOS/BOSGameMode.cpp'
[2015.11.11-11.06.47:933][418]LogVSAccessor:Warning: Couldn't goto line number '0' in 'C:/Users/Spellabbet/Documents/GitHub/Balls-of-steel/BOS/Source/BOS/BOSBall.h'
[2015.11.11-11.06.48:039][418]LogVSAccessor:Warning: Couldn't goto line number '0' in 'C:/Users/Spellabbet/Documents/GitHub/Balls-of-steel/BOS/Source/BOS/BOSBall.cpp'
[2015.11.11-11.07.19:691][493]Recompiling BOS...
[2015.11.11-11.07.19:691][493]Launching UnrealBuildTool... [C:/Program Files/Epic Games/4.9/Engine/Binaries/DotNET/UnrealBuildTool.exe BOS -ModuleWithSuffix BOS 814 Win64 Development -editorrecompile -canskiplink "C:/Users/Spellabbet/Documents/GitHub/Balls-of-steel/BOS/BOS.uproject" -rocket  -rocket]
[2015.11.11-11.07.19:692][493]Warning: Starting HotReload took  0.0s.
[2015.11.11-11.09.07:556][413]CompilerResultsLog: New page: Compilation - Nov 11, 2015, 1:09:07 PM
[2015.11.11-11.09.07:557][413]CompilerResultsLog: Info Creating makefile for hot reloading BOS (game project files are newer)
[2015.11.11-11.09.07:557][413]CompilerResultsLog: Info Compiling game modules for hot reload
[2015.11.11-11.09.07:557][413]CompilerResultsLog: Info Parsing headers for BOSEditor
[2015.11.11-11.09.07:557][413]CompilerResultsLog: Info   Running UnrealHeaderTool "C:/Users/Spellabbet/Documents/GitHub/Balls-of-steel/BOS/BOS.uproject" "C:\Users\Spellabbet\Documents\GitHub\Balls-of-steel\BOS\Intermediate\Build\Win64\BOSEditor\Development\UnrealHeaderTool.manifest" -LogCmds="loginit warning, logexit warning, logdatabase error" -rocket -installed
[2015.11.11-11.09.07:557][413]CompilerResultsLog: Info Reflection code generated for BOSEditor in 9,9458044 seconds
[2015.11.11-11.09.07:557][413]CompilerResultsLog: Info Performing 14 actions (4 in parallel)
[2015.11.11-11.09.07:557][413]CompilerResultsLog: Info [2/14] Resource PCLaunch.rc
[2015.11.11-11.09.07:557][413]CompilerResultsLog: Info [3/14] Resource ModuleVersionResource.rc.inl
[2015.11.11-11.09.07:557][413]CompilerResultsLog: Info PCH.BOS.h.cpp
[2015.11.11-11.09.07:557][413]CompilerResultsLog: Info BOSBall.cpp
[2015.11.11-11.09.07:557][413]CompilerResultsLog: Info BallController.cpp
[2015.11.11-11.09.07:557][413]CompilerResultsLog: Info BOS.cpp
[2015.11.11-11.09.07:557][413]CompilerResultsLog: Info BasicProjectile.cpp
[2015.11.11-11.09.07:557][413]CompilerResultsLog: Info BOSGameMode.cpp
[2015.11.11-11.09.07:557][413]CompilerResultsLog: Info BOSGameState.cpp
[2015.11.11-11.09.07:557][413]CompilerResultsLog: Info BOSPlayerStart.cpp
[2015.11.11-11.09.07:557][413]CompilerResultsLog: Info BOSPlayerState.cpp
[2015.11.11-11.09.07:557][413]CompilerResultsLog: Info CameraDirector.cpp
[2015.11.11-11.09.07:557][413]CompilerResultsLog: Info BOS.generated.cpp
[2015.11.11-11.09.07:557][413]CompilerResultsLog: Info [14/14] Link UE4Editor-BOS-814.dll
[2015.11.11-11.09.07:557][413]CompilerResultsLog: Info    Creating library C:\Users\Spellabbet\Documents\GitHub\Balls-of-steel\BOS\Intermediate/Build/Win64\UE4Editor\Development\UE4Editor-BOS-814.lib and object C:\Users\Spellabbet\Documents\GitHub\Balls-of-steel\BOS\Intermediate/Build/Win64\UE4Editor\Development\UE4Editor-BOS-814.exp
[2015.11.11-11.09.07:557][413]CompilerResultsLog: Info -------- End Detailed Actions Stats -----------------------------------------------------------
[2015.11.11-11.09.07:557][413]CompilerResultsLog: Info Total build time: 107,84 seconds
[2015.11.11-11.09.07:557][413]LogMainFrame: MainFrame: Module compiling took 107.868 seconds
[2015.11.11-11.09.07:558][413]LogActorComponent: UnregisterComponent: (/Engine/Transient.ProjectileComp) Not registered. Aborting.
[2015.11.11-11.09.07:558][413]LogActorComponent: UnregisterComponent: (/Engine/Transient.ProjectileMovementComponent_1) Not registered. Aborting.
[2015.11.11-11.09.07:707][413]LogClass: Could not find existing class BasicProjectile in package /Script/BOS for HotReload, assuming new class
[2015.11.11-11.09.07:707][413]LogClass: Function OnHit is new.
[2015.11.11-11.09.07:707][413]LogClass: Could not find existing class BOSBall in package /Script/BOS for HotReload, assuming new class
[2015.11.11-11.09.07:707][413]LogClass: Function Add_Impulse is new.
[2015.11.11-11.09.07:707][413]LogClass: Function Add_PitchCamera is new.
[2015.11.11-11.09.07:707][413]LogClass: Function Add_Torque is new.
[2015.11.11-11.09.07:707][413]LogClass: Function Add_YawCamera is new.
[2015.11.11-11.09.07:707][413]LogClass: Function Damage is new.
[2015.11.11-11.09.07:707][413]LogClass: Function HandleDeath is new.
[2015.11.11-11.09.07:707][413]LogClass: Function Server_Fire is new.
[2015.11.11-11.09.07:707][413]LogClass: Function SetProjectile_1 is new.
[2015.11.11-11.09.07:707][413]LogClass: Function SetProjectile_2 is new.
[2015.11.11-11.09.07:707][413]LogClass: Function SetProjectile_3 is new.
[2015.11.11-11.09.07:707][413]LogClass: Function SetProjectile_4 is new.
[2015.11.11-11.09.07:922][413]LogHotReload: Re-instancing BasicProjectile after hot-reload.
[2015.11.11-11.09.08:061][413]LogHotReload: Re-instancing BOSBall after hot-reload.
[2015.11.11-11.09.08:112][413]LogContentBrowser: Native class hierarchy updated for 'BOS' in 0.0010 seconds. Added 8 classes and 2 folders.
[2015.11.11-11.09.08:113][413]Warning: HotReload successful (0 functions remapped  0 scriptstructs remapped)
[2015.11.11-11.09.08:168][413]LogContentBrowser: Native class hierarchy populated in 0.0068 seconds. Added 1876 classes and 337 folders.
[2015.11.11-11.09.10:426][678]LogBlueprintUserMessages: Early PlayInEditor Detection: Level '/Game/Maps/Map1.Map1:PersistentLevel' has LevelScriptBlueprint '/Game/Maps/Map1.Map1:PersistentLevel.Map1' with GeneratedClass '/Game/Maps/Map1.Map1_C' with ClassGeneratedBy '/Game/Maps/Map1.Map1:PersistentLevel.Map1'
[2015.11.11-11.09.10:426][678]LogPlayLevel: PlayLevel: No blueprints needed recompiling
[2015.11.11-11.09.10:426][678]PIE: New page: PIE session: Map1 (Nov 11, 2015, 1:09:10 PM)
[2015.11.11-11.09.10:426][678]LogPlayLevel: Creating play world package: /Game/Maps/UEDPIE_0_Map1
[2015.11.11-11.09.10:447][678]LogPlayLevel: PIE: StaticDuplicateObject took: (0.020430s)
[2015.11.11-11.09.10:448][678]LogAIModule: Creating AISystem for world Map1
[2015.11.11-11.09.10:448][678]LogPlayLevel: PIE: World Init took: (0.001059s)
[2015.11.11-11.09.10:448][678]LogPlayLevel: PIE: Created PIE world by copying editor world from /Game/Maps/Map1.Map1 to /Game/Maps/UEDPIE_0_Map1.Map1 (0.021783s)
[2015.11.11-11.09.10:471][678]LogInit: XAudio2 using 'Speakers (4- High Definition Audio Device)' : 2 channels at 44.1 kHz using 16 bits per sample (channel mask 0x3)
[2015.11.11-11.09.10:476][678]LogInit: FAudioDevice initialized.
[2015.11.11-11.09.10:513][678]LogWorld: Game class is 'BOSGameMode'
[2015.11.11-11.09.10:522][678]LogWorld: Bringing World /Game/Maps/UEDPIE_0_Map1.Map1 up for play (max tick rate 0) at 2015.11.11-12.09.10
[2015.11.11-11.09.10:522][678]LogActor:Warning: GameSession /Game/Maps/UEDPIE_0_Map1.Map1:PersistentLevel.GameSession_2 has natively added scene component(s), but none of them were set as the actor's RootComponent - picking one arbitrarily
[2015.11.11-11.09.10:522][678]LogActor:Warning: GameNetworkManager /Game/Maps/UEDPIE_0_Map1.Map1:PersistentLevel.GameNetworkManager_2 has natively added scene component(s), but none of them were set as the actor's RootComponent - picking one arbitrarily
[2015.11.11-11.09.10:522][678]LogWorld: Bringing up level for play took: 0.008052
[2015.11.11-11.09.10:524][678]PIE: Info Play in editor start time for /Game/Maps/UEDPIE_0_Map1 0.541
[2015.11.11-11.09.10:524][678]LogBlueprintUserMessages: Late PlayInEditor Detection: Level '/Game/Maps/Map1.Map1:PersistentLevel' has LevelScriptBlueprint '/Game/Maps/Map1.Map1:PersistentLevel.Map1' with GeneratedClass '/Game/Maps/Map1.Map1_C' with ClassGeneratedBy '/Game/Maps/Map1.Map1:PersistentLevel.Map1'
[2015.11.11-11.09.31:743][205]LogBlueprintUserMessages: Early EndPlayMap Detection: Level '/Game/Maps/Map1.Map1:PersistentLevel' has LevelScriptBlueprint '/Game/Maps/Map1.Map1:PersistentLevel.Map1' with GeneratedClass '/Game/Maps/Map1.Map1_C' with ClassGeneratedBy '/Game/Maps/Map1.Map1:PersistentLevel.Map1'
[2015.11.11-11.09.31:773][205]LogBlueprintUserMessages: Late EndPlayMap Detection: Level '/Game/Maps/Map1.Map1:PersistentLevel' has LevelScriptBlueprint '/Game/Maps/Map1.Map1:PersistentLevel.Map1' with GeneratedClass '/Game/Maps/Map1.Map1_C' with ClassGeneratedBy '/Game/Maps/Map1.Map1:PersistentLevel.Map1'
[2015.11.11-11.09.31:788][205]LogParticles: Destroying 0 GPU particle simulations for FXSystem 0x00000034FDB2B6A0
[2015.11.11-11.09.36:862][793]LogLinker:Warning: Asset '../../../Engine/Content/ArtTools/RenderToTexture/Macros/RenderToTextureMacros.uasset' has been saved with empty engine version. The asset will be loaded but may be incompatible.
[2015.11.11-11.09.37:521][793]LogContentBrowser: Native class hierarchy updated for 'BlueprintGraph' in 0.0012 seconds. Added 107 classes and 0 folders.
[2015.11.11-11.09.43:744][321]LogRenderer: Reallocating scene render targets to support 1208x900 (Frame:9038).
[2015.11.11-11.09.49:785][ 40]BlueprintLog: New page: Compile BasicProjectile_BP4
[2015.11.11-11.09.49:848][ 40]LogActorComponent: UnregisterComponent: (/Engine/Transient.ProjectileComp) Not registered. Aborting.
[2015.11.11-11.09.49:848][ 40]LogActorComponent: UnregisterComponent: (/Engine/Transient.ProjectileMovementComponent_2) Not registered. Aborting.
[2015.11.11-11.09.49:848][ 40]LogActorComponent: UnregisterComponent: (/Engine/Transient.ProjectileMovementComponent_3) Not registered. Aborting.
[2015.11.11-11.09.49:873][ 40]BlueprintEditorCompileResults: Info [0268.15] Compile of BasicProjectile_BP4 successful! [in 87 ms]
[2015.11.11-11.09.50:738][140]Cmd: OBJ SAVEPACKAGE PACKAGE="/Game/BasicProjectile_BP4" FILE="../../../../../../Users/Spellabbet/Documents/GitHub/Balls-of-steel/BOS/Content/BasicProjectile_BP4.uasset" SILENT=true
[2015.11.11-11.09.50:762][140]LogSavePackage: Save=16.259922ms
[2015.11.11-11.09.50:762][140]LogSavePackage: Moving '../../../../../../Users/Spellabbet/Documents/GitHub/Balls-of-steel/BOS/Saved/BasicProjectile_BP4531411D844395099DDCC8DBF32138A19.tmp' to '../../../../../../Users/Spellabbet/Documents/GitHub/Balls-of-steel/BOS/Content/BasicProjectile_BP4.uasset'
[2015.11.11-11.09.50:766][140]LogSavePackage: Total save time: 27.027074ms
[2015.11.11-11.09.50:766][140]LogSavePackage:Warning: Finished SavePackage ../../../../../../Users/Spellabbet/Documents/GitHub/Balls-of-steel/BOS/Content/BasicProjectile_BP4.uasset
[2015.11.11-11.10.01:142][336]BlueprintLog: New page: Compile BasicProjectile_BP4
[2015.11.11-11.10.01:227][336]BlueprintEditorCompileResults: Info [0279.51] Compile of BasicProjectile_BP4 successful! [in 85 ms]
[2015.11.11-11.10.01:521][369]Cmd: OBJ SAVEPACKAGE PACKAGE="/Game/BasicProjectile_BP4" FILE="../../../../../../Users/Spellabbet/Documents/GitHub/Balls-of-steel/BOS/Content/BasicProjectile_BP4.uasset" SILENT=true
[2015.11.11-11.10.01:554][369]LogSavePackage: Save=28.090788ms
[2015.11.11-11.10.01:554][369]LogSavePackage: Moving '../../../../../../Users/Spellabbet/Documents/GitHub/Balls-of-steel/BOS/Saved/BasicProjectile_BP4D4F09D934AA2C047C0A914B99B2D3AC4.tmp' to '../../../../../../Users/Spellabbet/Documents/GitHub/Balls-of-steel/BOS/Content/BasicProjectile_BP4.uasset'
[2015.11.11-11.10.01:556][369]LogSavePackage: Total save time: 34.120686ms
[2015.11.11-11.10.01:556][369]LogSavePackage:Warning: Finished SavePackage ../../../../../../Users/Spellabbet/Documents/GitHub/Balls-of-steel/BOS/Content/BasicProjectile_BP4.uasset
[2015.11.11-11.10.03:233][569]Recompiling BOS...
[2015.11.11-11.10.03:233][569]Launching UnrealBuildTool... [C:/Program Files/Epic Games/4.9/Engine/Binaries/DotNET/UnrealBuildTool.exe BOS -ModuleWithSuffix BOS 9267 Win64 Development -editorrecompile -canskiplink "C:/Users/Spellabbet/Documents/GitHub/Balls-of-steel/BOS/BOS.uproject" -rocket  -rocket]
[2015.11.11-11.10.03:234][569]Warning: Starting HotReload took  0.0s.
[2015.11.11-11.10.03:636][604]LogBlueprintUserMessages: Early PlayInEditor Detection: Level '/Game/Maps/Map1.Map1:PersistentLevel' has LevelScriptBlueprint '/Game/Maps/Map1.Map1:PersistentLevel.Map1' with GeneratedClass '/Game/Maps/Map1.Map1_C' with ClassGeneratedBy '/Game/Maps/Map1.Map1:PersistentLevel.Map1'
[2015.11.11-11.10.03:636][604]LogPlayLevel: PlayLevel: No blueprints needed recompiling
[2015.11.11-11.10.03:636][604]PIE: New page: PIE session: Map1 (Nov 11, 2015, 1:10:03 PM)
[2015.11.11-11.10.03:636][604]LogPlayLevel: Creating play world package: /Game/Maps/UEDPIE_0_Map1
[2015.11.11-11.10.03:658][604]LogPlayLevel: PIE: StaticDuplicateObject took: (0.021846s)
[2015.11.11-11.10.03:659][604]LogAIModule: Creating AISystem for world Map1
[2015.11.11-11.10.03:659][604]LogPlayLevel: PIE: World Init took: (0.000907s)
[2015.11.11-11.10.03:659][604]LogPlayLevel: PIE: Created PIE world by copying editor world from /Game/Maps/Map1.Map1 to /Game/Maps/UEDPIE_0_Map1.Map1 (0.023058s)
[2015.11.11-11.10.03:687][604]LogInit: XAudio2 using 'Speakers (4- High Definition Audio Device)' : 2 channels at 44.1 kHz using 16 bits per sample (channel mask 0x3)
[2015.11.11-11.10.03:692][604]LogInit: FAudioDevice initialized.
[2015.11.11-11.10.03:727][604]LogWorld: Game class is 'BOSGameMode'
[2015.11.11-11.10.03:735][604]LogWorld: Bringing World /Game/Maps/UEDPIE_0_Map1.Map1 up for play (max tick rate 0) at 2015.11.11-12.10.03
[2015.11.11-11.10.03:735][604]LogActor:Warning: GameSession /Game/Maps/UEDPIE_0_Map1.Map1:PersistentLevel.GameSession_3 has natively added scene component(s), but none of them were set as the actor's RootComponent - picking one arbitrarily
[2015.11.11-11.10.03:736][604]LogActor:Warning: GameNetworkManager /Game/Maps/UEDPIE_0_Map1.Map1:PersistentLevel.GameNetworkManager_3 has natively added scene component(s), but none of them were set as the actor's RootComponent - picking one arbitrarily
[2015.11.11-11.10.03:736][604]LogWorld: Bringing up level for play took: 0.008191
[2015.11.11-11.10.03:737][604]PIE: Info Play in editor start time for /Game/Maps/UEDPIE_0_Map1 -0.245
[2015.11.11-11.10.03:737][604]LogBlueprintUserMessages: Late PlayInEditor Detection: Level '/Game/Maps/Map1.Map1:PersistentLevel' has LevelScriptBlueprint '/Game/Maps/Map1.Map1:PersistentLevel.Map1' with GeneratedClass '/Game/Maps/Map1.Map1_C' with ClassGeneratedBy '/Game/Maps/Map1.Map1:PersistentLevel.Map1'
[2015.11.11-11.10.04:002][632]CompilerResultsLog: New page: Compilation - Nov 11, 2015, 1:10:04 PM
[2015.11.11-11.10.04:002][632]CompilerResultsLog: Info Compiling game modules for hot reload
[2015.11.11-11.10.04:002][632]CompilerResultsLog: Info Target is up to date.
[2015.11.11-11.10.04:002][632]LogMainFrame: MainFrame: Module compiling took 0.772 seconds
[2015.11.11-11.10.27:293][371]LogBlueprintUserMessages: Early EndPlayMap Detection: Level '/Game/Maps/Map1.Map1:PersistentLevel' has LevelScriptBlueprint '/Game/Maps/Map1.Map1:PersistentLevel.Map1' with GeneratedClass '/Game/Maps/Map1.Map1_C' with ClassGeneratedBy '/Game/Maps/Map1.Map1:PersistentLevel.Map1'
[2015.11.11-11.10.27:325][371]LogBlueprintUserMessages: Late EndPlayMap Detection: Level '/Game/Maps/Map1.Map1:PersistentLevel' has LevelScriptBlueprint '/Game/Maps/Map1.Map1:PersistentLevel.Map1' with GeneratedClass '/Game/Maps/Map1.Map1_C' with ClassGeneratedBy '/Game/Maps/Map1.Map1:PersistentLevel.Map1'
[2015.11.11-11.10.27:350][371]LogParticles: Destroying 0 GPU particle simulations for FXSystem 0x00000034AC776160
[2015.11.11-11.10.45:486][520]LogBlueprintUserMessages: Early PlayInEditor Detection: Level '/Game/Maps/Map1.Map1:PersistentLevel' has LevelScriptBlueprint '/Game/Maps/Map1.Map1:PersistentLevel.Map1' with GeneratedClass '/Game/Maps/Map1.Map1_C' with ClassGeneratedBy '/Game/Maps/Map1.Map1:PersistentLevel.Map1'
[2015.11.11-11.10.45:486][520]LogPlayLevel: PlayLevel: No blueprints needed recompiling
[2015.11.11-11.10.45:487][520]PIE: New page: PIE session: Map1 (Nov 11, 2015, 1:10:45 PM)
[2015.11.11-11.10.45:488][520]LogPlayLevel: Creating play world package: /Game/Maps/UEDPIE_1_Map1
[2015.11.11-11.10.45:509][520]LogPlayLevel: PIE: StaticDuplicateObject took: (0.021703s)
[2015.11.11-11.10.45:510][520]LogAIModule: Creating AISystem for world Map1
[2015.11.11-11.10.45:510][520]LogPlayLevel: PIE: World Init took: (0.001047s)
[2015.11.11-11.10.45:511][520]LogPlayLevel: PIE: Created PIE world by copying editor world from /Game/Maps/Map1.Map1 to /Game/Maps/UEDPIE_1_Map1.Map1 (0.023055s)
[2015.11.11-11.10.45:511][520]LogActorComponent: UnregisterComponent: (/Engine/Transient.ProjectileComp) Not registered. Aborting.
[2015.11.11-11.10.45:511][520]LogActorComponent: UnregisterComponent: (/Engine/Transient.ProjectileMovementComponent_4) Not registered. Aborting.
[2015.11.11-11.10.45:538][520]LogInit: XAudio2 using 'Speakers (4- High Definition Audio Device)' : 2 channels at 44.1 kHz using 16 bits per sample (channel mask 0x3)
[2015.11.11-11.10.45:543][520]LogInit: FAudioDevice initialized.
[2015.11.11-11.10.45:577][520]LogWorld: Game class is 'BOSGameMode'
[2015.11.11-11.10.45:586][520]LogWorld: Bringing World /Game/Maps/UEDPIE_1_Map1.Map1 up for play (max tick rate 0) at 2015.11.11-12.10.45
[2015.11.11-11.10.45:586][520]LogActor:Warning: GameSession /Game/Maps/UEDPIE_1_Map1.Map1:PersistentLevel.GameSession_4 has natively added scene component(s), but none of them were set as the actor's RootComponent - picking one arbitrarily
[2015.11.11-11.10.45:586][520]LogActor:Warning: GameNetworkManager /Game/Maps/UEDPIE_1_Map1.Map1:PersistentLevel.GameNetworkManager_4 has natively added scene component(s), but none of them were set as the actor's RootComponent - picking one arbitrarily
[2015.11.11-11.10.45:586][520]LogWorld: Bringing up level for play took: 0.008160
[2015.11.11-11.10.45:588][520]LogInit: WinSock: Socket queue 131072 / 131072
[2015.11.11-11.10.45:589][520]LogInit: WinSock: I am SpellabbA332-06 (192.168.20.17:0)
[2015.11.11-11.10.45:591][520]LogNet: GameNetDriver IpNetDriver_0 IpNetDriver listening on port 7777
[2015.11.11-11.10.45:592][520]PIE: Info Play in editor start time for /Game/Maps/UEDPIE_1_Map1 -0.391
[2015.11.11-11.10.45:593][520]PIE: New page: PIE session: Map1 (Nov 11, 2015, 1:10:45 PM)
[2015.11.11-11.10.45:626][520]LogNet: Browse: 127.0.0.1//Game/Maps/MainMenu
[2015.11.11-11.10.45:626][520]LogInit: WinSock: Socket queue 32768 / 32768
[2015.11.11-11.10.45:627][520]LogNet: Game client on port 7777, rate 10000
[2015.11.11-11.10.45:627][520]LogNet: GetLocalNetworkVersion: GEngineNetVersion: 2707645, ProjectName: bos, ProjectVersion: 1.0.0.0, InternalProtocolVersion: 9, LocalNetworkVersion: 1605316083
[2015.11.11-11.10.45:639][520]PIE: Info Play in editor start time for /Game/Maps/MainMenu -0.344
[2015.11.11-11.10.45:640][520]LogBlueprintUserMessages: Late PlayInEditor Detection: Level '/Game/Maps/Map1.Map1:PersistentLevel' has LevelScriptBlueprint '/Game/Maps/Map1.Map1:PersistentLevel.Map1' with GeneratedClass '/Game/Maps/Map1.Map1_C' with ClassGeneratedBy '/Game/Maps/Map1.Map1:PersistentLevel.Map1'
[2015.11.11-11.10.45:641][520]LogNet: NotifyAcceptingConnection: Server Map1 accept
[2015.11.11-11.10.45:641][520]LogNet: Open Map1 11/11/15 12:10:45 127.0.0.1
[2015.11.11-11.10.45:641][520]LogNet: Added client connection.  Remote address = 127.0.0.1:63750
[2015.11.11-11.10.45:641][520]LogNet: NotifyAcceptingChannel Control 0 server World /Game/Maps/UEDPIE_1_Map1.Map1: Accepted
[2015.11.11-11.10.45:641][520]LogNet: Remote platform little endian=1
[2015.11.11-11.10.45:641][520]LogNet: This platform little endian=1
[2015.11.11-11.10.45:641][520]LogNet: GetLocalNetworkVersion: GEngineNetVersion: 2707645, ProjectName: bos, ProjectVersion: 1.0.0.0, InternalProtocolVersion: 9, LocalNetworkVersion: 1605316083
[2015.11.11-11.10.45:728][521]LogNet: Login request: /Game/Maps/MainMenu userId: Invalid
[2015.11.11-11.10.45:729][521]LogNet: Welcomed by server (Level: /Game/Maps/UEDPIE_1_Map1, Game: /Script/BOS.BOSGameMode)
[2015.11.11-11.10.45:729][521]LogLoad: LoadMap: 127.0.0.1//Game/Maps/UEDPIE_1_Map1?game=/Script/BOS.BOSGameMode
[2015.11.11-11.10.45:747][521]LogParticles: Destroying 0 GPU particle simulations for FXSystem 0x00000034DC4DA8E0
[2015.11.11-11.10.45:747][521]LogParticles: Destroying 0 GPU particle simulations for FXSystem 0x00000034FD9BB6A0
[2015.11.11-11.10.45:751][521]Cmd: MEM
[2015.11.11-11.10.45:773][521]LogMemory: Platform Memory Stats for Windows
[2015.11.11-11.10.45:773][521]LogMemory: Process Physical Memory: 780.95 MB used, 794.37 MB peak
[2015.11.11-11.10.45:773][521]LogMemory: Process Virtual Memory: 1626.88 MB used, 1783.54 MB peak
[2015.11.11-11.10.45:773][521]LogMemory: Physical Memory: 5358.01 MB used, 16318.82 MB total
[2015.11.11-11.10.45:773][521]LogMemory: Virtual Memory: 2287.66 MB used, 134217728.00 MB total
[2015.11.11-11.10.45:773][521]LogMemory: 
[2015.11.11-11.10.45:773][521]Allocator Stats for TBB: (not implemented)
[2015.11.11-11.10.45:773][521]LogLinker: Can't find file for asset '/Game/Maps/UEDPIE_1_Map1' while loading NULL.
[2015.11.11-11.10.45:794][521]LogWorld: PIE: Copying PIE streaming level from /Game/Maps/Map1.Map1 to /Game/Maps/UEDPIE_2_Map1.Map1. OwningWorld: None
[2015.11.11-11.10.45:795][521]LogAIModule: Creating AISystem for world Map1
[2015.11.11-11.10.45:804][521]LogWorld: Bringing World /Game/Maps/UEDPIE_2_Map1.Map1 up for play (max tick rate 0) at 2015.11.11-12.10.45
[2015.11.11-11.10.45:804][521]LogWorld: Bringing up level for play took: 0.008520
[2015.11.11-11.10.45:815][522]LogNet: Client netspeed is 10000
[2015.11.11-11.10.45:815][522]LogNet: Join request: /Game/Maps/MainMenu?SplitscreenCount=1
[2015.11.11-11.10.45:820][522]LogNet: Join succeeded: 261
[2015.11.11-11.10.47:338][699]LogBlueprintUserMessages: Early EndPlayMap Detection: Level '/Game/Maps/Map1.Map1:PersistentLevel' has LevelScriptBlueprint '/Game/Maps/Map1.Map1:PersistentLevel.Map1' with GeneratedClass '/Game/Maps/Map1.Map1_C' with ClassGeneratedBy '/Game/Maps/Map1.Map1:PersistentLevel.Map1'
[2015.11.11-11.10.47:398][699]LogSpawn:Warning: SpawnActor failed because we are in the process of tearing down the world
[2015.11.11-11.10.47:424][699]LogBlueprintUserMessages: Late EndPlayMap Detection: Level '/Game/Maps/Map1.Map1:PersistentLevel' has LevelScriptBlueprint '/Game/Maps/Map1.Map1:PersistentLevel.Map1' with GeneratedClass '/Game/Maps/Map1.Map1_C' with ClassGeneratedBy '/Game/Maps/Map1.Map1:PersistentLevel.Map1'
[2015.11.11-11.10.47:439][699]LogNet: UChannel::CleanUp: [GameNetDriver] [None] [None]. ChIndex == 0. Closing connection.
[2015.11.11-11.10.47:439][699]LogNet: UNetConnection::Close: Name: IpConnection_1, Driver: GameNetDriver IpNetDriver_0, PC: None, Owner: None, Channels: 2, RemoteAddr: 127.0.0.1:63750, Time: 2015.11.11-11.10.47
[2015.11.11-11.10.47:439][699]LogNet: UChannel::Close: Sending CloseBunch. ChIndex == 0. Name: ControlChannel_1
[2015.11.11-11.10.47:439][699]LogNet: UChannel::CleanUp: [GameNetDriver] [None] [None]. ChIndex == 0. Closing connection.
[2015.11.11-11.10.47:439][699]LogNet: UNetConnection::Close: Name: IpConnection_0, Driver: GameNetDriver IpNetDriver_1, PC: None, Owner: None, Channels: 2, RemoteAddr: 127.0.0.1:7777, Time: 2015.11.11-11.10.47
[2015.11.11-11.10.47:439][699]LogNet: UChannel::Close: Sending CloseBunch. ChIndex == 0. Name: ControlChannel_0
[2015.11.11-11.10.47:444][699]LogExit: GameNetDriver None shut down
[2015.11.11-11.10.47:444][699]LogParticles: Destroying 0 GPU particle simulations for FXSystem 0x000000348B95F100
[2015.11.11-11.10.47:444][699]LogExit: GameNetDriver None shut down
[2015.11.11-11.10.47:445][699]LogParticles: Destroying 0 GPU particle simulations for FXSystem 0x00000034AC8B0A40
[2015.11.11-11.10.48:988][878]LogBlueprintUserMessages: Early PlayInEditor Detection: Level '/Game/Maps/Map1.Map1:PersistentLevel' has LevelScriptBlueprint '/Game/Maps/Map1.Map1:PersistentLevel.Map1' with GeneratedClass '/Game/Maps/Map1.Map1_C' with ClassGeneratedBy '/Game/Maps/Map1.Map1:PersistentLevel.Map1'
[2015.11.11-11.10.48:988][878]LogPlayLevel: PlayLevel: No blueprints needed recompiling
[2015.11.11-11.10.48:989][878]PIE: New page: PIE session: Map1 (Nov 11, 2015, 1:10:48 PM)
[2015.11.11-11.10.48:989][878]LogPlayLevel: Creating play world package: /Game/Maps/UEDPIE_1_Map1
[2015.11.11-11.10.49:007][878]LogPlayLevel: PIE: StaticDuplicateObject took: (0.018204s)
[2015.11.11-11.10.49:008][878]LogAIModule: Creating AISystem for world Map1
[2015.11.11-11.10.49:008][878]LogPlayLevel: PIE: World Init took: (0.000793s)
[2015.11.11-11.10.49:008][878]LogPlayLevel: PIE: Created PIE world by copying editor world from /Game/Maps/Map1.Map1 to /Game/Maps/UEDPIE_1_Map1.Map1 (0.019348s)
[2015.11.11-11.10.49:034][878]LogInit: XAudio2 using 'Speakers (4- High Definition Audio Device)' : 2 channels at 44.1 kHz using 16 bits per sample (channel mask 0x3)
[2015.11.11-11.10.49:039][878]LogInit: FAudioDevice initialized.
[2015.11.11-11.10.49:071][878]LogWorld: Game class is 'BOSGameMode'
[2015.11.11-11.10.49:079][878]LogWorld: Bringing World /Game/Maps/UEDPIE_1_Map1.Map1 up for play (max tick rate 0) at 2015.11.11-12.10.49
[2015.11.11-11.10.49:079][878]LogActor:Warning: GameSession /Game/Maps/UEDPIE_1_Map1.Map1:PersistentLevel.GameSession_5 has natively added scene component(s), but none of them were set as the actor's RootComponent - picking one arbitrarily
[2015.11.11-11.10.49:080][878]LogActor:Warning: GameNetworkManager /Game/Maps/UEDPIE_1_Map1.Map1:PersistentLevel.GameNetworkManager_5 has natively added scene component(s), but none of them were set as the actor's RootComponent - picking one arbitrarily
[2015.11.11-11.10.49:080][878]LogWorld: Bringing up level for play took: 0.008075
[2015.11.11-11.10.49:081][878]LogInit: WinSock: Socket queue 131072 / 131072
[2015.11.11-11.10.49:081][878]LogNet: GameNetDriver IpNetDriver_2 IpNetDriver listening on port 7777
[2015.11.11-11.10.49:096][878]PIE: Info Play in editor start time for /Game/Maps/UEDPIE_1_Map1 -0.887
[2015.11.11-11.10.49:097][878]PIE: New page: PIE session: Map1 (Nov 11, 2015, 1:10:49 PM)
[2015.11.11-11.10.49:132][878]LogNet: Browse: 127.0.0.1//Game/Maps/MainMenu
[2015.11.11-11.10.49:132][878]LogInit: WinSock: Socket queue 32768 / 32768
[2015.11.11-11.10.49:132][878]LogNet: Game client on port 7777, rate 10000
[2015.11.11-11.10.49:133][878]LogNet: GetLocalNetworkVersion: GEngineNetVersion: 2707645, ProjectName: bos, ProjectVersion: 1.0.0.0, InternalProtocolVersion: 9, LocalNetworkVersion: 1605316083
[2015.11.11-11.10.49:149][878]PIE: Info Play in editor start time for /Game/Maps/MainMenu -0.834
[2015.11.11-11.10.49:150][878]LogBlueprintUserMessages: Late PlayInEditor Detection: Level '/Game/Maps/Map1.Map1:PersistentLevel' has LevelScriptBlueprint '/Game/Maps/Map1.Map1:PersistentLevel.Map1' with GeneratedClass '/Game/Maps/Map1.Map1_C' with ClassGeneratedBy '/Game/Maps/Map1.Map1:PersistentLevel.Map1'
[2015.11.11-11.10.49:150][878]LogNet: NotifyAcceptingConnection: Server Map1 accept
[2015.11.11-11.10.49:150][878]LogNet: Open Map1 11/11/15 12:10:49 127.0.0.1
[2015.11.11-11.10.49:150][878]LogNet: Added client connection.  Remote address = 127.0.0.1:63751
[2015.11.11-11.10.49:150][878]LogNet: NotifyAcceptingChannel Control 0 server World /Game/Maps/UEDPIE_1_Map1.Map1: Accepted
[2015.11.11-11.10.49:150][878]LogNet: Remote platform little endian=1
[2015.11.11-11.10.49:150][878]LogNet: This platform little endian=1
[2015.11.11-11.10.49:150][878]LogNet: GetLocalNetworkVersion: GEngineNetVersion: 2707645, ProjectName: bos, ProjectVersion: 1.0.0.0, InternalProtocolVersion: 9, LocalNetworkVersion: 1605316083
[2015.11.11-11.10.49:186][879]LogNet: Login request: /Game/Maps/MainMenu userId: Invalid
[2015.11.11-11.10.49:187][879]LogNet: Welcomed by server (Level: /Game/Maps/UEDPIE_1_Map1, Game: /Script/BOS.BOSGameMode)
[2015.11.11-11.10.49:219][879]LogLoad: LoadMap: 127.0.0.1//Game/Maps/UEDPIE_1_Map1?game=/Script/BOS.BOSGameMode
[2015.11.11-11.10.49:237][879]LogParticles: Destroying 0 GPU particle simulations for FXSystem 0x00000034AC8B3D80
[2015.11.11-11.10.49:240][879]Cmd: MEM
[2015.11.11-11.10.49:265][879]LogMemory: Platform Memory Stats for Windows
[2015.11.11-11.10.49:265][879]LogMemory: Process Physical Memory: 791.75 MB used, 809.59 MB peak
[2015.11.11-11.10.49:265][879]LogMemory: Process Virtual Memory: 1624.25 MB used, 1783.54 MB peak
[2015.11.11-11.10.49:265][879]LogMemory: Physical Memory: 5362.93 MB used, 16318.82 MB total
[2015.11.11-11.10.49:265][879]LogMemory: Virtual Memory: 2285.13 MB used, 134217728.00 MB total
[2015.11.11-11.10.49:265][879]LogMemory: 
[2015.11.11-11.10.49:265][879]Allocator Stats for TBB: (not implemented)
[2015.11.11-11.10.49:265][879]LogLinker: Can't find file for asset '/Game/Maps/UEDPIE_1_Map1' while loading NULL.
[2015.11.11-11.10.49:288][879]LogWorld: PIE: Copying PIE streaming level from /Game/Maps/Map1.Map1 to /Game/Maps/UEDPIE_2_Map1.Map1. OwningWorld: None
[2015.11.11-11.10.49:289][879]LogAIModule: Creating AISystem for world Map1
[2015.11.11-11.10.49:301][879]LogWorld: Bringing World /Game/Maps/UEDPIE_2_Map1.Map1 up for play (max tick rate 0) at 2015.11.11-12.10.49
[2015.11.11-11.10.49:302][879]LogWorld: Bringing up level for play took: 0.011460
[2015.11.11-11.10.49:312][880]LogNet: Client netspeed is 10000
[2015.11.11-11.10.49:312][880]LogNet: Join request: /Game/Maps/MainMenu?SplitscreenCount=1
[2015.11.11-11.10.49:314][880]LogNet: Join succeeded: 263
[2015.11.11-11.10.52:988][319]LogNet:Warning: UIpNetDriver::ProcesRemoteFunction: No owning connection for actor BasicProjectile_BP_C_2. Function OnHit will not be processed.
[2015.11.11-11.10.53:358][363]LogNet:Warning: UIpNetDriver::ProcesRemoteFunction: No owning connection for actor BasicProjectile_BP_C_4. Function OnHit will not be processed.
[2015.11.11-11.10.53:551][386]LogNet:Warning: UIpNetDriver::ProcesRemoteFunction: No owning connection for actor BasicProjectile_BP_C_6. Function OnHit will not be processed.
[2015.11.11-11.10.53:720][406]LogNet:Warning: UIpNetDriver::ProcesRemoteFunction: No owning connection for actor BasicProjectile_BP_C_8. Function OnHit will not be processed.
[2015.11.11-11.10.53:891][426]LogNet:Warning: UIpNetDriver::ProcesRemoteFunction: No owning connection for actor BasicProjectile_BP_C_10. Function OnHit will not be processed.
[2015.11.11-11.10.54:049][445]LogNet:Warning: UIpNetDriver::ProcesRemoteFunction: No owning connection for actor BasicProjectile_BP_C_12. Function OnHit will not be processed.
[2015.11.11-11.10.54:202][463]LogNet:Warning: UIpNetDriver::ProcesRemoteFunction: No owning connection for actor BasicProjectile_BP_C_14. Function OnHit will not be processed.
[2015.11.11-11.10.54:352][481]LogNet:Warning: UIpNetDriver::ProcesRemoteFunction: No owning connection for actor BasicProjectile_BP_C_16. Function OnHit will not be processed.
[2015.11.11-11.10.54:484][496]LogNet:Warning: UIpNetDriver::ProcesRemoteFunction: No owning connection for actor BasicProjectile_BP_C_18. Function OnHit will not be processed.
[2015.11.11-11.10.54:627][513]LogNet:Warning: UIpNetDriver::ProcesRemoteFunction: No owning connection for actor BasicProjectile_BP_C_20. Function OnHit will not be processed.
[2015.11.11-11.10.54:635][514]LogSpawn:Warning: SpawnActor failed because of collision at the spawn location [X=-491.469 Y=390.618 Z=220.000] for [BOSBall_BP_C]
[2015.11.11-11.10.54:635][514]LogSpawn:Warning: SpawnActor failed because the spawned actor IsPendingKill
[2015.11.11-11.10.54:635][514]LogGameMode:Warning: Couldn't spawn Pawn of type BOSBall_BP_C at BOSPlayerStart_30
[2015.11.11-11.10.56:327][514]LogCrashTracker: 


[2015.11.11-11.10.56:416][514]LogCrashTracker: 


[2015.11.11-11.10.56:416][514]LogWindows: === Critical error: ===
Fatal error!



[2015.11.11-11.10.56:511][514]LogExit: Executing StaticShutdownAfterError
[2015.11.11-11.10.56:514][514]LogOutputDevice:Warning: 

Script Stack:
BOSBall.HandleDeath
BOSBall.Damage
BasicProjectile.OnHit

[2015.11.11-11.10.56:516][514]LogPhysics:Warning: PHYSX: ..\..\PhysX\src\NpScene.cpp (2946) 8 : PxScene::unlockWrite() called without matching call to PxScene::lockWrite(), behaviour will be undefined.
[2015.11.11-11.10.56:516][514]LogPhysics:Warning: PHYSX: ..\..\PhysX\src\NpScene.cpp (2946) 8 : PxScene::unlockWrite() called without matching call to PxScene::lockWrite(), behaviour will be undefined.
[2015.11.11-11.10.56:516][514]LogPhysics:Warning: PHYSX: ..\..\PhysX\src\NpScene.cpp (2946) 8 : PxScene::unlockWrite() called without matching call to PxScene::lockWrite(), behaviour will be undefined.
[2015.11.11-11.10.56:516][514]LogPhysics:Warning: PHYSX: ..\..\PhysX\src\NpScene.cpp (2946) 8 : PxScene::unlockWrite() called without matching call to PxScene::lockWrite(), behaviour will be undefined.
[2015.11.11-11.10.56:516][514]LogPhysics:Warning: PHYSX: ..\..\PhysX\src\NpScene.cpp (2946) 8 : PxScene::unlockWrite() called without matching call to PxScene::lockWrite(), behaviour will be undefined.
[2015.11.11-11.10.56:516][514]LogPhysics:Warning: PHYSX: ..\..\PhysX\src\NpScene.cpp (2946) 8 : PxScene::unlockWrite() called without matching call to PxScene::lockWrite(), behaviour will be undefined.
[2015.11.11-11.10.56:516][514]LogWindows: FPlatformMisc::RequestExit(1)
[2015.11.11-11.10.56:516][514]Log file closed, 11/11/15 12:10:56
