[2015.11.11-11.00.21:527][  0]Log file open, 11/11/15 12:00:21
[2015.11.11-11.00.21:527][  0]LogInit:Display: Running engine for game: BOS
[2015.11.11-11.00.21:527][  0]LogInit:Display: RandInit(-136251602) SRandInit(-136251602).
[2015.11.11-11.00.21:527][  0]LogTaskGraph: Started task graph with 4 named threads and 7 total threads.
[2015.11.11-11.00.21:527][  0]LogStats: Stats thread started at 10.458360
[2015.11.11-11.00.21:527][  0]LogInit: Version: 4.9.2-2707645+++depot+UE4-Releases+4.9
[2015.11.11-11.00.21:527][  0]LogInit: API Version: 2672455
[2015.11.11-11.00.21:527][  0]LogInit: Compiled (64-bit): Sep 28 2015 10:25:44
[2015.11.11-11.00.21:527][  0]LogInit: Compiled with Visual C++: 18.00.21005.01
[2015.11.11-11.00.21:527][  0]LogInit: Build Configuration: Development
[2015.11.11-11.00.21:527][  0]LogInit: Branch Name: ++depot+UE4-Releases+4.9
[2015.11.11-11.00.21:527][  0]LogInit: Command line:  
[2015.11.11-11.00.21:527][  0]LogInit: Base directory: C:/Program Files/Epic Games/4.9/Engine/Binaries/Win64/
[2015.11.11-11.00.21:527][  0]LogInit: Rocket: 1
[2015.11.11-11.00.22:511][  0]LogInit: Using libcurl 7.41.0
[2015.11.11-11.00.22:511][  0]LogInit:  - built for x86_64-pc-win32
[2015.11.11-11.00.22:511][  0]LogInit:  - supports SSL with WinSSL
[2015.11.11-11.00.22:511][  0]LogInit:  - other features:
[2015.11.11-11.00.22:511][  0]LogInit:      CURL_VERSION_SSL
[2015.11.11-11.00.22:511][  0]LogInit:      CURL_VERSION_IPV6
[2015.11.11-11.00.22:511][  0]LogInit:      CURL_VERSION_ASYNCHDNS
[2015.11.11-11.00.22:527][  0]LogInit:      CURL_VERSION_LARGEFILE
[2015.11.11-11.00.22:527][  0]LogInit:      CURL_VERSION_IDN
[2015.11.11-11.00.22:527][  0]LogInit:  CurlRequestOptions (configurable via config and command line):
[2015.11.11-11.00.22:527][  0]LogInit:  - bVerifyPeer = true  - Libcurl will verify peer certificate
[2015.11.11-11.00.22:527][  0]LogInit:  - bUseHttpProxy = false  - Libcurl will NOT use HTTP proxy
[2015.11.11-11.00.22:527][  0]LogInit:  - bDontReuseConnections = false  - Libcurl will reuse connections
[2015.11.11-11.00.22:527][  0]LogInit:  - CertBundlePath = nullptr  - Libcurl will use whatever was configured at build time.
[2015.11.11-11.00.23:449][  0]LogInit: Presizing for 0 objects not considered by GC, pre-allocating 0 bytes.
[2015.11.11-11.00.23:558][  0]LogInit: Object subsystem initialized
[2015.11.11-11.00.24:105][  0]LogInit: Selected Device Profile: [Windows]
[2015.11.11-11.00.24:105][  0]LogInit: Applying CVar settings loaded from the selected device profile: [Windows]
[2015.11.11-11.00.24:225][  0]LogInit: Computer: SpellabbA332-06
[2015.11.11-11.00.24:225][  0]LogInit: User: Spellabbet
[2015.11.11-11.00.24:225][  0]LogInit: CPU Page size=4096, Cores=4
[2015.11.11-11.00.24:225][  0]LogInit: High frequency timer resolution =3.507520 MHz
[2015.11.11-11.00.24:226][  0]LogMemory: Memory total: Physical=15.9GB (16GB approx)
[2015.11.11-11.00.24:226][  0]LogMemory: Platform Memory Stats for Windows
[2015.11.11-11.00.24:226][  0]LogMemory: Process Physical Memory: 52.46 MB used, 52.46 MB peak
[2015.11.11-11.00.24:226][  0]LogMemory: Process Virtual Memory: 55.02 MB used, 55.02 MB peak
[2015.11.11-11.00.24:226][  0]LogMemory: Physical Memory: 3340.52 MB used, 16318.82 MB total
[2015.11.11-11.00.24:226][  0]LogMemory: Virtual Memory: 347.38 MB used, 134217728.00 MB total
[2015.11.11-11.00.28:078][  0]LogTextLocalizationManager: No translations for ('sv-SE') exist, falling back to 'en' for localization and internationalization data.
[2015.11.11-11.00.31:465][  0]LogD3D11RHI: Found D3D11 adapter 0: NVIDIA GeForce GTX 960 (Feature Level 11_0)
[2015.11.11-11.00.31:466][  0]LogD3D11RHI: Adapter has 1965MB of dedicated video memory, 0MB of dedicated system memory, and 2048MB of shared system memory, 1 output[s]
[2015.11.11-11.00.31:466][  0]LogD3D11RHI: Found D3D11 adapter 1: Microsoft Basic Render Driver (Feature Level 11_0)
[2015.11.11-11.00.31:466][  0]LogD3D11RHI: Adapter has 0MB of dedicated video memory, 0MB of dedicated system memory, and 256MB of shared system memory, 0 output[s]
[2015.11.11-11.00.31:466][  0]LogD3D11RHI: Chosen D3D11 Adapter Id = 0
[2015.11.11-11.00.31:469][  0]LogD3D11RHI: !Direct3DDevice
[2015.11.11-11.00.31:469][  0]LogRHI: Texture pool is 1361 MB (70% of 1945 MB)
[2015.11.11-11.00.31:477][  0]LogD3D11RHI: Async texture creation enabled
[2015.11.11-11.00.32:222][  0]LogShaderCompilers: Guid format shader working directory is 15 characters bigger than the processId version (../../../../../../Users/Spellabbet/Documents/GitHub/Balls-of-steel/BOS/Intermediate/Shaders/WorkingDirectory/5212/).
[2015.11.11-11.00.32:222][  0]LogShaderCompilers: Cleaned the shader compiler working directory '../../../../../../Users/Spellabbet/Documents/GitHub/Balls-of-steel/BOS/Intermediate/Shaders/tmp/D377CA3647CFA173B745BAAE08222058/'.
[2015.11.11-11.00.32:223][  0]LogShaderCompilers:Display: Using Local Shader Compiler.
[2015.11.11-11.00.40:474][  0]LogTemp:Display: Loaded TP AllDesktopTargetPlatform
[2015.11.11-11.00.40:482][  0]LogTemp:Display: Loaded TP WindowsClientTargetPlatform
[2015.11.11-11.00.40:487][  0]LogTemp:Display: Loaded TP WindowsNoEditorTargetPlatform
[2015.11.11-11.00.40:491][  0]LogTemp:Display: Loaded TP WindowsServerTargetPlatform
[2015.11.11-11.00.40:494][  0]LogTemp:Display: Loaded TP WindowsTargetPlatform
[2015.11.11-11.00.40:500][  0]LogTemp:Display: Loaded TP AndroidTargetPlatform
[2015.11.11-11.00.40:503][  0]LogTemp:Display: Loaded TP Android_ASTCTargetPlatform
[2015.11.11-11.00.40:508][  0]LogTemp:Display: Loaded TP Android_ATCTargetPlatform
[2015.11.11-11.00.40:511][  0]LogTemp:Display: Loaded TP Android_DXTTargetPlatform
[2015.11.11-11.00.40:515][  0]LogTemp:Display: Loaded TP Android_ETC1TargetPlatform
[2015.11.11-11.00.40:519][  0]LogTemp:Display: Loaded TP Android_ETC2TargetPlatform
[2015.11.11-11.00.40:523][  0]LogTemp:Display: Loaded TP Android_PVRTCTargetPlatform
[2015.11.11-11.00.40:523][  0]LogTemp:Display: Loaded TP HTML5TargetPlatform
[2015.11.11-11.00.40:863][  0]LogTemp:Display: Loaded TP IOSTargetPlatform
[2015.11.11-11.00.40:870][  0]LogTemp:Display: Loaded TP LinuxNoEditorTargetPlatform
[2015.11.11-11.00.40:876][  0]LogTemp:Display: Loaded TP LinuxServerTargetPlatform
[2015.11.11-11.00.40:897][  0]LogTemp:Display: Loaded TP LinuxTargetPlatform
[2015.11.11-11.00.40:897][  0]LogTargetPlatformManager:Display: Building Assets For Windows
[2015.11.11-11.00.44:309][  0]LogDerivedDataCache:Display: Max Cache Size: 512 MB
[2015.11.11-11.00.47:715][  0]LogDerivedDataCache: Loaded boot cache 3.41s 46MB C:/Users/Spellabbet/AppData/Local/UnrealEngine/4.9/DerivedDataCache/Boot.ddc.
[2015.11.11-11.00.47:715][  0]LogDerivedDataCache:Display: Loaded Boot cache: C:/Users/Spellabbet/AppData/Local/UnrealEngine/4.9/DerivedDataCache/Boot.ddc
[2015.11.11-11.00.47:715][  0]LogDerivedDataCache: FDerivedDataBackendGraph:  Pak pak cache file ../../../../../../Users/Spellabbet/Documents/GitHub/Balls-of-steel/BOS/DerivedDataCache/DDC.ddp not found, will not use a pak cache.
[2015.11.11-11.00.47:715][  0]LogDerivedDataCache: Unable to find inner node Pak for hierarchical cache Hierarchy.
[2015.11.11-11.00.47:715][  0]LogDerivedDataCache: FDerivedDataBackendGraph:  CompressedPak pak cache file ../../../../../../Users/Spellabbet/Documents/GitHub/Balls-of-steel/BOS/DerivedDataCache/Compressed.ddp not found, will not use a pak cache.
[2015.11.11-11.00.47:715][  0]LogDerivedDataCache: Unable to find inner node CompressedPak for hierarchical cache Hierarchy.
[2015.11.11-11.00.48:187][  0]LogDerivedDataCache:Display: Pak cache opened for reading ../../../Engine/DerivedDataCache/Compressed.ddp.
[2015.11.11-11.00.48:265][  0]LogDerivedDataCache: Using Local data cache path C:/Users/Spellabbet/AppData/Local/UnrealEngine/Common/DerivedDataCache: Writable
[2015.11.11-11.01.28:281][  0]LogInit: Selected Device Profile: [Windows]
[2015.11.11-11.01.28:361][  0]LogContentStreaming: Texture pool size is 0.000000MB
[2015.11.11-11.01.30:539][  0]LogMeshUtilities: No automatic mesh reduction module available
[2015.11.11-11.01.30:539][  0]LogMeshUtilities: No automatic mesh merging module available
[2015.11.11-11.01.36:897][  0]LogInit: WinSock: version 1.1 (2.2), MaxSocks=32767, MaxUdp=65467
[2015.11.11-11.02.00:583][  0]UdpMessaging: Initializing bridge on interface 0.0.0.0:0 to multicast group 230.0.0.1:6666.
[2015.11.11-11.02.00:907][  0]LogLinker:Warning: Asset '../../../../../../Users/Spellabbet/Documents/GitHub/Balls-of-steel/BOS/Content/Rolling/Meshes/BallMesh.uasset' has been saved with empty engine version. The asset will be loaded but may be incompatible.
[2015.11.11-11.02.00:960][  0]LogLinker:Warning: Asset '../../../../../../Users/Spellabbet/Documents/GitHub/Balls-of-steel/BOS/Content/Rolling/Materials/M_Blue_Checker.uasset' has been saved with empty engine version. The asset will be loaded but may be incompatible.
[2015.11.11-11.02.01:008][  0]LogLinker:Warning: Asset '../../../../../../Users/Spellabbet/Documents/GitHub/Balls-of-steel/BOS/Content/Rolling/Materials/PM_Ball.uasset' has been saved with empty engine version. The asset will be loaded but may be incompatible.
[2015.11.11-11.02.03:858][  0]LogAssetRegistry: FAssetRegistry took 0.0214 seconds to start up
[2015.11.11-11.02.08:747][  0]SourceControl: Info Source control is disabled
[2015.11.11-11.02.08:770][  0]SourceControl: Info Source control is disabled
[2015.11.11-11.02.09:015][  0]SourceControl: Info Source control is disabled
[2015.11.11-11.02.09:108][  0]SourceControl: Info Source control is disabled
[2015.11.11-11.02.11:595][  0]LogLinker:Warning: Asset '../../../Engine/Plugins/Runtime/LeapMotionController/Content/LM_PassthroughMaterial.uasset' has been saved with empty engine version. The asset will be loaded but may be incompatible.
[2015.11.11-11.02.12:620][  0]LogObj: 29658 objects as part of root set at end of initial load.
[2015.11.11-11.02.12:620][  0]LogUObjectAllocator: 6508672 out of 0 bytes used by permanent object pool.
[2015.11.11-11.02.13:780][  0]LogEngine: Initializing Engine...
[2015.11.11-11.02.13:808][  0]LogHMD: Can't find Oculus library dev build: is proper Runtime installed? Version: 0.7.0.0
[2015.11.11-11.02.13:944][  0]LogHMD: SteamVR failed to initialize.  Err: 110
[2015.11.11-11.02.15:465][  0]LogAIModule: Creating AISystem for world NewWorld
[2015.11.11-11.02.15:644][  0]LogInit: XAudio2 using 'Speakers (4- High Definition Audio Device)' : 2 channels at 44.1 kHz using 16 bits per sample (channel mask 0x3)
[2015.11.11-11.02.15:709][  0]LogInit: FAudioDevice initialized.
[2015.11.11-11.02.15:734][  0]LogDerivedDataCache: Saved boot cache 0.03s 46MB C:/Users/Spellabbet/AppData/Local/UnrealEngine/4.9/DerivedDataCache/Boot.ddc.
[2015.11.11-11.02.15:738][  0]LogInit: Texture streaming: Enabled
[2015.11.11-11.02.15:745][  0]LogAnalytics: Creating configured Analytics provider AnalyticsET
[2015.11.11-11.02.15:765][  0]LogAnalytics: [UEEditor.Rocket.Release] APIServer = http://et2.epicgames.com/ET2/. AppVersion = 4.9.2-2707645+++depot+UE4-Releases+4.9
[2015.11.11-11.02.15:766][  0]LogAnalytics: [UEEditor.Rocket.Release] SetUserId 45933c9447afbf6f1ab999917f6accd0|8471e16762be488588a110ad13c08bd6|060e5e79-a789-49c4-8abd-5d8b330400a7
[2015.11.11-11.02.15:766][  0]LogAnalytics: [UEEditor.Rocket.Release] AnalyticsET::StartSession
[2015.11.11-11.02.15:966][  0]LogInit: Transaction tracking system initialized
[2015.11.11-11.02.17:923][  0]BlueprintLog: New page: Editor Load
[2015.11.11-11.02.25:157][  0]LocalizationService: Info Localization service is disabled
[2015.11.11-11.02.29:087][  0]LogConsoleResponse:Display: 
[2015.11.11-11.02.34:032][  0]LogFileCache: Scanning file cache for directory 'C:/Users/Spellabbet/Documents/GitHub/Balls-of-steel/BOS/Content/' took 0.01s
[2015.11.11-11.02.34:032][  0]LogCook:Display: Done creating registry. It took  0.00s.
[2015.11.11-11.02.39:228][  0]SourceControl: Info Source control is disabled
[2015.11.11-11.02.39:379][  0]Cmd: MAP LOAD FILE="../../../../../../Users/Spellabbet/Documents/GitHub/Balls-of-steel/BOS/Content/Maps/MainMenu.umap" TEMPLATE=0 SHOWPROGRESS=1 FEATURELEVEL=3
[2015.11.11-11.02.39:381][  0]LightingResults: New page: Lighting Build
[2015.11.11-11.02.39:829][  0]MapCheck: New page: Map Check
[2015.11.11-11.02.39:829][  0]LightingResults: New page: Lighting Build
[2015.11.11-11.02.40:495][  0]LogParticles: Destroying 0 GPU particle simulations for FXSystem 0x0000000441434400
[2015.11.11-11.02.46:390][  0]LogAIModule: Creating AISystem for world MainMenu
[2015.11.11-11.02.47:598][  0]LogEditorServer: Finished looking for orphan Actors (0.000 secs)
[2015.11.11-11.02.47:704][  0]Cmd: MAP CHECKDEP NOCLEARLOG
[2015.11.11-11.02.47:962][  0]MapCheck: Info Map check complete: 0 Error(s), 0 Warning(s), took 257.738ms to complete.
[2015.11.11-11.02.48:015][  0]LogFileHelpers: Loading map 'MainMenu' took 8.686
[2015.11.11-11.02.52:424][  0]LogCollectionManager: Loaded 0 collections in 0.006111 seconds
[2015.11.11-11.02.53:318][  0]LogFileCache: Scanning file cache for directory 'C:/Users/Spellabbet/Documents/GitHub/Balls-of-steel/BOS/Saved/Collections/' took 0.01s
[2015.11.11-11.02.53:318][  0]LogFileCache: Scanning file cache for directory 'C:/Users/Spellabbet/Documents/GitHub/Balls-of-steel/BOS/Content/Developers/Spellabbet/Collections/' took 0.01s
[2015.11.11-11.02.53:318][  0]LogFileCache: Scanning file cache for directory 'C:/Users/Spellabbet/Documents/GitHub/Balls-of-steel/BOS/Content/Collections/' took 0.01s
[2015.11.11-11.02.53:318][  0]LogContentBrowser: Native class hierarchy populated in 0.2776 seconds. Added 1875 classes and 335 folders.
[2015.11.11-11.02.53:798][  0]LogCollectionManager: Rebuilt the GUID cache for 0 collections in 0.000008 seconds
[2015.11.11-11.02.54:089][  0]LogContentBrowser: Native class hierarchy updated for 'WidgetCarousel' in 0.0042 seconds. Added 0 classes and 0 folders.
[2015.11.11-11.03.05:874][  0]LogContentBrowser: Native class hierarchy updated for 'AddContentDialog' in 0.0024 seconds. Added 0 classes and 0 folders.
[2015.11.11-11.03.06:215][  0]LogContentBrowser: Native class hierarchy updated for 'SceneOutliner' in 0.0043 seconds. Added 1 classes and 2 folders.
[2015.11.11-11.03.13:574][  0]LogCrashTracker: Crashtracker disabled due to settings.
[2015.11.11-11.03.13:937][  0]LogUObjectGlobals:Warning: Failed to find object 'Class None.'
[2015.11.11-11.03.14:151][  0]LogLoad: Full Startup: 199.84 seconds (BP compile: 1.48 seconds)
[2015.11.11-11.03.16:672][  0]LogContentStreaming: Texture pool size now 1000 MB
[2015.11.11-11.03.18:342][  0]LogRenderer: Reallocating scene render targets to support 1208x556 (Frame:2).
[2015.11.11-11.03.38:961][213]LogCollectionManager: Rebuilt the object cache for 0 collections in 0.000001 seconds (found 0 objects)
[2015.11.11-11.03.43:699][729]LogActorComponent: UnregisterComponent: (/Engine/Transient.ProjectileComp) Not registered. Aborting.
[2015.11.11-11.03.43:699][729]LogActorComponent: UnregisterComponent: (/Engine/Transient.ProjectileMovementComponent_0) Not registered. Aborting.
[2015.11.11-11.03.44:025][729]LogWindowsTextInputMethodSystem:Display: IME system now deactivated.
[2015.11.11-11.03.44:761][730]Cmd: QUIT_EDITOR
[2015.11.11-11.03.45:323][730]LogExit: Preparing to exit.
[2015.11.11-11.03.46:151][730]LogExit: Editor shut down
[2015.11.11-11.03.46:151][730]LogExit: Transaction tracking system shut down
[2015.11.11-11.03.46:504][730]LogParticles: Destroying 0 GPU particle simulations for FXSystem 0x000000042C15BB00
[2015.11.11-11.03.46:505][730]LogParticles: Destroying 0 GPU particle simulations for FXSystem 0x0000000441B88A40
[2015.11.11-11.03.46:505][730]LogParticles: Destroying 0 GPU particle simulations for FXSystem 0x000000044E975D00
[2015.11.11-11.03.46:505][730]LogParticles: Destroying 0 GPU particle simulations for FXSystem 0x00000004558CA200
[2015.11.11-11.03.47:455][730]LogExit: Object subsystem successfully closed.
[2015.11.11-11.03.47:671][730]LogD3D11RHI: Shutdown
[2015.11.11-11.03.47:671][730]LogD3D11RHI: CleanupD3DDevice
[2015.11.11-11.03.47:766][730]LogD3D11RHI: ~FD3D11DynamicRHI
[2015.11.11-11.03.48:338][730]LogModuleManager: Shutting down and abandoning module CrashTracker (198)
[2015.11.11-11.03.48:338][730]LogModuleManager: Shutting down and abandoning module SceneOutliner (197)
[2015.11.11-11.03.48:338][730]LogModuleManager: Shutting down and abandoning module SuperSearch (196)
[2015.11.11-11.03.48:338][730]LogModuleManager: Shutting down and abandoning module WidgetCarousel (195)
[2015.11.11-11.03.48:338][730]LogModuleManager: Shutting down and abandoning module AddContentDialog (194)
[2015.11.11-11.03.48:350][730]LogModuleManager: Shutting down and abandoning module EditorWidgets (193)
[2015.11.11-11.03.48:350][730]LogModuleManager: Shutting down and abandoning module CollectionManager (192)
[2015.11.11-11.03.48:351][730]LogModuleManager: Shutting down and abandoning module StatsViewer (191)
[2015.11.11-11.03.48:351][730]LogModuleManager: Shutting down and abandoning module FoliageEdit (190)
[2015.11.11-11.03.48:351][730]LogModuleManager: Shutting down and abandoning module LandscapeEditor (189)
[2015.11.11-11.03.48:384][730]LogModuleManager: Shutting down and abandoning module ActorPickerMode (188)
[2015.11.11-11.03.48:384][730]LogModuleManager: Shutting down and abandoning module GeometryMode (187)
[2015.11.11-11.03.48:384][730]LogModuleManager: Shutting down and abandoning module TextureAlignMode (186)
[2015.11.11-11.03.48:384][730]LogModuleManager: Shutting down and abandoning module BspMode (185)
[2015.11.11-11.03.48:384][730]LogModuleManager: Shutting down and abandoning module PlacementMode (184)
[2015.11.11-11.03.48:384][730]LogModuleManager: Shutting down and abandoning module AutomationWorker (183)
[2015.11.11-11.03.48:384][730]LogModuleManager: Shutting down and abandoning module CharacterAI (182)
[2015.11.11-11.03.48:384][730]LogModuleManager: Shutting down and abandoning module SmartSnapping (181)
[2015.11.11-11.03.48:384][730]LogModuleManager: Shutting down and abandoning module ViewportSnapping (180)
[2015.11.11-11.03.48:384][730]LogModuleManager: Shutting down and abandoning module LogVisualizer (179)
[2015.11.11-11.03.48:384][730]LogModuleManager: Shutting down and abandoning module GameProjectGeneration (178)
[2015.11.11-11.03.48:392][730]LogModuleManager: Shutting down and abandoning module IntroTutorials (177)
[2015.11.11-11.03.48:393][730]LogModuleManager: Shutting down and abandoning module EditorLiveStreaming (176)
[2015.11.11-11.03.48:393][730]LogModuleManager: Shutting down and abandoning module IOSPlatformEditor (175)
[2015.11.11-11.03.48:393][730]LogModuleManager: Shutting down and abandoning module HTML5PlatformEditor (174)
[2015.11.11-11.03.48:393][730]LogModuleManager: Shutting down and abandoning module AndroidDeviceDetection (173)
[2015.11.11-11.03.49:314][730]LogModuleManager: Shutting down and abandoning module AndroidPlatformEditor (172)
[2015.11.11-11.03.49:314][730]LogModuleManager: Shutting down and abandoning module IOSRuntimeSettings (171)
[2015.11.11-11.03.49:314][730]LogModuleManager: Shutting down and abandoning module AndroidRuntimeSettings (170)
[2015.11.11-11.03.49:314][730]LogModuleManager: Shutting down and abandoning module MergeActors (169)
[2015.11.11-11.03.49:457][730]LogModuleManager: Shutting down and abandoning module SizeMap (168)
[2015.11.11-11.03.49:457][730]LogModuleManager: Shutting down and abandoning module TreeMap (167)
[2015.11.11-11.03.49:458][730]LogModuleManager: Shutting down and abandoning module ReferenceViewer (166)
[2015.11.11-11.03.49:458][730]LogModuleManager: Shutting down and abandoning module LocalizationService (165)
[2015.11.11-11.03.49:458][730]LogModuleManager: Shutting down and abandoning module LocalizationDashboard (164)
[2015.11.11-11.03.49:461][730]LogModuleManager: Shutting down and abandoning module HardwareTargeting (163)
[2015.11.11-11.03.49:461][730]LogModuleManager: Shutting down and abandoning module DeviceProfileEditor (162)
[2015.11.11-11.03.49:461][730]LogModuleManager: Shutting down and abandoning module UndoHistory (161)
[2015.11.11-11.03.49:461][730]LogModuleManager: Shutting down and abandoning module GameplayTagsEditor (160)
[2015.11.11-11.03.49:462][730]LogModuleManager: Shutting down and abandoning module UserFeedback (159)
[2015.11.11-11.03.49:462][730]LogModuleManager: Shutting down and abandoning module XmlParser (158)
[2015.11.11-11.03.49:462][730]LogModuleManager: Shutting down and abandoning module Blutility (157)
[2015.11.11-11.03.49:462][730]LogModuleManager: Shutting down and abandoning module ProjectTargetPlatformEditor (156)
[2015.11.11-11.03.49:462][730]LogModuleManager: Shutting down and abandoning module ProjectSettingsViewer (155)
[2015.11.11-11.03.49:462][730]LogModuleManager: Shutting down and abandoning module InputBindingEditor (154)
[2015.11.11-11.03.49:465][730]LogModuleManager: Shutting down and abandoning module EditorSettingsViewer (153)
[2015.11.11-11.03.49:465][730]LogModuleManager: Shutting down and abandoning module SettingsEditor (152)
[2015.11.11-11.03.49:465][730]LogModuleManager: Shutting down and abandoning module ProjectLauncher (151)
[2015.11.11-11.03.49:469][730]LogModuleManager: Shutting down and abandoning module SessionFrontend (150)
[2015.11.11-11.03.49:469][730]LogModuleManager: Shutting down and abandoning module ProfilerClient (149)
[2015.11.11-11.03.49:473][730]LogModuleManager: Shutting down and abandoning module TargetDeviceServices (148)
[2015.11.11-11.03.49:473][730]LogModuleManager: Shutting down and abandoning module DeviceManager (147)
[2015.11.11-11.03.49:474][730]LogModuleManager: Shutting down and abandoning module AutomationController (146)
[2015.11.11-11.03.49:474][730]LogModuleManager: Shutting down and abandoning module AutomationWindow (145)
[2015.11.11-11.03.49:513][730]LogModuleManager: Shutting down and abandoning module Layers (144)
[2015.11.11-11.03.49:621][730]LogModuleManager: Shutting down and abandoning module ComponentVisualizers (143)
[2015.11.11-11.03.49:621][730]LogModuleManager: Shutting down and abandoning module DetailCustomizations (142)
[2015.11.11-11.03.49:621][730]LogModuleManager: Shutting down and abandoning module PackagesDialog (141)
[2015.11.11-11.03.49:622][730]LogModuleManager: Shutting down and abandoning module Persona (140)
[2015.11.11-11.03.49:674][730]LogModuleManager: Shutting down and abandoning module Kismet (139)
[2015.11.11-11.03.49:678][730]LogModuleManager: Shutting down and abandoning module GraphEditor (138)
[2015.11.11-11.03.50:914][730]LogModuleManager: Shutting down and abandoning module ClassViewer (137)
[2015.11.11-11.03.50:914][730]LogModuleManager: Shutting down and abandoning module Toolbox (136)
[2015.11.11-11.03.50:914][730]LogModuleManager: Shutting down and abandoning module ModuleUI (135)
[2015.11.11-11.03.51:558][730]LogModuleManager: Shutting down and abandoning module MovieSceneTools (134)
[2015.11.11-11.03.51:558][730]LogModuleManager: Shutting down and abandoning module OutputLog (133)
[2015.11.11-11.03.51:558][730]LogModuleManager: Shutting down and abandoning module GammaUI (132)
[2015.11.11-11.03.51:645][730]LogModuleManager: Shutting down and abandoning module Documentation (131)
[2015.11.11-11.03.51:645][730]LogModuleManager: Shutting down and abandoning module GameLiveStreaming (130)
[2015.11.11-11.03.51:645][730]LogModuleManager: Shutting down and abandoning module StreamingPauseRendering (129)
[2015.11.11-11.03.51:645][730]LogModuleManager: Shutting down and abandoning module AnalyticsET (128)
[2015.11.11-11.03.51:645][730]LogModuleManager: Shutting down and abandoning module Analytics (127)
[2015.11.11-11.03.51:645][730]LogModuleManager: Shutting down and abandoning module AITestSuite (126)
[2015.11.11-11.03.51:645][730]LogModuleManager: Shutting down and abandoning module GameplayDebugger (125)
[2015.11.11-11.03.51:645][730]LogModuleManager: Shutting down and abandoning module AIModule (124)
[2015.11.11-11.03.51:645][730]LogModuleManager: Shutting down and abandoning module ProfilerService (123)
[2015.11.11-11.03.51:794][730]LogModuleManager: Shutting down and abandoning module TaskGraph (122)
[2015.11.11-11.03.51:794][730]LogModuleManager: Shutting down and abandoning module SlateRemote (121)
[2015.11.11-11.03.51:794][730]LogModuleManager: Shutting down and abandoning module SteamVRController (120)
[2015.11.11-11.03.51:794][730]LogModuleManager: Shutting down and abandoning module SteamVR (119)
[2015.11.11-11.03.51:794][730]LogModuleManager: Shutting down and abandoning module ProceduralMeshComponent (118)
[2015.11.11-11.03.51:794][730]LogModuleManager: Shutting down and abandoning module OculusRift (117)
[2015.11.11-11.03.51:794][730]LogModuleManager: Shutting down and abandoning module OculusLibrary (116)
[2015.11.11-11.03.51:794][730]LogModuleManager: Shutting down and abandoning module LeapMotionController (115)
[2015.11.11-11.03.51:809][730]LogModuleManager: Shutting down and abandoning module CustomMeshComponent (114)
[2015.11.11-11.03.51:860][730]LogModuleManager: Shutting down and abandoning module CableComponent (113)
[2015.11.11-11.03.51:860][730]LogModuleManager: Shutting down and abandoning module ArchVisCharacter (112)
[2015.11.11-11.03.51:860][730]LogModuleManager: Shutting down and abandoning module MessagingDebugger (111)
[2015.11.11-11.03.51:861][730]LogModuleManager: Shutting down and abandoning module MediaPlayerEditor (110)
[2015.11.11-11.03.51:864][730]LogModuleManager: Shutting down and abandoning module HTML5Networking (109)
[2015.11.11-11.03.51:864][730]LogModuleManager: Shutting down and abandoning module SpeedTreeImporter (108)
[2015.11.11-11.03.51:864][730]LogModuleManager: Shutting down and abandoning module PluginBrowser (107)
[2015.11.11-11.03.51:864][730]LogModuleManager: Shutting down and abandoning module EpicSurvey (106)
[2015.11.11-11.03.51:864][730]LogModuleManager: Shutting down and abandoning module DesktopPlatform (105)
[2015.11.11-11.03.51:864][730]LogModuleManager: Shutting down and abandoning module VisualStudioSourceCodeAccess (104)
[2015.11.11-11.03.51:864][730]LogModuleManager: Shutting down and abandoning module UObjectPlugin (103)
[2015.11.11-11.03.51:864][730]LogModuleManager: Shutting down and abandoning module SubversionSourceControl (102)
[2015.11.11-11.03.51:865][730]LogModuleManager: Shutting down and abandoning module PerforceSourceControl (101)
[2015.11.11-11.03.51:865][730]LogModuleManager: Shutting down and abandoning module SourceControl (100)
[2015.11.11-11.03.51:865][730]LogModuleManager: Shutting down and abandoning module GitSourceControl (99)
[2015.11.11-11.03.51:865][730]LogModuleManager: Shutting down and abandoning module LightPropagationVolumeEditor (98)
[2015.11.11-11.03.51:865][730]LogModuleManager: Shutting down and abandoning module PaperTiledImporter (97)
[2015.11.11-11.03.51:865][730]LogModuleManager: Shutting down and abandoning module PaperSpriteSheetImporter (96)
[2015.11.11-11.03.51:865][730]LogModuleManager: Shutting down and abandoning module MeshPaint (95)
[2015.11.11-11.03.51:865][730]LogModuleManager: Shutting down and abandoning module SlateReflector (94)
[2015.11.11-11.03.52:209][730]LogModuleManager: Shutting down and abandoning module HotReload (93)
[2015.11.11-11.03.52:209][730]LogModuleManager: Shutting down and abandoning module MainFrame (92)
[2015.11.11-11.03.52:209][730]LogModuleManager: Shutting down and abandoning module LevelEditor (91)
[2015.11.11-11.03.52:246][730]LogModuleManager: Shutting down and abandoning module DirectoryWatcher (90)
[2015.11.11-11.03.52:246][730]LogModuleManager: Shutting down and abandoning module AssetRegistry (89)
[2015.11.11-11.03.52:901][730]LogModuleManager: Shutting down and abandoning module ContentBrowser (88)
[2015.11.11-11.03.52:901][730]LogModuleManager: Shutting down and abandoning module Paper2DEditor (87)
[2015.11.11-11.03.53:065][730]LogModuleManager: Shutting down and abandoning module BOS (86)
[2015.11.11-11.03.53:065][730]LogModuleManager: Shutting down and abandoning module UdpMessaging (85)
[2015.11.11-11.03.53:166][730]LogModuleManager: Shutting down and abandoning module LightPropagationVolumeRuntime (84)
[2015.11.11-11.03.53:166][730]LogModuleManager: Shutting down and abandoning module Paper2D (83)
[2015.11.11-11.03.53:166][730]LogModuleManager: Shutting down and abandoning module WindowsMoviePlayer (82)
[2015.11.11-11.03.53:171][730]LogModuleManager: Shutting down and abandoning module Media (81)
[2015.11.11-11.03.53:171][730]LogModuleManager: Shutting down and abandoning module WmfMedia (80)
[2015.11.11-11.03.53:171][730]LogModuleManager: Shutting down and abandoning module OnlineBlueprintSupport (79)
[2015.11.11-11.03.53:171][730]LogModuleManager: Shutting down and abandoning module GameplayTasksEditor (78)
[2015.11.11-11.03.53:171][730]LogModuleManager: Shutting down and abandoning module PropertyEditor (77)
[2015.11.11-11.03.53:172][730]LogModuleManager: Shutting down and abandoning module BehaviorTreeEditor (76)
[2015.11.11-11.03.53:258][730]LogModuleManager: Shutting down and abandoning module FunctionalTesting (75)
[2015.11.11-11.03.53:258][730]LogModuleManager: Shutting down and abandoning module CollisionAnalyzer (74)
[2015.11.11-11.03.53:258][730]LogModuleManager: Shutting down and abandoning module WorkspaceMenuStructure (73)
[2015.11.11-11.03.53:258][730]LogModuleManager: Shutting down and abandoning module MessageLog (72)
[2015.11.11-11.03.53:258][730]LogModuleManager: Shutting down and abandoning module Sequencer (71)
[2015.11.11-11.03.53:333][730]LogModuleManager: Shutting down and abandoning module AssetTools (70)
[2015.11.11-11.03.53:534][730]LogModuleManager: Shutting down and abandoning module UMGEditor (69)
[2015.11.11-11.03.53:571][730]LogModuleManager: Shutting down and abandoning module UMG (68)
[2015.11.11-11.03.53:571][730]LogModuleManager: Shutting down and abandoning module Slate (67)
[2015.11.11-11.03.53:571][730]LogModuleManager: Shutting down and abandoning module EditorStyle (66)
[2015.11.11-11.03.53:574][730]LogModuleManager: Shutting down and abandoning module SessionServices (65)
[2015.11.11-11.03.53:575][730]LogModuleManager: Shutting down and abandoning module SourceCodeAccess (64)
[2015.11.11-11.03.53:575][730]LogModuleManager: Shutting down and abandoning module HeadMountedDisplay (63)
[2015.11.11-11.03.53:575][730]LogModuleManager: Shutting down and abandoning module XAudio2 (62)
[2015.11.11-11.03.53:575][730]LogModuleManager: Shutting down and abandoning module Networking (60)
[2015.11.11-11.03.53:575][730]LogModuleManager: Shutting down and abandoning module Core (59)
[2015.11.11-11.03.53:575][730]LogModuleManager: Shutting down and abandoning module KismetCompiler (58)
[2015.11.11-11.03.53:575][730]LogModuleManager: Shutting down and abandoning module PhysXFormats (57)
[2015.11.11-11.03.53:575][730]LogModuleManager: Shutting down and abandoning module MeshUtilities (56)
[2015.11.11-11.03.53:583][730]LogModuleManager: Shutting down and abandoning module CookingStats (55)
[2015.11.11-11.03.53:584][730]LogModuleManager: Shutting down and abandoning module DerivedDataCache (54)
[2015.11.11-11.03.53:602][730]LogDerivedDataCache: Shutdown
[2015.11.11-11.03.53:602][730]LogModuleManager: Shutting down and abandoning module ShaderFormatOpenGL (53)
[2015.11.11-11.03.53:633][730]LogModuleManager: Shutting down and abandoning module ShaderFormatD3D (52)
[2015.11.11-11.03.53:633][730]LogModuleManager: Shutting down and abandoning module MetalShaderFormat (51)
[2015.11.11-11.03.53:664][730]LogModuleManager: Shutting down and abandoning module TextureFormatUncompressed (50)
[2015.11.11-11.03.53:664][730]LogModuleManager: Shutting down and abandoning module TextureFormatPVR (49)
[2015.11.11-11.03.53:664][730]LogModuleManager: Shutting down and abandoning module TextureFormatIntelISPCTexComp (48)
[2015.11.11-11.03.53:664][730]LogModuleManager: Shutting down and abandoning module TextureFormatDXT (47)
[2015.11.11-11.03.53:664][730]LogModuleManager: Shutting down and abandoning module ImageWrapper (46)
[2015.11.11-11.03.53:664][730]LogModuleManager: Shutting down and abandoning module TextureFormatASTC (45)
[2015.11.11-11.03.53:664][730]LogModuleManager: Shutting down and abandoning module TextureFormatAndroid (44)
[2015.11.11-11.03.53:664][730]LogModuleManager: Shutting down and abandoning module AudioFormatOpus (43)
[2015.11.11-11.03.53:664][730]LogModuleManager: Shutting down and abandoning module AudioFormatOgg (42)
[2015.11.11-11.03.53:664][730]LogModuleManager: Shutting down and abandoning module AudioFormatADPCM (41)
[2015.11.11-11.03.53:664][730]LogModuleManager: Shutting down and abandoning module LinuxTargetPlatform (40)
[2015.11.11-11.03.53:664][730]LogModuleManager: Shutting down and abandoning module LinuxServerTargetPlatform (39)
[2015.11.11-11.03.53:664][730]LogModuleManager: Shutting down and abandoning module LinuxNoEditorTargetPlatform (38)
[2015.11.11-11.03.53:664][730]LogModuleManager: Shutting down and abandoning module Messaging (37)
[2015.11.11-11.03.53:664][730]LogModuleManager: Shutting down and abandoning module IOSTargetPlatform (36)
[2015.11.11-11.03.53:664][730]LogModuleManager: Shutting down and abandoning module HTML5TargetPlatform (35)
[2015.11.11-11.03.53:664][730]LogModuleManager: Shutting down and abandoning module Android_PVRTCTargetPlatform (34)
[2015.11.11-11.03.53:664][730]LogModuleManager: Shutting down and abandoning module Android_ETC2TargetPlatform (33)
[2015.11.11-11.03.53:664][730]LogModuleManager: Shutting down and abandoning module Android_ETC1TargetPlatform (32)
[2015.11.11-11.03.53:664][730]LogModuleManager: Shutting down and abandoning module Android_DXTTargetPlatform (31)
[2015.11.11-11.03.53:664][730]LogModuleManager: Shutting down and abandoning module Android_ATCTargetPlatform (30)
[2015.11.11-11.03.53:664][730]LogModuleManager: Shutting down and abandoning module Android_ASTCTargetPlatform (29)
[2015.11.11-11.03.53:664][730]LogModuleManager: Shutting down and abandoning module AndroidTargetPlatform (28)
[2015.11.11-11.03.53:664][730]LogModuleManager: Shutting down and abandoning module WindowsTargetPlatform (27)
[2015.11.11-11.03.53:664][730]LogModuleManager: Shutting down and abandoning module WindowsServerTargetPlatform (26)
[2015.11.11-11.03.53:664][730]LogModuleManager: Shutting down and abandoning module WindowsNoEditorTargetPlatform (25)
[2015.11.11-11.03.53:664][730]LogModuleManager: Shutting down and abandoning module WindowsClientTargetPlatform (24)
[2015.11.11-11.03.53:664][730]LogModuleManager: Shutting down and abandoning module AllDesktopTargetPlatform (23)
[2015.11.11-11.03.53:664][730]LogModuleManager: Shutting down and abandoning module TargetPlatform (22)
[2015.11.11-11.03.53:664][730]LogModuleManager: Shutting down and abandoning module InputCore (21)
[2015.11.11-11.03.53:664][730]LogModuleManager: Shutting down and abandoning module Settings (20)
[2015.11.11-11.03.53:664][730]LogModuleManager: Shutting down and abandoning module OnlineSubsystem (18)
[2015.11.11-11.03.53:664][730]LogModuleManager: Shutting down and abandoning module HTTP (17)
[2015.11.11-11.03.55:668][730]LogModuleManager: Shutting down and abandoning module XMPP (16)
[2015.11.11-11.03.55:745][730]LogModuleManager: Shutting down and abandoning module ExampleDeviceProfileSelector (15)
[2015.11.11-11.03.55:745][730]LogModuleManager: Shutting down and abandoning module TextureCompressor (14)
[2015.11.11-11.03.55:805][730]LogModuleManager: Shutting down and abandoning module ShaderCore (13)
[2015.11.11-11.03.55:805][730]LogModuleManager: Shutting down and abandoning module Landscape (12)
[2015.11.11-11.03.55:805][730]LogModuleManager: Shutting down and abandoning module SlateRHIRenderer (11)
[2015.11.11-11.03.55:806][730]LogModuleManager: Shutting down and abandoning module OpenGLDrv (10)
[2015.11.11-11.03.55:808][730]LogModuleManager: Shutting down and abandoning module D3D11RHI (9)
[2015.11.11-11.03.55:808][730]LogModuleManager: Shutting down and abandoning module AnimGraphRuntime (8)
[2015.11.11-11.03.55:808][730]LogModuleManager: Shutting down and abandoning module Renderer (7)
[2015.11.11-11.03.55:808][730]LogModuleManager: Shutting down and abandoning module Engine (6)
[2015.11.11-11.03.55:808][730]LogModuleManager: Shutting down and abandoning module CoreUObject (5)
[2015.11.11-11.03.55:808][730]LogModuleManager: Shutting down and abandoning module NetworkFile (4)
[2015.11.11-11.03.55:810][730]LogModuleManager: Shutting down and abandoning module StreamingFile (3)
[2015.11.11-11.03.55:810][730]LogModuleManager: Shutting down and abandoning module SandboxFile (2)
[2015.11.11-11.03.55:810][730]LogModuleManager: Shutting down and abandoning module PakFile (1)
[2015.11.11-11.03.55:810][730]LogExit: Exiting.
[2015.11.11-11.03.55:813][730]Log file closed, 11/11/15 12:03:55
