[2015.12.04-10.17.34:770][  0]Log file open, 12/04/15 11:17:34
[2015.12.04-10.17.34:770][  0]LogInit:Display: Running engine for game: BOS
[2015.12.04-10.17.34:770][  0]LogInit:Display: RandInit(-950403079) SRandInit(-950403079).
[2015.12.04-10.17.34:770][  0]LogTaskGraph: Started task graph with 4 named threads and 7 total threads.
[2015.12.04-10.17.34:770][  0]LogStats: Stats thread started at 0.068673
[2015.12.04-10.17.34:770][  0]LogInit: Version: 4.9.1-2689999+++depot+UE4-Releases+4.9
[2015.12.04-10.17.34:770][  0]LogInit: API Version: 2672455
[2015.12.04-10.17.34:770][  0]LogInit: Compiled (64-bit): Sep 14 2015 04:12:03
[2015.12.04-10.17.34:770][  0]LogInit: Compiled with Visual C++: 18.00.21005.01
[2015.12.04-10.17.34:770][  0]LogInit: Build Configuration: Development
[2015.12.04-10.17.34:770][  0]LogInit: Branch Name: ++depot+UE4-Releases+4.9
[2015.12.04-10.17.34:770][  0]LogInit: Command line:  
[2015.12.04-10.17.34:770][  0]LogInit: Base directory: C:/Program Files/Epic Games/4.9/Engine/Binaries/Win64/
[2015.12.04-10.17.34:770][  0]LogInit: Rocket: 1
[2015.12.04-10.17.34:779][  0]LogInit: Using libcurl 7.41.0
[2015.12.04-10.17.34:779][  0]LogInit:  - built for x86_64-pc-win32
[2015.12.04-10.17.34:779][  0]LogInit:  - supports SSL with WinSSL
[2015.12.04-10.17.34:779][  0]LogInit:  - other features:
[2015.12.04-10.17.34:779][  0]LogInit:      CURL_VERSION_SSL
[2015.12.04-10.17.34:779][  0]LogInit:      CURL_VERSION_IPV6
[2015.12.04-10.17.34:779][  0]LogInit:      CURL_VERSION_ASYNCHDNS
[2015.12.04-10.17.34:779][  0]LogInit:      CURL_VERSION_LARGEFILE
[2015.12.04-10.17.34:779][  0]LogInit:      CURL_VERSION_IDN
[2015.12.04-10.17.34:779][  0]LogInit:  CurlRequestOptions (configurable via config and command line):
[2015.12.04-10.17.34:779][  0]LogInit:  - bVerifyPeer = true  - Libcurl will verify peer certificate
[2015.12.04-10.17.34:779][  0]LogInit:  - bUseHttpProxy = false  - Libcurl will NOT use HTTP proxy
[2015.12.04-10.17.34:779][  0]LogInit:  - bDontReuseConnections = false  - Libcurl will reuse connections
[2015.12.04-10.17.34:779][  0]LogInit:  - CertBundlePath = nullptr  - Libcurl will use whatever was configured at build time.
[2015.12.04-10.17.34:785][  0]LogInit: Presizing for 0 objects not considered by GC, pre-allocating 0 bytes.
[2015.12.04-10.17.34:790][  0]LogInit: Object subsystem initialized
[2015.12.04-10.17.34:791][  0]LogInit: Selected Device Profile: [Windows]
[2015.12.04-10.17.34:791][  0]LogInit: Applying CVar settings loaded from the selected device profile: [Windows]
[2015.12.04-10.17.34:798][  0]LogInit: Computer: SpellabbA332-05
[2015.12.04-10.17.34:798][  0]LogInit: User: Spellabbet
[2015.12.04-10.17.34:798][  0]LogInit: CPU Page size=4096, Cores=4
[2015.12.04-10.17.34:798][  0]LogInit: High frequency timer resolution =3.507524 MHz
[2015.12.04-10.17.34:798][  0]LogMemory: Memory total: Physical=15.9GB (16GB approx)
[2015.12.04-10.17.34:798][  0]LogMemory: Platform Memory Stats for Windows
[2015.12.04-10.17.34:798][  0]LogMemory: Process Physical Memory: 52.52 MB used, 52.52 MB peak
[2015.12.04-10.17.34:798][  0]LogMemory: Process Virtual Memory: 55.07 MB used, 55.07 MB peak
[2015.12.04-10.17.34:798][  0]LogMemory: Physical Memory: 2508.61 MB used, 16318.82 MB total
[2015.12.04-10.17.34:798][  0]LogMemory: Virtual Memory: 347.36 MB used, 134217728.00 MB total
[2015.12.04-10.17.34:825][  0]LogTextLocalizationManager: No translations for ('sv-SE') exist, falling back to 'en' for localization and internationalization data.
[2015.12.04-10.17.35:426][  0]LogD3D11RHI: Found D3D11 adapter 0: NVIDIA GeForce GTX 960 (Feature Level 11_0)
[2015.12.04-10.17.35:426][  0]LogD3D11RHI: Adapter has 1965MB of dedicated video memory, 0MB of dedicated system memory, and 2048MB of shared system memory, 1 output[s]
[2015.12.04-10.17.35:428][  0]LogD3D11RHI: Found D3D11 adapter 1: Microsoft Basic Render Driver (Feature Level 11_0)
[2015.12.04-10.17.35:428][  0]LogD3D11RHI: Adapter has 0MB of dedicated video memory, 0MB of dedicated system memory, and 256MB of shared system memory, 0 output[s]
[2015.12.04-10.17.35:428][  0]LogD3D11RHI: Chosen D3D11 Adapter Id = 0
[2015.12.04-10.17.35:431][  0]LogD3D11RHI: !Direct3DDevice
[2015.12.04-10.17.35:431][  0]LogRHI: Texture pool is 1361 MB (70% of 1945 MB)
[2015.12.04-10.17.35:440][  0]LogD3D11RHI: Async texture creation enabled
[2015.12.04-10.17.35:456][  0]LogShaderCompilers: Guid format shader working directory is 15 characters bigger than the processId version (../../../../../../Users/Spellabbet/Documents/Unreal Projects/Balls-of-steel/BOS/Intermediate/Shaders/WorkingDirectory/5940/).
[2015.12.04-10.17.35:456][  0]LogShaderCompilers: Cleaned the shader compiler working directory '../../../../../../Users/Spellabbet/Documents/Unreal Projects/Balls-of-steel/BOS/Intermediate/Shaders/tmp/C3E85DDB4196AB855DD630BB40E7DABB/'.
[2015.12.04-10.17.35:456][  0]LogShaderCompilers:Display: Using Local Shader Compiler.
[2015.12.04-10.17.36:338][  0]LogTemp:Display: Loaded TP AllDesktopTargetPlatform
[2015.12.04-10.17.36:342][  0]LogTemp:Display: Loaded TP WindowsClientTargetPlatform
[2015.12.04-10.17.36:346][  0]LogTemp:Display: Loaded TP WindowsNoEditorTargetPlatform
[2015.12.04-10.17.36:350][  0]LogTemp:Display: Loaded TP WindowsServerTargetPlatform
[2015.12.04-10.17.36:354][  0]LogTemp:Display: Loaded TP WindowsTargetPlatform
[2015.12.04-10.17.36:356][  0]LogTemp:Display: Loaded TP AndroidTargetPlatform
[2015.12.04-10.17.36:359][  0]LogTemp:Display: Loaded TP Android_ASTCTargetPlatform
[2015.12.04-10.17.36:362][  0]LogTemp:Display: Loaded TP Android_ATCTargetPlatform
[2015.12.04-10.17.36:364][  0]LogTemp:Display: Loaded TP Android_DXTTargetPlatform
[2015.12.04-10.17.36:367][  0]LogTemp:Display: Loaded TP Android_ETC1TargetPlatform
[2015.12.04-10.17.36:370][  0]LogTemp:Display: Loaded TP Android_ETC2TargetPlatform
[2015.12.04-10.17.36:372][  0]LogTemp:Display: Loaded TP Android_PVRTCTargetPlatform
[2015.12.04-10.17.36:373][  0]LogTemp:Display: Loaded TP HTML5TargetPlatform
[2015.12.04-10.17.36:389][  0]LogTemp:Display: Loaded TP IOSTargetPlatform
[2015.12.04-10.17.36:391][  0]LogTemp:Display: Loaded TP LinuxNoEditorTargetPlatform
[2015.12.04-10.17.36:394][  0]LogTemp:Display: Loaded TP LinuxServerTargetPlatform
[2015.12.04-10.17.36:396][  0]LogTemp:Display: Loaded TP LinuxTargetPlatform
[2015.12.04-10.17.36:397][  0]LogTargetPlatformManager:Display: Building Assets For Windows
[2015.12.04-10.17.36:464][  0]LogDerivedDataCache:Display: Max Cache Size: 512 MB
[2015.12.04-10.17.36:503][  0]LogDerivedDataCache: Loaded boot cache 0.04s 47MB C:/Users/Spellabbet/AppData/Local/UnrealEngine/4.9/DerivedDataCache/Boot.ddc.
[2015.12.04-10.17.36:503][  0]LogDerivedDataCache:Display: Loaded Boot cache: C:/Users/Spellabbet/AppData/Local/UnrealEngine/4.9/DerivedDataCache/Boot.ddc
[2015.12.04-10.17.36:503][  0]LogDerivedDataCache: FDerivedDataBackendGraph:  Pak pak cache file ../../../../../../Users/Spellabbet/Documents/Unreal Projects/Balls-of-steel/BOS/DerivedDataCache/DDC.ddp not found, will not use a pak cache.
[2015.12.04-10.17.36:503][  0]LogDerivedDataCache: Unable to find inner node Pak for hierarchical cache Hierarchy.
[2015.12.04-10.17.36:503][  0]LogDerivedDataCache: FDerivedDataBackendGraph:  CompressedPak pak cache file ../../../../../../Users/Spellabbet/Documents/Unreal Projects/Balls-of-steel/BOS/DerivedDataCache/Compressed.ddp not found, will not use a pak cache.
[2015.12.04-10.17.36:503][  0]LogDerivedDataCache: Unable to find inner node CompressedPak for hierarchical cache Hierarchy.
[2015.12.04-10.17.36:612][  0]LogDerivedDataCache:Display: Pak cache opened for reading ../../../Engine/DerivedDataCache/Compressed.ddp.
[2015.12.04-10.17.36:624][  0]LogDerivedDataCache: Using Local data cache path C:/Users/Spellabbet/AppData/Local/UnrealEngine/Common/DerivedDataCache: Writable
[2015.12.04-10.17.36:763][  0]LogInit: Selected Device Profile: [Windows]
[2015.12.04-10.17.36:765][  0]LogContentStreaming: Texture pool size is 0.000000MB
[2015.12.04-10.17.36:862][  0]LogMeshUtilities: No automatic mesh reduction module available
[2015.12.04-10.17.36:862][  0]LogMeshUtilities: No automatic mesh merging module available
[2015.12.04-10.17.37:045][  0]LogInit: WinSock: version 1.1 (2.2), MaxSocks=32767, MaxUdp=65467
[2015.12.04-10.17.37:580][  0]UdpMessaging: Initializing bridge on interface 0.0.0.0:0 to multicast group 230.0.0.1:6666.
[2015.12.04-10.17.37:648][  0]LogLinker:Warning: Asset '../../../../../../Users/Spellabbet/Documents/Unreal Projects/Balls-of-steel/BOS/Content/Rolling/Materials/M_Blue_Checker.uasset' has been saved with empty engine version. The asset will be loaded but may be incompatible.
[2015.12.04-10.17.37:789][  0]LogAssetRegistry: FAssetRegistry took 0.0112 seconds to start up
[2015.12.04-10.17.37:924][  0]SourceControl: Info Source control is disabled
[2015.12.04-10.17.37:925][  0]SourceControl: Info Source control is disabled
[2015.12.04-10.17.37:936][  0]SourceControl: Info Source control is disabled
[2015.12.04-10.17.37:945][  0]SourceControl: Info Source control is disabled
[2015.12.04-10.17.38:072][  0]LogLinker:Warning: Asset '../../../Engine/Plugins/Runtime/LeapMotionController/Content/LM_PassthroughMaterial.uasset' has been saved with empty engine version. The asset will be loaded but may be incompatible.
[2015.12.04-10.17.38:149][  0]LogObj: 30631 objects as part of root set at end of initial load.
[2015.12.04-10.17.38:149][  0]LogUObjectAllocator: 6847296 out of 0 bytes used by permanent object pool.
[2015.12.04-10.17.38:198][  0]LogEngine: Initializing Engine...
[2015.12.04-10.17.38:200][  0]LogHMD: Can't find Oculus library dev build: is proper Runtime installed? Version: 0.7.0.0
[2015.12.04-10.17.38:200][  0]LogHMD: SteamVR failed to initialize.  Err: 110
[2015.12.04-10.17.38:290][  0]LogAIModule: Creating AISystem for world NewWorld
[2015.12.04-10.17.38:294][  0]LogInit: XAudio2 using 'Speakers (4- High Definition Audio Device)' : 2 channels at 44.1 kHz using 16 bits per sample (channel mask 0x3)
[2015.12.04-10.17.38:300][  0]LogInit: FAudioDevice initialized.
[2015.12.04-10.17.38:319][  0]LogDerivedDataCache: Saved boot cache 0.02s 47MB C:/Users/Spellabbet/AppData/Local/UnrealEngine/4.9/DerivedDataCache/Boot.ddc.
[2015.12.04-10.17.38:323][  0]LogInit: Texture streaming: Enabled
[2015.12.04-10.17.38:327][  0]LogAnalytics: Creating configured Analytics provider AnalyticsET
[2015.12.04-10.17.38:327][  0]LogAnalytics: [UEEditor.Rocket.Release] APIServer = http://et2.epicgames.com/ET2/. AppVersion = 4.9.1-2689999+++depot+UE4-Releases+4.9
[2015.12.04-10.17.38:327][  0]LogAnalytics: [UEEditor.Rocket.Release] SetUserId fc50aaa14c34ed003df04597b34f483e|4341a5fd2eb34d5fac8b0ca63d21fc83|060e5e79-a789-49c4-8abd-5d8b330400a7
[2015.12.04-10.17.38:327][  0]LogAnalytics: [UEEditor.Rocket.Release] AnalyticsET::StartSession
[2015.12.04-10.17.38:343][  0]LogInit: Transaction tracking system initialized
[2015.12.04-10.17.38:363][  0]BlueprintLog: New page: Editor Load
[2015.12.04-10.17.38:424][  0]LocalizationService: Info Localization service is disabled
[2015.12.04-10.17.38:487][  0]LogConsoleResponse:Display: 
[2015.12.04-10.17.38:578][  0]LogCook:Display: Done creating registry. It took  0.00s.
[2015.12.04-10.17.38:624][  0]LogFileCache: Scanning file cache for directory 'C:/Users/Spellabbet/Documents/Unreal Projects/Balls-of-steel/BOS/Content/' took 0.01s
[2015.12.04-10.17.38:624][  0]SourceControl: Info Source control is disabled
[2015.12.04-10.17.38:624][  0]Cmd: MAP LOAD FILE="../../../../../../Users/Spellabbet/Documents/Unreal Projects/Balls-of-steel/BOS/Content/Maps/MainMenu.umap" TEMPLATE=0 SHOWPROGRESS=1 FEATURELEVEL=3
[2015.12.04-10.17.38:625][  0]LightingResults: New page: Lighting Build
[2015.12.04-10.17.38:627][  0]MapCheck: New page: Map Check
[2015.12.04-10.17.38:627][  0]LightingResults: New page: Lighting Build
[2015.12.04-10.17.38:637][  0]LogParticles: Destroying 0 GPU particle simulations for FXSystem 0x0000007FD1E82AC0
[2015.12.04-10.17.38:743][  0]LogAIModule: Creating AISystem for world MainMenu
[2015.12.04-10.17.38:752][  0]LogEditorServer: Finished looking for orphan Actors (0.000 secs)
[2015.12.04-10.17.38:752][  0]Cmd: MAP CHECKDEP NOCLEARLOG
[2015.12.04-10.17.38:788][  0]MapCheck: Info Map check complete: 0 Error(s), 0 Warning(s), took 35.667ms to complete.
[2015.12.04-10.17.38:788][  0]LogFileHelpers: Loading map 'MainMenu' took 0.164
[2015.12.04-10.17.38:875][  0]LogCollectionManager: Loaded 0 collections in 0.001524 seconds
[2015.12.04-10.17.38:915][  0]LogFileCache: Scanning file cache for directory 'C:/Users/Spellabbet/Documents/Unreal Projects/Balls-of-steel/BOS/Saved/Collections/' took 0.01s
[2015.12.04-10.17.38:915][  0]LogFileCache: Scanning file cache for directory 'C:/Users/Spellabbet/Documents/Unreal Projects/Balls-of-steel/BOS/Content/Developers/Spellabbet/Collections/' took 0.01s
[2015.12.04-10.17.38:915][  0]LogFileCache: Scanning file cache for directory 'C:/Users/Spellabbet/Documents/Unreal Projects/Balls-of-steel/BOS/Content/Collections/' took 0.01s
[2015.12.04-10.17.38:915][  0]LogContentBrowser: Native class hierarchy populated in 0.0068 seconds. Added 1875 classes and 335 folders.
[2015.12.04-10.17.38:919][  0]LogCollectionManager: Rebuilt the GUID cache for 0 collections in 0.000002 seconds
[2015.12.04-10.17.38:925][  0]LogContentBrowser: Native class hierarchy updated for 'WidgetCarousel' in 0.0009 seconds. Added 0 classes and 0 folders.
[2015.12.04-10.17.38:953][  0]LogContentBrowser: Native class hierarchy updated for 'AddContentDialog' in 0.0009 seconds. Added 0 classes and 0 folders.
[2015.12.04-10.17.38:960][  0]LogContentBrowser: Native class hierarchy updated for 'SceneOutliner' in 0.0009 seconds. Added 1 classes and 2 folders.
[2015.12.04-10.17.38:974][  0]LogCrashTracker: Crashtracker disabled due to settings.
[2015.12.04-10.17.38:977][  0]LogUObjectGlobals:Warning: Failed to find object 'Class None.'
[2015.12.04-10.17.38:999][  0]LogLoad: Full Startup: 5.01 seconds (BP compile: 0.04 seconds)
[2015.12.04-10.17.39:370][  0]LogContentStreaming: Texture pool size now 1000 MB
[2015.12.04-10.17.39:461][  0]LogRenderer: Reallocating scene render targets to support 1048x556 (Frame:2).
[2015.12.04-10.17.40:343][  3]LogAssetRegistry: Asset discovery search completed in 2.5654 seconds
[2015.12.04-10.17.40:343][  3]LogCollectionManager: Rebuilt the object cache for 0 collections in 0.000001 seconds (found 0 objects)
[2015.12.04-10.17.40:343][  3]LogCollectionManager: Fixed up redirectors for 0 collections in 0.000036 seconds (updated 0 objects)
[2015.12.04-10.17.41:847][135]LogBlueprintUserMessages: Early PlayInEditor Detection: Level '/Game/Maps/MainMenu.MainMenu:PersistentLevel' has LevelScriptBlueprint '/Game/Maps/MainMenu.MainMenu:PersistentLevel.MainMenu' with GeneratedClass '/Game/Maps/MainMenu.MainMenu_C' with ClassGeneratedBy '/Game/Maps/MainMenu.MainMenu:PersistentLevel.MainMenu'
[2015.12.04-10.17.41:847][135]LogPlayLevel: PlayLevel: No blueprints needed recompiling
[2015.12.04-10.17.41:847][135]PIE: New page: PIE session: MainMenu (Dec 4, 2015, 12:17:41 PM)
[2015.12.04-10.17.41:847][135]LogPlayLevel: Creating play world package: /Game/Maps/UEDPIE_1_MainMenu
[2015.12.04-10.17.41:851][135]LogPlayLevel: PIE: StaticDuplicateObject took: (0.003357s)
[2015.12.04-10.17.41:851][135]LogAIModule: Creating AISystem for world MainMenu
[2015.12.04-10.17.41:851][135]LogPlayLevel: PIE: World Init took: (0.000510s)
[2015.12.04-10.17.41:851][135]LogPlayLevel: PIE: Created PIE world by copying editor world from /Game/Maps/MainMenu.MainMenu to /Game/Maps/UEDPIE_1_MainMenu.MainMenu (0.004068s)
[2015.12.04-10.17.41:852][135]LogActorComponent: UnregisterComponent: (/Engine/Transient.ProjectileComp) Not registered. Aborting.
[2015.12.04-10.17.41:852][135]LogActorComponent: UnregisterComponent: (/Engine/Transient.ProjectileMovementComponent_0) Not registered. Aborting.
[2015.12.04-10.17.41:876][135]LogWorld: Game class is 'GameMode'
[2015.12.04-10.17.41:877][135]LogActor:Warning: RecastNavMesh /Game/Maps/UEDPIE_1_MainMenu.MainMenu:PersistentLevel.RecastNavMesh_0 has natively added scene component(s), but none of them were set as the actor's RootComponent - picking one arbitrarily
[2015.12.04-10.17.41:882][135]LogWorld: Bringing World /Game/Maps/UEDPIE_1_MainMenu.MainMenu up for play (max tick rate 0) at 2015.12.04-11.17.41
[2015.12.04-10.17.41:882][135]LogActor:Warning: GameSession /Game/Maps/UEDPIE_1_MainMenu.MainMenu:PersistentLevel.GameSession_0 has natively added scene component(s), but none of them were set as the actor's RootComponent - picking one arbitrarily
[2015.12.04-10.17.41:882][135]LogActor:Warning: GameNetworkManager /Game/Maps/UEDPIE_1_MainMenu.MainMenu:PersistentLevel.GameNetworkManager_0 has natively added scene component(s), but none of them were set as the actor's RootComponent - picking one arbitrarily
[2015.12.04-10.17.41:882][135]LogWorld: Bringing up level for play took: 0.004688
[2015.12.04-10.17.41:883][135]LogInit: WinSock: Socket queue 131072 / 131072
[2015.12.04-10.17.41:883][135]LogInit: WinSock: I am SpellabbA332-05 (192.168.20.16:0)
[2015.12.04-10.17.41:883][135]LogNet: GameNetDriver IpNetDriver_0 IpNetDriver listening on port 7777
[2015.12.04-10.17.41:883][135]LogScript:Warning: Accessed None 'CallFunc_GetPlayerController_ReturnValue'
	MainMenu_C /Game/Maps/UEDPIE_1_MainMenu.MainMenu:PersistentLevel.MainMenu_C_1
	Function /Game/Maps/MainMenu.MainMenu_C:ExecuteUbergraph_MainMenu:00E1
[2015.12.04-10.17.41:884][135]PIE:Error: Error Accessed None 'CallFunc_GetPlayerController_ReturnValue' from node Set bShowMouseCursor in graph 'EventGraph' in blueprint MainMenu
[2015.12.04-10.17.41:886][135]PIE: Info Play in editor start time for /Game/Maps/UEDPIE_1_MainMenu 0.914
[2015.12.04-10.17.41:887][135]PIE: New page: PIE session: MainMenu (Dec 4, 2015, 12:17:41 PM)
[2015.12.04-10.17.41:891][135]LogInit: XAudio2 using 'Speakers (4- High Definition Audio Device)' : 2 channels at 44.1 kHz using 16 bits per sample (channel mask 0x3)
[2015.12.04-10.17.41:895][135]LogInit: FAudioDevice initialized.
[2015.12.04-10.17.41:929][135]LogNet: Browse: 127.0.0.1//Game/Maps/MainMenu
[2015.12.04-10.17.41:929][135]LogInit: WinSock: Socket queue 32768 / 32768
[2015.12.04-10.17.41:930][135]LogNet: Game client on port 7777, rate 10000
[2015.12.04-10.17.41:930][135]LogNet: GetLocalNetworkVersion: GEngineNetVersion: 2689999, ProjectName: bos, ProjectVersion: 1.0.0.0, InternalProtocolVersion: 9, LocalNetworkVersion: 4173909862
[2015.12.04-10.17.41:930][135]PIE: Info Play in editor start time for /Game/Maps/MainMenu 0.959
[2015.12.04-10.17.41:931][135]LogBlueprintUserMessages: Late PlayInEditor Detection: Level '/Game/Maps/MainMenu.MainMenu:PersistentLevel' has LevelScriptBlueprint '/Game/Maps/MainMenu.MainMenu:PersistentLevel.MainMenu' with GeneratedClass '/Game/Maps/MainMenu.MainMenu_C' with ClassGeneratedBy '/Game/Maps/MainMenu.MainMenu:PersistentLevel.MainMenu'
[2015.12.04-10.17.41:931][135]LogNet: NotifyAcceptingConnection: Server MainMenu accept
[2015.12.04-10.17.41:931][135]LogNet: Open MainMenu 12/04/15 11:17:41 127.0.0.1
[2015.12.04-10.17.41:931][135]LogNet: Added client connection.  Remote address = 127.0.0.1:60556
[2015.12.04-10.17.41:931][135]LogNet: NotifyAcceptingChannel Control 0 server World /Game/Maps/UEDPIE_1_MainMenu.MainMenu: Accepted
[2015.12.04-10.17.41:931][135]LogNet: Remote platform little endian=1
[2015.12.04-10.17.41:931][135]LogNet: This platform little endian=1
[2015.12.04-10.17.41:931][135]LogNet: GetLocalNetworkVersion: GEngineNetVersion: 2689999, ProjectName: bos, ProjectVersion: 1.0.0.0, InternalProtocolVersion: 9, LocalNetworkVersion: 4173909862
[2015.12.04-10.17.41:949][136]LogNet: Login request: /Game/Maps/MainMenu userId: Invalid
[2015.12.04-10.17.41:950][136]LogNet: Welcomed by server (Level: /Game/Maps/UEDPIE_1_MainMenu, Game: /Script/Engine.GameMode)
[2015.12.04-10.17.41:953][136]LogLoad: LoadMap: 127.0.0.1//Game/Maps/UEDPIE_1_MainMenu?game=/Script/Engine.GameMode
[2015.12.04-10.17.41:962][136]LogParticles: Destroying 0 GPU particle simulations for FXSystem 0x0000007FC54F34C0
[2015.12.04-10.17.41:962][136]Cmd: MEM
[2015.12.04-10.17.41:972][136]LogMemory: Platform Memory Stats for Windows
[2015.12.04-10.17.41:972][136]LogMemory: Process Physical Memory: 589.27 MB used, 610.43 MB peak
[2015.12.04-10.17.41:972][136]LogMemory: Process Virtual Memory: 1203.56 MB used, 1203.88 MB peak
[2015.12.04-10.17.41:972][136]LogMemory: Physical Memory: 3220.84 MB used, 16318.82 MB total
[2015.12.04-10.17.41:972][136]LogMemory: Virtual Memory: 1862.38 MB used, 134217728.00 MB total
[2015.12.04-10.17.41:972][136]LogMemory: 
[2015.12.04-10.17.41:972][136]Allocator Stats for TBB: (not implemented)
[2015.12.04-10.17.41:972][136]LogLinker: Can't find file for asset '/Game/Maps/UEDPIE_1_MainMenu' while loading NULL.
[2015.12.04-10.17.41:975][136]LogWorld: PIE: Copying PIE streaming level from /Game/Maps/MainMenu.MainMenu to /Game/Maps/UEDPIE_2_MainMenu.MainMenu. OwningWorld: None
[2015.12.04-10.17.41:976][136]LogAIModule: Creating AISystem for world MainMenu
[2015.12.04-10.17.41:981][136]LogWorld: Bringing World /Game/Maps/UEDPIE_2_MainMenu.MainMenu up for play (max tick rate 0) at 2015.12.04-11.17.41
[2015.12.04-10.17.41:981][136]LogWorld: Bringing up level for play took: 0.004659
[2015.12.04-10.17.41:991][137]LogNet: Client netspeed is 10000
[2015.12.04-10.17.41:991][137]LogNet: Join request: /Game/Maps/MainMenu?SplitscreenCount=1
[2015.12.04-10.17.41:993][137]LogNet: Join succeeded: 256
[2015.12.04-10.17.44:032][378]LogBlueprintUserMessages: Early EndPlayMap Detection: Level '/Game/Maps/MainMenu.MainMenu:PersistentLevel' has LevelScriptBlueprint '/Game/Maps/MainMenu.MainMenu:PersistentLevel.MainMenu' with GeneratedClass '/Game/Maps/MainMenu.MainMenu_C' with ClassGeneratedBy '/Game/Maps/MainMenu.MainMenu:PersistentLevel.MainMenu'
[2015.12.04-10.17.44:063][378]LogBlueprintUserMessages: Late EndPlayMap Detection: Level '/Game/Maps/MainMenu.MainMenu:PersistentLevel' has LevelScriptBlueprint '/Game/Maps/MainMenu.MainMenu:PersistentLevel.MainMenu' with GeneratedClass '/Game/Maps/MainMenu.MainMenu_C' with ClassGeneratedBy '/Game/Maps/MainMenu.MainMenu:PersistentLevel.MainMenu'
[2015.12.04-10.17.44:071][378]LogNet: UChannel::CleanUp: [GameNetDriver] [None] [None]. ChIndex == 0. Closing connection.
[2015.12.04-10.17.44:071][378]LogNet: UNetConnection::Close: Name: IpConnection_1, Driver: GameNetDriver IpNetDriver_0, PC: None, Owner: None, Channels: 2, RemoteAddr: 127.0.0.1:60556, Time: 2015.12.04-10.17.44
[2015.12.04-10.17.44:071][378]LogNet: UChannel::Close: Sending CloseBunch. ChIndex == 0. Name: ControlChannel_1
[2015.12.04-10.17.44:071][378]LogNet: UChannel::CleanUp: [GameNetDriver] [None] [None]. ChIndex == 0. Closing connection.
[2015.12.04-10.17.44:071][378]LogNet: UNetConnection::Close: Name: IpConnection_0, Driver: GameNetDriver IpNetDriver_1, PC: None, Owner: None, Channels: 2, RemoteAddr: 127.0.0.1:7777, Time: 2015.12.04-10.17.44
[2015.12.04-10.17.44:071][378]LogNet: UChannel::Close: Sending CloseBunch. ChIndex == 0. Name: ControlChannel_0
[2015.12.04-10.17.44:073][378]LogExit: GameNetDriver None shut down
[2015.12.04-10.17.44:074][378]LogParticles: Destroying 0 GPU particle simulations for FXSystem 0x0000007FD52D5440
[2015.12.04-10.17.44:074][378]LogExit: GameNetDriver None shut down
[2015.12.04-10.17.44:074][378]LogParticles: Destroying 0 GPU particle simulations for FXSystem 0x0000007FEDC40400
[2015.12.04-10.17.47:249][715]LogAIModule: Creating AISystem for world Map1
[2015.12.04-10.17.47:258][715]LogActorComponent: UnregisterComponent: (/Engine/Transient.ProjectileComp) Not registered. Aborting.
[2015.12.04-10.17.47:258][715]LogActorComponent: UnregisterComponent: (/Engine/Transient.ProjectileMovementComponent_1) Not registered. Aborting.
[2015.12.04-10.17.47:276][715]Cmd: MAP LOAD FILE="../../../../../../Users/Spellabbet/Documents/Unreal Projects/Balls-of-steel/BOS/Content/Maps/Map1.umap" TEMPLATE=0 SHOWPROGRESS=1 FEATURELEVEL=3
[2015.12.04-10.17.47:276][715]LightingResults: New page: Lighting Build
[2015.12.04-10.17.47:290][715]LoadErrors: New page: Loading map: Map1.umap
[2015.12.04-10.17.47:291][715]MapCheck: New page: Map Check
[2015.12.04-10.17.47:291][715]LightingResults: New page: Lighting Build
[2015.12.04-10.17.47:300][715]LogParticles: Destroying 0 GPU particle simulations for FXSystem 0x0000007FC07637E0
[2015.12.04-10.17.47:307][715]LogEditorServer: Finished looking for orphan Actors (0.000 secs)
[2015.12.04-10.17.47:349][715]Cmd: MAP CHECKDEP NOCLEARLOG
[2015.12.04-10.17.47:387][715]MapCheck: Info Map check complete: 0 Error(s), 0 Warning(s), took 37.702ms to complete.
[2015.12.04-10.17.47:387][715]LogFileHelpers: Loading map 'Map1' took 0.113
[2015.12.04-10.17.48:220][805]LogBlueprintUserMessages: Early PlayInEditor Detection: Level '/Game/Maps/Map1.Map1:PersistentLevel' has LevelScriptBlueprint '/Game/Maps/Map1.Map1:PersistentLevel.Map1' with GeneratedClass '/Game/Maps/Map1.Map1_C' with ClassGeneratedBy '/Game/Maps/Map1.Map1:PersistentLevel.Map1'
[2015.12.04-10.17.48:220][805]LogPlayLevel: PlayLevel: No blueprints needed recompiling
[2015.12.04-10.17.48:220][805]PIE: New page: PIE session: Map1 (Dec 4, 2015, 12:17:48 PM)
[2015.12.04-10.17.48:220][805]LogPlayLevel: Creating play world package: /Game/Maps/UEDPIE_1_Map1
[2015.12.04-10.17.48:249][805]LogPlayLevel: PIE: StaticDuplicateObject took: (0.028944s)
[2015.12.04-10.17.48:250][805]LogAIModule: Creating AISystem for world Map1
[2015.12.04-10.17.48:250][805]LogPlayLevel: PIE: World Init took: (0.000787s)
[2015.12.04-10.17.48:250][805]LogPlayLevel: PIE: Created PIE world by copying editor world from /Game/Maps/Map1.Map1 to /Game/Maps/UEDPIE_1_Map1.Map1 (0.030008s)
[2015.12.04-10.17.48:267][805]LogWorld: Game class is 'BOSGameMode'
[2015.12.04-10.17.48:268][805]LogActor:Warning: RecastNavMesh /Game/Maps/UEDPIE_1_Map1.Map1:PersistentLevel.RecastNavMesh_1 has natively added scene component(s), but none of them were set as the actor's RootComponent - picking one arbitrarily
[2015.12.04-10.17.48:273][805]LogWorld: Bringing World /Game/Maps/UEDPIE_1_Map1.Map1 up for play (max tick rate 0) at 2015.12.04-11.17.48
[2015.12.04-10.17.48:273][805]LogActor:Warning: GameSession /Game/Maps/UEDPIE_1_Map1.Map1:PersistentLevel.GameSession_1 has natively added scene component(s), but none of them were set as the actor's RootComponent - picking one arbitrarily
[2015.12.04-10.17.48:273][805]LogActor:Warning: GameNetworkManager /Game/Maps/UEDPIE_1_Map1.Map1:PersistentLevel.GameNetworkManager_1 has natively added scene component(s), but none of them were set as the actor's RootComponent - picking one arbitrarily
[2015.12.04-10.17.48:274][805]LogWorld: Bringing up level for play took: 0.005090
[2015.12.04-10.17.48:274][805]LogInit: WinSock: Socket queue 131072 / 131072
[2015.12.04-10.17.48:274][805]LogNet: GameNetDriver IpNetDriver_2 IpNetDriver listening on port 7777
[2015.12.04-10.17.48:274][805]PIE: Info Play in editor start time for /Game/Maps/UEDPIE_1_Map1 -0.697
[2015.12.04-10.17.48:275][805]PIE: New page: PIE session: Map1 (Dec 4, 2015, 12:17:48 PM)
[2015.12.04-10.17.48:279][805]LogInit: XAudio2 using 'Speakers (4- High Definition Audio Device)' : 2 channels at 44.1 kHz using 16 bits per sample (channel mask 0x3)
[2015.12.04-10.17.48:283][805]LogInit: FAudioDevice initialized.
[2015.12.04-10.17.48:318][805]LogNet: Browse: 127.0.0.1//Game/Maps/MainMenu
[2015.12.04-10.17.48:318][805]LogInit: WinSock: Socket queue 32768 / 32768
[2015.12.04-10.17.48:318][805]LogNet: Game client on port 7777, rate 10000
[2015.12.04-10.17.48:318][805]LogNet: GetLocalNetworkVersion: GEngineNetVersion: 2689999, ProjectName: bos, ProjectVersion: 1.0.0.0, InternalProtocolVersion: 9, LocalNetworkVersion: 4173909862
[2015.12.04-10.17.48:319][805]PIE: Info Play in editor start time for /Game/Maps/MainMenu -0.652
[2015.12.04-10.17.48:320][805]LogBlueprintUserMessages: Late PlayInEditor Detection: Level '/Game/Maps/Map1.Map1:PersistentLevel' has LevelScriptBlueprint '/Game/Maps/Map1.Map1:PersistentLevel.Map1' with GeneratedClass '/Game/Maps/Map1.Map1_C' with ClassGeneratedBy '/Game/Maps/Map1.Map1:PersistentLevel.Map1'
[2015.12.04-10.17.48:320][805]LogNet: NotifyAcceptingConnection: Server Map1 accept
[2015.12.04-10.17.48:320][805]LogNet: Open Map1 12/04/15 11:17:48 127.0.0.1
[2015.12.04-10.17.48:320][805]LogNet: Added client connection.  Remote address = 127.0.0.1:60557
[2015.12.04-10.17.48:320][805]LogNet: NotifyAcceptingChannel Control 0 server World /Game/Maps/UEDPIE_1_Map1.Map1: Accepted
[2015.12.04-10.17.48:320][805]LogNet: Remote platform little endian=1
[2015.12.04-10.17.48:320][805]LogNet: This platform little endian=1
[2015.12.04-10.17.48:320][805]LogNet: GetLocalNetworkVersion: GEngineNetVersion: 2689999, ProjectName: bos, ProjectVersion: 1.0.0.0, InternalProtocolVersion: 9, LocalNetworkVersion: 4173909862
[2015.12.04-10.17.48:352][806]LogNet: Login request: /Game/Maps/MainMenu userId: Invalid
[2015.12.04-10.17.48:353][806]LogNet: Welcomed by server (Level: /Game/Maps/UEDPIE_1_Map1, Game: /Script/BOS.BOSGameMode)
[2015.12.04-10.17.48:354][806]LogLoad: LoadMap: 127.0.0.1//Game/Maps/UEDPIE_1_Map1?game=/Script/BOS.BOSGameMode
[2015.12.04-10.17.48:364][806]LogParticles: Destroying 0 GPU particle simulations for FXSystem 0x0000007F80017380
[2015.12.04-10.17.48:364][806]Cmd: MEM
[2015.12.04-10.17.48:374][806]LogMemory: Platform Memory Stats for Windows
[2015.12.04-10.17.48:374][806]LogMemory: Process Physical Memory: 663.89 MB used, 677.73 MB peak
[2015.12.04-10.17.48:374][806]LogMemory: Process Virtual Memory: 1422.43 MB used, 1422.43 MB peak
[2015.12.04-10.17.48:374][806]LogMemory: Physical Memory: 3164.46 MB used, 16318.82 MB total
[2015.12.04-10.17.48:374][806]LogMemory: Virtual Memory: 2073.09 MB used, 134217728.00 MB total
[2015.12.04-10.17.48:374][806]LogMemory: 
[2015.12.04-10.17.48:374][806]Allocator Stats for TBB: (not implemented)
[2015.12.04-10.17.48:374][806]LogLinker: Can't find file for asset '/Game/Maps/UEDPIE_1_Map1' while loading NULL.
[2015.12.04-10.17.48:400][806]LogWorld: PIE: Copying PIE streaming level from /Game/Maps/Map1.Map1 to /Game/Maps/UEDPIE_2_Map1.Map1. OwningWorld: None
[2015.12.04-10.17.48:402][806]LogAIModule: Creating AISystem for world Map1
[2015.12.04-10.17.48:407][806]LogWorld: Bringing World /Game/Maps/UEDPIE_2_Map1.Map1 up for play (max tick rate 0) at 2015.12.04-11.17.48
[2015.12.04-10.17.48:407][806]LogWorld: Bringing up level for play took: 0.004465
[2015.12.04-10.17.48:416][807]LogNet: Client netspeed is 10000
[2015.12.04-10.17.48:416][807]LogNet: Join request: /Game/Maps/MainMenu?SplitscreenCount=1
[2015.12.04-10.17.48:418][807]LogNet: Join succeeded: 257
[2015.12.04-10.17.49:277][908]LogNet:Warning: UIpNetDriver::ProcesRemoteFunction: No owning connection for actor BasicProjectile_BP_C_1. Function OnHit will not be processed.
[2015.12.04-10.17.49:585][945]LogNet:Warning: UIpNetDriver::ProcesRemoteFunction: No owning connection for actor BasicProjectile_BP_C_3. Function OnHit will not be processed.
[2015.12.04-10.17.49:760][966]LogNet:Warning: UIpNetDriver::ProcesRemoteFunction: No owning connection for actor BasicProjectile_BP_C_5. Function OnHit will not be processed.
[2015.12.04-10.17.49:928][986]LogNet:Warning: UIpNetDriver::ProcesRemoteFunction: No owning connection for actor BasicProjectile_BP_C_7. Function OnHit will not be processed.
[2015.12.04-10.17.50:086][  5]LogNet:Warning: UIpNetDriver::ProcesRemoteFunction: No owning connection for actor BasicProjectile_BP_C_9. Function OnHit will not be processed.
[2015.12.04-10.17.50:219][ 21]LogNet:Warning: UIpNetDriver::ProcesRemoteFunction: No owning connection for actor BasicProjectile_BP_C_11. Function OnHit will not be processed.
[2015.12.04-10.17.50:552][ 61]LogNet:Warning: UIpNetDriver::ProcesRemoteFunction: No owning connection for actor BasicProjectile_BP_C_15. Function OnHit will not be processed.
[2015.12.04-10.17.50:727][ 82]LogNet:Warning: UIpNetDriver::ProcesRemoteFunction: No owning connection for actor BasicProjectile_BP_C_17. Function OnHit will not be processed.
[2015.12.04-10.17.50:910][104]LogNet:Warning: UIpNetDriver::ProcesRemoteFunction: No owning connection for actor BasicProjectile_BP_C_19. Function OnHit will not be processed.
[2015.12.04-10.17.51:093][126]LogNet:Warning: UIpNetDriver::ProcesRemoteFunction: No owning connection for actor BasicProjectile_BP_C_21. Function OnHit will not be processed.
[2015.12.04-10.17.51:260][146]LogNet:Warning: UIpNetDriver::ProcesRemoteFunction: No owning connection for actor BasicProjectile_BP_C_23. Function OnHit will not be processed.
[2015.12.04-10.17.51:444][168]LogNet:Warning: UIpNetDriver::ProcesRemoteFunction: No owning connection for actor BasicProjectile_BP_C_25. Function OnHit will not be processed.
[2015.12.04-10.17.51:611][188]LogNet:Warning: UIpNetDriver::ProcesRemoteFunction: No owning connection for actor BasicProjectile_BP_C_27. Function OnHit will not be processed.
[2015.12.04-10.17.51:777][208]LogNet:Warning: UIpNetDriver::ProcesRemoteFunction: No owning connection for actor BasicProjectile_BP_C_29. Function OnHit will not be processed.
[2015.12.04-10.17.52:060][242]LogBlueprintUserMessages: Early EndPlayMap Detection: Level '/Game/Maps/Map1.Map1:PersistentLevel' has LevelScriptBlueprint '/Game/Maps/Map1.Map1:PersistentLevel.Map1' with GeneratedClass '/Game/Maps/Map1.Map1_C' with ClassGeneratedBy '/Game/Maps/Map1.Map1:PersistentLevel.Map1'
[2015.12.04-10.17.52:091][242]LogBlueprintUserMessages: Late EndPlayMap Detection: Level '/Game/Maps/Map1.Map1:PersistentLevel' has LevelScriptBlueprint '/Game/Maps/Map1.Map1:PersistentLevel.Map1' with GeneratedClass '/Game/Maps/Map1.Map1_C' with ClassGeneratedBy '/Game/Maps/Map1.Map1:PersistentLevel.Map1'
[2015.12.04-10.17.52:100][242]LogNet: UChannel::CleanUp: [GameNetDriver] [BallController_0] [BallController_0]. ChIndex == 0. Closing connection.
[2015.12.04-10.17.52:100][242]LogNet: UNetConnection::Close: Name: IpConnection_3, Driver: GameNetDriver IpNetDriver_2, PC: BallController_0, Owner: BallController_0, Channels: 9, RemoteAddr: 127.0.0.1:60557, Time: 2015.12.04-10.17.52
[2015.12.04-10.17.52:100][242]LogNet: UChannel::Close: Sending CloseBunch. ChIndex == 0. Name: ControlChannel_3
[2015.12.04-10.17.52:100][242]LogNet: UChannel::CleanUp: [GameNetDriver] [BallController_1] [BallController_1]. ChIndex == 0. Closing connection.
[2015.12.04-10.17.52:100][242]LogNet: UNetConnection::Close: Name: IpConnection_2, Driver: GameNetDriver IpNetDriver_3, PC: BallController_1, Owner: BallController_1, Channels: 9, RemoteAddr: 127.0.0.1:7777, Time: 2015.12.04-10.17.52
[2015.12.04-10.17.52:100][242]LogNet: UChannel::Close: Sending CloseBunch. ChIndex == 0. Name: ControlChannel_2
[2015.12.04-10.17.52:104][242]LogParticles: Destroying 0 GPU particle simulations for FXSystem 0x0000007FEDD5C180
[2015.12.04-10.17.52:104][242]LogExit: GameNetDriver None shut down
[2015.12.04-10.17.52:104][242]LogParticles: Destroying 0 GPU particle simulations for FXSystem 0x0000007FE2C27060
[2015.12.04-10.17.52:104][242]LogExit: GameNetDriver None shut down
[2015.12.04-10.18.04:032][299]LogVSAccessor:Warning: Visual Studio is open but could not be queried - it may be blocked by a modal operation
[2015.12.04-10.18.05:129][300]LogVSAccessor:Warning: Couldn't goto line number '0' in 'C:/Users/Spellabbet/Documents/Unreal Projects/Balls-of-steel/BOS/Source/BOS/BOSBall.h'
[2015.12.04-10.18.05:158][300]LogVSAccessor:Warning: Couldn't goto line number '0' in 'C:/Users/Spellabbet/Documents/Unreal Projects/Balls-of-steel/BOS/Source/BOS/BOSBall.cpp'
[2015.12.04-10.18.12:051][689]LogLinker:Warning: Asset '../../../Engine/Content/ArtTools/RenderToTexture/Macros/RenderToTextureMacros.uasset' has been saved with empty engine version. The asset will be loaded but may be incompatible.
[2015.12.04-10.18.12:563][689]LogContentBrowser: Native class hierarchy updated for 'BlueprintGraph' in 0.0019 seconds. Added 107 classes and 0 folders.
[2015.12.04-10.18.15:318][867]LogRenderer: Reallocating scene render targets to support 1076x712 (Frame:1773).
[2015.12.04-10.18.51:756][831]BlueprintLog: New page: Compile BOSBall_BP
[2015.12.04-10.18.51:853][831]LogActorComponent: UnregisterComponent: (/Engine/Transient.ProjectileComp) Not registered. Aborting.
[2015.12.04-10.18.51:853][831]LogActorComponent: UnregisterComponent: (/Engine/Transient.ProjectileMovementComponent_2) Not registered. Aborting.
[2015.12.04-10.18.51:890][831]BlueprintEditorCompileResults: Info [0077.90] Compile of BOSBall_BP successful! [in 133 ms]
[2015.12.04-10.18.56:617][373]Recompiling BOS...
[2015.12.04-10.18.56:617][373]Launching UnrealBuildTool... [C:/Program Files/Epic Games/4.9/Engine/Binaries/DotNET/UnrealBuildTool.exe BOS -ModuleWithSuffix BOS 3006 Win64 Development -editorrecompile -canskiplink "C:/Users/Spellabbet/Documents/Unreal Projects/Balls-of-steel/BOS/BOS.uproject" -rocket  -rocket]
[2015.12.04-10.18.56:619][373]Warning: Starting HotReload took  0.0s.
[2015.12.04-10.19.33:075][661]CompilerResultsLog: New page: Compilation - Dec 4, 2015, 12:19:33 PM
[2015.12.04-10.19.33:075][661]CompilerResultsLog: Info Compiling game modules for hot reload
[2015.12.04-10.19.33:075][661]CompilerResultsLog: Info Parsing headers for BOSEditor
[2015.12.04-10.19.33:075][661]CompilerResultsLog: Info   Running UnrealHeaderTool "C:/Users/Spellabbet/Documents/Unreal Projects/Balls-of-steel/BOS/BOS.uproject" "C:\Users\Spellabbet\Documents\Unreal Projects\Balls-of-steel\BOS\Intermediate\Build\Win64\BOSEditor\Development\UnrealHeaderTool.manifest" -LogCmds="loginit warning, logexit warning, logdatabase error" -rocket -installed
[2015.12.04-10.19.33:075][661]CompilerResultsLog: Info Reflection code generated for BOSEditor in 7,3503984 seconds
[2015.12.04-10.19.33:075][661]CompilerResultsLog: Info Performing 6 actions (4 in parallel)
[2015.12.04-10.19.33:075][661]CompilerResultsLog: Info BallController.cpp
[2015.12.04-10.19.33:075][661]CompilerResultsLog: Info BOSGameMode.cpp
[2015.12.04-10.19.33:075][661]CompilerResultsLog: Info BasicProjectile.cpp
[2015.12.04-10.19.33:075][661]CompilerResultsLog: Info BOSBall.cpp
[2015.12.04-10.19.33:075][661]CompilerResultsLog: Info BOS.generated.cpp
[2015.12.04-10.19.33:075][661]CompilerResultsLog: Info [6/6] Link UE4Editor-BOS-3006.dll
[2015.12.04-10.19.33:075][661]CompilerResultsLog: Info    Creating library C:\Users\Spellabbet\Documents\Unreal Projects\Balls-of-steel\BOS\Intermediate/Build/Win64\UE4Editor\Development\UE4Editor-BOS-3006.lib and object C:\Users\Spellabbet\Documents\Unreal Projects\Balls-of-steel\BOS\Intermediate/Build/Win64\UE4Editor\Development\UE4Editor-BOS-3006.exp
[2015.12.04-10.19.33:076][661]CompilerResultsLog: Info -------- End Detailed Actions Stats -----------------------------------------------------------
[2015.12.04-10.19.33:076][661]CompilerResultsLog: Info Total build time: 36,42 seconds
[2015.12.04-10.19.33:076][661]LogMainFrame: MainFrame: Module compiling took 36.460 seconds
[2015.12.04-10.19.33:076][661]LogActorComponent: UnregisterComponent: (/Engine/Transient.ProjectileComp) Not registered. Aborting.
[2015.12.04-10.19.33:076][661]LogActorComponent: UnregisterComponent: (/Engine/Transient.ProjectileMovementComponent_3) Not registered. Aborting.
[2015.12.04-10.19.33:160][661]LogClass: Could not find existing class BOSBall in package /Script/BOS for HotReload, assuming new class
[2015.12.04-10.19.33:160][661]LogClass: Function Add_Impulse is new.
[2015.12.04-10.19.33:160][661]LogClass: Function Add_PitchCamera is new.
[2015.12.04-10.19.33:160][661]LogClass: Function Add_Torque is new.
[2015.12.04-10.19.33:160][661]LogClass: Function Add_YawCamera is new.
[2015.12.04-10.19.33:160][661]LogClass: Function Damage is new.
[2015.12.04-10.19.33:160][661]LogClass: Function HandleDeath is new.
[2015.12.04-10.19.33:160][661]LogClass: Function Server_Fire is new.
[2015.12.04-10.19.33:160][661]LogClass: Function SetProjectile_1 is new.
[2015.12.04-10.19.33:160][661]LogClass: Function SetProjectile_2 is new.
[2015.12.04-10.19.33:160][661]LogClass: Function SetProjectile_3 is new.
[2015.12.04-10.19.33:160][661]LogClass: Function SetProjectile_4 is new.
[2015.12.04-10.19.33:170][661]LogHotReload: Re-instancing BallController after hot-reload.
[2015.12.04-10.19.33:202][661]LogHotReload: Re-instancing BOSBall after hot-reload.
[2015.12.04-10.19.33:321][661]LogContentBrowser: Native class hierarchy updated for 'BOS' in 0.0010 seconds. Added 8 classes and 2 folders.
[2015.12.04-10.19.33:324][661]Warning: HotReload successful (1 functions remapped  0 scriptstructs remapped)
[2015.12.04-10.19.33:702][661]LogContentBrowser: Native class hierarchy populated in 0.0072 seconds. Added 1876 classes and 337 folders.
[2015.12.04-10.19.36:061][937]LogBlueprintUserMessages: Early PlayInEditor Detection: Level '/Game/Maps/Map1.Map1:PersistentLevel' has LevelScriptBlueprint '/Game/Maps/Map1.Map1:PersistentLevel.Map1' with GeneratedClass '/Game/Maps/Map1.Map1_C' with ClassGeneratedBy '/Game/Maps/Map1.Map1:PersistentLevel.Map1'
[2015.12.04-10.19.36:061][937]LogPlayLevel: PlayLevel: No blueprints needed recompiling
[2015.12.04-10.19.36:061][937]PIE: New page: PIE session: Map1 (Dec 4, 2015, 12:19:36 PM)
[2015.12.04-10.19.36:061][937]LogPlayLevel: Creating play world package: /Game/Maps/UEDPIE_1_Map1
[2015.12.04-10.19.36:087][937]LogPlayLevel: PIE: StaticDuplicateObject took: (0.026124s)
[2015.12.04-10.19.36:088][937]LogAIModule: Creating AISystem for world Map1
[2015.12.04-10.19.36:088][937]LogPlayLevel: PIE: World Init took: (0.001041s)
[2015.12.04-10.19.36:089][937]LogPlayLevel: PIE: Created PIE world by copying editor world from /Game/Maps/Map1.Map1 to /Game/Maps/UEDPIE_1_Map1.Map1 (0.027527s)
[2015.12.04-10.19.36:139][937]LogWorld: Game class is 'BOSGameMode'
[2015.12.04-10.19.36:140][937]LogActor:Warning: RecastNavMesh /Game/Maps/UEDPIE_1_Map1.Map1:PersistentLevel.RecastNavMesh_2 has natively added scene component(s), but none of them were set as the actor's RootComponent - picking one arbitrarily
[2015.12.04-10.19.36:144][937]LogWorld: Bringing World /Game/Maps/UEDPIE_1_Map1.Map1 up for play (max tick rate 0) at 2015.12.04-11.19.36
[2015.12.04-10.19.36:144][937]LogActor:Warning: GameSession /Game/Maps/UEDPIE_1_Map1.Map1:PersistentLevel.GameSession_2 has natively added scene component(s), but none of them were set as the actor's RootComponent - picking one arbitrarily
[2015.12.04-10.19.36:144][937]LogActor:Warning: GameNetworkManager /Game/Maps/UEDPIE_1_Map1.Map1:PersistentLevel.GameNetworkManager_2 has natively added scene component(s), but none of them were set as the actor's RootComponent - picking one arbitrarily
[2015.12.04-10.19.36:144][937]LogWorld: Bringing up level for play took: 0.004494
[2015.12.04-10.19.36:145][937]LogInit: WinSock: Socket queue 131072 / 131072
[2015.12.04-10.19.36:145][937]LogNet: GameNetDriver IpNetDriver_4 IpNetDriver listening on port 7777
[2015.12.04-10.19.36:145][937]PIE: Info Play in editor start time for /Game/Maps/UEDPIE_1_Map1 -0.827
[2015.12.04-10.19.36:146][937]PIE: New page: PIE session: Map1 (Dec 4, 2015, 12:19:36 PM)
[2015.12.04-10.19.36:150][937]LogInit: XAudio2 using 'Speakers (4- High Definition Audio Device)' : 2 channels at 44.1 kHz using 16 bits per sample (channel mask 0x3)
[2015.12.04-10.19.36:155][937]LogInit: FAudioDevice initialized.
[2015.12.04-10.19.36:186][937]LogNet: Browse: 127.0.0.1//Game/Maps/MainMenu
[2015.12.04-10.19.36:186][937]LogInit: WinSock: Socket queue 32768 / 32768
[2015.12.04-10.19.36:186][937]LogNet: Game client on port 7777, rate 10000
[2015.12.04-10.19.36:186][937]LogNet: GetLocalNetworkVersion: GEngineNetVersion: 2689999, ProjectName: bos, ProjectVersion: 1.0.0.0, InternalProtocolVersion: 9, LocalNetworkVersion: 4173909862
[2015.12.04-10.19.36:187][937]PIE: Info Play in editor start time for /Game/Maps/MainMenu -0.785
[2015.12.04-10.19.36:188][937]LogBlueprintUserMessages: Late PlayInEditor Detection: Level '/Game/Maps/Map1.Map1:PersistentLevel' has LevelScriptBlueprint '/Game/Maps/Map1.Map1:PersistentLevel.Map1' with GeneratedClass '/Game/Maps/Map1.Map1_C' with ClassGeneratedBy '/Game/Maps/Map1.Map1:PersistentLevel.Map1'
[2015.12.04-10.19.36:188][937]LogNet: NotifyAcceptingConnection: Server Map1 accept
[2015.12.04-10.19.36:188][937]LogNet: Open Map1 12/04/15 11:19:36 127.0.0.1
[2015.12.04-10.19.36:188][937]LogNet: Added client connection.  Remote address = 127.0.0.1:53709
[2015.12.04-10.19.36:188][937]LogNet: NotifyAcceptingChannel Control 0 server World /Game/Maps/UEDPIE_1_Map1.Map1: Accepted
[2015.12.04-10.19.36:188][937]LogNet: Remote platform little endian=1
[2015.12.04-10.19.36:188][937]LogNet: This platform little endian=1
[2015.12.04-10.19.36:188][937]LogNet: GetLocalNetworkVersion: GEngineNetVersion: 2689999, ProjectName: bos, ProjectVersion: 1.0.0.0, InternalProtocolVersion: 9, LocalNetworkVersion: 4173909862
[2015.12.04-10.19.36:227][938]LogNet: Login request: /Game/Maps/MainMenu userId: Invalid
[2015.12.04-10.19.36:228][938]LogNet: Welcomed by server (Level: /Game/Maps/UEDPIE_1_Map1, Game: /Script/BOS.BOSGameMode)
[2015.12.04-10.19.36:228][938]LogLoad: LoadMap: 127.0.0.1//Game/Maps/UEDPIE_1_Map1?game=/Script/BOS.BOSGameMode
[2015.12.04-10.19.36:261][938]LogParticles: Destroying 0 GPU particle simulations for FXSystem 0x0000007F9EFD56C0
[2015.12.04-10.19.36:261][938]Cmd: MEM
[2015.12.04-10.19.36:285][938]LogMemory: Platform Memory Stats for Windows
[2015.12.04-10.19.36:285][938]LogMemory: Process Physical Memory: 785.60 MB used, 797.52 MB peak
[2015.12.04-10.19.36:285][938]LogMemory: Process Virtual Memory: 1647.34 MB used, 1647.34 MB peak
[2015.12.04-10.19.36:285][938]LogMemory: Physical Memory: 4549.32 MB used, 16318.82 MB total
[2015.12.04-10.19.36:285][938]LogMemory: Virtual Memory: 2295.70 MB used, 134217728.00 MB total
[2015.12.04-10.19.36:285][938]LogMemory: 
[2015.12.04-10.19.36:285][938]Allocator Stats for TBB: (not implemented)
[2015.12.04-10.19.36:286][938]LogLinker: Can't find file for asset '/Game/Maps/UEDPIE_1_Map1' while loading NULL.
[2015.12.04-10.19.36:310][938]LogWorld: PIE: Copying PIE streaming level from /Game/Maps/Map1.Map1 to /Game/Maps/UEDPIE_2_Map1.Map1. OwningWorld: None
[2015.12.04-10.19.36:311][938]LogAIModule: Creating AISystem for world Map1
[2015.12.04-10.19.36:316][938]LogWorld: Bringing World /Game/Maps/UEDPIE_2_Map1.Map1 up for play (max tick rate 0) at 2015.12.04-11.19.36
[2015.12.04-10.19.36:316][938]LogWorld: Bringing up level for play took: 0.004356
[2015.12.04-10.19.36:327][939]LogNet: Client netspeed is 10000
[2015.12.04-10.19.36:327][939]LogNet: Join request: /Game/Maps/MainMenu?SplitscreenCount=1
[2015.12.04-10.19.36:329][939]LogNet: Join succeeded: 258
[2015.12.04-10.19.36:977][996]LogNet:Warning: UIpNetDriver::ProcesRemoteFunction: No owning connection for actor BasicProjectile_BP_C_32. Function OnHit will not be processed.
[2015.12.04-10.19.37:358][ 33]LogNet:Warning: UIpNetDriver::ProcesRemoteFunction: No owning connection for actor BasicProjectile_BP_C_34. Function OnHit will not be processed.
[2015.12.04-10.19.37:560][ 56]LogNet:Warning: UIpNetDriver::ProcesRemoteFunction: No owning connection for actor BasicProjectile_BP_C_36. Function OnHit will not be processed.
[2015.12.04-10.19.37:759][ 79]LogNet:Warning: UIpNetDriver::ProcesRemoteFunction: No owning connection for actor BasicProjectile_BP_C_38. Function OnHit will not be processed.
[2015.12.04-10.19.38:055][113]LogNet:Warning: UIpNetDriver::ProcesRemoteFunction: No owning connection for actor BasicProjectile_BP_C_40. Function OnHit will not be processed.
[2015.12.04-10.19.38:472][162]LogNet:Warning: UIpNetDriver::ProcesRemoteFunction: No owning connection for actor BasicProjectile_BP_C_42. Function OnHit will not be processed.
[2015.12.04-10.19.39:430][277]LogNet:Warning: UIpNetDriver::ProcesRemoteFunction: No owning connection for actor BasicProjectile_BP_C_44. Function OnHit will not be processed.
[2015.12.04-10.19.39:731][313]LogNet:Warning: UIpNetDriver::ProcesRemoteFunction: No owning connection for actor BasicProjectile_BP_C_46. Function OnHit will not be processed.
[2015.12.04-10.19.39:923][336]LogNet:Warning: UIpNetDriver::ProcesRemoteFunction: No owning connection for actor BasicProjectile_BP_C_48. Function OnHit will not be processed.
[2015.12.04-10.19.40:349][387]LogNet:Warning: UIpNetDriver::ProcesRemoteFunction: No owning connection for actor BasicProjectile_BP_C_50. Function OnHit will not be processed.
[2015.12.04-10.19.40:782][439]LogNet:Warning: UIpNetDriver::ProcesRemoteFunction: No owning connection for actor BasicProjectile_BP_C_52. Function OnHit will not be processed.
[2015.12.04-10.19.40:965][461]LogNet:Warning: UIpNetDriver::ProcesRemoteFunction: No owning connection for actor BasicProjectile_BP_C_54. Function OnHit will not be processed.
[2015.12.04-10.19.41:140][482]LogNet:Warning: UIpNetDriver::ProcesRemoteFunction: No owning connection for actor BasicProjectile_BP_C_56. Function OnHit will not be processed.
[2015.12.04-10.19.41:742][554]LogBlueprintUserMessages: Early EndPlayMap Detection: Level '/Game/Maps/Map1.Map1:PersistentLevel' has LevelScriptBlueprint '/Game/Maps/Map1.Map1:PersistentLevel.Map1' with GeneratedClass '/Game/Maps/Map1.Map1_C' with ClassGeneratedBy '/Game/Maps/Map1.Map1:PersistentLevel.Map1'
[2015.12.04-10.19.41:775][554]LogBlueprintUserMessages: Late EndPlayMap Detection: Level '/Game/Maps/Map1.Map1:PersistentLevel' has LevelScriptBlueprint '/Game/Maps/Map1.Map1:PersistentLevel.Map1' with GeneratedClass '/Game/Maps/Map1.Map1_C' with ClassGeneratedBy '/Game/Maps/Map1.Map1:PersistentLevel.Map1'
[2015.12.04-10.19.41:799][554]LogNet: UChannel::CleanUp: [GameNetDriver] [None] [None]. ChIndex == 0. Closing connection.
[2015.12.04-10.19.41:799][554]LogNet: UNetConnection::Close: Name: IpConnection_5, Driver: GameNetDriver IpNetDriver_4, PC: None, Owner: None, Channels: 2, RemoteAddr: 127.0.0.1:53709, Time: 2015.12.04-10.19.41
[2015.12.04-10.19.41:799][554]LogNet: UChannel::Close: Sending CloseBunch. ChIndex == 0. Name: ControlChannel_5
[2015.12.04-10.19.41:799][554]LogNet: UChannel::CleanUp: [GameNetDriver] [None] [None]. ChIndex == 0. Closing connection.
[2015.12.04-10.19.41:799][554]LogNet: UNetConnection::Close: Name: IpConnection_4, Driver: GameNetDriver IpNetDriver_5, PC: None, Owner: None, Channels: 2, RemoteAddr: 127.0.0.1:7777, Time: 2015.12.04-10.19.41
[2015.12.04-10.19.41:799][554]LogNet: UChannel::Close: Sending CloseBunch. ChIndex == 0. Name: ControlChannel_4
[2015.12.04-10.19.41:803][554]LogExit: GameNetDriver None shut down
[2015.12.04-10.19.41:804][554]LogParticles: Destroying 0 GPU particle simulations for FXSystem 0x0000007F8C0EF240
[2015.12.04-10.19.41:804][554]LogExit: GameNetDriver None shut down
[2015.12.04-10.19.41:804][554]LogParticles: Destroying 0 GPU particle simulations for FXSystem 0x0000007F87FC4FE0
[2015.12.04-10.21.15:733][779]Recompiling BOS...
[2015.12.04-10.21.15:734][779]Launching UnrealBuildTool... [C:/Program Files/Epic Games/4.9/Engine/Binaries/DotNET/UnrealBuildTool.exe BOS -ModuleWithSuffix BOS 2705 Win64 Development -editorrecompile -canskiplink "C:/Users/Spellabbet/Documents/Unreal Projects/Balls-of-steel/BOS/BOS.uproject" -rocket  -rocket]
[2015.12.04-10.21.15:735][779]Warning: Starting HotReload took  0.0s.
[2015.12.04-10.21.42:019][912]CompilerResultsLog: New page: Compilation - Dec 4, 2015, 12:21:42 PM
[2015.12.04-10.21.42:019][912]CompilerResultsLog: Info Compiling game modules for hot reload
[2015.12.04-10.21.42:019][912]CompilerResultsLog: Info Performing 2 actions (4 in parallel)
[2015.12.04-10.21.42:019][912]CompilerResultsLog: Info BOSBall.cpp
[2015.12.04-10.21.42:019][912]CompilerResultsLog: Info [2/2] Link UE4Editor-BOS-2705.dll
[2015.12.04-10.21.42:019][912]CompilerResultsLog: Info    Creating library C:\Users\Spellabbet\Documents\Unreal Projects\Balls-of-steel\BOS\Intermediate/Build/Win64\UE4Editor\Development\UE4Editor-BOS-2705.lib and object C:\Users\Spellabbet\Documents\Unreal Projects\Balls-of-steel\BOS\Intermediate/Build/Win64\UE4Editor\Development\UE4Editor-BOS-2705.exp
[2015.12.04-10.21.42:019][912]CompilerResultsLog: Info -------- End Detailed Actions Stats -----------------------------------------------------------
[2015.12.04-10.21.42:019][912]CompilerResultsLog: Info Total build time: 26,26 seconds
[2015.12.04-10.21.42:020][912]LogMainFrame: MainFrame: Module compiling took 26.288 seconds
[2015.12.04-10.21.42:020][912]LogActorComponent: UnregisterComponent: (/Engine/Transient.ProjectileComp) Not registered. Aborting.
[2015.12.04-10.21.42:020][912]LogActorComponent: UnregisterComponent: (/Engine/Transient.ProjectileMovementComponent_4) Not registered. Aborting.
[2015.12.04-10.21.42:051][912]LogParticles: Destroying 0 GPU particle simulations for FXSystem 0x0000007FC26CA5C0
[2015.12.04-10.21.42:176][912]LogHotReload: Re-instancing BallController after hot-reload.
[2015.12.04-10.21.42:212][912]LogHotReload: Re-instancing BOSBall after hot-reload.
[2015.12.04-10.21.42:340][912]LogContentBrowser: Native class hierarchy updated for 'BOS' in 0.0010 seconds. Added 8 classes and 2 folders.
[2015.12.04-10.21.42:343][912]Warning: HotReload successful (12 functions remapped  0 scriptstructs remapped)
[2015.12.04-10.21.42:437][912]LogContentBrowser: Native class hierarchy populated in 0.0072 seconds. Added 1876 classes and 337 folders.
[2015.12.04-10.21.43:759][ 31]LogBlueprintUserMessages: Early PlayInEditor Detection: Level '/Game/Maps/Map1.Map1:PersistentLevel' has LevelScriptBlueprint '/Game/Maps/Map1.Map1:PersistentLevel.Map1' with GeneratedClass '/Game/Maps/Map1.Map1_C' with ClassGeneratedBy '/Game/Maps/Map1.Map1:PersistentLevel.Map1'
[2015.12.04-10.21.43:759][ 31]LogPlayLevel: PlayLevel: No blueprints needed recompiling
[2015.12.04-10.21.43:759][ 31]PIE: New page: PIE session: Map1 (Dec 4, 2015, 12:21:43 PM)
[2015.12.04-10.21.43:759][ 31]LogPlayLevel: Creating play world package: /Game/Maps/UEDPIE_1_Map1
[2015.12.04-10.21.43:782][ 31]LogPlayLevel: PIE: StaticDuplicateObject took: (0.022506s)
[2015.12.04-10.21.43:782][ 31]LogAIModule: Creating AISystem for world Map1
[2015.12.04-10.21.43:783][ 31]LogPlayLevel: PIE: World Init took: (0.000873s)
[2015.12.04-10.21.43:783][ 31]LogPlayLevel: PIE: Created PIE world by copying editor world from /Game/Maps/Map1.Map1 to /Game/Maps/UEDPIE_1_Map1.Map1 (0.023680s)
[2015.12.04-10.21.43:783][ 31]LogActorComponent: UnregisterComponent: (/Engine/Transient.ProjectileComp) Not registered. Aborting.
[2015.12.04-10.21.43:783][ 31]LogActorComponent: UnregisterComponent: (/Engine/Transient.ProjectileMovementComponent_5) Not registered. Aborting.
[2015.12.04-10.21.43:834][ 31]LogWorld: Game class is 'BOSGameMode'
[2015.12.04-10.21.43:835][ 31]LogActor:Warning: RecastNavMesh /Game/Maps/UEDPIE_1_Map1.Map1:PersistentLevel.RecastNavMesh_3 has natively added scene component(s), but none of them were set as the actor's RootComponent - picking one arbitrarily
[2015.12.04-10.21.43:839][ 31]LogWorld: Bringing World /Game/Maps/UEDPIE_1_Map1.Map1 up for play (max tick rate 0) at 2015.12.04-11.21.43
[2015.12.04-10.21.43:839][ 31]LogActor:Warning: GameSession /Game/Maps/UEDPIE_1_Map1.Map1:PersistentLevel.GameSession_3 has natively added scene component(s), but none of them were set as the actor's RootComponent - picking one arbitrarily
[2015.12.04-10.21.43:840][ 31]LogActor:Warning: GameNetworkManager /Game/Maps/UEDPIE_1_Map1.Map1:PersistentLevel.GameNetworkManager_3 has natively added scene component(s), but none of them were set as the actor's RootComponent - picking one arbitrarily
[2015.12.04-10.21.43:840][ 31]LogWorld: Bringing up level for play took: 0.005062
[2015.12.04-10.21.43:840][ 31]LogInit: WinSock: Socket queue 131072 / 131072
[2015.12.04-10.21.43:840][ 31]LogNet: GameNetDriver IpNetDriver_6 IpNetDriver listening on port 7777
[2015.12.04-10.21.43:840][ 31]PIE: Info Play in editor start time for /Game/Maps/UEDPIE_1_Map1 0.869
[2015.12.04-10.21.43:841][ 31]PIE: New page: PIE session: Map1 (Dec 4, 2015, 12:21:43 PM)
[2015.12.04-10.21.43:845][ 31]LogInit: XAudio2 using 'Speakers (4- High Definition Audio Device)' : 2 channels at 44.1 kHz using 16 bits per sample (channel mask 0x3)
[2015.12.04-10.21.43:850][ 31]LogInit: FAudioDevice initialized.
[2015.12.04-10.21.43:879][ 31]LogNet: Browse: 127.0.0.1//Game/Maps/MainMenu
[2015.12.04-10.21.43:879][ 31]LogInit: WinSock: Socket queue 32768 / 32768
[2015.12.04-10.21.43:879][ 31]LogNet: Game client on port 7777, rate 10000
[2015.12.04-10.21.43:879][ 31]LogNet: GetLocalNetworkVersion: GEngineNetVersion: 2689999, ProjectName: bos, ProjectVersion: 1.0.0.0, InternalProtocolVersion: 9, LocalNetworkVersion: 4173909862
[2015.12.04-10.21.43:879][ 31]PIE: Info Play in editor start time for /Game/Maps/MainMenu 0.908
[2015.12.04-10.21.43:880][ 31]LogBlueprintUserMessages: Late PlayInEditor Detection: Level '/Game/Maps/Map1.Map1:PersistentLevel' has LevelScriptBlueprint '/Game/Maps/Map1.Map1:PersistentLevel.Map1' with GeneratedClass '/Game/Maps/Map1.Map1_C' with ClassGeneratedBy '/Game/Maps/Map1.Map1:PersistentLevel.Map1'
[2015.12.04-10.21.43:881][ 31]LogNet: NotifyAcceptingConnection: Server Map1 accept
[2015.12.04-10.21.43:881][ 31]LogNet: Open Map1 12/04/15 11:21:43 127.0.0.1
[2015.12.04-10.21.43:881][ 31]LogNet: Added client connection.  Remote address = 127.0.0.1:63182
[2015.12.04-10.21.43:881][ 31]LogNet: NotifyAcceptingChannel Control 0 server World /Game/Maps/UEDPIE_1_Map1.Map1: Accepted
[2015.12.04-10.21.43:881][ 31]LogNet: Remote platform little endian=1
[2015.12.04-10.21.43:881][ 31]LogNet: This platform little endian=1
[2015.12.04-10.21.43:881][ 31]LogNet: GetLocalNetworkVersion: GEngineNetVersion: 2689999, ProjectName: bos, ProjectVersion: 1.0.0.0, InternalProtocolVersion: 9, LocalNetworkVersion: 4173909862
[2015.12.04-10.21.43:918][ 32]LogNet: Login request: /Game/Maps/MainMenu userId: Invalid
[2015.12.04-10.21.43:919][ 32]LogNet: Welcomed by server (Level: /Game/Maps/UEDPIE_1_Map1, Game: /Script/BOS.BOSGameMode)
[2015.12.04-10.21.43:919][ 32]LogLoad: LoadMap: 127.0.0.1//Game/Maps/UEDPIE_1_Map1?game=/Script/BOS.BOSGameMode
[2015.12.04-10.21.43:962][ 32]LogParticles: Destroying 0 GPU particle simulations for FXSystem 0x0000007F9640D1C0
[2015.12.04-10.21.43:963][ 32]Cmd: MEM
[2015.12.04-10.21.43:980][ 32]LogMemory: Platform Memory Stats for Windows
[2015.12.04-10.21.43:980][ 32]LogMemory: Process Physical Memory: 799.63 MB used, 816.40 MB peak
[2015.12.04-10.21.43:981][ 32]LogMemory: Process Virtual Memory: 1551.37 MB used, 1773.63 MB peak
[2015.12.04-10.21.43:981][ 32]LogMemory: Physical Memory: 5091.88 MB used, 16318.82 MB total
[2015.12.04-10.21.43:981][ 32]LogMemory: Virtual Memory: 2203.13 MB used, 134217728.00 MB total
[2015.12.04-10.21.43:981][ 32]LogMemory: 
[2015.12.04-10.21.43:981][ 32]Allocator Stats for TBB: (not implemented)
[2015.12.04-10.21.43:981][ 32]LogLinker: Can't find file for asset '/Game/Maps/UEDPIE_1_Map1' while loading NULL.
[2015.12.04-10.21.44:005][ 32]LogWorld: PIE: Copying PIE streaming level from /Game/Maps/Map1.Map1 to /Game/Maps/UEDPIE_2_Map1.Map1. OwningWorld: None
[2015.12.04-10.21.44:006][ 32]LogAIModule: Creating AISystem for world Map1
[2015.12.04-10.21.44:013][ 32]LogWorld: Bringing World /Game/Maps/UEDPIE_2_Map1.Map1 up for play (max tick rate 0) at 2015.12.04-11.21.44
[2015.12.04-10.21.44:013][ 32]LogWorld: Bringing up level for play took: 0.006580
[2015.12.04-10.21.44:025][ 33]LogNet: Client netspeed is 10000
[2015.12.04-10.21.44:025][ 33]LogNet: Join request: /Game/Maps/MainMenu?SplitscreenCount=1
[2015.12.04-10.21.47:447][ 33]LogCrashTracker: 


[2015.12.04-10.21.47:546][ 33]LogCrashTracker: 


[2015.12.04-10.21.47:546][ 33]LogWindows: === Critical error: ===
Fatal error!



[2015.12.04-10.21.47:644][ 33]LogExit: Executing StaticShutdownAfterError
[2015.12.04-10.21.47:647][ 33]LogOutputDevice:Warning: 

Script Stack:
GameMode.SpawnDefaultPawnFor

[2015.12.04-10.21.47:648][ 33]LogPhysics:Warning: PHYSX: ..\..\PhysX\src\NpScene.cpp (2946) 8 : PxScene::unlockWrite() called without matching call to PxScene::lockWrite(), behaviour will be undefined.
[2015.12.04-10.21.47:648][ 33]LogPhysics:Warning: PHYSX: ..\..\PhysX\src\NpScene.cpp (2946) 8 : PxScene::unlockWrite() called without matching call to PxScene::lockWrite(), behaviour will be undefined.
[2015.12.04-10.21.47:648][ 33]LogPhysics:Warning: PHYSX: ..\..\PhysX\src\NpScene.cpp (2946) 8 : PxScene::unlockWrite() called without matching call to PxScene::lockWrite(), behaviour will be undefined.
[2015.12.04-10.21.47:649][ 33]LogPhysics:Warning: PHYSX: ..\..\PhysX\src\NpScene.cpp (2946) 8 : PxScene::unlockWrite() called without matching call to PxScene::lockWrite(), behaviour will be undefined.
[2015.12.04-10.21.47:649][ 33]LogPhysics:Warning: PHYSX: ..\..\PhysX\src\NpScene.cpp (2946) 8 : PxScene::unlockWrite() called without matching call to PxScene::lockWrite(), behaviour will be undefined.
[2015.12.04-10.21.47:649][ 33]LogPhysics:Warning: PHYSX: ..\..\PhysX\src\NpScene.cpp (2946) 8 : PxScene::unlockWrite() called without matching call to PxScene::lockWrite(), behaviour will be undefined.
[2015.12.04-10.21.47:649][ 33]LogWindows: FPlatformMisc::RequestExit(1)
[2015.12.04-10.21.47:649][ 33]Log file closed, 12/04/15 11:21:47
