[2015.11.04-14.40.25:195][  0]Log file open, 11/04/15 15:40:25
[2015.11.04-14.40.25:195][  0]LogInit:Display: Running engine for game: BOS
[2015.11.04-14.40.25:195][  0]LogInit:Display: RandInit(1108527800) SRandInit(1108527801).
[2015.11.04-14.40.25:195][  0]LogTaskGraph: Started task graph with 4 named threads and 5 total threads.
[2015.11.04-14.40.25:195][  0]LogStats: Stats thread started at 0.053476
[2015.11.04-14.40.25:196][  0]LogInit: Version: 4.9.2-2707645+++depot+UE4-Releases+4.9
[2015.11.04-14.40.25:196][  0]LogInit: API Version: 2672455
[2015.11.04-14.40.25:196][  0]LogInit: Compiled (64-bit): Sep 28 2015 10:25:44
[2015.11.04-14.40.25:196][  0]LogInit: Compiled with Visual C++: 18.00.21005.01
[2015.11.04-14.40.25:196][  0]LogInit: Build Configuration: Development
[2015.11.04-14.40.25:196][  0]LogInit: Branch Name: ++depot+UE4-Releases+4.9
[2015.11.04-14.40.25:196][  0]LogInit: Command line:  
[2015.11.04-14.40.25:196][  0]LogInit: Base directory: C:/Program Files/Epic Games/4.9/Engine/Binaries/Win64/
[2015.11.04-14.40.25:196][  0]LogInit: Rocket: 1
[2015.11.04-14.40.25:205][  0]LogInit: Using libcurl 7.41.0
[2015.11.04-14.40.25:205][  0]LogInit:  - built for x86_64-pc-win32
[2015.11.04-14.40.25:205][  0]LogInit:  - supports SSL with WinSSL
[2015.11.04-14.40.25:206][  0]LogInit:  - other features:
[2015.11.04-14.40.25:206][  0]LogInit:      CURL_VERSION_SSL
[2015.11.04-14.40.25:206][  0]LogInit:      CURL_VERSION_IPV6
[2015.11.04-14.40.25:206][  0]LogInit:      CURL_VERSION_ASYNCHDNS
[2015.11.04-14.40.25:206][  0]LogInit:      CURL_VERSION_LARGEFILE
[2015.11.04-14.40.25:206][  0]LogInit:      CURL_VERSION_IDN
[2015.11.04-14.40.25:206][  0]LogInit:  CurlRequestOptions (configurable via config and command line):
[2015.11.04-14.40.25:206][  0]LogInit:  - bVerifyPeer = true  - Libcurl will verify peer certificate
[2015.11.04-14.40.25:206][  0]LogInit:  - bUseHttpProxy = false  - Libcurl will NOT use HTTP proxy
[2015.11.04-14.40.25:206][  0]LogInit:  - bDontReuseConnections = false  - Libcurl will reuse connections
[2015.11.04-14.40.25:206][  0]LogInit:  - CertBundlePath = nullptr  - Libcurl will use whatever was configured at build time.
[2015.11.04-14.40.25:214][  0]LogInit: Presizing for 0 objects not considered by GC, pre-allocating 0 bytes.
[2015.11.04-14.40.25:222][  0]LogInit: Object subsystem initialized
[2015.11.04-14.40.25:223][  0]LogInit: Selected Device Profile: [Windows]
[2015.11.04-14.40.25:223][  0]LogInit: Applying CVar settings loaded from the selected device profile: [Windows]
[2015.11.04-14.40.25:231][  0]LogInit: Computer: STOFFEPC
[2015.11.04-14.40.25:231][  0]LogInit: User: Stoffe
[2015.11.04-14.40.25:231][  0]LogInit: CPU Page size=4096, Cores=2
[2015.11.04-14.40.25:231][  0]LogInit: High frequency timer resolution =3.222678 MHz
[2015.11.04-14.40.25:231][  0]LogMemory: Memory total: Physical=7.9GB (8GB approx)
[2015.11.04-14.40.25:231][  0]LogMemory: Platform Memory Stats for Windows
[2015.11.04-14.40.25:231][  0]LogMemory: Process Physical Memory: 52.30 MB used, 52.30 MB peak
[2015.11.04-14.40.25:231][  0]LogMemory: Process Virtual Memory: 54.89 MB used, 54.89 MB peak
[2015.11.04-14.40.25:231][  0]LogMemory: Physical Memory: 3045.33 MB used, 8126.94 MB total
[2015.11.04-14.40.25:231][  0]LogMemory: Virtual Memory: 347.52 MB used, 134217728.00 MB total
[2015.11.04-14.40.25:259][  0]LogTextLocalizationManager: No translations for ('sv-SE') exist, falling back to 'en' for localization and internationalization data.
[2015.11.04-14.40.26:055][  0]LogD3D11RHI: Found D3D11 adapter 0: AMD Radeon HD 7800 Series (Feature Level 11_0)
[2015.11.04-14.40.26:055][  0]LogD3D11RHI: Adapter has 2030MB of dedicated video memory, 0MB of dedicated system memory, and 3840MB of shared system memory, 2 output[s]
[2015.11.04-14.40.26:056][  0]LogD3D11RHI: Found D3D11 adapter 1: Microsoft Basic Render Driver (Feature Level 11_0)
[2015.11.04-14.40.26:056][  0]LogD3D11RHI: Adapter has 0MB of dedicated video memory, 0MB of dedicated system memory, and 256MB of shared system memory, 0 output[s]
[2015.11.04-14.40.26:057][  0]LogD3D11RHI: Chosen D3D11 Adapter Id = 0
[2015.11.04-14.40.26:059][  0]LogD3D11RHI: !Direct3DDevice
[2015.11.04-14.40.26:059][  0]LogRHI: Texture pool is 1361 MB (70% of 1945 MB)
[2015.11.04-14.40.26:064][  0]LogD3D11RHI: Async texture creation disabled: no driver support
[2015.11.04-14.40.26:074][  0]LogShaderCompilers: Guid format shader working directory is 15 characters bigger than the processId version (../../../../../../Users/Stoffe/Documents/GitHub/Balls-of-steel/BOS/Intermediate/Shaders/WorkingDirectory/3780/).
[2015.11.04-14.40.26:074][  0]LogShaderCompilers: Cleaned the shader compiler working directory '../../../../../../Users/Stoffe/Documents/GitHub/Balls-of-steel/BOS/Intermediate/Shaders/tmp/4ED397E0410AEBAB316B0B975AB77E2E/'.
[2015.11.04-14.40.26:074][  0]LogShaderCompilers:Display: Using Local Shader Compiler.
[2015.11.04-14.40.27:356][  0]LogTemp:Display: Loaded TP AllDesktopTargetPlatform
[2015.11.04-14.40.27:361][  0]LogTemp:Display: Loaded TP WindowsClientTargetPlatform
[2015.11.04-14.40.27:367][  0]LogTemp:Display: Loaded TP WindowsNoEditorTargetPlatform
[2015.11.04-14.40.27:372][  0]LogTemp:Display: Loaded TP WindowsServerTargetPlatform
[2015.11.04-14.40.27:377][  0]LogTemp:Display: Loaded TP WindowsTargetPlatform
[2015.11.04-14.40.27:381][  0]LogTemp:Display: Loaded TP AndroidTargetPlatform
[2015.11.04-14.40.27:384][  0]LogTemp:Display: Loaded TP Android_ASTCTargetPlatform
[2015.11.04-14.40.27:388][  0]LogTemp:Display: Loaded TP Android_ATCTargetPlatform
[2015.11.04-14.40.27:391][  0]LogTemp:Display: Loaded TP Android_DXTTargetPlatform
[2015.11.04-14.40.27:395][  0]LogTemp:Display: Loaded TP Android_ETC1TargetPlatform
[2015.11.04-14.40.27:399][  0]LogTemp:Display: Loaded TP Android_ETC2TargetPlatform
[2015.11.04-14.40.27:402][  0]LogTemp:Display: Loaded TP Android_PVRTCTargetPlatform
[2015.11.04-14.40.27:403][  0]LogTemp:Display: Loaded TP HTML5TargetPlatform
[2015.11.04-14.40.27:421][  0]LogTemp:Display: Loaded TP IOSTargetPlatform
[2015.11.04-14.40.27:424][  0]LogTemp:Display: Loaded TP LinuxNoEditorTargetPlatform
[2015.11.04-14.40.27:428][  0]LogTemp:Display: Loaded TP LinuxServerTargetPlatform
[2015.11.04-14.40.27:432][  0]LogTemp:Display: Loaded TP LinuxTargetPlatform
[2015.11.04-14.40.27:432][  0]LogTargetPlatformManager:Display: Building Assets For Windows
[2015.11.04-14.40.27:539][  0]LogDerivedDataCache:Display: Max Cache Size: 512 MB
[2015.11.04-14.40.28:221][  0]LogDerivedDataCache: Loaded boot cache 0.68s 47MB C:/Users/Stoffe/AppData/Local/UnrealEngine/4.9/DerivedDataCache/Boot.ddc.
[2015.11.04-14.40.28:221][  0]LogDerivedDataCache:Display: Loaded Boot cache: C:/Users/Stoffe/AppData/Local/UnrealEngine/4.9/DerivedDataCache/Boot.ddc
[2015.11.04-14.40.28:221][  0]LogDerivedDataCache: FDerivedDataBackendGraph:  Pak pak cache file ../../../../../../Users/Stoffe/Documents/GitHub/Balls-of-steel/BOS/DerivedDataCache/DDC.ddp not found, will not use a pak cache.
[2015.11.04-14.40.28:221][  0]LogDerivedDataCache: Unable to find inner node Pak for hierarchical cache Hierarchy.
[2015.11.04-14.40.28:221][  0]LogDerivedDataCache: FDerivedDataBackendGraph:  CompressedPak pak cache file ../../../../../../Users/Stoffe/Documents/GitHub/Balls-of-steel/BOS/DerivedDataCache/Compressed.ddp not found, will not use a pak cache.
[2015.11.04-14.40.28:221][  0]LogDerivedDataCache: Unable to find inner node CompressedPak for hierarchical cache Hierarchy.
[2015.11.04-14.40.28:368][  0]LogDerivedDataCache:Display: Pak cache opened for reading ../../../Engine/DerivedDataCache/Compressed.ddp.
[2015.11.04-14.40.28:380][  0]LogDerivedDataCache: Using Local data cache path C:/Users/Stoffe/AppData/Local/UnrealEngine/Common/DerivedDataCache: Writable
[2015.11.04-14.40.29:289][  0]LogInit: Selected Device Profile: [Windows]
[2015.11.04-14.40.29:293][  0]LogContentStreaming: Texture pool size is 0.000000MB
[2015.11.04-14.40.29:426][  0]LogMeshUtilities: No automatic mesh reduction module available
[2015.11.04-14.40.29:426][  0]LogMeshUtilities: No automatic mesh merging module available
[2015.11.04-14.40.29:695][  0]LogInit: WinSock: version 1.1 (2.2), MaxSocks=32767, MaxUdp=65467
[2015.11.04-14.40.30:409][  0]UdpMessaging: Initializing bridge on interface 0.0.0.0:0 to multicast group 230.0.0.1:6666.
[2015.11.04-14.40.30:490][  0]LogLinker:Warning: Asset '../../../../../../Users/Stoffe/Documents/GitHub/Balls-of-steel/BOS/Content/Rolling/Meshes/BallMesh.uasset' has been saved with empty engine version. The asset will be loaded but may be incompatible.
[2015.11.04-14.40.30:491][  0]LogLinker:Warning: Asset '../../../../../../Users/Stoffe/Documents/GitHub/Balls-of-steel/BOS/Content/Rolling/Materials/M_Blue_Checker.uasset' has been saved with empty engine version. The asset will be loaded but may be incompatible.
[2015.11.04-14.40.30:491][  0]LogLinker:Warning: Asset '../../../../../../Users/Stoffe/Documents/GitHub/Balls-of-steel/BOS/Content/Rolling/Materials/PM_Ball.uasset' has been saved with empty engine version. The asset will be loaded but may be incompatible.
[2015.11.04-14.40.31:001][  0]LogAssetRegistry: FAssetRegistry took 0.0110 seconds to start up
[2015.11.04-14.40.31:242][  0]SourceControl: Info Source control is disabled
[2015.11.04-14.40.31:306][  0]SourceControl: Info Source control is disabled
[2015.11.04-14.40.31:323][  0]SourceControl: Info Source control is disabled
[2015.11.04-14.40.31:340][  0]SourceControl: Info Source control is disabled
[2015.11.04-14.40.31:841][  0]LogLinker:Warning: Asset '../../../Engine/Plugins/Runtime/LeapMotionController/Content/LM_PassthroughMaterial.uasset' has been saved with empty engine version. The asset will be loaded but may be incompatible.
[2015.11.04-14.40.31:963][  0]LogObj: 29660 objects as part of root set at end of initial load.
[2015.11.04-14.40.31:963][  0]LogUObjectAllocator: 6509056 out of 0 bytes used by permanent object pool.
[2015.11.04-14.40.32:048][  0]LogEngine: Initializing Engine...
[2015.11.04-14.40.32:050][  0]LogHMD: Can't find Oculus library dev build: is proper Runtime installed? Version: 0.7.0.0
[2015.11.04-14.40.32:050][  0]LogHMD: SteamVR failed to initialize.  Err: 110
[2015.11.04-14.40.32:179][  0]LogAIModule: Creating AISystem for world NewWorld
[2015.11.04-14.40.32:183][  0]LogInit: XAudio2 using 'Högtalare (Realtek High Definition Audio)' : 2 channels at 48 kHz using 32 bits per sample (channel mask 0x3)
[2015.11.04-14.40.32:197][  0]LogInit: FAudioDevice initialized.
[2015.11.04-14.40.32:238][  0]LogDerivedDataCache: Saved boot cache 0.04s 47MB C:/Users/Stoffe/AppData/Local/UnrealEngine/4.9/DerivedDataCache/Boot.ddc.
[2015.11.04-14.40.32:241][  0]LogInit: Texture streaming: Enabled
[2015.11.04-14.40.32:247][  0]LogAnalytics: Creating configured Analytics provider AnalyticsET
[2015.11.04-14.40.32:247][  0]LogAnalytics: [UEEditor.Rocket.Release] APIServer = http://et2.epicgames.com/ET2/. AppVersion = 4.9.2-2707645+++depot+UE4-Releases+4.9
[2015.11.04-14.40.32:247][  0]LogAnalytics: [UEEditor.Rocket.Release] SetUserId c2f82278409fbc7e17ba4c8b187827c0|8471e16762be488588a110ad13c08bd6|a2f24018-7849-4a41-8ec9-fa4680d0f5a7
[2015.11.04-14.40.32:247][  0]LogAnalytics: [UEEditor.Rocket.Release] AnalyticsET::StartSession
[2015.11.04-14.40.32:256][  0]LogWindowsTextInputMethodSystem:Display: IME system now deactivated.
[2015.11.04-14.40.32:268][  0]LogInit: Transaction tracking system initialized
[2015.11.04-14.40.32:296][  0]BlueprintLog: New page: Editor Load
[2015.11.04-14.40.32:384][  0]LocalizationService: Info Localization service is disabled
[2015.11.04-14.40.33:056][  0]LogConsoleResponse:Display: 
[2015.11.04-14.40.34:552][  0]LogCook:Display: Done creating registry. It took  0.00s.
[2015.11.04-14.40.34:810][  0]LogFileCache: Scanning file cache for directory 'C:/Users/Stoffe/Documents/GitHub/Balls-of-steel/BOS/Content/' took 0.01s
[2015.11.04-14.40.34:810][  0]SourceControl: Info Source control is disabled
[2015.11.04-14.40.34:810][  0]Cmd: MAP LOAD FILE="../../../../../../Users/Stoffe/Documents/GitHub/Balls-of-steel/BOS/Content/RollingCPP/Maps/MainMenu.umap" TEMPLATE=0 SHOWPROGRESS=1 FEATURELEVEL=3
[2015.11.04-14.40.34:829][  0]LightingResults: New page: Lighting Build
[2015.11.04-14.40.34:832][  0]MapCheck: New page: Map Check
[2015.11.04-14.40.34:832][  0]LightingResults: New page: Lighting Build
[2015.11.04-14.40.34:852][  0]LogParticles: Destroying 0 GPU particle simulations for FXSystem 0x000000EEEEDBDBC0
[2015.11.04-14.40.35:468][  0]LogAIModule: Creating AISystem for world MainMenu
[2015.11.04-14.40.35:484][  0]LogEditorServer: Finished looking for orphan Actors (0.000 secs)
[2015.11.04-14.40.35:484][  0]Cmd: MAP CHECKDEP NOCLEARLOG
[2015.11.04-14.40.35:538][  0]MapCheck: Info Map check complete: 0 Error(s), 0 Warning(s), took 53.936ms to complete.
[2015.11.04-14.40.35:538][  0]LogFileHelpers: Loading map 'MainMenu' took 0.729
[2015.11.04-14.40.35:689][  0]LogCollectionManager: Loaded 0 collections in 0.002210 seconds
[2015.11.04-14.40.35:732][  0]LogFileCache: Scanning file cache for directory 'C:/Users/Stoffe/Documents/GitHub/Balls-of-steel/BOS/Saved/Collections/' took 0.01s
[2015.11.04-14.40.35:732][  0]LogFileCache: Scanning file cache for directory 'C:/Users/Stoffe/Documents/GitHub/Balls-of-steel/BOS/Content/Developers/Stoffe/Collections/' took 0.01s
[2015.11.04-14.40.35:732][  0]LogFileCache: Scanning file cache for directory 'C:/Users/Stoffe/Documents/GitHub/Balls-of-steel/BOS/Content/Collections/' took 0.01s
[2015.11.04-14.40.35:732][  0]LogContentBrowser: Native class hierarchy populated in 0.0084 seconds. Added 1874 classes and 335 folders.
[2015.11.04-14.40.35:741][  0]LogCollectionManager: Rebuilt the GUID cache for 0 collections in 0.000003 seconds
[2015.11.04-14.40.35:749][  0]LogContentBrowser: Native class hierarchy updated for 'WidgetCarousel' in 0.0011 seconds. Added 0 classes and 0 folders.
[2015.11.04-14.40.38:945][  0]LogContentBrowser: Native class hierarchy updated for 'AddContentDialog' in 0.0012 seconds. Added 0 classes and 0 folders.
[2015.11.04-14.40.38:955][  0]LogContentBrowser: Native class hierarchy updated for 'SceneOutliner' in 0.0011 seconds. Added 1 classes and 2 folders.
[2015.11.04-14.40.39:070][  0]LogCrashTracker: Crashtracker disabled due to settings.
[2015.11.04-14.40.39:084][  0]LogUObjectGlobals:Warning: Failed to find object 'Class None.'
[2015.11.04-14.40.39:106][  0]LogLoad: Full Startup: 15.02 seconds (BP compile: 0.07 seconds)
[2015.11.04-14.40.39:157][  0]LogContentStreaming: Texture pool size now 400 MB
[2015.11.04-14.40.39:472][  0]LogRenderer: Reallocating scene render targets to support 1028x636 (Frame:2).
[2015.11.04-14.40.39:854][  3]LogAssetRegistry: Asset discovery search completed in 8.8641 seconds
[2015.11.04-14.40.39:854][  3]LogCollectionManager: Rebuilt the object cache for 0 collections in 0.000001 seconds (found 0 objects)
[2015.11.04-14.40.39:854][  3]LogCollectionManager: Fixed up redirectors for 0 collections in 0.000039 seconds (updated 0 objects)
[2015.11.04-14.40.50:848][304]LogVSAccessor:Warning: Couldn't access Visual Studio
[2015.11.04-14.40.50:858][304]Recompiling BOS...
[2015.11.04-14.40.50:859][304]Launching UnrealBuildTool... [C:/Program Files/Epic Games/4.9/Engine/Binaries/DotNET/UnrealBuildTool.exe BOS -ModuleWithSuffix BOS 6127 Win64 Development -editorrecompile -canskiplink "C:/Users/Stoffe/Documents/GitHub/Balls-of-steel/BOS/BOS.uproject" -rocket  -rocket]
[2015.11.04-14.40.50:859][304]Warning: Starting HotReload took  0.0s.
[2015.11.04-14.40.51:573][363]LogBlueprintUserMessages: Early PlayInEditor Detection: Level '/Game/RollingCPP/Maps/MainMenu.MainMenu:PersistentLevel' has LevelScriptBlueprint '/Game/RollingCPP/Maps/MainMenu.MainMenu:PersistentLevel.MainMenu' with GeneratedClass '/Game/RollingCPP/Maps/MainMenu.MainMenu_C' with ClassGeneratedBy '/Game/RollingCPP/Maps/MainMenu.MainMenu:PersistentLevel.MainMenu'
[2015.11.04-14.40.51:573][363]LogPlayLevel: PlayLevel: No blueprints needed recompiling
[2015.11.04-14.40.51:581][363]PIE: New page: PIE session: MainMenu (Nov 4, 2015, 4:40:51 PM)
[2015.11.04-14.40.51:581][363]LogPlayLevel: Creating play world package: /Game/RollingCPP/Maps/UEDPIE_1_MainMenu
[2015.11.04-14.40.51:587][363]LogPlayLevel: PIE: StaticDuplicateObject took: (0.006496s)
[2015.11.04-14.40.51:589][363]LogAIModule: Creating AISystem for world MainMenu
[2015.11.04-14.40.51:589][363]LogPlayLevel: PIE: World Init took: (0.001653s)
[2015.11.04-14.40.51:589][363]LogPlayLevel: PIE: Created PIE world by copying editor world from /Game/RollingCPP/Maps/MainMenu.MainMenu to /Game/RollingCPP/Maps/UEDPIE_1_MainMenu.MainMenu (0.008488s)
[2015.11.04-14.40.51:631][363]LogInit: XAudio2 using 'Högtalare (Realtek High Definition Audio)' : 2 channels at 48 kHz using 32 bits per sample (channel mask 0x3)
[2015.11.04-14.40.51:640][363]LogInit: FAudioDevice initialized.
[2015.11.04-14.40.51:716][363]LogWorld: Game class is 'GameMode'
[2015.11.04-14.40.51:721][363]LogWorld: Bringing World /Game/RollingCPP/Maps/UEDPIE_1_MainMenu.MainMenu up for play (max tick rate 0) at 2015.11.04-15.40.51
[2015.11.04-14.40.51:721][363]LogActor:Warning: GameSession /Game/RollingCPP/Maps/UEDPIE_1_MainMenu.MainMenu:PersistentLevel.GameSession_0 has natively added scene component(s), but none of them were set as the actor's RootComponent - picking one arbitrarily
[2015.11.04-14.40.51:721][363]LogActor:Warning: GameNetworkManager /Game/RollingCPP/Maps/UEDPIE_1_MainMenu.MainMenu:PersistentLevel.GameNetworkManager_0 has natively added scene component(s), but none of them were set as the actor's RootComponent - picking one arbitrarily
[2015.11.04-14.40.51:722][363]LogWorld: Bringing up level for play took: 0.004161
[2015.11.04-14.40.51:724][363]LogInit: WinSock: Socket queue 131072 / 131072
[2015.11.04-14.40.51:725][363]LogInit: WinSock: I am Stoffepc (172.20.10.2:0)
[2015.11.04-14.40.51:725][363]LogNet: GameNetDriver IpNetDriver_0 IpNetDriver listening on port 7777
[2015.11.04-14.40.51:763][363]PIE: Info Play in editor start time for /Game/RollingCPP/Maps/UEDPIE_1_MainMenu 1.086
[2015.11.04-14.40.51:771][363]PIE: New page: PIE session: MainMenu (Nov 4, 2015, 4:40:51 PM)
[2015.11.04-14.40.51:828][363]LogNet: Browse: 127.0.0.1//Game/RollingCPP/Maps/MainMenu
[2015.11.04-14.40.51:828][363]LogInit: WinSock: Socket queue 32768 / 32768
[2015.11.04-14.40.51:828][363]LogNet: Game client on port 7777, rate 10000
[2015.11.04-14.40.51:828][363]LogNet: GetLocalNetworkVersion: GEngineNetVersion: 2707645, ProjectName: bos, ProjectVersion: 1.0.0.0, InternalProtocolVersion: 9, LocalNetworkVersion: 1605316083
[2015.11.04-14.40.51:869][363]PIE: Info Play in editor start time for /Game/RollingCPP/Maps/MainMenu 1.192
[2015.11.04-14.40.51:878][363]LogBlueprintUserMessages: Late PlayInEditor Detection: Level '/Game/RollingCPP/Maps/MainMenu.MainMenu:PersistentLevel' has LevelScriptBlueprint '/Game/RollingCPP/Maps/MainMenu.MainMenu:PersistentLevel.MainMenu' with GeneratedClass '/Game/RollingCPP/Maps/MainMenu.MainMenu_C' with ClassGeneratedBy '/Game/RollingCPP/Maps/MainMenu.MainMenu:PersistentLevel.MainMenu'
[2015.11.04-14.40.51:878][363]LogNet: NotifyAcceptingConnection: Server MainMenu accept
[2015.11.04-14.40.51:878][363]LogNet: Open MainMenu 11/04/15 15:40:51 127.0.0.1
[2015.11.04-14.40.51:878][363]LogNet: Added client connection.  Remote address = 127.0.0.1:50443
[2015.11.04-14.40.51:878][363]LogNet: NotifyAcceptingChannel Control 0 server World /Game/RollingCPP/Maps/UEDPIE_1_MainMenu.MainMenu: Accepted
[2015.11.04-14.40.51:878][363]LogNet: Remote platform little endian=1
[2015.11.04-14.40.51:878][363]LogNet: This platform little endian=1
[2015.11.04-14.40.51:878][363]LogNet: GetLocalNetworkVersion: GEngineNetVersion: 2707645, ProjectName: bos, ProjectVersion: 1.0.0.0, InternalProtocolVersion: 9, LocalNetworkVersion: 1605316083
[2015.11.04-14.40.51:907][364]LogNet: Login request: /Game/RollingCPP/Maps/MainMenu userId: Invalid
[2015.11.04-14.40.51:909][364]LogNet: Welcomed by server (Level: /Game/RollingCPP/Maps/UEDPIE_1_MainMenu, Game: /Script/Engine.GameMode)
[2015.11.04-14.40.51:930][364]LogLoad: LoadMap: 127.0.0.1//Game/RollingCPP/Maps/UEDPIE_1_MainMenu?game=/Script/Engine.GameMode
[2015.11.04-14.40.51:961][364]LogParticles: Destroying 0 GPU particle simulations for FXSystem 0x000000EEE185D8A0
[2015.11.04-14.40.51:964][364]Cmd: MEM
[2015.11.04-14.40.51:996][364]LogMemory: Platform Memory Stats for Windows
[2015.11.04-14.40.51:996][364]LogMemory: Process Physical Memory: 553.13 MB used, 556.95 MB peak
[2015.11.04-14.40.51:996][364]LogMemory: Process Virtual Memory: 469.37 MB used, 473.43 MB peak
[2015.11.04-14.40.51:996][364]LogMemory: Physical Memory: 3980.85 MB used, 8126.94 MB total
[2015.11.04-14.40.51:996][364]LogMemory: Virtual Memory: 1087.53 MB used, 134217728.00 MB total
[2015.11.04-14.40.51:996][364]LogMemory: 
[2015.11.04-14.40.51:996][364]Allocator Stats for TBB: (not implemented)
[2015.11.04-14.40.51:997][364]LogLinker: Can't find file for asset '/Game/RollingCPP/Maps/UEDPIE_1_MainMenu' while loading NULL.
[2015.11.04-14.40.52:003][364]LogWorld: PIE: Copying PIE streaming level from /Game/RollingCPP/Maps/MainMenu.MainMenu to /Game/RollingCPP/Maps/UEDPIE_2_MainMenu.MainMenu. OwningWorld: None
[2015.11.04-14.40.52:004][364]LogAIModule: Creating AISystem for world MainMenu
[2015.11.04-14.40.52:008][364]LogWorld: Bringing World /Game/RollingCPP/Maps/UEDPIE_2_MainMenu.MainMenu up for play (max tick rate 0) at 2015.11.04-15.40.52
[2015.11.04-14.40.52:008][364]LogWorld: Bringing up level for play took: 0.003802
[2015.11.04-14.40.52:033][365]LogNet: Client netspeed is 10000
[2015.11.04-14.40.52:033][365]LogNet: Join request: /Game/RollingCPP/Maps/MainMenu?SplitscreenCount=1
[2015.11.04-14.40.52:037][365]LogNet: Join succeeded: 257
[2015.11.04-14.40.54:915][597]LogPackageName: SearchForPackageOnDisk took   0.069s to resolve Map1.umap.
[2015.11.04-14.40.54:993][597]LogPackageName: SearchForPackageOnDisk took   0.077s to resolve Map1.umap.
[2015.11.04-14.40.54:993][597]LogNet: Browse: /Game/RollingCPP/Maps/Map1?listen
[2015.11.04-14.40.54:993][597]LogLoad: LoadMap: /Game/RollingCPP/Maps/Map1?listen
[2015.11.04-14.40.54:993][597]LogNet: World NetDriver shutdown IpNetDriver_1 [GameNetDriver]
[2015.11.04-14.40.54:993][597]LogNet: DestroyNamedNetDriver IpNetDriver_1 [GameNetDriver]
[2015.11.04-14.40.54:993][597]LogNet: UNetConnection::Close: Name: IpConnection_0, Driver: GameNetDriver IpNetDriver_1, PC: PlayerController_3, Owner: PlayerController_3, Channels: 11, RemoteAddr: 127.0.0.1:7777, Time: 2015.11.04-14.40.54
[2015.11.04-14.40.54:993][597]LogNet: UChannel::Close: Sending CloseBunch. ChIndex == 0. Name: ControlChannel_0
[2015.11.04-14.40.54:993][597]LogExit: GameNetDriver IpNetDriver_1 shut down
[2015.11.04-14.40.55:023][597]LogParticles: Destroying 0 GPU particle simulations for FXSystem 0x000000EEF160A200
[2015.11.04-14.40.55:023][597]Cmd: MEM
[2015.11.04-14.40.55:048][597]LogMemory: Platform Memory Stats for Windows
[2015.11.04-14.40.55:048][597]LogMemory: Process Physical Memory: 559.46 MB used, 559.46 MB peak
[2015.11.04-14.40.55:048][597]LogMemory: Process Virtual Memory: 474.22 MB used, 474.22 MB peak
[2015.11.04-14.40.55:048][597]LogMemory: Physical Memory: 4043.57 MB used, 8126.94 MB total
[2015.11.04-14.40.55:048][597]LogMemory: Virtual Memory: 1099.59 MB used, 134217728.00 MB total
[2015.11.04-14.40.55:048][597]LogMemory: 
[2015.11.04-14.40.55:048][597]Allocator Stats for TBB: (not implemented)
[2015.11.04-14.41.02:909][597]LogAIModule: Creating AISystem for world Map1
[2015.11.04-14.41.02:909][597]LogWorld: Game class is 'BOSGameMode'
[2015.11.04-14.41.02:910][597]LogInit: WinSock: Socket queue 131072 / 131072
[2015.11.04-14.41.02:910][597]LogNet: GameNetDriver IpNetDriver_2 IpNetDriver listening on port 7778
[2015.11.04-14.41.02:934][597]LogPhysics:Warning: MoveFixedBody: Trying to move component'/Game/RollingCPP/Maps/UEDPIE_2_Map1.Map1:PersistentLevel.EditorCube14_113.StaticMeshComponent0' with a non-Movable Mobility.
[2015.11.04-14.41.02:934][597]LogPhysics:Warning: MoveFixedBody: Trying to move component'/Game/RollingCPP/Maps/UEDPIE_2_Map1.Map1:PersistentLevel.EditorCube18_116.StaticMeshComponent0' with a non-Movable Mobility.
[2015.11.04-14.41.02:935][597]LogPhysics:Warning: MoveFixedBody: Trying to move component'/Game/RollingCPP/Maps/UEDPIE_2_Map1.Map1:PersistentLevel.EditorCube22_120.StaticMeshComponent0' with a non-Movable Mobility.
[2015.11.04-14.41.02:935][597]LogPhysics:Warning: MoveFixedBody: Trying to move component'/Game/RollingCPP/Maps/UEDPIE_2_Map1.Map1:PersistentLevel.EditorCube23_121.StaticMeshComponent0' with a non-Movable Mobility.
[2015.11.04-14.41.02:935][597]LogPhysics:Warning: MoveFixedBody: Trying to move component'/Game/RollingCPP/Maps/UEDPIE_2_Map1.Map1:PersistentLevel.EditorCube31_130.StaticMeshComponent0' with a non-Movable Mobility.
[2015.11.04-14.41.02:935][597]LogPhysics:Warning: MoveFixedBody: Trying to move component'/Game/RollingCPP/Maps/UEDPIE_2_Map1.Map1:PersistentLevel.EditorCube35_134.StaticMeshComponent0' with a non-Movable Mobility.
[2015.11.04-14.41.02:935][597]LogPhysics:Warning: MoveFixedBody: Trying to move component'/Game/RollingCPP/Maps/UEDPIE_2_Map1.Map1:PersistentLevel.EditorCube36_135.StaticMeshComponent0' with a non-Movable Mobility.
[2015.11.04-14.41.02:935][597]LogWorld: Bringing World /Game/RollingCPP/Maps/UEDPIE_2_Map1.Map1 up for play (max tick rate 3) at 2015.11.04-15.41.02
[2015.11.04-14.41.02:935][597]LogActor:Warning: GameSession /Game/RollingCPP/Maps/UEDPIE_2_Map1.Map1:PersistentLevel.GameSession_1 has natively added scene component(s), but none of them were set as the actor's RootComponent - picking one arbitrarily
[2015.11.04-14.41.02:936][597]LogActor:Warning: GameNetworkManager /Game/RollingCPP/Maps/UEDPIE_2_Map1.Map1:PersistentLevel.GameNetworkManager_1 has natively added scene component(s), but none of them were set as the actor's RootComponent - picking one arbitrarily
[2015.11.04-14.41.02:936][597]LogWorld: Bringing up level for play took: 0.025767
[2015.11.04-14.41.02:936][597]LogLongPackageNames:Warning: URL: :7778//Game/RollingCPP/Maps/Map1: Name may not contain the following characters: :
[2015.11.04-14.41.02:968][598]LogNet: UChannel::ReceivedSequencedBunch: Bunch.bClose == true. ChIndex == 0. Calling ConditionalCleanUp.
[2015.11.04-14.41.02:968][598]LogNet: UChannel::CleanUp: [GameNetDriver] [PlayerController_2] [PlayerController_2]. ChIndex == 0. Closing connection.
[2015.11.04-14.41.02:968][598]LogNet: UNetConnection::Close: Name: IpConnection_1, Driver: GameNetDriver IpNetDriver_0, PC: PlayerController_2, Owner: PlayerController_2, Channels: 11, RemoteAddr: 127.0.0.1:50443, Time: 2015.11.04-14.41.02
[2015.11.04-14.41.02:968][598]LogNet: UChannel::Close: Sending CloseBunch. ChIndex == 0. Name: ControlChannel_1
[2015.11.04-14.41.33:043][329]LogPackageName: SearchForPackageOnDisk took   0.058s to resolve Map1.umap.
[2015.11.04-14.41.33:100][329]LogPackageName: SearchForPackageOnDisk took   0.057s to resolve Map1.umap.
[2015.11.04-14.41.33:100][329]LogNet: Browse: /Game/RollingCPP/Maps/Map1?listen
[2015.11.04-14.41.33:100][329]LogLoad: LoadMap: /Game/RollingCPP/Maps/Map1?listen
[2015.11.04-14.41.33:100][329]LogNet: World NetDriver shutdown IpNetDriver_0 [GameNetDriver]
[2015.11.04-14.41.33:100][329]LogNet: DestroyNamedNetDriver IpNetDriver_0 [GameNetDriver]
[2015.11.04-14.41.33:100][329]LogExit: GameNetDriver IpNetDriver_0 shut down
[2015.11.04-14.41.33:128][329]LogParticles: Destroying 0 GPU particle simulations for FXSystem 0x000000EEDF4D9EE0
[2015.11.04-14.41.33:135][329]Cmd: MEM
[2015.11.04-14.41.33:156][329]LogMemory: Platform Memory Stats for Windows
[2015.11.04-14.41.33:157][329]LogMemory: Process Physical Memory: 676.91 MB used, 677.80 MB peak
[2015.11.04-14.41.33:157][329]LogMemory: Process Virtual Memory: 589.89 MB used, 592.86 MB peak
[2015.11.04-14.41.33:157][329]LogMemory: Physical Memory: 4327.80 MB used, 8126.94 MB total
[2015.11.04-14.41.33:157][329]LogMemory: Virtual Memory: 1222.46 MB used, 134217728.00 MB total
[2015.11.04-14.41.33:157][329]LogMemory: 
[2015.11.04-14.41.33:157][329]Allocator Stats for TBB: (not implemented)
[2015.11.04-14.41.33:261][329]LogAIModule: Creating AISystem for world Map1
[2015.11.04-14.41.33:261][329]LogWorld: Game class is 'BOSGameMode'
[2015.11.04-14.41.33:262][329]LogInit: WinSock: Socket queue 131072 / 131072
[2015.11.04-14.41.33:262][329]LogNet: GameNetDriver IpNetDriver_3 IpNetDriver listening on port 7777
[2015.11.04-14.41.33:276][329]LogPhysics:Warning: MoveFixedBody: Trying to move component'/Game/RollingCPP/Maps/UEDPIE_1_Map1.Map1:PersistentLevel.EditorCube14_113.StaticMeshComponent0' with a non-Movable Mobility.
[2015.11.04-14.41.33:276][329]LogPhysics:Warning: MoveFixedBody: Trying to move component'/Game/RollingCPP/Maps/UEDPIE_1_Map1.Map1:PersistentLevel.EditorCube18_116.StaticMeshComponent0' with a non-Movable Mobility.
[2015.11.04-14.41.33:276][329]LogPhysics:Warning: MoveFixedBody: Trying to move component'/Game/RollingCPP/Maps/UEDPIE_1_Map1.Map1:PersistentLevel.EditorCube22_120.StaticMeshComponent0' with a non-Movable Mobility.
[2015.11.04-14.41.33:276][329]LogPhysics:Warning: MoveFixedBody: Trying to move component'/Game/RollingCPP/Maps/UEDPIE_1_Map1.Map1:PersistentLevel.EditorCube23_121.StaticMeshComponent0' with a non-Movable Mobility.
[2015.11.04-14.41.33:276][329]LogPhysics:Warning: MoveFixedBody: Trying to move component'/Game/RollingCPP/Maps/UEDPIE_1_Map1.Map1:PersistentLevel.EditorCube31_130.StaticMeshComponent0' with a non-Movable Mobility.
[2015.11.04-14.41.33:277][329]LogPhysics:Warning: MoveFixedBody: Trying to move component'/Game/RollingCPP/Maps/UEDPIE_1_Map1.Map1:PersistentLevel.EditorCube35_134.StaticMeshComponent0' with a non-Movable Mobility.
[2015.11.04-14.41.33:277][329]LogPhysics:Warning: MoveFixedBody: Trying to move component'/Game/RollingCPP/Maps/UEDPIE_1_Map1.Map1:PersistentLevel.EditorCube36_135.StaticMeshComponent0' with a non-Movable Mobility.
[2015.11.04-14.41.33:277][329]LogWorld: Bringing World /Game/RollingCPP/Maps/UEDPIE_1_Map1.Map1 up for play (max tick rate 0) at 2015.11.04-15.41.33
[2015.11.04-14.41.33:277][329]LogActor:Warning: GameSession /Game/RollingCPP/Maps/UEDPIE_1_Map1.Map1:PersistentLevel.GameSession_2 has natively added scene component(s), but none of them were set as the actor's RootComponent - picking one arbitrarily
[2015.11.04-14.41.33:277][329]LogActor:Warning: GameNetworkManager /Game/RollingCPP/Maps/UEDPIE_1_Map1.Map1:PersistentLevel.GameNetworkManager_2 has natively added scene component(s), but none of them were set as the actor's RootComponent - picking one arbitrarily
[2015.11.04-14.41.33:278][329]LogWorld: Bringing up level for play took: 0.015218
[2015.11.04-14.41.44:594][412]LogNet: Browse: 127.0.0.1//Game/RollingCPP/Maps/MainMenu
[2015.11.04-14.41.44:594][412]LogNet: World NetDriver shutdown IpNetDriver_2 [GameNetDriver]
[2015.11.04-14.41.44:594][412]LogNet: DestroyNamedNetDriver IpNetDriver_2 [GameNetDriver]
[2015.11.04-14.41.44:594][412]LogExit: GameNetDriver IpNetDriver_2 shut down
[2015.11.04-14.41.44:594][412]LogInit: WinSock: Socket queue 32768 / 32768
[2015.11.04-14.41.44:595][412]LogNet: Game client on port 7777, rate 10000
[2015.11.04-14.41.44:595][412]LogNet: GetLocalNetworkVersion: GEngineNetVersion: 2707645, ProjectName: bos, ProjectVersion: 1.0.0.0, InternalProtocolVersion: 9, LocalNetworkVersion: 1605316083
[2015.11.04-14.41.44:604][413]LogNet: NotifyAcceptingConnection: Server Map1 accept
[2015.11.04-14.41.44:604][413]LogNet: Open Map1 11/04/15 15:41:44 127.0.0.1
[2015.11.04-14.41.44:604][413]LogNet: Added client connection.  Remote address = 127.0.0.1:59120
[2015.11.04-14.41.44:605][413]LogNet: NotifyAcceptingChannel Control 0 server World /Game/RollingCPP/Maps/UEDPIE_1_Map1.Map1: Accepted
[2015.11.04-14.41.44:605][413]LogNet: Remote platform little endian=1
[2015.11.04-14.41.44:605][413]LogNet: This platform little endian=1
[2015.11.04-14.41.44:605][413]LogNet: GetLocalNetworkVersion: GEngineNetVersion: 2707645, ProjectName: bos, ProjectVersion: 1.0.0.0, InternalProtocolVersion: 9, LocalNetworkVersion: 1605316083
[2015.11.04-14.41.44:614][414]LogNet: Login request: /Game/RollingCPP/Maps/MainMenu userId: Invalid
[2015.11.04-14.41.44:615][414]LogNet: Welcomed by server (Level: /Game/RollingCPP/Maps/UEDPIE_1_Map1, Game: /Script/BOS.BOSGameMode)
[2015.11.04-14.41.44:617][414]LogLoad: LoadMap: 127.0.0.1//Game/RollingCPP/Maps/UEDPIE_1_Map1?game=/Script/BOS.BOSGameMode
[2015.11.04-14.41.44:642][414]LogParticles: Destroying 0 GPU particle simulations for FXSystem 0x000000EEF4ED5E40
[2015.11.04-14.41.44:645][414]Cmd: MEM
[2015.11.04-14.41.44:666][414]LogMemory: Platform Memory Stats for Windows
[2015.11.04-14.41.44:666][414]LogMemory: Process Physical Memory: 687.38 MB used, 687.39 MB peak
[2015.11.04-14.41.44:667][414]LogMemory: Process Virtual Memory: 599.20 MB used, 599.34 MB peak
[2015.11.04-14.41.44:667][414]LogMemory: Physical Memory: 4455.24 MB used, 8126.94 MB total
[2015.11.04-14.41.44:667][414]LogMemory: Virtual Memory: 1216.07 MB used, 134217728.00 MB total
[2015.11.04-14.41.44:667][414]LogMemory: 
[2015.11.04-14.41.44:667][414]Allocator Stats for TBB: (not implemented)
[2015.11.04-14.41.44:667][414]LogLinker: Can't find file for asset '/Game/RollingCPP/Maps/UEDPIE_1_Map1' while loading NULL.
[2015.11.04-14.41.44:769][414]LogAIModule: Creating AISystem for world Map1
[2015.11.04-14.41.44:784][414]LogPhysics:Warning: MoveFixedBody: Trying to move component'/Game/RollingCPP/Maps/UEDPIE_2_Map1.Map1:PersistentLevel.EditorCube14_113.StaticMeshComponent0' with a non-Movable Mobility.
[2015.11.04-14.41.44:784][414]LogPhysics:Warning: MoveFixedBody: Trying to move component'/Game/RollingCPP/Maps/UEDPIE_2_Map1.Map1:PersistentLevel.EditorCube18_116.StaticMeshComponent0' with a non-Movable Mobility.
[2015.11.04-14.41.44:784][414]LogPhysics:Warning: MoveFixedBody: Trying to move component'/Game/RollingCPP/Maps/UEDPIE_2_Map1.Map1:PersistentLevel.EditorCube22_120.StaticMeshComponent0' with a non-Movable Mobility.
[2015.11.04-14.41.44:784][414]LogPhysics:Warning: MoveFixedBody: Trying to move component'/Game/RollingCPP/Maps/UEDPIE_2_Map1.Map1:PersistentLevel.EditorCube23_121.StaticMeshComponent0' with a non-Movable Mobility.
[2015.11.04-14.41.44:784][414]LogPhysics:Warning: MoveFixedBody: Trying to move component'/Game/RollingCPP/Maps/UEDPIE_2_Map1.Map1:PersistentLevel.EditorCube31_130.StaticMeshComponent0' with a non-Movable Mobility.
[2015.11.04-14.41.44:784][414]LogPhysics:Warning: MoveFixedBody: Trying to move component'/Game/RollingCPP/Maps/UEDPIE_2_Map1.Map1:PersistentLevel.EditorCube35_134.StaticMeshComponent0' with a non-Movable Mobility.
[2015.11.04-14.41.44:784][414]LogPhysics:Warning: MoveFixedBody: Trying to move component'/Game/RollingCPP/Maps/UEDPIE_2_Map1.Map1:PersistentLevel.EditorCube36_135.StaticMeshComponent0' with a non-Movable Mobility.
[2015.11.04-14.41.44:784][414]LogWorld: Bringing World /Game/RollingCPP/Maps/UEDPIE_2_Map1.Map1 up for play (max tick rate 0) at 2015.11.04-15.41.44
[2015.11.04-14.41.44:785][414]LogWorld: Bringing up level for play took: 0.014450
[2015.11.04-14.41.44:801][415]LogNet: Client netspeed is 10000
[2015.11.04-14.41.44:801][415]LogNet: Join request: /Game/RollingCPP/Maps/MainMenu?SplitscreenCount=1
[2015.11.04-14.41.44:804][415]LogNet: Join succeeded: 260
[2015.11.04-14.41.47:329][635]LogNet:Warning: UIpNetDriver::ProcesRemoteFunction: No owning connection for actor BasicProjectile_BP_C_9. Function OnHit will not be processed.
[2015.11.04-14.41.47:490][648]LogNet:Warning: UIpNetDriver::ProcesRemoteFunction: No owning connection for actor BasicProjectile_BP_C_11. Function OnHit will not be processed.
[2015.11.04-14.41.47:633][659]LogNet:Warning: UIpNetDriver::ProcesRemoteFunction: No owning connection for actor BasicProjectile_BP_C_13. Function OnHit will not be processed.
[2015.11.04-14.41.48:611][740]LogNet:Warning: UIpNetDriver::ProcesRemoteFunction: No owning connection for actor BasicProjectile_BP_C_15. Function OnHit will not be processed.
[2015.11.04-14.41.48:784][755]LogNet:Warning: UIpNetDriver::ProcesRemoteFunction: No owning connection for actor BasicProjectile_BP_C_17. Function OnHit will not be processed.
[2015.11.04-14.41.48:942][768]LogNet:Warning: UIpNetDriver::ProcesRemoteFunction: No owning connection for actor BasicProjectile_BP_C_19. Function OnHit will not be processed.
[2015.11.04-14.41.49:122][783]LogNet:Warning: UIpNetDriver::ProcesRemoteFunction: No owning connection for actor BasicProjectile_BP_C_21. Function OnHit will not be processed.
[2015.11.04-14.41.50:498][889]CompilerResultsLog: New page: Compilation - Nov 4, 2015, 4:41:50 PM
[2015.11.04-14.41.50:498][889]CompilerResultsLog: Info Compiling game modules for hot reload
[2015.11.04-14.41.50:498][889]CompilerResultsLog: Info Parsing headers for BOSEditor
[2015.11.04-14.41.50:498][889]CompilerResultsLog: Info   Running UnrealHeaderTool "C:/Users/Stoffe/Documents/GitHub/Balls-of-steel/BOS/BOS.uproject" "C:\Users\Stoffe\Documents\GitHub\Balls-of-steel\BOS\Intermediate\Build\Win64\BOSEditor\Development\UnrealHeaderTool.manifest" -LogCmds="loginit warning, logexit warning, logdatabase error" -rocket -installed
[2015.11.04-14.41.50:498][889]CompilerResultsLog: Info Reflection code generated for BOSEditor in 10,8757669 seconds
[2015.11.04-14.41.50:498][889]CompilerResultsLog: Info Performing 3 actions (2 in parallel)
[2015.11.04-14.41.50:499][889]CompilerResultsLog: Info BOSGameMode.cpp
[2015.11.04-14.41.50:499][889]CompilerResultsLog: Info BOS.generated.cpp
[2015.11.04-14.41.50:499][889]CompilerResultsLog: Info [3/3] Link UE4Editor-BOS-6127.dll
[2015.11.04-14.41.50:499][889]CompilerResultsLog: Info    Creating library C:\Users\Stoffe\Documents\GitHub\Balls-of-steel\BOS\Intermediate/Build/Win64\UE4Editor\Development\UE4Editor-BOS-6127.lib and object C:\Users\Stoffe\Documents\GitHub\Balls-of-steel\BOS\Intermediate/Build/Win64\UE4Editor\Development\UE4Editor-BOS-6127.exp
[2015.11.04-14.41.50:499][889]CompilerResultsLog: Info -------- End Detailed Actions Stats -----------------------------------------------------------
[2015.11.04-14.41.50:499][889]CompilerResultsLog: Info Total build time: 59,60 seconds
[2015.11.04-14.41.50:499][889]LogMainFrame: MainFrame: Module compiling took 59.651 seconds
[2015.11.04-14.41.50:570][889]LogContentBrowser: Native class hierarchy updated for 'BOS' in 0.0013 seconds. Added 7 classes and 2 folders.
[2015.11.04-14.41.50:571][889]Warning: HotReload successful (9 functions remapped  0 scriptstructs remapped)
[2015.11.04-14.41.50:656][889]LogContentBrowser: Native class hierarchy populated in 0.0086 seconds. Added 1875 classes and 337 folders.
[2015.11.04-14.41.57:195][487]LogBlueprintUserMessages: Early EndPlayMap Detection: Level '/Game/RollingCPP/Maps/MainMenu.MainMenu:PersistentLevel' has LevelScriptBlueprint '/Game/RollingCPP/Maps/MainMenu.MainMenu:PersistentLevel.MainMenu' with GeneratedClass '/Game/RollingCPP/Maps/MainMenu.MainMenu_C' with ClassGeneratedBy '/Game/RollingCPP/Maps/MainMenu.MainMenu:PersistentLevel.MainMenu'
[2015.11.04-14.41.57:308][487]LogBlueprintUserMessages: Late EndPlayMap Detection: Level '/Game/RollingCPP/Maps/MainMenu.MainMenu:PersistentLevel' has LevelScriptBlueprint '/Game/RollingCPP/Maps/MainMenu.MainMenu:PersistentLevel.MainMenu' with GeneratedClass '/Game/RollingCPP/Maps/MainMenu.MainMenu_C' with ClassGeneratedBy '/Game/RollingCPP/Maps/MainMenu.MainMenu:PersistentLevel.MainMenu'
[2015.11.04-14.41.57:336][487]LogNet: UChannel::CleanUp: [GameNetDriver] [PlayerController_7] [PlayerController_7]. ChIndex == 0. Closing connection.
[2015.11.04-14.41.57:336][487]LogNet: UNetConnection::Close: Name: IpConnection_3, Driver: GameNetDriver IpNetDriver_3, PC: PlayerController_7, Owner: PlayerController_7, Channels: 11, RemoteAddr: 127.0.0.1:59120, Time: 2015.11.04-14.41.57
[2015.11.04-14.41.57:336][487]LogNet: UChannel::Close: Sending CloseBunch. ChIndex == 0. Name: ControlChannel_3
[2015.11.04-14.41.57:336][487]LogNet: UChannel::CleanUp: [GameNetDriver] [PlayerController_8] [PlayerController_8]. ChIndex == 0. Closing connection.
[2015.11.04-14.41.57:336][487]LogNet: UNetConnection::Close: Name: IpConnection_2, Driver: GameNetDriver IpNetDriver_4, PC: PlayerController_8, Owner: PlayerController_8, Channels: 11, RemoteAddr: 127.0.0.1:7777, Time: 2015.11.04-14.41.57
[2015.11.04-14.41.57:337][487]LogNet: UChannel::Close: Sending CloseBunch. ChIndex == 0. Name: ControlChannel_2
[2015.11.04-14.41.57:341][487]LogExit: GameNetDriver None shut down
[2015.11.04-14.41.57:342][487]LogExit: GameNetDriver None shut down
[2015.11.04-14.41.57:342][487]LogParticles: Destroying 0 GPU particle simulations for FXSystem 0x000000EEF4ED5800
[2015.11.04-14.41.57:350][487]LogParticles: Destroying 0 GPU particle simulations for FXSystem 0x000000EEF9154EA0
[2015.11.04-14.42.07:648][995]LogVSAccessor:Warning: Visual Studio is open but could not be queried - it may be blocked by a modal operation
[2015.11.04-14.42.10:730][996]LogVSAccessor:Warning: Couldn't goto line number '0' in 'C:/Users/Stoffe/Documents/GitHub/Balls-of-steel/BOS/Source/BOS/BOSPlayerState.h'
[2015.11.04-14.42.10:798][996]LogVSAccessor:Warning: Couldn't goto line number '0' in 'C:/Users/Stoffe/Documents/GitHub/Balls-of-steel/BOS/Source/BOS/BOSPlayerState.cpp'
[2015.11.04-14.48.26:787][215]Cmd: QUIT_EDITOR
[2015.11.04-14.48.26:983][215]LogWindowsTextInputMethodSystem:Display: IME system now deactivated.
[2015.11.04-14.48.27:127][215]LogExit: Preparing to exit.
[2015.11.04-14.48.27:784][215]LogExit: Editor shut down
[2015.11.04-14.48.27:785][215]LogExit: Transaction tracking system shut down
[2015.11.04-14.48.27:786][215]LogParticles: Destroying 0 GPU particle simulations for FXSystem 0x000000EEEF0F79C0
[2015.11.04-14.48.27:787][215]LogParticles: Destroying 0 GPU particle simulations for FXSystem 0x000000EEDF7232E0
[2015.11.04-14.48.27:787][215]LogParticles: Destroying 0 GPU particle simulations for FXSystem 0x000000EEF1608540
[2015.11.04-14.48.27:787][215]LogParticles: Destroying 0 GPU particle simulations for FXSystem 0x000000EEF1608360
[2015.11.04-14.48.27:993][215]LogExit: Object subsystem successfully closed.
[2015.11.04-14.48.28:014][215]LogD3D11RHI: Shutdown
[2015.11.04-14.48.28:014][215]LogD3D11RHI: CleanupD3DDevice
[2015.11.04-14.48.28:050][215]LogD3D11RHI: ~FD3D11DynamicRHI
[2015.11.04-14.48.28:069][215]LogModuleManager: Shutting down and abandoning module CrashTracker (198)
[2015.11.04-14.48.28:069][215]LogModuleManager: Shutting down and abandoning module SceneOutliner (197)
[2015.11.04-14.48.28:069][215]LogModuleManager: Shutting down and abandoning module SuperSearch (196)
[2015.11.04-14.48.28:069][215]LogModuleManager: Shutting down and abandoning module WidgetCarousel (195)
[2015.11.04-14.48.28:069][215]LogModuleManager: Shutting down and abandoning module AddContentDialog (194)
[2015.11.04-14.48.28:070][215]LogModuleManager: Shutting down and abandoning module EditorWidgets (193)
[2015.11.04-14.48.28:070][215]LogModuleManager: Shutting down and abandoning module CollectionManager (192)
[2015.11.04-14.48.28:070][215]LogModuleManager: Shutting down and abandoning module StatsViewer (191)
[2015.11.04-14.48.28:070][215]LogModuleManager: Shutting down and abandoning module FoliageEdit (190)
[2015.11.04-14.48.28:070][215]LogModuleManager: Shutting down and abandoning module LandscapeEditor (189)
[2015.11.04-14.48.28:070][215]LogModuleManager: Shutting down and abandoning module ActorPickerMode (188)
[2015.11.04-14.48.28:070][215]LogModuleManager: Shutting down and abandoning module GeometryMode (187)
[2015.11.04-14.48.28:070][215]LogModuleManager: Shutting down and abandoning module TextureAlignMode (186)
[2015.11.04-14.48.28:070][215]LogModuleManager: Shutting down and abandoning module BspMode (185)
[2015.11.04-14.48.28:070][215]LogModuleManager: Shutting down and abandoning module PlacementMode (184)
[2015.11.04-14.48.28:070][215]LogModuleManager: Shutting down and abandoning module AutomationWorker (183)
[2015.11.04-14.48.28:070][215]LogModuleManager: Shutting down and abandoning module CharacterAI (182)
[2015.11.04-14.48.28:070][215]LogModuleManager: Shutting down and abandoning module SmartSnapping (181)
[2015.11.04-14.48.28:070][215]LogModuleManager: Shutting down and abandoning module ViewportSnapping (180)
[2015.11.04-14.48.28:070][215]LogModuleManager: Shutting down and abandoning module LogVisualizer (179)
[2015.11.04-14.48.28:070][215]LogModuleManager: Shutting down and abandoning module GameProjectGeneration (178)
[2015.11.04-14.48.28:071][215]LogModuleManager: Shutting down and abandoning module IntroTutorials (177)
[2015.11.04-14.48.28:071][215]LogModuleManager: Shutting down and abandoning module EditorLiveStreaming (176)
[2015.11.04-14.48.28:071][215]LogModuleManager: Shutting down and abandoning module IOSPlatformEditor (175)
[2015.11.04-14.48.28:071][215]LogModuleManager: Shutting down and abandoning module HTML5PlatformEditor (174)
[2015.11.04-14.48.28:071][215]LogModuleManager: Shutting down and abandoning module AndroidDeviceDetection (173)
[2015.11.04-14.48.28:843][215]LogModuleManager: Shutting down and abandoning module AndroidPlatformEditor (172)
[2015.11.04-14.48.28:843][215]LogModuleManager: Shutting down and abandoning module IOSRuntimeSettings (171)
[2015.11.04-14.48.28:843][215]LogModuleManager: Shutting down and abandoning module AndroidRuntimeSettings (170)
[2015.11.04-14.48.28:843][215]LogModuleManager: Shutting down and abandoning module MergeActors (169)
[2015.11.04-14.48.28:843][215]LogModuleManager: Shutting down and abandoning module SizeMap (168)
[2015.11.04-14.48.28:843][215]LogModuleManager: Shutting down and abandoning module TreeMap (167)
[2015.11.04-14.48.28:843][215]LogModuleManager: Shutting down and abandoning module ReferenceViewer (166)
[2015.11.04-14.48.28:843][215]LogModuleManager: Shutting down and abandoning module LocalizationService (165)
[2015.11.04-14.48.28:843][215]LogModuleManager: Shutting down and abandoning module LocalizationDashboard (164)
[2015.11.04-14.48.28:843][215]LogModuleManager: Shutting down and abandoning module HardwareTargeting (163)
[2015.11.04-14.48.28:843][215]LogModuleManager: Shutting down and abandoning module DeviceProfileEditor (162)
[2015.11.04-14.48.28:843][215]LogModuleManager: Shutting down and abandoning module UndoHistory (161)
[2015.11.04-14.48.28:843][215]LogModuleManager: Shutting down and abandoning module GameplayTagsEditor (160)
[2015.11.04-14.48.28:843][215]LogModuleManager: Shutting down and abandoning module UserFeedback (159)
[2015.11.04-14.48.28:843][215]LogModuleManager: Shutting down and abandoning module XmlParser (158)
[2015.11.04-14.48.28:843][215]LogModuleManager: Shutting down and abandoning module Blutility (157)
[2015.11.04-14.48.28:843][215]LogModuleManager: Shutting down and abandoning module ProjectTargetPlatformEditor (156)
[2015.11.04-14.48.28:843][215]LogModuleManager: Shutting down and abandoning module ProjectSettingsViewer (155)
[2015.11.04-14.48.28:843][215]LogModuleManager: Shutting down and abandoning module InputBindingEditor (154)
[2015.11.04-14.48.28:843][215]LogModuleManager: Shutting down and abandoning module EditorSettingsViewer (153)
[2015.11.04-14.48.28:843][215]LogModuleManager: Shutting down and abandoning module SettingsEditor (152)
[2015.11.04-14.48.28:843][215]LogModuleManager: Shutting down and abandoning module ProjectLauncher (151)
[2015.11.04-14.48.28:843][215]LogModuleManager: Shutting down and abandoning module SessionFrontend (150)
[2015.11.04-14.48.28:843][215]LogModuleManager: Shutting down and abandoning module ProfilerClient (149)
[2015.11.04-14.48.28:843][215]LogModuleManager: Shutting down and abandoning module TargetDeviceServices (148)
[2015.11.04-14.48.28:843][215]LogModuleManager: Shutting down and abandoning module DeviceManager (147)
[2015.11.04-14.48.28:843][215]LogModuleManager: Shutting down and abandoning module AutomationController (146)
[2015.11.04-14.48.28:843][215]LogModuleManager: Shutting down and abandoning module AutomationWindow (145)
[2015.11.04-14.48.28:843][215]LogModuleManager: Shutting down and abandoning module Layers (144)
[2015.11.04-14.48.28:844][215]LogModuleManager: Shutting down and abandoning module ComponentVisualizers (143)
[2015.11.04-14.48.28:844][215]LogModuleManager: Shutting down and abandoning module DetailCustomizations (142)
[2015.11.04-14.48.28:844][215]LogModuleManager: Shutting down and abandoning module PackagesDialog (141)
[2015.11.04-14.48.28:844][215]LogModuleManager: Shutting down and abandoning module Persona (140)
[2015.11.04-14.48.28:844][215]LogModuleManager: Shutting down and abandoning module Kismet (139)
[2015.11.04-14.48.28:844][215]LogModuleManager: Shutting down and abandoning module GraphEditor (138)
[2015.11.04-14.48.28:844][215]LogModuleManager: Shutting down and abandoning module ClassViewer (137)
[2015.11.04-14.48.28:844][215]LogModuleManager: Shutting down and abandoning module Toolbox (136)
[2015.11.04-14.48.28:844][215]LogModuleManager: Shutting down and abandoning module ModuleUI (135)
[2015.11.04-14.48.28:844][215]LogModuleManager: Shutting down and abandoning module MovieSceneTools (134)
[2015.11.04-14.48.28:844][215]LogModuleManager: Shutting down and abandoning module OutputLog (133)
[2015.11.04-14.48.28:844][215]LogModuleManager: Shutting down and abandoning module GammaUI (132)
[2015.11.04-14.48.28:844][215]LogModuleManager: Shutting down and abandoning module Documentation (131)
[2015.11.04-14.48.28:844][215]LogModuleManager: Shutting down and abandoning module GameLiveStreaming (130)
[2015.11.04-14.48.28:844][215]LogModuleManager: Shutting down and abandoning module StreamingPauseRendering (129)
[2015.11.04-14.48.28:844][215]LogModuleManager: Shutting down and abandoning module AnalyticsET (128)
[2015.11.04-14.48.28:844][215]LogModuleManager: Shutting down and abandoning module Analytics (127)
[2015.11.04-14.48.28:844][215]LogModuleManager: Shutting down and abandoning module AITestSuite (126)
[2015.11.04-14.48.28:844][215]LogModuleManager: Shutting down and abandoning module GameplayDebugger (125)
[2015.11.04-14.48.28:844][215]LogModuleManager: Shutting down and abandoning module AIModule (124)
[2015.11.04-14.48.28:844][215]LogModuleManager: Shutting down and abandoning module ProfilerService (123)
[2015.11.04-14.48.29:024][215]LogModuleManager: Shutting down and abandoning module TaskGraph (122)
[2015.11.04-14.48.29:024][215]LogModuleManager: Shutting down and abandoning module SlateRemote (121)
[2015.11.04-14.48.29:024][215]LogModuleManager: Shutting down and abandoning module SteamVRController (120)
[2015.11.04-14.48.29:024][215]LogModuleManager: Shutting down and abandoning module SteamVR (119)
[2015.11.04-14.48.29:024][215]LogModuleManager: Shutting down and abandoning module ProceduralMeshComponent (118)
[2015.11.04-14.48.29:024][215]LogModuleManager: Shutting down and abandoning module OculusRift (117)
[2015.11.04-14.48.29:024][215]LogModuleManager: Shutting down and abandoning module OculusLibrary (116)
[2015.11.04-14.48.29:024][215]LogModuleManager: Shutting down and abandoning module LeapMotionController (115)
[2015.11.04-14.48.29:032][215]LogModuleManager: Shutting down and abandoning module CustomMeshComponent (114)
[2015.11.04-14.48.29:032][215]LogModuleManager: Shutting down and abandoning module CableComponent (113)
[2015.11.04-14.48.29:032][215]LogModuleManager: Shutting down and abandoning module ArchVisCharacter (112)
[2015.11.04-14.48.29:032][215]LogModuleManager: Shutting down and abandoning module MessagingDebugger (111)
[2015.11.04-14.48.29:032][215]LogModuleManager: Shutting down and abandoning module MediaPlayerEditor (110)
[2015.11.04-14.48.29:032][215]LogModuleManager: Shutting down and abandoning module HTML5Networking (109)
[2015.11.04-14.48.29:032][215]LogModuleManager: Shutting down and abandoning module SpeedTreeImporter (108)
[2015.11.04-14.48.29:032][215]LogModuleManager: Shutting down and abandoning module PluginBrowser (107)
[2015.11.04-14.48.29:032][215]LogModuleManager: Shutting down and abandoning module EpicSurvey (106)
[2015.11.04-14.48.29:032][215]LogModuleManager: Shutting down and abandoning module DesktopPlatform (105)
[2015.11.04-14.48.29:032][215]LogModuleManager: Shutting down and abandoning module VisualStudioSourceCodeAccess (104)
[2015.11.04-14.48.29:032][215]LogModuleManager: Shutting down and abandoning module UObjectPlugin (103)
[2015.11.04-14.48.29:032][215]LogModuleManager: Shutting down and abandoning module SubversionSourceControl (102)
[2015.11.04-14.48.29:032][215]LogModuleManager: Shutting down and abandoning module PerforceSourceControl (101)
[2015.11.04-14.48.29:032][215]LogModuleManager: Shutting down and abandoning module SourceControl (100)
[2015.11.04-14.48.29:032][215]LogModuleManager: Shutting down and abandoning module GitSourceControl (99)
[2015.11.04-14.48.29:032][215]LogModuleManager: Shutting down and abandoning module LightPropagationVolumeEditor (98)
[2015.11.04-14.48.29:032][215]LogModuleManager: Shutting down and abandoning module PaperTiledImporter (97)
[2015.11.04-14.48.29:032][215]LogModuleManager: Shutting down and abandoning module PaperSpriteSheetImporter (96)
[2015.11.04-14.48.29:032][215]LogModuleManager: Shutting down and abandoning module MeshPaint (95)
[2015.11.04-14.48.29:032][215]LogModuleManager: Shutting down and abandoning module SlateReflector (94)
[2015.11.04-14.48.29:032][215]LogModuleManager: Shutting down and abandoning module HotReload (93)
[2015.11.04-14.48.29:032][215]LogModuleManager: Shutting down and abandoning module MainFrame (92)
[2015.11.04-14.48.29:032][215]LogModuleManager: Shutting down and abandoning module LevelEditor (91)
[2015.11.04-14.48.29:033][215]LogModuleManager: Shutting down and abandoning module DirectoryWatcher (90)
[2015.11.04-14.48.29:034][215]LogModuleManager: Shutting down and abandoning module AssetRegistry (89)
[2015.11.04-14.48.29:109][215]LogModuleManager: Shutting down and abandoning module ContentBrowser (88)
[2015.11.04-14.48.29:110][215]LogModuleManager: Shutting down and abandoning module Paper2DEditor (87)
[2015.11.04-14.48.29:110][215]LogModuleManager: Shutting down and abandoning module BOS (86)
[2015.11.04-14.48.29:110][215]LogModuleManager: Shutting down and abandoning module UdpMessaging (85)
[2015.11.04-14.48.29:212][215]LogModuleManager: Shutting down and abandoning module LightPropagationVolumeRuntime (84)
[2015.11.04-14.48.29:212][215]LogModuleManager: Shutting down and abandoning module Paper2D (83)
[2015.11.04-14.48.29:212][215]LogModuleManager: Shutting down and abandoning module WindowsMoviePlayer (82)
[2015.11.04-14.48.29:215][215]LogModuleManager: Shutting down and abandoning module Media (81)
[2015.11.04-14.48.29:215][215]LogModuleManager: Shutting down and abandoning module WmfMedia (80)
[2015.11.04-14.48.29:215][215]LogModuleManager: Shutting down and abandoning module OnlineBlueprintSupport (79)
[2015.11.04-14.48.29:215][215]LogModuleManager: Shutting down and abandoning module GameplayTasksEditor (78)
[2015.11.04-14.48.29:215][215]LogModuleManager: Shutting down and abandoning module PropertyEditor (77)
[2015.11.04-14.48.29:215][215]LogModuleManager: Shutting down and abandoning module BehaviorTreeEditor (76)
[2015.11.04-14.48.29:215][215]LogModuleManager: Shutting down and abandoning module FunctionalTesting (75)
[2015.11.04-14.48.29:215][215]LogModuleManager: Shutting down and abandoning module CollisionAnalyzer (74)
[2015.11.04-14.48.29:215][215]LogModuleManager: Shutting down and abandoning module WorkspaceMenuStructure (73)
[2015.11.04-14.48.29:215][215]LogModuleManager: Shutting down and abandoning module MessageLog (72)
[2015.11.04-14.48.29:215][215]LogModuleManager: Shutting down and abandoning module Sequencer (71)
[2015.11.04-14.48.29:215][215]LogModuleManager: Shutting down and abandoning module AssetTools (70)
[2015.11.04-14.48.29:215][215]LogModuleManager: Shutting down and abandoning module UMGEditor (69)
[2015.11.04-14.48.29:215][215]LogModuleManager: Shutting down and abandoning module UMG (68)
[2015.11.04-14.48.29:215][215]LogModuleManager: Shutting down and abandoning module Slate (67)
[2015.11.04-14.48.29:215][215]LogModuleManager: Shutting down and abandoning module EditorStyle (66)
[2015.11.04-14.48.29:217][215]LogModuleManager: Shutting down and abandoning module SessionServices (65)
[2015.11.04-14.48.29:217][215]LogModuleManager: Shutting down and abandoning module SourceCodeAccess (64)
[2015.11.04-14.48.29:217][215]LogModuleManager: Shutting down and abandoning module HeadMountedDisplay (63)
[2015.11.04-14.48.29:217][215]LogModuleManager: Shutting down and abandoning module XAudio2 (62)
[2015.11.04-14.48.29:217][215]LogModuleManager: Shutting down and abandoning module Networking (60)
[2015.11.04-14.48.29:217][215]LogModuleManager: Shutting down and abandoning module Core (59)
[2015.11.04-14.48.29:217][215]LogModuleManager: Shutting down and abandoning module KismetCompiler (58)
[2015.11.04-14.48.29:217][215]LogModuleManager: Shutting down and abandoning module PhysXFormats (57)
[2015.11.04-14.48.29:217][215]LogModuleManager: Shutting down and abandoning module MeshUtilities (56)
[2015.11.04-14.48.29:217][215]LogModuleManager: Shutting down and abandoning module CookingStats (55)
[2015.11.04-14.48.29:218][215]LogModuleManager: Shutting down and abandoning module DerivedDataCache (54)
[2015.11.04-14.48.29:269][215]LogDerivedDataCache: Shutdown
[2015.11.04-14.48.29:269][215]LogModuleManager: Shutting down and abandoning module ShaderFormatOpenGL (53)
[2015.11.04-14.48.29:269][215]LogModuleManager: Shutting down and abandoning module ShaderFormatD3D (52)
[2015.11.04-14.48.29:269][215]LogModuleManager: Shutting down and abandoning module MetalShaderFormat (51)
[2015.11.04-14.48.29:269][215]LogModuleManager: Shutting down and abandoning module TextureFormatUncompressed (50)
[2015.11.04-14.48.29:269][215]LogModuleManager: Shutting down and abandoning module TextureFormatPVR (49)
[2015.11.04-14.48.29:269][215]LogModuleManager: Shutting down and abandoning module TextureFormatIntelISPCTexComp (48)
[2015.11.04-14.48.29:269][215]LogModuleManager: Shutting down and abandoning module TextureFormatDXT (47)
[2015.11.04-14.48.29:269][215]LogModuleManager: Shutting down and abandoning module ImageWrapper (46)
[2015.11.04-14.48.29:269][215]LogModuleManager: Shutting down and abandoning module TextureFormatASTC (45)
[2015.11.04-14.48.29:269][215]LogModuleManager: Shutting down and abandoning module TextureFormatAndroid (44)
[2015.11.04-14.48.29:269][215]LogModuleManager: Shutting down and abandoning module AudioFormatOpus (43)
[2015.11.04-14.48.29:269][215]LogModuleManager: Shutting down and abandoning module AudioFormatOgg (42)
[2015.11.04-14.48.29:269][215]LogModuleManager: Shutting down and abandoning module AudioFormatADPCM (41)
[2015.11.04-14.48.29:269][215]LogModuleManager: Shutting down and abandoning module LinuxTargetPlatform (40)
[2015.11.04-14.48.29:269][215]LogModuleManager: Shutting down and abandoning module LinuxServerTargetPlatform (39)
[2015.11.04-14.48.29:269][215]LogModuleManager: Shutting down and abandoning module LinuxNoEditorTargetPlatform (38)
[2015.11.04-14.48.29:269][215]LogModuleManager: Shutting down and abandoning module Messaging (37)
[2015.11.04-14.48.29:269][215]LogModuleManager: Shutting down and abandoning module IOSTargetPlatform (36)
[2015.11.04-14.48.29:269][215]LogModuleManager: Shutting down and abandoning module HTML5TargetPlatform (35)
[2015.11.04-14.48.29:269][215]LogModuleManager: Shutting down and abandoning module Android_PVRTCTargetPlatform (34)
[2015.11.04-14.48.29:269][215]LogModuleManager: Shutting down and abandoning module Android_ETC2TargetPlatform (33)
[2015.11.04-14.48.29:269][215]LogModuleManager: Shutting down and abandoning module Android_ETC1TargetPlatform (32)
[2015.11.04-14.48.29:269][215]LogModuleManager: Shutting down and abandoning module Android_DXTTargetPlatform (31)
[2015.11.04-14.48.29:269][215]LogModuleManager: Shutting down and abandoning module Android_ATCTargetPlatform (30)
[2015.11.04-14.48.29:269][215]LogModuleManager: Shutting down and abandoning module Android_ASTCTargetPlatform (29)
[2015.11.04-14.48.29:269][215]LogModuleManager: Shutting down and abandoning module AndroidTargetPlatform (28)
[2015.11.04-14.48.29:269][215]LogModuleManager: Shutting down and abandoning module WindowsTargetPlatform (27)
[2015.11.04-14.48.29:269][215]LogModuleManager: Shutting down and abandoning module WindowsServerTargetPlatform (26)
[2015.11.04-14.48.29:269][215]LogModuleManager: Shutting down and abandoning module WindowsNoEditorTargetPlatform (25)
[2015.11.04-14.48.29:269][215]LogModuleManager: Shutting down and abandoning module WindowsClientTargetPlatform (24)
[2015.11.04-14.48.29:269][215]LogModuleManager: Shutting down and abandoning module AllDesktopTargetPlatform (23)
[2015.11.04-14.48.29:269][215]LogModuleManager: Shutting down and abandoning module TargetPlatform (22)
[2015.11.04-14.48.29:269][215]LogModuleManager: Shutting down and abandoning module InputCore (21)
[2015.11.04-14.48.29:269][215]LogModuleManager: Shutting down and abandoning module Settings (20)
[2015.11.04-14.48.29:269][215]LogModuleManager: Shutting down and abandoning module OnlineSubsystem (18)
[2015.11.04-14.48.29:269][215]LogModuleManager: Shutting down and abandoning module HTTP (17)
[2015.11.04-14.48.31:274][215]LogModuleManager: Shutting down and abandoning module XMPP (16)
[2015.11.04-14.48.31:274][215]LogModuleManager: Shutting down and abandoning module ExampleDeviceProfileSelector (15)
[2015.11.04-14.48.31:274][215]LogModuleManager: Shutting down and abandoning module TextureCompressor (14)
[2015.11.04-14.48.31:274][215]LogModuleManager: Shutting down and abandoning module ShaderCore (13)
[2015.11.04-14.48.31:274][215]LogModuleManager: Shutting down and abandoning module Landscape (12)
[2015.11.04-14.48.31:274][215]LogModuleManager: Shutting down and abandoning module SlateRHIRenderer (11)
[2015.11.04-14.48.31:275][215]LogModuleManager: Shutting down and abandoning module OpenGLDrv (10)
[2015.11.04-14.48.31:275][215]LogModuleManager: Shutting down and abandoning module D3D11RHI (9)
[2015.11.04-14.48.31:275][215]LogModuleManager: Shutting down and abandoning module AnimGraphRuntime (8)
[2015.11.04-14.48.31:275][215]LogModuleManager: Shutting down and abandoning module Renderer (7)
[2015.11.04-14.48.31:275][215]LogModuleManager: Shutting down and abandoning module Engine (6)
[2015.11.04-14.48.31:275][215]LogModuleManager: Shutting down and abandoning module CoreUObject (5)
[2015.11.04-14.48.31:275][215]LogModuleManager: Shutting down and abandoning module NetworkFile (4)
[2015.11.04-14.48.31:275][215]LogModuleManager: Shutting down and abandoning module StreamingFile (3)
[2015.11.04-14.48.31:275][215]LogModuleManager: Shutting down and abandoning module SandboxFile (2)
[2015.11.04-14.48.31:275][215]LogModuleManager: Shutting down and abandoning module PakFile (1)
[2015.11.04-14.48.31:275][215]LogExit: Exiting.
[2015.11.04-14.48.31:276][215]Log file closed, 11/04/15 15:48:31
