[2015.12.01-14.32.26:476][  0]Log file open, 12/01/15 15:32:26
[2015.12.01-14.32.26:476][  0]LogInit:Display: Running engine for game: BOS
[2015.12.01-14.32.26:476][  0]LogInit:Display: RandInit(324823802) SRandInit(324823802).
[2015.12.01-14.32.26:476][  0]LogTaskGraph: Started task graph with 4 named threads and 7 total threads.
[2015.12.01-14.32.26:476][  0]LogStats: Stats thread started at 0.154931
[2015.12.01-14.32.26:476][  0]LogInit: Version: 4.9.1-2689999+++depot+UE4-Releases+4.9
[2015.12.01-14.32.26:476][  0]LogInit: API Version: 2672455
[2015.12.01-14.32.26:476][  0]LogInit: Compiled (64-bit): Sep 14 2015 04:12:03
[2015.12.01-14.32.26:476][  0]LogInit: Compiled with Visual C++: 18.00.21005.01
[2015.12.01-14.32.26:476][  0]LogInit: Build Configuration: Development
[2015.12.01-14.32.26:476][  0]LogInit: Branch Name: ++depot+UE4-Releases+4.9
[2015.12.01-14.32.26:476][  0]LogInit: Command line: 
[2015.12.01-14.32.26:476][  0]LogInit: Base directory: C:/Program Files/Epic Games/4.9/Engine/Binaries/Win64/
[2015.12.01-14.32.26:476][  0]LogInit: Rocket: 1
[2015.12.01-14.32.26:492][  0]LogInit: Using libcurl 7.41.0
[2015.12.01-14.32.26:492][  0]LogInit:  - built for x86_64-pc-win32
[2015.12.01-14.32.26:492][  0]LogInit:  - supports SSL with WinSSL
[2015.12.01-14.32.26:492][  0]LogInit:  - other features:
[2015.12.01-14.32.26:492][  0]LogInit:      CURL_VERSION_SSL
[2015.12.01-14.32.26:492][  0]LogInit:      CURL_VERSION_IPV6
[2015.12.01-14.32.26:492][  0]LogInit:      CURL_VERSION_ASYNCHDNS
[2015.12.01-14.32.26:492][  0]LogInit:      CURL_VERSION_LARGEFILE
[2015.12.01-14.32.26:492][  0]LogInit:      CURL_VERSION_IDN
[2015.12.01-14.32.26:492][  0]LogInit:  CurlRequestOptions (configurable via config and command line):
[2015.12.01-14.32.26:492][  0]LogInit:  - bVerifyPeer = true  - Libcurl will verify peer certificate
[2015.12.01-14.32.26:492][  0]LogInit:  - bUseHttpProxy = false  - Libcurl will NOT use HTTP proxy
[2015.12.01-14.32.26:492][  0]LogInit:  - bDontReuseConnections = false  - Libcurl will reuse connections
[2015.12.01-14.32.26:492][  0]LogInit:  - CertBundlePath = nullptr  - Libcurl will use whatever was configured at build time.
[2015.12.01-14.32.26:523][  0]LogInit: Presizing for 0 objects not considered by GC, pre-allocating 0 bytes.
[2015.12.01-14.32.26:523][  0]LogInit: Object subsystem initialized
[2015.12.01-14.32.26:523][  0]LogInit: Selected Device Profile: [Windows]
[2015.12.01-14.32.26:523][  0]LogInit: Applying CVar settings loaded from the selected device profile: [Windows]
[2015.12.01-14.32.26:543][  0]LogInit: Computer: SpellabbA332-13
[2015.12.01-14.32.26:543][  0]LogInit: User: Spellabbet
[2015.12.01-14.32.26:543][  0]LogInit: CPU Page size=4096, Cores=4
[2015.12.01-14.32.26:544][  0]LogInit: High frequency timer resolution =3.507501 MHz
[2015.12.01-14.32.26:544][  0]LogMemory: Memory total: Physical=15.9GB (16GB approx)
[2015.12.01-14.32.26:544][  0]LogMemory: Platform Memory Stats for Windows
[2015.12.01-14.32.26:545][  0]LogMemory: Process Physical Memory: 52.94 MB used, 52.94 MB peak
[2015.12.01-14.32.26:545][  0]LogMemory: Process Virtual Memory: 55.27 MB used, 55.27 MB peak
[2015.12.01-14.32.26:545][  0]LogMemory: Physical Memory: 4173.34 MB used, 16318.82 MB total
[2015.12.01-14.32.26:545][  0]LogMemory: Virtual Memory: 346.38 MB used, 134217728.00 MB total
[2015.12.01-14.32.26:599][  0]LogTextLocalizationManager: No translations for ('sv-SE') exist, falling back to 'en' for localization and internationalization data.
[2015.12.01-14.32.27:135][  0]LogD3D11RHI: Found D3D11 adapter 0: NVIDIA GeForce GTX 960 (Feature Level 11_0)
[2015.12.01-14.32.27:135][  0]LogD3D11RHI: Adapter has 1965MB of dedicated video memory, 0MB of dedicated system memory, and 2048MB of shared system memory, 1 output[s]
[2015.12.01-14.32.27:138][  0]LogD3D11RHI: Found D3D11 adapter 1: Microsoft Basic Render Driver (Feature Level 11_0)
[2015.12.01-14.32.27:139][  0]LogD3D11RHI: Adapter has 0MB of dedicated video memory, 0MB of dedicated system memory, and 256MB of shared system memory, 0 output[s]
[2015.12.01-14.32.27:139][  0]LogD3D11RHI: Chosen D3D11 Adapter Id = 0
[2015.12.01-14.32.27:142][  0]LogD3D11RHI: !Direct3DDevice
[2015.12.01-14.32.27:143][  0]LogRHI: Texture pool is 1361 MB (70% of 1945 MB)
[2015.12.01-14.32.27:212][  0]LogD3D11RHI: Async texture creation enabled
[2015.12.01-14.32.27:228][  0]LogShaderCompilers: Guid format shader working directory is 15 characters bigger than the processId version (../../../../../../Users/Spellabbet/Documents/Unreal Projects/Balls-of-steel/BOS/Intermediate/Shaders/WorkingDirectory/7012/).
[2015.12.01-14.32.27:228][  0]LogShaderCompilers: Cleaned the shader compiler working directory '../../../../../../Users/Spellabbet/Documents/Unreal Projects/Balls-of-steel/BOS/Intermediate/Shaders/tmp/59E6A8C142D5290974688D9C9466877C/'.
[2015.12.01-14.32.27:229][  0]LogShaderCompilers:Display: Using Local Shader Compiler.
[2015.12.01-14.32.28:110][  0]LogTemp:Display: Loaded TP AllDesktopTargetPlatform
[2015.12.01-14.32.28:122][  0]LogTemp:Display: Loaded TP WindowsClientTargetPlatform
[2015.12.01-14.32.28:133][  0]LogTemp:Display: Loaded TP WindowsNoEditorTargetPlatform
[2015.12.01-14.32.28:145][  0]LogTemp:Display: Loaded TP WindowsServerTargetPlatform
[2015.12.01-14.32.28:157][  0]LogTemp:Display: Loaded TP WindowsTargetPlatform
[2015.12.01-14.32.28:162][  0]LogTemp:Display: Loaded TP AndroidTargetPlatform
[2015.12.01-14.32.28:167][  0]LogTemp:Display: Loaded TP Android_ASTCTargetPlatform
[2015.12.01-14.32.28:172][  0]LogTemp:Display: Loaded TP Android_ATCTargetPlatform
[2015.12.01-14.32.28:177][  0]LogTemp:Display: Loaded TP Android_DXTTargetPlatform
[2015.12.01-14.32.28:182][  0]LogTemp:Display: Loaded TP Android_ETC1TargetPlatform
[2015.12.01-14.32.28:187][  0]LogTemp:Display: Loaded TP Android_ETC2TargetPlatform
[2015.12.01-14.32.28:193][  0]LogTemp:Display: Loaded TP Android_PVRTCTargetPlatform
[2015.12.01-14.32.28:196][  0]LogTemp:Display: Loaded TP HTML5TargetPlatform
[2015.12.01-14.32.28:223][  0]LogTemp:Display: Loaded TP IOSTargetPlatform
[2015.12.01-14.32.28:229][  0]LogTemp:Display: Loaded TP LinuxNoEditorTargetPlatform
[2015.12.01-14.32.28:234][  0]LogTemp:Display: Loaded TP LinuxServerTargetPlatform
[2015.12.01-14.32.28:239][  0]LogTemp:Display: Loaded TP LinuxTargetPlatform
[2015.12.01-14.32.28:240][  0]LogTargetPlatformManager:Display: Building Assets For Windows
[2015.12.01-14.32.28:423][  0]LogDerivedDataCache:Display: Max Cache Size: 512 MB
[2015.12.01-14.32.28:461][  0]LogDerivedDataCache: Loaded boot cache 0.04s 47MB C:/Users/Spellabbet/AppData/Local/UnrealEngine/4.9/DerivedDataCache/Boot.ddc.
[2015.12.01-14.32.28:462][  0]LogDerivedDataCache:Display: Loaded Boot cache: C:/Users/Spellabbet/AppData/Local/UnrealEngine/4.9/DerivedDataCache/Boot.ddc
[2015.12.01-14.32.28:462][  0]LogDerivedDataCache: FDerivedDataBackendGraph:  Pak pak cache file ../../../../../../Users/Spellabbet/Documents/Unreal Projects/Balls-of-steel/BOS/DerivedDataCache/DDC.ddp not found, will not use a pak cache.
[2015.12.01-14.32.28:462][  0]LogDerivedDataCache: Unable to find inner node Pak for hierarchical cache Hierarchy.
[2015.12.01-14.32.28:462][  0]LogDerivedDataCache: FDerivedDataBackendGraph:  CompressedPak pak cache file ../../../../../../Users/Spellabbet/Documents/Unreal Projects/Balls-of-steel/BOS/DerivedDataCache/Compressed.ddp not found, will not use a pak cache.
[2015.12.01-14.32.28:463][  0]LogDerivedDataCache: Unable to find inner node CompressedPak for hierarchical cache Hierarchy.
[2015.12.01-14.32.28:572][  0]LogDerivedDataCache:Display: Pak cache opened for reading ../../../Engine/DerivedDataCache/Compressed.ddp.
[2015.12.01-14.32.28:585][  0]LogDerivedDataCache: Using Local data cache path C:/Users/Spellabbet/AppData/Local/UnrealEngine/Common/DerivedDataCache: Writable
[2015.12.01-14.32.28:720][  0]LogInit: Selected Device Profile: [Windows]
[2015.12.01-14.32.28:722][  0]LogContentStreaming: Texture pool size is 0.000000MB
[2015.12.01-14.32.28:826][  0]LogMeshUtilities: No automatic mesh reduction module available
[2015.12.01-14.32.28:827][  0]LogMeshUtilities: No automatic mesh merging module available
[2015.12.01-14.32.29:032][  0]LogInit: WinSock: version 1.1 (2.2), MaxSocks=32767, MaxUdp=65467
[2015.12.01-14.32.29:798][  0]UdpMessaging: Initializing bridge on interface 0.0.0.0:0 to multicast group 230.0.0.1:6666.
[2015.12.01-14.32.29:899][  0]LogLinker:Warning: Asset '../../../../../../Users/Spellabbet/Documents/Unreal Projects/Balls-of-steel/BOS/Content/Rolling/Materials/M_Blue_Checker.uasset' has been saved with empty engine version. The asset will be loaded but may be incompatible.
[2015.12.01-14.32.30:097][  0]LogAssetRegistry: FAssetRegistry took 0.0118 seconds to start up
[2015.12.01-14.32.30:338][  0]SourceControl: Info Source control is disabled
[2015.12.01-14.32.30:345][  0]SourceControl: Info Source control is disabled
[2015.12.01-14.32.30:361][  0]SourceControl: Info Source control is disabled
[2015.12.01-14.32.30:377][  0]SourceControl: Info Source control is disabled
[2015.12.01-14.32.30:548][  0]LogLinker:Warning: Asset '../../../Engine/Plugins/Runtime/LeapMotionController/Content/LM_PassthroughMaterial.uasset' has been saved with empty engine version. The asset will be loaded but may be incompatible.
[2015.12.01-14.32.30:657][  0]LogObj: 30613 objects as part of root set at end of initial load.
[2015.12.01-14.32.30:657][  0]LogUObjectAllocator: 6840968 out of 0 bytes used by permanent object pool.
[2015.12.01-14.32.30:726][  0]LogEngine: Initializing Engine...
[2015.12.01-14.32.30:729][  0]LogHMD: Can't find Oculus library dev build: is proper Runtime installed? Version: 0.7.0.0
[2015.12.01-14.32.30:731][  0]LogHMD: SteamVR failed to initialize.  Err: 110
[2015.12.01-14.32.30:833][  0]LogAIModule: Creating AISystem for world NewWorld
[2015.12.01-14.32.30:841][  0]LogInit: XAudio2 using 'Speakers (4- High Definition Audio Device)' : 2 channels at 44.1 kHz using 16 bits per sample (channel mask 0x3)
[2015.12.01-14.32.30:853][  0]LogInit: FAudioDevice initialized.
[2015.12.01-14.32.30:873][  0]LogDerivedDataCache: Saved boot cache 0.02s 47MB C:/Users/Spellabbet/AppData/Local/UnrealEngine/4.9/DerivedDataCache/Boot.ddc.
[2015.12.01-14.32.30:878][  0]LogInit: Texture streaming: Enabled
[2015.12.01-14.32.30:891][  0]LogAnalytics: Creating configured Analytics provider AnalyticsET
[2015.12.01-14.32.30:891][  0]LogAnalytics: [UEEditor.Rocket.Release] APIServer = http://et2.epicgames.com/ET2/. AppVersion = 4.9.1-2689999+++depot+UE4-Releases+4.9
[2015.12.01-14.32.30:891][  0]LogAnalytics: [UEEditor.Rocket.Release] SetUserId fc50aaa14c34ed003df04597b34f483e|4341a5fd2eb34d5fac8b0ca63d21fc83|060e5e79-a789-49c4-8abd-5d8b330400a7
[2015.12.01-14.32.30:891][  0]LogAnalytics: [UEEditor.Rocket.Release] AnalyticsET::StartSession
[2015.12.01-14.32.30:906][  0]LogInit: Transaction tracking system initialized
[2015.12.01-14.32.30:977][  0]BlueprintLog: New page: Editor Load
[2015.12.01-14.32.31:221][  0]LocalizationService: Info Localization service is disabled
[2015.12.01-14.32.31:363][  0]LogConsoleResponse:Display: 
[2015.12.01-14.32.31:458][  0]LogCook:Display: Done creating registry. It took  0.00s.
[2015.12.01-14.32.31:588][  0]LogFileCache: Scanning file cache for directory 'C:/Users/Spellabbet/Documents/Unreal Projects/Balls-of-steel/BOS/Content/' took 0.01s
[2015.12.01-14.32.31:589][  0]SourceControl: Info Source control is disabled
[2015.12.01-14.32.31:589][  0]Cmd: MAP LOAD FILE="../../../../../../Users/Spellabbet/Documents/Unreal Projects/Balls-of-steel/BOS/Content/Maps/MainMenu.umap" TEMPLATE=0 SHOWPROGRESS=1 FEATURELEVEL=3
[2015.12.01-14.32.31:590][  0]LightingResults: New page: Lighting Build
[2015.12.01-14.32.31:592][  0]MapCheck: New page: Map Check
[2015.12.01-14.32.31:593][  0]LightingResults: New page: Lighting Build
[2015.12.01-14.32.31:602][  0]LogParticles: Destroying 0 GPU particle simulations for FXSystem 0x000000A566C936A0
[2015.12.01-14.32.31:702][  0]LogAIModule: Creating AISystem for world MainMenu
[2015.12.01-14.32.31:711][  0]LogEditorServer: Finished looking for orphan Actors (0.000 secs)
[2015.12.01-14.32.31:712][  0]Cmd: MAP CHECKDEP NOCLEARLOG
[2015.12.01-14.32.31:753][  0]MapCheck: Info Map check complete: 0 Error(s), 0 Warning(s), took 41.108ms to complete.
[2015.12.01-14.32.31:754][  0]LogFileHelpers: Loading map 'MainMenu' took 0.165
[2015.12.01-14.32.31:845][  0]LogCollectionManager: Loaded 0 collections in 0.002771 seconds
[2015.12.01-14.32.31:899][  0]LogFileCache: Scanning file cache for directory 'C:/Users/Spellabbet/Documents/Unreal Projects/Balls-of-steel/BOS/Saved/Collections/' took 0.01s
[2015.12.01-14.32.31:899][  0]LogFileCache: Scanning file cache for directory 'C:/Users/Spellabbet/Documents/Unreal Projects/Balls-of-steel/BOS/Content/Developers/Spellabbet/Collections/' took 0.01s
[2015.12.01-14.32.31:899][  0]LogFileCache: Scanning file cache for directory 'C:/Users/Spellabbet/Documents/Unreal Projects/Balls-of-steel/BOS/Content/Collections/' took 0.01s
[2015.12.01-14.32.31:900][  0]LogContentBrowser: Native class hierarchy populated in 0.0114 seconds. Added 1875 classes and 335 folders.
[2015.12.01-14.32.31:907][  0]LogCollectionManager: Rebuilt the GUID cache for 0 collections in 0.000012 seconds
[2015.12.01-14.32.31:922][  0]LogContentBrowser: Native class hierarchy updated for 'WidgetCarousel' in 0.0076 seconds. Added 0 classes and 0 folders.
[2015.12.01-14.32.32:068][  0]LogContentBrowser: Native class hierarchy updated for 'AddContentDialog' in 0.0032 seconds. Added 0 classes and 0 folders.
[2015.12.01-14.32.32:091][  0]LogContentBrowser: Native class hierarchy updated for 'SceneOutliner' in 0.0032 seconds. Added 1 classes and 2 folders.
[2015.12.01-14.32.32:123][  0]LogCrashTracker: Crashtracker disabled due to settings.
[2015.12.01-14.32.32:129][  0]LogUObjectGlobals:Warning: Failed to find object 'Class None.'
[2015.12.01-14.32.32:153][  0]LogLoad: Full Startup: 6.58 seconds (BP compile: 0.04 seconds)
[2015.12.01-14.32.32:204][  0]LogContentStreaming: Texture pool size now 1000 MB
[2015.12.01-14.32.32:305][  0]LogRenderer: Reallocating scene render targets to support 1048x556 (Frame:2).
[2015.12.01-14.32.32:517][  2]LogAssetRegistry: Asset discovery search completed in 2.4317 seconds
[2015.12.01-14.32.32:517][  2]LogCollectionManager: Rebuilt the object cache for 0 collections in 0.000001 seconds (found 0 objects)
[2015.12.01-14.32.32:518][  2]LogCollectionManager: Fixed up redirectors for 0 collections in 0.000649 seconds (updated 0 objects)
[2015.12.01-14.32.45:068][451]LogAIModule: Creating AISystem for world Map1
[2015.12.01-14.32.45:101][451]LogActorComponent: UnregisterComponent: (/Engine/Transient.ProjectileComp) Not registered. Aborting.
[2015.12.01-14.32.45:102][451]LogActorComponent: UnregisterComponent: (/Engine/Transient.ProjectileMovementComponent_0) Not registered. Aborting.
[2015.12.01-14.32.45:122][451]Cmd: MAP LOAD FILE="../../../../../../Users/Spellabbet/Documents/Unreal Projects/Balls-of-steel/BOS/Content/Maps/Map1.umap" TEMPLATE=0 SHOWPROGRESS=1 FEATURELEVEL=3
[2015.12.01-14.32.45:122][451]LightingResults: New page: Lighting Build
[2015.12.01-14.32.45:137][451]LoadErrors: New page: Loading map: Map1.umap
[2015.12.01-14.32.45:138][451]MapCheck: New page: Map Check
[2015.12.01-14.32.45:138][451]LightingResults: New page: Lighting Build
[2015.12.01-14.32.45:148][451]LogParticles: Destroying 0 GPU particle simulations for FXSystem 0x000000A5524E2A20
[2015.12.01-14.32.45:155][451]LogEditorServer: Finished looking for orphan Actors (0.000 secs)
[2015.12.01-14.32.45:200][451]Cmd: MAP CHECKDEP NOCLEARLOG
[2015.12.01-14.32.45:239][451]MapCheck: Info Map check complete: 0 Error(s), 0 Warning(s), took 38.223ms to complete.
[2015.12.01-14.32.45:239][451]LogFileHelpers: Loading map 'Map1' took 0.119
[2015.12.01-14.32.46:848][626]LogBlueprintUserMessages: Early PlayInEditor Detection: Level '/Game/Maps/Map1.Map1:PersistentLevel' has LevelScriptBlueprint '/Game/Maps/Map1.Map1:PersistentLevel.Map1' with GeneratedClass '/Game/Maps/Map1.Map1_C' with ClassGeneratedBy '/Game/Maps/Map1.Map1:PersistentLevel.Map1'
[2015.12.01-14.32.46:849][626]LogPlayLevel: PlayLevel: No blueprints needed recompiling
[2015.12.01-14.32.46:851][626]PIE: New page: PIE session: Map1 (Dec 1, 2015, 4:32:46 PM)
[2015.12.01-14.32.46:851][626]LogPlayLevel: Creating play world package: /Game/Maps/UEDPIE_1_Map1
[2015.12.01-14.32.46:881][626]LogPlayLevel: PIE: StaticDuplicateObject took: (0.030059s)
[2015.12.01-14.32.46:883][626]LogAIModule: Creating AISystem for world Map1
[2015.12.01-14.32.46:884][626]LogPlayLevel: PIE: World Init took: (0.001909s)
[2015.12.01-14.32.46:885][626]LogPlayLevel: PIE: Created PIE world by copying editor world from /Game/Maps/Map1.Map1 to /Game/Maps/UEDPIE_1_Map1.Map1 (0.033614s)
[2015.12.01-14.32.46:903][626]LogInit: XAudio2 using 'Speakers (4- High Definition Audio Device)' : 2 channels at 44.1 kHz using 16 bits per sample (channel mask 0x3)
[2015.12.01-14.32.46:909][626]LogInit: FAudioDevice initialized.
[2015.12.01-14.32.46:954][626]LogWorld: Game class is 'BOSGameMode'
[2015.12.01-14.32.46:960][626]LogWorld: Bringing World /Game/Maps/UEDPIE_1_Map1.Map1 up for play (max tick rate 0) at 2015.12.01-15.32.46
[2015.12.01-14.32.46:960][626]LogActor:Warning: GameSession /Game/Maps/UEDPIE_1_Map1.Map1:PersistentLevel.GameSession_0 has natively added scene component(s), but none of them were set as the actor's RootComponent - picking one arbitrarily
[2015.12.01-14.32.46:961][626]LogActor:Warning: GameNetworkManager /Game/Maps/UEDPIE_1_Map1.Map1:PersistentLevel.GameNetworkManager_0 has natively added scene component(s), but none of them were set as the actor's RootComponent - picking one arbitrarily
[2015.12.01-14.32.46:962][626]LogWorld: Bringing up level for play took: 0.006590
[2015.12.01-14.32.46:963][626]LogInit: WinSock: Socket queue 131072 / 131072
[2015.12.01-14.32.46:967][626]LogInit: WinSock: I am SpellabbA332-13 (192.168.20.24:0)
[2015.12.01-14.32.46:967][626]LogNet: GameNetDriver IpNetDriver_0 IpNetDriver listening on port 7777
[2015.12.01-14.32.46:980][626]PIE: Info Play in editor start time for /Game/Maps/UEDPIE_1_Map1 1.013
[2015.12.01-14.32.46:982][626]PIE: New page: PIE session: Map1 (Dec 1, 2015, 4:32:46 PM)
[2015.12.01-14.32.47:022][626]LogNet: Browse: 127.0.0.1//Game/Maps/MainMenu
[2015.12.01-14.32.47:023][626]LogInit: WinSock: Socket queue 32768 / 32768
[2015.12.01-14.32.47:024][626]LogNet: Game client on port 7777, rate 10000
[2015.12.01-14.32.47:024][626]LogNet: GetLocalNetworkVersion: GEngineNetVersion: 2689999, ProjectName: bos, ProjectVersion: 1.0.0.0, InternalProtocolVersion: 9, LocalNetworkVersion: 4173909862
[2015.12.01-14.32.47:038][626]PIE: Info Play in editor start time for /Game/Maps/MainMenu 1.07
[2015.12.01-14.32.47:040][626]LogBlueprintUserMessages: Late PlayInEditor Detection: Level '/Game/Maps/Map1.Map1:PersistentLevel' has LevelScriptBlueprint '/Game/Maps/Map1.Map1:PersistentLevel.Map1' with GeneratedClass '/Game/Maps/Map1.Map1_C' with ClassGeneratedBy '/Game/Maps/Map1.Map1:PersistentLevel.Map1'
[2015.12.01-14.32.47:040][626]LogNet: NotifyAcceptingConnection: Server Map1 accept
[2015.12.01-14.32.47:041][626]LogNet: Open Map1 12/01/15 15:32:47 127.0.0.1
[2015.12.01-14.32.47:041][626]LogNet: Added client connection.  Remote address = 127.0.0.1:51749
[2015.12.01-14.32.47:041][626]LogNet: NotifyAcceptingChannel Control 0 server World /Game/Maps/UEDPIE_1_Map1.Map1: Accepted
[2015.12.01-14.32.47:041][626]LogNet: Remote platform little endian=1
[2015.12.01-14.32.47:042][626]LogNet: This platform little endian=1
[2015.12.01-14.32.47:042][626]LogNet: GetLocalNetworkVersion: GEngineNetVersion: 2689999, ProjectName: bos, ProjectVersion: 1.0.0.0, InternalProtocolVersion: 9, LocalNetworkVersion: 4173909862
[2015.12.01-14.32.47:086][627]LogNet: Login request: /Game/Maps/MainMenu userId: Invalid
[2015.12.01-14.32.47:087][627]LogNet: Welcomed by server (Level: /Game/Maps/UEDPIE_1_Map1, Game: /Script/BOS.BOSGameMode)
[2015.12.01-14.32.47:138][627]LogLoad: LoadMap: 127.0.0.1//Game/Maps/UEDPIE_1_Map1?game=/Script/BOS.BOSGameMode
[2015.12.01-14.32.47:151][627]LogParticles: Destroying 0 GPU particle simulations for FXSystem 0x000000A55DFE4680
[2015.12.01-14.32.47:151][627]Cmd: MEM
[2015.12.01-14.32.47:162][627]LogMemory: Platform Memory Stats for Windows
[2015.12.01-14.32.47:162][627]LogMemory: Process Physical Memory: 652.53 MB used, 652.53 MB peak
[2015.12.01-14.32.47:162][627]LogMemory: Process Virtual Memory: 1411.38 MB used, 1411.38 MB peak
[2015.12.01-14.32.47:163][627]LogMemory: Physical Memory: 5363.76 MB used, 16318.82 MB total
[2015.12.01-14.32.47:163][627]LogMemory: Virtual Memory: 2053.68 MB used, 134217728.00 MB total
[2015.12.01-14.32.47:164][627]LogMemory: 
[2015.12.01-14.32.47:164][627]Allocator Stats for TBB: (not implemented)
[2015.12.01-14.32.47:164][627]LogLinker: Can't find file for asset '/Game/Maps/UEDPIE_1_Map1' while loading NULL.
[2015.12.01-14.32.47:189][627]LogWorld: PIE: Copying PIE streaming level from /Game/Maps/Map1.Map1 to /Game/Maps/UEDPIE_2_Map1.Map1. OwningWorld: None
[2015.12.01-14.32.47:190][627]LogAIModule: Creating AISystem for world Map1
[2015.12.01-14.32.47:196][627]LogWorld: Bringing World /Game/Maps/UEDPIE_2_Map1.Map1 up for play (max tick rate 0) at 2015.12.01-15.32.47
[2015.12.01-14.32.47:197][627]LogWorld: Bringing up level for play took: 0.005582
[2015.12.01-14.32.47:212][628]LogNet: Client netspeed is 10000
[2015.12.01-14.32.47:213][628]LogNet: Join request: /Game/Maps/MainMenu?SplitscreenCount=1
[2015.12.01-14.32.47:215][628]LogNet: Join succeeded: 257
[2015.12.01-14.32.48:463][754]LogBlueprintUserMessages: Early EndPlayMap Detection: Level '/Game/Maps/Map1.Map1:PersistentLevel' has LevelScriptBlueprint '/Game/Maps/Map1.Map1:PersistentLevel.Map1' with GeneratedClass '/Game/Maps/Map1.Map1_C' with ClassGeneratedBy '/Game/Maps/Map1.Map1:PersistentLevel.Map1'
[2015.12.01-14.32.48:526][754]LogSpawn:Warning: SpawnActor failed because we are in the process of tearing down the world
[2015.12.01-14.32.48:580][754]LogBlueprintUserMessages: Late EndPlayMap Detection: Level '/Game/Maps/Map1.Map1:PersistentLevel' has LevelScriptBlueprint '/Game/Maps/Map1.Map1:PersistentLevel.Map1' with GeneratedClass '/Game/Maps/Map1.Map1_C' with ClassGeneratedBy '/Game/Maps/Map1.Map1:PersistentLevel.Map1'
[2015.12.01-14.32.48:590][754]LogNet: UChannel::CleanUp: [GameNetDriver] [None] [None]. ChIndex == 0. Closing connection.
[2015.12.01-14.32.48:591][754]LogNet: UNetConnection::Close: Name: IpConnection_1, Driver: GameNetDriver None, PC: None, Owner: None, Channels: 2, RemoteAddr: 127.0.0.1:51749, Time: 2015.12.01-14.32.48
[2015.12.01-14.32.48:591][754]LogNet: UChannel::Close: Sending CloseBunch. ChIndex == 0. Name: ControlChannel_1
[2015.12.01-14.32.48:591][754]LogNet: UChannel::CleanUp: [GameNetDriver] [None] [None]. ChIndex == 0. Closing connection.
[2015.12.01-14.32.48:592][754]LogNet: UNetConnection::Close: Name: IpConnection_0, Driver: GameNetDriver IpNetDriver_1, PC: None, Owner: None, Channels: 2, RemoteAddr: 127.0.0.1:7777, Time: 2015.12.01-14.32.48
[2015.12.01-14.32.48:592][754]LogNet: UChannel::Close: Sending CloseBunch. ChIndex == 0. Name: ControlChannel_0
[2015.12.01-14.32.48:595][754]LogParticles: Destroying 0 GPU particle simulations for FXSystem 0x000000A553F6CB80
[2015.12.01-14.32.48:596][754]LogExit: GameNetDriver None shut down
[2015.12.01-14.32.48:596][754]LogExit: GameNetDriver None shut down
[2015.12.01-14.32.48:597][754]LogParticles: Destroying 0 GPU particle simulations for FXSystem 0x000000A55DFB9BC0
[2015.12.01-14.32.50:550][982]LogBlueprintUserMessages: Early PlayInEditor Detection: Level '/Game/Maps/Map1.Map1:PersistentLevel' has LevelScriptBlueprint '/Game/Maps/Map1.Map1:PersistentLevel.Map1' with GeneratedClass '/Game/Maps/Map1.Map1_C' with ClassGeneratedBy '/Game/Maps/Map1.Map1:PersistentLevel.Map1'
[2015.12.01-14.32.50:550][982]LogPlayLevel: PlayLevel: No blueprints needed recompiling
[2015.12.01-14.32.50:552][982]PIE: New page: PIE session: Map1 (Dec 1, 2015, 4:32:50 PM)
[2015.12.01-14.32.50:552][982]LogPlayLevel: Creating play world package: /Game/Maps/UEDPIE_1_Map1
[2015.12.01-14.32.50:574][982]LogPlayLevel: PIE: StaticDuplicateObject took: (0.021807s)
[2015.12.01-14.32.50:575][982]LogAIModule: Creating AISystem for world Map1
[2015.12.01-14.32.50:575][982]LogPlayLevel: PIE: World Init took: (0.001130s)
[2015.12.01-14.32.50:576][982]LogPlayLevel: PIE: Created PIE world by copying editor world from /Game/Maps/Map1.Map1 to /Game/Maps/UEDPIE_1_Map1.Map1 (0.024062s)
[2015.12.01-14.32.50:594][982]LogInit: XAudio2 using 'Speakers (4- High Definition Audio Device)' : 2 channels at 44.1 kHz using 16 bits per sample (channel mask 0x3)
[2015.12.01-14.32.50:600][982]LogInit: FAudioDevice initialized.
[2015.12.01-14.32.50:640][982]LogWorld: Game class is 'BOSGameMode'
[2015.12.01-14.32.50:646][982]LogWorld: Bringing World /Game/Maps/UEDPIE_1_Map1.Map1 up for play (max tick rate 0) at 2015.12.01-15.32.50
[2015.12.01-14.32.50:646][982]LogActor:Warning: GameSession /Game/Maps/UEDPIE_1_Map1.Map1:PersistentLevel.GameSession_1 has natively added scene component(s), but none of them were set as the actor's RootComponent - picking one arbitrarily
[2015.12.01-14.32.50:647][982]LogActor:Warning: GameNetworkManager /Game/Maps/UEDPIE_1_Map1.Map1:PersistentLevel.GameNetworkManager_1 has natively added scene component(s), but none of them were set as the actor's RootComponent - picking one arbitrarily
[2015.12.01-14.32.50:647][982]LogWorld: Bringing up level for play took: 0.006180
[2015.12.01-14.32.50:649][982]LogInit: WinSock: Socket queue 131072 / 131072
[2015.12.01-14.32.50:649][982]LogNet: GameNetDriver IpNetDriver_2 IpNetDriver listening on port 7777
[2015.12.01-14.32.50:650][982]PIE: Info Play in editor start time for /Game/Maps/UEDPIE_1_Map1 0.683
[2015.12.01-14.32.50:652][982]PIE: New page: PIE session: Map1 (Dec 1, 2015, 4:32:50 PM)
[2015.12.01-14.32.50:690][982]LogNet: Browse: 127.0.0.1//Game/Maps/MainMenu
[2015.12.01-14.32.50:690][982]LogInit: WinSock: Socket queue 32768 / 32768
[2015.12.01-14.32.50:691][982]LogNet: Game client on port 7777, rate 10000
[2015.12.01-14.32.50:691][982]LogNet: GetLocalNetworkVersion: GEngineNetVersion: 2689999, ProjectName: bos, ProjectVersion: 1.0.0.0, InternalProtocolVersion: 9, LocalNetworkVersion: 4173909862
[2015.12.01-14.32.50:702][982]PIE: Info Play in editor start time for /Game/Maps/MainMenu 0.735
[2015.12.01-14.32.50:704][982]LogBlueprintUserMessages: Late PlayInEditor Detection: Level '/Game/Maps/Map1.Map1:PersistentLevel' has LevelScriptBlueprint '/Game/Maps/Map1.Map1:PersistentLevel.Map1' with GeneratedClass '/Game/Maps/Map1.Map1_C' with ClassGeneratedBy '/Game/Maps/Map1.Map1:PersistentLevel.Map1'
[2015.12.01-14.32.50:705][982]LogNet: NotifyAcceptingConnection: Server Map1 accept
[2015.12.01-14.32.50:705][982]LogNet: Open Map1 12/01/15 15:32:50 127.0.0.1
[2015.12.01-14.32.50:705][982]LogNet: Added client connection.  Remote address = 127.0.0.1:51750
[2015.12.01-14.32.50:706][982]LogNet: NotifyAcceptingChannel Control 0 server World /Game/Maps/UEDPIE_1_Map1.Map1: Accepted
[2015.12.01-14.32.50:706][982]LogNet: Remote platform little endian=1
[2015.12.01-14.32.50:706][982]LogNet: This platform little endian=1
[2015.12.01-14.32.50:706][982]LogNet: GetLocalNetworkVersion: GEngineNetVersion: 2689999, ProjectName: bos, ProjectVersion: 1.0.0.0, InternalProtocolVersion: 9, LocalNetworkVersion: 4173909862
[2015.12.01-14.32.50:746][983]LogNet: Login request: /Game/Maps/MainMenu userId: Invalid
[2015.12.01-14.32.50:747][983]LogNet: Welcomed by server (Level: /Game/Maps/UEDPIE_1_Map1, Game: /Script/BOS.BOSGameMode)
[2015.12.01-14.32.50:755][983]LogLoad: LoadMap: 127.0.0.1//Game/Maps/UEDPIE_1_Map1?game=/Script/BOS.BOSGameMode
[2015.12.01-14.32.50:765][983]LogParticles: Destroying 0 GPU particle simulations for FXSystem 0x000000A506D7A020
[2015.12.01-14.32.50:767][983]Cmd: MEM
[2015.12.01-14.32.50:777][983]LogMemory: Platform Memory Stats for Windows
[2015.12.01-14.32.50:777][983]LogMemory: Process Physical Memory: 684.57 MB used, 689.80 MB peak
[2015.12.01-14.32.50:778][983]LogMemory: Process Virtual Memory: 1420.31 MB used, 1547.54 MB peak
[2015.12.01-14.32.50:778][983]LogMemory: Physical Memory: 5355.75 MB used, 16318.82 MB total
[2015.12.01-14.32.50:778][983]LogMemory: Virtual Memory: 2075.89 MB used, 134217728.00 MB total
[2015.12.01-14.32.50:779][983]LogMemory: 
[2015.12.01-14.32.50:779][983]Allocator Stats for TBB: (not implemented)
[2015.12.01-14.32.50:779][983]LogLinker: Can't find file for asset '/Game/Maps/UEDPIE_1_Map1' while loading NULL.
[2015.12.01-14.32.50:803][983]LogWorld: PIE: Copying PIE streaming level from /Game/Maps/Map1.Map1 to /Game/Maps/UEDPIE_2_Map1.Map1. OwningWorld: None
[2015.12.01-14.32.50:805][983]LogAIModule: Creating AISystem for world Map1
[2015.12.01-14.32.50:811][983]LogWorld: Bringing World /Game/Maps/UEDPIE_2_Map1.Map1 up for play (max tick rate 0) at 2015.12.01-15.32.50
[2015.12.01-14.32.50:812][983]LogWorld: Bringing up level for play took: 0.005489
[2015.12.01-14.32.50:821][984]LogNet: Client netspeed is 10000
[2015.12.01-14.32.50:821][984]LogNet: Join request: /Game/Maps/MainMenu?SplitscreenCount=1
[2015.12.01-14.32.50:824][984]LogNet: Join succeeded: 259
[2015.12.01-14.32.52:052][116]LogBlueprintUserMessages: Early EndPlayMap Detection: Level '/Game/Maps/Map1.Map1:PersistentLevel' has LevelScriptBlueprint '/Game/Maps/Map1.Map1:PersistentLevel.Map1' with GeneratedClass '/Game/Maps/Map1.Map1_C' with ClassGeneratedBy '/Game/Maps/Map1.Map1:PersistentLevel.Map1'
[2015.12.01-14.32.52:112][116]LogSpawn:Warning: SpawnActor failed because we are in the process of tearing down the world
[2015.12.01-14.32.52:147][116]LogBlueprintUserMessages: Late EndPlayMap Detection: Level '/Game/Maps/Map1.Map1:PersistentLevel' has LevelScriptBlueprint '/Game/Maps/Map1.Map1:PersistentLevel.Map1' with GeneratedClass '/Game/Maps/Map1.Map1_C' with ClassGeneratedBy '/Game/Maps/Map1.Map1:PersistentLevel.Map1'
[2015.12.01-14.32.52:156][116]LogNet: UChannel::CleanUp: [GameNetDriver] [None] [None]. ChIndex == 0. Closing connection.
[2015.12.01-14.32.52:156][116]LogNet: UNetConnection::Close: Name: IpConnection_3, Driver: GameNetDriver IpNetDriver_2, PC: None, Owner: None, Channels: 2, RemoteAddr: 127.0.0.1:51750, Time: 2015.12.01-14.32.52
[2015.12.01-14.32.52:157][116]LogNet: UChannel::Close: Sending CloseBunch. ChIndex == 0. Name: ControlChannel_3
[2015.12.01-14.32.52:157][116]LogNet: UChannel::CleanUp: [GameNetDriver] [None] [None]. ChIndex == 0. Closing connection.
[2015.12.01-14.32.52:158][116]LogNet: UNetConnection::Close: Name: IpConnection_2, Driver: GameNetDriver IpNetDriver_3, PC: None, Owner: None, Channels: 2, RemoteAddr: 127.0.0.1:7777, Time: 2015.12.01-14.32.52
[2015.12.01-14.32.52:158][116]LogNet: UChannel::Close: Sending CloseBunch. ChIndex == 0. Name: ControlChannel_2
[2015.12.01-14.32.52:161][116]LogExit: GameNetDriver None shut down
[2015.12.01-14.32.52:161][116]LogExit: GameNetDriver None shut down
[2015.12.01-14.32.52:162][116]LogParticles: Destroying 0 GPU particle simulations for FXSystem 0x000000A55DFE4A40
[2015.12.01-14.32.52:168][116]LogParticles: Destroying 0 GPU particle simulations for FXSystem 0x000000A506D787C0
[2015.12.01-14.32.57:120][704]LogBlueprintUserMessages: Early PlayInEditor Detection: Level '/Game/Maps/Map1.Map1:PersistentLevel' has LevelScriptBlueprint '/Game/Maps/Map1.Map1:PersistentLevel.Map1' with GeneratedClass '/Game/Maps/Map1.Map1_C' with ClassGeneratedBy '/Game/Maps/Map1.Map1:PersistentLevel.Map1'
[2015.12.01-14.32.57:121][704]LogPlayLevel: PlayLevel: No blueprints needed recompiling
[2015.12.01-14.32.57:121][704]PIE: New page: PIE session: Map1 (Dec 1, 2015, 4:32:57 PM)
[2015.12.01-14.32.57:122][704]LogPlayLevel: Creating play world package: /Game/Maps/UEDPIE_1_Map1
[2015.12.01-14.32.57:146][704]LogPlayLevel: PIE: StaticDuplicateObject took: (0.023682s)
[2015.12.01-14.32.57:147][704]LogAIModule: Creating AISystem for world Map1
[2015.12.01-14.32.57:148][704]LogPlayLevel: PIE: World Init took: (0.001321s)
[2015.12.01-14.32.57:148][704]LogPlayLevel: PIE: Created PIE world by copying editor world from /Game/Maps/Map1.Map1 to /Game/Maps/UEDPIE_1_Map1.Map1 (0.026387s)
[2015.12.01-14.32.57:163][704]LogWorld: Game class is 'BOSGameMode'
[2015.12.01-14.32.57:165][704]LogActor:Warning: RecastNavMesh /Game/Maps/UEDPIE_1_Map1.Map1:PersistentLevel.RecastNavMesh_0 has natively added scene component(s), but none of them were set as the actor's RootComponent - picking one arbitrarily
[2015.12.01-14.32.57:170][704]LogWorld: Bringing World /Game/Maps/UEDPIE_1_Map1.Map1 up for play (max tick rate 0) at 2015.12.01-15.32.57
[2015.12.01-14.32.57:170][704]LogActor:Warning: GameSession /Game/Maps/UEDPIE_1_Map1.Map1:PersistentLevel.GameSession_2 has natively added scene component(s), but none of them were set as the actor's RootComponent - picking one arbitrarily
[2015.12.01-14.32.57:171][704]LogActor:Warning: GameNetworkManager /Game/Maps/UEDPIE_1_Map1.Map1:PersistentLevel.GameNetworkManager_2 has natively added scene component(s), but none of them were set as the actor's RootComponent - picking one arbitrarily
[2015.12.01-14.32.57:171][704]LogWorld: Bringing up level for play took: 0.006106
[2015.12.01-14.32.57:172][704]LogInit: WinSock: Socket queue 131072 / 131072
[2015.12.01-14.32.57:172][704]LogNet: GameNetDriver IpNetDriver_4 IpNetDriver listening on port 7777
[2015.12.01-14.32.57:173][704]PIE: Info Play in editor start time for /Game/Maps/UEDPIE_1_Map1 -0.794
[2015.12.01-14.32.57:174][704]PIE: New page: PIE session: Map1 (Dec 1, 2015, 4:32:57 PM)
[2015.12.01-14.32.57:179][704]LogInit: XAudio2 using 'Speakers (4- High Definition Audio Device)' : 2 channels at 44.1 kHz using 16 bits per sample (channel mask 0x3)
[2015.12.01-14.32.57:184][704]LogInit: FAudioDevice initialized.
[2015.12.01-14.32.57:220][704]LogNet: Browse: 127.0.0.1//Game/Maps/MainMenu
[2015.12.01-14.32.57:220][704]LogInit: WinSock: Socket queue 32768 / 32768
[2015.12.01-14.32.57:221][704]LogNet: Game client on port 7777, rate 10000
[2015.12.01-14.32.57:221][704]LogNet: GetLocalNetworkVersion: GEngineNetVersion: 2689999, ProjectName: bos, ProjectVersion: 1.0.0.0, InternalProtocolVersion: 9, LocalNetworkVersion: 4173909862
[2015.12.01-14.32.57:221][704]PIE: Info Play in editor start time for /Game/Maps/MainMenu -0.746
[2015.12.01-14.32.57:223][704]LogBlueprintUserMessages: Late PlayInEditor Detection: Level '/Game/Maps/Map1.Map1:PersistentLevel' has LevelScriptBlueprint '/Game/Maps/Map1.Map1:PersistentLevel.Map1' with GeneratedClass '/Game/Maps/Map1.Map1_C' with ClassGeneratedBy '/Game/Maps/Map1.Map1:PersistentLevel.Map1'
[2015.12.01-14.32.57:223][704]LogNet: NotifyAcceptingConnection: Server Map1 accept
[2015.12.01-14.32.57:224][704]LogNet: Open Map1 12/01/15 15:32:57 127.0.0.1
[2015.12.01-14.32.57:224][704]LogNet: Added client connection.  Remote address = 127.0.0.1:51751
[2015.12.01-14.32.57:224][704]LogNet: NotifyAcceptingChannel Control 0 server World /Game/Maps/UEDPIE_1_Map1.Map1: Accepted
[2015.12.01-14.32.57:224][704]LogNet: Remote platform little endian=1
[2015.12.01-14.32.57:225][704]LogNet: This platform little endian=1
[2015.12.01-14.32.57:225][704]LogNet: GetLocalNetworkVersion: GEngineNetVersion: 2689999, ProjectName: bos, ProjectVersion: 1.0.0.0, InternalProtocolVersion: 9, LocalNetworkVersion: 4173909862
[2015.12.01-14.32.57:259][705]LogNet: Login request: /Game/Maps/MainMenu userId: Invalid
[2015.12.01-14.32.57:261][705]LogNet: Welcomed by server (Level: /Game/Maps/UEDPIE_1_Map1, Game: /Script/BOS.BOSGameMode)
[2015.12.01-14.32.57:261][705]LogLoad: LoadMap: 127.0.0.1//Game/Maps/UEDPIE_1_Map1?game=/Script/BOS.BOSGameMode
[2015.12.01-14.32.57:273][705]LogParticles: Destroying 0 GPU particle simulations for FXSystem 0x000000A506D12E80
[2015.12.01-14.32.57:274][705]Cmd: MEM
[2015.12.01-14.32.57:285][705]LogMemory: Platform Memory Stats for Windows
[2015.12.01-14.32.57:285][705]LogMemory: Process Physical Memory: 690.70 MB used, 713.40 MB peak
[2015.12.01-14.32.57:286][705]LogMemory: Process Virtual Memory: 1412.40 MB used, 1547.54 MB peak
[2015.12.01-14.32.57:286][705]LogMemory: Physical Memory: 5398.49 MB used, 16318.82 MB total
[2015.12.01-14.32.57:286][705]LogMemory: Virtual Memory: 2065.58 MB used, 134217728.00 MB tota