[2015.11.02-16.01.53:526][  0]Log file open, 11/02/15 17:01:53
[2015.11.02-16.01.53:526][  0]LogInit:Display: Running engine for game: BOS
[2015.11.02-16.01.53:526][  0]LogInit:Display: RandInit(1120875163) SRandInit(1120875163).
[2015.11.02-16.01.53:526][  0]LogTaskGraph: Started task graph with 4 named threads and 5 total threads.
[2015.11.02-16.01.53:526][  0]LogStats: Stats thread started at 0.054986
[2015.11.02-16.01.53:526][  0]LogInit: Version: 4.9.2-2707645+++depot+UE4-Releases+4.9
[2015.11.02-16.01.53:526][  0]LogInit: API Version: 2672455
[2015.11.02-16.01.53:526][  0]LogInit: Compiled (64-bit): Sep 28 2015 10:25:44
[2015.11.02-16.01.53:526][  0]LogInit: Compiled with Visual C++: 18.00.21005.01
[2015.11.02-16.01.53:526][  0]LogInit: Build Configuration: Development
[2015.11.02-16.01.53:526][  0]LogInit: Branch Name: ++depot+UE4-Releases+4.9
[2015.11.02-16.01.53:526][  0]LogInit: Command line:  
[2015.11.02-16.01.53:526][  0]LogInit: Base directory: C:/Program Files/Epic Games/4.9/Engine/Binaries/Win64/
[2015.11.02-16.01.53:526][  0]LogInit: Rocket: 1
[2015.11.02-16.01.53:536][  0]LogInit: Using libcurl 7.41.0
[2015.11.02-16.01.53:536][  0]LogInit:  - built for x86_64-pc-win32
[2015.11.02-16.01.53:536][  0]LogInit:  - supports SSL with WinSSL
[2015.11.02-16.01.53:536][  0]LogInit:  - other features:
[2015.11.02-16.01.53:536][  0]LogInit:      CURL_VERSION_SSL
[2015.11.02-16.01.53:536][  0]LogInit:      CURL_VERSION_IPV6
[2015.11.02-16.01.53:536][  0]LogInit:      CURL_VERSION_ASYNCHDNS
[2015.11.02-16.01.53:536][  0]LogInit:      CURL_VERSION_LARGEFILE
[2015.11.02-16.01.53:536][  0]LogInit:      CURL_VERSION_IDN
[2015.11.02-16.01.53:536][  0]LogInit:  CurlRequestOptions (configurable via config and command line):
[2015.11.02-16.01.53:536][  0]LogInit:  - bVerifyPeer = true  - Libcurl will verify peer certificate
[2015.11.02-16.01.53:536][  0]LogInit:  - bUseHttpProxy = false  - Libcurl will NOT use HTTP proxy
[2015.11.02-16.01.53:536][  0]LogInit:  - bDontReuseConnections = false  - Libcurl will reuse connections
[2015.11.02-16.01.53:536][  0]LogInit:  - CertBundlePath = nullptr  - Libcurl will use whatever was configured at build time.
[2015.11.02-16.01.53:543][  0]LogInit: Presizing for 0 objects not considered by GC, pre-allocating 0 bytes.
[2015.11.02-16.01.53:551][  0]LogInit: Object subsystem initialized
[2015.11.02-16.01.53:552][  0]LogInit: Selected Device Profile: [Windows]
[2015.11.02-16.01.53:552][  0]LogInit: Applying CVar settings loaded from the selected device profile: [Windows]
[2015.11.02-16.01.53:560][  0]LogInit: Computer: STOFFEPC
[2015.11.02-16.01.53:560][  0]LogInit: User: Stoffe
[2015.11.02-16.01.53:560][  0]LogInit: CPU Page size=4096, Cores=2
[2015.11.02-16.01.53:560][  0]LogInit: High frequency timer resolution =3.222678 MHz
[2015.11.02-16.01.53:560][  0]LogMemory: Memory total: Physical=7.9GB (8GB approx)
[2015.11.02-16.01.53:560][  0]LogMemory: Platform Memory Stats for Windows
[2015.11.02-16.01.53:560][  0]LogMemory: Process Physical Memory: 52.35 MB used, 52.35 MB peak
[2015.11.02-16.01.53:560][  0]LogMemory: Process Virtual Memory: 54.93 MB used, 54.93 MB peak
[2015.11.02-16.01.53:560][  0]LogMemory: Physical Memory: 3177.41 MB used, 8126.94 MB total
[2015.11.02-16.01.53:560][  0]LogMemory: Virtual Memory: 347.52 MB used, 134217728.00 MB total
[2015.11.02-16.01.53:588][  0]LogTextLocalizationManager: No translations for ('sv-SE') exist, falling back to 'en' for localization and internationalization data.
[2015.11.02-16.01.54:421][  0]LogD3D11RHI: Found D3D11 adapter 0: AMD Radeon HD 7800 Series (Feature Level 11_0)
[2015.11.02-16.01.54:421][  0]LogD3D11RHI: Adapter has 2030MB of dedicated video memory, 0MB of dedicated system memory, and 3840MB of shared system memory, 2 output[s]
[2015.11.02-16.01.54:423][  0]LogD3D11RHI: Found D3D11 adapter 1: Microsoft Basic Render Driver (Feature Level 11_0)
[2015.11.02-16.01.54:423][  0]LogD3D11RHI: Adapter has 0MB of dedicated video memory, 0MB of dedicated system memory, and 256MB of shared system memory, 0 output[s]
[2015.11.02-16.01.54:423][  0]LogD3D11RHI: Chosen D3D11 Adapter Id = 0
[2015.11.02-16.01.54:426][  0]LogD3D11RHI: !Direct3DDevice
[2015.11.02-16.01.54:427][  0]LogRHI: Texture pool is 1361 MB (70% of 1945 MB)
[2015.11.02-16.01.54:432][  0]LogD3D11RHI: Async texture creation disabled: no driver support
[2015.11.02-16.01.54:442][  0]LogShaderCompilers: Guid format shader working directory is 15 characters bigger than the processId version (../../../../../../Users/Stoffe/Documents/GitHub/Balls-of-steel/BOS/Intermediate/Shaders/WorkingDirectory/2976/).
[2015.11.02-16.01.54:442][  0]LogShaderCompilers: Cleaned the shader compiler working directory '../../../../../../Users/Stoffe/Documents/GitHub/Balls-of-steel/BOS/Intermediate/Shaders/tmp/C00D516A465B4698F720EDB849CE221B/'.
[2015.11.02-16.01.54:443][  0]LogShaderCompilers:Display: Using Local Shader Compiler.
[2015.11.02-16.01.55:760][  0]LogTemp:Display: Loaded TP AllDesktopTargetPlatform
[2015.11.02-16.01.55:766][  0]LogTemp:Display: Loaded TP WindowsClientTargetPlatform
[2015.11.02-16.01.55:772][  0]LogTemp:Display: Loaded TP WindowsNoEditorTargetPlatform
[2015.11.02-16.01.55:779][  0]LogTemp:Display: Loaded TP WindowsServerTargetPlatform
[2015.11.02-16.01.55:785][  0]LogTemp:Display: Loaded TP WindowsTargetPlatform
[2015.11.02-16.01.55:788][  0]LogTemp:Display: Loaded TP AndroidTargetPlatform
[2015.11.02-16.01.55:792][  0]LogTemp:Display: Loaded TP Android_ASTCTargetPlatform
[2015.11.02-16.01.55:795][  0]LogTemp:Display: Loaded TP Android_ATCTargetPlatform
[2015.11.02-16.01.55:799][  0]LogTemp:Display: Loaded TP Android_DXTTargetPlatform
[2015.11.02-16.01.55:802][  0]LogTemp:Display: Loaded TP Android_ETC1TargetPlatform
[2015.11.02-16.01.55:806][  0]LogTemp:Display: Loaded TP Android_ETC2TargetPlatform
[2015.11.02-16.01.55:809][  0]LogTemp:Display: Loaded TP Android_PVRTCTargetPlatform
[2015.11.02-16.01.55:810][  0]LogTemp:Display: Loaded TP HTML5TargetPlatform
[2015.11.02-16.01.55:827][  0]LogTemp:Display: Loaded TP IOSTargetPlatform
[2015.11.02-16.01.55:830][  0]LogTemp:Display: Loaded TP LinuxNoEditorTargetPlatform
[2015.11.02-16.01.55:834][  0]LogTemp:Display: Loaded TP LinuxServerTargetPlatform
[2015.11.02-16.01.55:837][  0]LogTemp:Display: Loaded TP LinuxTargetPlatform
[2015.11.02-16.01.55:837][  0]LogTargetPlatformManager:Display: Building Assets For Windows
[2015.11.02-16.01.55:944][  0]LogDerivedDataCache:Display: Max Cache Size: 512 MB
[2015.11.02-16.01.56:600][  0]LogDerivedDataCache: Loaded boot cache 0.66s 46MB C:/Users/Stoffe/AppData/Local/UnrealEngine/4.9/DerivedDataCache/Boot.ddc.
[2015.11.02-16.01.56:600][  0]LogDerivedDataCache:Display: Loaded Boot cache: C:/Users/Stoffe/AppData/Local/UnrealEngine/4.9/DerivedDataCache/Boot.ddc
[2015.11.02-16.01.56:600][  0]LogDerivedDataCache: FDerivedDataBackendGraph:  Pak pak cache file ../../../../../../Users/Stoffe/Documents/GitHub/Balls-of-steel/BOS/DerivedDataCache/DDC.ddp not found, will not use a pak cache.
[2015.11.02-16.01.56:600][  0]LogDerivedDataCache: Unable to find inner node Pak for hierarchical cache Hierarchy.
[2015.11.02-16.01.56:600][  0]LogDerivedDataCache: FDerivedDataBackendGraph:  CompressedPak pak cache file ../../../../../../Users/Stoffe/Documents/GitHub/Balls-of-steel/BOS/DerivedDataCache/Compressed.ddp not found, will not use a pak cache.
[2015.11.02-16.01.56:600][  0]LogDerivedDataCache: Unable to find inner node CompressedPak for hierarchical cache Hierarchy.
[2015.11.02-16.01.56:751][  0]LogDerivedDataCache:Display: Pak cache opened for reading ../../../Engine/DerivedDataCache/Compressed.ddp.
[2015.11.02-16.01.56:763][  0]LogDerivedDataCache: Using Local data cache path C:/Users/Stoffe/AppData/Local/UnrealEngine/Common/DerivedDataCache: Writable
[2015.11.02-16.01.57:097][  0]LogInit: Selected Device Profile: [Windows]
[2015.11.02-16.01.57:100][  0]LogContentStreaming: Texture pool size is 0.000000MB
[2015.11.02-16.01.57:238][  0]LogMeshUtilities: No automatic mesh reduction module available
[2015.11.02-16.01.57:238][  0]LogMeshUtilities: No automatic mesh merging module available
[2015.11.02-16.01.57:518][  0]LogInit: WinSock: version 1.1 (2.2), MaxSocks=32767, MaxUdp=65467
[2015.11.02-16.01.58:251][  0]UdpMessaging: Initializing bridge on interface 0.0.0.0:0 to multicast group 230.0.0.1:6666.
[2015.11.02-16.01.58:328][  0]LogLinker:Warning: Asset '../../../../../../Users/Stoffe/Documents/GitHub/Balls-of-steel/BOS/Content/Rolling/Meshes/BallMesh.uasset' has been saved with empty engine version. The asset will be loaded but may be incompatible.
[2015.11.02-16.01.58:329][  0]LogLinker:Warning: Asset '../../../../../../Users/Stoffe/Documents/GitHub/Balls-of-steel/BOS/Content/Rolling/Materials/M_Blue_Checker.uasset' has been saved with empty engine version. The asset will be loaded but may be incompatible.
[2015.11.02-16.01.58:330][  0]LogLinker:Warning: Asset '../../../../../../Users/Stoffe/Documents/GitHub/Balls-of-steel/BOS/Content/Rolling/Materials/PM_Ball.uasset' has been saved with empty engine version. The asset will be loaded but may be incompatible.
[2015.11.02-16.01.58:479][  0]LogAssetRegistry: FAssetRegistry took 0.0104 seconds to start up
[2015.11.02-16.01.58:720][  0]SourceControl: Info Source control is disabled
[2015.11.02-16.01.58:727][  0]SourceControl: Info Source control is disabled
[2015.11.02-16.01.58:745][  0]SourceControl: Info Source control is disabled
[2015.11.02-16.01.58:761][  0]SourceControl: Info Source control is disabled
[2015.11.02-16.01.58:977][  0]LogLinker:Warning: Asset '../../../Engine/Plugins/Runtime/LeapMotionController/Content/LM_PassthroughMaterial.uasset' has been saved with empty engine version. The asset will be loaded but may be incompatible.
[2015.11.02-16.01.59:092][  0]LogObj: 29506 objects as part of root set at end of initial load.
[2015.11.02-16.01.59:092][  0]LogUObjectAllocator: 6438424 out of 0 bytes used by permanent object pool.
[2015.11.02-16.01.59:149][  0]LogEngine: Initializing Engine...
[2015.11.02-16.01.59:152][  0]LogHMD: Can't find Oculus library dev build: is proper Runtime installed? Version: 0.7.0.0
[2015.11.02-16.01.59:152][  0]LogHMD: SteamVR failed to initialize.  Err: 110
[2015.11.02-16.01.59:283][  0]LogAIModule: Creating AISystem for world NewWorld
[2015.11.02-16.01.59:287][  0]LogInit: XAudio2 using 'Högtalare (Realtek High Definition Audio)' : 2 channels at 48 kHz using 32 bits per sample (channel mask 0x3)
[2015.11.02-16.01.59:295][  0]LogInit: FAudioDevice initialized.
[2015.11.02-16.01.59:318][  0]LogDerivedDataCache: Saved boot cache 0.02s 46MB C:/Users/Stoffe/AppData/Local/UnrealEngine/4.9/DerivedDataCache/Boot.ddc.
[2015.11.02-16.01.59:320][  0]LogInit: Texture streaming: Enabled
[2015.11.02-16.01.59:326][  0]LogAnalytics: Creating configured Analytics provider AnalyticsET
[2015.11.02-16.01.59:326][  0]LogAnalytics: [UEEditor.Rocket.Release] APIServer = http://et2.epicgames.com/ET2/. AppVersion = 4.9.2-2707645+++depot+UE4-Releases+4.9
[2015.11.02-16.01.59:326][  0]LogAnalytics: [UEEditor.Rocket.Release] SetUserId c2f82278409fbc7e17ba4c8b187827c0|8471e16762be488588a110ad13c08bd6|a2f24018-7849-4a41-8ec9-fa4680d0f5a7
[2015.11.02-16.01.59:326][  0]LogAnalytics: [UEEditor.Rocket.Release] AnalyticsET::StartSession
[2015.11.02-16.01.59:333][  0]LogWindowsTextInputMethodSystem:Display: IME system now deactivated.
[2015.11.02-16.01.59:345][  0]LogInit: Transaction tracking system initialized
[2015.11.02-16.01.59:372][  0]BlueprintLog: New page: Editor Load
[2015.11.02-16.01.59:501][  0]LocalizationService: Info Localization service is disabled
[2015.11.02-16.01.59:815][  0]LogConsoleResponse:Display: 
[2015.11.02-16.02.00:413][  0]LogCook:Display: Done creating registry. It took  0.00s.
[2015.11.02-16.02.00:526][  0]LogFileCache: Scanning file cache for directory 'C:/Users/Stoffe/Documents/GitHub/Balls-of-steel/BOS/Content/' took 0.02s
[2015.11.02-16.02.00:526][  0]SourceControl: Info Source control is disabled
[2015.11.02-16.02.00:526][  0]Cmd: MAP LOAD FILE="../../../../../../Users/Stoffe/Documents/GitHub/Balls-of-steel/BOS/Content/RollingCPP/Maps/MainMenu.umap" TEMPLATE=0 SHOWPROGRESS=1 FEATURELEVEL=3
[2015.11.02-16.02.00:549][  0]LightingResults: New page: Lighting Build
[2015.11.02-16.02.00:554][  0]MapCheck: New page: Map Check
[2015.11.02-16.02.00:554][  0]LightingResults: New page: Lighting Build
[2015.11.02-16.02.00:572][  0]LogParticles: Destroying 0 GPU particle simulations for FXSystem 0x0000009F73766160
[2015.11.02-16.02.01:426][  0]LogAIModule: Creating AISystem for world MainMenu
[2015.11.02-16.02.01:442][  0]LogEditorServer: Finished looking for orphan Actors (0.000 secs)
[2015.11.02-16.02.01:442][  0]Cmd: MAP CHECKDEP NOCLEARLOG
[2015.11.02-16.02.01:500][  0]MapCheck: Info Map check complete: 0 Error(s), 0 Warning(s), took 57.76ms to complete.
[2015.11.02-16.02.01:500][  0]LogFileHelpers: Loading map 'MainMenu' took 0.974
[2015.11.02-16.02.01:638][  0]LogCollectionManager: Loaded 0 collections in 0.002573 seconds
[2015.11.02-16.02.01:680][  0]LogFileCache: Scanning file cache for directory 'C:/Users/Stoffe/Documents/GitHub/Balls-of-steel/BOS/Saved/Collections/' took 0.01s
[2015.11.02-16.02.01:680][  0]LogFileCache: Scanning file cache for directory 'C:/Users/Stoffe/Documents/GitHub/Balls-of-steel/BOS/Content/Developers/Stoffe/Collections/' took 0.01s
[2015.11.02-16.02.01:680][  0]LogFileCache: Scanning file cache for directory 'C:/Users/Stoffe/Documents/GitHub/Balls-of-steel/BOS/Content/Collections/' took 0.01s
[2015.11.02-16.02.01:680][  0]LogContentBrowser: Native class hierarchy populated in 0.0086 seconds. Added 1872 classes and 335 folders.
[2015.11.02-16.02.01:692][  0]LogCollectionManager: Rebuilt the GUID cache for 0 collections in 0.000003 seconds
[2015.11.02-16.02.01:700][  0]LogContentBrowser: Native class hierarchy updated for 'WidgetCarousel' in 0.0011 seconds. Added 0 classes and 0 folders.
[2015.11.02-16.02.02:179][  0]LogContentBrowser: Native class hierarchy updated for 'AddContentDialog' in 0.0011 seconds. Added 0 classes and 0 folders.
[2015.11.02-16.02.02:190][  0]LogContentBrowser: Native class hierarchy updated for 'SceneOutliner' in 0.0015 seconds. Added 1 classes and 2 folders.
[2015.11.02-16.02.02:312][  0]LogCrashTracker: Crashtracker disabled due to settings.
[2015.11.02-16.02.02:317][  0]LogUObjectGlobals:Warning: Failed to find object 'Class None.'
[2015.11.02-16.02.02:339][  0]LogLoad: Full Startup: 9.99 seconds (BP compile: 0.06 seconds)
[2015.11.02-16.02.02:391][  0]LogContentStreaming: Texture pool size now 400 MB
[2015.11.02-16.02.02:527][  0]LogRenderer: Reallocating scene render targets to support 1028x636 (Frame:2).
[2015.11.02-16.02.02:884][  2]LogAssetRegistry: Asset discovery search completed in 4.4157 seconds
[2015.11.02-16.02.02:884][  2]LogCollectionManager: Rebuilt the object cache for 0 collections in 0.000001 seconds (found 0 objects)
[2015.11.02-16.02.02:884][  2]LogCollectionManager: Fixed up redirectors for 0 collections in 0.000041 seconds (updated 0 objects)
[2015.11.02-16.02.05:166][261]LogBlueprintUserMessages: Early PlayInEditor Detection: Level '/Game/RollingCPP/Maps/MainMenu.MainMenu:PersistentLevel' has LevelScriptBlueprint '/Game/RollingCPP/Maps/MainMenu.MainMenu:PersistentLevel.MainMenu' with GeneratedClass '/Game/RollingCPP/Maps/MainMenu.MainMenu_C' with ClassGeneratedBy '/Game/RollingCPP/Maps/MainMenu.MainMenu:PersistentLevel.MainMenu'
[2015.11.02-16.02.05:166][261]LogPlayLevel: PlayLevel: No blueprints needed recompiling
[2015.11.02-16.02.05:166][261]PIE: New page: PIE session: MainMenu (Nov 2, 2015, 6:02:05 PM)
[2015.11.02-16.02.05:166][261]LogPlayLevel: Creating play world package: /Game/RollingCPP/Maps/UEDPIE_0_MainMenu
[2015.11.02-16.02.05:172][261]LogPlayLevel: PIE: StaticDuplicateObject took: (0.005303s)
[2015.11.02-16.02.05:172][261]LogAIModule: Creating AISystem for world MainMenu
[2015.11.02-16.02.05:172][261]LogPlayLevel: PIE: World Init took: (0.000725s)
[2015.11.02-16.02.05:173][261]LogPlayLevel: PIE: Created PIE world by copying editor world from /Game/RollingCPP/Maps/MainMenu.MainMenu to /Game/RollingCPP/Maps/UEDPIE_0_MainMenu.MainMenu (0.006313s)
[2015.11.02-16.02.05:197][261]LogInit: XAudio2 using 'Högtalare (Realtek High Definition Audio)' : 2 channels at 48 kHz using 32 bits per sample (channel mask 0x3)
[2015.11.02-16.02.05:204][261]LogInit: FAudioDevice initialized.
[2015.11.02-16.02.05:536][261]LogWorld: Game class is 'GameMode'
[2015.11.02-16.02.05:540][261]LogWorld: Bringing World /Game/RollingCPP/Maps/UEDPIE_0_MainMenu.MainMenu up for play (max tick rate 0) at 2015.11.02-17.02.05
[2015.11.02-16.02.05:540][261]LogActor:Warning: GameSession /Game/RollingCPP/Maps/UEDPIE_0_MainMenu.MainMenu:PersistentLevel.GameSession_0 has natively added scene component(s), but none of them were set as the actor's RootComponent - picking one arbitrarily
[2015.11.02-16.02.05:540][261]LogActor:Warning: GameNetworkManager /Game/RollingCPP/Maps/UEDPIE_0_MainMenu.MainMenu:PersistentLevel.GameNetworkManager_0 has natively added scene component(s), but none of them were set as the actor's RootComponent - picking one arbitrarily
[2015.11.02-16.02.05:540][261]LogWorld: Bringing up level for play took: 0.003126
[2015.11.02-16.02.05:546][261]PIE: Info Play in editor start time for /Game/RollingCPP/Maps/UEDPIE_0_MainMenu 0.155
[2015.11.02-16.02.05:546][261]LogBlueprintUserMessages: Late PlayInEditor Detection: Level '/Game/RollingCPP/Maps/MainMenu.MainMenu:PersistentLevel' has LevelScriptBlueprint '/Game/RollingCPP/Maps/MainMenu.MainMenu:PersistentLevel.MainMenu' with GeneratedClass '/Game/RollingCPP/Maps/MainMenu.MainMenu_C' with ClassGeneratedBy '/Game/RollingCPP/Maps/MainMenu.MainMenu:PersistentLevel.MainMenu'
[2015.11.02-16.02.09:874][574]LogBlueprintUserMessages: Early EndPlayMap Detection: Level '/Game/RollingCPP/Maps/MainMenu.MainMenu:PersistentLevel' has LevelScriptBlueprint '/Game/RollingCPP/Maps/MainMenu.MainMenu:PersistentLevel.MainMenu' with GeneratedClass '/Game/RollingCPP/Maps/MainMenu.MainMenu_C' with ClassGeneratedBy '/Game/RollingCPP/Maps/MainMenu.MainMenu:PersistentLevel.MainMenu'
[2015.11.02-16.02.10:016][574]LogBlueprintUserMessages: Late EndPlayMap Detection: Level '/Game/RollingCPP/Maps/MainMenu.MainMenu:PersistentLevel' has LevelScriptBlueprint '/Game/RollingCPP/Maps/MainMenu.MainMenu:PersistentLevel.MainMenu' with GeneratedClass '/Game/RollingCPP/Maps/MainMenu.MainMenu_C' with ClassGeneratedBy '/Game/RollingCPP/Maps/MainMenu.MainMenu:PersistentLevel.MainMenu'
[2015.11.02-16.02.10:037][574]LogParticles: Destroying 0 GPU particle simulations for FXSystem 0x0000009F78EBC7C0
[2015.11.02-16.02.12:584][867]LogBlueprintUserMessages: Early PlayInEditor Detection: Level '/Game/RollingCPP/Maps/MainMenu.MainMenu:PersistentLevel' has LevelScriptBlueprint '/Game/RollingCPP/Maps/MainMenu.MainMenu:PersistentLevel.MainMenu' with GeneratedClass '/Game/RollingCPP/Maps/MainMenu.MainMenu_C' with ClassGeneratedBy '/Game/RollingCPP/Maps/MainMenu.MainMenu:PersistentLevel.MainMenu'
[2015.11.02-16.02.12:584][867]LogPlayLevel: PlayLevel: No blueprints needed recompiling
[2015.11.02-16.02.12:584][867]PIE: New page: PIE session: MainMenu (Nov 2, 2015, 6:02:12 PM)
[2015.11.02-16.02.12:584][867]LogPlayLevel: Creating play world package: /Game/RollingCPP/Maps/UEDPIE_0_MainMenu
[2015.11.02-16.02.12:589][867]LogPlayLevel: PIE: StaticDuplicateObject took: (0.004569s)
[2015.11.02-16.02.12:590][867]LogAIModule: Creating AISystem for world MainMenu
[2015.11.02-16.02.12:590][867]LogPlayLevel: PIE: World Init took: (0.000810s)
[2015.11.02-16.02.12:590][867]LogPlayLevel: PIE: Created PIE world by copying editor world from /Game/RollingCPP/Maps/MainMenu.MainMenu to /Game/RollingCPP/Maps/UEDPIE_0_MainMenu.MainMenu (0.005654s)
[2015.11.02-16.02.12:615][867]LogInit: XAudio2 using 'Högtalare (Realtek High Definition Audio)' : 2 channels at 48 kHz using 32 bits per sample (channel mask 0x3)
[2015.11.02-16.02.12:622][867]LogInit: FAudioDevice initialized.
[2015.11.02-16.02.12:661][867]LogWorld: Game class is 'GameMode'
[2015.11.02-16.02.12:665][867]LogWorld: Bringing World /Game/RollingCPP/Maps/UEDPIE_0_MainMenu.MainMenu up for play (max tick rate 0) at 2015.11.02-17.02.12
[2015.11.02-16.02.12:665][867]LogActor:Warning: GameSession /Game/RollingCPP/Maps/UEDPIE_0_MainMenu.MainMenu:PersistentLevel.GameSession_1 has natively added scene component(s), but none of them were set as the actor's RootComponent - picking one arbitrarily
[2015.11.02-16.02.12:666][867]LogActor:Warning: GameNetworkManager /Game/RollingCPP/Maps/UEDPIE_0_MainMenu.MainMenu:PersistentLevel.GameNetworkManager_1 has natively added scene component(s), but none of them were set as the actor's RootComponent - picking one arbitrarily
[2015.11.02-16.02.12:666][867]LogWorld: Bringing up level for play took: 0.003986
[2015.11.02-16.02.12:671][867]PIE: Info Play in editor start time for /Game/RollingCPP/Maps/UEDPIE_0_MainMenu -0.721
[2015.11.02-16.02.12:671][867]LogBlueprintUserMessages: Late PlayInEditor Detection: Level '/Game/RollingCPP/Maps/MainMenu.MainMenu:PersistentLevel' has LevelScriptBlueprint '/Game/RollingCPP/Maps/MainMenu.MainMenu:PersistentLevel.MainMenu' with GeneratedClass '/Game/RollingCPP/Maps/MainMenu.MainMenu_C' with ClassGeneratedBy '/Game/RollingCPP/Maps/MainMenu.MainMenu:PersistentLevel.MainMenu'
[2015.11.02-16.03.10:576][766]LogPackageName: SearchForPackageOnDisk took   0.062s to resolve Map1.umap.
[2015.11.02-16.03.10:632][766]LogPackageName: SearchForPackageOnDisk took   0.056s to resolve Map1.umap.
[2015.11.02-16.03.10:632][766]LogNet: Browse: /Game/RollingCPP/Maps/Map1?listen
[2015.11.02-16.03.10:633][766]LogLoad: LoadMap: /Game/RollingCPP/Maps/Map1?listen
[2015.11.02-16.03.10:657][766]LogParticles: Destroying 0 GPU particle simulations for FXSystem 0x0000009F74686840
[2015.11.02-16.03.10:657][766]Cmd: MEM
[2015.11.02-16.03.10:679][766]LogMemory: Platform Memory Stats for Windows
[2015.11.02-16.03.10:679][766]LogMemory: Process Physical Memory: 564.38 MB used, 564.85 MB peak
[2015.11.02-16.03.10:679][766]LogMemory: Process Virtual Memory: 480.49 MB used, 484.56 MB peak
[2015.11.02-16.03.10:679][766]LogMemory: Physical Memory: 4176.23 MB used, 8126.94 MB total
[2015.11.02-16.03.10:679][766]LogMemory: Virtual Memory: 1080.62 MB used, 134217728.00 MB total
[2015.11.02-16.03.10:679][766]LogMemory: 
[2015.11.02-16.03.10:679][766]Allocator Stats for TBB: (not implemented)
[2015.11.02-16.03.12:745][766]LogAIModule: Creating AISystem for world Map1
[2015.11.02-16.03.12:746][766]LogWorld: Game class is 'BOSGameMode'
[2015.11.02-16.03.12:746][766]LogInit: WinSock: Socket queue 131072 / 131072
[2015.11.02-16.03.12:747][766]LogInit: WinSock: I am Stoffepc (172.20.10.2:0)
[2015.11.02-16.03.12:747][766]LogNet: GameNetDriver IpNetDriver_0 IpNetDriver listening on port 7777
[2015.11.02-16.03.12:765][766]LogPhysics:Warning: MoveFixedBody: Trying to move component'/Game/RollingCPP/Maps/UEDPIE_0_Map1.Map1:PersistentLevel.EditorCube14_113.StaticMeshComponent0' with a non-Movable Mobility.
[2015.11.02-16.03.12:765][766]LogPhysics:Warning: MoveFixedBody: Trying to move component'/Game/RollingCPP/Maps/UEDPIE_0_Map1.Map1:PersistentLevel.EditorCube18_116.StaticMeshComponent0' with a non-Movable Mobility.
[2015.11.02-16.03.12:765][766]LogPhysics:Warning: MoveFixedBody: Trying to move component'/Game/RollingCPP/Maps/UEDPIE_0_Map1.Map1:PersistentLevel.EditorCube22_120.StaticMeshComponent0' with a non-Movable Mobility.
[2015.11.02-16.03.12:765][766]LogPhysics:Warning: MoveFixedBody: Trying to move component'/Game/RollingCPP/Maps/UEDPIE_0_Map1.Map1:PersistentLevel.EditorCube23_121.StaticMeshComponent0' with a non-Movable Mobility.
[2015.11.02-16.03.12:765][766]LogPhysics:Warning: MoveFixedBody: Trying to move component'/Game/RollingCPP/Maps/UEDPIE_0_Map1.Map1:PersistentLevel.EditorCube31_130.StaticMeshComponent0' with a non-Movable Mobility.
[2015.11.02-16.03.12:765][766]LogPhysics:Warning: MoveFixedBody: Trying to move component'/Game/RollingCPP/Maps/UEDPIE_0_Map1.Map1:PersistentLevel.EditorCube35_134.StaticMeshComponent0' with a non-Movable Mobility.
[2015.11.02-16.03.12:765][766]LogPhysics:Warning: MoveFixedBody: Trying to move component'/Game/RollingCPP/Maps/UEDPIE_0_Map1.Map1:PersistentLevel.EditorCube36_135.StaticMeshComponent0' with a non-Movable Mobility.
[2015.11.02-16.03.12:765][766]LogWorld: Bringing World /Game/RollingCPP/Maps/UEDPIE_0_Map1.Map1 up for play (max tick rate 0) at 2015.11.02-17.03.12
[2015.11.02-16.03.12:765][766]LogActor:Warning: GameSession /Game/RollingCPP/Maps/UEDPIE_0_Map1.Map1:PersistentLevel.GameSession_2 has natively added scene component(s), but none of them were set as the actor's RootComponent - picking one arbitrarily
[2015.11.02-16.03.12:766][766]LogActor:Warning: GameNetworkManager /Game/RollingCPP/Maps/UEDPIE_0_Map1.Map1:PersistentLevel.GameNetworkManager_2 has natively added scene component(s), but none of them were set as the actor's RootComponent - picking one arbitrarily
[2015.11.02-16.03.12:766][766]LogWorld: Bringing up level for play took: 0.018810
[2015.11.02-16.03.31:901][986]LogBlueprintUserMessages: Early EndPlayMap Detection: Level '/Game/RollingCPP/Maps/MainMenu.MainMenu:PersistentLevel' has LevelScriptBlueprint '/Game/RollingCPP/Maps/MainMenu.MainMenu:PersistentLevel.MainMenu' with GeneratedClass '/Game/RollingCPP/Maps/MainMenu.MainMenu_C' with ClassGeneratedBy '/Game/RollingCPP/Maps/MainMenu.MainMenu:PersistentLevel.MainMenu'
[2015.11.02-16.03.31:935][986]LogBlueprintUserMessages: Late EndPlayMap Detection: Level '/Game/RollingCPP/Maps/MainMenu.MainMenu:PersistentLevel' has LevelScriptBlueprint '/Game/RollingCPP/Maps/MainMenu.MainMenu:PersistentLevel.MainMenu' with GeneratedClass '/Game/RollingCPP/Maps/MainMenu.MainMenu_C' with ClassGeneratedBy '/Game/RollingCPP/Maps/MainMenu.MainMenu:PersistentLevel.MainMenu'
[2015.11.02-16.03.31:962][986]LogParticles: Destroying 0 GPU particle simulations for FXSystem 0x0000009F69327920
[2015.11.02-16.03.31:963][986]LogExit: GameNetDriver None shut down
[2015.11.02-16.08.32:658][303]LogBlueprintUserMessages: Early PlayInEditor Detection: Level '/Game/RollingCPP/Maps/MainMenu.MainMenu:PersistentLevel' has LevelScriptBlueprint '/Game/RollingCPP/Maps/MainMenu.MainMenu:PersistentLevel.MainMenu' with GeneratedClass '/Game/RollingCPP/Maps/MainMenu.MainMenu_C' with ClassGeneratedBy '/Game/RollingCPP/Maps/MainMenu.MainMenu:PersistentLevel.MainMenu'
[2015.11.02-16.08.32:658][303]LogPlayLevel: PlayLevel: No blueprints needed recompiling
[2015.11.02-16.08.32:658][303]PIE: New page: PIE session: MainMenu (Nov 2, 2015, 6:08:32 PM)
[2015.11.02-16.08.32:658][303]LogPlayLevel: Creating play world package: /Game/RollingCPP/Maps/UEDPIE_0_MainMenu
[2015.11.02-16.08.32:664][303]LogPlayLevel: PIE: StaticDuplicateObject took: (0.005865s)
[2015.11.02-16.08.32:665][303]LogAIModule: Creating AISystem for world MainMenu
[2015.11.02-16.08.32:666][303]LogPlayLevel: PIE: World Init took: (0.001143s)
[2015.11.02-16.08.32:666][303]LogPlayLevel: PIE: Created PIE world by copying editor world from /Game/RollingCPP/Maps/MainMenu.MainMenu to /Game/RollingCPP/Maps/UEDPIE_0_MainMenu.MainMenu (0.007361s)
[2015.11.02-16.08.32:694][303]LogInit: XAudio2 using 'Högtalare (Realtek High Definition Audio)' : 2 channels at 48 kHz using 32 bits per sample (channel mask 0x3)
[2015.11.02-16.08.32:703][303]LogInit: FAudioDevice initialized.
[2015.11.02-16.08.32:742][303]LogWorld: Game class is 'GameMode'
[2015.11.02-16.08.32:747][303]LogWorld: Bringing World /Game/RollingCPP/Maps/UEDPIE_0_MainMenu.MainMenu up for play (max tick rate 0) at 2015.11.02-17.08.32
[2015.11.02-16.08.32:747][303]LogActor:Warning: GameSession /Game/RollingCPP/Maps/UEDPIE_0_MainMenu.MainMenu:PersistentLevel.GameSession_3 has natively added scene component(s), but none of them were set as the actor's RootComponent - picking one arbitrarily
[2015.11.02-16.08.32:748][303]LogActor:Warning: GameNetworkManager /Game/RollingCPP/Maps/UEDPIE_0_MainMenu.MainMenu:PersistentLevel.GameNetworkManager_3 has natively added scene component(s), but none of them were set as the actor's RootComponent - picking one arbitrarily
[2015.11.02-16.08.32:748][303]LogWorld: Bringing up level for play took: 0.004703
[2015.11.02-16.08.32:755][303]PIE: Info Play in editor start time for /Game/RollingCPP/Maps/UEDPIE_0_MainMenu -0.636
[2015.11.02-16.08.32:755][303]LogBlueprintUserMessages: Late PlayInEditor Detection: Level '/Game/RollingCPP/Maps/MainMenu.MainMenu:PersistentLevel' has LevelScriptBlueprint '/Game/RollingCPP/Maps/MainMenu.MainMenu:PersistentLevel.MainMenu' with GeneratedClass '/Game/RollingCPP/Maps/MainMenu.MainMenu_C' with ClassGeneratedBy '/Game/RollingCPP/Maps/MainMenu.MainMenu:PersistentLevel.MainMenu'
[2015.11.02-16.08.34:731][531]LogBlueprintUserMessages: Early EndPlayMap Detection: Level '/Game/RollingCPP/Maps/MainMenu.MainMenu:PersistentLevel' has LevelScriptBlueprint '/Game/RollingCPP/Maps/MainMenu.MainMenu:PersistentLevel.MainMenu' with GeneratedClass '/Game/RollingCPP/Maps/MainMenu.MainMenu_C' with ClassGeneratedBy '/Game/RollingCPP/Maps/MainMenu.MainMenu:PersistentLevel.MainMenu'
[2015.11.02-16.08.34:763][531]LogBlueprintUserMessages: Late EndPlayMap Detection: Level '/Game/RollingCPP/Maps/MainMenu.MainMenu:PersistentLevel' has LevelScriptBlueprint '/Game/RollingCPP/Maps/MainMenu.MainMenu:PersistentLevel.MainMenu' with GeneratedClass '/Game/RollingCPP/Maps/MainMenu.MainMenu_C' with ClassGeneratedBy '/Game/RollingCPP/Maps/MainMenu.MainMenu:PersistentLevel.MainMenu'
[2015.11.02-16.08.34:810][532]LogParticles: Destroying 0 GPU particle simulations for FXSystem 0x0000009F64B9B740
[2015.11.02-16.08.41:435][287]LogBlueprintUserMessages: Early PlayInEditor Detection: Level '/Game/RollingCPP/Maps/MainMenu.MainMenu:PersistentLevel' has LevelScriptBlueprint '/Game/RollingCPP/Maps/MainMenu.MainMenu:PersistentLevel.MainMenu' with GeneratedClass '/Game/RollingCPP/Maps/MainMenu.MainMenu_C' with ClassGeneratedBy '/Game/RollingCPP/Maps/MainMenu.MainMenu:PersistentLevel.MainMenu'
[2015.11.02-16.08.41:435][287]LogPlayLevel: PlayLevel: No blueprints needed recompiling
[2015.11.02-16.08.41:435][287]PIE: New page: PIE session: MainMenu (Nov 2, 2015, 6:08:41 PM)
[2015.11.02-16.08.41:435][287]LogPlayLevel: Creating play world package: /Game/RollingCPP/Maps/UEDPIE_0_MainMenu
[2015.11.02-16.08.41:440][287]LogPlayLevel: PIE: StaticDuplicateObject took: (0.004439s)
[2015.11.02-16.08.41:440][287]LogAIModule: Creating AISystem for world MainMenu
[2015.11.02-16.08.41:441][287]LogPlayLevel: PIE: World Init took: (0.000712s)
[2015.11.02-16.08.41:441][287]LogPlayLevel: PIE: Created PIE world by copying editor world from /Game/RollingCPP/Maps/MainMenu.MainMenu to /Game/RollingCPP/Maps/UEDPIE_0_MainMenu.MainMenu (0.005427s)
[2015.11.02-16.08.41:472][287]LogInit: XAudio2 using 'Högtalare (Realtek High Definition Audio)' : 2 channels at 48 kHz using 32 bits per sample (channel mask 0x3)
[2015.11.02-16.08.41:480][287]LogInit: FAudioDevice initialized.
[2015.11.02-16.08.41:519][287]LogWorld: Game class is 'GameMode'
[2015.11.02-16.08.41:522][287]LogWorld: Bringing World /Game/RollingCPP/Maps/UEDPIE_0_MainMenu.MainMenu up for play (max tick rate 0) at 2015.11.02-17.08.41
[2015.11.02-16.08.41:522][287]LogActor:Warning: GameSession /Game/RollingCPP/Maps/UEDPIE_0_MainMenu.MainMenu:PersistentLevel.GameSession_4 has natively added scene component(s), but none of them were set as the actor's RootComponent - picking one arbitrarily
[2015.11.02-16.08.41:523][287]LogActor:Warning: GameNetworkManager /Game/RollingCPP/Maps/UEDPIE_0_MainMenu.MainMenu:PersistentLevel.GameNetworkManager_4 has natively added scene component(s), but none of them were set as the actor's RootComponent - picking one arbitrarily
[2015.11.02-16.08.41:523][287]LogWorld: Bringing up level for play took: 0.003736
[2015.11.02-16.08.41:530][287]PIE: Info Play in editor start time for /Game/RollingCPP/Maps/UEDPIE_0_MainMenu 0.139
[2015.11.02-16.08.41:531][287]LogBlueprintUserMessages: Late PlayInEditor Detection: Level '/Game/RollingCPP/Maps/MainMenu.MainMenu:PersistentLevel' has LevelScriptBlueprint '/Game/RollingCPP/Maps/MainMenu.MainMenu:PersistentLevel.MainMenu' with GeneratedClass '/Game/RollingCPP/Maps/MainMenu.MainMenu_C' with ClassGeneratedBy '/Game/RollingCPP/Maps/MainMenu.MainMenu:PersistentLevel.MainMenu'
[2015.11.02-16.09.05:312][979]LogBlueprintUserMessages: Early EndPlayMap Detection: Level '/Game/RollingCPP/Maps/MainMenu.MainMenu:PersistentLevel' has LevelScriptBlueprint '/Game/RollingCPP/Maps/MainMenu.MainMenu:PersistentLevel.MainMenu' with GeneratedClass '/Game/RollingCPP/Maps/MainMenu.MainMenu_C' with ClassGeneratedBy '/Game/RollingCPP/Maps/MainMenu.MainMenu:PersistentLevel.MainMenu'
[2015.11.02-16.09.05:345][979]LogBlueprintUserMessages: Late EndPlayMap Detection: Level '/Game/RollingCPP/Maps/MainMenu.MainMenu:PersistentLevel' has LevelScriptBlueprint '/Game/RollingCPP/Maps/MainMenu.MainMenu:PersistentLevel.MainMenu' with GeneratedClass '/Game/RollingCPP/Maps/MainMenu.MainMenu_C' with ClassGeneratedBy '/Game/RollingCPP/Maps/MainMenu.MainMenu:PersistentLevel.MainMenu'
[2015.11.02-16.09.05:379][980]LogParticles: Destroying 0 GPU particle simulations for FXSystem 0x0000009F7DE30F40
[2015.11.02-16.11.35:607][527]LogBlueprintUserMessages: Early PlayInEditor Detection: Level '/Game/RollingCPP/Maps/MainMenu.MainMenu:PersistentLevel' has LevelScriptBlueprint '/Game/RollingCPP/Maps/MainMenu.MainMenu:PersistentLevel.MainMenu' with GeneratedClass '/Game/RollingCPP/Maps/MainMenu.MainMenu_C' with ClassGeneratedBy '/Game/RollingCPP/Maps/MainMenu.MainMenu:PersistentLevel.MainMenu'
[2015.11.02-16.11.35:608][527]LogPlayLevel: PlayLevel: No blueprints needed recompiling
[2015.11.02-16.11.35:608][527]PIE: New page: PIE session: MainMenu (Nov 2, 2015, 6:11:35 PM)
[2015.11.02-16.11.35:608][527]LogPlayLevel: Creating play world package: /Game/RollingCPP/Maps/UEDPIE_0_MainMenu
[2015.11.02-16.11.35:613][527]LogPlayLevel: PIE: StaticDuplicateObject took: (0.005282s)
[2015.11.02-16.11.35:614][527]LogAIModule: Creating AISystem for world MainMenu
[2015.11.02-16.11.35:614][527]LogPlayLevel: PIE: World Init took: (0.001092s)
[2015.11.02-16.11.35:615][527]LogPlayLevel: PIE: Created PIE world by copying editor world from /Game/RollingCPP/Maps/MainMenu.MainMenu to /Game/RollingCPP/Maps/UEDPIE_0_MainMenu.MainMenu (0.006718s)
[2015.11.02-16.11.35:642][527]LogInit: XAudio2 using 'Högtalare (Realtek High Definition Audio)' : 2 channels at 48 kHz using 32 bits per sample (channel mask 0x3)
[2015.11.02-16.11.35:651][527]LogInit: FAudioDevice initialized.
[2015.11.02-16.11.35:688][527]LogWorld: Game class is 'GameMode'
[2015.11.02-16.11.35:693][527]LogWorld: Bringing World /Game/RollingCPP/Maps/UEDPIE_0_MainMenu.MainMenu up for play (max tick rate 0) at 2015.11.02-17.11.35
[2015.11.02-16.11.35:693][527]LogActor:Warning: GameSession /Game/RollingCPP/Maps/UEDPIE_0_MainMenu.MainMenu:PersistentLevel.GameSession_5 has natively added scene component(s), but none of them were set as the actor's RootComponent - picking one arbitrarily
[2015.11.02-16.11.35:694][527]LogActor:Warning: GameNetworkManager /Game/RollingCPP/Maps/UEDPIE_0_MainMenu.MainMenu:PersistentLevel.GameNetworkManager_5 has natively added scene component(s), but none of them were set as the actor's RootComponent - picking one arbitrarily
[2015.11.02-16.11.35:694][527]LogWorld: Bringing up level for play took: 0.004879
[2015.11.02-16.11.35:700][527]PIE: Info Play in editor start time for /Game/RollingCPP/Maps/UEDPIE_0_MainMenu 0.309
[2015.11.02-16.11.35:701][527]LogBlueprintUserMessages: Late PlayInEditor Detection: Level '/Game/RollingCPP/Maps/MainMenu.MainMenu:PersistentLevel' has LevelScriptBlueprint '/Game/RollingCPP/Maps/MainMenu.MainMenu:PersistentLevel.MainMenu' with GeneratedClass '/Game/RollingCPP/Maps/MainMenu.MainMenu_C' with ClassGeneratedBy '/Game/RollingCPP/Maps/MainMenu.MainMenu:PersistentLevel.MainMenu'
[2015.11.02-16.17.00:184][365]LogBlueprintUserMessages: Early EndPlayMap Detection: Level '/Game/RollingCPP/Maps/MainMenu.MainMenu:PersistentLevel' has LevelScriptBlueprint '/Game/RollingCPP/Maps/MainMenu.MainMenu:PersistentLevel.MainMenu' with GeneratedClass '/Game/RollingCPP/Maps/MainMenu.MainMenu_C' with ClassGeneratedBy '/Game/RollingCPP/Maps/MainMenu.MainMenu:PersistentLevel.MainMenu'
[2015.11.02-16.17.00:221][365]LogBlueprintUserMessages: Late EndPlayMap Detection: Level '/Game/RollingCPP/Maps/MainMenu.MainMenu:PersistentLevel' has LevelScriptBlueprint '/Game/RollingCPP/Maps/MainMenu.MainMenu:PersistentLevel.MainMenu' with GeneratedClass '/Game/RollingCPP/Maps/MainMenu.MainMenu_C' with ClassGeneratedBy '/Game/RollingCPP/Maps/MainMenu.MainMenu:PersistentLevel.MainMenu'
[2015.11.02-16.17.00:273][365]LogParticles: Destroying 0 GPU particle simulations for FXSystem 0x0000009F64B9AF20
[2015.11.02-16.17.00:385][366]Cmd: QUIT_EDITOR
[2015.11.02-16.17.01:108][366]LogWindowsTextInputMethodSystem:Display: IME system now deactivated.
[2015.11.02-16.17.01:266][366]LogExit: Preparing to exit.
[2015.11.02-16.17.01:913][366]LogExit: Editor shut down
[2015.11.02-16.17.01:914][366]LogExit: Transaction tracking system shut down
[2015.11.02-16.17.01:915][366]LogParticles: Destroying 0 GPU particle simulations for FXSystem 0x0000009F65BD3060
[2015.11.02-16.17.01:915][366]LogParticles: Destroying 0 GPU particle simulations for FXSystem 0x0000009F64E97D80
[2015.11.02-16.17.01:915][366]LogParticles: Destroying 0 GPU particle simulations for FXSystem 0x0000009F78EBE660
[2015.11.02-16.17.01:915][366]LogParticles: Destroying 0 GPU particle simulations for FXSystem 0x0000009F78EBE480
[2015.11.02-16.17.02:058][366]LogExit: Object subsystem successfully closed.
[2015.11.02-16.17.02:081][366]LogD3D11RHI: Shutdown
[2015.11.02-16.17.02:081][366]LogD3D11RHI: CleanupD3DDevice
[2015.11.02-16.17.02:116][366]LogD3D11RHI: ~FD3D11DynamicRHI
[2015.11.02-16.17.02:134][366]LogModuleManager: Shutting down and abandoning module CrashTracker (198)
[2015.11.02-16.17.02:134][366]LogModuleManager: Shutting down and abandoning module SceneOutliner (197)
[2015.11.02-16.17.02:134][366]LogModuleManager: Shutting down and abandoning module SuperSearch (196)
[2015.11.02-16.17.02:134][366]LogModuleManager: Shutting down and abandoning module WidgetCarousel (195)
[2015.11.02-16.17.02:134][366]LogModuleManager: Shutting down and abandoning module AddContentDialog (194)
[2015.11.02-16.17.02:135][366]LogModuleManager: Shutting down and abandoning module EditorWidgets (193)
[2015.11.02-16.17.02:135][366]LogModuleManager: Shutting down and abandoning module CollectionManager (192)
[2015.11.02-16.17.02:135][366]LogModuleManager: Shutting down and abandoning module StatsViewer (191)
[2015.11.02-16.17.02:135][366]LogModuleManager: Shutting down and abandoning module FoliageEdit (190)
[2015.11.02-16.17.02:135][366]LogModuleManager: Shutting down and abandoning module LandscapeEditor (189)
[2015.11.02-16.17.02:136][366]LogModuleManager: Shutting down and abandoning module ActorPickerMode (188)
[2015.11.02-16.17.02:136][366]LogModuleManager: Shutting down and abandoning module GeometryMode (187)
[2015.11.02-16.17.02:136][366]LogModuleManager: Shutting down and abandoning module TextureAlignMode (186)
[2015.11.02-16.17.02:136][366]LogModuleManager: Shutting down and abandoning module BspMode (185)
[2015.11.02-16.17.02:136][366]LogModuleManager: Shutting down and abandoning module PlacementMode (184)
[2015.11.02-16.17.02:136][366]LogModuleManager: Shutting down and abandoning module AutomationWorker (183)
[2015.11.02-16.17.02:136][366]LogModuleManager: Shutting down and abandoning module CharacterAI (182)
[2015.11.02-16.17.02:136][366]LogModuleManager: Shutting down and abandoning module SmartSnapping (181)
[2015.11.02-16.17.02:136][366]LogModuleManager: Shutting down and abandoning module ViewportSnapping (180)
[2015.11.02-16.17.02:136][366]LogModuleManager: Shutting down and abandoning module LogVisualizer (179)
[2015.11.02-16.17.02:136][366]LogModuleManager: Shutting down and abandoning module GameProjectGeneration (178)
[2015.11.02-16.17.02:136][366]LogModuleManager: Shutting down and abandoning module IntroTutorials (177)
[2015.11.02-16.17.02:136][366]LogModuleManager: Shutting down and abandoning module EditorLiveStreaming (176)
[2015.11.02-16.17.02:136][366]LogModuleManager: Shutting down and abandoning module IOSPlatformEditor (175)
[2015.11.02-16.17.02:136][366]LogModuleManager: Shutting down and abandoning module HTML5PlatformEditor (174)
[2015.11.02-16.17.02:136][366]LogModuleManager: Shutting down and abandoning module AndroidDeviceDetection (173)
[2015.11.02-16.17.02:190][366]LogModuleManager: Shutting down and abandoning module AndroidPlatformEditor (172)
[2015.11.02-16.17.02:190][366]LogModuleManager: Shutting down and abandoning module IOSRuntimeSettings (171)
[2015.11.02-16.17.02:190][366]LogModuleManager: Shutting down and abandoning module AndroidRuntimeSettings (170)
[2015.11.02-16.17.02:190][366]LogModuleManager: Shutting down and abandoning module MergeActors (169)
[2015.11.02-16.17.02:190][366]LogModuleManager: Shutting down and abandoning module SizeMap (168)
[2015.11.02-16.17.02:190][366]LogModuleManager: Shutting down and abandoning module TreeMap (167)
[2015.11.02-16.17.02:190][366]LogModuleManager: Shutting down and abandoning module ReferenceViewer (166)
[2015.11.02-16.17.02:190][366]LogModuleManager: Shutting down and abandoning module LocalizationService (165)
[2015.11.02-16.17.02:190][366]LogModuleManager: Shutting down and abandoning module LocalizationDashboard (164)
[2015.11.02-16.17.02:190][366]LogModuleManager: Shutting down and abandoning module HardwareTargeting (163)
[2015.11.02-16.17.02:190][366]LogModuleManager: Shutting down and abandoning module DeviceProfileEditor (162)
[2015.11.02-16.17.02:190][366]LogModuleManager: Shutting down and abandoning module UndoHistory (161)
[2015.11.02-16.17.02:190][366]LogModuleManager: Shutting down and abandoning module GameplayTagsEditor (160)
[2015.11.02-16.17.02:190][366]LogModuleManager: Shutting down and abandoning module UserFeedback (159)
[2015.11.02-16.17.02:190][366]LogModuleManager: Shutting down and abandoning module XmlParser (158)
[2015.11.02-16.17.02:190][366]LogModuleManager: Shutting down and abandoning module Blutility (157)
[2015.11.02-16.17.02:190][366]LogModuleManager: Shutting down and abandoning module ProjectTargetPlatformEditor (156)
[2015.11.02-16.17.02:190][366]LogModuleManager: Shutting down and abandoning module ProjectSettingsViewer (155)
[2015.11.02-16.17.02:190][366]LogModuleManager: Shutting down and abandoning module InputBindingEditor (154)
[2015.11.02-16.17.02:190][366]LogModuleManager: Shutting down and abandoning module EditorSettingsViewer (153)
[2015.11.02-16.17.02:190][366]LogModuleManager: Shutting down and abandoning module SettingsEditor (152)
[2015.11.02-16.17.02:190][366]LogModuleManager: Shutting down and abandoning module ProjectLauncher (151)
[2015.11.02-16.17.02:190][366]LogModuleManager: Shutting down and abandoning module SessionFrontend (150)
[2015.11.02-16.17.02:190][366]LogModuleManager: Shutting down and abandoning module ProfilerClient (149)
[2015.11.02-16.17.02:190][366]LogModuleManager: Shutting down and abandoning module TargetDeviceServices (148)
[2015.11.02-16.17.02:190][366]LogModuleManager: Shutting down and abandoning module DeviceManager (147)
[2015.11.02-16.17.02:190][366]LogModuleManager: Shutting down and abandoning module AutomationController (146)
[2015.11.02-16.17.02:190][366]LogModuleManager: Shutting down and abandoning module AutomationWindow (145)
[2015.11.02-16.17.02:190][366]LogModuleManager: Shutting down and abandoning module Layers (144)
[2015.11.02-16.17.02:191][366]LogModuleManager: Shutting down and abandoning module ComponentVisualizers (143)
[2015.11.02-16.17.02:191][366]LogModuleManager: Shutting down and abandoning module DetailCustomizations (142)
[2015.11.02-16.17.02:191][366]LogModuleManager: Shutting down and abandoning module PackagesDialog (141)
[2015.11.02-16.17.02:191][366]LogModuleManager: Shutting down and abandoning module Persona (140)
[2015.11.02-16.17.02:191][366]LogModuleManager: Shutting down and abandoning module Kismet (139)
[2015.11.02-16.17.02:191][366]LogModuleManager: Shutting down and abandoning module GraphEditor (138)
[2015.11.02-16.17.02:191][366]LogModuleManager: Shutting down and abandoning module ClassViewer (137)
[2015.11.02-16.17.02:191][366]LogModuleManager: Shutting down and abandoning module Toolbox (136)
[2015.11.02-16.17.02:191][366]LogModuleManager: Shutting down and abandoning module ModuleUI (135)
[2015.11.02-16.17.02:191][366]LogModuleManager: Shutting down and abandoning module MovieSceneTools (134)
[2015.11.02-16.17.02:191][366]LogModuleManager: Shutting down and abandoning module OutputLog (133)
[2015.11.02-16.17.02:191][366]LogModuleManager: Shutting down and abandoning module GammaUI (132)
[2015.11.02-16.17.02:191][366]LogModuleManager: Shutting down and abandoning module Documentation (131)
[2015.11.02-16.17.02:191][366]LogModuleManager: Shutting down and abandoning module GameLiveStreaming (130)
[2015.11.02-16.17.02:191][366]LogModuleManager: Shutting down and abandoning module StreamingPauseRendering (129)
[2015.11.02-16.17.02:191][366]LogModuleManager: Shutting down and abandoning module AnalyticsET (128)
[2015.11.02-16.17.02:191][366]LogModuleManager: Shutting down and abandoning module Analytics (127)
[2015.11.02-16.17.02:191][366]LogModuleManager: Shutting down and abandoning module AITestSuite (126)
[2015.11.02-16.17.02:191][366]LogModuleManager: Shutting down and abandoning module GameplayDebugger (125)
[2015.11.02-16.17.02:191][366]LogModuleManager: Shutting down and abandoning module AIModule (124)
[2015.11.02-16.17.02:191][366]LogModuleManager: Shutting down and abandoning module ProfilerService (123)
[2015.11.02-16.17.02:421][366]LogModuleManager: Shutting down and abandoning module TaskGraph (122)
[2015.11.02-16.17.02:421][366]LogModuleManager: Shutting down and abandoning module SlateRemote (121)
[2015.11.02-16.17.02:421][366]LogModuleManager: Shutting down and abandoning module SteamVRController (120)
[2015.11.02-16.17.02:421][366]LogModuleManager: Shutting down and abandoning module SteamVR (119)
[2015.11.02-16.17.02:421][366]LogModuleManager: Shutting down and abandoning module ProceduralMeshComponent (118)
[2015.11.02-16.17.02:421][366]LogModuleManager: Shutting down and abandoning module OculusRift (117)
[2015.11.02-16.17.02:421][366]LogModuleManager: Shutting down and abandoning module OculusLibrary (116)
[2015.11.02-16.17.02:421][366]LogModuleManager: Shutting down and abandoning module LeapMotionController (115)
[2015.11.02-16.17.02:429][366]LogModuleManager: Shutting down and abandoning module CustomMeshComponent (114)
[2015.11.02-16.17.02:429][366]LogModuleManager: Shutting down and abandoning module CableComponent (113)
[2015.11.02-16.17.02:429][366]LogModuleManager: Shutting down and abandoning module ArchVisCharacter (112)
[2015.11.02-16.17.02:429][366]LogModuleManager: Shutting down and abandoning module MessagingDebugger (111)
[2015.11.02-16.17.02:429][366]LogModuleManager: Shutting down and abandoning module MediaPlayerEditor (110)
[2015.11.02-16.17.02:429][366]LogModuleManager: Shutting down and abandoning module HTML5Networking (109)
[2015.11.02-16.17.02:429][366]LogModuleManager: Shutting down and abandoning module SpeedTreeImporter (108)
[2015.11.02-16.17.02:429][366]LogModuleManager: Shutting down and abandoning module PluginBrowser (107)
[2015.11.02-16.17.02:429][366]LogModuleManager: Shutting down and abandoning module EpicSurvey (106)
[2015.11.02-16.17.02:429][366]LogModuleManager: Shutting down and abandoning module DesktopPlatform (105)
[2015.11.02-16.17.02:429][366]LogModuleManager: Shutting down and abandoning module VisualStudioSourceCodeAccess (104)
[2015.11.02-16.17.02:429][366]LogModuleManager: Shutting down and abandoning module UObjectPlugin (103)
[2015.11.02-16.17.02:429][366]LogModuleManager: Shutting down and abandoning module SubversionSourceControl (102)
[2015.11.02-16.17.02:429][366]LogModuleManager: Shutting down and abandoning module PerforceSourceControl (101)
[2015.11.02-16.17.02:429][366]LogModuleManager: Shutting down and abandoning module SourceControl (100)
[2015.11.02-16.17.02:429][366]LogModuleManager: Shutting down and abandoning module GitSourceControl (99)
[2015.11.02-16.17.02:429][366]LogModuleManager: Shutting down and abandoning module LightPropagationVolumeEditor (98)
[2015.11.02-16.17.02:429][366]LogModuleManager: Shutting down and abandoning module PaperTiledImporter (97)
[2015.11.02-16.17.02:429][366]LogModuleManager: Shutting down and abandoning module PaperSpriteSheetImporter (96)
[2015.11.02-16.17.02:429][366]LogModuleManager: Shutting down and abandoning module MeshPaint (95)
[2015.11.02-16.17.02:429][366]LogModuleManager: Shutting down and abandoning module SlateReflector (94)
[2015.11.02-16.17.02:429][366]LogModuleManager: Shutting down and abandoning module HotReload (93)
[2015.11.02-16.17.02:430][366]LogModuleManager: Shutting down and abandoning module MainFrame (92)
[2015.11.02-16.17.02:430][366]LogModuleManager: Shutting down and abandoning module LevelEditor (91)
[2015.11.02-16.17.02:431][366]LogModuleManager: Shutting down and abandoning module DirectoryWatcher (90)
[2015.11.02-16.17.02:431][366]LogModuleManager: Shutting down and abandoning module AssetRegistry (89)
[2015.11.02-16.17.02:484][366]LogModuleManager: Shutting down and abandoning module ContentBrowser (88)
[2015.11.02-16.17.02:485][366]LogModuleManager: Shutting down and abandoning module Paper2DEditor (87)
[2015.11.02-16.17.02:485][366]LogModuleManager: Shutting down and abandoning module BOS (86)
[2015.11.02-16.17.02:485][366]LogModuleManager: Shutting down and abandoning module UdpMessaging (85)
[2015.11.02-16.17.02:585][366]LogModuleManager: Shutting down and abandoning module LightPropagationVolumeRuntime (84)
[2015.11.02-16.17.02:585][366]LogModuleManager: Shutting down and abandoning module Paper2D (83)
[2015.11.02-16.17.02:585][366]LogModuleManager: Shutting down and abandoning module WindowsMoviePlayer (82)
[2015.11.02-16.17.02:588][366]LogModuleManager: Shutting down and abandoning module Media (81)
[2015.11.02-16.17.02:588][366]LogModuleManager: Shutting down and abandoning module WmfMedia (80)
[2015.11.02-16.17.02:588][366]LogModuleManager: Shutting down and abandoning module OnlineBlueprintSupport (79)
[2015.11.02-16.17.02:588][366]LogModuleManager: Shutting down and abandoning module GameplayTasksEditor (78)
[2015.11.02-16.17.02:588][366]LogModuleManager: Shutting down and abandoning module PropertyEditor (77)
[2015.11.02-16.17.02:588][366]LogModuleManager: Shutting down and abandoning module BehaviorTreeEditor (76)
[2015.11.02-16.17.02:588][366]LogModuleManager: Shutting down and abandoning module FunctionalTesting (75)
[2015.11.02-16.17.02:588][366]LogModuleManager: Shutting down and abandoning module CollisionAnalyzer (74)
[2015.11.02-16.17.02:588][366]LogModuleManager: Shutting down and abandoning module WorkspaceMenuStructure (73)
[2015.11.02-16.17.02:588][366]LogModuleManager: Shutting down and abandoning module MessageLog (72)
[2015.11.02-16.17.02:588][366]LogModuleManager: Shutting down and abandoning module Sequencer (71)
[2015.11.02-16.17.02:588][366]LogModuleManager: Shutting down and abandoning module AssetTools (70)
[2015.11.02-16.17.02:588][366]LogModuleManager: Shutting down and abandoning module UMGEditor (69)
[2015.11.02-16.17.02:588][366]LogModuleManager: Shutting down and abandoning module UMG (68)
[2015.11.02-16.17.02:588][366]LogModuleManager: Shutting down and abandoning module Slate (67)
[2015.11.02-16.17.02:588][366]LogModuleManager: Shutting down and abandoning module EditorStyle (66)
[2015.11.02-16.17.02:590][366]LogModuleManager: Shutting down and abandoning module SessionServices (65)
[2015.11.02-16.17.02:590][366]LogModuleManager: Shutting down and abandoning module SourceCodeAccess (64)
[2015.11.02-16.17.02:590][366]LogModuleManager: Shutting down and abandoning module HeadMountedDisplay (63)
[2015.11.02-16.17.02:590][366]LogModuleManager: Shutting down and abandoning module XAudio2 (62)
[2015.11.02-16.17.02:590][366]LogModuleManager: Shutting down and abandoning module Networking (60)
[2015.11.02-16.17.02:590][366]LogModuleManager: Shutting down and abandoning module Core (59)
[2015.11.02-16.17.02:591][366]LogModuleManager: Shutting down and abandoning module KismetCompiler (58)
[2015.11.02-16.17.02:591][366]LogModuleManager: Shutting down and abandoning module PhysXFormats (57)
[2015.11.02-16.17.02:591][366]LogModuleManager: Shutting down and abandoning module MeshUtilities (56)
[2015.11.02-16.17.02:591][366]LogModuleManager: Shutting down and abandoning module CookingStats (55)
[2015.11.02-16.17.02:591][366]LogModuleManager: Shutting down and abandoning module DerivedDataCache (54)
[2015.11.02-16.17.02:600][366]LogDerivedDataCache: Shutdown
[2015.11.02-16.17.02:600][366]LogModuleManager: Shutting down and abandoning module ShaderFormatOpenGL (53)
[2015.11.02-16.17.02:600][366]LogModuleManager: Shutting down and abandoning module ShaderFormatD3D (52)
[2015.11.02-16.17.02:600][366]LogModuleManager: Shutting down and abandoning module MetalShaderFormat (51)
[2015.11.02-16.17.02:600][366]LogModuleManager: Shutting down and abandoning module TextureFormatUncompressed (50)
[2015.11.02-16.17.02:600][366]LogModuleManager: Shutting down and abandoning module TextureFormatPVR (49)
[2015.11.02-16.17.02:600][366]LogModuleManager: Shutting down and abandoning module TextureFormatIntelISPCTexComp (48)
[2015.11.02-16.17.02:600][366]LogModuleManager: Shutting down and abandoning module TextureFormatDXT (47)
[2015.11.02-16.17.02:600][366]LogModuleManager: Shutting down and abandoning module ImageWrapper (46)
[2015.11.02-16.17.02:600][366]LogModuleManager: Shutting down and abandoning module TextureFormatASTC (45)
[2015.11.02-16.17.02:600][366]LogModuleManager: Shutting down and abandoning module TextureFormatAndroid (44)
[2015.11.02-16.17.02:600][366]LogModuleManager: Shutting down and abandoning module AudioFormatOpus (43)
[2015.11.02-16.17.02:600][366]LogModuleManager: Shutting down and abandoning module AudioFormatOgg (42)
[2015.11.02-16.17.02:600][366]LogModuleManager: Shutting down and abandoning module AudioFormatADPCM (41)
[2015.11.02-16.17.02:600][366]LogModuleManager: Shutting down and abandoning module LinuxTargetPlatform (40)
[2015.11.02-16.17.02:600][366]LogModuleManager: Shutting down and abandoning module LinuxServerTargetPlatform (39)
[2015.11.02-16.17.02:600][366]LogModuleManager: Shutting down and abandoning module LinuxNoEditorTargetPlatform (38)
[2015.11.02-16.17.02:600][366]LogModuleManager: Shutting down and abandoning module Messaging (37)
[2015.11.02-16.17.02:600][366]LogModuleManager: Shutting down and abandoning module IOSTargetPlatform (36)
[2015.11.02-16.17.02:600][366]LogModuleManager: Shutting down and abandoning module HTML5TargetPlatform (35)
[2015.11.02-16.17.02:600][366]LogModuleManager: Shutting down and abandoning module Android_PVRTCTargetPlatform (34)
[2015.11.02-16.17.02:600][366]LogModuleManager: Shutting down and abandoning module Android_ETC2TargetPlatform (33)
[2015.11.02-16.17.02:600][366]LogModuleManager: Shutting down and abandoning module Android_ETC1TargetPlatform (32)
[2015.11.02-16.17.02:600][366]LogModuleManager: Shutting down and abandoning module Android_DXTTargetPlatform (31)
[2015.11.02-16.17.02:600][366]LogModuleManager: Shutting down and abandoning module Android_ATCTargetPlatform (30)
[2015.11.02-16.17.02:600][366]LogModuleManager: Shutting down and abandoning module Android_ASTCTargetPlatform (29)
[2015.11.02-16.17.02:600][366]LogModuleManager: Shutting down and abandoning module AndroidTargetPlatform (28)
[2015.11.02-16.17.02:600][366]LogModuleManager: Shutting down and abandoning module WindowsTargetPlatform (27)
[2015.11.02-16.17.02:600][366]LogModuleManager: Shutting down and abandoning module WindowsServerTargetPlatform (26)
[2015.11.02-16.17.02:600][366]LogModuleManager: Shutting down and abandoning module WindowsNoEditorTargetPlatform (25)
[2015.11.02-16.17.02:600][366]LogModuleManager: Shutting down and abandoning module WindowsClientTargetPlatform (24)
[2015.11.02-16.17.02:600][366]LogModuleManager: Shutting down and abandoning module AllDesktopTargetPlatform (23)
[2015.11.02-16.17.02:600][366]LogModuleManager: Shutting down and abandoning module TargetPlatform (22)
[2015.11.02-16.17.02:600][366]LogModuleManager: Shutting down and abandoning module InputCore (21)
[2015.11.02-16.17.02:600][366]LogModuleManager: Shutting down and abandoning module Settings (20)
[2015.11.02-16.17.02:600][366]LogModuleManager: Shutting down and abandoning module OnlineSubsystem (18)
[2015.11.02-16.17.02:601][366]LogModuleManager: Shutting down and abandoning module HTTP (17)
[2015.11.02-16.17.04:605][366]LogModuleManager: Shutting down and abandoning module XMPP (16)
[2015.11.02-16.17.04:605][366]LogModuleManager: Shutting down and abandoning module ExampleDeviceProfileSelector (15)
[2015.11.02-16.17.04:605][366]LogModuleManager: Shutting down and abandoning module TextureCompressor (14)
[2015.11.02-16.17.04:605][366]LogModuleManager: Shutting down and abandoning module ShaderCore (13)
[2015.11.02-16.17.04:605][366]LogModuleManager: Shutting down and abandoning module Landscape (12)
[2015.11.02-16.17.04:605][366]LogModuleManager: Shutting down and abandoning module SlateRHIRenderer (11)
[2015.11.02-16.17.04:606][366]LogModuleManager: Shutting down and abandoning module OpenGLDrv (10)
[2015.11.02-16.17.04:606][366]LogModuleManager: Shutting down and abandoning module D3D11RHI (9)
[2015.11.02-16.17.04:606][366]LogModuleManager: Shutting down and abandoning module AnimGraphRuntime (8)
[2015.11.02-16.17.04:606][366]LogModuleManager: Shutting down and abandoning module Renderer (7)
[2015.11.02-16.17.04:606][366]LogModuleManager: Shutting down and abandoning module Engine (6)
[2015.11.02-16.17.04:606][366]LogModuleManager: Shutting down and abandoning module CoreUObject (5)
[2015.11.02-16.17.04:606][366]LogModuleManager: Shutting down and abandoning module NetworkFile (4)
[2015.11.02-16.17.04:606][366]LogModuleManager: Shutting down and abandoning module StreamingFile (3)
[2015.11.02-16.17.04:606][366]LogModuleManager: Shutting down and abandoning module SandboxFile (2)
[2015.11.02-16.17.04:606][366]LogModuleManager: Shutting down and abandoning module PakFile (1)
[2015.11.02-16.17.04:607][366]LogExit: Exiting.
[2015.11.02-16.17.04:608][366]Log file closed, 11/02/15 17:17:04
