[2015.11.06-08.22.40:094][  0]Log file open, 11/06/15 09:22:40
[2015.11.06-08.22.40:094][  0]LogInit:Display: Running engine for game: BOS
[2015.11.06-08.22.40:094][  0]LogInit:Display: RandInit(-1566250819) SRandInit(-1566250819).
[2015.11.06-08.22.40:094][  0]LogTaskGraph: Started task graph with 4 named threads and 7 total threads.
[2015.11.06-08.22.40:094][  0]LogStats: Stats thread started at 0.073020
[2015.11.06-08.22.40:094][  0]LogInit: Version: 4.9.2-2707645+++depot+UE4-Releases+4.9
[2015.11.06-08.22.40:094][  0]LogInit: API Version: 2672455
[2015.11.06-08.22.40:094][  0]LogInit: Compiled (64-bit): Sep 28 2015 10:25:44
[2015.11.06-08.22.40:094][  0]LogInit: Compiled with Visual C++: 18.00.21005.01
[2015.11.06-08.22.40:094][  0]LogInit: Build Configuration: Development
[2015.11.06-08.22.40:094][  0]LogInit: Branch Name: ++depot+UE4-Releases+4.9
[2015.11.06-08.22.40:094][  0]LogInit: Command line:  
[2015.11.06-08.22.40:094][  0]LogInit: Base directory: C:/Program Files/Epic Games/4.9/Engine/Binaries/Win64/
[2015.11.06-08.22.40:094][  0]LogInit: Rocket: 1
[2015.11.06-08.22.40:101][  0]LogInit: Using libcurl 7.41.0
[2015.11.06-08.22.40:101][  0]LogInit:  - built for x86_64-pc-win32
[2015.11.06-08.22.40:101][  0]LogInit:  - supports SSL with WinSSL
[2015.11.06-08.22.40:101][  0]LogInit:  - other features:
[2015.11.06-08.22.40:101][  0]LogInit:      CURL_VERSION_SSL
[2015.11.06-08.22.40:101][  0]LogInit:      CURL_VERSION_IPV6
[2015.11.06-08.22.40:101][  0]LogInit:      CURL_VERSION_ASYNCHDNS
[2015.11.06-08.22.40:101][  0]LogInit:      CURL_VERSION_LARGEFILE
[2015.11.06-08.22.40:101][  0]LogInit:      CURL_VERSION_IDN
[2015.11.06-08.22.40:101][  0]LogInit:  CurlRequestOptions (configurable via config and command line):
[2015.11.06-08.22.40:101][  0]LogInit:  - bVerifyPeer = true  - Libcurl will verify peer certificate
[2015.11.06-08.22.40:101][  0]LogInit:  - bUseHttpProxy = false  - Libcurl will NOT use HTTP proxy
[2015.11.06-08.22.40:101][  0]LogInit:  - bDontReuseConnections = false  - Libcurl will reuse connections
[2015.11.06-08.22.40:101][  0]LogInit:  - CertBundlePath = nullptr  - Libcurl will use whatever was configured at build time.
[2015.11.06-08.22.40:106][  0]LogInit: Presizing for 0 objects not considered by GC, pre-allocating 0 bytes.
[2015.11.06-08.22.40:111][  0]LogInit: Object subsystem initialized
[2015.11.06-08.22.40:113][  0]LogInit: Selected Device Profile: [Windows]
[2015.11.06-08.22.40:113][  0]LogInit: Applying CVar settings loaded from the selected device profile: [Windows]
[2015.11.06-08.22.40:120][  0]LogInit: Computer: SpellabbA332-06
[2015.11.06-08.22.40:120][  0]LogInit: User: Spellabbet
[2015.11.06-08.22.40:120][  0]LogInit: CPU Page size=4096, Cores=4
[2015.11.06-08.22.40:120][  0]LogInit: High frequency timer resolution =3.507517 MHz
[2015.11.06-08.22.40:120][  0]LogMemory: Memory total: Physical=15.9GB (16GB approx)
[2015.11.06-08.22.40:120][  0]LogMemory: Platform Memory Stats for Windows
[2015.11.06-08.22.40:120][  0]LogMemory: Process Physical Memory: 52.48 MB used, 52.48 MB peak
[2015.11.06-08.22.40:120][  0]LogMemory: Process Virtual Memory: 55.98 MB used, 55.98 MB peak
[2015.11.06-08.22.40:120][  0]LogMemory: Physical Memory: 5825.00 MB used, 16318.82 MB total
[2015.11.06-08.22.40:120][  0]LogMemory: Virtual Memory: 348.31 MB used, 134217728.00 MB total
[2015.11.06-08.22.40:147][  0]LogTextLocalizationManager: No translations for ('sv-SE') exist, falling back to 'en' for localization and internationalization data.
[2015.11.06-08.22.40:757][  0]LogD3D11RHI: Found D3D11 adapter 0: NVIDIA GeForce GTX 960 (Feature Level 11_0)
[2015.11.06-08.22.40:757][  0]LogD3D11RHI: Adapter has 1965MB of dedicated video memory, 0MB of dedicated system memory, and 2048MB of shared system memory, 1 output[s]
[2015.11.06-08.22.40:758][  0]LogD3D11RHI: Found D3D11 adapter 1: Microsoft Basic Render Driver (Feature Level 11_0)
[2015.11.06-08.22.40:758][  0]LogD3D11RHI: Adapter has 0MB of dedicated video memory, 0MB of dedicated system memory, and 256MB of shared system memory, 0 output[s]
[2015.11.06-08.22.40:758][  0]LogD3D11RHI: Chosen D3D11 Adapter Id = 0
[2015.11.06-08.22.40:761][  0]LogD3D11RHI: !Direct3DDevice
[2015.11.06-08.22.40:761][  0]LogRHI: Texture pool is 1361 MB (70% of 1945 MB)
[2015.11.06-08.22.40:770][  0]LogD3D11RHI: Async texture creation enabled
[2015.11.06-08.22.40:785][  0]LogShaderCompilers: Guid format shader working directory is 15 characters bigger than the processId version (../../../../../../Users/Spellabbet/Documents/GitHub/Balls-of-steel/BOS/Intermediate/Shaders/WorkingDirectory/6528/).
[2015.11.06-08.22.40:785][  0]LogShaderCompilers: Cleaned the shader compiler working directory '../../../../../../Users/Spellabbet/Documents/GitHub/Balls-of-steel/BOS/Intermediate/Shaders/tmp/1AEAD407458EA264DA4371873E424BEE/'.
[2015.11.06-08.22.40:785][  0]LogShaderCompilers:Display: Using Local Shader Compiler.
[2015.11.06-08.22.41:689][  0]LogTemp:Display: Loaded TP AllDesktopTargetPlatform
[2015.11.06-08.22.41:693][  0]LogTemp:Display: Loaded TP WindowsClientTargetPlatform
[2015.11.06-08.22.41:698][  0]LogTemp:Display: Loaded TP WindowsNoEditorTargetPlatform
[2015.11.06-08.22.41:701][  0]LogTemp:Display: Loaded TP WindowsServerTargetPlatform
[2015.11.06-08.22.41:705][  0]LogTemp:Display: Loaded TP WindowsTargetPlatform
[2015.11.06-08.22.41:708][  0]LogTemp:Display: Loaded TP AndroidTargetPlatform
[2015.11.06-08.22.41:710][  0]LogTemp:Display: Loaded TP Android_ASTCTargetPlatform
[2015.11.06-08.22.41:713][  0]LogTemp:Display: Loaded TP Android_ATCTargetPlatform
[2015.11.06-08.22.41:715][  0]LogTemp:Display: Loaded TP Android_DXTTargetPlatform
[2015.11.06-08.22.41:718][  0]LogTemp:Display: Loaded TP Android_ETC1TargetPlatform
[2015.11.06-08.22.41:721][  0]LogTemp:Display: Loaded TP Android_ETC2TargetPlatform
[2015.11.06-08.22.41:723][  0]LogTemp:Display: Loaded TP Android_PVRTCTargetPlatform
[2015.11.06-08.22.41:724][  0]LogTemp:Display: Loaded TP HTML5TargetPlatform
[2015.11.06-08.22.41:740][  0]LogTemp:Display: Loaded TP IOSTargetPlatform
[2015.11.06-08.22.41:742][  0]LogTemp:Display: Loaded TP LinuxNoEditorTargetPlatform
[2015.11.06-08.22.41:745][  0]LogTemp:Display: Loaded TP LinuxServerTargetPlatform
[2015.11.06-08.22.41:747][  0]LogTemp:Display: Loaded TP LinuxTargetPlatform
[2015.11.06-08.22.41:747][  0]LogTargetPlatformManager:Display: Building Assets For Windows
[2015.11.06-08.22.41:809][  0]LogDerivedDataCache:Display: Max Cache Size: 512 MB
[2015.11.06-08.22.41:847][  0]LogDerivedDataCache: Loaded boot cache 0.04s 46MB C:/Users/Spellabbet/AppData/Local/UnrealEngine/4.9/DerivedDataCache/Boot.ddc.
[2015.11.06-08.22.41:847][  0]LogDerivedDataCache:Display: Loaded Boot cache: C:/Users/Spellabbet/AppData/Local/UnrealEngine/4.9/DerivedDataCache/Boot.ddc
[2015.11.06-08.22.41:847][  0]LogDerivedDataCache: FDerivedDataBackendGraph:  Pak pak cache file ../../../../../../Users/Spellabbet/Documents/GitHub/Balls-of-steel/BOS/DerivedDataCache/DDC.ddp not found, will not use a pak cache.
[2015.11.06-08.22.41:847][  0]LogDerivedDataCache: Unable to find inner node Pak for hierarchical cache Hierarchy.
[2015.11.06-08.22.41:847][  0]LogDerivedDataCache: FDerivedDataBackendGraph:  CompressedPak pak cache file ../../../../../../Users/Spellabbet/Documents/GitHub/Balls-of-steel/BOS/DerivedDataCache/Compressed.ddp not found, will not use a pak cache.
[2015.11.06-08.22.41:847][  0]LogDerivedDataCache: Unable to find inner node CompressedPak for hierarchical cache Hierarchy.
[2015.11.06-08.22.41:958][  0]LogDerivedDataCache:Display: Pak cache opened for reading ../../../Engine/DerivedDataCache/Compressed.ddp.
[2015.11.06-08.22.41:970][  0]LogDerivedDataCache: Using Local data cache path C:/Users/Spellabbet/AppData/Local/UnrealEngine/Common/DerivedDataCache: Writable
[2015.11.06-08.22.42:103][  0]LogInit: Selected Device Profile: [Windows]
[2015.11.06-08.22.42:105][  0]LogContentStreaming: Texture pool size is 0.000000MB
[2015.11.06-08.22.42:202][  0]LogMeshUtilities: No automatic mesh reduction module available
[2015.11.06-08.22.42:202][  0]LogMeshUtilities: No automatic mesh merging module available
[2015.11.06-08.22.42:378][  0]LogInit: WinSock: version 1.1 (2.2), MaxSocks=32767, MaxUdp=65467
[2015.11.06-08.22.42:902][  0]UdpMessaging: Initializing bridge on interface 0.0.0.0:0 to multicast group 230.0.0.1:6666.
[2015.11.06-08.22.42:966][  0]LogLinker:Warning: Asset '../../../../../../Users/Spellabbet/Documents/GitHub/Balls-of-steel/BOS/Content/Rolling/Meshes/BallMesh.uasset' has been saved with empty engine version. The asset will be loaded but may be incompatible.
[2015.11.06-08.22.42:966][  0]LogLinker:Warning: Asset '../../../../../../Users/Spellabbet/Documents/GitHub/Balls-of-steel/BOS/Content/Rolling/Materials/M_Blue_Checker.uasset' has been saved with empty engine version. The asset will be loaded but may be incompatible.
[2015.11.06-08.22.42:967][  0]LogLinker:Warning: Asset '../../../../../../Users/Spellabbet/Documents/GitHub/Balls-of-steel/BOS/Content/Rolling/Materials/PM_Ball.uasset' has been saved with empty engine version. The asset will be loaded but may be incompatible.
[2015.11.06-08.22.43:077][  0]LogAssetRegistry: FAssetRegistry took 0.0110 seconds to start up
[2015.11.06-08.22.43:218][  0]SourceControl: Info Source control is disabled
[2015.11.06-08.22.43:224][  0]SourceControl: Info Source control is disabled
[2015.11.06-08.22.43:231][  0]SourceControl: Info Source control is disabled
[2015.11.06-08.22.43:238][  0]SourceControl: Info Source control is disabled
[2015.11.06-08.22.43:349][  0]LogLinker:Warning: Asset '../../../Engine/Plugins/Runtime/LeapMotionController/Content/LM_PassthroughMaterial.uasset' has been saved with empty engine version. The asset will be loaded but may be incompatible.
[2015.11.06-08.22.43:402][  0]LogObj: 29662 objects as part of root set at end of initial load.
[2015.11.06-08.22.43:402][  0]LogUObjectAllocator: 6510536 out of 0 bytes used by permanent object pool.
[2015.11.06-08.22.43:449][  0]LogEngine: Initializing Engine...
[2015.11.06-08.22.43:450][  0]LogHMD: Can't find Oculus library dev build: is proper Runtime installed? Version: 0.7.0.0
[2015.11.06-08.22.43:451][  0]LogHMD: SteamVR failed to initialize.  Err: 110
[2015.11.06-08.22.43:556][  0]LogAIModule: Creating AISystem for world NewWorld
[2015.11.06-08.22.43:560][  0]LogInit: XAudio2 using 'Speakers (4- High Definition Audio Device)' : 2 channels at 44.1 kHz using 16 bits per sample (channel mask 0x3)
[2015.11.06-08.22.43:570][  0]LogInit: FAudioDevice initialized.
[2015.11.06-08.22.43:589][  0]LogDerivedDataCache: Saved boot cache 0.02s 46MB C:/Users/Spellabbet/AppData/Local/UnrealEngine/4.9/DerivedDataCache/Boot.ddc.
[2015.11.06-08.22.43:594][  0]LogInit: Texture streaming: Enabled
[2015.11.06-08.22.43:599][  0]LogAnalytics: Creating configured Analytics provider AnalyticsET
[2015.11.06-08.22.43:599][  0]LogAnalytics: [UEEditor.Rocket.Release] APIServer = http://et2.epicgames.com/ET2/. AppVersion = 4.9.2-2707645+++depot+UE4-Releases+4.9
[2015.11.06-08.22.43:599][  0]LogAnalytics: [UEEditor.Rocket.Release] SetUserId 45933c9447afbf6f1ab999917f6accd0|8471e16762be488588a110ad13c08bd6|060e5e79-a789-49c4-8abd-5d8b330400a7
[2015.11.06-08.22.43:599][  0]LogAnalytics: [UEEditor.Rocket.Release] AnalyticsET::StartSession
[2015.11.06-08.22.43:615][  0]LogInit: Transaction tracking system initialized
[2015.11.06-08.22.43:635][  0]BlueprintLog: New page: Editor Load
[2015.11.06-08.22.43:697][  0]LocalizationService: Info Localization service is disabled
[2015.11.06-08.22.43:751][  0]LogConsoleResponse:Display: 
[2015.11.06-08.22.43:836][  0]LogCook:Display: Done creating registry. It took  0.00s.
[2015.11.06-08.22.43:875][  0]LogFileCache: Scanning file cache for directory 'C:/Users/Spellabbet/Documents/GitHub/Balls-of-steel/BOS/Content/' took 0.01s
[2015.11.06-08.22.43:875][  0]SourceControl: Info Source control is disabled
[2015.11.06-08.23.19:968][  0]LogWindowsTextInputMethodSystem:Display: IME system now deactivated.
[2015.11.06-08.23.19:973][  0]LogWindowsTextInputMethodSystem:Display: IME system now deactivated.
[2015.11.06-08.23.19:974][  0]Cmd: MAP LOAD FILE="../../../../../../Users/Spellabbet/Documents/GitHub/Balls-of-steel/BOS/Content/RollingCPP/Maps/MainMenu.umap" TEMPLATE=0 SHOWPROGRESS=1 FEATURELEVEL=3
[2015.11.06-08.23.19:975][  0]LightingResults: New page: Lighting Build
[2015.11.06-08.23.19:978][  0]MapCheck: New page: Map Check
[2015.11.06-08.23.19:978][  0]LightingResults: New page: Lighting Build
[2015.11.06-08.23.19:994][  0]LogParticles: Destroying 0 GPU particle simulations for FXSystem 0x000000EC2F5D4400
[2015.11.06-08.23.20:101][  0]LogAIModule: Creating AISystem for world MainMenu
[2015.11.06-08.23.20:111][  0]LogEditorServer: Finished looking for orphan Actors (0.000 secs)
[2015.11.06-08.23.20:111][  0]Cmd: MAP CHECKDEP NOCLEARLOG
[2015.11.06-08.23.20:149][  0]MapCheck: Info Map check complete: 0 Error(s), 0 Warning(s), took 37.306ms to complete.
[2015.11.06-08.23.20:149][  0]LogFileHelpers: Loading map 'MainMenu' took 0.175
[2015.11.06-08.23.20:151][  0]LogWindowsTextInputMethodSystem:Display: IME system now deactivated.
[2015.11.06-08.23.20:190][  0]LogCollectionManager: Loaded 0 collections in 0.001442 seconds
[2015.11.06-08.23.20:230][  0]LogFileCache: Scanning file cache for directory 'C:/Users/Spellabbet/Documents/GitHub/Balls-of-steel/BOS/Saved/Collections/' took 0.01s
[2015.11.06-08.23.20:230][  0]LogFileCache: Scanning file cache for directory 'C:/Users/Spellabbet/Documents/GitHub/Balls-of-steel/BOS/Content/Developers/Spellabbet/Collections/' took 0.01s
[2015.11.06-08.23.20:230][  0]LogFileCache: Scanning file cache for directory 'C:/Users/Spellabbet/Documents/GitHub/Balls-of-steel/BOS/Content/Collections/' took 0.01s
[2015.11.06-08.23.20:230][  0]LogContentBrowser: Native class hierarchy populated in 0.0061 seconds. Added 1875 classes and 335 folders.
[2015.11.06-08.23.20:234][  0]LogCollectionManager: Rebuilt the GUID cache for 0 collections in 0.000002 seconds
[2015.11.06-08.23.20:240][  0]LogContentBrowser: Native class hierarchy updated for 'WidgetCarousel' in 0.0009 seconds. Added 0 classes and 0 folders.
[2015.11.06-08.23.20:268][  0]LogContentBrowser: Native class hierarchy updated for 'AddContentDialog' in 0.0009 seconds. Added 0 classes and 0 folders.
[2015.11.06-08.23.20:275][  0]LogContentBrowser: Native class hierarchy updated for 'SceneOutliner' in 0.0009 seconds. Added 1 classes and 2 folders.
[2015.11.06-08.23.20:312][  0]LogCrashTracker: Crashtracker disabled due to settings.
[2015.11.06-08.23.20:316][  0]LogUObjectGlobals:Warning: Failed to find object 'Class None.'
[2015.11.06-08.23.20:339][  0]LogStats:Warning: MetaData mismatch. Did you assign a stat to two groups? New //STATGROUP_Threads//SplashScreenThread///Thread_16ac_0///####STATCAT_Advanced#### old //STATGROUP_Threads//SplashScreenThread///Thread_1958_0///####STATCAT_Advanced####
[2015.11.06-08.23.20:339][  0]LogLoad: Full Startup: 40.91 seconds (BP compile: 0.04 seconds)
[2015.11.06-08.23.20:378][  0]LogContentStreaming: Texture pool size now 1000 MB
[2015.11.06-08.23.20:482][  0]LogRenderer: Reallocating scene render targets to support 1208x556 (Frame:2).
[2015.11.06-08.23.20:587][  2]LogAssetRegistry: Asset discovery search completed in 37.5217 seconds
[2015.11.06-08.23.20:587][  2]LogCollectionManager: Rebuilt the object cache for 0 collections in 0.000001 seconds (found 0 objects)
[2015.11.06-08.23.20:587][  2]LogCollectionManager: Fixed up redirectors for 0 collections in 0.000024 seconds (updated 0 objects)
[2015.11.06-08.37.39:597][764]LogAIModule: Creating AISystem for world Map1
[2015.11.06-08.37.39:625][764]Cmd: MAP LOAD FILE="../../../../../../Users/Spellabbet/Documents/GitHub/Balls-of-steel/BOS/Content/RollingCPP/Maps/Map1.umap" TEMPLATE=0 SHOWPROGRESS=1 FEATURELEVEL=3
[2015.11.06-08.37.39:625][764]LightingResults: New page: Lighting Build
[2015.11.06-08.37.39:638][764]LoadErrors: New page: Loading map: Map1.umap
[2015.11.06-08.37.39:639][764]MapCheck: New page: Map Check
[2015.11.06-08.37.39:639][764]LightingResults: New page: Lighting Build
[2015.11.06-08.37.39:648][764]LogParticles: Destroying 0 GPU particle simulations for FXSystem 0x000000EC1C35F560
[2015.11.06-08.37.39:684][764]LogEditorServer: Finished looking for orphan Actors (0.000 secs)
[2015.11.06-08.37.39:723][764]Cmd: MAP CHECKDEP NOCLEARLOG
[2015.11.06-08.37.39:757][764]MapCheck: Info Map check complete: 0 Error(s), 0 Warning(s), took 34.226ms to complete.
[2015.11.06-08.37.39:757][764]LogFileHelpers: Loading map 'Map1' took 0.134
[2015.11.06-08.40.37:063][842]Recompiling BOS...
[2015.11.06-08.40.37:063][842]Launching UnrealBuildTool... [C:/Program Files/Epic Games/4.9/Engine/Binaries/DotNET/UnrealBuildTool.exe BOS -ModuleWithSuffix BOS 8257 Win64 Development -editorrecompile -canskiplink "C:/Users/Spellabbet/Documents/GitHub/Balls-of-steel/BOS/BOS.uproject" -rocket  -rocket]
[2015.11.06-08.40.37:064][842]Warning: Starting HotReload took  0.0s.
[2015.11.06-08.40.44:291][688]CompilerResultsLog: New page: Compilation - Nov 6, 2015, 10:40:44 AM
[2015.11.06-08.40.44:291][688]CompilerResultsLog: Info Compiling game modules for hot reload
[2015.11.06-08.40.44:291][688]CompilerResultsLog: Info Parsing headers for BOSEditor
[2015.11.06-08.40.44:291][688]CompilerResultsLog: Info   Running UnrealHeaderTool "C:/Users/Spellabbet/Documents/GitHub/Balls-of-steel/BOS/BOS.uproject" "C:\Users\Spellabbet\Documents\GitHub\Balls-of-steel\BOS\Intermediate\Build\Win64\BOSEditor\Development\UnrealHeaderTool.manifest" -LogCmds="loginit warning, logexit warning, logdatabase error" -rocket -installed
[2015.11.06-08.40.44:291][688]CompilerResultsLog:Error: Error C:/Users/Spellabbet/Documents/GitHub/Balls-of-steel/BOS/Source/BOS/BOSBall.h(69)  : Unrecognized type 'int' - type must be a UCLASS, USTRUCT or UENUM
[2015.11.06-08.40.44:291][688]CompilerResultsLog:Error: Error Error: Failed to generate code for BOSEditor - error code: OtherCompilationError (5) 
[2015.11.06-08.40.44:291][688]CompilerResultsLog: Info UnrealHeaderTool failed for target 'BOSEditor' (platform: Win64, module info: C:\Users\Spellabbet\Documents\GitHub\Balls-of-steel\BOS\Intermediate\Build\Win64\BOSEditor\Development\UnrealHeaderTool.manifest).
[2015.11.06-08.40.44:291][688]LogMainFrame: MainFrame: Module compiling took 7.231 seconds
[2015.11.06-08.40.44:291][688]Warning: HotReload failed, recompile failed
[2015.11.06-08.41.49:514][606]Recompiling BOS...
[2015.11.06-08.41.49:514][606]Launching UnrealBuildTool... [C:/Program Files/Epic Games/4.9/Engine/Binaries/DotNET/UnrealBuildTool.exe BOS -ModuleWithSuffix BOS 3196 Win64 Development -editorrecompile -canskiplink "C:/Users/Spellabbet/Documents/GitHub/Balls-of-steel/BOS/BOS.uproject" -rocket  -rocket]
[2015.11.06-08.41.49:515][606]Warning: Starting HotReload took  0.0s.
[2015.11.06-08.42.28:080][188]CompilerResultsLog: New page: Compilation - Nov 6, 2015, 10:42:28 AM
[2015.11.06-08.42.28:081][188]CompilerResultsLog: Info Compiling game modules for hot reload
[2015.11.06-08.42.28:081][188]CompilerResultsLog: Info Parsing headers for BOSEditor
[2015.11.06-08.42.28:081][188]CompilerResultsLog: Info   Running UnrealHeaderTool "C:/Users/Spellabbet/Documents/GitHub/Balls-of-steel/BOS/BOS.uproject" "C:\Users\Spellabbet\Documents\GitHub\Balls-of-steel\BOS\Intermediate\Build\Win64\BOSEditor\Development\UnrealHeaderTool.manifest" -LogCmds="loginit warning, logexit warning, logdatabase error" -rocket -installed
[2015.11.06-08.42.28:081][188]CompilerResultsLog: Info Reflection code generated for BOSEditor in 7,9300801 seconds
[2015.11.06-08.42.28:081][188]CompilerResultsLog: Info Performing 6 actions (4 in parallel)
[2015.11.06-08.42.28:081][188]CompilerResultsLog: Info BOSGameMode.cpp
[2015.11.06-08.42.28:081][188]CompilerResultsLog: Info BallController.cpp
[2015.11.06-08.42.28:081][188]CompilerResultsLog: Info BOSBall.cpp
[2015.11.06-08.42.28:081][188]CompilerResultsLog: Info BasicProjectile.cpp
[2015.11.06-08.42.28:081][188]CompilerResultsLog: Info BOS.generated.cpp
[2015.11.06-08.42.28:081][188]CompilerResultsLog: Info [6/6] Link UE4Editor-BOS-3196.dll
[2015.11.06-08.42.28:081][188]CompilerResultsLog: Info    Creating library C:\Users\Spellabbet\Documents\GitHub\Balls-of-steel\BOS\Intermediate/Build/Win64\UE4Editor\Development\UE4Editor-BOS-3196.lib and object C:\Users\Spellabbet\Documents\GitHub\Balls-of-steel\BOS\Intermediate/Build/Win64\UE4Editor\Development\UE4Editor-BOS-3196.exp
[2015.11.06-08.42.28:081][188]CompilerResultsLog:Error: Error BOS.generated.cpp.obj : error LNK2019: unresolved external symbol "public: bool __cdecl ABOSBall::Damage_Validate(unsigned int)" (?Damage_Validate@ABOSBall@@QEAA_NI@Z) referenced in function "public: void __cdecl ABOSBall::execDamage(struct FFrame &,void * const)" (?execDamage@ABOSBall@@QEAAXAEAUFFrame@@QEAX@Z)
[2015.11.06-08.42.28:081][188]CompilerResultsLog:Error: Error C:\Users\Spellabbet\Documents\GitHub\Balls-of-steel\BOS\Binaries\Win64\UE4Editor-BOS-3196.dll : fatal error LNK1120: 1 unresolved externals
[2015.11.06-08.42.28:081][188]CompilerResultsLog: Info -------- End Detailed Actions Stats -----------------------------------------------------------
[2015.11.06-08.42.28:081][188]CompilerResultsLog: Info ERROR: UBT ERROR: Failed to produce item: C:\Users\Spellabbet\Documents\GitHub\Balls-of-steel\BOS\Binaries\Win64\UE4Editor-BOS-3196.dll
[2015.11.06-08.42.28:081][188]CompilerResultsLog: Info Total build time: 38,54 seconds
[2015.11.06-08.42.28:081][188]LogMainFrame: MainFrame: Module compiling took 38.570 seconds
[2015.11.06-08.42.28:081][188]Warning: HotReload failed, recompile failed
[2015.11.06-08.43.29:389][571]Recompiling BOS...
[2015.11.06-08.43.29:389][571]Launching UnrealBuildTool... [C:/Program Files/Epic Games/4.9/Engine/Binaries/DotNET/UnrealBuildTool.exe BOS -ModuleWithSuffix BOS 8490 Win64 Development -editorrecompile -canskiplink "C:/Users/Spellabbet/Documents/GitHub/Balls-of-steel/BOS/BOS.uproject" -rocket  -rocket]
[2015.11.06-08.43.29:390][571]Warning: Starting HotReload took  0.0s.
[2015.11.06-08.43.51:007][191]CompilerResultsLog: New page: Compilation - Nov 6, 2015, 10:43:51 AM
[2015.11.06-08.43.51:007][191]CompilerResultsLog: Info Compiling game modules for hot reload
[2015.11.06-08.43.51:007][191]CompilerResultsLog: Info Performing 2 actions (4 in parallel)
[2015.11.06-08.43.51:007][191]CompilerResultsLog: Info BOSBall.cpp
[2015.11.06-08.43.51:007][191]CompilerResultsLog: Info [2/2] Link UE4Editor-BOS-8490.dll
[2015.11.06-08.43.51:007][191]CompilerResultsLog: Info    Creating library C:\Users\Spellabbet\Documents\GitHub\Balls-of-steel\BOS\Intermediate/Build/Win64\UE4Editor\Development\UE4Editor-BOS-8490.lib and object C:\Users\Spellabbet\Documents\GitHub\Balls-of-steel\BOS\Intermediate/Build/Win64\UE4Editor\Development\UE4Editor-BOS-8490.exp
[2015.11.06-08.43.51:007][191]CompilerResultsLog: Info -------- End Detailed Actions Stats -----------------------------------------------------------
[2015.11.06-08.43.51:007][191]CompilerResultsLog: Info Total build time: 21,36 seconds
[2015.11.06-08.43.51:007][191]LogMainFrame: MainFrame: Module compiling took 21.621 seconds
[2015.11.06-08.43.51:115][191]LogClass: Could not find existing class BOSBall in package /Script/BOS for HotReload, assuming new class
[2015.11.06-08.43.51:115][191]LogClass: Function Add_Impulse is new.
[2015.11.06-08.43.51:115][191]LogClass: Function Add_PitchCamera is new.
[2015.11.06-08.43.51:115][191]LogClass: Function Add_Torque is new.
[2015.11.06-08.43.51:115][191]LogClass: Function Add_YawCamera is new.
[2015.11.06-08.43.51:115][191]LogClass: Function Damage is new.
[2015.11.06-08.43.51:115][191]LogClass: Function HandleDeath is new.
[2015.11.06-08.43.51:115][191]LogClass: Function Server_Fire is new.
[2015.11.06-08.43.51:115][191]LogClass: Function SetProjectile_1 is new.
[2015.11.06-08.43.51:115][191]LogClass: Function SetProjectile_2 is new.
[2015.11.06-08.43.51:120][191]LogHotReload: Re-instancing BOSBall after hot-reload.
[2015.11.06-08.43.51:172][191]LogContentBrowser: Native class hierarchy updated for 'BOS' in 0.0010 seconds. Added 8 classes and 2 folders.
[2015.11.06-08.43.51:174][191]Warning: HotReload successful (1 functions remapped  0 scriptstructs remapped)
[2015.11.06-08.43.51:235][191]LogContentBrowser: Native class hierarchy populated in 0.0070 seconds. Added 1876 classes and 337 folders.
[2015.11.06-08.43.54:252][421]LogBlueprintUserMessages: Early PlayInEditor Detection: Level '/Game/RollingCPP/Maps/Map1.Map1:PersistentLevel' has LevelScriptBlueprint '/Game/RollingCPP/Maps/Map1.Map1:PersistentLevel.Map1' with GeneratedClass '/Game/RollingCPP/Maps/Map1.Map1_C' with ClassGeneratedBy '/Game/RollingCPP/Maps/Map1.Map1:PersistentLevel.Map1'
[2015.11.06-08.43.54:252][421]LogPlayLevel: PlayLevel: No blueprints needed recompiling
[2015.11.06-08.43.54:253][421]PIE: New page: PIE session: Map1 (Nov 6, 2015, 10:43:54 AM)
[2015.11.06-08.43.54:253][421]LogPlayLevel: Creating play world package: /Game/RollingCPP/Maps/UEDPIE_1_Map1
[2015.11.06-08.43.54:279][421]LogPlayLevel: PIE: StaticDuplicateObject took: (0.025853s)
[2015.11.06-08.43.54:281][421]LogAIModule: Creating AISystem for world Map1
[2015.11.06-08.43.54:281][421]LogPlayLevel: PIE: World Init took: (0.001768s)
[2015.11.06-08.43.54:281][421]LogPlayLevel: PIE: Created PIE world by copying editor world from /Game/RollingCPP/Maps/Map1.Map1 to /Game/RollingCPP/Maps/UEDPIE_1_Map1.Map1 (0.028001s)
[2015.11.06-08.43.54:301][421]LogInit: XAudio2 using 'Speakers (4- High Definition Audio Device)' : 2 channels at 44.1 kHz using 16 bits per sample (channel mask 0x3)
[2015.11.06-08.43.54:306][421]LogInit: FAudioDevice initialized.
[2015.11.06-08.43.54:351][421]LogWorld: Game class is 'BOSGameMode'
[2015.11.06-08.43.54:360][421]LogWorld: Bringing World /Game/RollingCPP/Maps/UEDPIE_1_Map1.Map1 up for play (max tick rate 0) at 2015.11.06-09.43.54
[2015.11.06-08.43.54:361][421]LogActor:Warning: GameSession /Game/RollingCPP/Maps/UEDPIE_1_Map1.Map1:PersistentLevel.GameSession_0 has natively added scene component(s), but none of them were set as the actor's RootComponent - picking one arbitrarily
[2015.11.06-08.43.54:361][421]LogActor:Warning: GameNetworkManager /Game/RollingCPP/Maps/UEDPIE_1_Map1.Map1:PersistentLevel.GameNetworkManager_0 has natively added scene component(s), but none of them were set as the actor's RootComponent - picking one arbitrarily
[2015.11.06-08.43.54:361][421]LogWorld: Bringing up level for play took: 0.008858
[2015.11.06-08.43.54:362][421]LogInit: WinSock: Socket queue 131072 / 131072
[2015.11.06-08.43.54:363][421]LogInit: WinSock: I am SpellabbA332-06 (192.168.20.17:0)
[2015.11.06-08.43.54:363][421]LogNet: GameNetDriver IpNetDriver_0 IpNetDriver listening on port 7777
[2015.11.06-08.43.54:376][421]PIE: Info Play in editor start time for /Game/RollingCPP/Maps/UEDPIE_1_Map1 0.394
[2015.11.06-08.43.54:377][421]PIE: New page: PIE session: Map1 (Nov 6, 2015, 10:43:54 AM)
[2015.11.06-08.43.54:413][421]LogNet: Browse: 127.0.0.1//Game/RollingCPP/Maps/MainMenu
[2015.11.06-08.43.54:413][421]LogInit: WinSock: Socket queue 32768 / 32768
[2015.11.06-08.43.54:413][421]LogNet: Game client on port 7777, rate 10000
[2015.11.06-08.43.54:413][421]LogNet: GetLocalNetworkVersion: GEngineNetVersion: 2707645, ProjectName: bos, ProjectVersion: 1.0.0.0, InternalProtocolVersion: 9, LocalNetworkVersion: 1605316083
[2015.11.06-08.43.54:427][421]PIE: Info Play in editor start time for /Game/RollingCPP/Maps/MainMenu 0.444
[2015.11.06-08.43.54:428][421]PIE: New page: PIE session: Map1 (Nov 6, 2015, 10:43:54 AM)
[2015.11.06-08.43.54:460][421]LogNet: Browse: 127.0.0.1//Game/RollingCPP/Maps/MainMenu
[2015.11.06-08.43.54:460][421]LogInit: WinSock: Socket queue 32768 / 32768
[2015.11.06-08.43.54:461][421]LogNet: Game client on port 7777, rate 10000
[2015.11.06-08.43.54:461][421]LogNet: GetLocalNetworkVersion: GEngineNetVersion: 2707645, ProjectName: bos, ProjectVersion: 1.0.0.0, InternalProtocolVersion: 9, LocalNetworkVersion: 1605316083
[2015.11.06-08.43.54:475][421]PIE: Info Play in editor start time for /Game/RollingCPP/Maps/MainMenu 0.492
[2015.11.06-08.43.54:476][421]PIE: New page: PIE session: Map1 (Nov 6, 2015, 10:43:54 AM)
[2015.11.06-08.43.54:513][421]LogNet: Browse: 127.0.0.1//Game/RollingCPP/Maps/MainMenu
[2015.11.06-08.43.54:513][421]LogInit: WinSock: Socket queue 32768 / 32768
[2015.11.06-08.43.54:514][421]LogNet: Game client on port 7777, rate 10000
[2015.11.06-08.43.54:514][421]LogNet: GetLocalNetworkVersion: GEngineNetVersion: 2707645, ProjectName: bos, ProjectVersion: 1.0.0.0, InternalProtocolVersion: 9, LocalNetworkVersion: 1605316083
[2015.11.06-08.43.54:527][421]PIE: Info Play in editor start time for /Game/RollingCPP/Maps/MainMenu 0.545
[2015.11.06-08.43.54:528][421]LogBlueprintUserMessages: Late PlayInEditor Detection: Level '/Game/RollingCPP/Maps/Map1.Map1:PersistentLevel' has LevelScriptBlueprint '/Game/RollingCPP/Maps/Map1.Map1:PersistentLevel.Map1' with GeneratedClass '/Game/RollingCPP/Maps/Map1.Map1_C' with ClassGeneratedBy '/Game/RollingCPP/Maps/Map1.Map1:PersistentLevel.Map1'
[2015.11.06-08.43.54:529][421]LogNet: NotifyAcceptingConnection: Server Map1 accept
[2015.11.06-08.43.54:529][421]LogNet: Open Map1 11/06/15 09:43:54 127.0.0.1
[2015.11.06-08.43.54:529][421]LogNet: Added client connection.  Remote address = 127.0.0.1:64599
[2015.11.06-08.43.54:529][421]LogNet: NotifyAcceptingChannel Control 0 server World /Game/RollingCPP/Maps/UEDPIE_1_Map1.Map1: Accepted
[2015.11.06-08.43.54:529][421]LogNet: Remote platform little endian=1
[2015.11.06-08.43.54:529][421]LogNet: This platform little endian=1
[2015.11.06-08.43.54:529][421]LogNet: GetLocalNetworkVersion: GEngineNetVersion: 2707645, ProjectName: bos, ProjectVersion: 1.0.0.0, InternalProtocolVersion: 9, LocalNetworkVersion: 1605316083
[2015.11.06-08.43.54:529][421]LogNet: NotifyAcceptingConnection: Server Map1 accept
[2015.11.06-08.43.54:529][421]LogNet: Open Map1 11/06/15 09:43:54 127.0.0.1
[2015.11.06-08.43.54:529][421]LogNet: Added client connection.  Remote address = 127.0.0.1:64600
[2015.11.06-08.43.54:529][421]LogNet: NotifyAcceptingChannel Control 0 server World /Game/RollingCPP/Maps/UEDPIE_1_Map1.Map1: Accepted
[2015.11.06-08.43.54:529][421]LogNet: Remote platform little endian=1
[2015.11.06-08.43.54:529][421]LogNet: This platform little endian=1
[2015.11.06-08.43.54:529][421]LogNet: GetLocalNetworkVersion: GEngineNetVersion: 2707645, ProjectName: bos, ProjectVersion: 1.0.0.0, InternalProtocolVersion: 9, LocalNetworkVersion: 1605316083
[2015.11.06-08.43.54:529][421]LogNet: NotifyAcceptingConnection: Server Map1 accept
[2015.11.06-08.43.54:529][421]LogNet: Open Map1 11/06/15 09:43:54 127.0.0.1
[2015.11.06-08.43.54:529][421]LogNet: Added client connection.  Remote address = 127.0.0.1:64601
[2015.11.06-08.43.54:529][421]LogNet: NotifyAcceptingChannel Control 0 server World /Game/RollingCPP/Maps/UEDPIE_1_Map1.Map1: Accepted
[2015.11.06-08.43.54:529][421]LogNet: Remote platform little endian=1
[2015.11.06-08.43.54:529][421]LogNet: This platform little endian=1
[2015.11.06-08.43.54:529][421]LogNet: GetLocalNetworkVersion: GEngineNetVersion: 2707645, ProjectName: bos, ProjectVersion: 1.0.0.0, InternalProtocolVersion: 9, LocalNetworkVersion: 1605316083
[2015.11.06-08.43.54:545][422]LogNet: Login request: /Game/RollingCPP/Maps/MainMenu userId: Invalid
[2015.11.06-08.43.54:546][422]LogNet: Login request: /Game/RollingCPP/Maps/MainMenu userId: Invalid
[2015.11.06-08.43.54:546][422]LogNet: Login request: /Game/RollingCPP/Maps/MainMenu userId: Invalid
[2015.11.06-08.43.54:547][422]LogNet: Welcomed by server (Level: /Game/RollingCPP/Maps/UEDPIE_1_Map1, Game: /Script/BOS.BOSGameMode)
[2015.11.06-08.43.54:620][422]LogLoad: LoadMap: 127.0.0.1//Game/RollingCPP/Maps/UEDPIE_1_Map1?game=/Script/BOS.BOSGameMode
[2015.11.06-08.43.54:631][422]LogParticles: Destroying 0 GPU particle simulations for FXSystem 0x000000EC38176F20
[2015.11.06-08.43.54:633][422]Cmd: MEM
[2015.11.06-08.43.54:643][422]LogMemory: Platform Memory Stats for Windows
[2015.11.06-08.43.54:643][422]LogMemory: Process Physical Memory: 670.69 MB used, 670.69 MB peak
[2015.11.06-08.43.54:643][422]LogMemory: Process Virtual Memory: 1407.38 MB used, 1407.38 MB peak
[2015.11.06-08.43.54:643][422]LogMemory: Physical Memory: 5818.22 MB used, 16318.82 MB total
[2015.11.06-08.43.54:643][422]LogMemory: Virtual Memory: 2051.71 MB used, 134217728.00 MB total
[2015.11.06-08.43.54:643][422]LogMemory: 
[2015.11.06-08.43.54:643][422]Allocator Stats for TBB: (not implemented)
[2015.11.06-08.43.54:643][422]LogLinker: Can't find file for asset '/Game/RollingCPP/Maps/UEDPIE_1_Map1' while loading NULL.
[2015.11.06-08.43.54:667][422]LogWorld: PIE: Copying PIE streaming level from /Game/RollingCPP/Maps/Map1.Map1 to /Game/RollingCPP/Maps/UEDPIE_2_Map1.Map1. OwningWorld: None
[2015.11.06-08.43.54:668][422]LogAIModule: Creating AISystem for world Map1
[2015.11.06-08.43.54:677][422]LogWorld: Bringing World /Game/RollingCPP/Maps/UEDPIE_2_Map1.Map1 up for play (max tick rate 0) at 2015.11.06-09.43.54
[2015.11.06-08.43.54:677][422]LogWorld: Bringing up level for play took: 0.008194
[2015.11.06-08.43.54:678][422]LogNet: Welcomed by server (Level: /Game/RollingCPP/Maps/UEDPIE_1_Map1, Game: /Script/BOS.BOSGameMode)
[2015.11.06-08.43.54:704][422]LogLoad: LoadMap: 127.0.0.1//Game/RollingCPP/Maps/UEDPIE_1_Map1?game=/Script/BOS.BOSGameMode
[2015.11.06-08.43.54:714][422]LogParticles: Destroying 0 GPU particle simulations for FXSystem 0x000000EC38177060
[2015.11.06-08.43.54:715][422]Cmd: MEM
[2015.11.06-08.43.54:725][422]LogMemory: Platform Memory Stats for Windows
[2015.11.06-08.43.54:725][422]LogMemory: Process Physical Memory: 682.46 MB used, 701.03 MB peak
[2015.11.06-08.43.54:725][422]LogMemory: Process Virtual Memory: 1432.68 MB used, 1486.65 MB peak
[2015.11.06-08.43.54:725][422]LogMemory: Physical Memory: 5831.20 MB used, 16318.82 MB total
[2015.11.06-08.43.54:725][422]LogMemory: Virtual Memory: 2075.08 MB used, 134217728.00 MB total
[2015.11.06-08.43.54:725][422]LogMemory: 
[2015.11.06-08.43.54:725][422]Allocator Stats for TBB: (not implemented)
[2015.11.06-08.43.54:725][422]LogLinker: Can't find file for asset '/Game/RollingCPP/Maps/UEDPIE_1_Map1' while loading NULL.
[2015.11.06-08.43.54:747][422]LogWorld: PIE: Copying PIE streaming level from /Game/RollingCPP/Maps/Map1.Map1 to /Game/RollingCPP/Maps/UEDPIE_3_Map1.Map1. OwningWorld: None
[2015.11.06-08.43.54:748][422]LogAIModule: Creating AISystem for world Map1
[2015.11.06-08.43.54:757][422]LogWorld: Bringing World /Game/RollingCPP/Maps/UEDPIE_3_Map1.Map1 up for play (max tick rate 0) at 2015.11.06-09.43.54
[2015.11.06-08.43.54:758][422]LogWorld: Bringing up level for play took: 0.008908
[2015.11.06-08.43.54:758][422]LogNet: Welcomed by server (Level: /Game/RollingCPP/Maps/UEDPIE_1_Map1, Game: /Script/BOS.BOSGameMode)
[2015.11.06-08.43.54:787][422]LogLoad: LoadMap: 127.0.0.1//Game/RollingCPP/Maps/UEDPIE_1_Map1?game=/Script/BOS.BOSGameMode
[2015.11.06-08.43.54:795][422]LogParticles: Destroying 0 GPU particle simulations for FXSystem 0x000000EC60EEB9C0
[2015.11.06-08.43.54:796][422]Cmd: MEM
[2015.11.06-08.43.54:807][422]LogMemory: Platform Memory Stats for Windows
[2015.11.06-08.43.54:807][422]LogMemory: Process Physical Memory: 702.60 MB used, 712.80 MB peak
[2015.11.06-08.43.54:807][422]LogMemory: Process Virtual Memory: 1464.53 MB used, 1517.87 MB peak
[2015.11.06-08.43.54:807][422]LogMemory: Physical Memory: 5859.71 MB used, 16318.82 MB total
[2015.11.06-08.43.54:807][422]LogMemory: Virtual Memory: 2110.46 MB used, 134217728.00 MB total
[2015.11.06-08.43.54:807][422]LogMemory: 
[2015.11.06-08.43.54:807][422]Allocator Stats for TBB: (not implemented)
[2015.11.06-08.43.54:807][422]LogLinker: Can't find file for asset '/Game/RollingCPP/Maps/UEDPIE_1_Map1' while loading NULL.
[2015.11.06-08.43.54:828][422]LogWorld: PIE: Copying PIE streaming level from /Game/RollingCPP/Maps/Map1.Map1 to /Game/RollingCPP/Maps/UEDPIE_4_Map1.Map1. OwningWorld: None
[2015.11.06-08.43.54:829][422]LogAIModule: Creating AISystem for world Map1
[2015.11.06-08.43.54:840][422]LogWorld: Bringing World /Game/RollingCPP/Maps/UEDPIE_4_Map1.Map1 up for play (max tick rate 0) at 2015.11.06-09.43.54
[2015.11.06-08.43.54:840][422]LogWorld: Bringing up level for play took: 0.010012
[2015.11.06-08.43.54:850][423]LogNet: Client netspeed is 10000
[2015.11.06-08.43.54:850][423]LogNet: Join request: /Game/RollingCPP/Maps/MainMenu?SplitscreenCount=1
[2015.11.06-08.43.54:852][423]LogNet: Join succeeded: 257
[2015.11.06-08.43.54:852][423]LogNet: Client netspeed is 10000
[2015.11.06-08.43.54:852][423]LogNet: Join request: /Game/RollingCPP/Maps/MainMenu?SplitscreenCount=1
[2015.11.06-08.43.54:853][423]LogSpawn:Warning: SpawnActor failed because of collision at the spawn location [X=847.205 Y=-1180.630 Z=220.000] for [BOSBall_BP_C]
[2015.11.06-08.43.54:853][423]LogSpawn:Warning: SpawnActor failed because the spawned actor IsPendingKill
[2015.11.06-08.43.54:853][423]LogGameMode:Warning: Couldn't spawn Pawn of type BOSBall_BP_C at BOSPlayerStart_32
[2015.11.06-08.43.54:853][423]LogNet: Join succeeded: 258
[2015.11.06-08.43.54:853][423]LogNet: Client netspeed is 10000
[2015.11.06-08.43.54:853][423]LogNet: Join request: /Game/RollingCPP/Maps/MainMenu?SplitscreenCount=1
[2015.11.06-08.43.54:854][423]LogSpawn:Warning: SpawnActor failed because of collision at the spawn location [X=847.205 Y=-1180.630 Z=220.000] for [BOSBall_BP_C]
[2015.11.06-08.43.54:854][423]LogSpawn:Warning: SpawnActor failed because the spawned actor IsPendingKill
[2015.11.06-08.43.54:854][423]LogGameMode:Warning: Couldn't spawn Pawn of type BOSBall_BP_C at BOSPlayerStart_32
[2015.11.06-08.43.54:854][423]LogNet: Join succeeded: 259
[2015.11.06-08.43.55:114][423]LogCrashTracker: 


[2015.11.06-08.43.55:114][423]LogCrashTracker: 


[2015.11.06-08.43.55:114][423]LogWindows: === Critical error: ===
Fatal error!



[2015.11.06-08.43.55:209][423]LogExit: Executing StaticShutdownAfterError
[2015.11.06-08.43.55:213][423]LogPhysics:Warning: PHYSX: ..\..\PhysX\src\NpScene.cpp (2946) 8 : PxScene::unlockWrite() called without matching call to PxScene::lockWrite(), behaviour will be undefined.
[2015.11.06-08.43.55:213][423]LogPhysics:Warning: PHYSX: ..\..\PhysX\src\NpScene.cpp (2946) 8 : PxScene::unlockWrite() called without matching call to PxScene::lockWrite(), behaviour will be undefined.
[2015.11.06-08.43.55:213][423]LogPhysics:Warning: PHYSX: ..\..\PhysX\src\NpScene.cpp (2946) 8 : PxScene::unlockWrite() called without matching call to PxScene::lockWrite(), behaviour will be undefined.
[2015.11.06-08.43.55:213][423]LogPhysics:Warning: PHYSX: ..\..\PhysX\src\NpScene.cpp (2946) 8 : PxScene::unlockWrite() called without matching call to PxScene::lockWrite(), behaviour will be undefined.
[2015.11.06-08.43.55:213][423]LogPhysics:Warning: PHYSX: ..\..\PhysX\src\NpScene.cpp (2946) 8 : PxScene::unlockWrite() called without matching call to PxScene::lockWrite(), behaviour will be undefined.
[2015.11.06-08.43.55:213][423]LogPhysics:Warning: PHYSX: ..\..\PhysX\src\NpScene.cpp (2946) 8 : PxScene::unlockWrite() called without matching call to PxScene::lockWrite(), behaviour will be undefined.
[2015.11.06-08.43.55:213][423]LogPhysics:Warning: PHYSX: ..\..\PhysX\src\NpScene.cpp (2946) 8 : PxScene::unlockWrite() called without matching call to PxScene::lockWrite(), behaviour will be undefined.
[2015.11.06-08.43.55:214][423]LogPhysics:Warning: PHYSX: ..\..\PhysX\src\NpScene.cpp (2946) 8 : PxScene::unlockWrite() called without matching call to PxScene::lockWrite(), behaviour will be undefined.
[2015.11.06-08.43.55:214][423]LogPhysics:Warning: PHYSX: ..\..\PhysX\src\NpScene.cpp (2946) 8 : PxScene::unlockWrite() called without matching call to PxScene::lockWrite(), behaviour will be undefined.
[2015.11.06-08.43.55:214][423]LogPhysics:Warning: PHYSX: ..\..\PhysX\src\NpScene.cpp (2946) 8 : PxScene::unlockWrite() called without matching call to PxScene::lockWrite(), behaviour will be undefined.
[2015.11.06-08.43.55:214][423]LogWindows: FPlatformMisc::RequestExit(1)
[2015.11.06-08.43.55:214][423]Log file closed, 11/06/15 09:43:55
