[2015.11.06-09.25.07:137][  0]Log file open, 11/06/15 10:25:07
[2015.11.06-09.25.07:137][  0]LogInit:Display: Running engine for game: BOS
[2015.11.06-09.25.07:137][  0]LogInit:Display: RandInit(1056329750) SRandInit(1056329750).
[2015.11.06-09.25.07:137][  0]LogTaskGraph: Started task graph with 4 named threads and 7 total threads.
[2015.11.06-09.25.07:137][  0]LogStats: Stats thread started at 0.115539
[2015.11.06-09.25.07:137][  0]LogInit: Version: 4.9.2-2707645+++depot+UE4-Releases+4.9
[2015.11.06-09.25.07:137][  0]LogInit: API Version: 2672455
[2015.11.06-09.25.07:137][  0]LogInit: Compiled (64-bit): Sep 28 2015 10:25:44
[2015.11.06-09.25.07:137][  0]LogInit: Compiled with Visual C++: 18.00.21005.01
[2015.11.06-09.25.07:137][  0]LogInit: Build Configuration: Development
[2015.11.06-09.25.07:137][  0]LogInit: Branch Name: ++depot+UE4-Releases+4.9
[2015.11.06-09.25.07:137][  0]LogInit: Command line:  
[2015.11.06-09.25.07:137][  0]LogInit: Base directory: C:/Program Files/Epic Games/4.9/Engine/Binaries/Win64/
[2015.11.06-09.25.07:137][  0]LogInit: Rocket: 1
[2015.11.06-09.25.07:159][  0]LogInit: Using libcurl 7.41.0
[2015.11.06-09.25.07:159][  0]LogInit:  - built for x86_64-pc-win32
[2015.11.06-09.25.07:159][  0]LogInit:  - supports SSL with WinSSL
[2015.11.06-09.25.07:159][  0]LogInit:  - other features:
[2015.11.06-09.25.07:159][  0]LogInit:      CURL_VERSION_SSL
[2015.11.06-09.25.07:159][  0]LogInit:      CURL_VERSION_IPV6
[2015.11.06-09.25.07:159][  0]LogInit:      CURL_VERSION_ASYNCHDNS
[2015.11.06-09.25.07:159][  0]LogInit:      CURL_VERSION_LARGEFILE
[2015.11.06-09.25.07:159][  0]LogInit:      CURL_VERSION_IDN
[2015.11.06-09.25.07:159][  0]LogInit:  CurlRequestOptions (configurable via config and command line):
[2015.11.06-09.25.07:159][  0]LogInit:  - bVerifyPeer = true  - Libcurl will verify peer certificate
[2015.11.06-09.25.07:159][  0]LogInit:  - bUseHttpProxy = false  - Libcurl will NOT use HTTP proxy
[2015.11.06-09.25.07:159][  0]LogInit:  - bDontReuseConnections = false  - Libcurl will reuse connections
[2015.11.06-09.25.07:159][  0]LogInit:  - CertBundlePath = nullptr  - Libcurl will use whatever was configured at build time.
[2015.11.06-09.25.07:174][  0]LogInit: Presizing for 0 objects not considered by GC, pre-allocating 0 bytes.
[2015.11.06-09.25.07:194][  0]LogInit: Object subsystem initialized
[2015.11.06-09.25.07:209][  0]LogInit: Selected Device Profile: [Windows]
[2015.11.06-09.25.07:209][  0]LogInit: Applying CVar settings loaded from the selected device profile: [Windows]
[2015.11.06-09.25.07:223][  0]LogInit: Computer: HENRIKLAP
[2015.11.06-09.25.07:223][  0]LogInit: User: Henrik
[2015.11.06-09.25.07:223][  0]LogInit: CPU Page size=4096, Cores=4
[2015.11.06-09.25.07:223][  0]LogInit: High frequency timer resolution =2.436851 MHz
[2015.11.06-09.25.07:223][  0]LogMemory: Memory total: Physical=7.4GB (8GB approx)
[2015.11.06-09.25.07:223][  0]LogMemory: Platform Memory Stats for Windows
[2015.11.06-09.25.07:223][  0]LogMemory: Process Physical Memory: 52.59 MB used, 52.59 MB peak
[2015.11.06-09.25.07:223][  0]LogMemory: Process Virtual Memory: 55.07 MB used, 55.07 MB peak
[2015.11.06-09.25.07:223][  0]LogMemory: Physical Memory: 2981.78 MB used, 7626.27 MB total
[2015.11.06-09.25.07:223][  0]LogMemory: Virtual Memory: 343.22 MB used, 134217728.00 MB total
[2015.11.06-09.25.07:262][  0]LogTextLocalizationManager: No translations for ('sv-SE') exist, falling back to 'en' for localization and internationalization data.
[2015.11.06-09.25.08:531][  0]LogD3D11RHI: Found D3D11 adapter 0: AMD Radeon HD 8650G + HD 8750M Dual Graphics (Feature Level 11_0)
[2015.11.06-09.25.08:531][  0]LogD3D11RHI: Adapter has 2525MB of dedicated video memory, 0MB of dedicated system memory, and 3584MB of shared system memory, 1 output[s]
[2015.11.06-09.25.08:533][  0]LogD3D11RHI: Found D3D11 adapter 1: Microsoft Basic Render Driver (Feature Level 11_0)
[2015.11.06-09.25.08:533][  0]LogD3D11RHI: Adapter has 0MB of dedicated video memory, 0MB of dedicated system memory, and 256MB of shared system memory, 0 output[s]
[2015.11.06-09.25.08:533][  0]LogD3D11RHI: Chosen D3D11 Adapter Id = 0
[2015.11.06-09.25.08:541][  0]LogD3D11RHI: !Direct3DDevice
[2015.11.06-09.25.08:541][  0]LogRHI: Texture pool is 1361 MB (70% of 1945 MB)
[2015.11.06-09.25.08:557][  0]LogD3D11RHI: Async texture creation disabled: no driver support
[2015.11.06-09.25.08:572][  0]LogShaderCompilers: Guid format shader working directory is 15 characters bigger than the processId version (../../../../../../Users/Henrik/Documents/GitHub/Balls-of-steel/BOS/Intermediate/Shaders/WorkingDirectory/8572/).
[2015.11.06-09.25.08:572][  0]LogShaderCompilers: Cleaned the shader compiler working directory '../../../../../../Users/Henrik/Documents/GitHub/Balls-of-steel/BOS/Intermediate/Shaders/tmp/D08E4ADB415BF74B4EEC5E988C162428/'.
[2015.11.06-09.25.08:572][  0]LogShaderCompilers:Display: Using Local Shader Compiler.
[2015.11.06-09.25.10:896][  0]LogTemp:Display: Loaded TP AllDesktopTargetPlatform
[2015.11.06-09.25.10:905][  0]LogTemp:Display: Loaded TP WindowsClientTargetPlatform
[2015.11.06-09.25.10:916][  0]LogTemp:Display: Loaded TP WindowsNoEditorTargetPlatform
[2015.11.06-09.25.10:925][  0]LogTemp:Display: Loaded TP WindowsServerTargetPlatform
[2015.11.06-09.25.10:938][  0]LogTemp:Display: Loaded TP WindowsTargetPlatform
[2015.11.06-09.25.10:944][  0]LogTemp:Display: Loaded TP AndroidTargetPlatform
[2015.11.06-09.25.10:954][  0]LogTemp:Display: Loaded TP Android_ASTCTargetPlatform
[2015.11.06-09.25.10:962][  0]LogTemp:Display: Loaded TP Android_ATCTargetPlatform
[2015.11.06-09.25.10:967][  0]LogTemp:Display: Loaded TP Android_DXTTargetPlatform
[2015.11.06-09.25.10:976][  0]LogTemp:Display: Loaded TP Android_ETC1TargetPlatform
[2015.11.06-09.25.10:981][  0]LogTemp:Display: Loaded TP Android_ETC2TargetPlatform
[2015.11.06-09.25.10:992][  0]LogTemp:Display: Loaded TP Android_PVRTCTargetPlatform
[2015.11.06-09.25.10:993][  0]LogTemp:Display: Loaded TP HTML5TargetPlatform
[2015.11.06-09.25.11:017][  0]LogTemp:Display: Loaded TP IOSTargetPlatform
[2015.11.06-09.25.11:022][  0]LogTemp:Display: Loaded TP LinuxNoEditorTargetPlatform
[2015.11.06-09.25.11:028][  0]LogTemp:Display: Loaded TP LinuxServerTargetPlatform
[2015.11.06-09.25.11:035][  0]LogTemp:Display: Loaded TP LinuxTargetPlatform
[2015.11.06-09.25.11:035][  0]LogTargetPlatformManager:Display: Building Assets For Windows
[2015.11.06-09.25.11:195][  0]LogDerivedDataCache:Display: Max Cache Size: 512 MB
[2015.11.06-09.25.11:295][  0]LogDerivedDataCache: Loaded boot cache 0.10s 42MB C:/Users/Henrik/AppData/Local/UnrealEngine/4.9/DerivedDataCache/Boot.ddc.
[2015.11.06-09.25.11:295][  0]LogDerivedDataCache:Display: Loaded Boot cache: C:/Users/Henrik/AppData/Local/UnrealEngine/4.9/DerivedDataCache/Boot.ddc
[2015.11.06-09.25.11:295][  0]LogDerivedDataCache: FDerivedDataBackendGraph:  Pak pak cache file ../../../../../../Users/Henrik/Documents/GitHub/Balls-of-steel/BOS/DerivedDataCache/DDC.ddp not found, will not use a pak cache.
[2015.11.06-09.25.11:295][  0]LogDerivedDataCache: Unable to find inner node Pak for hierarchical cache Hierarchy.
[2015.11.06-09.25.11:295][  0]LogDerivedDataCache: FDerivedDataBackendGraph:  CompressedPak pak cache file ../../../../../../Users/Henrik/Documents/GitHub/Balls-of-steel/BOS/DerivedDataCache/Compressed.ddp not found, will not use a pak cache.
[2015.11.06-09.25.11:296][  0]LogDerivedDataCache: Unable to find inner node CompressedPak for hierarchical cache Hierarchy.
[2015.11.06-09.25.11:577][  0]LogDerivedDataCache:Display: Pak cache opened for reading ../../../Engine/DerivedDataCache/Compressed.ddp.
[2015.11.06-09.25.11:589][  0]LogDerivedDataCache: Using Local data cache path C:/Users/Henrik/AppData/Local/UnrealEngine/Common/DerivedDataCache: Writable
[2015.11.06-09.25.11:941][  0]LogInit: Selected Device Profile: [Windows]
[2015.11.06-09.25.11:946][  0]LogContentStreaming: Texture pool size is 0.000000MB
[2015.11.06-09.25.12:201][  0]LogMeshUtilities: No automatic mesh reduction module available
[2015.11.06-09.25.12:201][  0]LogMeshUtilities: No automatic mesh merging module available
[2015.11.06-09.25.12:668][  0]LogInit: WinSock: version 1.1 (2.2), MaxSocks=32767, MaxUdp=65467
[2015.11.06-09.25.13:824][  0]UdpMessaging: Initializing bridge on interface 0.0.0.0:0 to multicast group 230.0.0.1:6666.
[2015.11.06-09.25.13:934][  0]LogLinker:Warning: Asset '../../../../../../Users/Henrik/Documents/GitHub/Balls-of-steel/BOS/Content/Rolling/Meshes/BallMesh.uasset' has been saved with empty engine version. The asset will be loaded but may be incompatible.
[2015.11.06-09.25.13:936][  0]LogLinker:Warning: Asset '../../../../../../Users/Henrik/Documents/GitHub/Balls-of-steel/BOS/Content/Rolling/Materials/M_Blue_Checker.uasset' has been saved with empty engine version. The asset will be loaded but may be incompatible.
[2015.11.06-09.25.13:938][  0]LogLinker:Warning: Asset '../../../../../../Users/Henrik/Documents/GitHub/Balls-of-steel/BOS/Content/Rolling/Materials/PM_Ball.uasset' has been saved with empty engine version. The asset will be loaded but may be incompatible.
[2015.11.06-09.25.14:016][  0]LogAssetRegistry: FAssetRegistry took 0.0108 seconds to start up
[2015.11.06-09.25.14:362][  0]SourceControl: Info Source control is disabled
[2015.11.06-09.25.14:377][  0]SourceControl: Info Source control is disabled
[2015.11.06-09.25.14:397][  0]SourceControl: Info Source control is disabled
[2015.11.06-09.25.14:415][  0]SourceControl: Info Source control is disabled
[2015.11.06-09.25.14:677][  0]LogLinker:Warning: Asset '../../../Engine/Plugins/Runtime/LeapMotionController/Content/LM_PassthroughMaterial.uasset' has been saved with empty engine version. The asset will be loaded but may be incompatible.
[2015.11.06-09.25.14:826][  0]LogObj: 28400 objects as part of root set at end of initial load.
[2015.11.06-09.25.14:826][  0]LogUObjectAllocator: 6054872 out of 0 bytes used by permanent object pool.
[2015.11.06-09.25.14:954][  0]LogEngine: Initializing Engine...
[2015.11.06-09.25.14:959][  0]LogHMD: Can't find Oculus library dev build: is proper Runtime installed? Version: 0.7.0.0
[2015.11.06-09.25.14:960][  0]LogHMD: SteamVR failed to initialize.  Err: 110
[2015.11.06-09.25.15:235][  0]LogAIModule: Creating AISystem for world NewWorld
[2015.11.06-09.25.15:242][  0]LogInit: XAudio2 using 'Speakers (Realtek High Definition Audio)' : 2 channels at 48 kHz using 32 bits per sample (channel mask 0x3)
[2015.11.06-09.25.15:259][  0]LogInit: FAudioDevice initialized.
[2015.11.06-09.25.15:302][  0]LogDerivedDataCache: Saved boot cache 0.04s 42MB C:/Users/Henrik/AppData/Local/UnrealEngine/4.9/DerivedDataCache/Boot.ddc.
[2015.11.06-09.25.15:315][  0]LogInit: Texture streaming: Enabled
[2015.11.06-09.25.15:324][  0]LogAnalytics: Creating configured Analytics provider AnalyticsET
[2015.11.06-09.25.15:324][  0]LogAnalytics: [UEEditor.Rocket.Release] APIServer = http://et2.epicgames.com/ET2/. AppVersion = 4.9.2-2707645+++depot+UE4-Releases+4.9
[2015.11.06-09.25.15:324][  0]LogAnalytics: [UEEditor.Rocket.Release] SetUserId acaf962148b56d9743bd72afeabcbeb9|c8ac3edb00a24d41af0fa96f246ba628|0c8c2f6c-a153-4eda-82c3-243060fd3001
[2015.11.06-09.25.15:324][  0]LogAnalytics: [UEEditor.Rocket.Release] AnalyticsET::StartSession
[2015.11.06-09.25.15:372][  0]LogInit: Transaction tracking system initialized
[2015.11.06-09.25.15:431][  0]BlueprintLog: New page: Editor Load
[2015.11.06-09.25.15:602][  0]LocalizationService: Info Localization service is disabled
[2015.11.06-09.25.15:980][  0]LogConsoleResponse:Display: 
[2015.11.06-09.25.16:228][  0]LogCook:Display: Done creating registry. It took  0.00s.
[2015.11.06-09.25.16:360][  0]LogFileCache: Scanning file cache for directory 'C:/Users/Henrik/Documents/GitHub/Balls-of-steel/BOS/Content/' took 0.02s
[2015.11.06-09.25.16:360][  0]SourceControl: Info Source control is disabled
[2015.11.06-09.25.16:361][  0]Cmd: MAP LOAD FILE="../../../../../../Users/Henrik/Documents/GitHub/Balls-of-steel/BOS/Content/RollingCPP/Maps/MainMenu.umap" TEMPLATE=0 SHOWPROGRESS=1 FEATURELEVEL=3
[2015.11.06-09.25.16:361][  0]LightingResults: New page: Lighting Build
[2015.11.06-09.25.16:367][  0]MapCheck: New page: Map Check
[2015.11.06-09.25.16:367][  0]LightingResults: New page: Lighting Build
[2015.11.06-09.25.16:391][  0]LogParticles: Destroying 0 GPU particle simulations for FXSystem 0x000000A154187CE0
[2015.11.06-09.25.18:276][  0]LogTexture:Display: Building textures: HQ_Lightmap1_2 (AutoDXT)
[2015.11.06-09.25.18:592][  0]LogTexture:Display: Building textures: LQ_Lightmap_1_2 (DXT1)
[2015.11.06-09.25.18:616][  0]LogTexture:Display: Building textures: ShadowMapTexture2D_3 (G8)
[2015.11.06-09.25.18:730][  0]LogAIModule: Creating AISystem for world MainMenu
[2015.11.06-09.25.19:186][  0]LogEditorServer: Finished looking for orphan Actors (0.000 secs)
[2015.11.06-09.25.19:187][  0]Cmd: MAP CHECKDEP NOCLEARLOG
[2015.11.06-09.25.19:284][  0]MapCheck: Info Map check complete: 0 Error(s), 0 Warning(s), took 97.389ms to complete.
[2015.11.06-09.25.19:284][  0]LogFileHelpers: Loading map 'MainMenu' took 2.924
[2015.11.06-09.25.19:567][  0]LogCollectionManager: Loaded 0 collections in 0.004931 seconds
[2015.11.06-09.25.19:626][  0]LogFileCache: Scanning file cache for directory 'C:/Users/Henrik/Documents/GitHub/Balls-of-steel/BOS/Saved/Collections/' took 0.01s
[2015.11.06-09.25.19:626][  0]LogFileCache: Scanning file cache for directory 'C:/Users/Henrik/Documents/GitHub/Balls-of-steel/BOS/Content/Developers/Henrik/Collections/' took 0.01s
[2015.11.06-09.25.19:626][  0]LogFileCache: Scanning file cache for directory 'C:/Users/Henrik/Documents/GitHub/Balls-of-steel/BOS/Content/Collections/' took 0.01s
[2015.11.06-09.25.19:626][  0]LogContentBrowser: Native class hierarchy populated in 0.0218 seconds. Added 1869 classes and 335 folders.
[2015.11.06-09.25.19:635][  0]LogCollectionManager: Rebuilt the GUID cache for 0 collections in 0.000005 seconds
[2015.11.06-09.25.19:651][  0]LogContentBrowser: Native class hierarchy updated for 'WidgetCarousel' in 0.0026 seconds. Added 0 classes and 0 folders.
[2015.11.06-09.25.21:686][  0]LogContentBrowser: Native class hierarchy updated for 'AddContentDialog' in 0.0026 seconds. Added 0 classes and 0 folders.
[2015.11.06-09.25.21:696][  0]LogContentBrowser: Native class hierarchy updated for 'SceneOutliner' in 0.0025 seconds. Added 1 classes and 2 folders.
[2015.11.06-09.25.21:782][  0]LogCrashTracker: Crashtracker disabled due to settings.
[2015.11.06-09.25.21:789][  0]LogUObjectGlobals:Warning: Failed to find object 'Class None.'
[2015.11.06-09.25.21:813][  0]LogLoad: Full Startup: 16.45 seconds (BP compile: 0.10 seconds)
[2015.11.06-09.25.21:965][  0]LogContentStreaming: Texture pool size now 400 MB
[2015.11.06-09.25.22:166][  0]LogRenderer: Reallocating scene render targets to support 848x356 (Frame:2).
[2015.11.06-09.25.27:008][470]LogAssetRegistry: Asset discovery search completed in 13.0028 seconds
[2015.11.06-09.25.27:008][470]LogCollectionManager: Rebuilt the object cache for 0 collections in 0.000001 seconds (found 0 objects)
[2015.11.06-09.25.27:008][470]LogCollectionManager: Fixed up redirectors for 0 collections in 0.000064 seconds (updated 0 objects)
[2015.11.06-09.25.37:638][631]LogBlueprintUserMessages: Early PlayInEditor Detection: Level '/Game/RollingCPP/Maps/MainMenu.MainMenu:PersistentLevel' has LevelScriptBlueprint '/Game/RollingCPP/Maps/MainMenu.MainMenu:PersistentLevel.MainMenu' with GeneratedClass '/Game/RollingCPP/Maps/MainMenu.MainMenu_C' with ClassGeneratedBy '/Game/RollingCPP/Maps/MainMenu.MainMenu:PersistentLevel.MainMenu'
[2015.11.06-09.25.37:638][631]LogPlayLevel: PlayLevel: No blueprints needed recompiling
[2015.11.06-09.25.37:640][631]PIE: New page: PIE session: MainMenu (Nov 6, 2015, 11:25:37 AM)
[2015.11.06-09.25.37:640][631]LogPlayLevel: Creating play world package: /Game/RollingCPP/Maps/UEDPIE_1_MainMenu
[2015.11.06-09.25.37:650][631]LogPlayLevel: PIE: StaticDuplicateObject took: (0.009951s)
[2015.11.06-09.25.37:651][631]LogAIModule: Creating AISystem for world MainMenu
[2015.11.06-09.25.37:651][631]LogPlayLevel: PIE: World Init took: (0.001213s)
[2015.11.06-09.25.37:651][631]LogPlayLevel: PIE: Created PIE world by copying editor world from /Game/RollingCPP/Maps/MainMenu.MainMenu to /Game/RollingCPP/Maps/UEDPIE_1_MainMenu.MainMenu (0.011486s)
[2015.11.06-09.25.37:687][631]LogInit: XAudio2 using 'Speakers (Realtek High Definition Audio)' : 2 channels at 48 kHz using 32 bits per sample (channel mask 0x3)
[2015.11.06-09.25.37:701][631]LogInit: FAudioDevice initialized.
[2015.11.06-09.25.37:752][631]LogWorld: Game class is 'GameMode'
[2015.11.06-09.25.37:759][631]LogWorld: Bringing World /Game/RollingCPP/Maps/UEDPIE_1_MainMenu.MainMenu up for play (max tick rate 0) at 2015.11.06-10.25.37
[2015.11.06-09.25.37:760][631]LogActor:Warning: GameSession /Game/RollingCPP/Maps/UEDPIE_1_MainMenu.MainMenu:PersistentLevel.GameSession_0 has natively added scene component(s), but none of them were set as the actor's RootComponent - picking one arbitrarily
[2015.11.06-09.25.37:760][631]LogActor:Warning: GameNetworkManager /Game/RollingCPP/Maps/UEDPIE_1_MainMenu.MainMenu:PersistentLevel.GameNetworkManager_0 has natively added scene component(s), but none of them were set as the actor's RootComponent - picking one arbitrarily
[2015.11.06-09.25.37:760][631]LogWorld: Bringing up level for play took: 0.005096
[2015.11.06-09.25.37:762][631]LogInit: WinSock: Socket queue 131072 / 131072
[2015.11.06-09.25.37:764][631]LogInit: WinSock: I am HenrikLap (10.1.22.239:0)
[2015.11.06-09.25.37:764][631]LogNet: GameNetDriver IpNetDriver_0 IpNetDriver listening on port 7777
[2015.11.06-09.25.37:868][631]PIE: Info Play in editor start time for /Game/RollingCPP/Maps/UEDPIE_1_MainMenu 0.418
[2015.11.06-09.25.37:870][631]PIE: New page: PIE session: MainMenu (Nov 6, 2015, 11:25:37 AM)
[2015.11.06-09.25.37:914][631]LogNet: Browse: 127.0.0.1//Game/RollingCPP/Maps/MainMenu
[2015.11.06-09.25.37:914][631]LogInit: WinSock: Socket queue 32768 / 32768
[2015.11.06-09.25.37:915][631]LogNet: Game client on port 7777, rate 10000
[2015.11.06-09.25.37:915][631]LogNet: GetLocalNetworkVersion: GEngineNetVersion: 2707645, ProjectName: bos, ProjectVersion: 1.0.0.0, InternalProtocolVersion: 9, LocalNetworkVersion: 1605316083
[2015.11.06-09.25.37:957][631]PIE: Info Play in editor start time for /Game/RollingCPP/Maps/MainMenu 0.507
[2015.11.06-09.25.37:959][631]PIE: New page: PIE session: MainMenu (Nov 6, 2015, 11:25:37 AM)
[2015.11.06-09.25.38:005][631]LogNet: Browse: 127.0.0.1//Game/RollingCPP/Maps/MainMenu
[2015.11.06-09.25.38:005][631]LogInit: WinSock: Socket queue 32768 / 32768
[2015.11.06-09.25.38:005][631]LogNet: Game client on port 7777, rate 10000
[2015.11.06-09.25.38:005][631]LogNet: GetLocalNetworkVersion: GEngineNetVersion: 2707645, ProjectName: bos, ProjectVersion: 1.0.0.0, InternalProtocolVersion: 9, LocalNetworkVersion: 1605316083
[2015.11.06-09.25.38:046][631]PIE: Info Play in editor start time for /Game/RollingCPP/Maps/MainMenu 0.596
[2015.11.06-09.25.38:048][631]PIE: New page: PIE session: MainMenu (Nov 6, 2015, 11:25:38 AM)
[2015.11.06-09.25.38:089][631]LogNet: Browse: 127.0.0.1//Game/RollingCPP/Maps/MainMenu
[2015.11.06-09.25.38:089][631]LogInit: WinSock: Socket queue 32768 / 32768
[2015.11.06-09.25.38:090][631]LogNet: Game client on port 7777, rate 10000
[2015.11.06-09.25.38:090][631]LogNet: GetLocalNetworkVersion: GEngineNetVersion: 2707645, ProjectName: bos, ProjectVersion: 1.0.0.0, InternalProtocolVersion: 9, LocalNetworkVersion: 1605316083
[2015.11.06-09.25.38:133][631]PIE: Info Play in editor start time for /Game/RollingCPP/Maps/MainMenu 0.683
[2015.11.06-09.25.38:134][631]LogBlueprintUserMessages: Late PlayInEditor Detection: Level '/Game/RollingCPP/Maps/MainMenu.MainMenu:PersistentLevel' has LevelScriptBlueprint '/Game/RollingCPP/Maps/MainMenu.MainMenu:PersistentLevel.MainMenu' with GeneratedClass '/Game/RollingCPP/Maps/MainMenu.MainMenu_C' with ClassGeneratedBy '/Game/RollingCPP/Maps/MainMenu.MainMenu:PersistentLevel.MainMenu'
[2015.11.06-09.25.38:135][631]LogNet: NotifyAcceptingConnection: Server MainMenu accept
[2015.11.06-09.25.38:135][631]LogNet: Open MainMenu 11/06/15 10:25:38 127.0.0.1
[2015.11.06-09.25.38:135][631]LogNet: Added client connection.  Remote address = 127.0.0.1:57678
[2015.11.06-09.25.38:135][631]LogNet: NotifyAcceptingChannel Control 0 server World /Game/RollingCPP/Maps/UEDPIE_1_MainMenu.MainMenu: Accepted
[2015.11.06-09.25.38:135][631]LogNet: Remote platform little endian=1
[2015.11.06-09.25.38:135][631]LogNet: This platform little endian=1
[2015.11.06-09.25.38:135][631]LogNet: GetLocalNetworkVersion: GEngineNetVersion: 2707645, ProjectName: bos, ProjectVersion: 1.0.0.0, InternalProtocolVersion: 9, LocalNetworkVersion: 1605316083
[2015.11.06-09.25.38:135][631]LogNet: NotifyAcceptingConnection: Server MainMenu accept
[2015.11.06-09.25.38:135][631]LogNet: Open MainMenu 11/06/15 10:25:38 127.0.0.1
[2015.11.06-09.25.38:135][631]LogNet: Added client connection.  Remote address = 127.0.0.1:57679
[2015.11.06-09.25.38:136][631]LogNet: NotifyAcceptingChannel Control 0 server World /Game/RollingCPP/Maps/UEDPIE_1_MainMenu.MainMenu: Accepted
[2015.11.06-09.25.38:136][631]LogNet: Remote platform little endian=1
[2015.11.06-09.25.38:136][631]LogNet: This platform little endian=1
[2015.11.06-09.25.38:136][631]LogNet: GetLocalNetworkVersion: GEngineNetVersion: 2707645, ProjectName: bos, ProjectVersion: 1.0.0.0, InternalProtocolVersion: 9, LocalNetworkVersion: 1605316083
[2015.11.06-09.25.38:136][631]LogNet: NotifyAcceptingConnection: Server MainMenu accept
[2015.11.06-09.25.38:136][631]LogNet: Open MainMenu 11/06/15 10:25:38 127.0.0.1
[2015.11.06-09.25.38:136][631]LogNet: Added client connection.  Remote address = 127.0.0.1:57680
[2015.11.06-09.25.38:136][631]LogNet: NotifyAcceptingChannel Control 0 server World /Game/RollingCPP/Maps/UEDPIE_1_MainMenu.MainMenu: Accepted
[2015.11.06-09.25.38:136][631]LogNet: Remote platform little endian=1
[2015.11.06-09.25.38:136][631]LogNet: This platform little endian=1
[2015.11.06-09.25.38:136][631]LogNet: GetLocalNetworkVersion: GEngineNetVersion: 2707645, ProjectName: bos, ProjectVersion: 1.0.0.0, InternalProtocolVersion: 9, LocalNetworkVersion: 1605316083
[2015.11.06-09.25.38:223][632]LogNet: Login request: /Game/RollingCPP/Maps/MainMenu userId: Invalid
[2015.11.06-09.25.38:223][632]LogNet: Login request: /Game/RollingCPP/Maps/MainMenu userId: Invalid
[2015.11.06-09.25.38:223][632]LogNet: Login request: /Game/RollingCPP/Maps/MainMenu userId: Invalid
[2015.11.06-09.25.38:225][632]LogNet: Welcomed by server (Level: /Game/RollingCPP/Maps/UEDPIE_1_MainMenu, Game: /Script/Engine.GameMode)
[2015.11.06-09.25.38:284][632]LogLoad: LoadMap: 127.0.0.1//Game/RollingCPP/Maps/UEDPIE_1_MainMenu?game=/Script/Engine.GameMode
[2015.11.06-09.25.38:309][632]LogParticles: Destroying 0 GPU particle simulations for FXSystem 0x000000A14ECD0C20
[2015.11.06-09.25.38:313][632]Cmd: MEM
[2015.11.06-09.25.38:340][632]LogMemory: Platform Memory Stats for Windows
[2015.11.06-09.25.38:340][632]LogMemory: Process Physical Memory: 557.79 MB used, 573.20 MB peak
[2015.11.06-09.25.38:340][632]LogMemory: Process Virtual Memory: 481.29 MB used, 485.28 MB peak
[2015.11.06-09.25.38:340][632]LogMemory: Physical Memory: 3507.61 MB used, 7626.27 MB total
[2015.11.06-09.25.38:340][632]LogMemory: Virtual Memory: 1116.46 MB used, 134217728.00 MB total
[2015.11.06-09.25.38:340][632]LogMemory: 
[2015.11.06-09.25.38:340][632]Allocator Stats for TBB: (not implemented)
[2015.11.06-09.25.38:341][632]LogLinker: Can't find file for asset '/Game/RollingCPP/Maps/UEDPIE_1_MainMenu' while loading NULL.
[2015.11.06-09.25.38:349][632]LogWorld: PIE: Copying PIE streaming level from /Game/RollingCPP/Maps/MainMenu.MainMenu to /Game/RollingCPP/Maps/UEDPIE_2_MainMenu.MainMenu. OwningWorld: None
[2015.11.06-09.25.38:350][632]LogAIModule: Creating AISystem for world MainMenu
[2015.11.06-09.25.38:356][632]LogWorld: Bringing World /Game/RollingCPP/Maps/UEDPIE_2_MainMenu.MainMenu up for play (max tick rate 0) at 2015.11.06-10.25.38
[2015.11.06-09.25.38:357][632]LogWorld: Bringing up level for play took: 0.004488
[2015.11.06-09.25.38:358][632]LogNet: Welcomed by server (Level: /Game/RollingCPP/Maps/UEDPIE_1_MainMenu, Game: /Script/Engine.GameMode)
[2015.11.06-09.25.38:359][632]LogLoad: LoadMap: 127.0.0.1//Game/RollingCPP/Maps/UEDPIE_1_MainMenu?game=/Script/Engine.GameMode
[2015.11.06-09.25.38:383][632]LogParticles: Destroying 0 GPU particle simulations for FXSystem 0x000000A143128CC0
[2015.11.06-09.25.38:385][632]Cmd: MEM
[2015.11.06-09.25.38:412][632]LogMemory: Platform Memory Stats for Windows
[2015.11.06-09.25.38:412][632]LogMemory: Process Physical Memory: 558.13 MB used, 573.20 MB peak
[2015.11.06-09.25.38:412][632]LogMemory: Process Virtual Memory: 481.43 MB used, 485.28 MB peak
[2015.11.06-09.25.38:412][632]LogMemory: Physical Memory: 3507.69 MB used, 7626.27 MB total
[2015.11.06-09.25.38:412][632]LogMemory: Virtual Memory: 1116.46 MB used, 134217728.00 MB total
[2015.11.06-09.25.38:412][632]LogMemory: 
[2015.11.06-09.25.38:412][632]Allocator Stats for TBB: (not implemented)
[2015.11.06-09.25.38:413][632]LogLinker: Can't find file for asset '/Game/RollingCPP/Maps/UEDPIE_1_MainMenu' while loading NULL.
[2015.11.06-09.25.38:420][632]LogWorld: PIE: Copying PIE streaming level from /Game/RollingCPP/Maps/MainMenu.MainMenu to /Game/RollingCPP/Maps/UEDPIE_3_MainMenu.MainMenu. OwningWorld: None
[2015.11.06-09.25.38:421][632]LogAIModule: Creating AISystem for world MainMenu
[2015.11.06-09.25.38:427][632]LogWorld: Bringing World /Game/RollingCPP/Maps/UEDPIE_3_MainMenu.MainMenu up for play (max tick rate 0) at 2015.11.06-10.25.38
[2015.11.06-09.25.38:427][632]LogWorld: Bringing up level for play took: 0.004548
[2015.11.06-09.25.38:428][632]LogNet: Welcomed by server (Level: /Game/RollingCPP/Maps/UEDPIE_1_MainMenu, Game: /Script/Engine.GameMode)
[2015.11.06-09.25.38:429][632]LogLoad: LoadMap: 127.0.0.1//Game/RollingCPP/Maps/UEDPIE_1_MainMenu?game=/Script/Engine.GameMode
[2015.11.06-09.25.38:455][632]LogParticles: Destroying 0 GPU particle simulations for FXSystem 0x000000A143129300
[2015.11.06-09.25.38:459][632]Cmd: MEM
[2015.11.06-09.25.38:482][632]LogMemory: Platform Memory Stats for Windows
[2015.11.06-09.25.38:482][632]LogMemory: Process Physical Memory: 558.35 MB used, 573.20 MB peak
[2015.11.06-09.25.38:482][632]LogMemory: Process Virtual Memory: 481.59 MB used, 485.28 MB peak
[2015.11.06-09.25.38:482][632]LogMemory: Physical Memory: 3507.70 MB used, 7626.27 MB total
[2015.11.06-09.25.38:482][632]LogMemory: Virtual Memory: 1116.46 MB used, 134217728.00 MB total
[2015.11.06-09.25.38:482][632]LogMemory: 
[2015.11.06-09.25.38:482][632]Allocator Stats for TBB: (not implemented)
[2015.11.06-09.25.38:483][632]LogLinker: Can't find file for asset '/Game/RollingCPP/Maps/UEDPIE_1_MainMenu' while loading NULL.
[2015.11.06-09.25.38:490][632]LogWorld: PIE: Copying PIE streaming level from /Game/RollingCPP/Maps/MainMenu.MainMenu to /Game/RollingCPP/Maps/UEDPIE_4_MainMenu.MainMenu. OwningWorld: None
[2015.11.06-09.25.38:491][632]LogAIModule: Creating AISystem for world MainMenu
[2015.11.06-09.25.38:497][632]LogWorld: Bringing World /Game/RollingCPP/Maps/UEDPIE_4_MainMenu.MainMenu up for play (max tick rate 0) at 2015.11.06-10.25.38
[2015.11.06-09.25.38:498][632]LogWorld: Bringing up level for play took: 0.004896
[2015.11.06-09.25.38:566][633]LogNet: Client netspeed is 10000
[2015.11.06-09.25.38:566][633]LogNet: Join request: /Game/RollingCPP/Maps/MainMenu?SplitscreenCount=1
[2015.11.06-09.25.38:589][633]LogNet: Join succeeded: 257
[2015.11.06-09.25.38:589][633]LogNet: Client netspeed is 10000
[2015.11.06-09.25.38:589][633]LogNet: Join request: /Game/RollingCPP/Maps/MainMenu?SplitscreenCount=1
[2015.11.06-09.25.38:594][633]LogNet: Join succeeded: 258
[2015.11.06-09.25.38:594][633]LogNet: Client netspeed is 10000
[2015.11.06-09.25.38:594][633]LogNet: Join request: /Game/RollingCPP/Maps/MainMenu?SplitscreenCount=1
[2015.11.06-09.25.38:599][633]LogNet: Join succeeded: 259
[2015.11.06-09.25.44:858][862]LogBlueprintUserMessages: Early EndPlayMap Detection: Level '/Game/RollingCPP/Maps/MainMenu.MainMenu:PersistentLevel' has LevelScriptBlueprint '/Game/RollingCPP/Maps/MainMenu.MainMenu:PersistentLevel.MainMenu' with GeneratedClass '/Game/RollingCPP/Maps/MainMenu.MainMenu_C' with ClassGeneratedBy '/Game/RollingCPP/Maps/MainMenu.MainMenu:PersistentLevel.MainMenu'
[2015.11.06-09.25.45:215][862]LogSpawn:Warning: SpawnActor failed because we are in the process of tearing down the world
[2015.11.06-09.25.45:316][862]LogBlueprintUserMessages: Late EndPlayMap Detection: Level '/Game/RollingCPP/Maps/MainMenu.MainMenu:PersistentLevel' has LevelScriptBlueprint '/Game/RollingCPP/Maps/MainMenu.MainMenu:PersistentLevel.MainMenu' with GeneratedClass '/Game/RollingCPP/Maps/MainMenu.MainMenu_C' with ClassGeneratedBy '/Game/RollingCPP/Maps/MainMenu.MainMenu:PersistentLevel.MainMenu'
[2015.11.06-09.25.45:340][862]LogNet: UChannel::CleanUp: [GameNetDriver] [None] [None]. ChIndex == 0. Closing connection.
[2015.11.06-09.25.45:340][862]LogNet: UNetConnection::Close: Name: IpConnection_5, Driver: GameNetDriver IpNetDriver_0, PC: None, Owner: None, Channels: 2, RemoteAddr: 127.0.0.1:57680, Time: 2015.11.06-09.25.45
[2015.11.06-09.25.45:340][862]LogNet: UChannel::Close: Sending CloseBunch. ChIndex == 0. Name: ControlChannel_5
[2015.11.06-09.25.45:340][862]LogNet: UChannel::CleanUp: [GameNetDriver] [None] [None]. ChIndex == 0. Closing connection.
[2015.11.06-09.25.45:340][862]LogNet: UNetConnection::Close: Name: IpConnection_4, Driver: GameNetDriver IpNetDriver_0, PC: None, Owner: None, Channels: 2, RemoteAddr: 127.0.0.1:57679, Time: 2015.11.06-09.25.45
[2015.11.06-09.25.45:340][862]LogNet: UChannel::Close: Sending CloseBunch. ChIndex == 0. Name: ControlChannel_4
[2015.11.06-09.25.45:340][862]LogNet: UChannel::CleanUp: [GameNetDriver] [None] [None]. ChIndex == 0. Closing connection.
[2015.11.06-09.25.45:340][862]LogNet: UNetConnection::Close: Name: IpConnection_3, Driver: GameNetDriver IpNetDriver_0, PC: None, Owner: None, Channels: 2, RemoteAddr: 127.0.0.1:57678, Time: 2015.11.06-09.25.45
[2015.11.06-09.25.45:341][862]LogNet: UChannel::Close: Sending CloseBunch. ChIndex == 0. Name: ControlChannel_3
[2015.11.06-09.25.45:341][862]LogNet: UChannel::CleanUp: [GameNetDriver] [None] [None]. ChIndex == 0. Closing connection.
[2015.11.06-09.25.45:341][862]LogNet: UNetConnection::Close: Name: IpConnection_2, Driver: GameNetDriver IpNetDriver_3, PC: None, Owner: None, Channels: 2, RemoteAddr: 127.0.0.1:7777, Time: 2015.11.06-09.25.45
[2015.11.06-09.25.45:341][862]LogNet: UChannel::Close: Sending CloseBunch. ChIndex == 0. Name: ControlChannel_2
[2015.11.06-09.25.45:341][862]LogNet: UChannel::CleanUp: [GameNetDriver] [None] [None]. ChIndex == 0. Closing connection.
[2015.11.06-09.25.45:341][862]LogNet: UNetConnection::Close: Name: IpConnection_1, Driver: GameNetDriver IpNetDriver_2, PC: None, Owner: None, Channels: 2, RemoteAddr: 127.0.0.1:7777, Time: 2015.11.06-09.25.45
[2015.11.06-09.25.45:341][862]LogNet: UChannel::Close: Sending CloseBunch. ChIndex == 0. Name: ControlChannel_1
[2015.11.06-09.25.45:341][862]LogNet: UChannel::CleanUp: [GameNetDriver] [None] [None]. ChIndex == 0. Closing connection.
[2015.11.06-09.25.45:341][862]LogNet: UNetConnection::Close: Name: IpConnection_0, Driver: GameNetDriver IpNetDriver_1, PC: None, Owner: None, Channels: 2, RemoteAddr: 127.0.0.1:7777, Time: 2015.11.06-09.25.45
[2015.11.06-09.25.45:341][862]LogNet: UChannel::Close: Sending CloseBunch. ChIndex == 0. Name: ControlChannel_0
[2015.11.06-09.25.45:346][862]LogExit: GameNetDriver None shut down
[2015.11.06-09.25.45:346][862]LogExit: GameNetDriver None shut down
[2015.11.06-09.25.45:346][862]LogExit: GameNetDriver None shut down
[2015.11.06-09.25.45:347][862]LogParticles: Destroying 0 GPU particle simulations for FXSystem 0x000000A154167CE0
[2015.11.06-09.25.45:347][862]LogExit: GameNetDriver None shut down
[2015.11.06-09.25.45:349][862]LogParticles: Destroying 0 GPU particle simulations for FXSystem 0x000000A15BB059E0
[2015.11.06-09.25.45:349][862]LogParticles: Destroying 0 GPU particle simulations for FXSystem 0x000000A15BB04220
[2015.11.06-09.25.45:350][862]LogParticles: Destroying 0 GPU particle simulations for FXSystem 0x000000A14ECD3240
[2015.11.06-09.25.46:930][  3]LogWindowsTextInputMethodSystem:Display: IME system now deactivated.
[2015.11.06-09.25.47:349][  4]Cmd: QUIT_EDITOR
[2015.11.06-09.25.48:013][  4]LogExit: Preparing to exit.
[2015.11.06-09.25.48:943][  4]LogExit: Editor shut down
[2015.11.06-09.25.48:943][  4]LogExit: Transaction tracking system shut down
[2015.11.06-09.25.48:946][  4]LogParticles: Destroying 0 GPU particle simulations for FXSystem 0x000000A145A6C900
[2015.11.06-09.25.48:946][  4]LogParticles: Destroying 0 GPU particle simulations for FXSystem 0x000000A14521AF20
[2015.11.06-09.25.48:947][  4]LogParticles: Destroying 0 GPU particle simulations for FXSystem 0x000000A15BAF3C40
[2015.11.06-09.25.48:947][  4]LogParticles: Destroying 0 GPU particle simulations for FXSystem 0x000000A15BAF3A60
[2015.11.06-09.25.49:177][  4]LogExit: Object subsystem successfully closed.
[2015.11.06-09.25.49:192][  4]LogD3D11RHI: Shutdown
[2015.11.06-09.25.49:192][  4]LogD3D11RHI: CleanupD3DDevice
[2015.11.06-09.25.49:309][  4]LogD3D11RHI: ~FD3D11DynamicRHI
[2015.11.06-09.25.49:355][  4]LogModuleManager: Shutting down and abandoning module CrashTracker (198)
[2015.11.06-09.25.49:355][  4]LogModuleManager: Shutting down and abandoning module SceneOutliner (197)
[2015.11.06-09.25.49:355][  4]LogModuleManager: Shutting down and abandoning module SuperSearch (196)
[2015.11.06-09.25.49:355][  4]LogModuleManager: Shutting down and abandoning module WidgetCarousel (195)
[2015.11.06-09.25.49:355][  4]LogModuleManager: Shutting down and abandoning module AddContentDialog (194)
[2015.11.06-09.25.49:357][  4]LogModuleManager: Shutting down and abandoning module EditorWidgets (193)
[2015.11.06-09.25.49:357][  4]LogModuleManager: Shutting down and abandoning module CollectionManager (192)
[2015.11.06-09.25.49:357][  4]LogModuleManager: Shutting down and abandoning module StatsViewer (191)
[2015.11.06-09.25.49:357][  4]LogModuleManager: Shutting down and abandoning module FoliageEdit (190)
[2015.11.06-09.25.49:357][  4]LogModuleManager: Shutting down and abandoning module LandscapeEditor (189)
[2015.11.06-09.25.49:358][  4]LogModuleManager: Shutting down and abandoning module ActorPickerMode (188)
[2015.11.06-09.25.49:358][  4]LogModuleManager: Shutting down and abandoning module GeometryMode (187)
[2015.11.06-09.25.49:358][  4]LogModuleManager: Shutting down and abandoning module TextureAlignMode (186)
[2015.11.06-09.25.49:358][  4]LogModuleManager: Shutting down and abandoning module BspMode (185)
[2015.11.06-09.25.49:358][  4]LogModuleManager: Shutting down and abandoning module PlacementMode (184)
[2015.11.06-09.25.49:358][  4]LogModuleManager: Shutting down and abandoning module AutomationWorker (183)
[2015.11.06-09.25.49:358][  4]LogModuleManager: Shutting down and abandoning module CharacterAI (182)
[2015.11.06-09.25.49:358][  4]LogModuleManager: Shutting down and abandoning module SmartSnapping (181)
[2015.11.06-09.25.49:358][  4]LogModuleManager: Shutting down and abandoning module ViewportSnapping (180)
[2015.11.06-09.25.49:358][  4]LogModuleManager: Shutting down and abandoning module LogVisualizer (179)
[2015.11.06-09.25.49:358][  4]LogModuleManager: Shutting down and abandoning module GameProjectGeneration (178)
[2015.11.06-09.25.49:358][  4]LogModuleManager: Shutting down and abandoning module IntroTutorials (177)
[2015.11.06-09.25.49:358][  4]LogModuleManager: Shutting down and abandoning module EditorLiveStreaming (176)
[2015.11.06-09.25.49:358][  4]LogModuleManager: Shutting down and abandoning module IOSPlatformEditor (175)
[2015.11.06-09.25.49:358][  4]LogModuleManager: Shutting down and abandoning module HTML5PlatformEditor (174)
[2015.11.06-09.25.49:358][  4]LogModuleManager: Shutting down and abandoning module AndroidDeviceDetection (173)
[2015.11.06-09.25.49:694][  4]LogModuleManager: Shutting down and abandoning module AndroidPlatformEditor (172)
[2015.11.06-09.25.49:694][  4]LogModuleManager: Shutting down and abandoning module IOSRuntimeSettings (171)
[2015.11.06-09.25.49:694][  4]LogModuleManager: Shutting down and abandoning module AndroidRuntimeSettings (170)
[2015.11.06-09.25.49:694][  4]LogModuleManager: Shutting down and abandoning module MergeActors (169)
[2015.11.06-09.25.49:694][  4]LogModuleManager: Shutting down and abandoning module SizeMap (168)
[2015.11.06-09.25.49:694][  4]LogModuleManager: Shutting down and abandoning module TreeMap (167)
[2015.11.06-09.25.49:694][  4]LogModuleManager: Shutting down and abandoning module ReferenceViewer (166)
[2015.11.06-09.25.49:694][  4]LogModuleManager: Shutting down and abandoning module LocalizationService (165)
[2015.11.06-09.25.49:694][  4]LogModuleManager: Shutting down and abandoning module LocalizationDashboard (164)
[2015.11.06-09.25.49:694][  4]LogModuleManager: Shutting down and abandoning module HardwareTargeting (163)
[2015.11.06-09.25.49:694][  4]LogModuleManager: Shutting down and abandoning module DeviceProfileEditor (162)
[2015.11.06-09.25.49:694][  4]LogModuleManager: Shutting down and abandoning module UndoHistory (161)
[2015.11.06-09.25.49:694][  4]LogModuleManager: Shutting down and abandoning module GameplayTagsEditor (160)
[2015.11.06-09.25.49:694][  4]LogModuleManager: Shutting down and abandoning module UserFeedback (159)
[2015.11.06-09.25.49:694][  4]LogModuleManager: Shutting down and abandoning module XmlParser (158)
[2015.11.06-09.25.49:694][  4]LogModuleManager: Shutting down and abandoning module Blutility (157)
[2015.11.06-09.25.49:694][  4]LogModuleManager: Shutting down and abandoning module ProjectTargetPlatformEditor (156)
[2015.11.06-09.25.49:695][  4]LogModuleManager: Shutting down and abandoning module ProjectSettingsViewer (155)
[2015.11.06-09.25.49:695][  4]LogModuleManager: Shutting down and abandoning module InputBindingEditor (154)
[2015.11.06-09.25.49:695][  4]LogModuleManager: Shutting down and abandoning module EditorSettingsViewer (153)
[2015.11.06-09.25.49:695][  4]LogModuleManager: Shutting down and abandoning module SettingsEditor (152)
[2015.11.06-09.25.49:695][  4]LogModuleManager: Shutting down and abandoning module ProjectLauncher (151)
[2015.11.06-09.25.49:695][  4]LogModuleManager: Shutting down and abandoning module SessionFrontend (150)
[2015.11.06-09.25.49:695][  4]LogModuleManager: Shutting down and abandoning module ProfilerClient (149)
[2015.11.06-09.25.49:695][  4]LogModuleManager: Shutting down and abandoning module TargetDeviceServices (148)
[2015.11.06-09.25.49:695][  4]LogModuleManager: Shutting down and abandoning module DeviceManager (147)
[2015.11.06-09.25.49:696][  4]LogModuleManager: Shutting down and abandoning module AutomationController (146)
[2015.11.06-09.25.49:696][  4]LogModuleManager: Shutting down and abandoning module AutomationWindow (145)
[2015.11.06-09.25.49:696][  4]LogModuleManager: Shutting down and abandoning module Layers (144)
[2015.11.06-09.25.49:696][  4]LogModuleManager: Shutting down and abandoning module ComponentVisualizers (143)
[2015.11.06-09.25.49:696][  4]LogModuleManager: Shutting down and abandoning module DetailCustomizations (142)
[2015.11.06-09.25.49:696][  4]LogModuleManager: Shutting down and abandoning module PackagesDialog (141)
[2015.11.06-09.25.49:696][  4]LogModuleManager: Shutting down and abandoning module Persona (140)
[2015.11.06-09.25.49:696][  4]LogModuleManager: Shutting down and abandoning module Kismet (139)
[2015.11.06-09.25.49:696][  4]LogModuleManager: Shutting down and abandoning module GraphEditor (138)
[2015.11.06-09.25.49:696][  4]LogModuleManager: Shutting down and abandoning module ClassViewer (137)
[2015.11.06-09.25.49:696][  4]LogModuleManager: Shutting down and abandoning module Toolbox (136)
[2015.11.06-09.25.49:696][  4]LogModuleManager: Shutting down and abandoning module ModuleUI (135)
[2015.11.06-09.25.49:696][  4]LogModuleManager: Shutting down and abandoning module MovieSceneTools (134)
[2015.11.06-09.25.49:696][  4]LogModuleManager: Shutting down and abandoning module OutputLog (133)
[2015.11.06-09.25.49:696][  4]LogModuleManager: Shutting down and abandoning module GammaUI (132)
[2015.11.06-09.25.49:696][  4]LogModuleManager: Shutting down and abandoning module Documentation (131)
[2015.11.06-09.25.49:696][  4]LogModuleManager: Shutting down and abandoning module GameLiveStreaming (130)
[2015.11.06-09.25.49:697][  4]LogModuleManager: Shutting down and abandoning module StreamingPauseRendering (129)
[2015.11.06-09.25.49:697][  4]LogModuleManager: Shutting down and abandoning module AnalyticsET (128)
[2015.11.06-09.25.49:697][  4]LogModuleManager: Shutting down and abandoning module Analytics (127)
[2015.11.06-09.25.49:697][  4]LogModuleManager: Shutting down and abandoning module AITestSuite (126)
[2015.11.06-09.25.49:697][  4]LogModuleManager: Shutting down and abandoning module GameplayDebugger (125)
[2015.11.06-09.25.49:697][  4]LogModuleManager: Shutting down and abandoning module AIModule (124)
[2015.11.06-09.25.49:697][  4]LogModuleManager: Shutting down and abandoning module ProfilerService (123)
[2015.11.06-09.25.49:863][  4]LogModuleManager: Shutting down and abandoning module TaskGraph (122)
[2015.11.06-09.25.49:863][  4]LogModuleManager: Shutting down and abandoning module SlateRemote (121)
[2015.11.06-09.25.49:863][  4]LogModuleManager: Shutting down and abandoning module SteamVRController (120)
[2015.11.06-09.25.49:863][  4]LogModuleManager: Shutting down and abandoning module SteamVR (119)
[2015.11.06-09.25.49:863][  4]LogModuleManager: Shutting down and abandoning module ProceduralMeshComponent (118)
[2015.11.06-09.25.49:863][  4]LogModuleManager: Shutting down and abandoning module OculusRift (117)
[2015.11.06-09.25.49:863][  4]LogModuleManager: Shutting down and abandoning module OculusLibrary (116)
[2015.11.06-09.25.49:863][  4]LogModuleManager: Shutting down and abandoning module LeapMotionController (115)
[2015.11.06-09.25.49:880][  4]LogModuleManager: Shutting down and abandoning module CustomMeshComponent (114)
[2015.11.06-09.25.49:880][  4]LogModuleManager: Shutting down and abandoning module CableComponent (113)
[2015.11.06-09.25.49:880][  4]LogModuleManager: Shutting down and abandoning module ArchVisCharacter (112)
[2015.11.06-09.25.49:880][  4]LogModuleManager: Shutting down and abandoning module MessagingDebugger (111)
[2015.11.06-09.25.49:880][  4]LogModuleManager: Shutting down and abandoning module MediaPlayerEditor (110)
[2015.11.06-09.25.49:880][  4]LogModuleManager: Shutting down and abandoning module HTML5Networking (109)
[2015.11.06-09.25.49:880][  4]LogModuleManager: Shutting down and abandoning module SpeedTreeImporter (108)
[2015.11.06-09.25.49:880][  4]LogModuleManager: Shutting down and abandoning module PluginBrowser (107)
[2015.11.06-09.25.49:880][  4]LogModuleManager: Shutting down and abandoning module EpicSurvey (106)
[2015.11.06-09.25.49:880][  4]LogModuleManager: Shutting down and abandoning module DesktopPlatform (105)
[2015.11.06-09.25.49:880][  4]LogModuleManager: Shutting down and abandoning module VisualStudioSourceCodeAccess (104)
[2015.11.06-09.25.49:880][  4]LogModuleManager: Shutting down and abandoning module UObjectPlugin (103)
[2015.11.06-09.25.49:880][  4]LogModuleManager: Shutting down and abandoning module SubversionSourceControl (102)
[2015.11.06-09.25.49:880][  4]LogModuleManager: Shutting down and abandoning module PerforceSourceControl (101)
[2015.11.06-09.25.49:880][  4]LogModuleManager: Shutting down and abandoning module SourceControl (100)
[2015.11.06-09.25.49:880][  4]LogModuleManager: Shutting down and abandoning module GitSourceControl (99)
[2015.11.06-09.25.49:880][  4]LogModuleManager: Shutting down and abandoning module LightPropagationVolumeEditor (98)
[2015.11.06-09.25.49:880][  4]LogModuleManager: Shutting down and abandoning module PaperTiledImporter (97)
[2015.11.06-09.25.49:880][  4]LogModuleManager: Shutting down and abandoning module PaperSpriteSheetImporter (96)
[2015.11.06-09.25.49:880][  4]LogModuleManager: Shutting down and abandoning module MeshPaint (95)
[2015.11.06-09.25.49:880][  4]LogModuleManager: Shutting down and abandoning module SlateReflector (94)
[2015.11.06-09.25.49:880][  4]LogModuleManager: Shutting down and abandoning module HotReload (93)
[2015.11.06-09.25.49:881][  4]LogModuleManager: Shutting down and abandoning module MainFrame (92)
[2015.11.06-09.25.49:881][  4]LogModuleManager: Shutting down and abandoning module LevelEditor (91)
[2015.11.06-09.25.49:882][  4]LogModuleManager: Shutting down and abandoning module DirectoryWatcher (90)
[2015.11.06-09.25.49:883][  4]LogModuleManager: Shutting down and abandoning module AssetRegistry (89)
[2015.11.06-09.25.49:951][  4]LogModuleManager: Shutting down and abandoning module ContentBrowser (88)
[2015.11.06-09.25.49:952][  4]LogModuleManager: Shutting down and abandoning module Paper2DEditor (87)
[2015.11.06-09.25.49:952][  4]LogModuleManager: Shutting down and abandoning module BOS (86)
[2015.11.06-09.25.49:952][  4]LogModuleManager: Shutting down and abandoning module UdpMessaging (85)
[2015.11.06-09.25.50:053][  4]LogModuleManager: Shutting down and abandoning module LightPropagationVolumeRuntime (84)
[2015.11.06-09.25.50:053][  4]LogModuleManager: Shutting down and abandoning module Paper2D (83)
[2015.11.06-09.25.50:053][  4]LogModuleManager: Shutting down and abandoning module WindowsMoviePlayer (82)
[2015.11.06-09.25.50:058][  4]LogModuleManager: Shutting down and abandoning module Media (81)
[2015.11.06-09.25.50:058][  4]LogModuleManager: Shutting down and abandoning module WmfMedia (80)
[2015.11.06-09.25.50:058][  4]LogModuleManager: Shutting down and abandoning module OnlineBlueprintSupport (79)
[2015.11.06-09.25.50:058][  4]LogModuleManager: Shutting down and abandoning module GameplayTasksEditor (78)
[2015.11.06-09.25.50:058][  4]LogModuleManager: Shutting down and abandoning module PropertyEditor (77)
[2015.11.06-09.25.50:058][  4]LogModuleManager: Shutting down and abandoning module BehaviorTreeEditor (76)
[2015.11.06-09.25.50:058][  4]LogModuleManager: Shutting down and abandoning module FunctionalTesting (75)
[2015.11.06-09.25.50:058][  4]LogModuleManager: Shutting down and abandoning module CollisionAnalyzer (74)
[2015.11.06-09.25.50:058][  4]LogModuleManager: Shutting down and abandoning module WorkspaceMenuStructure (73)
[2015.11.06-09.25.50:058][  4]LogModuleManager: Shutting down and abandoning module MessageLog (72)
[2015.11.06-09.25.50:058][  4]LogModuleManager: Shutting down and abandoning module Sequencer (71)
[2015.11.06-09.25.50:058][  4]LogModuleManager: Shutting down and abandoning module AssetTools (70)
[2015.11.06-09.25.50:058][  4]LogModuleManager: Shutting down and abandoning module UMGEditor (69)
[2015.11.06-09.25.50:058][  4]LogModuleManager: Shutting down and abandoning module UMG (68)
[2015.11.06-09.25.50:058][  4]LogModuleManager: Shutting down and abandoning module Slate (67)
[2015.11.06-09.25.50:058][  4]LogModuleManager: Shutting down and abandoning module EditorStyle (66)
[2015.11.06-09.25.50:062][  4]LogModuleManager: Shutting down and abandoning module SessionServices (65)
[2015.11.06-09.25.50:062][  4]LogModuleManager: Shutting down and abandoning module SourceCodeAccess (64)
[2015.11.06-09.25.50:062][  4]LogModuleManager: Shutting down and abandoning module HeadMountedDisplay (63)
[2015.11.06-09.25.50:062][  4]LogModuleManager: Shutting down and abandoning module XAudio2 (62)
[2015.11.06-09.25.50:062][  4]LogModuleManager: Shutting down and abandoning module Networking (60)
[2015.11.06-09.25.50:062][  4]LogModuleManager: Shutting down and abandoning module Core (59)
[2015.11.06-09.25.50:062][  4]LogModuleManager: Shutting down and abandoning module KismetCompiler (58)
[2015.11.06-09.25.50:062][  4]LogModuleManager: Shutting down and abandoning module PhysXFormats (57)
[2015.11.06-09.25.50:062][  4]LogModuleManager: Shutting down and abandoning module MeshUtilities (56)
[2015.11.06-09.25.50:062][  4]LogModuleManager: Shutting down and abandoning module CookingStats (55)
[2015.11.06-09.25.50:063][  4]LogModuleManager: Shutting down and abandoning module DerivedDataCache (54)
[2015.11.06-09.25.50:116][  4]LogDerivedDataCache: Shutdown
[2015.11.06-09.25.50:116][  4]LogModuleManager: Shutting down and abandoning module ShaderFormatOpenGL (53)
[2015.11.06-09.25.50:116][  4]LogModuleManager: Shutting down and abandoning module ShaderFormatD3D (52)
[2015.11.06-09.25.50:116][  4]LogModuleManager: Shutting down and abandoning module MetalShaderFormat (51)
[2015.11.06-09.25.50:116][  4]LogModuleManager: Shutting down and abandoning module TextureFormatUncompressed (50)
[2015.11.06-09.25.50:116][  4]LogModuleManager: Shutting down and abandoning module TextureFormatPVR (49)
[2015.11.06-09.25.50:116][  4]LogModuleManager: Shutting down and abandoning module TextureFormatIntelISPCTexComp (48)
[2015.11.06-09.25.50:116][  4]LogModuleManager: Shutting down and abandoning module TextureFormatDXT (47)
[2015.11.06-09.25.50:116][  4]LogModuleManager: Shutting down and abandoning module ImageWrapper (46)
[2015.11.06-09.25.50:116][  4]LogModuleManager: Shutting down and abandoning module TextureFormatASTC (45)
[2015.11.06-09.25.50:116][  4]LogModuleManager: Shutting down and abandoning module TextureFormatAndroid (44)
[2015.11.06-09.25.50:116][  4]LogModuleManager: Shutting down and abandoning module AudioFormatOpus (43)
[2015.11.06-09.25.50:116][  4]LogModuleManager: Shutting down and abandoning module AudioFormatOgg (42)
[2015.11.06-09.25.50:116][  4]LogModuleManager: Shutting down and abandoning module AudioFormatADPCM (41)
[2015.11.06-09.25.50:116][  4]LogModuleManager: Shutting down and abandoning module LinuxTargetPlatform (40)
[2015.11.06-09.25.50:117][  4]LogModuleManager: Shutting down and abandoning module LinuxServerTargetPlatform (39)
[2015.11.06-09.25.50:117][  4]LogModuleManager: Shutting down and abandoning module LinuxNoEditorTargetPlatform (38)
[2015.11.06-09.25.50:117][  4]LogModuleManager: Shutting down and abandoning module Messaging (37)
[2015.11.06-09.25.50:117][  4]LogModuleManager: Shutting down and abandoning module IOSTargetPlatform (36)
[2015.11.06-09.25.50:117][  4]LogModuleManager: Shutting down and abandoning module HTML5TargetPlatform (35)
[2015.11.06-09.25.50:117][  4]LogModuleManager: Shutting down and abandoning module Android_PVRTCTargetPlatform (34)
[2015.11.06-09.25.50:117][  4]LogModuleManager: Shutting down and abandoning module Android_ETC2TargetPlatform (33)
[2015.11.06-09.25.50:117][  4]LogModuleManager: Shutting down and abandoning module Android_ETC1TargetPlatform (32)
[2015.11.06-09.25.50:117][  4]LogModuleManager: Shutting down and abandoning module Android_DXTTargetPlatform (31)
[2015.11.06-09.25.50:117][  4]LogModuleManager: Shutting down and abandoning module Android_ATCTargetPlatform (30)
[2015.11.06-09.25.50:117][  4]LogModuleManager: Shutting down and abandoning module Android_ASTCTargetPlatform (29)
[2015.11.06-09.25.50:117][  4]LogModuleManager: Shutting down and abandoning module AndroidTargetPlatform (28)
[2015.11.06-09.25.50:117][  4]LogModuleManager: Shutting down and abandoning module WindowsTargetPlatform (27)
[2015.11.06-09.25.50:117][  4]LogModuleManager: Shutting down and abandoning module WindowsServerTargetPlatform (26)
[2015.11.06-09.25.50:117][  4]LogModuleManager: Shutting down and abandoning module WindowsNoEditorTargetPlatform (25)
[2015.11.06-09.25.50:117][  4]LogModuleManager: Shutting down and abandoning module WindowsClientTargetPlatform (24)
[2015.11.06-09.25.50:117][  4]LogModuleManager: Shutting down and abandoning module AllDesktopTargetPlatform (23)
[2015.11.06-09.25.50:117][  4]LogModuleManager: Shutting down and abandoning module TargetPlatform (22)
[2015.11.06-09.25.50:117][  4]LogModuleManager: Shutting down and abandoning module InputCore (21)
[2015.11.06-09.25.50:117][  4]LogModuleManager: Shutting down and abandoning module Settings (20)
[2015.11.06-09.25.50:117][  4]LogModuleManager: Shutting down and abandoning module OnlineSubsystem (18)
[2015.11.06-09.25.50:117][  4]LogModuleManager: Shutting down and abandoning module HTTP (17)
[2015.11.06-09.25.52:121][  4]LogModuleManager: Shutting down and abandoning module XMPP (16)
[2015.11.06-09.25.52:121][  4]LogModuleManager: Shutting down and abandoning module ExampleDeviceProfileSelector (15)
[2015.11.06-09.25.52:121][  4]LogModuleManager: Shutting down and abandoning module TextureCompressor (14)
[2015.11.06-09.25.52:121][  4]LogModuleManager: Shutting down and abandoning module ShaderCore (13)
[2015.11.06-09.25.52:121][  4]LogModuleManager: Shutting down and abandoning module Landscape (12)
[2015.11.06-09.25.52:121][  4]LogModuleManager: Shutting down and abandoning module SlateRHIRenderer (11)
[2015.11.06-09.25.52:123][  4]LogModuleManager: Shutting down and abandoning module OpenGLDrv (10)
[2015.11.06-09.25.52:123][  4]LogModuleManager: Shutting down and abandoning module D3D11RHI (9)
[2015.11.06-09.25.52:123][  4]LogModuleManager: Shutting down and abandoning module AnimGraphRuntime (8)
[2015.11.06-09.25.52:123][  4]LogModuleManager: Shutting down and abandoning module Renderer (7)
[2015.11.06-09.25.52:123][  4]LogModuleManager: Shutting down and abandoning module Engine (6)
[2015.11.06-09.25.52:123][  4]LogModuleManager: Shutting down and abandoning module CoreUObject (5)
[2015.11.06-09.25.52:123][  4]LogModuleManager: Shutting down and abandoning module NetworkFile (4)
[2015.11.06-09.25.52:123][  4]LogModuleManager: Shutting down and abandoning module StreamingFile (3)
[2015.11.06-09.25.52:123][  4]LogModuleManager: Shutting down and abandoning module SandboxFile (2)
[2015.11.06-09.25.52:123][  4]LogModuleManager: Shutting down and abandoning module PakFile (1)
[2015.11.06-09.25.52:124][  4]LogExit: Exiting.
[2015.11.06-09.25.52:126][  4]Log file closed, 11/06/15 10:25:52
