[2015.11.06-09.40.56:940][  0]Log file open, 11/06/15 10:40:56
[2015.11.06-09.40.56:940][  0]LogInit:Display: Running engine for game: BOS
[2015.11.06-09.40.56:940][  0]LogInit:Display: RandInit(-924464955) SRandInit(-924464955).
[2015.11.06-09.40.56:940][  0]LogTaskGraph: Started task graph with 4 named threads and 7 total threads.
[2015.11.06-09.40.56:940][  0]LogStats: Stats thread started at 0.146362
[2015.11.06-09.40.56:940][  0]LogInit: Version: 4.9.2-2707645+++depot+UE4-Releases+4.9
[2015.11.06-09.40.56:940][  0]LogInit: API Version: 2672455
[2015.11.06-09.40.56:940][  0]LogInit: Compiled (64-bit): Sep 28 2015 10:25:44
[2015.11.06-09.40.56:940][  0]LogInit: Compiled with Visual C++: 18.00.21005.01
[2015.11.06-09.40.56:940][  0]LogInit: Build Configuration: Development
[2015.11.06-09.40.56:940][  0]LogInit: Branch Name: ++depot+UE4-Releases+4.9
[2015.11.06-09.40.56:940][  0]LogInit: Command line:  
[2015.11.06-09.40.56:940][  0]LogInit: Base directory: C:/Program Files/Epic Games/4.9/Engine/Binaries/Win64/
[2015.11.06-09.40.56:940][  0]LogInit: Rocket: 1
[2015.11.06-09.40.56:962][  0]LogInit: Using libcurl 7.41.0
[2015.11.06-09.40.56:962][  0]LogInit:  - built for x86_64-pc-win32
[2015.11.06-09.40.56:962][  0]LogInit:  - supports SSL with WinSSL
[2015.11.06-09.40.56:962][  0]LogInit:  - other features:
[2015.11.06-09.40.56:962][  0]LogInit:      CURL_VERSION_SSL
[2015.11.06-09.40.56:962][  0]LogInit:      CURL_VERSION_IPV6
[2015.11.06-09.40.56:962][  0]LogInit:      CURL_VERSION_ASYNCHDNS
[2015.11.06-09.40.56:962][  0]LogInit:      CURL_VERSION_LARGEFILE
[2015.11.06-09.40.56:962][  0]LogInit:      CURL_VERSION_IDN
[2015.11.06-09.40.56:962][  0]LogInit:  CurlRequestOptions (configurable via config and command line):
[2015.11.06-09.40.56:962][  0]LogInit:  - bVerifyPeer = true  - Libcurl will verify peer certificate
[2015.11.06-09.40.56:962][  0]LogInit:  - bUseHttpProxy = false  - Libcurl will NOT use HTTP proxy
[2015.11.06-09.40.56:962][  0]LogInit:  - bDontReuseConnections = false  - Libcurl will reuse connections
[2015.11.06-09.40.56:962][  0]LogInit:  - CertBundlePath = nullptr  - Libcurl will use whatever was configured at build time.
[2015.11.06-09.40.56:974][  0]LogInit: Presizing for 0 objects not considered by GC, pre-allocating 0 bytes.
[2015.11.06-09.40.56:994][  0]LogInit: Object subsystem initialized
[2015.11.06-09.40.56:998][  0]LogInit: Selected Device Profile: [Windows]
[2015.11.06-09.40.56:998][  0]LogInit: Applying CVar settings loaded from the selected device profile: [Windows]
[2015.11.06-09.40.57:014][  0]LogInit: Computer: HENRIKLAP
[2015.11.06-09.40.57:014][  0]LogInit: User: Henrik
[2015.11.06-09.40.57:014][  0]LogInit: CPU Page size=4096, Cores=4
[2015.11.06-09.40.57:014][  0]LogInit: High frequency timer resolution =2.436851 MHz
[2015.11.06-09.40.57:014][  0]LogMemory: Memory total: Physical=7.4GB (8GB approx)
[2015.11.06-09.40.57:014][  0]LogMemory: Platform Memory Stats for Windows
[2015.11.06-09.40.57:014][  0]LogMemory: Process Physical Memory: 52.60 MB used, 52.60 MB peak
[2015.11.06-09.40.57:014][  0]LogMemory: Process Virtual Memory: 57.99 MB used, 57.99 MB peak
[2015.11.06-09.40.57:014][  0]LogMemory: Physical Memory: 3490.14 MB used, 7626.27 MB total
[2015.11.06-09.40.57:014][  0]LogMemory: Virtual Memory: 346.09 MB used, 134217728.00 MB total
[2015.11.06-09.40.57:056][  0]LogTextLocalizationManager: No translations for ('sv-SE') exist, falling back to 'en' for localization and internationalization data.
[2015.11.06-09.40.58:736][  0]LogD3D11RHI: Found D3D11 adapter 0: AMD Radeon HD 8650G + HD 8750M Dual Graphics (Feature Level 11_0)
[2015.11.06-09.40.58:736][  0]LogD3D11RHI: Adapter has 2525MB of dedicated video memory, 0MB of dedicated system memory, and 3584MB of shared system memory, 1 output[s]
[2015.11.06-09.40.58:738][  0]LogD3D11RHI: Found D3D11 adapter 1: Microsoft Basic Render Driver (Feature Level 11_0)
[2015.11.06-09.40.58:738][  0]LogD3D11RHI: Adapter has 0MB of dedicated video memory, 0MB of dedicated system memory, and 256MB of shared system memory, 0 output[s]
[2015.11.06-09.40.58:739][  0]LogD3D11RHI: Chosen D3D11 Adapter Id = 0
[2015.11.06-09.40.58:747][  0]LogD3D11RHI: !Direct3DDevice
[2015.11.06-09.40.58:747][  0]LogRHI: Texture pool is 1361 MB (70% of 1945 MB)
[2015.11.06-09.40.58:760][  0]LogD3D11RHI: Async texture creation disabled: no driver support
[2015.11.06-09.40.58:773][  0]LogShaderCompilers: Guid format shader working directory is 15 characters bigger than the processId version (../../../../../../Users/Henrik/Documents/GitHub/Balls-of-steel/BOS/Intermediate/Shaders/WorkingDirectory/4872/).
[2015.11.06-09.40.58:773][  0]LogShaderCompilers: Cleaned the shader compiler working directory '../../../../../../Users/Henrik/Documents/GitHub/Balls-of-steel/BOS/Intermediate/Shaders/tmp/88EE952F4530CA0052DF37ABFAC7F9B5/'.
[2015.11.06-09.40.58:773][  0]LogShaderCompilers:Display: Using Local Shader Compiler.
[2015.11.06-09.41.01:134][  0]LogTemp:Display: Loaded TP AllDesktopTargetPlatform
[2015.11.06-09.41.01:146][  0]LogTemp:Display: Loaded TP WindowsClientTargetPlatform
[2015.11.06-09.41.01:154][  0]LogTemp:Display: Loaded TP WindowsNoEditorTargetPlatform
[2015.11.06-09.41.01:165][  0]LogTemp:Display: Loaded TP WindowsServerTargetPlatform
[2015.11.06-09.41.01:173][  0]LogTemp:Display: Loaded TP WindowsTargetPlatform
[2015.11.06-09.41.01:179][  0]LogTemp:Display: Loaded TP AndroidTargetPlatform
[2015.11.06-09.41.01:187][  0]LogTemp:Display: Loaded TP Android_ASTCTargetPlatform
[2015.11.06-09.41.01:196][  0]LogTemp:Display: Loaded TP Android_ATCTargetPlatform
[2015.11.06-09.41.01:206][  0]LogTemp:Display: Loaded TP Android_DXTTargetPlatform
[2015.11.06-09.41.01:217][  0]LogTemp:Display: Loaded TP Android_ETC1TargetPlatform
[2015.11.06-09.41.01:223][  0]LogTemp:Display: Loaded TP Android_ETC2TargetPlatform
[2015.11.06-09.41.01:229][  0]LogTemp:Display: Loaded TP Android_PVRTCTargetPlatform
[2015.11.06-09.41.01:230][  0]LogTemp:Display: Loaded TP HTML5TargetPlatform
[2015.11.06-09.41.01:252][  0]LogTemp:Display: Loaded TP IOSTargetPlatform
[2015.11.06-09.41.01:258][  0]LogTemp:Display: Loaded TP LinuxNoEditorTargetPlatform
[2015.11.06-09.41.01:267][  0]LogTemp:Display: Loaded TP LinuxServerTargetPlatform
[2015.11.06-09.41.01:273][  0]LogTemp:Display: Loaded TP LinuxTargetPlatform
[2015.11.06-09.41.01:273][  0]LogTargetPlatformManager:Display: Building Assets For Windows
[2015.11.06-09.41.01:422][  0]LogDerivedDataCache:Display: Max Cache Size: 512 MB
[2015.11.06-09.41.01:536][  0]LogDerivedDataCache: Loaded boot cache 0.11s 46MB C:/Users/Henrik/AppData/Local/UnrealEngine/4.9/DerivedDataCache/Boot.ddc.
[2015.11.06-09.41.01:536][  0]LogDerivedDataCache:Display: Loaded Boot cache: C:/Users/Henrik/AppData/Local/UnrealEngine/4.9/DerivedDataCache/Boot.ddc
[2015.11.06-09.41.01:536][  0]LogDerivedDataCache: FDerivedDataBackendGraph:  Pak pak cache file ../../../../../../Users/Henrik/Documents/GitHub/Balls-of-steel/BOS/DerivedDataCache/DDC.ddp not found, will not use a pak cache.
[2015.11.06-09.41.01:536][  0]LogDerivedDataCache: Unable to find inner node Pak for hierarchical cache Hierarchy.
[2015.11.06-09.41.01:536][  0]LogDerivedDataCache: FDerivedDataBackendGraph:  CompressedPak pak cache file ../../../../../../Users/Henrik/Documents/GitHub/Balls-of-steel/BOS/DerivedDataCache/Compressed.ddp not found, will not use a pak cache.
[2015.11.06-09.41.01:536][  0]LogDerivedDataCache: Unable to find inner node CompressedPak for hierarchical cache Hierarchy.
[2015.11.06-09.41.01:809][  0]LogDerivedDataCache:Display: Pak cache opened for reading ../../../Engine/DerivedDataCache/Compressed.ddp.
[2015.11.06-09.41.01:827][  0]LogDerivedDataCache: Using Local data cache path C:/Users/Henrik/AppData/Local/UnrealEngine/Common/DerivedDataCache: Writable
[2015.11.06-09.41.02:172][  0]LogInit: Selected Device Profile: [Windows]
[2015.11.06-09.41.02:180][  0]LogContentStreaming: Texture pool size is 0.000000MB
[2015.11.06-09.41.02:404][  0]LogMeshUtilities: No automatic mesh reduction module available
[2015.11.06-09.41.02:404][  0]LogMeshUtilities: No automatic mesh merging module available
[2015.11.06-09.41.02:908][  0]LogInit: WinSock: version 1.1 (2.2), MaxSocks=32767, MaxUdp=65467
[2015.11.06-09.41.04:073][  0]UdpMessaging: Initializing bridge on interface 0.0.0.0:0 to multicast group 230.0.0.1:6666.
[2015.11.06-09.41.04:152][  0]LogLinker:Warning: Asset '../../../../../../Users/Henrik/Documents/GitHub/Balls-of-steel/BOS/Content/Rolling/Meshes/BallMesh.uasset' has been saved with empty engine version. The asset will be loaded but may be incompatible.
[2015.11.06-09.41.04:153][  0]LogLinker:Warning: Asset '../../../../../../Users/Henrik/Documents/GitHub/Balls-of-steel/BOS/Content/Rolling/Materials/M_Blue_Checker.uasset' has been saved with empty engine version. The asset will be loaded but may be incompatible.
[2015.11.06-09.41.04:154][  0]LogLinker:Warning: Asset '../../../../../../Users/Henrik/Documents/GitHub/Balls-of-steel/BOS/Content/Rolling/Materials/PM_Ball.uasset' has been saved with empty engine version. The asset will be loaded but may be incompatible.
[2015.11.06-09.41.04:409][  0]LogAssetRegistry: FAssetRegistry took 0.0109 seconds to start up
[2015.11.06-09.41.04:762][  0]SourceControl: Info Source control is disabled
[2015.11.06-09.41.04:778][  0]SourceControl: Info Source control is disabled
[2015.11.06-09.41.04:803][  0]SourceControl: Info Source control is disabled
[2015.11.06-09.41.04:826][  0]SourceControl: Info Source control is disabled
[2015.11.06-09.41.05:112][  0]LogLinker:Warning: Asset '../../../Engine/Plugins/Runtime/LeapMotionController/Content/LM_PassthroughMaterial.uasset' has been saved with empty engine version. The asset will be loaded but may be incompatible.
[2015.11.06-09.41.05:251][  0]LogObj: 29662 objects as part of root set at end of initial load.
[2015.11.06-09.41.05:251][  0]LogUObjectAllocator: 6510536 out of 0 bytes used by permanent object pool.
[2015.11.06-09.41.05:349][  0]LogEngine: Initializing Engine...
[2015.11.06-09.41.05:353][  0]LogHMD: Can't find Oculus library dev build: is proper Runtime installed? Version: 0.7.0.0
[2015.11.06-09.41.05:354][  0]LogHMD: SteamVR failed to initialize.  Err: 110
[2015.11.06-09.41.05:598][  0]LogAIModule: Creating AISystem for world NewWorld
[2015.11.06-09.41.05:603][  0]LogInit: XAudio2 using 'Speakers (Realtek High Definition Audio)' : 2 channels at 48 kHz using 32 bits per sample (channel mask 0x3)
[2015.11.06-09.41.05:620][  0]LogInit: FAudioDevice initialized.
[2015.11.06-09.41.05:677][  0]LogDerivedDataCache: Saved boot cache 0.06s 46MB C:/Users/Henrik/AppData/Local/UnrealEngine/4.9/DerivedDataCache/Boot.ddc.
[2015.11.06-09.41.05:691][  0]LogInit: Texture streaming: Enabled
[2015.11.06-09.41.05:702][  0]LogAnalytics: Creating configured Analytics provider AnalyticsET
[2015.11.06-09.41.05:702][  0]LogAnalytics: [UEEditor.Rocket.Release] APIServer = http://et2.epicgames.com/ET2/. AppVersion = 4.9.2-2707645+++depot+UE4-Releases+4.9
[2015.11.06-09.41.05:702][  0]LogAnalytics: [UEEditor.Rocket.Release] SetUserId acaf962148b56d9743bd72afeabcbeb9|c8ac3edb00a24d41af0fa96f246ba628|0c8c2f6c-a153-4eda-82c3-243060fd3001
[2015.11.06-09.41.05:702][  0]LogAnalytics: [UEEditor.Rocket.Release] AnalyticsET::StartSession
[2015.11.06-09.41.05:754][  0]LogInit: Transaction tracking system initialized
[2015.11.06-09.41.05:812][  0]BlueprintLog: New page: Editor Load
[2015.11.06-09.41.06:024][  0]LocalizationService: Info Localization service is disabled
[2015.11.06-09.41.06:408][  0]LogConsoleResponse:Display: 
[2015.11.06-09.41.06:669][  0]LogCook:Display: Done creating registry. It took  0.00s.
[2015.11.06-09.41.06:780][  0]LogFileCache: Scanning file cache for directory 'C:/Users/Henrik/Documents/GitHub/Balls-of-steel/BOS/Content/' took 0.02s
[2015.11.06-09.41.06:780][  0]SourceControl: Info Source control is disabled
[2015.11.06-09.41.06:780][  0]Cmd: MAP LOAD FILE="../../../../../../Users/Henrik/Documents/GitHub/Balls-of-steel/BOS/Content/RollingCPP/Maps/MainMenu.umap" TEMPLATE=0 SHOWPROGRESS=1 FEATURELEVEL=3
[2015.11.06-09.41.06:781][  0]LightingResults: New page: Lighting Build
[2015.11.06-09.41.06:788][  0]MapCheck: New page: Map Check
[2015.11.06-09.41.06:788][  0]LightingResults: New page: Lighting Build
[2015.11.06-09.41.06:811][  0]LogParticles: Destroying 0 GPU particle simulations for FXSystem 0x000000E3C1582160
[2015.11.06-09.41.07:147][  0]LogAIModule: Creating AISystem for world MainMenu
[2015.11.06-09.41.07:159][  0]LogEditorServer: Finished looking for orphan Actors (0.000 secs)
[2015.11.06-09.41.07:160][  0]Cmd: MAP CHECKDEP NOCLEARLOG
[2015.11.06-09.41.07:300][  0]MapCheck: Info Map check complete: 0 Error(s), 0 Warning(s), took 139.581ms to complete.
[2015.11.06-09.41.07:300][  0]LogFileHelpers: Loading map 'MainMenu' took 0.520
[2015.11.06-09.41.07:492][  0]LogCollectionManager: Loaded 0 collections in 0.005176 seconds
[2015.11.06-09.41.07:551][  0]LogFileCache: Scanning file cache for directory 'C:/Users/Henrik/Documents/GitHub/Balls-of-steel/BOS/Saved/Collections/' took 0.01s
[2015.11.06-09.41.07:551][  0]LogFileCache: Scanning file cache for directory 'C:/Users/Henrik/Documents/GitHub/Balls-of-steel/BOS/Content/Developers/Henrik/Collections/' took 0.01s
[2015.11.06-09.41.07:551][  0]LogFileCache: Scanning file cache for directory 'C:/Users/Henrik/Documents/GitHub/Balls-of-steel/BOS/Content/Collections/' took 0.01s
[2015.11.06-09.41.07:551][  0]LogContentBrowser: Native class hierarchy populated in 0.0224 seconds. Added 1875 classes and 335 folders.
[2015.11.06-09.41.07:562][  0]LogCollectionManager: Rebuilt the GUID cache for 0 collections in 0.000005 seconds
[2015.11.06-09.41.07:580][  0]LogContentBrowser: Native class hierarchy updated for 'WidgetCarousel' in 0.0030 seconds. Added 0 classes and 0 folders.
[2015.11.06-09.41.07:685][  0]LogContentBrowser: Native class hierarchy updated for 'AddContentDialog' in 0.0026 seconds. Added 0 classes and 0 folders.
[2015.11.06-09.41.07:696][  0]LogContentBrowser: Native class hierarchy updated for 'SceneOutliner' in 0.0026 seconds. Added 1 classes and 2 folders.
[2015.11.06-09.41.07:744][  0]LogCrashTracker: Crashtracker disabled due to settings.
[2015.11.06-09.41.07:751][  0]LogUObjectGlobals:Warning: Failed to find object 'Class None.'
[2015.11.06-09.41.07:774][  0]LogLoad: Full Startup: 12.78 seconds (BP compile: 0.10 seconds)
[2015.11.06-09.41.07:873][  0]LogContentStreaming: Texture pool size now 400 MB
[2015.11.06-09.41.08:100][  0]LogRenderer: Reallocating scene render targets to support 848x356 (Frame:2).
[2015.11.06-09.41.08:701][  7]LogAssetRegistry: Asset discovery search completed in 4.3030 seconds
[2015.11.06-09.41.08:701][  7]LogCollectionManager: Rebuilt the object cache for 0 collections in 0.000001 seconds (found 0 objects)
[2015.11.06-09.41.08:701][  7]LogCollectionManager: Fixed up redirectors for 0 collections in 0.000050 seconds (updated 0 objects)
[2015.11.06-09.41.27:431][702]LogAIModule: Creating AISystem for world Map2
[2015.11.06-09.41.27:735][702]Cmd: MAP LOAD FILE="../../../../../../Users/Henrik/Documents/GitHub/Balls-of-steel/BOS/Content/RollingCPP/Maps/Map2.umap" TEMPLATE=0 SHOWPROGRESS=1 FEATURELEVEL=3
[2015.11.06-09.41.27:736][702]LightingResults: New page: Lighting Build
[2015.11.06-09.41.27:773][702]LoadErrors: New page: Loading map: Map2.umap
[2015.11.06-09.41.27:774][702]MapCheck: New page: Map Check
[2015.11.06-09.41.27:774][702]LightingResults: New page: Lighting Build
[2015.11.06-09.41.27:803][702]LogParticles: Destroying 0 GPU particle simulations for FXSystem 0x000000E3B8F6AA20
[2015.11.06-09.41.27:857][702]LogEditorServer: Finished looking for orphan Actors (0.000 secs)
[2015.11.06-09.41.27:996][702]Cmd: MAP CHECKDEP NOCLEARLOG
[2015.11.06-09.41.28:228][702]MapCheck: Info Map check complete: 0 Error(s), 0 Warning(s), took 231.913ms to complete.
[2015.11.06-09.41.28:230][702]LogFileHelpers: Loading map 'Map2' took 0.496
[2015.11.06-09.41.31:023][951]LogPlayLevel: PlayLevel: No blueprints needed recompiling
[2015.11.06-09.41.31:025][951]PIE: New page: PIE session: Map2 (Nov 6, 2015, 11:41:31 AM)
[2015.11.06-09.41.31:025][951]LogPlayLevel: Creating play world package: /Game/RollingCPP/Maps/UEDPIE_1_Map2
[2015.11.06-09.41.32:015][951]LogPlayLevel: PIE: StaticDuplicateObject took: (0.990629s)
[2015.11.06-09.41.32:017][951]LogAIModule: Creating AISystem for world Map2
[2015.11.06-09.41.32:017][951]LogPlayLevel: PIE: World Init took: (0.001646s)
[2015.11.06-09.41.32:017][951]LogPlayLevel: PIE: Created PIE world by copying editor world from /Game/RollingCPP/Maps/Map2.Map2 to /Game/RollingCPP/Maps/UEDPIE_1_Map2.Map2 (0.992609s)
[2015.11.06-09.41.32:052][951]LogInit: XAudio2 using 'Speakers (Realtek High Definition Audio)' : 2 channels at 48 kHz using 32 bits per sample (channel mask 0x3)
[2015.11.06-09.41.32:066][951]LogInit: FAudioDevice initialized.
[2015.11.06-09.41.32:115][951]LogWorld: Game class is 'BOSGameMode'
[2015.11.06-09.41.32:205][951]LogWorld: Bringing World /Game/RollingCPP/Maps/UEDPIE_1_Map2.Map2 up for play (max tick rate 0) at 2015.11.06-10.41.32
[2015.11.06-09.41.32:206][951]LogActor:Warning: GameSession /Game/RollingCPP/Maps/UEDPIE_1_Map2.Map2:PersistentLevel.GameSession_0 has natively added scene component(s), but none of them were set as the actor's RootComponent - picking one arbitrarily
[2015.11.06-09.41.32:206][951]LogActor:Warning: GameNetworkManager /Game/RollingCPP/Maps/UEDPIE_1_Map2.Map2:PersistentLevel.GameNetworkManager_0 has natively added scene component(s), but none of them were set as the actor's RootComponent - picking one arbitrarily
[2015.11.06-09.41.32:312][951]LogWorld: Bringing up level for play took: 0.194835
[2015.11.06-09.41.32:316][951]LogWindows:Error: Windows GetLastError: Åtgärden har slutförts. (0)
[2015.11.06-09.41.32:802][951]LogCrashTracker: 


[2015.11.06-09.41.32:806][951]LogCrashTracker: 


[2015.11.06-09.41.32:806][951]LogWindows: === Critical error: ===
Assertion failed: (Index >= 0) & (Index < ArrayNum) [File:C:\Program Files\Epic Games\4.9\Engine\Source\Runtime\Core\Public\Containers\Array.h] [Line: 678] 
Array index out of bounds: 0 from an array of size 0




[2015.11.06-09.41.33:091][951]LogExit: Executing StaticShutdownAfterError
[2015.11.06-09.41.33:112][951]LogPhysics:Warning: PHYSX: ..\..\PhysX\src\NpScene.cpp (2946) 8 : PxScene::unlockWrite() called without matching call to PxScene::lockWrite(), behaviour will be undefined.
[2015.11.06-09.41.33:113][951]LogPhysics:Warning: PHYSX: ..\..\PhysX\src\NpScene.cpp (2946) 8 : PxScene::unlockWrite() called without matching call to PxScene::lockWrite(), behaviour will be undefined.
[2015.11.06-09.41.33:113][951]LogPhysics:Warning: PHYSX: ..\..\PhysX\src\NpScene.cpp (2946) 8 : PxScene::unlockWrite() called without matching call to PxScene::lockWrite(), behaviour will be undefined.
[2015.11.06-09.41.33:113][951]LogPhysics:Warning: PHYSX: ..\..\PhysX\src\NpScene.cpp (2946) 8 : PxScene::unlockWrite() called without matching call to PxScene::lockWrite(), behaviour will be undefined.
[2015.11.06-09.41.33:113][951]LogWindows: FPlatformMisc::RequestExit(1)
[2015.11.06-09.41.33:113][951]Log file closed, 11/06/15 10:41:33
