[2015.12.01-14.40.59:855][  0]Log file open, 12/01/15 15:40:59
[2015.12.01-14.40.59:855][  0]LogInit:Display: Running engine for game: BOS
[2015.12.01-14.40.59:855][  0]LogInit:Display: RandInit(2125544192) SRandInit(2125544193).
[2015.12.01-14.40.59:855][  0]LogTaskGraph: Started task graph with 4 named threads and 7 total threads.
[2015.12.01-14.40.59:855][  0]LogStats: Stats thread started at 0.152787
[2015.12.01-14.40.59:855][  0]LogInit: Version: 4.9.1-2689999+++depot+UE4-Releases+4.9
[2015.12.01-14.40.59:855][  0]LogInit: API Version: 2672455
[2015.12.01-14.40.59:855][  0]LogInit: Compiled (64-bit): Sep 14 2015 04:12:03
[2015.12.01-14.40.59:855][  0]LogInit: Compiled with Visual C++: 18.00.21005.01
[2015.12.01-14.40.59:855][  0]LogInit: Build Configuration: Development
[2015.12.01-14.40.59:855][  0]LogInit: Branch Name: ++depot+UE4-Releases+4.9
[2015.12.01-14.40.59:855][  0]LogInit: Command line: 
[2015.12.01-14.40.59:855][  0]LogInit: Base directory: C:/Program Files/Epic Games/4.9/Engine/Binaries/Win64/
[2015.12.01-14.40.59:855][  0]LogInit: Rocket: 1
[2015.12.01-14.40.59:871][  0]LogInit: Using libcurl 7.41.0
[2015.12.01-14.40.59:871][  0]LogInit:  - built for x86_64-pc-win32
[2015.12.01-14.40.59:871][  0]LogInit:  - supports SSL with WinSSL
[2015.12.01-14.40.59:871][  0]LogInit:  - other features:
[2015.12.01-14.40.59:871][  0]LogInit:      CURL_VERSION_SSL
[2015.12.01-14.40.59:871][  0]LogInit:      CURL_VERSION_IPV6
[2015.12.01-14.40.59:871][  0]LogInit:      CURL_VERSION_ASYNCHDNS
[2015.12.01-14.40.59:871][  0]LogInit:      CURL_VERSION_LARGEFILE
[2015.12.01-14.40.59:871][  0]LogInit:      CURL_VERSION_IDN
[2015.12.01-14.40.59:871][  0]LogInit:  CurlRequestOptions (configurable via config and command line):
[2015.12.01-14.40.59:871][  0]LogInit:  - bVerifyPeer = true  - Libcurl will verify peer certificate
[2015.12.01-14.40.59:871][  0]LogInit:  - bUseHttpProxy = false  - Libcurl will NOT use HTTP proxy
[2015.12.01-14.40.59:871][  0]LogInit:  - bDontReuseConnections = false  - Libcurl will reuse connections
[2015.12.01-14.40.59:871][  0]LogInit:  - CertBundlePath = nullptr  - Libcurl will use whatever was configured at build time.
[2015.12.01-14.40.59:887][  0]LogInit: Presizing for 0 objects not considered by GC, pre-allocating 0 bytes.
[2015.12.01-14.40.59:902][  0]LogInit: Object subsystem initialized
[2015.12.01-14.40.59:902][  0]LogInit: Selected Device Profile: [Windows]
[2015.12.01-14.40.59:902][  0]LogInit: Applying CVar settings loaded from the selected device profile: [Windows]
[2015.12.01-14.40.59:919][  0]LogInit: Computer: SpellabbA332-13
[2015.12.01-14.40.59:919][  0]LogInit: User: Spellabbet
[2015.12.01-14.40.59:919][  0]LogInit: CPU Page size=4096, Cores=4
[2015.12.01-14.40.59:920][  0]LogInit: High frequency timer resolution =3.507501 MHz
[2015.12.01-14.40.59:920][  0]LogMemory: Memory total: Physical=15.9GB (16GB approx)
[2015.12.01-14.40.59:920][  0]LogMemory: Platform Memory Stats for Windows
[2015.12.01-14.40.59:921][  0]LogMemory: Process Physical Memory: 52.94 MB used, 52.94 MB peak
[2015.12.01-14.40.59:921][  0]LogMemory: Process Virtual Memory: 55.27 MB used, 55.27 MB peak
[2015.12.01-14.40.59:921][  0]LogMemory: Physical Memory: 4188.78 MB used, 16318.82 MB total
[2015.12.01-14.40.59:921][  0]LogMemory: Virtual Memory: 346.38 MB used, 134217728.00 MB total
[2015.12.01-14.40.59:974][  0]LogTextLocalizationManager: No translations for ('sv-SE') exist, falling back to 'en' for localization and internationalization data.
[2015.12.01-14.41.00:501][  0]LogD3D11RHI: Found D3D11 adapter 0: NVIDIA GeForce GTX 960 (Feature Level 11_0)
[2015.12.01-14.41.00:502][  0]LogD3D11RHI: Adapter has 1965MB of dedicated video memory, 0MB of dedicated system memory, and 2048MB of shared system memory, 1 output[s]
[2015.12.01-14.41.00:505][  0]LogD3D11RHI: Found D3D11 adapter 1: Microsoft Basic Render Driver (Feature Level 11_0)
[2015.12.01-14.41.00:505][  0]LogD3D11RHI: Adapter has 0MB of dedicated video memory, 0MB of dedicated system memory, and 256MB of shared system memory, 0 output[s]
[2015.12.01-14.41.00:505][  0]LogD3D11RHI: Chosen D3D11 Adapter Id = 0
[2015.12.01-14.41.00:508][  0]LogD3D11RHI: !Direct3DDevice
[2015.12.01-14.41.00:508][  0]LogRHI: Texture pool is 1361 MB (70% of 1945 MB)
[2015.12.01-14.41.00:581][  0]LogD3D11RHI: Async texture creation enabled
[2015.12.01-14.41.00:596][  0]LogShaderCompilers: Guid format shader working directory is 15 characters bigger than the processId version (../../../../../../Users/Spellabbet/Documents/Unreal Projects/Balls-of-steel/BOS/Intermediate/Shaders/WorkingDirectory/6452/).
[2015.12.01-14.41.00:596][  0]LogShaderCompilers: Cleaned the shader compiler working directory '../../../../../../Users/Spellabbet/Documents/Unreal Projects/Balls-of-steel/BOS/Intermediate/Shaders/tmp/9917B75447DC3C72EEF2D0A7268BB424/'.
[2015.12.01-14.41.00:597][  0]LogShaderCompilers:Display: Using Local Shader Compiler.
[2015.12.01-14.41.01:484][  0]LogTemp:Display: Loaded TP AllDesktopTargetPlatform
[2015.12.01-14.41.01:495][  0]LogTemp:Display: Loaded TP WindowsClientTargetPlatform
[2015.12.01-14.41.01:507][  0]LogTemp:Display: Loaded TP WindowsNoEditorTargetPlatform
[2015.12.01-14.41.01:518][  0]LogTemp:Display: Loaded TP WindowsServerTargetPlatform
[2015.12.01-14.41.01:529][  0]LogTemp:Display: Loaded TP WindowsTargetPlatform
[2015.12.01-14.41.01:534][  0]LogTemp:Display: Loaded TP AndroidTargetPlatform
[2015.12.01-14.41.01:538][  0]LogTemp:Display: Loaded TP Android_ASTCTargetPlatform
[2015.12.01-14.41.01:543][  0]LogTemp:Display: Loaded TP Android_ATCTargetPlatform
[2015.12.01-14.41.01:548][  0]LogTemp:Display: Loaded TP Android_DXTTargetPlatform
[2015.12.01-14.41.01:553][  0]LogTemp:Display: Loaded TP Android_ETC1TargetPlatform
[2015.12.01-14.41.01:559][  0]LogTemp:Display: Loaded TP Android_ETC2TargetPlatform
[2015.12.01-14.41.01:565][  0]LogTemp:Display: Loaded TP Android_PVRTCTargetPlatform
[2015.12.01-14.41.01:568][  0]LogTemp:Display: Loaded TP HTML5TargetPlatform
[2015.12.01-14.41.01:595][  0]LogTemp:Display: Loaded TP IOSTargetPlatform
[2015.12.01-14.41.01:600][  0]LogTemp:Display: Loaded TP LinuxNoEditorTargetPlatform
[2015.12.01-14.41.01:605][  0]LogTemp:Display: Loaded TP LinuxServerTargetPlatform
[2015.12.01-14.41.01:611][  0]LogTemp:Display: Loaded TP LinuxTargetPlatform
[2015.12.01-14.41.01:611][  0]LogTargetPlatformManager:Display: Building Assets For Windows
[2015.12.01-14.41.01:796][  0]LogDerivedDataCache:Display: Max Cache Size: 512 MB
[2015.12.01-14.41.01:833][  0]LogDerivedDataCache: Loaded boot cache 0.04s 47MB C:/Users/Spellabbet/AppData/Local/UnrealEngine/4.9/DerivedDataCache/Boot.ddc.
[2015.12.01-14.41.01:834][  0]LogDerivedDataCache:Display: Loaded Boot cache: C:/Users/Spellabbet/AppData/Local/UnrealEngine/4.9/DerivedDataCache/Boot.ddc
[2015.12.01-14.41.01:834][  0]LogDerivedDataCache: FDerivedDataBackendGraph:  Pak pak cache file ../../../../../../Users/Spellabbet/Documents/Unreal Projects/Balls-of-steel/BOS/DerivedDataCache/DDC.ddp not found, will not use a pak cache.
[2015.12.01-14.41.01:835][  0]LogDerivedDataCache: Unable to find inner node Pak for hierarchical cache Hierarchy.
[2015.12.01-14.41.01:835][  0]LogDerivedDataCache: FDerivedDataBackendGraph:  CompressedPak pak cache file ../../../../../../Users/Spellabbet/Documents/Unreal Projects/Balls-of-steel/BOS/DerivedDataCache/Compressed.ddp not found, will not use a pak cache.
[2015.12.01-14.41.01:835][  0]LogDerivedDataCache: Unable to find inner node CompressedPak for hierarchical cache Hierarchy.
[2015.12.01-14.41.01:940][  0]LogDerivedDataCache:Display: Pak cache opened for reading ../../../Engine/DerivedDataCache/Compressed.ddp.
[2015.12.01-14.41.01:953][  0]LogDerivedDataCache: Using Local data cache path C:/Users/Spellabbet/AppData/Local/UnrealEngine/Common/DerivedDataCache: Writable
[2015.12.01-14.41.02:092][  0]LogInit: Selected Device Profile: [Windows]
[2015.12.01-14.41.02:095][  0]LogContentStreaming: Texture pool size is 0.000000MB
[2015.12.01-14.41.02:196][  0]LogMeshUtilities: No automatic mesh reduction module available
[2015.12.01-14.41.02:196][  0]LogMeshUtilities: No automatic mesh merging module available
[2015.12.01-14.41.02:396][  0]LogInit: WinSock: version 1.1 (2.2), MaxSocks=32767, MaxUdp=65467
[2015.12.01-14.41.03:143][  0]UdpMessaging: Initializing bridge on interface 0.0.0.0:0 to multicast group 230.0.0.1:6666.
[2015.12.01-14.41.03:245][  0]LogLinker:Warning: Asset '../../../../../../Users/Spellabbet/Documents/Unreal Projects/Balls-of-steel/BOS/Content/Rolling/Materials/M_Blue_Checker.uasset' has been saved with empty engine version. The asset will be loaded but may be incompatible.
[2015.12.01-14.41.03:438][  0]LogAssetRegistry: FAssetRegistry took 0.0117 seconds to start up
[2015.12.01-14.41.03:671][  0]SourceControl: Info Source control is disabled
[2015.12.01-14.41.03:680][  0]SourceControl: Info Source control is disabled
[2015.12.01-14.41.03:695][  0]SourceControl: Info Source control is disabled
[2015.12.01-14.41.03:711][  0]SourceControl: Info Source control is disabled
[2015.12.01-14.41.03:878][  0]LogLinker:Warning: Asset '../../../Engine/Plugins/Runtime/LeapMotionController/Content/LM_PassthroughMaterial.uasset' has been saved with empty engine version. The asset will be loaded but may be incompatible.
[2015.12.01-14.41.03:975][  0]LogObj: 30613 objects as part of root set at end of initial load.
[2015.12.01-14.41.03:976][  0]LogUObjectAllocator: 6840968 out of 0 bytes used by permanent object pool.
[2015.12.01-14.41.04:042][  0]LogEngine: Initializing Engine...
[2015.12.01-14.41.04:044][  0]LogHMD: Can't find Oculus library dev build: is proper Runtime installed? Version: 0.7.0.0
[2015.12.01-14.41.04:046][  0]LogHMD: SteamVR failed to initialize.  Err: 110
[2015.12.01-14.41.04:151][  0]LogAIModule: Creating AISystem for world NewWorld
[2015.12.01-14.41.04:158][  0]LogInit: XAudio2 using 'Speakers (4- High Definition Audio Device)' : 2 channels at 44.1 kHz using 16 bits per sample (channel mask 0x3)
[2015.12.01-14.41.04:171][  0]LogInit: FAudioDevice initialized.
[2015.12.01-14.41.04:192][  0]LogDerivedDataCache: Saved boot cache 0.02s 47MB C:/Users/Spellabbet/AppData/Local/UnrealEngine/4.9/DerivedDataCache/Boot.ddc.
[2015.12.01-14.41.04:197][  0]LogInit: Texture streaming: Enabled
[2015.12.01-14.41.04:208][  0]LogAnalytics: Creating configured Analytics provider AnalyticsET
[2015.12.01-14.41.04:209][  0]LogAnalytics: [UEEditor.Rocket.Release] APIServer = http://et2.epicgames.com/ET2/. AppVersion = 4.9.1-2689999+++depot+UE4-Releases+4.9
[2015.12.01-14.41.04:209][  0]LogAnalytics: [UEEditor.Rocket.Release] SetUserId fc50aaa14c34ed003df04597b34f483e|4341a5fd2eb34d5fac8b0ca63d21fc83|060e5e79-a789-49c4-8abd-5d8b330400a7
[2015.12.01-14.41.04:209][  0]LogAnalytics: [UEEditor.Rocket.Release] AnalyticsET::StartSession
[2015.12.01-14.41.04:223][  0]LogInit: Transaction tracking system initialized
[2015.12.01-14.41.04:291][  0]BlueprintLog: New page: Editor Load
[2015.12.01-14.41.04:542][  0]LocalizationService: Info Localization service is disabled
[2015.12.01-14.41.04:679][  0]LogConsoleResponse:Display: 
[2015.12.01-14.41.04:774][  0]LogCook:Display: Done creating registry. It took  0.00s.
[2015.12.01-14.41.04:880][  0]LogFileCache: Scanning file cache for directory 'C:/Users/Spellabbet/Documents/Unreal Projects/Balls-of-steel/BOS/Content/' took 0.02s
[2015.12.01-14.41.04:896][  0]SourceControl: Info Source control is disabled
[2015.12.01-14.41.04:897][  0]Cmd: MAP LOAD FILE="../../../../../../Users/Spellabbet/Documents/Unreal Projects/Balls-of-steel/BOS/Content/Maps/MainMenu.umap" TEMPLATE=0 SHOWPROGRESS=1 FEATURELEVEL=3
[2015.12.01-14.41.04:898][  0]LightingResults: New page: Lighting Build
[2015.12.01-14.41.04:901][  0]MapCheck: New page: Map Check
[2015.12.01-14.41.04:901][  0]LightingResults: New page: Lighting Build
[2015.12.01-14.41.04:910][  0]LogParticles: Destroying 0 GPU particle simulations for FXSystem 0x00000070675536A0
[2015.12.01-14.41.05:011][  0]LogAIModule: Creating AISystem for world MainMenu
[2015.12.01-14.41.05:021][  0]LogEditorServer: Finished looking for orphan Actors (0.000 secs)
[2015.12.01-14.41.05:024][  0]Cmd: MAP CHECKDEP NOCLEARLOG
[2015.12.01-14.41.05:077][  0]MapCheck: Info Map check complete: 0 Error(s), 0 Warning(s), took 52.108ms to complete.
[2015.12.01-14.41.05:078][  0]LogFileHelpers: Loading map 'MainMenu' took 0.181
[2015.12.01-14.41.05:178][  0]LogCollectionManager: Loaded 0 collections in 0.002363 seconds
[2015.12.01-14.41.05:224][  0]LogFileCache: Scanning file cache for directory 'C:/Users/Spellabbet/Documents/Unreal Projects/Balls-of-steel/BOS/Saved/Collections/' took 0.01s
[2015.12.01-14.41.05:224][  0]LogFileCache: Scanning file cache for directory 'C:/Users/Spellabbet/Documents/Unreal Projects/Balls-of-steel/BOS/Content/Developers/Spellabbet/Collections/' took 0.01s
[2015.12.01-14.41.05:225][  0]LogFileCache: Scanning file cache for directory 'C:/Users/Spellabbet/Documents/Unreal Projects/Balls-of-steel/BOS/Content/Collections/' took 0.01s
[2015.12.01-14.41.05:225][  0]LogContentBrowser: Native class hierarchy populated in 0.0085 seconds. Added 1875 classes and 335 folders.
[2015.12.01-14.41.05:230][  0]LogCollectionManager: Rebuilt the GUID cache for 0 collections in 0.000002 seconds
[2015.12.01-14.41.05:244][  0]LogContentBrowser: Native class hierarchy updated for 'WidgetCarousel' in 0.0069 seconds. Added 0 classes and 0 folders.
[2015.12.01-14.41.05:375][  0]LogContentBrowser: Native class hierarchy updated for 'AddContentDialog' in 0.0030 seconds. Added 0 classes and 0 folders.
[2015.12.01-14.41.05:397][  0]LogContentBrowser: Native class hierarchy updated for 'SceneOutliner' in 0.0030 seconds. Added 1 classes and 2 folders.
[2015.12.01-14.41.05:427][  0]LogCrashTracker: Crashtracker disabled due to settings.
[2015.12.01-14.41.05:433][  0]LogUObjectGlobals:Warning: Failed to find object 'Class None.'
[2015.12.01-14.41.05:457][  0]LogLoad: Full Startup: 6.49 seconds (BP compile: 0.04 seconds)
[2015.12.01-14.41.05:510][  0]LogContentStreaming: Texture pool size now 1000 MB
[2015.12.01-14.41.05:604][  0]LogRenderer: Reallocating scene render targets to support 1048x556 (Frame:2).
[2015.12.01-14.41.05:868][  2]LogAssetRegistry: Asset discovery search completed in 2.4417 seconds
[2015.12.01-14.41.05:869][  2]LogCollectionManager: Rebuilt the object cache for 0 collections in 0.000001 seconds (found 0 objects)
[2015.12.01-14.41.05:869][  2]LogCollectionManager: Fixed up redirectors for 0 collections in 0.000298 seconds (updated 0 objects)
[2015.12.01-14.41.29:201][744]LogAIModule: Creating AISystem for world Map1
[2015.12.01-14.41.29:236][744]LogActorComponent: UnregisterComponent: (/Engine/Transient.ProjectileComp) Not registered. Aborting.
[2015.12.01-14.41.29:237][744]LogActorComponent: UnregisterComponent: (/Engine/Transient.ProjectileMovementComponent_0) Not registered. Aborting.
[2015.12.01-14.41.29:257][744]Cmd: MAP LOAD FILE="../../../../../../Users/Spellabbet/Documents/Unreal Projects/Balls-of-steel/BOS/Content/Maps/Map1.umap" TEMPLATE=0 SHOWPROGRESS=1 FEATURELEVEL=3
[2015.12.01-14.41.29:258][744]LightingResults: New page: Lighting Build
[2015.12.01-14.41.29:273][744]LoadErrors: New page: Loading map: Map1.umap
[2015.12.01-14.41.29:273][744]MapCheck: New page: Map Check
[2015.12.01-14.41.29:274][744]LightingResults: New page: Lighting Build
[2015.12.01-14.41.29:284][744]LogParticles: Destroying 0 GPU particle simulations for FXSystem 0x000000705645EB60
[2015.12.01-14.41.29:293][744]LogEditorServer: Finished looking for orphan Actors (0.000 secs)
[2015.12.01-14.41.29:336][744]Cmd: MAP CHECKDEP NOCLEARLOG
[2015.12.01-14.41.29:384][744]MapCheck: Info Map check complete: 0 Error(s), 0 Warning(s), took 47.163ms to complete.
[2015.12.01-14.41.29:385][744]LogFileHelpers: Loading map 'Map1' took 0.129
[2015.12.01-14.41.31:246][934]LogBlueprintUserMessages: Early PlayInEditor Detection: Level '/Game/Maps/Map1.Map1:PersistentLevel' has LevelScriptBlueprint '/Game/Maps/Map1.Map1:PersistentLevel.Map1' with GeneratedClass '/Game/Maps/Map1.Map1_C' with ClassGeneratedBy '/Game/Maps/Map1.Map1:PersistentLevel.Map1'
[2015.12.01-14.41.31:246][934]LogPlayLevel: PlayLevel: No blueprints needed recompiling
[2015.12.01-14.41.31:247][934]PIE: New page: PIE session: Map1 (Dec 1, 2015, 4:41:31 PM)
[2015.12.01-14.41.31:247][934]LogPlayLevel: Creating play world package: /Game/Maps/UEDPIE_1_Map1
[2015.12.01-14.41.31:278][934]LogPlayLevel: PIE: StaticDuplicateObject took: (0.029990s)
[2015.12.01-14.41.31:280][934]LogAIModule: Creating AISystem for world Map1
[2015.12.01-14.41.31:281][934]LogPlayLevel: PIE: World Init took: (0.002637s)
[2015.12.01-14.41.31:282][934]LogPlayLevel: PIE: Created PIE world by copying editor world from /Game/Maps/Map1.Map1 to /Game/Maps/UEDPIE_1_Map1.Map1 (0.034868s)
[2015.12.01-14.41.31:308][934]LogWorld: Game class is 'BOSGameMode'
[2015.12.01-14.41.31:309][934]LogActor:Warning: RecastNavMesh /Game/Maps/UEDPIE_1_Map1.Map1:PersistentLevel.RecastNavMesh_0 has natively added scene component(s), but none of them were set as the actor's RootComponent - picking one arbitrarily
[2015.12.01-14.41.31:314][934]LogWorld: Bringing World /Game/Maps/UEDPIE_1_Map1.Map1 up for play (max tick rate 0) at 2015.12.01-15.41.31
[2015.12.01-14.41.31:315][934]LogActor:Warning: GameSession /Game/Maps/UEDPIE_1_Map1.Map1:PersistentLevel.GameSession_0 has natively added scene component(s), but none of them were set as the actor's RootComponent - picking one arbitrarily
[2015.12.01-14.41.31:315][934]LogActor:Warning: GameNetworkManager /Game/Maps/UEDPIE_1_Map1.Map1:PersistentLevel.GameNetworkManager_0 has natively added scene component(s), but none of them were set as the actor's RootComponent - picking one arbitrarily
[2015.12.01-14.41.31:316][934]LogWorld: Bringing up level for play took: 0.005844
[2015.12.01-14.41.31:316][934]LogInit: WinSock: Socket queue 131072 / 131072
[2015.12.01-14.41.31:319][934]LogInit: WinSock: I am SpellabbA332-13 (192.168.20.24:0)
[2015.12.01-14.41.31:320][934]LogNet: GameNetDriver IpNetDriver_0 IpNetDriver listening on port 7777
[2015.12.01-14.41.31:320][934]PIE: Info Play in editor start time for /Game/Maps/UEDPIE_1_Map1 -0.647
[2015.12.01-14.41.31:321][934]PIE: New page: PIE session: Map1 (Dec 1, 2015, 4:41:31 PM)
[2015.12.01-14.41.31:326][934]LogInit: XAudio2 using 'Speakers (4- High Definition Audio Device)' : 2 channels at 44.1 kHz using 16 bits per sample (channel mask 0x3)
[2015.12.01-14.41.31:331][934]LogInit: FAudioDevice initialized.
[2015.12.01-14.41.31:367][934]LogNet: Browse: 127.0.0.1//Game/Maps/MainMenu
[2015.12.01-14.41.31:368][934]LogInit: WinSock: Socket queue 32768 / 32768
[2015.12.01-14.41.31:368][934]LogNet: Game client on port 7777, rate 10000
[2015.12.01-14.41.31:369][934]LogNet: GetLocalNetworkVersion: GEngineNetVersion: 2689999, ProjectName: bos, ProjectVersion: 1.0.0.0, InternalProtocolVersion: 9, LocalNetworkVersion: 4173909862
[2015.12.01-14.41.31:369][934]PIE: Info Play in editor start time for /Game/Maps/MainMenu -0.598
[2015.12.01-14.41.31:371][934]LogBlueprintUserMessages: Late PlayInEditor Detection: Level '/Game/Maps/Map1.Map1:PersistentLevel' has LevelScriptBlueprint '/Game/Maps/Map1.Map1:PersistentLevel.Map1' with GeneratedClass '/Game/Maps/Map1.Map1_C' with ClassGeneratedBy '/Game/Maps/Map1.Map1:PersistentLevel.Map1'
[2015.12.01-14.41.31:372][934]LogNet: NotifyAcceptingConnection: Server Map1 accept
[2015.12.01-14.41.31:372][934]LogNet: Open Map1 12/01/15 15:41:31 127.0.0.1
[2015.12.01-14.41.31:372][934]LogNet: Added client connection.  Remote address = 127.0.0.1:53650
[2015.12.01-14.41.31:373][934]LogNet: NotifyAcceptingChannel Control 0 server World /Game/Maps/UEDPIE_1_Map1.Map1: Accepted
[2015.12.01-14.41.31:373][934]LogNet: Remote platform little endian=1
[2015.12.01-14.41.31:373][934]LogNet: This platform little endian=1
[2015.12.01-14.41.31:373][934]LogNet: GetLocalNetworkVersion: GEngineNetVersion: 2689999, ProjectName: bos, ProjectVersion: 1.0.0.0, InternalProtocolVersion: 9, LocalNetworkVersion: 4173909862
[2015.12.01-14.41.31:416][935]LogNet: Login request: /Game/Maps/MainMenu userId: Invalid
[2015.12.01-14.41.31:417][935]LogNet