[2015.12.01-14.33.48:920][  0]Log file open, 12/01/15 15:33:48
[2015.12.01-14.33.48:920][  0]LogInit:Display: Running engine for game: BOS
[2015.12.01-14.33.48:920][  0]LogInit:Display: RandInit(613992662) SRandInit(613992662).
[2015.12.01-14.33.48:920][  0]LogTaskGraph: Started task graph with 4 named threads and 7 total threads.
[2015.12.01-14.33.48:920][  0]LogStats: Stats thread started at 0.153439
[2015.12.01-14.33.48:920][  0]LogInit: Version: 4.9.1-2689999+++depot+UE4-Releases+4.9
[2015.12.01-14.33.48:920][  0]LogInit: API Version: 2672455
[2015.12.01-14.33.48:920][  0]LogInit: Compiled (64-bit): Sep 14 2015 04:12:03
[2015.12.01-14.33.48:920][  0]LogInit: Compiled with Visual C++: 18.00.21005.01
[2015.12.01-14.33.48:920][  0]LogInit: Build Configuration: Development
[2015.12.01-14.33.48:920][  0]LogInit: Branch Name: ++depot+UE4-Releases+4.9
[2015.12.01-14.33.48:920][  0]LogInit: Command line: 
[2015.12.01-14.33.48:920][  0]LogInit: Base directory: C:/Program Files/Epic Games/4.9/Engine/Binaries/Win64/
[2015.12.01-14.33.48:920][  0]LogInit: Rocket: 1
[2015.12.01-14.33.48:935][  0]LogInit: Using libcurl 7.41.0
[2015.12.01-14.33.48:935][  0]LogInit:  - built for x86_64-pc-win32
[2015.12.01-14.33.48:935][  0]LogInit:  - supports SSL with WinSSL
[2015.12.01-14.33.48:935][  0]LogInit:  - other features:
[2015.12.01-14.33.48:935][  0]LogInit:      CURL_VERSION_SSL
[2015.12.01-14.33.48:935][  0]LogInit:      CURL_VERSION_IPV6
[2015.12.01-14.33.48:935][  0]LogInit:      CURL_VERSION_ASYNCHDNS
[2015.12.01-14.33.48:935][  0]LogInit:      CURL_VERSION_LARGEFILE
[2015.12.01-14.33.48:935][  0]LogInit:      CURL_VERSION_IDN
[2015.12.01-14.33.48:935][  0]LogInit:  CurlRequestOptions (configurable via config and command line):
[2015.12.01-14.33.48:935][  0]LogInit:  - bVerifyPeer = true  - Libcurl will verify peer certificate
[2015.12.01-14.33.48:935][  0]LogInit:  - bUseHttpProxy = false  - Libcurl will NOT use HTTP proxy
[2015.12.01-14.33.48:935][  0]LogInit:  - bDontReuseConnections = false  - Libcurl will reuse connections
[2015.12.01-14.33.48:935][  0]LogInit:  - CertBundlePath = nullptr  - Libcurl will use whatever was configured at build time.
[2015.12.01-14.33.48:967][  0]LogInit: Presizing for 0 objects not considered by GC, pre-allocating 0 bytes.
[2015.12.01-14.33.48:967][  0]LogInit: Object subsystem initialized
[2015.12.01-14.33.48:982][  0]LogInit: Selected Device Profile: [Windows]
[2015.12.01-14.33.48:982][  0]LogInit: Applying CVar settings loaded from the selected device profile: [Windows]
[2015.12.01-14.33.48:994][  0]LogInit: Computer: SpellabbA332-13
[2015.12.01-14.33.48:994][  0]LogInit: User: Spellabbet
[2015.12.01-14.33.48:994][  0]LogInit: CPU Page size=4096, Cores=4
[2015.12.01-14.33.48:994][  0]LogInit: High frequency timer resolution =3.507501 MHz
[2015.12.01-14.33.48:995][  0]LogMemory: Memory total: Physical=15.9GB (16GB approx)
[2015.12.01-14.33.48:995][  0]LogMemory: Platform Memory Stats for Windows
[2015.12.01-14.33.48:995][  0]LogMemory: Process Physical Memory: 52.95 MB used, 52.95 MB peak
[2015.12.01-14.33.48:995][  0]LogMemory: Process Virtual Memory: 55.27 MB used, 55.27 MB peak
[2015.12.01-14.33.48:996][  0]LogMemory: Physical Memory: 4176.57 MB used, 16318.82 MB total
[2015.12.01-14.33.48:996][  0]LogMemory: Virtual Memory: 346.38 MB used, 134217728.00 MB total
[2015.12.01-14.33.49:049][  0]LogTextLocalizationManager: No translations for ('sv-SE') exist, falling back to 'en' for localization and internationalization data.
[2015.12.01-14.33.49:581][  0]LogD3D11RHI: Found D3D11 adapter 0: NVIDIA GeForce GTX 960 (Feature Level 11_0)
[2015.12.01-14.33.49:582][  0]LogD3D11RHI: Adapter has 1965MB of dedicated video memory, 0MB of dedicated system memory, and 2048MB of shared system memory, 1 output[s]
[2015.12.01-14.33.49:584][  0]LogD3D11RHI: Found D3D11 adapter 1: Microsoft Basic Render Driver (Feature Level 11_0)
[2015.12.01-14.33.49:584][  0]LogD3D11RHI: Adapter has 0MB of dedicated video memory, 0MB of dedicated system memory, and 256MB of shared system memory, 0 output[s]
[2015.12.01-14.33.49:585][  0]LogD3D11RHI: Chosen D3D11 Adapter Id = 0
[2015.12.01-14.33.49:587][  0]LogD3D11RHI: !Direct3DDevice
[2015.12.01-14.33.49:588][  0]LogRHI: Texture pool is 1361 MB (70% of 1945 MB)
[2015.12.01-14.33.49:672][  0]LogD3D11RHI: Async texture creation enabled
[2015.12.01-14.33.49:688][  0]LogShaderCompilers: Guid format shader working directory is 15 characters bigger than the processId version (../../../../../../Users/Spellabbet/Documents/Unreal Projects/Balls-of-steel/BOS/Intermediate/Shaders/WorkingDirectory/7088/).
[2015.12.01-14.33.49:688][  0]LogShaderCompilers: Cleaned the shader compiler working directory '../../../../../../Users/Spellabbet/Documents/Unreal Projects/Balls-of-steel/BOS/Intermediate/Shaders/tmp/0652BB2B45BA277A458944B48309D8A1/'.
[2015.12.01-14.33.49:689][  0]LogShaderCompilers:Display: Using Local Shader Compiler.
[2015.12.01-14.33.50:578][  0]LogTemp:Display: Loaded TP AllDesktopTargetPlatform
[2015.12.01-14.33.50:590][  0]LogTemp:Display: Loaded TP WindowsClientTargetPlatform
[2015.12.01-14.33.50:602][  0]LogTemp:Display: Loaded TP WindowsNoEditorTargetPlatform
[2015.12.01-14.33.50:613][  0]LogTemp:Display: Loaded TP WindowsServerTargetPlatform
[2015.12.01-14.33.50:625][  0]LogTemp:Display: Loaded TP WindowsTargetPlatform
[2015.12.01-14.33.50:630][  0]LogTemp:Display: Loaded TP AndroidTargetPlatform
[2015.12.01-14.33.50:636][  0]LogTemp:Display: Loaded TP Android_ASTCTargetPlatform
[2015.12.01-14.33.50:641][  0]LogTemp:Display: Loaded TP Android_ATCTargetPlatform
[2015.12.01-14.33.50:646][  0]LogTemp:Display: Loaded TP Android_DXTTargetPlatform
[2015.12.01-14.33.50:651][  0]LogTemp:Display: Loaded TP Android_ETC1TargetPlatform
[2015.12.01-14.33.50:657][  0]LogTemp:Display: Loaded TP Android_ETC2TargetPlatform
[2015.12.01-14.33.50:663][  0]LogTemp:Display: Loaded TP Android_PVRTCTargetPlatform
[2015.12.01-14.33.50:665][  0]LogTemp:Display: Loaded TP HTML5TargetPlatform
[2015.12.01-14.33.50:694][  0]LogTemp:Display: Loaded TP IOSTargetPlatform
[2015.12.01-14.33.50:700][  0]LogTemp:Display: Loaded TP LinuxNoEditorTargetPlatform
[2015.12.01-14.33.50:705][  0]LogTemp:Display: Loaded TP LinuxServerTargetPlatform
[2015.12.01-14.33.50:710][  0]LogTemp:Display: Loaded TP LinuxTargetPlatform
[2015.12.01-14.33.50:711][  0]LogTargetPlatformManager:Display: Building Assets For Windows
[2015.12.01-14.33.50:902][  0]LogDerivedDataCache:Display: Max Cache Size: 512 MB
[2015.12.01-14.33.50:941][  0]LogDerivedDataCache: Loaded boot cache 0.04s 47MB C:/Users/Spellabbet/AppData/Local/UnrealEngine/4.9/DerivedDataCache/Boot.ddc.
[2015.12.01-14.33.50:942][  0]LogDerivedDataCache:Display: Loaded Boot cache: C:/Users/Spellabbet/AppData/Local/UnrealEngine/4.9/DerivedDataCache/Boot.ddc
[2015.12.01-14.33.50:942][  0]LogDerivedDataCache: FDerivedDataBackendGraph:  Pak pak cache file ../../../../../../Users/Spellabbet/Documents/Unreal Projects/Balls-of-steel/BOS/DerivedDataCache/DDC.ddp not found, will not use a pak cache.
[2015.12.01-14.33.50:942][  0]LogDerivedDataCache: Unable to find inner node Pak for hierarchical cache Hierarchy.
[2015.12.01-14.33.50:943][  0]LogDerivedDataCache: FDerivedDataBackendGraph:  CompressedPak pak cache file ../../../../../../Users/Spellabbet/Documents/Unreal Projects/Balls-of-steel/BOS/DerivedDataCache/Compressed.ddp not found, will not use a pak cache.
[2015.12.01-14.33.50:943][  0]LogDerivedDataCache: Unable to find inner node CompressedPak for hierarchical cache Hierarchy.
[2015.12.01-14.33.51:055][  0]LogDerivedDataCache:Display: Pak cache opened for reading ../../../Engine/DerivedDataCache/Compressed.ddp.
[2015.12.01-14.33.51:068][  0]LogDerivedDataCache: Using Local data cache path C:/Users/Spellabbet/AppData/Local/UnrealEngine/Common/DerivedDataCache: Writable
[2015.12.01-14.33.51:210][  0]LogInit: Selected Device Profile: [Windows]
[2015.12.01-14.33.51:212][  0]LogContentStreaming: Texture pool size is 0.000000MB
[2015.12.01-14.33.51:317][  0]LogMeshUtilities: No automatic mesh reduction module available
[2015.12.01-14.33.51:317][  0]LogMeshUtilities: No automatic mesh merging module available
[2015.12.01-14.33.51:532][  0]LogInit: WinSock: version 1.1 (2.2), MaxSocks=32767, MaxUdp=65467
[2015.12.01-14.33.52:280][  0]UdpMessaging: Initializing bridge on interface 0.0.0.0:0 to multicast group 230.0.0.1:6666.
[2015.12.01-14.33.52:387][  0]LogLinker:Warning: Asset '../../../../../../Users/Spellabbet/Documents/Unreal Projects/Balls-of-steel/BOS/Content/Rolling/Materials/M_Blue_Checker.uasset' has been saved with empty engine version. The asset will be loaded but may be incompatible.
[2015.12.01-14.33.52:584][  0]LogAssetRegistry: FAssetRegistry took 0.0114 seconds to start up
[2015.12.01-14.33.52:828][  0]SourceControl: Info Source control is disabled
[2015.12.01-14.33.52:836][  0]SourceControl: Info Source control is disabled
[2015.12.01-14.33.52:850][  0]SourceControl: Info Source control is disabled
[2015.12.01-14.33.52:867][  0]SourceControl: Info Source control is disabled
[2015.12.01-14.33.53:033][  0]LogLinker:Warning: Asset '../../../Engine/Plugins/Runtime/LeapMotionController/Content/LM_PassthroughMaterial.uasset' has been saved with empty engine version. The asset will be loaded but may be incompatible.
[2015.12.01-14.33.53:131][  0]LogObj: 30613 objects as part of root set at end of initial load.
[2015.12.01-14.33.53:131][  0]LogUObjectAllocator: 6840968 out of 0 bytes used by permanent object pool.
[2015.12.01-14.33.53:195][  0]LogEngine: Initializing Engine...
[2015.12.01-14.33.53:198][  0]LogHMD: Can't find Oculus library dev build: is proper Runtime installed? Version: 0.7.0.0
[2015.12.01-14.33.53:200][  0]LogHMD: SteamVR failed to initialize.  Err: 110
[2015.12.01-14.33.53:303][  0]LogAIModule: Creating AISystem for world NewWorld
[2015.12.01-14.33.53:310][  0]LogInit: XAudio2 using 'Speakers (4- High Definition Audio Device)' : 2 channels at 44.1 kHz using 16 bits per sample (channel mask 0x3)
[2015.12.01-14.33.53:324][  0]LogInit: FAudioDevice initialized.
[2015.12.01-14.33.53:344][  0]LogDerivedDataCache: Saved boot cache 0.02s 47MB C:/Users/Spellabbet/AppData/Local/UnrealEngine/4.9/DerivedDataCache/Boot.ddc.
[2015.12.01-14.33.53:349][  0]LogInit: Texture streaming: Enabled
[2015.12.01-14.33.53:361][  0]LogAnalytics: Creating configured Analytics provider AnalyticsET
[2015.12.01-14.33.53:362][  0]LogAnalytics: [UEEditor.Rocket.Release] APIServer = http://et2.epicgames.com/ET2/. AppVersion = 4.9.1-2689999+++depot+UE4-Releases+4.9
[2015.12.01-14.33.53:362][  0]LogAnalytics: [UEEditor.Rocket.Release] SetUserId fc50aaa14c34ed003df04597b34f483e|4341a5fd2eb34d5fac8b0ca63d21fc83|060e5e79-a789-49c4-8abd-5d8b330400a7
[2015.12.01-14.33.53:362][  0]LogAnalytics: [UEEditor.Rocket.Release] AnalyticsET::StartSession
[2015.12.01-14.33.53:378][  0]LogInit: Transaction tracking system initialized
[2015.12.01-14.33.53:450][  0]BlueprintLog: New page: Editor Load
[2015.12.01-14.33.53:696][  0]LocalizationService: Info Localization service is disabled
[2015.12.01-14.33.53:838][  0]LogConsoleResponse:Display: 
[2015.12.01-14.33.53:933][  0]LogCook:Display: Done creating registry. It took  0.00s.
[2015.12.01-14.33.54:044][  0]LogFileCache: Scanning file cache for directory 'C:/Users/Spellabbet/Documents/Unreal Projects/Balls-of-steel/BOS/Content/' took 0.01s
[2015.12.01-14.33.54:060][  0]SourceControl: Info Source control is disabled
[2015.12.01-14.33.54:060][  0]Cmd: MAP LOAD FILE="../../../../../../Users/Spellabbet/Documents/Unreal Projects/Balls-of-steel/BOS/Content/Maps/MainMenu.umap" TEMPLATE=0 SHOWPROGRESS=1 FEATURELEVEL=3
[2015.12.01-14.33.54:061][  0]LightingResults: New page: Lighting Build
[2015.12.01-14.33.54:064][  0]MapCheck: New page: Map Check
[2015.12.01-14.33.54:064][  0]LightingResults: New page: Lighting Build
[2015.12.01-14.33.54:074][  0]LogParticles: Destroying 0 GPU particle simulations for FXSystem 0x00000043F9C876A0
[2015.12.01-14.33.54:176][  0]LogAIModule: Creating AISystem for world MainMenu
[2015.12.01-14.33.54:186][  0]LogEditorServer: Finished looking for orphan Actors (0.000 secs)
[2015.12.01-14.33.54:189][  0]Cmd: MAP CHECKDEP NOCLEARLOG
[2015.12.01-14.33.54:254][  0]MapCheck: Info Map check complete: 0 Error(s), 0 Warning(s), took 65.351ms to complete.
[2015.12.01-14.33.54:255][  0]LogFileHelpers: Loading map 'MainMenu' took 0.194
[2015.12.01-14.33.54:363][  0]LogCollectionManager: Loaded 0 collections in 0.002660 seconds
[2015.12.01-14.33.54:416][  0]LogFileCache: Scanning file cache for directory 'C:/Users/Spellabbet/Documents/Unreal Projects/Balls-of-steel/BOS/Saved/Collections/' took 0.01s
[2015.12.01-14.33.54:417][  0]LogFileCache: Scanning file cache for directory 'C:/Users/Spellabbet/Documents/Unreal Projects/Balls-of-steel/BOS/Content/Developers/Spellabbet/Collections/' took 0.01s
[2015.12.01-14.33.54:417][  0]LogFileCache: Scanning file cache for directory 'C:/Users/Spellabbet/Documents/Unreal Projects/Balls-of-steel/BOS/Content/Collections/' took 0.01s
[2015.12.01-14.33.54:418][  0]LogContentBrowser: Native class hierarchy populated in 0.0105 seconds. Added 1875 classes and 335 folders.
[2015.12.01-14.33.54:424][  0]LogCollectionManager: Rebuilt the GUID cache for 0 collections in 0.000002 seconds
[2015.12.01-14.33.54:439][  0]LogContentBrowser: Native class hierarchy updated for 'WidgetCarousel' in 0.0069 seconds. Added 0 classes and 0 folders.
[2015.12.01-14.33.54:574][  0]LogContentBrowser: Native class hierarchy updated for 'AddContentDialog' in 0.0030 seconds. Added 0 classes and 0 folders.
[2015.12.01-14.33.54:597][  0]LogContentBrowser: Native class hierarchy updated for 'SceneOutliner' in 0.0031 seconds. Added 1 classes and 2 folders.
[2015.12.01-14.33.54:627][  0]LogCrashTracker: Crashtracker disabled due to settings.
[2015.12.01-14.33.54:632][  0]LogUObjectGlobals:Warning: Failed to find object 'Class None.'
[2015.12.01-14.33.54:655][  0]LogLoad: Full Startup: 6.64 seconds (BP compile: 0.04 seconds)
[2015.12.01-14.33.54:700][  0]LogContentStreaming: Texture pool size now 1000 MB
[2015.12.01-14.33.54:801][  0]LogRenderer: Reallocating scene render targets to support 1048x556 (Frame:2).
[2015.12.01-14.33.55:029][  2]LogAssetRegistry: Asset discovery search completed in 2.4567 seconds
[2015.12.01-14.33.55:029][  2]LogCollectionManager: Rebuilt the object cache for 0 collections in 0.000001 seconds (found 0 objects)
[2015.12.01-14.33.55:029][  2]LogCollectionManager: Fixed up redirectors for 0 collections in 0.000334 seconds (updated 0 objects)
[2015.12.01-14.34.00:365][586]LogAIModule: Creating AISystem for world Map1
[2015.12.01-14.34.00:394][586]LogActorComponent: UnregisterComponent: (/Engine/Transient.ProjectileComp) Not registered. Aborting.
[2015.12.01-14.34.00:394][586]LogActorComponent: UnregisterComponent: (/Engine/Transient.ProjectileMovementComponent_0) Not registered. Aborting.
[2015.12.01-14.34.00:414][586]Cmd: MAP LOAD FILE="../../../../../../Users/Spellabbet/Documents/Unreal Projects/Balls-of-steel/BOS/Content/Maps/Map1.umap" TEMPLATE=0 SHOWPROGRESS=1 FEATURELEVEL=3
[2015.12.01-14.34.00:415][586]LightingResults: New page: Lighting Build
[2015.12.01-14.34.00:430][586]LoadErrors: New page: Loading map: Map1.umap
[2015.12.01-14.34.00:431][586]MapCheck: New page: Map Check
[2015.12.01-14.34.00:432][586]LightingResults: New page: Lighting Build
[2015.12.01-14.34.00:441][586]LogParticles: Destroying 0 GPU particle simulations for FXSystem 0x00000043E5916B60
[2015.12.01-14.34.00:449][586]LogEditorServer: Finished looking for orphan Actors (0.000 secs)
[2015.12.01-14.34.00:492][586]Cmd: MAP CHECKDEP NOCLEARLOG
[2015.12.01-14.34.00:534][586]MapCheck: Info Map check complete: 0 Error(s), 0 Warning(s), took 41.359ms to complete.
[2015.12.01-14.34.00:536][586]LogFileHelpers: Loading map 'Map1' took 0.121
[2015.12.01-14.34.01:419][671]LogBlueprintUserMessages: Early PlayInEditor Detection: Level '/Game/Maps/Map1.Map1:PersistentLevel' has LevelScriptBlueprint '/Game/Maps/Map1.Map1:PersistentLevel.Map1' with GeneratedClass '/Game/Maps/Map1.Map1_C' with ClassGeneratedBy '/Game/Maps/Map1.Map1:PersistentLevel.Map1'
[2015.12.01-14.34.01:420][671]LogPlayLevel: PlayLevel: No blueprints needed recompiling
[2015.12.01-14.34.01:420][671]PIE: New page: PIE session: Map1 (Dec 1, 2015, 4:34:01 PM)
[2015.12.01-14.34.01:421][671]LogPlayLevel: Creating play world package: /Game/Maps/UEDPIE_1_Map1
[2015.12.01-14.34.01:451][671]LogPlayLevel: PIE: StaticDuplicateObject took: (0.029775s)
[2015.12.01-14.34.01:453][671]LogAIModule: Creating AISystem for world Map1
[2015.12.01-14.34.01:454][671]LogPlayLevel: PIE: World Init took: (0.002448s)
[2015.12.01-14.34.01:454][671]LogPlayLevel: PIE: Created PIE world by copying editor world from /Game/Maps/Map1.Map1 to /Game/Maps/UEDPIE_1_Map1.Map1 (0.033768s)
[2015.12.01-14.34.01:483][671]LogWorld: Game class is 'BOSGameMode'
[2015.12.01-14.34.01:484][671]LogActor:Warning: RecastNavMesh /Game/Maps/UEDPIE_1_Map1.Map1:PersistentLevel.RecastNavMesh_0 has natively added scene component(s), but none of them were set as the actor's RootComponent - picking one arbitrarily
[2015.12.01-14.34.01:489][671]LogWorld: Bringing World /Game/Maps/UEDPIE_1_Map1.Map1 up for play (max tick rate 0) at 2015.12.01-15.34.01
[2015.12.01-14.34.01:489][671]LogActor:Warning: GameSession /Game/Maps/UEDPIE_1_Map1.Map1:PersistentLevel.GameSession_0 has natively added scene component(s), but none of them were set as the actor's RootComponent - picking one arbitrarily
[2015.12.01-14.34.01:490][671]LogActor:Warning: GameNetworkManager /Game/Maps/UEDPIE_1_Map1.Map1:PersistentLevel.GameNetworkManager_0 has natively added scene component(s), but none of them were set as the actor's RootComponent - picking one arbitrarily
[2015.12.01-14.34.01:491][671]LogWorld: Bringing up level for play took: 0.005932
[2015.12.01-14.34.01:491][671]LogInit: WinSock: Socket queue 131072 / 131072
[2015.12.01-14.34.01:495][671]LogInit: WinSock: I am SpellabbA332-13 (192.168.20.24:0)
[2015.12.01-14.34.01:495][671]LogNet: GameNetDriver IpNetDriver_0 IpNetDriver listening on port 7777
[2015.12.01-14.34.01:495][671]PIE: Info Play in editor start time for /Game/Maps/UEDPIE_1_Map1 -0.472
[2015.12.01-14.34.01:497][671]PIE: New page: PIE session: Map1 (Dec 1, 2015, 4:34:01 PM)
[2015.12.01-14.34.01:501][671]LogInit: XAudio2 using 'Speakers (4- High Definition Audio Device)' : 2 channels at 44.1 kHz using 16 bits per sample (channel mask 0x3)
[2015.12.01-14.34.01:507][671]LogInit: FAudioDevice initialized.
[2015.12.01-14.34.01:546][671]LogNet: Browse: 127.0.0.1//Game/Maps/MainMenu
[2015.12.01-14.34.01:547][671]LogInit: WinSock: Socket queue 32768 / 32768
[2015.12.01-14.34.01:547][671]LogNet: Game client on port 7777, rate 10000
[2015.12.01-14.34.01:548][671]LogNet: GetLocalNetworkVersion: GEngineNetVersion: 2689999, ProjectName: bos, ProjectVersion: 1.0.0.0, InternalProtocolVersion: 9, LocalNetworkVersion: 4173909862
[2015.12.01-14.34.01:548][671]PIE: Info Play in editor start time for /Game/Maps/MainMenu -0.419
[2015.12.01-14.34.01:549][671]LogBlueprintUserMessages: Late PlayInEditor Detection: Level '/Game/Maps/Map1.Map1:PersistentLevel' has LevelScriptBlueprint '/Game/Maps/Map1.Map1:PersistentLevel.Map1' with GeneratedClass '/Game/Maps/Map1.Map1_C' with ClassGeneratedBy '/Game/Maps/Map1.Map1:PersistentLevel.Map1'
[2015.12.01-14.34.01:550][671]LogNet: NotifyAcceptingConnection: Server Map1 accept
[2015.12.01-14.34.01:550][671]LogNet: Open Map1 12/01/15 15:34:01 127.0.0.1
[2015.12.01-14.34.01:550][671]LogNet: Added client connection.  Remote address = 127.0.0.1:53686
[2015.12.01-14.34.01:550][671]LogNet: NotifyAcceptingChannel Control 0 server World /Game/Maps/UEDPIE_1_Map1.Map1: Accepted
[2015.12.01-14.34.01:551][671]LogNet: Remote platform little endian=1
[2015.12.01-14.34.01:551][671]LogNet: This platform little endian=1
[2015.12.01-14.34.01:551][671]LogNet: GetLocalNetworkVersion: GEngineNetVersion: 2689999, ProjectName: bos, ProjectVersion: 1.0.0.0, InternalProtocolVersion: 9, LocalNetworkVersion: 4173909862
[2015.12.01-14.34.01:599][672]LogNet: Login request: /Game/Maps/MainMenu userId: Invalid
[2015.12.01-14.34.01:600][672]LogNet: 