[2015.12.01-14.24.20:727][  0]Log file open, 12/01/15 15:24:20
[2015.12.01-14.24.20:727][  0]LogInit:Display: Running engine for game: BOS
[2015.12.01-14.24.20:727][  0]LogInit:Display: RandInit(-1378943992) SRandInit(-1378943992).
[2015.12.01-14.24.20:727][  0]LogTaskGraph: Started task graph with 4 named threads and 7 total threads.
[2015.12.01-14.24.20:727][  0]LogStats: Stats thread started at 0.145307
[2015.12.01-14.24.20:727][  0]LogInit: Version: 4.9.1-2689999+++depot+UE4-Releases+4.9
[2015.12.01-14.24.20:727][  0]LogInit: API Version: 2672455
[2015.12.01-14.24.20:727][  0]LogInit: Compiled (64-bit): Sep 14 2015 04:12:03
[2015.12.01-14.24.20:727][  0]LogInit: Compiled with Visual C++: 18.00.21005.01
[2015.12.01-14.24.20:727][  0]LogInit: Build Configuration: Development
[2015.12.01-14.24.20:727][  0]LogInit: Branch Name: ++depot+UE4-Releases+4.9
[2015.12.01-14.24.20:727][  0]LogInit: Command line: 
[2015.12.01-14.24.20:727][  0]LogInit: Base directory: C:/Program Files/Epic Games/4.9/Engine/Binaries/Win64/
[2015.12.01-14.24.20:727][  0]LogInit: Rocket: 1
[2015.12.01-14.24.20:742][  0]LogInit: Using libcurl 7.41.0
[2015.12.01-14.24.20:742][  0]LogInit:  - built for x86_64-pc-win32
[2015.12.01-14.24.20:742][  0]LogInit:  - supports SSL with WinSSL
[2015.12.01-14.24.20:742][  0]LogInit:  - other features:
[2015.12.01-14.24.20:742][  0]LogInit:      CURL_VERSION_SSL
[2015.12.01-14.24.20:742][  0]LogInit:      CURL_VERSION_IPV6
[2015.12.01-14.24.20:742][  0]LogInit:      CURL_VERSION_ASYNCHDNS
[2015.12.01-14.24.20:742][  0]LogInit:      CURL_VERSION_LARGEFILE
[2015.12.01-14.24.20:742][  0]LogInit:      CURL_VERSION_IDN
[2015.12.01-14.24.20:742][  0]LogInit:  CurlRequestOptions (configurable via config and command line):
[2015.12.01-14.24.20:742][  0]LogInit:  - bVerifyPeer = true  - Libcurl will verify peer certificate
[2015.12.01-14.24.20:758][  0]LogInit:  - bUseHttpProxy = false  - Libcurl will NOT use HTTP proxy
[2015.12.01-14.24.20:758][  0]LogInit:  - bDontReuseConnections = false  - Libcurl will reuse connections
[2015.12.01-14.24.20:758][  0]LogInit:  - CertBundlePath = nullptr  - Libcurl will use whatever was configured at build time.
[2015.12.01-14.24.20:773][  0]LogInit: Presizing for 0 objects not considered by GC, pre-allocating 0 bytes.
[2015.12.01-14.24.20:773][  0]LogInit: Object subsystem initialized
[2015.12.01-14.24.20:773][  0]LogInit: Selected Device Profile: [Windows]
[2015.12.01-14.24.20:773][  0]LogInit: Applying CVar settings loaded from the selected device profile: [Windows]
[2015.12.01-14.24.20:797][  0]LogInit: Computer: SpellabbA332-13
[2015.12.01-14.24.20:797][  0]LogInit: User: Spellabbet
[2015.12.01-14.24.20:797][  0]LogInit: CPU Page size=4096, Cores=4
[2015.12.01-14.24.20:797][  0]LogInit: High frequency timer resolution =3.507501 MHz
[2015.12.01-14.24.20:798][  0]LogMemory: Memory total: Physical=15.9GB (16GB approx)
[2015.12.01-14.24.20:798][  0]LogMemory: Platform Memory Stats for Windows
[2015.12.01-14.24.20:798][  0]LogMemory: Process Physical Memory: 52.94 MB used, 52.94 MB peak
[2015.12.01-14.24.20:798][  0]LogMemory: Process Virtual Memory: 55.25 MB used, 55.25 MB peak
[2015.12.01-14.24.20:798][  0]LogMemory: Physical Memory: 4124.08 MB used, 16318.82 MB total
[2015.12.01-14.24.20:799][  0]LogMemory: Virtual Memory: 346.38 MB used, 134217728.00 MB total
[2015.12.01-14.24.20:856][  0]LogTextLocalizationManager: No translations for ('sv-SE') exist, falling back to 'en' for localization and internationalization data.
[2015.12.01-14.24.21:380][  0]LogD3D11RHI: Found D3D11 adapter 0: NVIDIA GeForce GTX 960 (Feature Level 11_0)
[2015.12.01-14.24.21:380][  0]LogD3D11RHI: Adapter has 1965MB of dedicated video memory, 0MB of dedicated system memory, and 2048MB of shared system memory, 1 output[s]
[2015.12.01-14.24.21:383][  0]LogD3D11RHI: Found D3D11 adapter 1: Microsoft Basic Render Driver (Feature Level 11_0)
[2015.12.01-14.24.21:383][  0]LogD3D11RHI: Adapter has 0MB of dedicated video memory, 0MB of dedicated system memory, and 256MB of shared system memory, 0 output[s]
[2015.12.01-14.24.21:383][  0]LogD3D11RHI: Chosen D3D11 Adapter Id = 0
[2015.12.01-14.24.21:386][  0]LogD3D11RHI: !Direct3DDevice
[2015.12.01-14.24.21:387][  0]LogRHI: Texture pool is 1361 MB (70% of 1945 MB)
[2015.12.01-14.24.21:456][  0]LogD3D11RHI: Async texture creation enabled
[2015.12.01-14.24.21:472][  0]LogShaderCompilers: Guid format shader working directory is 15 characters bigger than the processId version (../../../../../../Users/Spellabbet/Documents/Unreal Projects/Balls-of-steel/BOS/Intermediate/Shaders/WorkingDirectory/5572/).
[2015.12.01-14.24.21:472][  0]LogShaderCompilers: Cleaned the shader compiler working directory '../../../../../../Users/Spellabbet/Documents/Unreal Projects/Balls-of-steel/BOS/Intermediate/Shaders/tmp/126EF17C45925F2460B0C6B62E095339/'.
[2015.12.01-14.24.21:473][  0]LogShaderCompilers:Display: Using Local Shader Compiler.
[2015.12.01-14.24.22:362][  0]LogTemp:Display: Loaded TP AllDesktopTargetPlatform
[2015.12.01-14.24.22:373][  0]LogTemp:Display: Loaded TP WindowsClientTargetPlatform
[2015.12.01-14.24.22:384][  0]LogTemp:Display: Loaded TP WindowsNoEditorTargetPlatform
[2015.12.01-14.24.22:396][  0]LogTemp:Display: Loaded TP WindowsServerTargetPlatform
[2015.12.01-14.24.22:408][  0]LogTemp:Display: Loaded TP WindowsTargetPlatform
[2015.12.01-14.24.22:413][  0]LogTemp:Display: Loaded TP AndroidTargetPlatform
[2015.12.01-14.24.22:418][  0]LogTemp:Display: Loaded TP Android_ASTCTargetPlatform
[2015.12.01-14.24.22:423][  0]LogTemp:Display: Loaded TP Android_ATCTargetPlatform
[2015.12.01-14.24.22:429][  0]LogTemp:Display: Loaded TP Android_DXTTargetPlatform
[2015.12.01-14.24.22:434][  0]LogTemp:Display: Loaded TP Android_ETC1TargetPlatform
[2015.12.01-14.24.22:440][  0]LogTemp:Display: Loaded TP Android_ETC2TargetPlatform
[2015.12.01-14.24.22:445][  0]LogTemp:Display: Loaded TP Android_PVRTCTargetPlatform
[2015.12.01-14.24.22:448][  0]LogTemp:Display: Loaded TP HTML5TargetPlatform
[2015.12.01-14.24.22:475][  0]LogTemp:Display: Loaded TP IOSTargetPlatform
[2015.12.01-14.24.22:480][  0]LogTemp:Display: Loaded TP LinuxNoEditorTargetPlatform
[2015.12.01-14.24.22:485][  0]LogTemp:Display: Loaded TP LinuxServerTargetPlatform
[2015.12.01-14.24.22:491][  0]LogTemp:Display: Loaded TP LinuxTargetPlatform
[2015.12.01-14.24.22:491][  0]LogTargetPlatformManager:Display: Building Assets For Windows
[2015.12.01-14.24.22:676][  0]LogDerivedDataCache:Display: Max Cache Size: 512 MB
[2015.12.01-14.24.22:713][  0]LogDerivedDataCache: Loaded boot cache 0.04s 47MB C:/Users/Spellabbet/AppData/Local/UnrealEngine/4.9/DerivedDataCache/Boot.ddc.
[2015.12.01-14.24.22:714][  0]LogDerivedDataCache:Display: Loaded Boot cache: C:/Users/Spellabbet/AppData/Local/UnrealEngine/4.9/DerivedDataCache/Boot.ddc
[2015.12.01-14.24.22:714][  0]LogDerivedDataCache: FDerivedDataBackendGraph:  Pak pak cache file ../../../../../../Users/Spellabbet/Documents/Unreal Projects/Balls-of-steel/BOS/DerivedDataCache/DDC.ddp not found, will not use a pak cache.
[2015.12.01-14.24.22:715][  0]LogDerivedDataCache: Unable to find inner node Pak for hierarchical cache Hierarchy.
[2015.12.01-14.24.22:715][  0]LogDerivedDataCache: FDerivedDataBackendGraph:  CompressedPak pak cache file ../../../../../../Users/Spellabbet/Documents/Unreal Projects/Balls-of-steel/BOS/DerivedDataCache/Compressed.ddp not found, will not use a pak cache.
[2015.12.01-14.24.22:715][  0]LogDerivedDataCache: Unable to find inner node CompressedPak for hierarchical cache Hierarchy.
[2015.12.01-14.24.22:824][  0]LogDerivedDataCache:Display: Pak cache opened for reading ../../../Engine/DerivedDataCache/Compressed.ddp.
[2015.12.01-14.24.22:837][  0]LogDerivedDataCache: Using Local data cache path C:/Users/Spellabbet/AppData/Local/UnrealEngine/Common/DerivedDataCache: Writable
[2015.12.01-14.24.22:973][  0]LogInit: Selected Device Profile: [Windows]
[2015.12.01-14.24.22:976][  0]LogContentStreaming: Texture pool size is 0.000000MB
[2015.12.01-14.24.23:079][  0]LogMeshUtilities: No automatic mesh reduction module available
[2015.12.01-14.24.23:080][  0]LogMeshUtilities: No automatic mesh merging module available
[2015.12.01-14.24.23:279][  0]LogInit: WinSock: version 1.1 (2.2), MaxSocks=32767, MaxUdp=65467
[2015.12.01-14.24.24:029][  0]UdpMessaging: Initializing bridge on interface 0.0.0.0:0 to multicast group 230.0.0.1:6666.
[2015.12.01-14.24.24:145][  0]LogLinker:Warning: Asset '../../../../../../Users/Spellabbet/Documents/Unreal Projects/Balls-of-steel/BOS/Content/Rolling/Materials/M_Blue_Checker.uasset' has been saved with empty engine version. The asset will be loaded but may be incompatible.
[2015.12.01-14.24.24:335][  0]LogAssetRegistry: FAssetRegistry took 0.0116 seconds to start up
[2015.12.01-14.24.24:578][  0]SourceControl: Info Source control is disabled
[2015.12.01-14.24.24:588][  0]SourceControl: Info Source control is disabled
[2015.12.01-14.24.24:601][  0]SourceControl: Info Source control is disabled
[2015.12.01-14.24.24:617][  0]SourceControl: Info Source control is disabled
[2015.12.01-14.24.24:781][  0]LogLinker:Warning: Asset '../../../Engine/Plugins/Runtime/LeapMotionController/Content/LM_PassthroughMaterial.uasset' has been saved with empty engine version. The asset will be loaded but may be incompatible.
[2015.12.01-14.24.24:878][  0]LogObj: 30613 objects as part of root set at end of initial load.
[2015.12.01-14.24.24:878][  0]LogUObjectAllocator: 6840968 out of 0 bytes used by permanent object pool.
[2015.12.01-14.24.24:945][  0]LogEngine: Initializing Engine...
[2015.12.01-14.24.24:947][  0]LogHMD: Can't find Oculus library dev build: is proper Runtime installed? Version: 0.7.0.0
[2015.12.01-14.24.24:949][  0]LogHMD: SteamVR failed to initialize.  Err: 110
[2015.12.01-14.24.25:056][  0]LogAIModule: Creating AISystem for world NewWorld
[2015.12.01-14.24.25:063][  0]LogInit: XAudio2 using 'Speakers (4- High Definition Audio Device)' : 2 channels at 44.1 kHz using 16 bits per sample (channel mask 0x3)
[2015.12.01-14.24.25:077][  0]LogInit: FAudioDevice initialized.
[2015.12.01-14.24.25:096][  0]LogDerivedDataCache: Saved boot cache 0.02s 47MB C:/Users/Spellabbet/AppData/Local/UnrealEngine/4.9/DerivedDataCache/Boot.ddc.
[2015.12.01-14.24.25:101][  0]LogInit: Texture streaming: Enabled
[2015.12.01-14.24.25:114][  0]LogAnalytics: Creating configured Analytics provider AnalyticsET
[2015.12.01-14.24.25:114][  0]LogAnalytics: [UEEditor.Rocket.Release] APIServer = http://et2.epicgames.com/ET2/. AppVersion = 4.9.1-2689999+++depot+UE4-Releases+4.9
[2015.12.01-14.24.25:114][  0]LogAnalytics: [UEEditor.Rocket.Release] SetUserId fc50aaa14c34ed003df04597b34f483e|4341a5fd2eb34d5fac8b0ca63d21fc83|060e5e79-a789-49c4-8abd-5d8b330400a7
[2015.12.01-14.24.25:115][  0]LogAnalytics: [UEEditor.Rocket.Release] AnalyticsET::StartSession
[2015.12.01-14.24.25:129][  0]LogInit: Transaction tracking system initialized
[2015.12.01-14.24.25:197][  0]BlueprintLog: New page: Editor Load
[2015.12.01-14.24.25:445][  0]LocalizationService: Info Localization service is disabled
[2015.12.01-14.24.25:590][  0]LogConsoleResponse:Display: 
[2015.12.01-14.24.25:686][  0]LogCook:Display: Done creating registry. It took  0.00s.
[2015.12.01-14.24.25:793][  0]LogFileCache: Scanning file cache for directory 'C:/Users/Spellabbet/Documents/Unreal Projects/Balls-of-steel/BOS/Content/' took 0.01s
[2015.12.01-14.24.25:810][  0]SourceControl: Info Source control is disabled
[2015.12.01-14.24.25:810][  0]Cmd: MAP LOAD FILE="../../../../../../Users/Spellabbet/Documents/Unreal Projects/Balls-of-steel/BOS/Content/Maps/MainMenu.umap" TEMPLATE=0 SHOWPROGRESS=1 FEATURELEVEL=3
[2015.12.01-14.24.25:811][  0]LightingResults: New page: Lighting Build
[2015.12.01-14.24.25:814][  0]MapCheck: New page: Map Check
[2015.12.01-14.24.25:814][  0]LightingResults: New page: Lighting Build
[2015.12.01-14.24.25:823][  0]LogParticles: Destroying 0 GPU particle simulations for FXSystem 0x0000002BB67BB6A0
[2015.12.01-14.24.25:925][  0]LogAIModule: Creating AISystem for world MainMenu
[2015.12.01-14.24.25:934][  0]LogEditorServer: Finished looking for orphan Actors (0.000 secs)
[2015.12.01-14.24.25:938][  0]Cmd: MAP CHECKDEP NOCLEARLOG
[2015.12.01-14.24.25:993][  0]MapCheck: Info Map check complete: 0 Error(s), 0 Warning(s), took 55.131ms to complete.
[2015.12.01-14.24.25:994][  0]LogFileHelpers: Loading map 'MainMenu' took 0.183
[2015.12.01-14.24.26:094][  0]LogCollectionManager: Loaded 0 collections in 0.002005 seconds
[2015.12.01-14.24.26:138][  0]LogFileCache: Scanning file cache for directory 'C:/Users/Spellabbet/Documents/Unreal Projects/Balls-of-steel/BOS/Saved/Collections/' took 0.01s
[2015.12.01-14.24.26:139][  0]LogFileCache: Scanning file cache for directory 'C:/Users/Spellabbet/Documents/Unreal Projects/Balls-of-steel/BOS/Content/Developers/Spellabbet/Collections/' took 0.01s
[2015.12.01-14.24.26:139][  0]LogFileCache: Scanning file cache for directory 'C:/Users/Spellabbet/Documents/Unreal Projects/Balls-of-steel/BOS/Content/Collections/' took 0.01s
[2015.12.01-14.24.26:139][  0]LogContentBrowser: Native class hierarchy populated in 0.0074 seconds. Added 1875 classes and 335 folders.
[2015.12.01-14.24.26:144][  0]LogCollectionManager: Rebuilt the GUID cache for 0 collections in 0.000002 seconds
[2015.12.01-14.24.26:152][  0]LogContentBrowser: Native class hierarchy updated for 'WidgetCarousel' in 0.0022 seconds. Added 0 classes and 0 folders.
[2015.12.01-14.24.26:213][  0]LogContentBrowser: Native class hierarchy updated for 'AddContentDialog' in 0.0013 seconds. Added 0 classes and 0 folders.
[2015.12.01-14.24.26:233][  0]LogContentBrowser: Native class hierarchy updated for 'SceneOutliner' in 0.0014 seconds. Added 1 classes and 2 folders.
[2015.12.01-14.24.26:256][  0]LogCrashTracker: Crashtracker disabled due to settings.
[2015.12.01-14.24.26:260][  0]LogUObjectGlobals:Warning: Failed to find object 'Class None.'
[2015.12.01-14.24.26:285][  0]LogLoad: Full Startup: 6.45 seconds (BP compile: 0.04 seconds)
[2015.12.01-14.24.26:336][  0]LogContentStreaming: Texture pool size now 1000 MB
[2015.12.01-14.24.26:430][  0]LogRenderer: Reallocating scene render targets to support 1048x556 (Frame:2).
[2015.12.01-14.24.26:664][  2]LogAssetRegistry: Asset discovery search completed in 2.3406 seconds
[2015.12.01-14.24.26:665][  2]LogCollectionManager: Rebuilt the object cache for 0 collections in 0.000001 seconds (found 0 objects)
[2015.12.01-14.24.26:665][  2]LogCollectionManager: Fixed up redirectors for 0 collections in 0.000379 seconds (updated 0 objects)
[2015.12.01-14.24.40:865][662]LogAIModule: Creating AISystem for world Map1
[2015.12.01-14.24.40:900][662]LogActorComponent: UnregisterComponent: (/Engine/Transient.ProjectileComp) Not registered. Aborting.
[2015.12.01-14.24.40:900][662]LogActorComponent: UnregisterComponent: (/Engine/Transient.ProjectileMovementComponent_0) Not registered. Aborting.
[2015.12.01-14.24.40:921][662]Cmd: MAP LOAD FILE="../../../../../../Users/Spellabbet/Documents/Unreal Projects/Balls-of-steel/BOS/Content/Maps/Map1.umap" TEMPLATE=0 SHOWPROGRESS=1 FEATURELEVEL=3
[2015.12.01-14.24.40:922][662]LightingResults: New page: Lighting Build
[2015.12.01-14.24.40:936][662]LoadErrors: New page: Loading map: Map1.umap
[2015.12.01-14.24.40:937][662]MapCheck: New page: Map Check
[2015.12.01-14.24.40:937][662]LightingResults: New page: Lighting Build
[2015.12.01-14.24.40:947][662]LogParticles: Destroying 0 GPU particle simulations for FXSystem 0x0000002BA217AA20
[2015.12.01-14.24.40:955][662]LogEditorServer: Finished looking for orphan Actors (0.000 secs)
[2015.12.01-14.24.40:999][662]Cmd: MAP CHECKDEP NOCLEARLOG
[2015.12.01-14.24.41:041][662]MapCheck: Info Map check complete: 0 Error(s), 0 Warning(s), took 42.152ms to complete.
[2015.12.01-14.24.41:042][662]LogFileHelpers: Loading map 'Map1' took 0.121
[2015.12.01-14.24.42:132][774]LogBlueprintUserMessages: Early PlayInEditor Detection: Level '/Game/Maps/Map1.Map1:PersistentLevel' has LevelScriptBlueprint '/Game/Maps/Map1.Map1:PersistentLevel.Map1' with GeneratedClass '/Game/Maps/Map1.Map1_C' with ClassGeneratedBy '/Game/Maps/Map1.Map1:PersistentLevel.