[2015.11.01-17.30.10:918][  0]Log file open, 11/01/15 18:30:10
[2015.11.01-17.30.10:918][  0]LogInit:Display: Running engine for game: BOS
[2015.11.01-17.30.10:918][  0]LogInit:Display: RandInit(-276383232) SRandInit(-276383231).
[2015.11.01-17.30.10:918][  0]LogTaskGraph: Started task graph with 4 named threads and 5 total threads.
[2015.11.01-17.30.10:918][  0]LogStats: Stats thread started at 0.086347
[2015.11.01-17.30.10:918][  0]LogInit: Version: 4.9.2-2707645+++depot+UE4-Releases+4.9
[2015.11.01-17.30.10:918][  0]LogInit: API Version: 2672455
[2015.11.01-17.30.10:918][  0]LogInit: Compiled (64-bit): Sep 28 2015 10:25:44
[2015.11.01-17.30.10:918][  0]LogInit: Compiled with Visual C++: 18.00.21005.01
[2015.11.01-17.30.10:918][  0]LogInit: Build Configuration: Development
[2015.11.01-17.30.10:918][  0]LogInit: Branch Name: ++depot+UE4-Releases+4.9
[2015.11.01-17.30.10:918][  0]LogInit: Command line:  
[2015.11.01-17.30.10:918][  0]LogInit: Base directory: C:/Program Files/Epic Games/4.9/Engine/Binaries/Win64/
[2015.11.01-17.30.10:918][  0]LogInit: Rocket: 1
[2015.11.01-17.30.10:934][  0]LogInit: Using libcurl 7.41.0
[2015.11.01-17.30.10:934][  0]LogInit:  - built for x86_64-pc-win32
[2015.11.01-17.30.10:934][  0]LogInit:  - supports SSL with WinSSL
[2015.11.01-17.30.10:934][  0]LogInit:  - other features:
[2015.11.01-17.30.10:934][  0]LogInit:      CURL_VERSION_SSL
[2015.11.01-17.30.10:934][  0]LogInit:      CURL_VERSION_IPV6
[2015.11.01-17.30.10:934][  0]LogInit:      CURL_VERSION_ASYNCHDNS
[2015.11.01-17.30.10:934][  0]LogInit:      CURL_VERSION_LARGEFILE
[2015.11.01-17.30.10:934][  0]LogInit:      CURL_VERSION_IDN
[2015.11.01-17.30.10:934][  0]LogInit:  CurlRequestOptions (configurable via config and command line):
[2015.11.01-17.30.10:934][  0]LogInit:  - bVerifyPeer = true  - Libcurl will verify peer certificate
[2015.11.01-17.30.10:934][  0]LogInit:  - bUseHttpProxy = false  - Libcurl will NOT use HTTP proxy
[2015.11.01-17.30.10:934][  0]LogInit:  - bDontReuseConnections = false  - Libcurl will reuse connections
[2015.11.01-17.30.10:934][  0]LogInit:  - CertBundlePath = nullptr  - Libcurl will use whatever was configured at build time.
[2015.11.01-17.30.10:948][  0]LogInit: Presizing for 0 objects not considered by GC, pre-allocating 0 bytes.
[2015.11.01-17.30.10:968][  0]LogInit: Object subsystem initialized
[2015.11.01-17.30.10:970][  0]LogInit: Selected Device Profile: [Windows]
[2015.11.01-17.30.10:970][  0]LogInit: Applying CVar settings loaded from the selected device profile: [Windows]
[2015.11.01-17.30.10:992][  0]LogInit: Computer: STOFFEPC
[2015.11.01-17.30.10:992][  0]LogInit: User: Stoffe
[2015.11.01-17.30.10:992][  0]LogInit: CPU Page size=4096, Cores=2
[2015.11.01-17.30.10:992][  0]LogInit: High frequency timer resolution =3.222680 MHz
[2015.11.01-17.30.10:992][  0]LogMemory: Memory total: Physical=7.9GB (8GB approx)
[2015.11.01-17.30.10:992][  0]LogMemory: Platform Memory Stats for Windows
[2015.11.01-17.30.10:992][  0]LogMemory: Process Physical Memory: 52.37 MB used, 52.37 MB peak
[2015.11.01-17.30.10:992][  0]LogMemory: Process Virtual Memory: 54.89 MB used, 54.89 MB peak
[2015.11.01-17.30.10:992][  0]LogMemory: Physical Memory: 4781.86 MB used, 8126.94 MB total
[2015.11.01-17.30.10:992][  0]LogMemory: Virtual Memory: 347.52 MB used, 134217728.00 MB total
[2015.11.01-17.30.11:104][  0]LogTextLocalizationManager: No translations for ('sv-SE') exist, falling back to 'en' for localization and internationalization data.
[2015.11.01-17.30.12:495][  0]LogD3D11RHI: Found D3D11 adapter 0: AMD Radeon HD 7800 Series (Feature Level 11_0)
[2015.11.01-17.30.12:495][  0]LogD3D11RHI: Adapter has 2030MB of dedicated video memory, 0MB of dedicated system memory, and 3840MB of shared system memory, 2 output[s]
[2015.11.01-17.30.12:496][  0]LogD3D11RHI: Found D3D11 adapter 1: Microsoft Basic Render Driver (Feature Level 11_0)
[2015.11.01-17.30.12:496][  0]LogD3D11RHI: Adapter has 0MB of dedicated video memory, 0MB of dedicated system memory, and 256MB of shared system memory, 0 output[s]
[2015.11.01-17.30.12:496][  0]LogD3D11RHI: Chosen D3D11 Adapter Id = 0
[2015.11.01-17.30.12:500][  0]LogD3D11RHI: !Direct3DDevice
[2015.11.01-17.30.12:500][  0]LogRHI: Texture pool is 1361 MB (70% of 1945 MB)
[2015.11.01-17.30.12:505][  0]LogD3D11RHI: Async texture creation disabled: no driver support
[2015.11.01-17.30.12:532][  0]LogShaderCompilers: Guid format shader working directory is 15 characters bigger than the processId version (../../../../../../Users/Stoffe/Documents/GitHub/Balls-of-steel/BOS/Intermediate/Shaders/WorkingDirectory/4552/).
[2015.11.01-17.30.12:532][  0]LogShaderCompilers: Cleaned the shader compiler working directory '../../../../../../Users/Stoffe/Documents/GitHub/Balls-of-steel/BOS/Intermediate/Shaders/tmp/036E4F574CD91C352C5FF5B457AC41DC/'.
[2015.11.01-17.30.12:532][  0]LogShaderCompilers:Display: Using Local Shader Compiler.
[2015.11.01-17.30.14:572][  0]LogTemp:Display: Loaded TP AllDesktopTargetPlatform
[2015.11.01-17.30.14:582][  0]LogTemp:Display: Loaded TP WindowsClientTargetPlatform
[2015.11.01-17.30.14:598][  0]LogTemp:Display: Loaded TP WindowsNoEditorTargetPlatform
[2015.11.01-17.30.14:607][  0]LogTemp:Display: Loaded TP WindowsServerTargetPlatform
[2015.11.01-17.30.14:616][  0]LogTemp:Display: Loaded TP WindowsTargetPlatform
[2015.11.01-17.30.14:622][  0]LogTemp:Display: Loaded TP AndroidTargetPlatform
[2015.11.01-17.30.14:630][  0]LogTemp:Display: Loaded TP Android_ASTCTargetPlatform
[2015.11.01-17.30.14:637][  0]LogTemp:Display: Loaded TP Android_ATCTargetPlatform
[2015.11.01-17.30.14:642][  0]LogTemp:Display: Loaded TP Android_DXTTargetPlatform
[2015.11.01-17.30.14:648][  0]LogTemp:Display: Loaded TP Android_ETC1TargetPlatform
[2015.11.01-17.30.14:659][  0]LogTemp:Display: Loaded TP Android_ETC2TargetPlatform
[2015.11.01-17.30.14:665][  0]LogTemp:Display: Loaded TP Android_PVRTCTargetPlatform
[2015.11.01-17.30.14:666][  0]LogTemp:Display: Loaded TP HTML5TargetPlatform
[2015.11.01-17.30.14:688][  0]LogTemp:Display: Loaded TP IOSTargetPlatform
[2015.11.01-17.30.14:696][  0]LogTemp:Display: Loaded TP LinuxNoEditorTargetPlatform
[2015.11.01-17.30.14:705][  0]LogTemp:Display: Loaded TP LinuxServerTargetPlatform
[2015.11.01-17.30.14:711][  0]LogTemp:Display: Loaded TP LinuxTargetPlatform
[2015.11.01-17.30.14:711][  0]LogTargetPlatformManager:Display: Building Assets For Windows
[2015.11.01-17.30.14:971][  0]LogDerivedDataCache:Display: Max Cache Size: 512 MB
[2015.11.01-17.30.17:559][  0]LogDerivedDataCache: Loaded boot cache 2.56s 47MB C:/Users/Stoffe/AppData/Local/UnrealEngine/4.9/DerivedDataCache/Boot.ddc.
[2015.11.01-17.30.17:559][  0]LogDerivedDataCache:Display: Loaded Boot cache: C:/Users/Stoffe/AppData/Local/UnrealEngine/4.9/DerivedDataCache/Boot.ddc
[2015.11.01-17.30.17:559][  0]LogDerivedDataCache: FDerivedDataBackendGraph:  Pak pak cache file ../../../../../../Users/Stoffe/Documents/GitHub/Balls-of-steel/BOS/DerivedDataCache/DDC.ddp not found, will not use a pak cache.
[2015.11.01-17.30.17:559][  0]LogDerivedDataCache: Unable to find inner node Pak for hierarchical cache Hierarchy.
[2015.11.01-17.30.17:559][  0]LogDerivedDataCache: FDerivedDataBackendGraph:  CompressedPak pak cache file ../../../../../../Users/Stoffe/Documents/GitHub/Balls-of-steel/BOS/DerivedDataCache/Compressed.ddp not found, will not use a pak cache.
[2015.11.01-17.30.17:559][  0]LogDerivedDataCache: Unable to find inner node CompressedPak for hierarchical cache Hierarchy.
[2015.11.01-17.30.17:953][  0]LogDerivedDataCache:Display: Pak cache opened for reading ../../../Engine/DerivedDataCache/Compressed.ddp.
[2015.11.01-17.30.17:968][  0]LogDerivedDataCache: Using Local data cache path C:/Users/Stoffe/AppData/Local/UnrealEngine/Common/DerivedDataCache: Writable
[2015.11.01-17.30.35:131][  0]LogInit: Selected Device Profile: [Windows]
[2015.11.01-17.30.35:137][  0]LogContentStreaming: Texture pool size is 0.000000MB
[2015.11.01-17.30.35:454][  0]LogMeshUtilities: No automatic mesh reduction module available
[2015.11.01-17.30.35:454][  0]LogMeshUtilities: No automatic mesh merging module available
[2015.11.01-17.30.36:234][  0]LogInit: WinSock: version 1.1 (2.2), MaxSocks=32767, MaxUdp=65467
[2015.11.01-17.31.29:045][  0]UdpMessaging: Initializing bridge on interface 0.0.0.0:0 to multicast group 230.0.0.1:6666.
[2015.11.01-17.31.29:167][  0]LogLinker:Warning: Asset '../../../../../../Users/Stoffe/Documents/GitHub/Balls-of-steel/BOS/Content/Rolling/Meshes/BallMesh.uasset' has been saved with empty engine version. The asset will be loaded but may be incompatible.
[2015.11.01-17.31.29:168][  0]LogLinker:Warning: Asset '../../../../../../Users/Stoffe/Documents/GitHub/Balls-of-steel/BOS/Content/Rolling/Materials/M_Blue_Checker.uasset' has been saved with empty engine version. The asset will be loaded but may be incompatible.
[2015.11.01-17.31.29:169][  0]LogLinker:Warning: Asset '../../../../../../Users/Stoffe/Documents/GitHub/Balls-of-steel/BOS/Content/Rolling/Materials/PM_Ball.uasset' has been saved with empty engine version. The asset will be loaded but may be incompatible.
[2015.11.01-17.31.31:061][  0]LogAssetRegistry: FAssetRegistry took 0.0110 seconds to start up
[2015.11.01-17.31.32:044][  0]SourceControl: Info Source control is disabled
[2015.11.01-17.31.32:625][  0]SourceControl: Info Source control is disabled
[2015.11.01-17.31.32:736][  0]SourceControl: Info Source control is disabled
[2015.11.01-17.31.32:869][  0]SourceControl: Info Source control is disabled
[2015.11.01-17.31.34:926][  0]LogLinker:Warning: Asset '../../../Engine/Plugins/Runtime/LeapMotionController/Content/LM_PassthroughMaterial.uasset' has been saved with empty engine version. The asset will be loaded but may be incompatible.
[2015.11.01-17.31.35:469][  0]LogObj: 29502 objects as part of root set at end of initial load.
[2015.11.01-17.31.35:469][  0]LogUObjectAllocator: 6436744 out of 0 bytes used by permanent object pool.
[2015.11.01-17.31.35:826][  0]LogEngine: Initializing Engine...
[2015.11.01-17.31.35:829][  0]LogHMD: Can't find Oculus library dev build: is proper Runtime installed? Version: 0.7.0.0
[2015.11.01-17.31.35:975][  0]LogHMD: SteamVR failed to initialize.  Err: 110
[2015.11.01-17.31.36:238][  0]LogAIModule: Creating AISystem for world NewWorld
[2015.11.01-17.31.36:301][  0]LogInit: XAudio2 using 'Högtalare (Realtek High Definition Audio)' : 2 channels at 48 kHz using 32 bits per sample (channel mask 0x3)
[2015.11.01-17.31.36:380][  0]LogInit: FAudioDevice initialized.
[2015.11.01-17.31.36:608][  0]LogDerivedDataCache: Saved boot cache 0.23s 46MB C:/Users/Stoffe/AppData/Local/UnrealEngine/4.9/DerivedDataCache/Boot.ddc.
[2015.11.01-17.31.36:611][  0]LogInit: Texture streaming: Enabled
[2015.11.01-17.31.36:693][  0]LogAnalytics: Creating configured Analytics provider AnalyticsET
[2015.11.01-17.31.36:695][  0]LogAnalytics: [UEEditor.Rocket.Release] APIServer = http://et2.epicgames.com/ET2/. AppVersion = 4.9.2-2707645+++depot+UE4-Releases+4.9
[2015.11.01-17.31.36:695][  0]LogAnalytics: [UEEditor.Rocket.Release] SetUserId c2f82278409fbc7e17ba4c8b187827c0|8471e16762be488588a110ad13c08bd6|a2f24018-7849-4a41-8ec9-fa4680d0f5a7
[2015.11.01-17.31.36:695][  0]LogAnalytics: [UEEditor.Rocket.Release] AnalyticsET::StartSession
[2015.11.01-17.31.36:753][  0]LogWindowsTextInputMethodSystem:Display: IME system now deactivated.
[2015.11.01-17.31.37:562][  0]LogInit: Transaction tracking system initialized
[2015.11.01-17.31.38:597][  0]BlueprintLog: New page: Editor Load
[2015.11.01-17.31.42:357][  0]LocalizationService: Info Localization service is disabled
[2015.11.01-17.31.43:787][  0]LogConsoleResponse:Display: 
[2015.11.01-17.31.44:593][  0]LogCook:Display: Done creating registry. It took  0.00s.
[2015.11.01-17.31.45:679][  0]LogFileCache: Scanning file cache for directory 'C:/Users/Stoffe/Documents/GitHub/Balls-of-steel/BOS/Content/' took 0.02s
[2015.11.01-17.31.45:719][  0]SourceControl: Info Source control is disabled
[2015.11.01-17.31.45:719][  0]Cmd: MAP LOAD FILE="../../../../../../Users/Stoffe/Documents/GitHub/Balls-of-steel/BOS/Content/RollingCPP/Maps/Map1.umap" TEMPLATE=0 SHOWPROGRESS=1 FEATURELEVEL=3
[2015.11.01-17.31.45:719][  0]LightingResults: New page: Lighting Build
[2015.11.01-17.31.45:728][  0]MapCheck: New page: Map Check
[2015.11.01-17.31.45:728][  0]LightingResults: New page: Lighting Build
[2015.11.01-17.31.45:757][  0]LogParticles: Destroying 0 GPU particle simulations for FXSystem 0x0000002248766160
[2015.11.01-17.31.46:618][  0]LogAIModule: Creating AISystem for world Map1
[2015.11.01-17.31.46:629][  0]LogEditorServer: Finished looking for orphan Actors (0.000 secs)
[2015.11.01-17.31.46:630][  0]Cmd: MAP CHECKDEP NOCLEARLOG
[2015.11.01-17.31.46:718][  0]MapCheck: Info Map check complete: 0 Error(s), 0 Warning(s), took 87.576ms to complete.
[2015.11.01-17.31.46:718][  0]LogFileHelpers: Loading map 'Map1' took 0.999
[2015.11.01-17.31.47:818][  0]LogCollectionManager: Loaded 0 collections in 0.003549 seconds
[2015.11.01-17.31.47:865][  0]LogFileCache: Scanning file cache for directory 'C:/Users/Stoffe/Documents/GitHub/Balls-of-steel/BOS/Saved/Collections/' took 0.01s
[2015.11.01-17.31.47:865][  0]LogFileCache: Scanning file cache for directory 'C:/Users/Stoffe/Documents/GitHub/Balls-of-steel/BOS/Content/Developers/Stoffe/Collections/' took 0.01s
[2015.11.01-17.31.47:865][  0]LogFileCache: Scanning file cache for directory 'C:/Users/Stoffe/Documents/GitHub/Balls-of-steel/BOS/Content/Collections/' took 0.01s
[2015.11.01-17.31.47:865][  0]LogContentBrowser: Native class hierarchy populated in 0.0129 seconds. Added 1871 classes and 335 folders.
[2015.11.01-17.31.47:880][  0]LogCollectionManager: Rebuilt the GUID cache for 0 collections in 0.000004 seconds
[2015.11.01-17.31.47:892][  0]LogContentBrowser: Native class hierarchy updated for 'WidgetCarousel' in 0.0016 seconds. Added 0 classes and 0 folders.
[2015.11.01-17.31.57:723][  0]LogContentBrowser: Native class hierarchy updated for 'AddContentDialog' in 0.0012 seconds. Added 0 classes and 0 folders.
[2015.11.01-17.31.57:781][  0]LogContentBrowser: Native class hierarchy updated for 'SceneOutliner' in 0.0012 seconds. Added 1 classes and 2 folders.
[2015.11.01-17.31.58:049][  0]LogCrashTracker: Crashtracker disabled due to settings.
[2015.11.01-17.31.58:055][  0]LogUObjectGlobals:Warning: Failed to find object 'Class None.'
[2015.11.01-17.31.58:082][  0]LogLoad: Full Startup: 110.59 seconds (BP compile: 0.41 seconds)
[2015.11.01-17.31.59:089][  0]LogContentStreaming: Texture pool size now 400 MB
[2015.11.01-17.31.59:229][  0]LogRenderer: Reallocating scene render targets to support 1028x636 (Frame:2).
[2015.11.01-17.32.00:317][  4]LogAssetRegistry: Asset discovery search completed in 29.2675 seconds
[2015.11.01-17.32.00:317][  4]LogCollectionManager: Rebuilt the object cache for 0 collections in 0.000001 seconds (found 0 objects)
[2015.11.01-17.32.00:317][  4]LogCollectionManager: Fixed up redirectors for 0 collections in 0.000037 seconds (updated 0 objects)
[2015.11.01-17.34.56:988][ 56]Recompiling BOS...
[2015.11.01-17.34.56:989][ 56]Launching UnrealBuildTool... [C:/Program Files/Epic Games/4.9/Engine/Binaries/DotNET/UnrealBuildTool.exe BOS -ModuleWithSuffix BOS 490 Win64 Development -editorrecompile -canskiplink "C:/Users/Stoffe/Documents/GitHub/Balls-of-steel/BOS/BOS.uproject" -rocket  -rocket]
[2015.11.01-17.34.56:989][ 56]Warning: Starting HotReload took  0.0s.
[2015.11.01-17.35.33:243][240]CompilerResultsLog: New page: Compilation - Nov 1, 2015, 7:35:33 PM
[2015.11.01-17.35.33:244][240]CompilerResultsLog: Info Compiling game modules for hot reload
[2015.11.01-17.35.33:244][240]CompilerResultsLog: Info Performing 2 actions (2 in parallel)
[2015.11.01-17.35.33:244][240]CompilerResultsLog: Info BOSBall.cpp
[2015.11.01-17.35.33:244][240]CompilerResultsLog: Info [2/2] Link UE4Editor-BOS-490.dll
[2015.11.01-17.35.33:244][240]CompilerResultsLog: Info    Creating library C:\Users\Stoffe\Documents\GitHub\Balls-of-steel\BOS\Intermediate/Build/Win64\UE4Editor\Development\UE4Editor-BOS-490.lib and object C:\Users\Stoffe\Documents\GitHub\Balls-of-steel\BOS\Intermediate/Build/Win64\UE4Editor\Development\UE4Editor-BOS-490.exp
[2015.11.01-17.35.33:244][240]CompilerResultsLog: Info -------- End Detailed Actions Stats -----------------------------------------------------------
[2015.11.01-17.35.33:244][240]CompilerResultsLog: Info Total build time: 36,21 seconds
[2015.11.01-17.35.33:244][240]LogMainFrame: MainFrame: Module compiling took 36.267 seconds
[2015.11.01-17.35.33:315][240]LogContentBrowser: Native class hierarchy updated for 'BOS' in 0.0057 seconds. Added 4 classes and 2 folders.
[2015.11.01-17.35.33:319][240]Warning: HotReload successful (9 functions remapped  0 scriptstructs remapped)
[2015.11.01-17.35.33:441][240]LogContentBrowser: Native class hierarchy populated in 0.0119 seconds. Added 1872 classes and 337 folders.
[2015.11.01-17.35.35:933][248]LogBlueprintUserMessages: Early PlayInEditor Detection: Level '/Game/RollingCPP/Maps/Map1.Map1:PersistentLevel' has LevelScriptBlueprint '/Game/RollingCPP/Maps/Map1.Map1:PersistentLevel.Map1' with GeneratedClass '/Game/RollingCPP/Maps/Map1.Map1_C' with ClassGeneratedBy '/Game/RollingCPP/Maps/Map1.Map1:PersistentLevel.Map1'
[2015.11.01-17.35.35:933][248]LogPlayLevel: PlayLevel: No blueprints needed recompiling
[2015.11.01-17.35.35:942][248]PIE: New page: PIE session: Map1 (Nov 1, 2015, 7:35:35 PM)
[2015.11.01-17.35.35:942][248]LogPlayLevel: Creating play world package: /Game/RollingCPP/Maps/UEDPIE_1_Map1
[2015.11.01-17.35.35:984][248]LogPlayLevel: PIE: StaticDuplicateObject took: (0.042030s)
[2015.11.01-17.35.35:985][248]LogAIModule: Creating AISystem for world Map1
[2015.11.01-17.35.35:986][248]LogPlayLevel: PIE: World Init took: (0.001169s)
[2015.11.01-17.35.35:986][248]LogPlayLevel: PIE: Created PIE world by copying editor world from /Game/RollingCPP/Maps/Map1.Map1 to /Game/RollingCPP/Maps/UEDPIE_1_Map1.Map1 (0.043715s)
[2015.11.01-17.35.36:024][248]LogInit: XAudio2 using 'Högtalare (Realtek High Definition Audio)' : 2 channels at 48 kHz using 32 bits per sample (channel mask 0x3)
[2015.11.01-17.35.36:044][248]LogInit: FAudioDevice initialized.
[2015.11.01-17.35.36:136][248]LogWorld: Game class is 'BOSGameMode'
[2015.11.01-17.35.36:155][248]LogWorld: Bringing World /Game/RollingCPP/Maps/UEDPIE_1_Map1.Map1 up for play (max tick rate 0) at 2015.11.01-18.35.36
[2015.11.01-17.35.36:155][248]LogActor:Warning: GameSession /Game/RollingCPP/Maps/UEDPIE_1_Map1.Map1:PersistentLevel.GameSession_0 has natively added scene component(s), but none of them were set as the actor's RootComponent - picking one arbitrarily
[2015.11.01-17.35.36:155][248]LogActor:Warning: GameNetworkManager /Game/RollingCPP/Maps/UEDPIE_1_Map1.Map1:PersistentLevel.GameNetworkManager_0 has natively added scene component(s), but none of them were set as the actor's RootComponent - picking one arbitrarily
[2015.11.01-17.35.36:156][248]LogWorld: Bringing up level for play took: 0.018922
[2015.11.01-17.35.36:158][248]LogInit: WinSock: Socket queue 131072 / 131072
[2015.11.01-17.35.36:160][248]LogInit: WinSock: I am Stoffepc (172.20.10.2:0)
[2015.11.01-17.35.36:160][248]LogNet: GameNetDriver IpNetDriver_0 IpNetDriver listening on port 7777
[2015.11.01-17.35.36:199][248]PIE: Info Play in editor start time for /Game/RollingCPP/Maps/UEDPIE_1_Map1 0.055
[2015.11.01-17.35.36:208][248]PIE: New page: PIE session: Map1 (Nov 1, 2015, 7:35:36 PM)
[2015.11.01-17.35.36:278][248]LogNet: Browse: 127.0.0.1//Game/RollingCPP/Maps/Map1
[2015.11.01-17.35.36:278][248]LogInit: WinSock: Socket queue 32768 / 32768
[2015.11.01-17.35.36:279][248]LogNet: Game client on port 7777, rate 10000
[2015.11.01-17.35.36:279][248]LogNet: GetLocalNetworkVersion: GEngineNetVersion: 2707645, ProjectName: bos, ProjectVersion: 1.0.0.0, InternalProtocolVersion: 9, LocalNetworkVersion: 1605316083
[2015.11.01-17.35.36:317][248]PIE: Info Play in editor start time for /Game/RollingCPP/Maps/Map1 0.173
[2015.11.01-17.35.36:328][248]LogBlueprintUserMessages: Late PlayInEditor Detection: Level '/Game/RollingCPP/Maps/Map1.Map1:PersistentLevel' has LevelScriptBlueprint '/Game/RollingCPP/Maps/Map1.Map1:PersistentLevel.Map1' with GeneratedClass '/Game/RollingCPP/Maps/Map1.Map1_C' with ClassGeneratedBy '/Game/RollingCPP/Maps/Map1.Map1:PersistentLevel.Map1'
[2015.11.01-17.35.36:328][248]LogNet: NotifyAcceptingConnection: Server Map1 accept
[2015.11.01-17.35.36:328][248]LogNet: Open Map1 11/01/15 18:35:36 127.0.0.1
[2015.11.01-17.35.36:328][248]LogNet: Added client connection.  Remote address = 127.0.0.1:60880
[2015.11.01-17.35.36:328][248]LogNet: NotifyAcceptingChannel Control 0 server World /Game/RollingCPP/Maps/UEDPIE_1_Map1.Map1: Accepted
[2015.11.01-17.35.36:329][248]LogNet: Remote platform little endian=1
[2015.11.01-17.35.36:329][248]LogNet: This platform little endian=1
[2015.11.01-17.35.36:329][248]LogNet: GetLocalNetworkVersion: GEngineNetVersion: 2707645, ProjectName: bos, ProjectVersion: 1.0.0.0, InternalProtocolVersion: 9, LocalNetworkVersion: 1605316083
[2015.11.01-17.35.36:350][249]LogNet: Login request: /Game/RollingCPP/Maps/Map1 userId: Invalid
[2015.11.01-17.35.36:354][249]LogNet: Welcomed by server (Level: /Game/RollingCPP/Maps/UEDPIE_1_Map1, Game: /Script/BOS.BOSGameMode)
[2015.11.01-17.35.36:425][249]LogLoad: LoadMap: 127.0.0.1//Game/RollingCPP/Maps/UEDPIE_1_Map1?game=/Script/BOS.BOSGameMode
[2015.11.01-17.35.36:458][249]LogParticles: Destroying 0 GPU particle simulations for FXSystem 0x000000224D46E7A0
[2015.11.01-17.35.36:460][249]Cmd: MEM
[2015.11.01-17.35.36:494][249]LogMemory: Platform Memory Stats for Windows
[2015.11.01-17.35.36:494][249]LogMemory: Process Physical Memory: 593.42 MB used, 601.94 MB peak
[2015.11.01-17.35.36:494][249]LogMemory: Process Virtual Memory: 509.14 MB used, 520.07 MB peak
[2015.11.01-17.35.36:494][249]LogMemory: Physical Memory: 4513.66 MB used, 8126.94 MB total
[2015.11.01-17.35.36:494][249]LogMemory: Virtual Memory: 1121.56 MB used, 134217728.00 MB total
[2015.11.01-17.35.36:494][249]LogMemory: 
[2015.11.01-17.35.36:494][249]Allocator Stats for TBB: (not implemented)
[2015.11.01-17.35.36:495][249]LogLinker: Can't find file for asset '/Game/RollingCPP/Maps/UEDPIE_1_Map1' while loading NULL.
[2015.11.01-17.35.36:529][249]LogWorld: PIE: Copying PIE streaming level from /Game/RollingCPP/Maps/Map1.Map1 to /Game/RollingCPP/Maps/UEDPIE_2_Map1.Map1. OwningWorld: None
[2015.11.01-17.35.36:529][249]LogAIModule: Creating AISystem for world Map1
[2015.11.01-17.35.36:546][249]LogWorld: Bringing World /Game/RollingCPP/Maps/UEDPIE_2_Map1.Map1 up for play (max tick rate 0) at 2015.11.01-18.35.36
[2015.11.01-17.35.36:547][249]LogWorld: Bringing up level for play took: 0.016575
[2015.11.01-17.35.36:610][250]LogNet: Client netspeed is 10000
[2015.11.01-17.35.36:611][250]LogNet: Join request: /Game/RollingCPP/Maps/Map1?SplitscreenCount=1
[2015.11.01-17.35.36:615][250]LogNet: Join succeeded: 257
[2015.11.01-17.35.50:693][236]LogNet:Warning: UIpNetDriver::ProcesRemoteFunction: No owning connection for actor BasicProjectile_BP_C_10. Function OnHit will not be processed.
[2015.11.01-17.35.51:206][273]LogNet:Warning: UIpNetDriver::ProcesRemoteFunction: No owning connection for actor BasicProjectile_BP_C_12. Function OnHit will not be processed.
[2015.11.01-17.35.51:689][307]LogNet:Warning: UIpNetDriver::ProcesRemoteFunction: No owning connection for actor BasicProjectile_BP_C_14. Function OnHit will not be processed.
[2015.11.01-17.35.52:160][341]LogNet:Warning: UIpNetDriver::ProcesRemoteFunction: No owning connection for actor BasicProjectile_BP_C_16. Function OnHit will not be processed.
[2015.11.01-17.35.52:527][365]LogNet:Warning: UIpNetDriver::ProcesRemoteFunction: No owning connection for actor BasicProjectile_BP_C_18. Function OnHit will not be processed.
[2015.11.01-17.35.52:854][387]LogNet:Warning: UIpNetDriver::ProcesRemoteFunction: No owning connection for actor BasicProjectile_BP_C_21. Function OnHit will not be processed.
[2015.11.01-17.35.53:012][397]LogNet:Warning: UIpNetDriver::ProcesRemoteFunction: No owning connection for actor BasicProjectile_BP_C_23. Function OnHit will not be processed.
[2015.11.01-17.35.53:012][397]LogNet:Warning: UIpNetDriver::ProcesRemoteFunction: No owning connection for actor BasicProjectile_BP_C_23. Function OnHit will not be processed.
[2015.11.01-17.35.53:202][409]LogNet:Warning: UIpNetDriver::ProcesRemoteFunction: No owning connection for actor BasicProjectile_BP_C_25. Function OnHit will not be processed.
[2015.11.01-17.35.53:359][419]LogNet:Warning: UIpNetDriver::ProcesRemoteFunction: No owning connection for actor BasicProjectile_BP_C_27. Function OnHit will not be processed.
[2015.11.01-17.35.53:359][419]LogNet:Warning: UIpNetDriver::ProcesRemoteFunction: No owning connection for actor BasicProjectile_BP_C_27. Function OnHit will not be processed.
[2015.11.01-17.35.53:496][426]LogNet:Warning: UIpNetDriver::ProcesRemoteFunction: No owning connection for actor BasicProjectile_BP_C_29. Function OnHit will not be processed.
[2015.11.01-17.35.53:658][435]LogNet:Warning: UIpNetDriver::ProcesRemoteFunction: No owning connection for actor BasicProjectile_BP_C_31. Function OnHit will not be processed.
[2015.11.01-17.35.53:968][455]LogNet:Warning: UIpNetDriver::ProcesRemoteFunction: No owning connection for actor BasicProjectile_BP_C_35. Function OnHit will not be processed.
[2015.11.01-17.35.54:141][466]LogNet:Warning: UIpNetDriver::ProcesRemoteFunction: No owning connection for actor BasicProjectile_BP_C_37. Function OnHit will not be processed.
[2015.11.01-17.35.54:285][475]LogNet:Warning: UIpNetDriver::ProcesRemoteFunction: No owning connection for actor BasicProjectile_BP_C_39. Function OnHit will not be processed.
[2015.11.01-17.35.54:437][485]LogNet:Warning: UIpNetDriver::ProcesRemoteFunction: No owning connection for actor BasicProjectile_BP_C_41. Function OnHit will not be processed.
[2015.11.01-17.36.04:285][214]LogNet: Browse: 127.0.0.1//Game/RollingCPP/Maps/Map1
[2015.11.01-17.36.04:285][214]LogNet: World NetDriver shutdown IpNetDriver_1 [GameNetDriver]
[2015.11.01-17.36.04:285][214]LogNet: DestroyNamedNetDriver IpNetDriver_1 [GameNetDriver]
[2015.11.01-17.36.04:285][214]LogNet: UNetConnection::Close: Name: IpConnection_0, Driver: GameNetDriver IpNetDriver_1, PC: PlayerController_3, Owner: PlayerController_3, Channels: 10, RemoteAddr: 127.0.0.1:7777, Time: 2015.11.01-17.36.04
[2015.11.01-17.36.04:285][214]LogNet: UChannel::Close: Sending CloseBunch. ChIndex == 0. Name: ControlChannel_0
[2015.11.01-17.36.04:285][214]LogExit: GameNetDriver IpNetDriver_1 shut down
[2015.11.01-17.36.04:286][214]LogInit: WinSock: Socket queue 32768 / 32768
[2015.11.01-17.36.04:286][214]LogNet: Game client on port 7777, rate 10000
[2015.11.01-17.36.04:286][214]LogNet: GetLocalNetworkVersion: GEngineNetVersion: 2707645, ProjectName: bos, ProjectVersion: 1.0.0.0, InternalProtocolVersion: 9, LocalNetworkVersion: 1605316083
[2015.11.01-17.36.04:297][215]LogNet: UChannel::ReceivedSequencedBunch: Bunch.bClose == true. ChIndex == 0. Calling ConditionalCleanUp.
[2015.11.01-17.36.04:297][215]LogNet: UChannel::CleanUp: [GameNetDriver] [PlayerController_2] [PlayerController_2]. ChIndex == 0. Closing connection.
[2015.11.01-17.36.04:297][215]LogNet: UNetConnection::Close: Name: IpConnection_1, Driver: GameNetDriver IpNetDriver_0, PC: PlayerController_2, Owner: PlayerController_2, Channels: 10, RemoteAddr: 127.0.0.1:60880, Time: 2015.11.01-17.36.04
[2015.11.01-17.36.04:297][215]LogNet: UChannel::Close: Sending CloseBunch. ChIndex == 0. Name: ControlChannel_1
[2015.11.01-17.36.04:297][215]LogNet: NotifyAcceptingConnection: Server Map1 accept
[2015.11.01-17.36.04:298][215]LogNet: Open Map1 11/01/15 18:36:04 127.0.0.1
[2015.11.01-17.36.04:298][215]LogNet: Added client connection.  Remote address = 127.0.0.1:50108
[2015.11.01-17.36.04:298][215]LogNet: NotifyAcceptingChannel Control 0 server World /Game/RollingCPP/Maps/UEDPIE_1_Map1.Map1: Accepted
[2015.11.01-17.36.04:298][215]LogNet: Remote platform little endian=1
[2015.11.01-17.36.04:298][215]LogNet: This platform little endian=1
[2015.11.01-17.36.04:298][215]LogNet: GetLocalNetworkVersion: GEngineNetVersion: 2707645, ProjectName: bos, ProjectVersion: 1.0.0.0, InternalProtocolVersion: 9, LocalNetworkVersion: 1605316083
[2015.11.01-17.36.04:312][216]LogNet: Login request: /Game/RollingCPP/Maps/Map1 userId: Invalid
[2015.11.01-17.36.04:313][216]LogNet: Welcomed by server (Level: /Game/RollingCPP/Maps/UEDPIE_1_Map1, Game: /Script/BOS.BOSGameMode)
[2015.11.01-17.36.04:314][216]LogLoad: LoadMap: 127.0.0.1//Game/RollingCPP/Maps/UEDPIE_1_Map1?game=/Script/BOS.BOSGameMode
[2015.11.01-17.36.04:361][216]LogParticles: Destroying 0 GPU particle simulations for FXSystem 0x000000224D46D6C0
[2015.11.01-17.36.04:361][216]Cmd: MEM
[2015.11.01-17.36.04:392][216]LogMemory: Platform Memory Stats for Windows
[2015.11.01-17.36.04:392][216]LogMemory: Process Physical Memory: 629.41 MB used, 630.56 MB peak
[2015.11.01-17.36.04:392][216]LogMemory: Process Virtual Memory: 542.75 MB used, 544.83 MB peak
[2015.11.01-17.36.04:392][216]LogMemory: Physical Memory: 4516.48 MB used, 8126.94 MB total
[2015.11.01-17.36.04:392][216]LogMemory: Virtual Memory: 1162.21 MB used, 134217728.00 MB total
[2015.11.01-17.36.04:392][216]LogMemory: 
[2015.11.01-17.36.04:392][216]Allocator Stats for TBB: (not implemented)
[2015.11.01-17.36.04:392][216]LogLinker: Can't find file for asset '/Game/RollingCPP/Maps/UEDPIE_1_Map1' while loading NULL.
[2015.11.01-17.36.04:430][216]LogWorld: PIE: Copying PIE streaming level from /Game/RollingCPP/Maps/Map1.Map1 to /Game/RollingCPP/Maps/UEDPIE_2_Map1.Map1. OwningWorld: None
[2015.11.01-17.36.04:431][216]LogAIModule: Creating AISystem for world Map1
[2015.11.01-17.36.04:453][216]LogWorld: Bringing World /Game/RollingCPP/Maps/UEDPIE_2_Map1.Map1 up for play (max tick rate 0) at 2015.11.01-18.36.04
[2015.11.01-17.36.04:454][216]LogWorld: Bringing up level for play took: 0.022603
[2015.11.01-17.36.04:474][217]LogNet: Client netspeed is 10000
[2015.11.01-17.36.04:474][217]LogNet: Join request: /Game/RollingCPP/Maps/Map1?SplitscreenCount=1
[2015.11.01-17.36.04:477][217]LogNet: Join succeeded: 258
[2015.11.01-17.36.07:652][448]LogNet:Warning: UIpNetDriver::ProcesRemoteFunction: No owning connection for actor BasicProjectile_BP_C_43. Function OnHit will not be processed.
[2015.11.01-17.36.07:832][460]LogNet:Warning: UIpNetDriver::ProcesRemoteFunction: No owning connection for actor BasicProjectile_BP_C_45. Function OnHit will not be processed.
[2015.11.01-17.36.07:986][470]LogNet:Warning: UIpNetDriver::ProcesRemoteFunction: No owning connection for actor BasicProjectile_BP_C_47. Function OnHit will not be processed.
[2015.11.01-17.36.08:162][481]LogNet:Warning: UIpNetDriver::ProcesRemoteFunction: No owning connection for actor BasicProjectile_BP_C_49. Function OnHit will not be processed.
[2015.11.01-17.36.08:352][493]LogNet:Warning: UIpNetDriver::ProcesRemoteFunction: No owning connection for actor BasicProjectile_BP_C_51. Function OnHit will not be processed.
[2015.11.01-17.36.08:453][500]LogNet:Warning: UIpNetDriver::ProcesRemoteFunction: No owning connection for actor BasicProjectile_BP_C_53. Function OnHit will not be processed.
[2015.11.01-17.36.08:542][506]LogNet:Warning: UIpNetDriver::ProcesRemoteFunction: No owning connection for actor BasicProjectile_BP_C_55. Function OnHit will not be processed.
[2015.11.01-17.36.08:876][526]LogNet:Warning: UIpNetDriver::ProcesRemoteFunction: No owning connection for actor BasicProjectile_BP_C_59. Function OnHit will not be processed.
[2015.11.01-17.36.09:003][534]LogNet:Warning: UIpNetDriver::ProcesRemoteFunction: No owning connection for actor BasicProjectile_BP_C_61. Function OnHit will not be processed.
[2015.11.01-17.36.09:386][558]LogNet:Warning: UIpNetDriver::ProcesRemoteFunction: No owning connection for actor BasicProjectile_BP_C_65. Function OnHit will not be processed.
[2015.11.01-17.36.09:599][571]LogNet:Warning: UIpNetDriver::ProcesRemoteFunction: No owning connection for actor BasicProjectile_BP_C_67. Function OnHit will not be processed.
[2015.11.01-17.36.09:728][578]LogNet:Warning: UIpNetDriver::ProcesRemoteFunction: No owning connection for actor BasicProjectile_BP_C_69. Function OnHit will not be processed.
[2015.11.01-17.36.10:222][610]LogNet:Warning: UIpNetDriver::ProcesRemoteFunction: No owning connection for actor BasicProjectile_BP_C_73. Function OnHit will not be processed.
[2015.11.01-17.36.10:500][627]LogNet:Warning: UIpNetDriver::ProcesRemoteFunction: No owning connection for actor BasicProjectile_BP_C_75. Function OnHit will not be processed.
[2015.11.01-17.36.10:667][638]LogNet:Warning: UIpNetDriver::ProcesRemoteFunction: No owning connection for actor BasicProjectile_BP_C_77. Function OnHit will not be processed.
[2015.11.01-17.36.10:969][659]LogNet:Warning: UIpNetDriver::ProcesRemoteFunction: No owning connection for actor BasicProjectile_BP_C_79. Function OnHit will not be processed.
[2015.11.01-17.36.11:620][704]LogNet:Warning: UIpNetDriver::ProcesRemoteFunction: No owning connection for actor BasicProjectile_BP_C_83. Function OnHit will not be processed.
[2015.11.01-17.36.11:812][715]LogNet:Warning: UIpNetDriver::ProcesRemoteFunction: No owning connection for actor BasicProjectile_BP_C_85. Function OnHit will not be processed.
[2015.11.01-17.36.11:944][724]LogNet:Warning: UIpNetDriver::ProcesRemoteFunction: No owning connection for actor BasicProjectile_BP_C_87. Function OnHit will not be processed.
[2015.11.01-17.36.12:119][733]LogNet:Warning: UIpNetDriver::ProcesRemoteFunction: No owning connection for actor BasicProjectile_BP_C_89. Function OnHit will not be processed.
[2015.11.01-17.36.12:491][758]LogNet:Warning: UIpNetDriver::ProcesRemoteFunction: No owning connection for actor BasicProjectile_BP_C_91. Function OnHit will not be processed.
[2015.11.01-17.36.12:599][765]LogNet:Warning: UIpNetDriver::ProcesRemoteFunction: No owning connection for actor BasicProjectile_BP_C_93. Function OnHit will not be processed.
[2015.11.01-17.36.12:660][768]LogNet:Warning: UIpNetDriver::ProcesRemoteFunction: No owning connection for actor BasicProjectile_BP_C_95. Function OnHit will not be processed.
[2015.11.01-17.36.12:759][775]LogNet:Warning: UIpNetDriver::ProcesRemoteFunction: No owning connection for actor BasicProjectile_BP_C_97. Function OnHit will not be processed.
[2015.11.01-17.36.12:884][782]LogNet:Warning: UIpNetDriver::ProcesRemoteFunction: No owning connection for actor BasicProjectile_BP_C_99. Function OnHit will not be processed.
[2015.11.01-17.36.13:474][824]LogNet:Warning: UIpNetDriver::ProcesRemoteFunction: No owning connection for actor BasicProjectile_BP_C_101. Function OnHit will not be processed.
[2015.11.01-17.36.13:516][827]LogNet:Warning: UIpNetDriver::ProcesRemoteFunction: No owning connection for actor BasicProjectile_BP_C_103. Function OnHit will not be processed.
[2015.11.01-17.36.15:104][935]LogNet:Warning: UIpNetDriver::ProcesRemoteFunction: No owning connection for actor BasicProjectile_BP_C_105. Function OnHit will not be processed.
[2015.11.01-17.36.15:222][942]LogNet:Warning: UIpNetDriver::ProcesRemoteFunction: No owning connection for actor BasicProjectile_BP_C_107. Function OnHit will not be processed.
[2015.11.01-17.36.15:292][946]LogNet:Warning: UIpNetDriver::ProcesRemoteFunction: No owning connection for actor BasicProjectile_BP_C_109. Function OnHit will not be processed.
[2015.11.01-17.36.15:432][954]LogNet:Warning: UIpNetDriver::ProcesRemoteFunction: No owning connection for actor BasicProjectile_BP_C_111. Function OnHit will not be processed.
[2015.11.01-17.36.15:717][971]LogNet:Warning: UIpNetDriver::ProcesRemoteFunction: No owning connection for actor BasicProjectile_BP_C_115. Function OnHit will not be processed.
[2015.11.01-17.36.15:875][981]LogNet:Warning: UIpNetDriver::ProcesRemoteFunction: No owning connection for actor BasicProjectile_BP_C_117. Function OnHit will not be processed.
[2015.11.01-17.36.16:019][990]LogNet:Warning: UIpNetDriver::ProcesRemoteFunction: No owning connection for actor BasicProjectile_BP_C_119. Function OnHit will not be processed.
[2015.11.01-17.36.16:259][  4]LogNet:Warning: UIpNetDriver::ProcesRemoteFunction: No owning connection for actor BasicProjectile_BP_C_121. Function OnHit will not be processed.
[2015.11.01-17.36.16:779][ 35]LogNet:Warning: UIpNetDriver::ProcesRemoteFunction: No owning connection for actor BasicProjectile_BP_C_125. Function OnHit will not be processed.
[2015.11.01-17.36.16:907][ 43]LogNet:Warning: UIpNetDriver::ProcesRemoteFunction: No owning connection for actor BasicProjectile_BP_C_127. Function OnHit will not be processed.
[2015.11.01-17.36.17:018][ 49]LogNet:Warning: UIpNetDriver::ProcesRemoteFunction: No owning connection for actor BasicProjectile_BP_C_129. Function OnHit will not be processed.
[2015.11.01-17.36.17:034][ 50]LogNet:Warning: UIpNetDriver::ProcesRemoteFunction: No owning connection for actor BasicProjectile_BP_C_131. Function OnHit will not be processed.
[2015.11.01-17.36.17:164][ 58]LogNet:Warning: UIpNetDriver::ProcesRemoteFunction: No owning connection for actor BasicProjectile_BP_C_133. Function OnHit will not be processed.
[2015.11.01-17.36.17:354][ 70]LogNet:Warning: UIpNetDriver::ProcesRemoteFunction: No owning connection for actor BasicProjectile_BP_C_135. Function OnHit will not be processed.
[2015.11.01-17.36.17:549][ 83]LogNet:Warning: UIpNetDriver::ProcesRemoteFunction: No owning connection for actor BasicProjectile_BP_C_137. Function OnHit will not be processed.
[2015.11.01-17.36.17:635][ 89]LogNet:Warning: UIpNetDriver::ProcesRemoteFunction: No owning connection for actor BasicProjectile_BP_C_139. Function OnHit will not be processed.
[2015.11.01-17.36.17:798][ 99]LogNet:Warning: UIpNetDriver::ProcesRemoteFunction: No owning connection for actor BasicProjectile_BP_C_141. Function OnHit will not be processed.
[2015.11.01-17.36.17:974][110]LogNet:Warning: UIpNetDriver::ProcesRemoteFunction: No owning connection for actor BasicProjectile_BP_C_143. Function OnHit will not be processed.
[2015.11.01-17.36.18:135][120]LogNet:Warning: UIpNetDriver::ProcesRemoteFunction: No owning connection for actor BasicProjectile_BP_C_145. Function OnHit will not be processed.
[2015.11.01-17.36.18:301][131]LogNet:Warning: UIpNetDriver::ProcesRemoteFunction: No owning connection for actor BasicProjectile_BP_C_147. Function OnHit will not be processed.
[2015.11.01-17.36.18:451][141]LogNet:Warning: UIpNetDriver::ProcesRemoteFunction: No owning connection for actor BasicProjectile_BP_C_149. Function OnHit will not be processed.
[2015.11.01-17.36.18:607][152]LogNet:Warning: UIpNetDriver::ProcesRemoteFunction: No owning connection for actor BasicProjectile_BP_C_151. Function OnHit will not be processed.
[2015.11.01-17.36.18:744][162]LogNet:Warning: UIpNetDriver::ProcesRemoteFunction: No owning connection for actor BasicProjectile_BP_C_153. Function OnHit will not be processed.
[2015.11.01-17.36.18:870][170]LogNet:Warning: UIpNetDriver::ProcesRemoteFunction: No owning connection for actor BasicProjectile_BP_C_155. Function OnHit will not be processed.
[2015.11.01-17.36.19:021][178]LogNet:Warning: UIpNetDriver::ProcesRemoteFunction: No owning connection for actor BasicProjectile_BP_C_157. Function OnHit will not be processed.
[2015.11.01-17.36.19:390][201]LogNet:Warning: UIpNetDriver::ProcesRemoteFunction: No owning connection for actor BasicProjectile_BP_C_161. Function OnHit will not be processed.
[2015.11.01-17.36.19:556][211]LogNet:Warning: UIpNetDriver::ProcesRemoteFunction: No owning connection for actor BasicProjectile_BP_C_163. Function OnHit will not be processed.
[2015.11.01-17.36.19:795][226]LogNet:Warning: UIpNetDriver::ProcesRemoteFunction: No owning connection for actor BasicProjectile_BP_C_167. Function OnHit will not be processed.
[2015.11.01-17.36.20:072][244]LogNet:Warning: UIpNetDriver::ProcesRemoteFunction: No owning connection for actor BasicProjectile_BP_C_171. Function OnHit will not be processed.
[2015.11.01-17.36.20:219][253]LogNet:Warning: UIpNetDriver::ProcesRemoteFunction: No owning connection for actor BasicProjectile_BP_C_173. Function OnHit will not be processed.
[2015.11.01-17.36.20:468][268]LogNet:Warning: UIpNetDriver::ProcesRemoteFunction: No owning connection for actor BasicProjectile_BP_C_175. Function OnHit will not be processed.
[2015.11.01-17.36.20:653][280]LogNet:Warning: UIpNetDriver::ProcesRemoteFunction: No owning connection for actor BasicProjectile_BP_C_177. Function OnHit will not be processed.
[2015.11.01-17.36.20:820][291]LogNet:Warning: UIpNetDriver::ProcesRemoteFunction: No owning connection for actor BasicProjectile_BP_C_179. Function OnHit will not be processed.
[2015.11.01-17.36.21:250][315]LogNet:Warning: UIpNetDriver::ProcesRemoteFunction: No owning connection for actor BasicProjectile_BP_C_181. Function OnHit will not be processed.
[2015.11.01-17.36.21:308][317]LogNet:Warning: UIpNetDriver::ProcesRemoteFunction: No owning connection for actor BasicProjectile_BP_C_183. Function OnHit will not be processed.
[2015.11.01-17.36.21:516][329]LogNet:Warning: UIpNetDriver::ProcesRemoteFunction: No owning connection for actor BasicProjectile_BP_C_185. Function OnHit will not be processed.
[2015.11.01-17.36.21:647][336]LogNet:Warning: UIpNetDriver::ProcesRemoteFunction: No owning connection for actor BasicProjectile_BP_C_187. Function OnHit will not be processed.
[2015.11.01-17.36.21:785][344]LogNet:Warning: UIpNetDriver::ProcesRemoteFunction: No owning connection for actor BasicProjectile_BP_C_189. Function OnHit will not be processed.
[2015.11.01-17.36.21:925][353]LogNet:Warning: UIpNetDriver::ProcesRemoteFunction: No owning connection for actor BasicProjectile_BP_C_191. Function OnHit will not be processed.
[2015.11.01-17.36.22:103][366]LogNet:Warning: UIpNetDriver::ProcesRemoteFunction: No owning connection for actor BasicProjectile_BP_C_193. Function OnHit will not be processed.
[2015.11.01-17.36.26:478][659]LogBlueprintUserMessages: Early EndPlayMap Detection: Level '/Game/RollingCPP/Maps/Map1.Map1:PersistentLevel' has LevelScriptBlueprint '/Game/RollingCPP/Maps/Map1.Map1:PersistentLevel.Map1' with GeneratedClass '/Game/RollingCPP/Maps/Map1.Map1_C' with ClassGeneratedBy '/Game/RollingCPP/Maps/Map1.Map1:PersistentLevel.Map1'
[2015.11.01-17.36.26:614][659]LogBlueprintUserMessages: Late EndPlayMap Detection: Level '/Game/RollingCPP/Maps/Map1.Map1:PersistentLevel' has LevelScriptBlueprint '/Game/RollingCPP/Maps/Map1.Map1:PersistentLevel.Map1' with GeneratedClass '/Game/RollingCPP/Maps/Map1.Map1_C' with ClassGeneratedBy '/Game/RollingCPP/Maps/Map1.Map1:PersistentLevel.Map1'
[2015.11.01-17.36.26:649][659]LogNet: UChannel::CleanUp: [GameNetDriver] [PlayerController_5] [PlayerController_5]. ChIndex == 0. Closing connection.
[2015.11.01-17.36.26:649][659]LogNet: UNetConnection::Close: Name: IpConnection_3, Driver: GameNetDriver IpNetDriver_0, PC: PlayerController_5, Owner: PlayerController_5, Channels: 10, RemoteAddr: 127.0.0.1:50108, Time: 2015.11.01-17.36.26
[2015.11.01-17.36.26:649][659]LogNet: UChannel::Close: Sending CloseBunch. ChIndex == 0. Name: ControlChannel_3
[2015.11.01-17.36.26:649][659]LogNet: UChannel::CleanUp: [GameNetDriver] [PlayerController_6] [PlayerController_6]. ChIndex == 0. Closing connection.
[2015.11.01-17.36.26:649][659]LogNet: UNetConnection::Close: Name: IpConnection_2, Driver: GameNetDriver IpNetDriver_2, PC: PlayerController_6, Owner: PlayerController_6, Channels: 10, RemoteAddr: 127.0.0.1:7777, Time: 2015.11.01-17.36.26
[2015.11.01-17.36.26:649][659]LogNet: UChannel::Close: Sending CloseBunch. ChIndex == 0. Name: ControlChannel_2
[2015.11.01-17.36.26:657][659]LogExit: GameNetDriver None shut down
[2015.11.01-17.36.26:658][659]LogExit: GameNetDriver None shut down
[2015.11.01-17.36.26:658][659]LogParticles: Destroying 0 GPU particle simulations for FXSystem 0x000000224D46FC40
[2015.11.01-17.36.26:659][659]LogParticles: Destroying 0 GPU particle simulations for FXSystem 0x000000224D9202C0
[2015.11.01-17.36.28:257][797]LogEditorViewport: Clicking on Actor (LMB): StaticMeshActor (Ground)
[2015.11.01-17.36.37:937][597]LogWindowsTextInputMethodSystem:Display: IME system now deactivated.
[2015.11.01-17.36.38:444][598]Cmd: QUIT_EDITOR
[2015.11.01-17.36.39:471][598]LogExit: Preparing to exit.
[2015.11.01-17.36.40:999][598]LogExit: Editor shut down
[2015.11.01-17.36.40:999][598]LogExit: Transaction tracking system shut down
[2015.11.01-17.36.41:000][598]LogParticles: Destroying 0 GPU particle simulations for FXSystem 0x000000223A11F560
[2015.11.01-17.36.41:000][598]LogParticles: Destroying 0 GPU particle simulations for FXSystem 0x000000224D46E160
[2015.11.01-17.36.41:001][598]LogParticles: Destroying 0 GPU particle simulations for FXSystem 0x000000224D46CCC0
[2015.11.01-17.36.41:001][598]LogParticles: Destroying 0 GPU particle simulations for FXSystem 0x000000224B332CA0
[2015.11.01-17.36.41:001][598]LogParticles: Destroying 0 GPU particle simulations for FXSystem 0x000000224D46DA80
[2015.11.01-17.36.45:394][598]LogExit: Object subsystem successfully closed.
[2015.11.01-17.36.45:998][598]LogD3D11RHI: Shutdown
[2015.11.01-17.36.45:998][598]LogD3D11RHI: CleanupD3DDevice
[2015.11.01-17.36.46:121][598]LogD3D11RHI: ~FD3D11DynamicRHI
[2015.11.01-17.36.50:065][598]LogModuleManager: Shutting down and abandoning module CrashTracker (198)
[2015.11.01-17.36.50:065][598]LogModuleManager: Shutting down and abandoning module SceneOutliner (197)
[2015.11.01-17.36.50:065][598]LogModuleManager: Shutting down and abandoning module SuperSearch (196)
[2015.11.01-17.36.50:065][598]LogModuleManager: Shutting down and abandoning module WidgetCarousel (195)
[2015.11.01-17.36.50:065][598]LogModuleManager: Shutting down and abandoning module AddContentDialog (194)
[2015.11.01-17.36.50:272][598]LogModuleManager: Shutting down and abandoning module EditorWidgets (193)
[2015.11.01-17.36.50:272][598]LogModuleManager: Shutting down and abandoning module CollectionManager (192)
[2015.11.01-17.36.50:345][598]LogModuleManager: Shutting down and abandoning module StatsViewer (191)
[2015.11.01-17.36.50:519][598]LogModuleManager: Shutting down and abandoning module FoliageEdit (190)
[2015.11.01-17.36.50:544][598]LogModuleManager: Shutting down and abandoning module LandscapeEditor (189)
[2015.11.01-17.36.50:630][598]LogModuleManager: Shutting down and abandoning module ActorPickerMode (188)
[2015.11.01-17.36.50:630][598]LogModuleManager: Shutting down and abandoning module GeometryMode (187)
[2015.11.01-17.36.50:630][598]LogModuleManager: Shutting down and abandoning module TextureAlignMode (186)
[2015.11.01-17.36.50:630][598]LogModuleManager: Shutting down and abandoning module BspMode (185)
[2015.11.01-17.36.50:630][598]LogModuleManager: Shutting down and abandoning module PlacementMode (184)
[2015.11.01-17.36.50:630][598]LogModuleManager: Shutting down and abandoning module AutomationWorker (183)
[2015.11.01-17.36.50:675][598]LogModuleManager: Shutting down and abandoning module CharacterAI (182)
[2015.11.01-17.36.50:675][598]LogModuleManager: Shutting down and abandoning module SmartSnapping (181)
[2015.11.01-17.36.50:675][598]LogModuleManager: Shutting down and abandoning module ViewportSnapping (180)
[2015.11.01-17.36.50:675][598]LogModuleManager: Shutting down and abandoning module LogVisualizer (179)
[2015.11.01-17.36.50:743][598]LogModuleManager: Shutting down and abandoning module GameProjectGeneration (178)
[2015.11.01-17.36.50:743][598]LogModuleManager: Shutting down and abandoning module IntroTutorials (177)
[2015.11.01-17.36.50:817][598]LogModuleManager: Shutting down and abandoning module EditorLiveStreaming (176)
[2015.11.01-17.36.50:817][598]LogModuleManager: Shutting down and abandoning module IOSPlatformEditor (175)
[2015.11.01-17.36.50:825][598]LogModuleManager: Shutting down and abandoning module HTML5PlatformEditor (174)
[2015.11.01-17.36.50:825][598]LogModuleManager: Shutting down and abandoning module AndroidDeviceDetection (173)
[2015.11.01-17.36.51:334][598]LogModuleManager: Shutting down and abandoning module AndroidPlatformEditor (172)
[2015.11.01-17.36.51:334][598]LogModuleManager: Shutting down and abandoning module IOSRuntimeSettings (171)
[2015.11.01-17.36.51:334][598]LogModuleManager: Shutting down and abandoning module AndroidRuntimeSettings (170)
[2015.11.01-17.36.51:334][598]LogModuleManager: Shutting down and abandoning module MergeActors (169)
[2015.11.01-17.36.51:367][598]LogModuleManager: Shutting down and abandoning module SizeMap (168)
[2015.11.01-17.36.51:367][598]LogModuleManager: Shutting down and abandoning module TreeMap (167)
[2015.11.01-17.36.51:381][598]LogModuleManager: Shutting down and abandoning module ReferenceViewer (166)
[2015.11.01-17.36.51:382][598]LogModuleManager: Shutting down and abandoning module LocalizationService (165)
[2015.11.01-17.36.51:387][598]LogModuleManager: Shutting down and abandoning module LocalizationDashboard (164)
[2015.11.01-17.36.51:392][598]LogModuleManager: Shutting down and abandoning module HardwareTargeting (163)
[2015.11.01-17.36.51:392][598]LogModuleManager: Shutting down and abandoning module DeviceProfileEditor (162)
[2015.11.01-17.36.51:392][598]LogModuleManager: Shutting down and abandoning module UndoHistory (161)
[2015.11.01-17.36.51:392][598]LogModuleManager: Shutting down and abandoning module GameplayTagsEditor (160)
[2015.11.01-17.36.51:392][598]LogModuleManager: Shutting down and abandoning module UserFeedback (159)
[2015.11.01-17.36.51:392][598]LogModuleManager: Shutting down and abandoning module XmlParser (158)
[2015.11.01-17.36.51:393][598]LogModuleManager: Shutting down and abandoning module Blutility (157)
[2015.11.01-17.36.51:393][598]LogModuleManager: Shutting down and abandoning module ProjectTargetPlatformEditor (156)
[2015.11.01-17.36.51:393][598]LogModuleManager: Shutting down and abandoning module ProjectSettingsViewer (155)
[2015.11.01-17.36.51:393][598]LogModuleManager: Shutting down and abandoning module InputBindingEditor (154)
[2015.11.01-17.36.51:417][598]LogModuleManager: Shutting down and abandoning module EditorSettingsViewer (153)
[2015.11.01-17.36.51:417][598]LogModuleManager: Shutting down and abandoning module SettingsEditor (152)
[2015.11.01-17.36.51:450][598]LogModuleManager: Shutting down and abandoning module ProjectLauncher (151)
[2015.11.01-17.36.51:464][598]LogModuleManager: Shutting down and abandoning module SessionFrontend (150)
[2015.11.01-17.36.51:470][598]LogModuleManager: Shutting down and abandoning module ProfilerClient (149)
[2015.11.01-17.36.51:477][598]LogModuleManager: Shutting down and abandoning module TargetDeviceServices (148)
[2015.11.01-17.36.51:477][598]LogModuleManager: Shutting down and abandoning module DeviceManager (147)
[2015.11.01-17.36.51:482][598]LogModuleManager: Shutting down and abandoning module AutomationController (146)
[2015.11.01-17.36.51:487][598]LogModuleManager: Shutting down and abandoning module AutomationWindow (145)
[2015.11.01-17.36.51:499][598]LogModuleManager: Shutting down and abandoning module Layers (144)
[2015.11.01-17.36.51:519][598]LogModuleManager: Shutting down and abandoning module ComponentVisualizers (143)
[2015.11.01-17.36.51:519][598]LogModuleManager: Shutting down and abandoning module DetailCustomizations (142)
[2015.11.01-17.36.51:530][598]LogModuleManager: Shutting down and abandoning module PackagesDialog (141)
[2015.11.01-17.36.51:530][598]LogModuleManager: Shutting down and abandoning module Persona (140)
[2015.11.01-17.36.51:546][598]LogModuleManager: Shutting down and abandoning module Kismet (139)
[2015.11.01-17.36.51:552][598]LogModuleManager: Shutting down and abandoning module GraphEditor (138)
[2015.11.01-17.36.51:552][598]LogModuleManager: Shutting down and abandoning module ClassViewer (137)
[2015.11.01-17.36.51:552][598]LogModuleManager: Shutting down and abandoning module Toolbox (136)
[2015.11.01-17.36.51:552][598]LogModuleManager: Shutting down and abandoning module ModuleUI (135)
[2015.11.01-17.36.51:559][598]LogModuleManager: Shutting down and abandoning module MovieSceneTools (134)
[2015.11.01-17.36.51:567][598]LogModuleManager: Shutting down and abandoning module OutputLog (133)
[2015.11.01-17.36.51:567][598]LogModuleManager: Shutting down and abandoning module GammaUI (132)
[2015.11.01-17.36.51:582][598]LogModuleManager: Shutting down and abandoning module Documentation (131)
[2015.11.01-17.36.51:582][598]LogModuleManager: Shutting down and abandoning module GameLiveStreaming (130)
[2015.11.01-17.36.51:588][598]LogModuleManager: Shutting down and abandoning module StreamingPauseRendering (129)
[2015.11.01-17.36.51:588][598]LogModuleManager: Shutting down and abandoning module AnalyticsET (128)
[2015.11.01-17.36.51:588][598]LogModuleManager: Shutting down and abandoning module Analytics (127)
[2015.11.01-17.36.51:588][598]LogModuleManager: Shutting down and abandoning module AITestSuite (126)
[2015.11.01-17.36.51:595][598]LogModuleManager: Shutting down and abandoning module GameplayDebugger (125)
[2015.11.01-17.36.51:595][598]LogModuleManager: Shutting down and abandoning module AIModule (124)
[2015.11.01-17.36.51:595][598]LogModuleManager: Shutting down and abandoning module ProfilerService (123)
[2015.11.01-17.36.51:600][598]LogModuleManager: Shutting down and abandoning module TaskGraph (122)
[2015.11.01-17.36.51:614][598]LogModuleManager: Shutting down and abandoning module SlateRemote (121)
[2015.11.01-17.36.51:614][598]LogModuleManager: Shutting down and abandoning module SteamVRController (120)
[2015.11.01-17.36.51:614][598]LogModuleManager: Shutting down and abandoning module SteamVR (119)
[2015.11.01-17.36.51:614][598]LogModuleManager: Shutting down and abandoning module ProceduralMeshComponent (118)
[2015.11.01-17.36.51:614][598]LogModuleManager: Shutting down and abandoning module OculusRift (117)
[2015.11.01-17.36.51:614][598]LogModuleManager: Shutting down and abandoning module OculusLibrary (116)
[2015.11.01-17.36.51:614][598]LogModuleManager: Shutting down and abandoning module LeapMotionController (115)
[2015.11.01-17.36.51:650][598]LogModuleManager: Shutting down and abandoning module CustomMeshComponent (114)
[2015.11.01-17.36.51:654][598]LogModuleManager: Shutting down and abandoning module CableComponent (113)
[2015.11.01-17.36.51:654][598]LogModuleManager: Shutting down and abandoning module ArchVisCharacter (112)
[2015.11.01-17.36.51:654][598]LogModuleManager: Shutting down and abandoning module MessagingDebugger (111)
[2015.11.01-17.36.51:676][598]LogModuleManager: Shutting down and abandoning module MediaPlayerEditor (110)
[2015.11.01-17.36.51:692][598]LogModuleManager: Shutting down and abandoning module HTML5Networking (109)
[2015.11.01-17.36.51:692][598]LogModuleManager: Shutting down and abandoning module SpeedTreeImporter (108)
[2015.11.01-17.36.51:692][598]LogModuleManager: Shutting down and abandoning module PluginBrowser (107)
[2015.11.01-17.36.51:702][598]LogModuleManager: Shutting down and abandoning module EpicSurvey (106)
[2015.11.01-17.36.51:702][598]LogModuleManager: Shutting down and abandoning module DesktopPlatform (105)
[2015.11.01-17.36.51:702][598]LogModuleManager: Shutting down and abandoning module VisualStudioSourceCodeAccess (104)
[2015.11.01-17.36.51:702][598]LogModuleManager: Shutting down and abandoning module UObjectPlugin (103)
[2015.11.01-17.36.51:702][598]LogModuleManager: Shutting down and abandoning module SubversionSourceControl (102)
[2015.11.01-17.36.51:716][598]LogModuleManager: Shutting down and abandoning module PerforceSourceControl (101)
[2015.11.01-17.36.51:726][598]LogModuleManager: Shutting down and abandoning module SourceControl (100)
[2015.11.01-17.36.51:730][598]LogModuleManager: Shutting down and abandoning module GitSourceControl (99)
[2015.11.01-17.36.51:745][598]LogModuleManager: Shutting down and abandoning module LightPropagationVolumeEditor (98)
[2015.11.01-17.36.51:745][598]LogModuleManager: Shutting down and abandoning module PaperTiledImporter (97)
[2015.11.01-17.36.51:753][598]LogModuleManager: Shutting down and abandoning module PaperSpriteSheetImporter (96)
[2015.11.01-17.36.51:758][598]LogModuleManager: Shutting down and abandoning module MeshPaint (95)
[2015.11.01-17.36.51:761][598]LogModuleManager: Shutting down and abandoning module SlateReflector (94)
[2015.11.01-17.36.51:772][598]LogModuleManager: Shutting down and abandoning module HotReload (93)
[2015.11.01-17.36.51:772][598]LogModuleManager: Shutting down and abandoning module MainFrame (92)
[2015.11.01-17.36.51:772][598]LogModuleManager: Shutting down and abandoning module LevelEditor (91)
[2015.11.01-17.36.51:784][598]LogModuleManager: Shutting down and abandoning module DirectoryWatcher (90)
[2015.11.01-17.36.51:785][598]LogModuleManager: Shutting down and abandoning module AssetRegistry (89)
[2015.11.01-17.36.51:927][598]LogModuleManager: Shutting down and abandoning module ContentBrowser (88)
[2015.11.01-17.36.51:928][598]LogModuleManager: Shutting down and abandoning module Paper2DEditor (87)
[2015.11.01-17.36.51:942][598]LogModuleManager: Shutting down and abandoning module BOS (86)
[2015.11.01-17.36.51:942][598]LogModuleManager: Shutting down and abandoning module UdpMessaging (85)
[2015.11.01-17.36.52:047][598]LogModuleManager: Shutting down and abandoning module LightPropagationVolumeRuntime (84)
[2015.11.01-17.36.52:047][598]LogModuleManager: Shutting down and abandoning module Paper2D (83)
[2015.11.01-17.36.52:069][598]LogModuleManager: Shutting down and abandoning module WindowsMoviePlayer (82)
[2015.11.01-17.36.52:083][598]LogModuleManager: Shutting down and abandoning module Media (81)
[2015.11.01-17.36.52:083][598]LogModuleManager: Shutting down and abandoning module WmfMedia (80)
[2015.11.01-17.36.52:083][598]LogModuleManager: Shutting down and abandoning module OnlineBlueprintSupport (79)
[2015.11.01-17.36.52:084][598]LogModuleManager: Shutting down and abandoning module GameplayTasksEditor (78)
[2015.11.01-17.36.52:084][598]LogModuleManager: Shutting down and abandoning module PropertyEditor (77)
[2015.11.01-17.36.52:084][598]LogModuleManager: Shutting down and abandoning module BehaviorTreeEditor (76)
[2015.11.01-17.36.52:123][598]LogModuleManager: Shutting down and abandoning module FunctionalTesting (75)
[2015.11.01-17.36.52:123][598]LogModuleManager: Shutting down and abandoning module CollisionAnalyzer (74)
[2015.11.01-17.36.52:149][598]LogModuleManager: Shutting down and abandoning module WorkspaceMenuStructure (73)
[2015.11.01-17.36.52:149][598]LogModuleManager: Shutting down and abandoning module MessageLog (72)
[2015.11.01-17.36.52:149][598]LogModuleManager: Shutting down and abandoning module Sequencer (71)
[2015.11.01-17.36.52:155][598]LogModuleManager: Shutting down and abandoning module AssetTools (70)
[2015.11.01-17.36.52:187][598]LogModuleManager: Shutting down and abandoning module UMGEditor (69)
[2015.11.01-17.36.52:187][598]LogModuleManager: Shutting down and abandoning module UMG (68)
[2015.11.01-17.36.52:187][598]LogModuleManager: Shutting down and abandoning module Slate (67)
[2015.11.01-17.36.52:187][598]LogModuleManager: Shutting down and abandoning module EditorStyle (66)
[2015.11.01-17.36.52:190][598]LogModuleManager: Shutting down and abandoning module SessionServices (65)
[2015.11.01-17.36.52:190][598]LogModuleManager: Shutting down and abandoning module SourceCodeAccess (64)
[2015.11.01-17.36.52:190][598]LogModuleManager: Shutting down and abandoning module HeadMountedDisplay (63)
[2015.11.01-17.36.52:190][598]LogModuleManager: Shutting down and abandoning module XAudio2 (62)
[2015.11.01-17.36.52:190][598]LogModuleManager: Shutting down and abandoning module Networking (60)
[2015.11.01-17.36.52:190][598]LogModuleManager: Shutting down and abandoning module Core (59)
[2015.11.01-17.36.52:190][598]LogModuleManager: Shutting down and abandoning module KismetCompiler (58)
[2015.11.01-17.36.52:190][598]LogModuleManager: Shutting down and abandoning module PhysXFormats (57)
[2015.11.01-17.36.52:191][598]LogModuleManager: Shutting down and abandoning module MeshUtilities (56)
[2015.11.01-17.36.52:221][598]LogModuleManager: Shutting down and abandoning module CookingStats (55)
[2015.11.01-17.36.52:221][598]LogModuleManager: Shutting down and abandoning module DerivedDataCache (54)
[2015.11.01-17.36.52:235][598]LogDerivedDataCache: Shutdown
[2015.11.01-17.36.52:235][598]LogModuleManager: Shutting down and abandoning module ShaderFormatOpenGL (53)
[2015.11.01-17.36.52:239][598]LogModuleManager: Shutting down and abandoning module ShaderFormatD3D (52)
[2015.11.01-17.36.52:239][598]LogModuleManager: Shutting down and abandoning module MetalShaderFormat (51)
[2015.11.01-17.36.52:252][598]LogModuleManager: Shutting down and abandoning module TextureFormatUncompressed (50)
[2015.11.01-17.36.52:252][598]LogModuleManager: Shutting down and abandoning module TextureFormatPVR (49)
[2015.11.01-17.36.52:252][598]LogModuleManager: Shutting down and abandoning module TextureFormatIntelISPCTexComp (48)
[2015.11.01-17.36.52:252][598]LogModuleManager: Shutting down and abandoning module TextureFormatDXT (47)
[2015.11.01-17.36.52:252][598]LogModuleManager: Shutting down and abandoning module ImageWrapper (46)
[2015.11.01-17.36.52:252][598]LogModuleManager: Shutting down and abandoning module TextureFormatASTC (45)
[2015.11.01-17.36.52:252][598]LogModuleManager: Shutting down and abandoning module TextureFormatAndroid (44)
[2015.11.01-17.36.52:252][598]LogModuleManager: Shutting down and abandoning module AudioFormatOpus (43)
[2015.11.01-17.36.52:266][598]LogModuleManager: Shutting down and abandoning module AudioFormatOgg (42)
[2015.11.01-17.36.52:266][598]LogModuleManager: Shutting down and abandoning module AudioFormatADPCM (41)
[2015.11.01-17.36.52:266][598]LogModuleManager: Shutting down and abandoning module LinuxTargetPlatform (40)
[2015.11.01-17.36.52:266][598]LogModuleManager: Shutting down and abandoning module LinuxServerTargetPlatform (39)
[2015.11.01-17.36.52:291][598]LogModuleManager: Shutting down and abandoning module LinuxNoEditorTargetPlatform (38)
[2015.11.01-17.36.52:299][598]LogModuleManager: Shutting down and abandoning module Messaging (37)
[2015.11.01-17.36.52:299][598]LogModuleManager: Shutting down and abandoning module IOSTargetPlatform (36)
[2015.11.01-17.36.52:299][598]LogModuleManager: Shutting down and abandoning module HTML5TargetPlatform (35)
[2015.11.01-17.36.52:299][598]LogModuleManager: Shutting down and abandoning module Android_PVRTCTargetPlatform (34)
[2015.11.01-17.36.52:315][598]LogModuleManager: Shutting down and abandoning module Android_ETC2TargetPlatform (33)
[2015.11.01-17.36.52:319][598]LogModuleManager: Shutting down and abandoning module Android_ETC1TargetPlatform (32)
[2015.11.01-17.36.52:365][598]LogModuleManager: Shutting down and abandoning module Android_DXTTargetPlatform (31)
[2015.11.01-17.36.52:370][598]LogModuleManager: Shutting down and abandoning module Android_ATCTargetPlatform (30)
[2015.11.01-17.36.52:380][598]LogModuleManager: Shutting down and abandoning module Android_ASTCTargetPlatform (29)
[2015.11.01-17.36.52:398][598]LogModuleManager: Shutting down and abandoning module AndroidTargetPlatform (28)
[2015.11.01-17.36.52:403][598]LogModuleManager: Shutting down and abandoning module WindowsTargetPlatform (27)
[2015.11.01-17.36.52:403][598]LogModuleManager: Shutting down and abandoning module WindowsServerTargetPlatform (26)
[2015.11.01-17.36.52:409][598]LogModuleManager: Shutting down and abandoning module WindowsNoEditorTargetPlatform (25)
[2015.11.01-17.36.52:453][598]LogModuleManager: Shutting down and abandoning module WindowsClientTargetPlatform (24)
[2015.11.01-17.36.52:476][598]LogModuleManager: Shutting down and abandoning module AllDesktopTargetPlatform (23)
[2015.11.01-17.36.52:477][598]LogModuleManager: Shutting down and abandoning module TargetPlatform (22)
[2015.11.01-17.36.52:477][598]LogModuleManager: Shutting down and abandoning module InputCore (21)
[2015.11.01-17.36.52:477][598]LogModuleManager: Shutting down and abandoning module Settings (20)
[2015.11.01-17.36.52:477][598]LogModuleManager: Shutting down and abandoning module OnlineSubsystem (18)
[2015.11.01-17.36.52:477][598]LogModuleManager: Shutting down and abandoning module HTTP (17)
[2015.11.01-17.36.56:985][598]LogModuleManager: Shutting down and abandoning module XMPP (16)
[2015.11.01-17.36.57:023][598]LogModuleManager: Shutting down and abandoning module ExampleDeviceProfileSelector (15)
[2015.11.01-17.36.57:023][598]LogModuleManager: Shutting down and abandoning module TextureCompressor (14)
[2015.11.01-17.36.57:052][598]LogModuleManager: Shutting down and abandoning module ShaderCore (13)
[2015.11.01-17.36.57:052][598]LogModuleManager: Shutting down and abandoning module Landscape (12)
[2015.11.01-17.36.57:053][598]LogModuleManager: Shutting down and abandoning module SlateRHIRenderer (11)
[2015.11.01-17.36.57:087][598]LogModuleManager: Shutting down and abandoning module OpenGLDrv (10)
[2015.11.01-17.36.57:096][598]LogModuleManager: Shutting down and abandoning module D3D11RHI (9)
[2015.11.01-17.36.57:096][598]LogModuleManager: Shutting down and abandoning module AnimGraphRuntime (8)
[2015.11.01-17.36.57:096][598]LogModuleManager: Shutting down and abandoning module Renderer (7)
[2015.11.01-17.36.57:096][598]LogModuleManager: Shutting down and abandoning module Engine (6)
[2015.11.01-17.36.57:096][598]LogModuleManager: Shutting down and abandoning module CoreUObject (5)
[2015.11.01-17.36.57:096][598]LogModuleManager: Shutting down and abandoning module NetworkFile (4)
[2015.11.01-17.36.57:102][598]LogModuleManager: Shutting down and abandoning module StreamingFile (3)
[2015.11.01-17.36.57:102][598]LogModuleManager: Shutting down and abandoning module SandboxFile (2)
[2015.11.01-17.36.57:102][598]LogModuleManager: Shutting down and abandoning module PakFile (1)
[2015.11.01-17.36.57:130][598]LogExit: Exiting.
[2015.11.01-17.36.57:137][598]Log file closed, 11/01/15 18:36:57
