[2015.12.04-10.14.07:819][  0]Log file open, 12/04/15 11:14:07
[2015.12.04-10.14.07:819][  0]LogInit:Display: Running engine for game: BOS
[2015.12.04-10.14.07:819][  0]LogInit:Display: RandInit(-1676215485) SRandInit(-1676215485).
[2015.12.04-10.14.07:819][  0]LogTaskGraph: Started task graph with 4 named threads and 7 total threads.
[2015.12.04-10.14.07:819][  0]LogStats: Stats thread started at 0.072641
[2015.12.04-10.14.07:819][  0]LogInit: Version: 4.9.1-2689999+++depot+UE4-Releases+4.9
[2015.12.04-10.14.07:819][  0]LogInit: API Version: 2672455
[2015.12.04-10.14.07:819][  0]LogInit: Compiled (64-bit): Sep 14 2015 04:12:03
[2015.12.04-10.14.07:819][  0]LogInit: Compiled with Visual C++: 18.00.21005.01
[2015.12.04-10.14.07:819][  0]LogInit: Build Configuration: Development
[2015.12.04-10.14.07:819][  0]LogInit: Branch Name: ++depot+UE4-Releases+4.9
[2015.12.04-10.14.07:819][  0]LogInit: Command line:  
[2015.12.04-10.14.07:819][  0]LogInit: Base directory: C:/Program Files/Epic Games/4.9/Engine/Binaries/Win64/
[2015.12.04-10.14.07:819][  0]LogInit: Rocket: 1
[2015.12.04-10.14.07:828][  0]LogInit: Using libcurl 7.41.0
[2015.12.04-10.14.07:828][  0]LogInit:  - built for x86_64-pc-win32
[2015.12.04-10.14.07:828][  0]LogInit:  - supports SSL with WinSSL
[2015.12.04-10.14.07:828][  0]LogInit:  - other features:
[2015.12.04-10.14.07:828][  0]LogInit:      CURL_VERSION_SSL
[2015.12.04-10.14.07:828][  0]LogInit:      CURL_VERSION_IPV6
[2015.12.04-10.14.07:828][  0]LogInit:      CURL_VERSION_ASYNCHDNS
[2015.12.04-10.14.07:828][  0]LogInit:      CURL_VERSION_LARGEFILE
[2015.12.04-10.14.07:828][  0]LogInit:      CURL_VERSION_IDN
[2015.12.04-10.14.07:828][  0]LogInit:  CurlRequestOptions (configurable via config and command line):
[2015.12.04-10.14.07:828][  0]LogInit:  - bVerifyPeer = true  - Libcurl will verify peer certificate
[2015.12.04-10.14.07:828][  0]LogInit:  - bUseHttpProxy = false  - Libcurl will NOT use HTTP proxy
[2015.12.04-10.14.07:828][  0]LogInit:  - bDontReuseConnections = false  - Libcurl will reuse connections
[2015.12.04-10.14.07:828][  0]LogInit:  - CertBundlePath = nullptr  - Libcurl will use whatever was configured at build time.
[2015.12.04-10.14.07:833][  0]LogInit: Presizing for 0 objects not considered by GC, pre-allocating 0 bytes.
[2015.12.04-10.14.07:838][  0]LogInit: Object subsystem initialized
[2015.12.04-10.14.07:839][  0]LogInit: Selected Device Profile: [Windows]
[2015.12.04-10.14.07:839][  0]LogInit: Applying CVar settings loaded from the selected device profile: [Windows]
[2015.12.04-10.14.07:847][  0]LogInit: Computer: SpellabbA332-05
[2015.12.04-10.14.07:847][  0]LogInit: User: Spellabbet
[2015.12.04-10.14.07:847][  0]LogInit: CPU Page size=4096, Cores=4
[2015.12.04-10.14.07:847][  0]LogInit: High frequency timer resolution =3.507524 MHz
[2015.12.04-10.14.07:847][  0]LogMemory: Memory total: Physical=15.9GB (16GB approx)
[2015.12.04-10.14.07:847][  0]LogMemory: Platform Memory Stats for Windows
[2015.12.04-10.14.07:847][  0]LogMemory: Process Physical Memory: 52.49 MB used, 52.49 MB peak
[2015.12.04-10.14.07:847][  0]LogMemory: Process Virtual Memory: 55.04 MB used, 55.04 MB peak
[2015.12.04-10.14.07:847][  0]LogMemory: Physical Memory: 4256.95 MB used, 16318.82 MB total
[2015.12.04-10.14.07:847][  0]LogMemory: Virtual Memory: 347.36 MB used, 134217728.00 MB total
[2015.12.04-10.14.07:874][  0]LogTextLocalizationManager: No translations for ('sv-SE') exist, falling back to 'en' for localization and internationalization data.
[2015.12.04-10.14.08:501][  0]LogD3D11RHI: Found D3D11 adapter 0: NVIDIA GeForce GTX 960 (Feature Level 11_0)
[2015.12.04-10.14.08:501][  0]LogD3D11RHI: Adapter has 1965MB of dedicated video memory, 0MB of dedicated system memory, and 2048MB of shared system memory, 1 output[s]
[2015.12.04-10.14.08:502][  0]LogD3D11RHI: Found D3D11 adapter 1: Microsoft Basic Render Driver (Feature Level 11_0)
[2015.12.04-10.14.08:502][  0]LogD3D11RHI: Adapter has 0MB of dedicated video memory, 0MB of dedicated system memory, and 256MB of shared system memory, 0 output[s]
[2015.12.04-10.14.08:502][  0]LogD3D11RHI: Chosen D3D11 Adapter Id = 0
[2015.12.04-10.14.08:504][  0]LogD3D11RHI: !Direct3DDevice
[2015.12.04-10.14.08:504][  0]LogRHI: Texture pool is 1361 MB (70% of 1945 MB)
[2015.12.04-10.14.08:515][  0]LogD3D11RHI: Async texture creation enabled
[2015.12.04-10.14.08:530][  0]LogShaderCompilers: Guid format shader working directory is 15 characters bigger than the processId version (../../../../../../Users/Spellabbet/Documents/Unreal Projects/Balls-of-steel/BOS/Intermediate/Shaders/WorkingDirectory/2128/).
[2015.12.04-10.14.08:531][  0]LogShaderCompilers: Cleaned the shader compiler working directory '../../../../../../Users/Spellabbet/Documents/Unreal Projects/Balls-of-steel/BOS/Intermediate/Shaders/tmp/62CD817647FF7ED8D0134EBC14420D4A/'.
[2015.12.04-10.14.08:531][  0]LogShaderCompilers:Display: Using Local Shader Compiler.
[2015.12.04-10.14.09:470][  0]LogTemp:Display: Loaded TP AllDesktopTargetPlatform
[2015.12.04-10.14.09:474][  0]LogTemp:Display: Loaded TP WindowsClientTargetPlatform
[2015.12.04-10.14.09:478][  0]LogTemp:Display: Loaded TP WindowsNoEditorTargetPlatform
[2015.12.04-10.14.09:482][  0]LogTemp:Display: Loaded TP WindowsServerTargetPlatform
[2015.12.04-10.14.09:486][  0]LogTemp:Display: Loaded TP WindowsTargetPlatform
[2015.12.04-10.14.09:489][  0]LogTemp:Display: Loaded TP AndroidTargetPlatform
[2015.12.04-10.14.09:491][  0]LogTemp:Display: Loaded TP Android_ASTCTargetPlatform
[2015.12.04-10.14.09:494][  0]LogTemp:Display: Loaded TP Android_ATCTargetPlatform
[2015.12.04-10.14.09:496][  0]LogTemp:Display: Loaded TP Android_DXTTargetPlatform
[2015.12.04-10.14.09:499][  0]LogTemp:Display: Loaded TP Android_ETC1TargetPlatform
[2015.12.04-10.14.09:502][  0]LogTemp:Display: Loaded TP Android_ETC2TargetPlatform
[2015.12.04-10.14.09:504][  0]LogTemp:Display: Loaded TP Android_PVRTCTargetPlatform
[2015.12.04-10.14.09:505][  0]LogTemp:Display: Loaded TP HTML5TargetPlatform
[2015.12.04-10.14.09:521][  0]LogTemp:Display: Loaded TP IOSTargetPlatform
[2015.12.04-10.14.09:523][  0]LogTemp:Display: Loaded TP LinuxNoEditorTargetPlatform
[2015.12.04-10.14.09:526][  0]LogTemp:Display: Loaded TP LinuxServerTargetPlatform
[2015.12.04-10.14.09:529][  0]LogTemp:Display: Loaded TP LinuxTargetPlatform
[2015.12.04-10.14.09:529][  0]LogTargetPlatformManager:Display: Building Assets For Windows
[2015.12.04-10.14.09:608][  0]LogDerivedDataCache:Display: Max Cache Size: 512 MB
[2015.12.04-10.14.09:645][  0]LogDerivedDataCache: Loaded boot cache 0.04s 47MB C:/Users/Spellabbet/AppData/Local/UnrealEngine/4.9/DerivedDataCache/Boot.ddc.
[2015.12.04-10.14.09:645][  0]LogDerivedDataCache:Display: Loaded Boot cache: C:/Users/Spellabbet/AppData/Local/UnrealEngine/4.9/DerivedDataCache/Boot.ddc
[2015.12.04-10.14.09:646][  0]LogDerivedDataCache: FDerivedDataBackendGraph:  Pak pak cache file ../../../../../../Users/Spellabbet/Documents/Unreal Projects/Balls-of-steel/BOS/DerivedDataCache/DDC.ddp not found, will not use a pak cache.
[2015.12.04-10.14.09:646][  0]LogDerivedDataCache: Unable to find inner node Pak for hierarchical cache Hierarchy.
[2015.12.04-10.14.09:646][  0]LogDerivedDataCache: FDerivedDataBackendGraph:  CompressedPak pak cache file ../../../../../../Users/Spellabbet/Documents/Unreal Projects/Balls-of-steel/BOS/DerivedDataCache/Compressed.ddp not found, will not use a pak cache.
[2015.12.04-10.14.09:646][  0]LogDerivedDataCache: Unable to find inner node CompressedPak for hierarchical cache Hierarchy.
[2015.12.04-10.14.09:754][  0]LogDerivedDataCache:Display: Pak cache opened for reading ../../../Engine/DerivedDataCache/Compressed.ddp.
[2015.12.04-10.14.09:766][  0]LogDerivedDataCache: Using Local data cache path C:/Users/Spellabbet/AppData/Local/UnrealEngine/Common/DerivedDataCache: Writable
[2015.12.04-10.14.09:900][  0]LogInit: Selected Device Profile: [Windows]
[2015.12.04-10.14.09:902][  0]LogContentStreaming: Texture pool size is 0.000000MB
[2015.12.04-10.14.10:006][  0]LogMeshUtilities: No automatic mesh reduction module available
[2015.12.04-10.14.10:006][  0]LogMeshUtilities: No automatic mesh merging module available
[2015.12.04-10.14.10:192][  0]LogInit: WinSock: version 1.1 (2.2), MaxSocks=32767, MaxUdp=65467
[2015.12.04-10.14.10:740][  0]UdpMessaging: Initializing bridge on interface 0.0.0.0:0 to multicast group 230.0.0.1:6666.
[2015.12.04-10.14.10:808][  0]LogLinker:Warning: Asset '../../../../../../Users/Spellabbet/Documents/Unreal Projects/Balls-of-steel/BOS/Content/Rolling/Materials/M_Blue_Checker.uasset' has been saved with empty engine version. The asset will be loaded but may be incompatible.
[2015.12.04-10.14.10:950][  0]LogAssetRegistry: FAssetRegistry took 0.0106 seconds to start up
[2015.12.04-10.14.11:080][  0]SourceControl: Info Source control is disabled
[2015.12.04-10.14.11:081][  0]SourceControl: Info Source control is disabled
[2015.12.04-10.14.11:095][  0]SourceControl: Info Source control is disabled
[2015.12.04-10.14.11:104][  0]SourceControl: Info Source control is disabled
[2015.12.04-10.14.11:229][  0]LogLinker:Warning: Asset '../../../Engine/Plugins/Runtime/LeapMotionController/Content/LM_PassthroughMaterial.uasset' has been saved with empty engine version. The asset will be loaded but may be incompatible.
[2015.12.04-10.14.11:308][  0]LogObj: 30631 objects as part of root set at end of initial load.
[2015.12.04-10.14.11:308][  0]LogUObjectAllocator: 6847296 out of 0 bytes used by permanent object pool.
[2015.12.04-10.14.11:354][  0]LogEngine: Initializing Engine...
[2015.12.04-10.14.11:356][  0]LogHMD: Can't find Oculus library dev build: is proper Runtime installed? Version: 0.7.0.0
[2015.12.04-10.14.11:356][  0]LogHMD: SteamVR failed to initialize.  Err: 110
[2015.12.04-10.14.11:450][  0]LogAIModule: Creating AISystem for world NewWorld
[2015.12.04-10.14.11:454][  0]LogInit: XAudio2 using 'Speakers (4- High Definition Audio Device)' : 2 channels at 44.1 kHz using 16 bits per sample (channel mask 0x3)
[2015.12.04-10.14.11:464][  0]LogInit: FAudioDevice initialized.
[2015.12.04-10.14.11:484][  0]LogDerivedDataCache: Saved boot cache 0.02s 47MB C:/Users/Spellabbet/AppData/Local/UnrealEngine/4.9/DerivedDataCache/Boot.ddc.
[2015.12.04-10.14.11:488][  0]LogInit: Texture streaming: Enabled
[2015.12.04-10.14.11:492][  0]LogAnalytics: Creating configured Analytics provider AnalyticsET
[2015.12.04-10.14.11:492][  0]LogAnalytics: [UEEditor.Rocket.Release] APIServer = http://et2.epicgames.com/ET2/. AppVersion = 4.9.1-2689999+++depot+UE4-Releases+4.9
[2015.12.04-10.14.11:492][  0]LogAnalytics: [UEEditor.Rocket.Release] SetUserId fc50aaa14c34ed003df04597b34f483e|4341a5fd2eb34d5fac8b0ca63d21fc83|060e5e79-a789-49c4-8abd-5d8b330400a7
[2015.12.04-10.14.11:492][  0]LogAnalytics: [UEEditor.Rocket.Release] AnalyticsET::StartSession
[2015.12.04-10.14.11:507][  0]LogInit: Transaction tracking system initialized
[2015.12.04-10.14.11:528][  0]BlueprintLog: New page: Editor Load
[2015.12.04-10.14.11:597][  0]LocalizationService: Info Localization service is disabled
[2015.12.04-10.14.11:673][  0]LogConsoleResponse:Display: 
[2015.12.04-10.14.11:765][  0]LogCook:Display: Done creating registry. It took  0.00s.
[2015.12.04-10.14.11:814][  0]LogFileCache: Scanning file cache for directory 'C:/Users/Spellabbet/Documents/Unreal Projects/Balls-of-steel/BOS/Content/' took 0.01s
[2015.12.04-10.14.11:814][  0]SourceControl: Info Source control is disabled
[2015.12.04-10.14.11:814][  0]Cmd: MAP LOAD FILE="../../../../../../Users/Spellabbet/Documents/Unreal Projects/Balls-of-steel/BOS/Content/Maps/MainMenu.umap" TEMPLATE=0 SHOWPROGRESS=1 FEATURELEVEL=3
[2015.12.04-10.14.11:815][  0]LightingResults: New page: Lighting Build
[2015.12.04-10.14.11:817][  0]MapCheck: New page: Map Check
[2015.12.04-10.14.11:817][  0]LightingResults: New page: Lighting Build
[2015.12.04-10.14.11:827][  0]LogParticles: Destroying 0 GPU particle simulations for FXSystem 0x00000058457A2AC0
[2015.12.04-10.14.11:931][  0]LogAIModule: Creating AISystem for world MainMenu
[2015.12.04-10.14.11:939][  0]LogEditorServer: Finished looking for orphan Actors (0.000 secs)
[2015.12.04-10.14.11:939][  0]Cmd: MAP CHECKDEP NOCLEARLOG
[2015.12.04-10.14.11:979][  0]MapCheck: Info Map check complete: 0 Error(s), 0 Warning(s), took 39.542ms to complete.
[2015.12.04-10.14.11:979][  0]LogFileHelpers: Loading map 'MainMenu' took 0.165
[2015.12.04-10.14.12:075][  0]LogCollectionManager: Loaded 0 collections in 0.002718 seconds
[2015.12.04-10.14.12:118][  0]LogFileCache: Scanning file cache for directory 'C:/Users/Spellabbet/Documents/Unreal Projects/Balls-of-steel/BOS/Saved/Collections/' took 0.01s
[2015.12.04-10.14.12:118][  0]LogFileCache: Scanning file cache for directory 'C:/Users/Spellabbet/Documents/Unreal Projects/Balls-of-steel/BOS/Content/Developers/Spellabbet/Collections/' took 0.01s
[2015.12.04-10.14.12:118][  0]LogFileCache: Scanning file cache for directory 'C:/Users/Spellabbet/Documents/Unreal Projects/Balls-of-steel/BOS/Content/Collections/' took 0.01s
[2015.12.04-10.14.12:118][  0]LogContentBrowser: Native class hierarchy populated in 0.0099 seconds. Added 1875 classes and 335 folders.
[2015.12.04-10.14.12:124][  0]LogCollectionManager: Rebuilt the GUID cache for 0 collections in 0.000002 seconds
[2015.12.04-10.14.12:130][  0]LogContentBrowser: Native class hierarchy updated for 'WidgetCarousel' in 0.0009 seconds. Added 0 classes and 0 folders.
[2015.12.04-10.14.12:159][  0]LogContentBrowser: Native class hierarchy updated for 'AddContentDialog' in 0.0009 seconds. Added 0 classes and 0 folders.
[2015.12.04-10.14.12:166][  0]LogContentBrowser: Native class hierarchy updated for 'SceneOutliner' in 0.0009 seconds. Added 1 classes and 2 folders.
[2015.12.04-10.14.12:182][  0]LogCrashTracker: Crashtracker disabled due to settings.
[2015.12.04-10.14.12:185][  0]LogUObjectGlobals:Warning: Failed to find object 'Class None.'
[2015.12.04-10.14.12:207][  0]LogLoad: Full Startup: 5.15 seconds (BP compile: 0.04 seconds)
[2015.12.04-10.14.12:246][  0]LogContentStreaming: Texture pool size now 1000 MB
[2015.12.04-10.14.12:344][  0]LogRenderer: Reallocating scene render targets to support 1048x556 (Frame:2).
[2015.12.04-10.14.12:904][  2]LogAssetRegistry: Asset discovery search completed in 1.9647 seconds
[2015.12.04-10.14.12:904][  2]LogCollectionManager: Rebuilt the object cache for 0 collections in 0.000001 seconds (found 0 objects)
[2015.12.04-10.14.12:904][  2]LogCollectionManager: Fixed up redirectors for 0 collections in 0.000035 seconds (updated 0 objects)
[2015.12.04-10.14.26:790][654]LogAIModule: Creating AISystem for world Map1
[2015.12.04-10.14.26:801][654]LogActorComponent: UnregisterComponent: (/Engine/Transient.ProjectileComp) Not registered. Aborting.
[2015.12.04-10.14.26:801][654]LogActorComponent: UnregisterComponent: (/Engine/Transient.ProjectileMovementComponent_0) Not registered. Aborting.
[2015.12.04-10.14.26:827][654]Cmd: MAP LOAD FILE="../../../../../../Users/Spellabbet/Documents/Unreal Projects/Balls-of-steel/BOS/Content/Maps/Map1.umap" TEMPLATE=0 SHOWPROGRESS=1 FEATURELEVEL=3
[2015.12.04-10.14.26:827][654]LightingResults: New page: Lighting Build
[2015.12.04-10.14.26:842][654]LoadErrors: New page: Loading map: Map1.umap
[2015.12.04-10.14.26:843][654]MapCheck: New page: Map Check
[2015.12.04-10.14.26:843][654]LightingResults: New page: Lighting Build
[2015.12.04-10.14.26:855][654]LogParticles: Destroying 0 GPU particle simulations for FXSystem 0x0000005830FFB920
[2015.12.04-10.14.26:865][654]LogEditorServer: Finished looking for orphan Actors (0.000 secs)
[2015.12.04-10.14.26:910][654]Cmd: MAP CHECKDEP NOCLEARLOG
[2015.12.04-10.14.26:948][654]MapCheck: Info Map check complete: 0 Error(s), 0 Warning(s), took 37.937ms to complete.
[2015.12.04-10.14.26:948][654]LogFileHelpers: Loading map 'Map1' took 0.121
[2015.12.04-10.14.28:026][775]LogBlueprintUserMessages: Early PlayInEditor Detection: Level '/Game/Maps/Map1.Map1:PersistentLevel' has LevelScriptBlueprint '/Game/Maps/Map1.Map1:PersistentLevel.Map1' with GeneratedClass '/Game/Maps/Map1.Map1_C' with ClassGeneratedBy '/Game/Maps/Map1.Map1:PersistentLevel.Map1'
[2015.12.04-10.14.28:026][775]LogPlayLevel: PlayLevel: No blueprints needed recompiling
[2015.12.04-10.14.28:027][775]PIE: New page: PIE session: Map1 (Dec 4, 2015, 12:14:28 PM)
[2015.12.04-10.14.28:027][775]LogPlayLevel: Creating play world package: /Game/Maps/UEDPIE_1_Map1
[2015.12.04-10.14.28:057][775]LogPlayLevel: PIE: StaticDuplicateObject took: (0.029702s)
[2015.12.04-10.14.28:058][775]LogAIModule: Creating AISystem for world Map1
[2015.12.04-10.14.28:058][775]LogPlayLevel: PIE: World Init took: (0.001887s)
[2015.12.04-10.14.28:059][775]LogPlayLevel: PIE: Created PIE world by copying editor world from /Game/Maps/Map1.Map1 to /Game/Maps/UEDPIE_1_Map1.Map1 (0.032015s)
[2015.12.04-10.14.28:083][775]LogWorld: Game class is 'BOSGameMode'
[2015.12.04-10.14.28:084][775]LogActor:Warning: RecastNavMesh /Game/Maps/UEDPIE_1_Map1.Map1:PersistentLevel.RecastNavMesh_0 has natively added scene component(s), but none of them were set as the actor's RootComponent - picking one arbitrarily
[2015.12.04-10.14.28:089][775]LogWorld: Bringing World /Game/Maps/UEDPIE_1_Map1.Map1 up for play (max tick rate 0) at 2015.12.04-11.14.28
[2015.12.04-10.14.28:089][775]LogActor:Warning: GameSession /Game/Maps/UEDPIE_1_Map1.Map1:PersistentLevel.GameSession_0 has natively added scene component(s), but none of them were set as the actor's RootComponent - picking one arbitrarily
[2015.12.04-10.14.28:089][775]LogActor:Warning: GameNetworkManager /Game/Maps/UEDPIE_1_Map1.Map1:PersistentLevel.GameNetworkManager_0 has natively added scene component(s), but none of them were set as the actor's RootComponent - picking one arbitrarily
[2015.12.04-10.14.28:089][775]LogWorld: Bringing up level for play took: 0.004848
[2015.12.04-10.14.28:089][775]LogInit: WinSock: Socket queue 131072 / 131072
[2015.12.04-10.14.28:090][775]LogInit: WinSock: I am SpellabbA332-05 (192.168.20.16:0)
[2015.12.04-10.14.28:090][775]LogNet: GameNetDriver IpNetDriver_0 IpNetDriver listening on port 7777
[2015.12.04-10.14.28:090][775]PIE: Info Play in editor start time for /Game/Maps/UEDPIE_1_Map1 -0.88
[2015.12.04-10.14.28:091][775]PIE: New page: PIE session: Map1 (Dec 4, 2015, 12:14:28 PM)
[2015.12.04-10.14.28:095][775]LogInit: XAudio2 using 'Speakers (4- High Definition Audio Device)' : 2 channels at 44.1 kHz using 16 bits per sample (channel mask 0x3)
[2015.12.04-10.14.28:099][775]LogInit: FAudioDevice initialized.
[2015.12.04-10.14.28:135][775]LogNet: Browse: 127.0.0.1//Game/Maps/MainMenu
[2015.12.04-10.14.28:135][775]LogInit: WinSock: Socket queue 32768 / 32768
[2015.12.04-10.14.28:135][775]LogNet: Game client on port 7777, rate 10000
[2015.12.04-10.14.28:135][775]LogNet: GetLocalNetworkVersion: GEngineNetVersion: 2689999, ProjectName: bos, ProjectVersion: 1.0.0.0, InternalProtocolVersion: 9, LocalNetworkVersion: 4173909862
[2015.12.04-10.14.28:135][775]PIE: Info Play in editor start time for /Game/Maps/MainMenu -0.836
[2015.12.04-10.14.28:136][775]LogBlueprintUserMessages: Late PlayInEditor Detection: Level '/Game/Maps/Map1.Map1:PersistentLevel' has LevelScriptBlueprint '/Game/Maps/Map1.Map1:PersistentLevel.Map1' with GeneratedClass '/Game/Maps/Map1.Map1_C' with ClassGeneratedBy '/Game/Maps/Map1.Map1:PersistentLevel.Map1'
[2015.12.04-10.14.28:136][775]LogNet: NotifyAcceptingConnection: Server Map1 accept
[2015.12.04-10.14.28:136][775]LogNet: Open Map1 12/04/15 11:14:28 127.0.0.1
[2015.12.04-10.14.28:136][775]LogNet: Added client connection.  Remote address = 127.0.0.1:51015
[2015.12.04-10.14.28:136][775]LogNet: NotifyAcceptingChannel Control 0 server World /Game/Maps/UEDPIE_1_Map1.Map1: Accepted
[2015.12.04-10.14.28:136][775]LogNet: Remote platform little endian=1
[2015.12.04-10.14.28:137][775]LogNet: This platform little endian=1
[2015.12.04-10.14.28:137][775]LogNet: GetLocalNetworkVersion: GEngineNetVersion: 2689999, ProjectName: bos, ProjectVersion: 1.0.0.0, InternalProtocolVersion: 9, LocalNetworkVersion: 4173909862
[2015.12.04-10.14.28:174][776]LogNet: Login request: /Game/Maps/MainMenu userId: Invalid
[2015.12.04-10.14.28:175][776]LogNet: Welcomed by server (Level: /Game/Maps/UEDPIE_1_Map1, Game: /Script/BOS.BOSGameMode)
[2015.12.04-10.14.28:175][776]LogLoad: LoadMap: 127.0.0.1//Game/Maps/UEDPIE_1_Map1?game=/Script/BOS.BOSGameMode
[2015.12.04-10.14.28:191][776]LogParticles: Destroying 0 GPU particle simulations for FXSystem 0x000000586FFE5C60
[2015.12.04-10.14.28:191][776]Cmd: MEM
[2015.12.04-10.14.28:202][776]LogMemory: Platform Memory Stats for Windows
[2015.12.04-10.14.28:202][776]LogMemory: Process Physical Memory: 649.45 MB used, 653.89 MB peak
[2015.12.04-10.14.28:202][776]LogMemory: Process Virtual Memory: 1388.29 MB used, 1388.30 MB peak
[2015.12.04-10.14.28:202][776]LogMemory: Physical Memory: 4854.13 MB used, 16318.82 MB total
[2015.12.04-10.14.28:202][776]LogMemory: Virtual Memory: 2035.07 MB used, 134217728.00 MB total
[2015.12.04-10.14.28:202][776]LogMemory: 
[2015.12.04-10.14.28:202][776]Allocator Stats for TBB: (not implemented)
[2015.12.04-10.14.28:203][776]LogLinker: Can't find file for asset '/Game/Maps/UEDPIE_1_Map1' while loading NULL.
[2015.12.04-10.14.28:228][776]LogWorld: PIE: Copying PIE streaming level from /Game/Maps/Map1.Map1 to /Game/Maps/UEDPIE_2_Map1.Map1. OwningWorld: None
[2015.12.04-10.14.28:229][776]LogAIModule: Creating AISystem for world Map1
[2015.12.04-10.14.28:234][776]LogWorld: Bringing World /Game/Maps/UEDPIE_2_Map1.Map1 up for play (max tick rate 0) at 2015.12.04-11.14.28
[2015.12.04-10.14.28:235][776]LogWorld: Bringing up level for play took: 0.004986
[2015.12.04-10.14.28:245][777]LogNet: Client netspeed is 10000
[2015.12.04-10.14.28:245][777]LogNet: Join request: /Game/Maps/MainMenu?SplitscreenCount=1
[2015.12.04-10.14.28:247][777]LogNet: Join succeeded: 256
[2015.12.04-10.14.28:772][838]LogNet:Warning: UIpNetDriver::ProcesRemoteFunction: No owning connection for actor BasicProjectile_BP_C_1. Function OnHit will not be processed.
[2015.12.04-10.14.29:174][886]LogNet:Warning: UIpNetDriver::ProcesRemoteFunction: No owning connection for actor BasicProjectile_BP_C_3. Function OnHit will not be processed.
[2015.12.04-10.14.29:574][934]LogNet:Warning: UIpNetDriver::ProcesRemoteFunction: No owning connection for actor BasicProjectile_BP_C_5. Function OnHit will not be processed.
[2015.12.04-10.14.29:941][978]LogNet:Warning: UIpNetDriver::ProcesRemoteFunction: No owning connection for actor BasicProjectile_BP_C_7. Function OnHit will not be processed.
[2015.12.04-10.14.30:249][ 15]LogNet:Warning: UIpNetDriver::ProcesRemoteFunction: No owning connection for actor BasicProjectile_BP_C_9. Function OnHit will not be processed.
[2015.12.04-10.14.30:458][ 40]LogNet:Warning: UIpNetDriver::ProcesRemoteFunction: No owning connection for actor BasicProjectile_BP_C_11. Function OnHit will not be processed.
[2015.12.04-10.14.30:632][ 61]LogNet:Warning: UIpNetDriver::ProcesRemoteFunction: No owning connection for actor BasicProjectile_BP_C_13. Function OnHit will not be processed.
[2015.12.04-10.14.30:807][ 82]LogNet:Warning: UIpNetDriver::ProcesRemoteFunction: No owning connection for actor BasicProjectile_BP_C_15. Function OnHit will not be processed.
[2015.12.04-10.14.30:957][100]LogNet:Warning: UIpNetDriver::ProcesRemoteFunction: No owning connection for actor BasicProjectile_BP_C_17. Function OnHit will not be processed.
[2015.12.04-10.14.31:107][118]LogNet:Warning: UIpNetDriver::ProcesRemoteFunction: No owning connection for actor BasicProjectile_BP_C_19. Function OnHit will not be processed.
[2015.12.04-10.14.31:250][135]LogNet:Warning: UIpNetDriver::ProcesRemoteFunction: No owning connection for actor BasicProjectile_BP_C_21. Function OnHit will not be processed.
[2015.12.04-10.14.31:458][160]LogNet:Warning: UIpNetDriver::ProcesRemoteFunction: No owning connection for actor BasicProjectile_BP_C_23. Function OnHit will not be processed.
[2015.12.04-10.14.31:575][174]LogNet:Warning: UIpNetDriver::ProcesRemoteFunction: No owning connection for actor BasicProjectile_BP_C_25. Function OnHit will not be processed.
[2015.12.04-10.14.32:249][255]LogBlueprintUserMessages: Early EndPlayMap Detection: Level '/Game/Maps/Map1.Map1:PersistentLevel' has LevelScriptBlueprint '/Game/Maps/Map1.Map1:PersistentLevel.Map1' with GeneratedClass '/Game/Maps/Map1.Map1_C' with ClassGeneratedBy '/Game/Maps/Map1.Map1:PersistentLevel.Map1'
[2015.12.04-10.14.32:283][255]LogBlueprintUserMessages: Late EndPlayMap Detection: Level '/Game/Maps/Map1.Map1:PersistentLevel' has LevelScriptBlueprint '/Game/Maps/Map1.Map1:PersistentLevel.Map1' with GeneratedClass '/Game/Maps/Map1.Map1_C' with ClassGeneratedBy '/Game/Maps/Map1.Map1:PersistentLevel.Map1'
[2015.12.04-10.14.32:293][255]LogNet: UChannel::CleanUp: [GameNetDriver] [None] [None]. ChIndex == 0. Closing connection.
[2015.12.04-10.14.32:293][255]LogNet: UNetConnection::Close: Name: IpConnection_1, Driver: GameNetDriver IpNetDriver_0, PC: None, Owner: None, Channels: 2, RemoteAddr: 127.0.0.1:51015, Time: 2015.12.04-10.14.32
[2015.12.04-10.14.32:293][255]LogNet: UChannel::Close: Sending CloseBunch. ChIndex == 0. Name: ControlChannel_1
[2015.12.04-10.14.32:293][255]LogNet: UChannel::CleanUp: [GameNetDriver] [None] [None]. ChIndex == 0. Closing connection.
[2015.12.04-10.14.32:293][255]LogNet: UNetConnection::Close: Name: IpConnection_0, Driver: GameNetDriver IpNetDriver_1, PC: None, Owner: None, Channels: 2, RemoteAddr: 127.0.0.1:7777, Time: 2015.12.04-10.14.32
[2015.12.04-10.14.32:293][255]LogNet: UChannel::Close: Sending CloseBunch. ChIndex == 0. Name: ControlChannel_0
[2015.12.04-10.14.32:296][255]LogParticles: Destroying 0 GPU particle simulations for FXSystem 0x000000583BB86A20
[2015.12.04-10.14.32:296][255]LogExit: GameNetDriver None shut down
[2015.12.04-10.14.32:297][255]LogParticles: Destroying 0 GPU particle simulations for FXSystem 0x000000586FF93CE0
[2015.12.04-10.14.32:297][255]LogExit: GameNetDriver None shut down
[2015.12.04-10.14.38:974][852]LogLinker:Warning: Asset '../../../Engine/Content/ArtTools/RenderToTexture/Macros/RenderToTextureMacros.uasset' has been saved with empty engine version. The asset will be loaded but may be incompatible.
[2015.12.04-10.14.39:393][852]LogContentBrowser: Native class hierarchy updated for 'BlueprintGraph' in 0.0012 seconds. Added 107 classes and 0 folders.
[2015.12.04-10.14.43:281][183]LogRenderer: Reallocating scene render targets to support 1076x712 (Frame:1178).
[2015.12.04-10.14.53:743][371]BlueprintLog: New page: Compile BOSBall_BP
[2015.12.04-10.14.53:808][371]LogActorComponent: UnregisterComponent: (/Engine/Transient.ProjectileComp) Not registered. Aborting.
[2015.12.04-10.14.53:808][371]LogActorComponent: UnregisterComponent: (/Engine/Transient.ProjectileMovementComponent_1) Not registered. Aborting.
[2015.12.04-10.14.53:833][371]BlueprintEditorCompileResults: Info [0046.78] Compile of BOSBall_BP successful! [in 89 ms]
[2015.12.04-10.15.26:800][553]Recompiling BOS...
[2015.12.04-10.15.26:800][553]Launching UnrealBuildTool... [C:/Program Files/Epic Games/4.9/Engine/Binaries/DotNET/UnrealBuildTool.exe BOS -ModuleWithSuffix BOS 1119 Win64 Development -editorrecompile -canskiplink "C:/Users/Spellabbet/Documents/Unreal Projects/Balls-of-steel/BOS/BOS.uproject" -rocket  -rocket]
[2015.12.04-10.15.26:802][553]Warning: Starting HotReload took  0.0s.
[2015.12.04-10.15.50:851][ 31]CompilerResultsLog: New page: Compilation - Dec 4, 2015, 12:15:50 PM
[2015.12.04-10.15.50:851][ 31]CompilerResultsLog: Info Compiling game modules for hot reload
[2015.12.04-10.15.50:851][ 31]CompilerResultsLog: Info Performing 2 actions (4 in parallel)
[2015.12.04-10.15.50:851][ 31]CompilerResultsLog: Info BOSBall.cpp
[2015.12.04-10.15.50:851][ 31]CompilerResultsLog: Info [2/2] Link UE4Editor-BOS-1119.dll
[2015.12.04-10.15.50:851][ 31]CompilerResultsLog: Info    Creating library C:\Users\Spellabbet\Documents\Unreal Projects\Balls-of-steel\BOS\Intermediate/Build/Win64\UE4Editor\Development\UE4Editor-BOS-1119.lib and object C:\Users\Spellabbet\Documents\Unreal Projects\Balls-of-steel\BOS\Intermediate/Build/Win64\UE4Editor\Development\UE4Editor-BOS-1119.exp
[2015.12.04-10.15.50:851][ 31]CompilerResultsLog: Info -------- End Detailed Actions Stats -----------------------------------------------------------
[2015.12.04-10.15.50:851][ 31]CompilerResultsLog: Info Total build time: 24,01 seconds
[2015.12.04-10.15.50:851][ 31]LogMainFrame: MainFrame: Module compiling took 24.053 seconds
[2015.12.04-10.15.51:021][ 31]LogHotReload: Re-instancing BallController after hot-reload.
[2015.12.04-10.15.51:054][ 31]LogContentBrowser: Native class hierarchy updated for 'BOS' in 0.0010 seconds. Added 8 classes and 2 folders.
[2015.12.04-10.15.51:056][ 31]Warning: HotReload successful (12 functions remapped  0 scriptstructs remapped)
[2015.12.04-10.15.51:463][ 31]LogContentBrowser: Native class hierarchy populated in 0.0068 seconds. Added 1876 classes and 337 folders.
[2015.12.04-10.15.54:158][328]LogBlueprintUserMessages: Early PlayInEditor Detection: Level '/Game/Maps/Map1.Map1:PersistentLevel' has LevelScriptBlueprint '/Game/Maps/Map1.Map1:PersistentLevel.Map1' with GeneratedClass '/Game/Maps/Map1.Map1_C' with ClassGeneratedBy '/Game/Maps/Map1.Map1:PersistentLevel.Map1'
[2015.12.04-10.15.54:158][328]LogPlayLevel: PlayLevel: No blueprints needed recompiling
[2015.12.04-10.15.54:158][328]PIE: New page: PIE session: Map1 (Dec 4, 2015, 12:15:54 PM)
[2015.12.04-10.15.54:158][328]LogPlayLevel: Creating play world package: /Game/Maps/UEDPIE_1_Map1
[2015.12.04-10.15.54:185][328]LogPlayLevel: PIE: StaticDuplicateObject took: (0.025506s)
[2015.12.04-10.15.54:186][328]LogAIModule: Creating AISystem for world Map1
[2015.12.04-10.15.54:186][328]LogPlayLevel: PIE: World Init took: (0.001504s)
[2015.12.04-10.15.54:186][328]LogPlayLevel: PIE: Created PIE world by copying editor world from /Game/Maps/Map1.Map1 to /Game/Maps/UEDPIE_1_Map1.Map1 (0.027318s)
[2015.12.04-10.15.54:241][328]LogWorld: Game class is 'BOSGameMode'
[2015.12.04-10.15.54:242][328]LogActor:Warning: RecastNavMesh /Game/Maps/UEDPIE_1_Map1.Map1:PersistentLevel.RecastNavMesh_1 has natively added scene component(s), but none of them were set as the actor's RootComponent - picking one arbitrarily
[2015.12.04-10.15.54:247][328]LogWorld: Bringing World /Game/Maps/UEDPIE_1_Map1.Map1 up for play (max tick rate 0) at 2015.12.04-11.15.54
[2015.12.04-10.15.54:247][328]LogActor:Warning: GameSession /Game/Maps/UEDPIE_1_Map1.Map1:PersistentLevel.GameSession_1 has natively added scene component(s), but none of them were set as the actor's RootComponent - picking one arbitrarily
[2015.12.04-10.15.54:247][328]LogActor:Warning: GameNetworkManager /Game/Maps/UEDPIE_1_Map1.Map1:PersistentLevel.GameNetworkManager_1 has natively added scene component(s), but none of them were set as the actor's RootComponent - picking one arbitrarily
[2015.12.04-10.15.54:248][328]LogWorld: Bringing up level for play took: 0.005094
[2015.12.04-10.15.54:248][328]LogInit: WinSock: Socket queue 131072 / 131072
[2015.12.04-10.15.54:248][328]LogNet: GameNetDriver IpNetDriver_2 IpNetDriver listening on port 7777
[2015.12.04-10.15.54:248][328]PIE: Info Play in editor start time for /Game/Maps/UEDPIE_1_Map1 -0.723
[2015.12.04-10.15.54:249][328]PIE: New page: PIE session: Map1 (Dec 4, 2015, 12:15:54 PM)
[2015.12.04-10.15.54:253][328]LogInit: XAudio2 using 'Speakers (4- High Definition Audio Device)' : 2 channels at 44.1 kHz using 16 bits per sample (channel mask 0x3)
[2015.12.04-10.15.54:258][328]LogInit: FAudioDevice initialized.
[2015.12.04-10.15.54:291][328]LogNet: Browse: 127.0.0.1//Game/Maps/MainMenu
[2015.12.04-10.15.54:291][328]LogInit: WinSock: Socket queue 32768 / 32768
[2015.12.04-10.15.54:291][328]LogNet: Game client on port 7777, rate 10000
[2015.12.04-10.15.54:291][328]LogNet: GetLocalNetworkVersion: GEngineNetVersion: 2689999, ProjectName: bos, ProjectVersion: 1.0.0.0, InternalProtocolVersion: 9, LocalNetworkVersion: 4173909862
[2015.12.04-10.15.54:291][328]PIE: Info Play in editor start time for /Game/Maps/MainMenu -0.68
[2015.12.04-10.15.54:292][328]LogBlueprintUserMessages: Late PlayInEditor Detection: Level '/Game/Maps/Map1.Map1:PersistentLevel' has LevelScriptBlueprint '/Game/Maps/Map1.Map1:PersistentLevel.Map1' with GeneratedClass '/Game/Maps/Map1.Map1_C' with ClassGeneratedBy '/Game/Maps/Map1.Map1:PersistentLevel.Map1'
[2015.12.04-10.15.54:292][328]LogNet: NotifyAcceptingConnection: Server Map1 accept
[2015.12.04-10.15.54:293][328]LogNet: Open Map1 12/04/15 11:15:54 127.0.0.1
[2015.12.04-10.15.54:293][328]LogNet: Added client connection.  Remote address = 127.0.0.1:58661
[2015.12.04-10.15.54:293][328]LogNet: NotifyAcceptingChannel Control 0 server World /Game/Maps/UEDPIE_1_Map1.Map1: Accepted
[2015.12.04-10.15.54:293][328]LogNet: Remote platform little endian=1
[2015.12.04-10.15.54:293][328]LogNet: This platform little endian=1
[2015.12.04-10.15.54:293][328]LogNet: GetLocalNetworkVersion: GEngineNetVersion: 2689999, ProjectName: bos, ProjectVersion: 1.0.0.0, InternalProtocolVersion: 9, LocalNetworkVersion: 4173909862
[2015.12.04-10.15.54:332][329]LogNet: Login request: /Game/Maps/MainMenu userId: Invalid
[2015.12.04-10.15.54:333][329]LogNet: Welcomed by server (Level: /Game/Maps/UEDPIE_1_Map1, Game: /Script/BOS.BOSGameMode)
[2015.12.04-10.15.54:333][329]LogLoad: LoadMap: 127.0.0.1//Game/Maps/UEDPIE_1_Map1?game=/Script/BOS.BOSGameMode
[2015.12.04-10.15.54:367][329]LogParticles: Destroying 0 GPU particle simulations for FXSystem 0x00000058040C5120
[2015.12.04-10.15.54:367][329]Cmd: MEM
[2015.12.04-10.15.54:394][329]LogMemory: Platform Memory Stats for Windows
[2015.12.04-10.15.54:394][329]LogMemory: Process Physical Memory: 803.59 MB used, 815.14 MB peak
[2015.12.04-10.15.54:394][329]LogMemory: Process Virtual Memory: 1655.27 MB used, 1655.27 MB peak
[2015.12.04-10.15.54:394][329]LogMemory: Physical Memory: 5022.83 MB used, 16318.82 MB total
[2015.12.04-10.15.54:394][329]LogMemory: Virtual Memory: 2308.95 MB used, 134217728.00 MB total
[2015.12.04-10.15.54:394][329]LogMemory: 
[2015.12.04-10.15.54:394][329]Allocator Stats for TBB: (not implemented)
[2015.12.04-10.15.54:394][329]LogLinker: Can't find file for asset '/Game/Maps/UEDPIE_1_Map1' while loading NULL.
[2015.12.04-10.15.54:420][329]LogWorld: PIE: Copying PIE streaming level from /Game/Maps/Map1.Map1 to /Game/Maps/UEDPIE_2_Map1.Map1. OwningWorld: None
[2015.12.04-10.15.54:421][329]LogAIModule: Creating AISystem for world Map1
[2015.12.04-10.15.54:426][329]LogWorld: Bringing World /Game/Maps/UEDPIE_2_Map1.Map1 up for play (max tick rate 0) at 2015.12.04-11.15.54
[2015.12.04-10.15.54:427][329]LogWorld: Bringing up level for play took: 0.005140
[2015.12.04-10.15.54:445][330]LogNet: Client netspeed is 10000
[2015.12.04-10.15.54:445][330]LogNet: Join request: /Game/Maps/MainMenu?SplitscreenCount=1
[2015.12.04-10.15.54:448][330]LogNet: Join succeeded: 257
[2015.12.04-10.15.55:292][406]LogNet:Warning: UIpNetDriver::ProcesRemoteFunction: No owning connection for actor BasicProjectile_BP_C_30. Function OnHit will not be processed.
[2015.12.04-10.15.55:661][448]LogNet:Warning: UIpNetDriver::ProcesRemoteFunction: No owning connection for actor BasicProjectile_BP_C_32. Function OnHit will not be processed.
[2015.12.04-10.15.56:163][507]LogNet:Warning: UIpNetDriver::ProcesRemoteFunction: No owning connection for actor BasicProjectile_BP_C_34. Function OnHit will not be processed.
[2015.12.04-10.15.56:709][572]LogNet:Warning: UIpNetDriver::ProcesRemoteFunction: No owning connection for actor BasicProjectile_BP_C_36. Function OnHit will not be processed.
[2015.12.04-10.15.57:169][627]LogNet:Warning: UIpNetDriver::ProcesRemoteFunction: No owning connection for actor BasicProjectile_BP_C_38. Function OnHit will not be processed.
[2015.12.04-10.15.57:577][676]LogNet:Warning: UIpNetDriver::ProcesRemoteFunction: No owning connection for actor BasicProjectile_BP_C_40. Function OnHit will not be processed.
[2015.12.04-10.15.57:912][716]LogNet:Warning: UIpNetDriver::ProcesRemoteFunction: No owning connection for actor BasicProjectile_BP_C_42. Function OnHit will not be processed.
[2015.12.04-10.15.58:270][759]LogNet:Warning: UIpNetDriver::ProcesRemoteFunction: No owning connection for actor BasicProjectile_BP_C_44. Function OnHit will not be processed.
[2015.12.04-10.15.58:604][799]LogNet:Warning: UIpNetDriver::ProcesRemoteFunction: No owning connection for actor BasicProjectile_BP_C_46. Function OnHit will not be processed.
[2015.12.04-10.15.58:929][838]LogNet:Warning: UIpNetDriver::ProcesRemoteFunction: No owning connection for actor BasicProjectile_BP_C_48. Function OnHit will not be processed.
[2015.12.04-10.15.59:272][879]LogNet:Warning: UIpNetDriver::ProcesRemoteFunction: No owning connection for actor BasicProjectile_BP_C_50. Function OnHit will not be processed.
[2015.12.04-10.16.00:007][967]LogBlueprintUserMessages: Early EndPlayMap Detection: Level '/Game/Maps/Map1.Map1:PersistentLevel' has LevelScriptBlueprint '/Game/Maps/Map1.Map1:PersistentLevel.Map1' with GeneratedClass '/Game/Maps/Map1.Map1_C' with ClassGeneratedBy '/Game/Maps/Map1.Map1:PersistentLevel.Map1'
[2015.12.04-10.16.00:040][967]LogBlueprintUserMessages: Late EndPlayMap Detection: Level '/Game/Maps/Map1.Map1:PersistentLevel' has LevelScriptBlueprint '/Game/Maps/Map1.Map1:PersistentLevel.Map1' with GeneratedClass '/Game/Maps/Map1.Map1_C' with ClassGeneratedBy '/Game/Maps/Map1.Map1:PersistentLevel.Map1'
[2015.12.04-10.16.00:063][967]LogNet: UChannel::CleanUp: [GameNetDriver] [None] [None]. ChIndex == 0. Closing connection.
[2015.12.04-10.16.00:063][967]LogNet: UNetConnection::Close: Name: IpConnection_3, Driver: GameNetDriver IpNetDriver_2, PC: None, Owner: None, Channels: 3, RemoteAddr: 127.0.0.1:58661, Time: 2015.12.04-10.16.00
[2015.12.04-10.16.00:063][967]LogNet: UChannel::Close: Sending CloseBunch. ChIndex == 0. Name: ControlChannel_3
[2015.12.04-10.16.00:063][967]LogNet: UChannel::CleanUp: [GameNetDriver] [None] [None]. ChIndex == 0. Closing connection.
[2015.12.04-10.16.00:063][967]LogNet: UNetConnection::Close: Name: IpConnection_2, Driver: GameNetDriver IpNetDriver_3, PC: None, Owner: None, Channels: 3, RemoteAddr: 127.0.0.1:7777, Time: 2015.12.04-10.16.00
[2015.12.04-10.16.00:064][967]LogNet: UChannel::Close: Sending CloseBunch. ChIndex == 0. Name: ControlChannel_2
[2015.12.04-10.16.00:068][967]LogExit: GameNetDriver None shut down
[2015.12.04-10.16.00:068][967]LogParticles: Destroying 0 GPU particle simulations for FXSystem 0x0000005800970360
[2015.12.04-10.16.00:068][967]LogExit: GameNetDriver None shut down
[2015.12.04-10.16.00:069][967]LogParticles: Destroying 0 GPU particle simulations for FXSystem 0x00000058040C6340
[2015.12.04-10.16.08:270][206]Recompiling BOS...
[2015.12.04-10.16.08:271][206]Launching UnrealBuildTool... [C:/Program Files/Epic Games/4.9/Engine/Binaries/DotNET/UnrealBuildTool.exe BOS -ModuleWithSuffix BOS 6409 Win64 Development -editorrecompile -canskiplink "C:/Users/Spellabbet/Documents/Unreal Projects/Balls-of-steel/BOS/BOS.uproject" -rocket  -rocket]
[2015.12.04-10.16.08:272][206]Warning: Starting HotReload took  0.0s.
[2015.12.04-10.16.26:830][695]CompilerResultsLog: New page: Compilation - Dec 4, 2015, 12:16:26 PM
[2015.12.04-10.16.26:830][695]CompilerResultsLog: Info Compiling game modules for hot reload
[2015.12.04-10.16.26:830][695]CompilerResultsLog: Info Performing 2 actions (4 in parallel)
[2015.12.04-10.16.26:830][695]CompilerResultsLog: Info BOSBall.cpp
[2015.12.04-10.16.26:830][695]CompilerResultsLog: Info [2/2] Link UE4Editor-BOS-6409.dll
[2015.12.04-10.16.26:830][695]CompilerResultsLog: Info    Creating library C:\Users\Spellabbet\Documents\Unreal Projects\Balls-of-steel\BOS\Intermediate/Build/Win64\UE4Editor\Development\UE4Editor-BOS-6409.lib and object C:\Users\Spellabbet\Documents\Unreal Projects\Balls-of-steel\BOS\Intermediate/Build/Win64\UE4Editor\Development\UE4Editor-BOS-6409.exp
[2015.12.04-10.16.26:830][695]CompilerResultsLog: Info -------- End Detailed Actions Stats -----------------------------------------------------------
[2015.12.04-10.16.26:830][695]CompilerResultsLog: Info Total build time: 18,24 seconds
[2015.12.04-10.16.26:830][695]LogMainFrame: MainFrame: Module compiling took 18.561 seconds
[2015.12.04-10.16.26:830][695]LogActorComponent: UnregisterComponent: (/Engine/Transient.ProjectileComp) Not registered. Aborting.
[2015.12.04-10.16.26:830][695]LogActorComponent: UnregisterComponent: (/Engine/Transient.ProjectileMovementComponent_2) Not registered. Aborting.
[2015.12.04-10.16.26:900][695]LogHotReload: Re-instancing BallController after hot-reload.
[2015.12.04-10.16.26:937][695]LogHotReload: Re-instancing BOSBall after hot-reload.
[2015.12.04-10.16.27:116][695]LogContentBrowser: Native class hierarchy updated for 'BOS' in 0.0010 seconds. Added 8 classes and 2 folders.
[2015.12.04-10.16.27:119][695]Warning: HotReload successful (12 functions remapped  0 scriptstructs remapped)
[2015.12.04-10.16.27:538][695]LogContentBrowser: Native class hierarchy populated in 0.0068 seconds. Added 1876 classes and 337 folders.
[2015.12.04-10.16.36:306][ 12]LogBlueprintUserMessages: Early PlayInEditor Detection: Level '/Game/Maps/Map1.Map1:PersistentLevel' has LevelScriptBlueprint '/Game/Maps/Map1.Map1:PersistentLevel.Map1' with GeneratedClass '/Game/Maps/Map1.Map1_C' with ClassGeneratedBy '/Game/Maps/Map1.Map1:PersistentLevel.Map1'
[2015.12.04-10.16.36:306][ 12]LogPlayLevel: PlayLevel: No blueprints needed recompiling
[2015.12.04-10.16.36:306][ 12]PIE: New page: PIE session: Map1 (Dec 4, 2015, 12:16:36 PM)
[2015.12.04-10.16.36:306][ 12]LogPlayLevel: Creating play world package: /Game/Maps/UEDPIE_1_Map1
[2015.12.04-10.16.36:331][ 12]LogPlayLevel: PIE: StaticDuplicateObject took: (0.024378s)
[2015.12.04-10.16.36:331][ 12]LogAIModule: Creating AISystem for world Map1
[2015.12.04-10.16.36:331][ 12]LogPlayLevel: PIE: World Init took: (0.000728s)
[2015.12.04-10.16.36:332][ 12]LogPlayLevel: PIE: Created PIE world by copying editor world from /Game/Maps/Map1.Map1 to /Game/Maps/UEDPIE_1_Map1.Map1 (0.025401s)
[2015.12.04-10.16.36:332][ 12]LogActorComponent: UnregisterComponent: (/Engine/Transient.ProjectileComp) Not registered. Aborting.
[2015.12.04-10.16.36:332][ 12]LogActorComponent: UnregisterComponent: (/Engine/Transient.ProjectileMovementComponent_3) Not registered. Aborting.
[2015.12.04-10.16.36:401][ 12]LogWorld: Game class is 'BOSGameMode'
[2015.12.04-10.16.36:401][ 12]LogActor:Warning: RecastNavMesh /Game/Maps/UEDPIE_1_Map1.Map1:PersistentLevel.RecastNavMesh_2 has natively added scene component(s), but none of them were set as the actor's RootComponent - picking one arbitrarily
[2015.12.04-10.16.36:406][ 12]LogWorld: Bringing World /Game/Maps/UEDPIE_1_Map1.Map1 up for play (max tick rate 0) at 2015.12.04-11.16.36
[2015.12.04-10.16.36:406][ 12]LogActor:Warning: GameSession /Game/Maps/UEDPIE_1_Map1.Map1:PersistentLevel.GameSession_2 has natively added scene component(s), but none of them were set as the actor's RootComponent - picking one arbitrarily
[2015.12.04-10.16.36:407][ 12]LogActor:Warning: GameNetworkManager /Game/Maps/UEDPIE_1_Map1.Map1:PersistentLevel.GameNetworkManager_2 has natively added scene component(s), but none of them were set as the actor's RootComponent - picking one arbitrarily
[2015.12.04-10.16.36:407][ 12]LogWorld: Bringing up level for play took: 0.005182
[2015.12.04-10.16.36:407][ 12]LogInit: WinSock: Socket queue 131072 / 131072
[2015.12.04-10.16.36:407][ 12]LogNet: GameNetDriver IpNetDriver_4 IpNetDriver listening on port 7777
[2015.12.04-10.16.36:407][ 12]PIE: Info Play in editor start time for /Game/Maps/UEDPIE_1_Map1 -0.563
[2015.12.04-10.16.36:408][ 12]PIE: New page: PIE session: Map1 (Dec 4, 2015, 12:16:36 PM)
[2015.12.04-10.16.36:413][ 12]LogInit: XAudio2 using 'Speakers (4- High Definition Audio Device)' : 2 channels at 44.1 kHz using 16 bits per sample (channel mask 0x3)
[2015.12.04-10.16.36:419][ 12]LogInit: FAudioDevice initialized.
[2015.12.04-10.16.36:450][ 12]LogNet: Browse: 127.0.0.1//Game/Maps/MainMenu
[2015.12.04-10.16.36:450][ 12]LogInit: WinSock: Socket queue 32768 / 32768
[2015.12.04-10.16.36:450][ 12]LogNet: Game client on port 7777, rate 10000
[2015.12.04-10.16.36:450][ 12]LogNet: GetLocalNetworkVersion: GEngineNetVersion: 2689999, ProjectName: bos, ProjectVersion: 1.0.0.0, InternalProtocolVersion: 9, LocalNetworkVersion: 4173909862
[2015.12.04-10.16.36:451][ 12]PIE: Info Play in editor start time for /Game/Maps/MainMenu -0.52
[2015.12.04-10.16.36:452][ 12]LogBlueprintUserMessages: Late PlayInEditor Detection: Level '/Game/Maps/Map1.Map1:PersistentLevel' has LevelScriptBlueprint '/Game/Maps/Map1.Map1:PersistentLevel.Map1' with GeneratedClass '/Game/Maps/Map1.Map1_C' with ClassGeneratedBy '/Game/Maps/Map1.Map1:PersistentLevel.Map1'
[2015.12.04-10.16.36:452][ 12]LogNet: NotifyAcceptingConnection: Server Map1 accept
[2015.12.04-10.16.36:452][ 12]LogNet: Open Map1 12/04/15 11:16:36 127.0.0.1
[2015.12.04-10.16.36:452][ 12]LogNet: Added client connection.  Remote address = 127.0.0.1:59759
[2015.12.04-10.16.36:452][ 12]LogNet: NotifyAcceptingChannel Control 0 server World /Game/Maps/UEDPIE_1_Map1.Map1: Accepted
[2015.12.04-10.16.36:452][ 12]LogNet: Remote platform little endian=1
[2015.12.04-10.16.36:452][ 12]LogNet: This platform little endian=1
[2015.12.04-10.16.36:452][ 12]LogNet: GetLocalNetworkVersion: GEngineNetVersion: 2689999, ProjectName: bos, ProjectVersion: 1.0.0.0, InternalProtocolVersion: 9, LocalNetworkVersion: 4173909862
[2015.12.04-10.16.36:492][ 13]LogNet: Login request: /Game/Maps/MainMenu userId: Invalid
[2015.12.04-10.16.36:492][ 13]LogNet: Welcomed by server (Level: /Game/Maps/UEDPIE_1_Map1, Game: /Script/BOS.BOSGameMode)
[2015.12.04-10.16.36:493][ 13]LogLoad: LoadMap: 127.0.0.1//Game/Maps/UEDPIE_1_Map1?game=/Script/BOS.BOSGameMode
[2015.12.04-10.16.36:548][ 13]LogParticles: Destroying 0 GPU particle simulations for FXSystem 0x0000005808C6D800
[2015.12.04-10.16.36:548][ 13]Cmd: MEM
[2015.12.04-10.16.36:576][ 13]LogMemory: Platform Memory Stats for Windows
[2015.12.04-10.16.36:576][ 13]LogMemory: Process Physical Memory: 843.12 MB used, 856.64 MB peak
[2015.12.04-10.16.36:576][ 13]LogMemory: Process Virtual Memory: 1679.67 MB used, 1793.84 MB peak
[2015.12.04-10.16.36:576][ 13]LogMemory: Physical Memory: 5060.00 MB used, 16318.82 MB total
[2015.12.04-10.16.36:576][ 13]LogMemory: Virtual Memory: 2326.57 MB used, 134217728.00 MB total
[2015.12.04-10.16.36:576][ 13]LogMemory: 
[2015.12.04-10.16.36:576][ 13]Allocator Stats for TBB: (not implemented)
[2015.12.04-10.16.36:576][ 13]LogLinker: Can't find file for asset '/Game/Maps/UEDPIE_1_Map1' while loading NULL.
[2015.12.04-10.16.36:603][ 13]LogWorld: PIE: Copying PIE streaming level from /Game/Maps/Map1.Map1 to /Game/Maps/UEDPIE_2_Map1.Map1. OwningWorld: None
[2015.12.04-10.16.36:604][ 13]LogAIModule: Creating AISystem for world Map1
[2015.12.04-10.16.36:610][ 13]LogWorld: Bringing World /Game/Maps/UEDPIE_2_Map1.Map1 up for play (max tick rate 0) at 2015.12.04-11.16.36
[2015.12.04-10.16.36:611][ 13]LogWorld: Bringing up level for play took: 0.006414
[2015.12.04-10.16.36:631][ 14]LogNet: Client netspeed is 10000
[2015.12.04-10.16.36:631][ 14]LogNet: Join request: /Game/Maps/MainMenu?SplitscreenCount=1
[2015.12.04-10.16.36:633][ 14]LogNet: Join succeeded: 258
[2015.12.04-10.16.37:153][ 61]LogNet:Warning: UIpNetDriver::ProcesRemoteFunction: No owning connection for actor BasicProjectile_BP_C_53. Function OnHit will not be processed.
[2015.12.04-10.16.37:431][ 94]LogNet:Warning: UIpNetDriver::ProcesRemoteFunction: No owning connection for actor BasicProjectile_BP_C_55. Function OnHit will not be processed.
[2015.12.04-10.16.37:610][115]LogNet:Warning: UIpNetDriver::ProcesRemoteFunction: No owning connection for actor BasicProjectile_BP_C_57. Function OnHit will not be processed.
[2015.12.04-10.16.37:741][131]LogNet:Warning: UIpNetDriver::ProcesRemoteFunction: No owning connection for actor BasicProjectile_BP_C_59. Function OnHit will not be processed.
[2015.12.04-10.16.37:913][151]LogNet:Warning: UIpNetDriver::ProcesRemoteFunction: No owning connection for actor BasicProjectile_BP_C_61. Function OnHit will not be processed.
[2015.12.04-10.16.38:039][166]LogNet:Warning: UIpNetDriver::ProcesRemoteFunction: No owning connection for actor BasicProjectile_BP_C_63. Function OnHit will not be processed.
[2015.12.04-10.16.39:208][306]LogBlueprintUserMessages: Early EndPlayMap Detection: Level '/Game/Maps/Map1.Map1:PersistentLevel' has LevelScriptBlueprint '/Game/Maps/Map1.Map1:PersistentLevel.Map1' with GeneratedClass '/Game/Maps/Map1.Map1_C' with ClassGeneratedBy '/Game/Maps/Map1.Map1:PersistentLevel.Map1'
[2015.12.04-10.16.39:242][306]LogBlueprintUserMessages: Late EndPlayMap Detection: Level '/Game/Maps/Map1.Map1:PersistentLevel' has LevelScriptBlueprint '/Game/Maps/Map1.Map1:PersistentLevel.Map1' with GeneratedClass '/Game/Maps/Map1.Map1_C' with ClassGeneratedBy '/Game/Maps/Map1.Map1:PersistentLevel.Map1'
[2015.12.04-10.16.39:265][306]LogNet: UChannel::CleanUp: [GameNetDriver] [None] [None]. ChIndex == 0. Closing connection.
[2015.12.04-10.16.39:265][306]LogNet: UNetConnection::Close: Name: IpConnection_5, Driver: GameNetDriver IpNetDriver_4, PC: None, Owner: None, Channels: 2, RemoteAddr: 127.0.0.1:59759, Time: 2015.12.04-10.16.39
[2015.12.04-10.16.39:265][306]LogNet: UChannel::Close: Sending CloseBunch. ChIndex == 0. Name: ControlChannel_5
[2015.12.04-10.16.39:265][306]LogNet: UChannel::CleanUp: [GameNetDriver] [None] [None]. ChIndex == 0. Closing connection.
[2015.12.04-10.16.39:265][306]LogNet: UNetConnection::Close: Name: IpConnection_4, Driver: GameNetDriver IpNetDriver_5, PC: None, Owner: None, Channels: 2, RemoteAddr: 127.0.0.1:7777, Time: 2015.12.04-10.16.39
[2015.12.04-10.16.39:265][306]LogNet: UChannel::Close: Sending CloseBunch. ChIndex == 0. Name: ControlChannel_4
[2015.12.04-10.16.39:270][306]LogExit: GameNetDriver None shut down
[2015.12.04-10.16.39:270][306]LogParticles: Destroying 0 GPU particle simulations for FXSystem 0x0000005857EBA700
[2015.12.04-10.16.39:270][306]LogExit: GameNetDriver None shut down
[2015.12.04-10.16.39:271][306]LogParticles: Destroying 0 GPU particle simulations for FXSystem 0x0000005803DE85E0
[2015.12.04-10.17.00:385][909]LogActorComponent: UnregisterComponent: (/Engine/Transient.ProjectileComp) Not registered. Aborting.
[2015.12.04-10.17.00:385][909]LogActorComponent: UnregisterComponent: (/Engine/Transient.ProjectileMovementComponent_4) Not registered. Aborting.
[2015.12.04-10.17.00:598][909]LogWindowsTextInputMethodSystem:Display: IME system now deactivated.
[2015.12.04-10.17.00:834][910]Cmd: QUIT_EDITOR
[2015.12.04-10.17.01:281][910]LogExit: Preparing to exit.
[2015.12.04-10.17.01:978][910]LogExit: Editor shut down
[2015.12.04-10.17.01:978][910]LogExit: Transaction tracking system shut down
[2015.12.04-10.17.01:979][910]LogParticles: Destroying 0 GPU particle simulations for FXSystem 0x0000005832CF40E0
[2015.12.04-10.17.01:979][910]LogParticles: Destroying 0 GPU particle simulations for FXSystem 0x0000005852F74900
[2015.12.04-10.17.01:979][910]LogParticles: Destroying 0 GPU particle simulations for FXSystem 0x00000058527851C0
[2015.12.04-10.17.01:979][910]LogParticles: Destroying 0 GPU particle simulations for FXSystem 0x0000005852784FE0
[2015.12.04-10.17.01:981][910]LogParticles: Destroying 0 GPU particle simulations for FXSystem 0x0000005833131F80
[2015.12.04-10.17.01:982][910]LogParticles: Destroying 0 GPU particle simulations for FXSystem 0x0000005836F1D260
[2015.12.04-10.17.02:143][910]LogExit: Object subsystem successfully closed.
[2015.12.04-10.17.02:150][910]LogD3D11RHI: Shutdown
[2015.12.04-10.17.02:150][910]LogD3D11RHI: CleanupD3DDevice
[2015.12.04-10.17.02:195][910]LogD3D11RHI: ~FD3D11DynamicRHI
[2015.12.04-10.17.02:207][910]LogModuleManager: Shutting down and abandoning module BlueprintGraph (199)
[2015.12.04-10.17.02:207][910]LogModuleManager: Shutting down and abandoning module CrashTracker (198)
[2015.12.04-10.17.02:207][910]LogModuleManager: Shutting down and abandoning module SceneOutliner (197)
[2015.12.04-10.17.02:207][910]LogModuleManager: Shutting down and abandoning module SuperSearch (196)
[2015.12.04-10.17.02:207][910]LogModuleManager: Shutting down and abandoning module WidgetCarousel (195)
[2015.12.04-10.17.02:207][910]LogModuleManager: Shutting down and abandoning module AddContentDialog (194)
[2015.12.04-10.17.02:208][910]LogModuleManager: Shutting down and abandoning module EditorWidgets (193)
[2015.12.04-10.17.02:208][910]LogModuleManager: Shutting down and abandoning module CollectionManager (192)
[2015.12.04-10.17.02:208][910]LogModuleManager: Shutting down and abandoning module StatsViewer (191)
[2015.12.04-10.17.02:208][910]LogModuleManager: Shutting down and abandoning module FoliageEdit (190)
[2015.12.04-10.17.02:208][910]LogModuleManager: Shutting down and abandoning module LandscapeEditor (189)
[2015.12.04-10.17.02:208][910]LogModuleManager: Shutting down and abandoning module ActorPickerMode (188)
[2015.12.04-10.17.02:208][910]LogModuleManager: Shutting down and abandoning module GeometryMode (187)
[2015.12.04-10.17.02:208][910]LogModuleManager: Shutting down and abandoning module TextureAlignMode (186)
[2015.12.04-10.17.02:208][910]LogModuleManager: Shutting down and abandoning module BspMode (185)
[2015.12.04-10.17.02:208][910]LogModuleManager: Shutting down and abandoning module PlacementMode (184)
[2015.12.04-10.17.02:208][910]LogModuleManager: Shutting down and abandoning module AutomationWorker (183)
[2015.12.04-10.17.02:208][910]LogModuleManager: Shutting down and abandoning module CharacterAI (182)
[2015.12.04-10.17.02:208][910]LogModuleManager: Shutting down and abandoning module SmartSnapping (181)
[2015.12.04-10.17.02:208][910]LogModuleManager: Shutting down and abandoning module ViewportSnapping (180)
[2015.12.04-10.17.02:208][910]LogModuleManager: Shutting down and abandoning module LogVisualizer (179)
[2015.12.04-10.17.02:209][910]LogModuleManager: Shutting down and abandoning module GameProjectGeneration (178)
[2015.12.04-10.17.02:209][910]LogModuleManager: Shutting down and abandoning module IntroTutorials (177)
[2015.12.04-10.17.02:209][910]LogModuleManager: Shutting down and abandoning module EditorLiveStreaming (176)
[2015.12.04-10.17.02:209][910]LogModuleManager: Shutting down and abandoning module IOSPlatformEditor (175)
[2015.12.04-10.17.02:209][910]LogModuleManager: Shutting down and abandoning module HTML5PlatformEditor (174)
[2015.12.04-10.17.02:209][910]LogModuleManager: Shutting down and abandoning module AndroidDeviceDetection (173)
[2015.12.04-10.17.02:756][910]LogModuleManager: Shutting down and abandoning module AndroidPlatformEditor (172)
[2015.12.04-10.17.02:756][910]LogModuleManager: Shutting down and abandoning module IOSRuntimeSettings (171)
[2015.12.04-10.17.02:756][910]LogModuleManager: Shutting down and abandoning module AndroidRuntimeSettings (170)
[2015.12.04-10.17.02:756][910]LogModuleManager: Shutting down and abandoning module MergeActors (169)
[2015.12.04-10.17.02:756][910]LogModuleManager: Shutting down and abandoning module SizeMap (168)
[2015.12.04-10.17.02:756][910]LogModuleManager: Shutting down and abandoning module TreeMap (167)
[2015.12.04-10.17.02:756][910]LogModuleManager: Shutting down and abandoning module ReferenceViewer (166)
[2015.12.04-10.17.02:756][910]LogModuleManager: Shutting down and abandoning module LocalizationService (165)
[2015.12.04-10.17.02:756][910]LogModuleManager: Shutting down and abandoning module LocalizationDashboard (164)
[2015.12.04-10.17.02:756][910]LogModuleManager: Shutting down and abandoning module HardwareTargeting (163)
[2015.12.04-10.17.02:756][910]LogModuleManager: Shutting down and abandoning module DeviceProfileEditor (162)
[2015.12.04-10.17.02:756][910]LogModuleManager: Shutting down and abandoning module UndoHistory (161)
[2015.12.04-10.17.02:756][910]LogModuleManager: Shutting down and abandoning module GameplayTagsEditor (160)
[2015.12.04-10.17.02:756][910]LogModuleManager: Shutting down and abandoning module UserFeedback (159)
[2015.12.04-10.17.02:756][910]LogModuleManager: Shutting down and abandoning module XmlParser (158)
[2015.12.04-10.17.02:756][910]LogModuleManager: Shutting down and abandoning module Blutility (157)
[2015.12.04-10.17.02:756][910]LogModuleManager: Shutting down and abandoning module ProjectTargetPlatformEditor (156)
[2015.12.04-10.17.02:756][910]LogModuleManager: Shutting down and abandoning module ProjectSettingsViewer (155)
[2015.12.04-10.17.02:756][910]LogModuleManager: Shutting down and abandoning module InputBindingEditor (154)
[2015.12.04-10.17.02:756][910]LogModuleManager: Shutting down and abandoning module EditorSettingsViewer (153)
[2015.12.04-10.17.02:756][910]LogModuleManager: Shutting down and abandoning module SettingsEditor (152)
[2015.12.04-10.17.02:756][910]LogModuleManager: Shutting down and abandoning module ProjectLauncher (151)
[2015.12.04-10.17.02:756][910]LogModuleManager: Shutting down and abandoning module SessionFrontend (150)
[2015.12.04-10.17.02:756][910]LogModuleManager: Shutting down and abandoning module ProfilerClient (149)
[2015.12.04-10.17.02:756][910]LogModuleManager: Shutting down and abandoning module TargetDeviceServices (148)
[2015.12.04-10.17.02:756][910]LogModuleManager: Shutting down and abandoning module DeviceManager (147)
[2015.12.04-10.17.02:756][910]LogModuleManager: Shutting down and abandoning module AutomationController (146)
[2015.12.04-10.17.02:756][910]LogModuleManager: Shutting down and abandoning module AutomationWindow (145)
[2015.12.04-10.17.02:756][910]LogModuleManager: Shutting down and abandoning module Layers (144)
[2015.12.04-10.17.02:756][910]LogModuleManager: Shutting down and abandoning module ComponentVisualizers (143)
[2015.12.04-10.17.02:756][910]LogModuleManager: Shutting down and abandoning module DetailCustomizations (142)
[2015.12.04-10.17.02:756][910]LogModuleManager: Shutting down and abandoning module PackagesDialog (141)
[2015.12.04-10.17.02:756][910]LogModuleManager: Shutting down and abandoning module Persona (140)
[2015.12.04-10.17.02:756][910]LogModuleManager: Shutting down and abandoning module Kismet (139)
[2015.12.04-10.17.02:756][910]LogModuleManager: Shutting down and abandoning module GraphEditor (138)
[2015.12.04-10.17.02:757][910]LogModuleManager: Shutting down and abandoning module ClassViewer (137)
[2015.12.04-10.17.02:757][910]LogModuleManager: Shutting down and abandoning module Toolbox (136)
[2015.12.04-10.17.02:757][910]LogModuleManager: Shutting down and abandoning module ModuleUI (135)
[2015.12.04-10.17.02:757][910]LogModuleManager: Shutting down and abandoning module MovieSceneTools (134)
[2015.12.04-10.17.02:757][910]LogModuleManager: Shutting down and abandoning module OutputLog (133)
[2015.12.04-10.17.02:757][910]LogModuleManager: Shutting down and abandoning module GammaUI (132)
[2015.12.04-10.17.02:757][910]LogModuleManager: Shutting down and abandoning module Documentation (131)
[2015.12.04-10.17.02:757][910]LogModuleManager: Shutting down and abandoning module GameLiveStreaming (130)
[2015.12.04-10.17.02:757][910]LogModuleManager: Shutting down and abandoning module StreamingPauseRendering (129)
[2015.12.04-10.17.02:757][910]LogModuleManager: Shutting down and abandoning module AnalyticsET (128)
[2015.12.04-10.17.02:757][910]LogModuleManager: Shutting down and abandoning module Analytics (127)
[2015.12.04-10.17.02:757][910]LogModuleManager: Shutting down and abandoning module AITestSuite (126)
[2015.12.04-10.17.02:757][910]LogModuleManager: Shutting down and abandoning module GameplayDebugger (125)
[2015.12.04-10.17.02:757][910]LogModuleManager: Shutting down and abandoning module AIModule (124)
[2015.12.04-10.17.02:757][910]LogModuleManager: Shutting down and abandoning module ProfilerService (123)
[2015.12.04-10.17.02:935][910]LogModuleManager: Shutting down and abandoning module TaskGraph (122)
[2015.12.04-10.17.02:935][910]LogModuleManager: Shutting down and abandoning module SlateRemote (121)
[2015.12.04-10.17.02:935][910]LogModuleManager: Shutting down and abandoning module SteamVRController (120)
[2015.12.04-10.17.02:935][910]LogModuleManager: Shutting down and abandoning module SteamVR (119)
[2015.12.04-10.17.02:935][910]LogModuleManager: Shutting down and abandoning module ProceduralMeshComponent (118)
[2015.12.04-10.17.02:935][910]LogModuleManager: Shutting down and abandoning module OculusRift (117)
[2015.12.04-10.17.02:935][910]LogModuleManager: Shutting down and abandoning module OculusLibrary (116)
[2015.12.04-10.17.02:935][910]LogModuleManager: Shutting down and abandoning module LeapMotionController (115)
[2015.12.04-10.17.02:940][910]LogModuleManager: Shutting down and abandoning module CustomMeshComponent (114)
[2015.12.04-10.17.02:940][910]LogModuleManager: Shutting down and abandoning module CableComponent (113)
[2015.12.04-10.17.02:940][910]LogModuleManager: Shutting down and abandoning module ArchVisCharacter (112)
[2015.12.04-10.17.02:940][910]LogModuleManager: Shutting down and abandoning module MessagingDebugger (111)
[2015.12.04-10.17.02:940][910]LogModuleManager: Shutting down and abandoning module MediaPlayerEditor (110)
[2015.12.04-10.17.02:940][910]LogModuleManager: Shutting down and abandoning module HTML5Networking (109)
[2015.12.04-10.17.02:940][910]LogModuleManager: Shutting down and abandoning module SpeedTreeImporter (108)
[2015.12.04-10.17.02:940][910]LogModuleManager: Shutting down and abandoning module PluginBrowser (107)
[2015.12.04-10.17.02:940][910]LogModuleManager: Shutting down and abandoning module EpicSurvey (106)
[2015.12.04-10.17.02:940][910]LogModuleManager: Shutting down and abandoning module DesktopPlatform (105)
[2015.12.04-10.17.02:940][910]LogModuleManager: Shutting down and abandoning module VisualStudioSourceCodeAccess (104)
[2015.12.04-10.17.02:940][910]LogModuleManager: Shutting down and abandoning module UObjectPlugin (103)
[2015.12.04-10.17.02:940][910]LogModuleManager: Shutting down and abandoning module SubversionSourceControl (102)
[2015.12.04-10.17.02:940][910]LogModuleManager: Shutting down and abandoning module PerforceSourceControl (101)
[2015.12.04-10.17.02:940][910]LogModuleManager: Shutting down and abandoning module SourceControl (100)
[2015.12.04-10.17.02:940][910]LogModuleManager: Shutting down and abandoning module GitSourceControl (99)
[2015.12.04-10.17.02:940][910]LogModuleManager: Shutting down and abandoning module LightPropagationVolumeEditor (98)
[2015.12.04-10.17.02:940][910]LogModuleManager: Shutting down and abandoning module PaperTiledImporter (97)
[2015.12.04-10.17.02:940][910]LogModuleManager: Shutting down and abandoning module PaperSpriteSheetImporter (96)
[2015.12.04-10.17.02:940][910]LogModuleManager: Shutting down and abandoning module MeshPaint (95)
[2015.12.04-10.17.02:940][910]LogModuleManager: Shutting down and abandoning module SlateReflector (94)
[2015.12.04-10.17.02:940][910]LogModuleManager: Shutting down and abandoning module HotReload (93)
[2015.12.04-10.17.02:940][910]LogModuleManager: Shutting down and abandoning module MainFrame (92)
[2015.12.04-10.17.02:940][910]LogModuleManager: Shutting down and abandoning module LevelEditor (91)
[2015.12.04-10.17.02:941][910]LogModuleManager: Shutting down and abandoning module DirectoryWatcher (90)
[2015.12.04-10.17.02:941][910]LogModuleManager: Shutting down and abandoning module AssetRegistry (89)
[2015.12.04-10.17.03:041][910]LogModuleManager: Shutting down and abandoning module ContentBrowser (88)
[2015.12.04-10.17.03:042][910]LogModuleManager: Shutting down and abandoning module Paper2DEditor (87)
[2015.12.04-10.17.03:042][910]LogModuleManager: Shutting down and abandoning module BOS (86)
[2015.12.04-10.17.03:042][910]LogModuleManager: Shutting down and abandoning module UdpMessaging (85)
[2015.12.04-10.17.03:143][910]LogModuleManager: Shutting down and abandoning module LightPropagationVolumeRuntime (84)
[2015.12.04-10.17.03:143][910]LogModuleManager: Shutting down and abandoning module Paper2D (83)
[2015.12.04-10.17.03:143][910]LogModuleManager: Shutting down and abandoning module WindowsMoviePlayer (82)
[2015.12.04-10.17.03:145][910]LogModuleManager: Shutting down and abandoning module Media (81)
[2015.12.04-10.17.03:145][910]LogModuleManager: Shutting down and abandoning module WmfMedia (80)
[2015.12.04-10.17.03:146][910]LogModuleManager: Shutting down and abandoning module OnlineBlueprintSupport (79)
[2015.12.04-10.17.03:146][910]LogModuleManager: Shutting down and abandoning module GameplayTasksEditor (78)
[2015.12.04-10.17.03:146][910]LogModuleManager: Shutting down and abandoning module PropertyEditor (77)
[2015.12.04-10.17.03:146][910]LogModuleManager: Shutting down and abandoning module BehaviorTreeEditor (76)
[2015.12.04-10.17.03:146][910]LogModuleManager: Shutting down and abandoning module FunctionalTesting (75)
[2015.12.04-10.17.03:146][910]LogModuleManager: Shutting down and abandoning module CollisionAnalyzer (74)
[2015.12.04-10.17.03:146][910]LogModuleManager: Shutting down and abandoning module WorkspaceMenuStructure (73)
[2015.12.04-10.17.03:146][910]LogModuleManager: Shutting down and abandoning module MessageLog (72)
[2015.12.04-10.17.03:146][910]LogModuleManager: Shutting down and abandoning module Sequencer (71)
[2015.12.04-10.17.03:146][910]LogModuleManager: Shutting down and abandoning module AssetTools (70)
[2015.12.04-10.17.03:146][910]LogModuleManager: Shutting down and abandoning module UMGEditor (69)
[2015.12.04-10.17.03:146][910]LogModuleManager: Shutting down and abandoning module UMG (68)
[2015.12.04-10.17.03:146][910]LogModuleManager: Shutting down and abandoning module Slate (67)
[2015.12.04-10.17.03:146][910]LogModuleManager: Shutting down and abandoning module EditorStyle (66)
[2015.12.04-10.17.03:148][910]LogModuleManager: Shutting down and abandoning module SessionServices (65)
[2015.12.04-10.17.03:148][910]LogModuleManager: Shutting down and abandoning module SourceCodeAccess (64)
[2015.12.04-10.17.03:148][910]LogModuleManager: Shutting down and abandoning module HeadMountedDisplay (63)
[2015.12.04-10.17.03:148][910]LogModuleManager: Shutting down and abandoning module XAudio2 (62)
[2015.12.04-10.17.03:148][910]LogModuleManager: Shutting down and abandoning module Networking (60)
[2015.12.04-10.17.03:148][910]LogModuleManager: Shutting down and abandoning module Core (59)
[2015.12.04-10.17.03:148][910]LogModuleManager: Shutting down and abandoning module KismetCompiler (58)
[2015.12.04-10.17.03:148][910]LogModuleManager: Shutting down and abandoning module PhysXFormats (57)
[2015.12.04-10.17.03:148][910]LogModuleManager: Shutting down and abandoning module MeshUtilities (56)
[2015.12.04-10.17.03:148][910]LogModuleManager: Shutting down and abandoning module CookingStats (55)
[2015.12.04-10.17.03:149][910]LogModuleManager: Shutting down and abandoning module DerivedDataCache (54)
[2015.12.04-10.17.03:156][910]LogDerivedDataCache: Shutdown
[2015.12.04-10.17.03:156][910]LogModuleManager: Shutting down and abandoning module ShaderFormatOpenGL (53)
[2015.12.04-10.17.03:156][910]LogModuleManager: Shutting down and abandoning module ShaderFormatD3D (52)
[2015.12.04-10.17.03:156][910]LogModuleManager: Shutting down and abandoning module MetalShaderFormat (51)
[2015.12.04-10.17.03:156][910]LogModuleManager: Shutting down and abandoning module TextureFormatUncompressed (50)
[2015.12.04-10.17.03:156][910]LogModuleManager: Shutting down and abandoning module TextureFormatPVR (49)
[2015.12.04-10.17.03:156][910]LogModuleManager: Shutting down and abandoning module TextureFormatIntelISPCTexComp (48)
[2015.12.04-10.17.03:156][910]LogModuleManager: Shutting down and abandoning module TextureFormatDXT (47)
[2015.12.04-10.17.03:156][910]LogModuleManager: Shutting down and abandoning module ImageWrapper (46)
[2015.12.04-10.17.03:156][910]LogModuleManager: Shutting down and abandoning module TextureFormatASTC (45)
[2015.12.04-10.17.03:156][910]LogModuleManager: Shutting down and abandoning module TextureFormatAndroid (44)
[2015.12.04-10.17.03:156][910]LogModuleManager: Shutting down and abandoning module AudioFormatOpus (43)
[2015.12.04-10.17.03:156][910]LogModuleManager: Shutting down and abandoning module AudioFormatOgg (42)
[2015.12.04-10.17.03:156][910]LogModuleManager: Shutting down and abandoning module AudioFormatADPCM (41)
[2015.12.04-10.17.03:156][910]LogModuleManager: Shutting down and abandoning module LinuxTargetPlatform (40)
[2015.12.04-10.17.03:156][910]LogModuleManager: Shutting down and abandoning module LinuxServerTargetPlatform (39)
[2015.12.04-10.17.03:156][910]LogModuleManager: Shutting down and abandoning module LinuxNoEditorTargetPlatform (38)
[2015.12.04-10.17.03:156][910]LogModuleManager: Shutting down and abandoning module Messaging (37)
[2015.12.04-10.17.03:156][910]LogModuleManager: Shutting down and abandoning module IOSTargetPlatform (36)
[2015.12.04-10.17.03:156][910]LogModuleManager: Shutting down and abandoning module HTML5TargetPlatform (35)
[2015.12.04-10.17.03:156][910]LogModuleManager: Shutting down and abandoning module Android_PVRTCTargetPlatform (34)
[2015.12.04-10.17.03:156][910]LogModuleManager: Shutting down and abandoning module Android_ETC2TargetPlatform (33)
[2015.12.04-10.17.03:156][910]LogModuleManager: Shutting down and abandoning module Android_ETC1TargetPlatform (32)
[2015.12.04-10.17.03:156][910]LogModuleManager: Shutting down and abandoning module Android_DXTTargetPlatform (31)
[2015.12.04-10.17.03:156][910]LogModuleManager: Shutting down and abandoning module Android_ATCTargetPlatform (30)
[2015.12.04-10.17.03:156][910]LogModuleManager: Shutting down and abandoning module Android_ASTCTargetPlatform (29)
[2015.12.04-10.17.03:156][910]LogModuleManager: Shutting down and abandoning module AndroidTargetPlatform (28)
[2015.12.04-10.17.03:156][910]LogModuleManager: Shutting down and abandoning module WindowsTargetPlatform (27)
[2015.12.04-10.17.03:156][910]LogModuleManager: Shutting down and abandoning module WindowsServerTargetPlatform (26)
[2015.12.04-10.17.03:156][910]LogModuleManager: Shutting down and abandoning module WindowsNoEditorTargetPlatform (25)
[2015.12.04-10.17.03:156][910]LogModuleManager: Shutting down and abandoning module WindowsClientTargetPlatform (24)
[2015.12.04-10.17.03:156][910]LogModuleManager: Shutting down and abandoning module AllDesktopTargetPlatform (23)
[2015.12.04-10.17.03:156][910]LogModuleManager: Shutting down and abandoning module TargetPlatform (22)
[2015.12.04-10.17.03:156][910]LogModuleManager: Shutting down and abandoning module InputCore (21)
[2015.12.04-10.17.03:156][910]LogModuleManager: Shutting down and abandoning module Settings (20)
[2015.12.04-10.17.03:156][910]LogModuleManager: Shutting down and abandoning module OnlineSubsystem (18)
[2015.12.04-10.17.03:156][910]LogModuleManager: Shutting down and abandoning module HTTP (17)
[2015.12.04-10.17.04:158][910]LogModuleManager: Shutting down and abandoning module XMPP (16)
[2015.12.04-10.17.04:158][910]LogModuleManager: Shutting down and abandoning module ExampleDeviceProfileSelector (15)
[2015.12.04-10.17.04:158][910]LogModuleManager: Shutting down and abandoning module TextureCompressor (14)
[2015.12.04-10.17.04:158][910]LogModuleManager: Shutting down and abandoning module ShaderCore (13)
[2015.12.04-10.17.04:158][910]LogModuleManager: Shutting down and abandoning module Landscape (12)
[2015.12.04-10.17.04:158][910]LogModuleManager: Shutting down and abandoning module SlateRHIRenderer (11)
[2015.12.04-10.17.04:159][910]LogModuleManager: Shutting down and abandoning module OpenGLDrv (10)
[2015.12.04-10.17.04:159][910]LogModuleManager: Shutting down and abandoning module D3D11RHI (9)
[2015.12.04-10.17.04:159][910]LogModuleManager: Shutting down and abandoning module AnimGraphRuntime (8)
[2015.12.04-10.17.04:159][910]LogModuleManager: Shutting down and abandoning module Renderer (7)
[2015.12.04-10.17.04:159][910]LogModuleManager: Shutting down and abandoning module Engine (6)
[2015.12.04-10.17.04:159][910]LogModuleManager: Shutting down and abandoning module CoreUObject (5)
[2015.12.04-10.17.04:159][910]LogModuleManager: Shutting down and abandoning module NetworkFile (4)
[2015.12.04-10.17.04:159][910]LogModuleManager: Shutting down and abandoning module StreamingFile (3)
[2015.12.04-10.17.04:159][910]LogModuleManager: Shutting down and abandoning module SandboxFile (2)
[2015.12.04-10.17.04:159][910]LogModuleManager: Shutting down and abandoning module PakFile (1)
[2015.12.04-10.17.04:159][910]LogExit: Exiting.
[2015.12.04-10.17.04:160][910]Log file closed, 12/04/15 11:17:04
