[2015.11.06-08.44.00:552][  0]Log file open, 11/06/15 09:44:00
[2015.11.06-08.44.00:552][  0]LogInit:Display: Running engine for game: BOS
[2015.11.06-08.44.00:552][  0]LogInit:Display: RandInit(-1369985717) SRandInit(-1369985717).
[2015.11.06-08.44.00:552][  0]LogTaskGraph: Started task graph with 4 named threads and 7 total threads.
[2015.11.06-08.44.00:552][  0]LogStats: Stats thread started at 0.071624
[2015.11.06-08.44.00:552][  0]LogInit: Version: 4.9.2-2707645+++depot+UE4-Releases+4.9
[2015.11.06-08.44.00:552][  0]LogInit: API Version: 2672455
[2015.11.06-08.44.00:552][  0]LogInit: Compiled (64-bit): Sep 28 2015 10:25:44
[2015.11.06-08.44.00:552][  0]LogInit: Compiled with Visual C++: 18.00.21005.01
[2015.11.06-08.44.00:552][  0]LogInit: Build Configuration: Development
[2015.11.06-08.44.00:552][  0]LogInit: Branch Name: ++depot+UE4-Releases+4.9
[2015.11.06-08.44.00:552][  0]LogInit: Command line:  
[2015.11.06-08.44.00:552][  0]LogInit: Base directory: C:/Program Files/Epic Games/4.9/Engine/Binaries/Win64/
[2015.11.06-08.44.00:552][  0]LogInit: Rocket: 1
[2015.11.06-08.44.00:560][  0]LogInit: Using libcurl 7.41.0
[2015.11.06-08.44.00:560][  0]LogInit:  - built for x86_64-pc-win32
[2015.11.06-08.44.00:560][  0]LogInit:  - supports SSL with WinSSL
[2015.11.06-08.44.00:560][  0]LogInit:  - other features:
[2015.11.06-08.44.00:560][  0]LogInit:      CURL_VERSION_SSL
[2015.11.06-08.44.00:560][  0]LogInit:      CURL_VERSION_IPV6
[2015.11.06-08.44.00:560][  0]LogInit:      CURL_VERSION_ASYNCHDNS
[2015.11.06-08.44.00:560][  0]LogInit:      CURL_VERSION_LARGEFILE
[2015.11.06-08.44.00:560][  0]LogInit:      CURL_VERSION_IDN
[2015.11.06-08.44.00:560][  0]LogInit:  CurlRequestOptions (configurable via config and command line):
[2015.11.06-08.44.00:560][  0]LogInit:  - bVerifyPeer = true  - Libcurl will verify peer certificate
[2015.11.06-08.44.00:560][  0]LogInit:  - bUseHttpProxy = false  - Libcurl will NOT use HTTP proxy
[2015.11.06-08.44.00:560][  0]LogInit:  - bDontReuseConnections = false  - Libcurl will reuse connections
[2015.11.06-08.44.00:560][  0]LogInit:  - CertBundlePath = nullptr  - Libcurl will use whatever was configured at build time.
[2015.11.06-08.44.00:565][  0]LogInit: Presizing for 0 objects not considered by GC, pre-allocating 0 bytes.
[2015.11.06-08.44.00:572][  0]LogInit: Object subsystem initialized
[2015.11.06-08.44.00:573][  0]LogInit: Selected Device Profile: [Windows]
[2015.11.06-08.44.00:573][  0]LogInit: Applying CVar settings loaded from the selected device profile: [Windows]
[2015.11.06-08.44.00:582][  0]LogInit: Computer: SpellabbA332-06
[2015.11.06-08.44.00:582][  0]LogInit: User: Spellabbet
[2015.11.06-08.44.00:582][  0]LogInit: CPU Page size=4096, Cores=4
[2015.11.06-08.44.00:582][  0]LogInit: High frequency timer resolution =3.507517 MHz
[2015.11.06-08.44.00:582][  0]LogMemory: Memory total: Physical=15.9GB (16GB approx)
[2015.11.06-08.44.00:582][  0]LogMemory: Platform Memory Stats for Windows
[2015.11.06-08.44.00:582][  0]LogMemory: Process Physical Memory: 52.49 MB used, 52.49 MB peak
[2015.11.06-08.44.00:582][  0]LogMemory: Process Virtual Memory: 56.00 MB used, 56.00 MB peak
[2015.11.06-08.44.00:582][  0]LogMemory: Physical Memory: 5858.81 MB used, 16318.82 MB total
[2015.11.06-08.44.00:582][  0]LogMemory: Virtual Memory: 349.31 MB used, 134217728.00 MB total
[2015.11.06-08.44.00:608][  0]LogTextLocalizationManager: No translations for ('sv-SE') exist, falling back to 'en' for localization and internationalization data.
[2015.11.06-08.44.01:223][  0]LogD3D11RHI: Found D3D11 adapter 0: NVIDIA GeForce GTX 960 (Feature Level 11_0)
[2015.11.06-08.44.01:223][  0]LogD3D11RHI: Adapter has 1965MB of dedicated video memory, 0MB of dedicated system memory, and 2048MB of shared system memory, 1 output[s]
[2015.11.06-08.44.01:224][  0]LogD3D11RHI: Found D3D11 adapter 1: Microsoft Basic Render Driver (Feature Level 11_0)
[2015.11.06-08.44.01:224][  0]LogD3D11RHI: Adapter has 0MB of dedicated video memory, 0MB of dedicated system memory, and 256MB of shared system memory, 0 output[s]
[2015.11.06-08.44.01:224][  0]LogD3D11RHI: Chosen D3D11 Adapter Id = 0
[2015.11.06-08.44.01:227][  0]LogD3D11RHI: !Direct3DDevice
[2015.11.06-08.44.01:227][  0]LogRHI: Texture pool is 1361 MB (70% of 1945 MB)
[2015.11.06-08.44.01:236][  0]LogD3D11RHI: Async texture creation enabled
[2015.11.06-08.44.01:251][  0]LogShaderCompilers: Guid format shader working directory is 15 characters bigger than the processId version (../../../../../../Users/Spellabbet/Documents/GitHub/Balls-of-steel/BOS/Intermediate/Shaders/WorkingDirectory/7000/).
[2015.11.06-08.44.01:251][  0]LogShaderCompilers: Cleaned the shader compiler working directory '../../../../../../Users/Spellabbet/Documents/GitHub/Balls-of-steel/BOS/Intermediate/Shaders/tmp/2A95D99541F9A6D3BFEB77858384B2EF/'.
[2015.11.06-08.44.01:251][  0]LogShaderCompilers:Display: Using Local Shader Compiler.
[2015.11.06-08.44.02:172][  0]LogTemp:Display: Loaded TP AllDesktopTargetPlatform
[2015.11.06-08.44.02:176][  0]LogTemp:Display: Loaded TP WindowsClientTargetPlatform
[2015.11.06-08.44.02:180][  0]LogTemp:Display: Loaded TP WindowsNoEditorTargetPlatform
[2015.11.06-08.44.02:185][  0]LogTemp:Display: Loaded TP WindowsServerTargetPlatform
[2015.11.06-08.44.02:188][  0]LogTemp:Display: Loaded TP WindowsTargetPlatform
[2015.11.06-08.44.02:191][  0]LogTemp:Display: Loaded TP AndroidTargetPlatform
[2015.11.06-08.44.02:194][  0]LogTemp:Display: Loaded TP Android_ASTCTargetPlatform
[2015.11.06-08.44.02:196][  0]LogTemp:Display: Loaded TP Android_ATCTargetPlatform
[2015.11.06-08.44.02:199][  0]LogTemp:Display: Loaded TP Android_DXTTargetPlatform
[2015.11.06-08.44.02:201][  0]LogTemp:Display: Loaded TP Android_ETC1TargetPlatform
[2015.11.06-08.44.02:204][  0]LogTemp:Display: Loaded TP Android_ETC2TargetPlatform
[2015.11.06-08.44.02:207][  0]LogTemp:Display: Loaded TP Android_PVRTCTargetPlatform
[2015.11.06-08.44.02:207][  0]LogTemp:Display: Loaded TP HTML5TargetPlatform
[2015.11.06-08.44.02:223][  0]LogTemp:Display: Loaded TP IOSTargetPlatform
[2015.11.06-08.44.02:225][  0]LogTemp:Display: Loaded TP LinuxNoEditorTargetPlatform
[2015.11.06-08.44.02:228][  0]LogTemp:Display: Loaded TP LinuxServerTargetPlatform
[2015.11.06-08.44.02:231][  0]LogTemp:Display: Loaded TP LinuxTargetPlatform
[2015.11.06-08.44.02:231][  0]LogTargetPlatformManager:Display: Building Assets For Windows
[2015.11.06-08.44.02:292][  0]LogDerivedDataCache:Display: Max Cache Size: 512 MB
[2015.11.06-08.44.02:330][  0]LogDerivedDataCache: Loaded boot cache 0.04s 46MB C:/Users/Spellabbet/AppData/Local/UnrealEngine/4.9/DerivedDataCache/Boot.ddc.
[2015.11.06-08.44.02:330][  0]LogDerivedDataCache:Display: Loaded Boot cache: C:/Users/Spellabbet/AppData/Local/UnrealEngine/4.9/DerivedDataCache/Boot.ddc
[2015.11.06-08.44.02:330][  0]LogDerivedDataCache: FDerivedDataBackendGraph:  Pak pak cache file ../../../../../../Users/Spellabbet/Documents/GitHub/Balls-of-steel/BOS/DerivedDataCache/DDC.ddp not found, will not use a pak cache.
[2015.11.06-08.44.02:330][  0]LogDerivedDataCache: Unable to find inner node Pak for hierarchical cache Hierarchy.
[2015.11.06-08.44.02:330][  0]LogDerivedDataCache: FDerivedDataBackendGraph:  CompressedPak pak cache file ../../../../../../Users/Spellabbet/Documents/GitHub/Balls-of-steel/BOS/DerivedDataCache/Compressed.ddp not found, will not use a pak cache.
[2015.11.06-08.44.02:330][  0]LogDerivedDataCache: Unable to find inner node CompressedPak for hierarchical cache Hierarchy.
[2015.11.06-08.44.02:441][  0]LogDerivedDataCache:Display: Pak cache opened for reading ../../../Engine/DerivedDataCache/Compressed.ddp.
[2015.11.06-08.44.02:453][  0]LogDerivedDataCache: Using Local data cache path C:/Users/Spellabbet/AppData/Local/UnrealEngine/Common/DerivedDataCache: Writable
[2015.11.06-08.44.02:590][  0]LogInit: Selected Device Profile: [Windows]
[2015.11.06-08.44.02:592][  0]LogContentStreaming: Texture pool size is 0.000000MB
[2015.11.06-08.44.02:690][  0]LogMeshUtilities: No automatic mesh reduction module available
[2015.11.06-08.44.02:690][  0]LogMeshUtilities: No automatic mesh merging module available
[2015.11.06-08.44.02:868][  0]LogInit: WinSock: version 1.1 (2.2), MaxSocks=32767, MaxUdp=65467
[2015.11.06-08.44.03:442][  0]UdpMessaging: Initializing bridge on interface 0.0.0.0:0 to multicast group 230.0.0.1:6666.
[2015.11.06-08.44.03:505][  0]LogLinker:Warning: Asset '../../../../../../Users/Spellabbet/Documents/GitHub/Balls-of-steel/BOS/Content/Rolling/Meshes/BallMesh.uasset' has been saved with empty engine version. The asset will be loaded but may be incompatible.
[2015.11.06-08.44.03:506][  0]LogLinker:Warning: Asset '../../../../../../Users/Spellabbet/Documents/GitHub/Balls-of-steel/BOS/Content/Rolling/Materials/M_Blue_Checker.uasset' has been saved with empty engine version. The asset will be loaded but may be incompatible.
[2015.11.06-08.44.03:506][  0]LogLinker:Warning: Asset '../../../../../../Users/Spellabbet/Documents/GitHub/Balls-of-steel/BOS/Content/Rolling/Materials/PM_Ball.uasset' has been saved with empty engine version. The asset will be loaded but may be incompatible.
[2015.11.06-08.44.03:629][  0]LogAssetRegistry: FAssetRegistry took 0.0109 seconds to start up
[2015.11.06-08.44.03:773][  0]SourceControl: Info Source control is disabled
[2015.11.06-08.44.03:780][  0]SourceControl: Info Source control is disabled
[2015.11.06-08.44.03:788][  0]SourceControl: Info Source control is disabled
[2015.11.06-08.44.03:797][  0]SourceControl: Info Source control is disabled
[2015.11.06-08.44.03:905][  0]LogLinker:Warning: Asset '../../../Engine/Plugins/Runtime/LeapMotionController/Content/LM_PassthroughMaterial.uasset' has been saved with empty engine version. The asset will be loaded but may be incompatible.
[2015.11.06-08.44.03:962][  0]LogObj: 29664 objects as part of root set at end of initial load.
[2015.11.06-08.44.03:962][  0]LogUObjectAllocator: 6510888 out of 0 bytes used by permanent object pool.
[2015.11.06-08.44.04:008][  0]LogEngine: Initializing Engine...
[2015.11.06-08.44.04:010][  0]LogHMD: Can't find Oculus library dev build: is proper Runtime installed? Version: 0.7.0.0
[2015.11.06-08.44.04:010][  0]LogHMD: SteamVR failed to initialize.  Err: 110
[2015.11.06-08.44.04:113][  0]LogAIModule: Creating AISystem for world NewWorld
[2015.11.06-08.44.04:117][  0]LogInit: XAudio2 using 'Speakers (4- High Definition Audio Device)' : 2 channels at 44.1 kHz using 16 bits per sample (channel mask 0x3)
[2015.11.06-08.44.04:128][  0]LogInit: FAudioDevice initialized.
[2015.11.06-08.44.04:148][  0]LogDerivedDataCache: Saved boot cache 0.02s 46MB C:/Users/Spellabbet/AppData/Local/UnrealEngine/4.9/DerivedDataCache/Boot.ddc.
[2015.11.06-08.44.04:152][  0]LogInit: Texture streaming: Enabled
[2015.11.06-08.44.04:156][  0]LogAnalytics: Creating configured Analytics provider AnalyticsET
[2015.11.06-08.44.04:156][  0]LogAnalytics: [UEEditor.Rocket.Release] APIServer = http://et2.epicgames.com/ET2/. AppVersion = 4.9.2-2707645+++depot+UE4-Releases+4.9
[2015.11.06-08.44.04:156][  0]LogAnalytics: [UEEditor.Rocket.Release] SetUserId 45933c9447afbf6f1ab999917f6accd0|8471e16762be488588a110ad13c08bd6|060e5e79-a789-49c4-8abd-5d8b330400a7
[2015.11.06-08.44.04:156][  0]LogAnalytics: [UEEditor.Rocket.Release] AnalyticsET::StartSession
[2015.11.06-08.44.04:174][  0]LogInit: Transaction tracking system initialized
[2015.11.06-08.44.04:196][  0]BlueprintLog: New page: Editor Load
[2015.11.06-08.44.04:258][  0]LocalizationService: Info Localization service is disabled
[2015.11.06-08.44.04:324][  0]LogConsoleResponse:Display: 
[2015.11.06-08.44.04:433][  0]LogCook:Display: Done creating registry. It took  0.00s.
[2015.11.06-08.44.04:486][  0]LogFileCache: Scanning file cache for directory 'C:/Users/Spellabbet/Documents/GitHub/Balls-of-steel/BOS/Content/' took 0.01s
[2015.11.06-08.44.04:486][  0]SourceControl: Info Source control is disabled
[2015.11.06-08.44.04:486][  0]Cmd: MAP LOAD FILE="../../../../../../Users/Spellabbet/Documents/GitHub/Balls-of-steel/BOS/Content/RollingCPP/Maps/MainMenu.umap" TEMPLATE=0 SHOWPROGRESS=1 FEATURELEVEL=3
[2015.11.06-08.44.04:487][  0]LightingResults: New page: Lighting Build
[2015.11.06-08.44.04:491][  0]MapCheck: New page: Map Check
[2015.11.06-08.44.04:491][  0]LightingResults: New page: Lighting Build
[2015.11.06-08.44.04:503][  0]LogParticles: Destroying 0 GPU particle simulations for FXSystem 0x000000F39D1DC400
[2015.11.06-08.44.04:632][  0]LogAIModule: Creating AISystem for world MainMenu
[2015.11.06-08.44.04:640][  0]LogEditorServer: Finished looking for orphan Actors (0.000 secs)
[2015.11.06-08.44.04:641][  0]Cmd: MAP CHECKDEP NOCLEARLOG
[2015.11.06-08.44.04:676][  0]MapCheck: Info Map check complete: 0 Error(s), 0 Warning(s), took 35.58ms to complete.
[2015.11.06-08.44.04:676][  0]LogFileHelpers: Loading map 'MainMenu' took 0.190
[2015.11.06-08.44.04:761][  0]LogCollectionManager: Loaded 0 collections in 0.001607 seconds
[2015.11.06-08.44.04:806][  0]LogFileCache: Scanning file cache for directory 'C:/Users/Spellabbet/Documents/GitHub/Balls-of-steel/BOS/Saved/Collections/' took 0.01s
[2015.11.06-08.44.04:806][  0]LogFileCache: Scanning file cache for directory 'C:/Users/Spellabbet/Documents/GitHub/Balls-of-steel/BOS/Content/Developers/Spellabbet/Collections/' took 0.01s
[2015.11.06-08.44.04:806][  0]LogFileCache: Scanning file cache for directory 'C:/Users/Spellabbet/Documents/GitHub/Balls-of-steel/BOS/Content/Collections/' took 0.01s
[2015.11.06-08.44.04:807][  0]LogContentBrowser: Native class hierarchy populated in 0.0113 seconds. Added 1875 classes and 335 folders.
[2015.11.06-08.44.04:812][  0]LogCollectionManager: Rebuilt the GUID cache for 0 collections in 0.000003 seconds
[2015.11.06-08.44.04:819][  0]LogContentBrowser: Native class hierarchy updated for 'WidgetCarousel' in 0.0009 seconds. Added 0 classes and 0 folders.
[2015.11.06-08.44.04:857][  0]LogContentBrowser: Native class hierarchy updated for 'AddContentDialog' in 0.0009 seconds. Added 0 classes and 0 folders.
[2015.11.06-08.44.04:864][  0]LogContentBrowser: Native class hierarchy updated for 'SceneOutliner' in 0.0009 seconds. Added 1 classes and 2 folders.
[2015.11.06-08.44.04:912][  0]LogCrashTracker: Crashtracker disabled due to settings.
[2015.11.06-08.44.04:917][  0]LogUObjectGlobals:Warning: Failed to find object 'Class None.'
[2015.11.06-08.44.04:940][  0]LogLoad: Full Startup: 5.05 seconds (BP compile: 0.05 seconds)
[2015.11.06-08.44.04:984][  0]LogContentStreaming: Texture pool size now 1000 MB
[2015.11.06-08.44.05:096][  0]LogRenderer: Reallocating scene render targets to support 1208x556 (Frame:2).
[2015.11.06-08.44.05:222][  2]LogAssetRegistry: Asset discovery search completed in 1.6034 seconds
[2015.11.06-08.44.05:222][  2]LogCollectionManager: Rebuilt the object cache for 0 collections in 0.000002 seconds (found 0 objects)
[2015.11.06-08.44.05:222][  2]LogCollectionManager: Fixed up redirectors for 0 collections in 0.000046 seconds (updated 0 objects)
[2015.11.06-08.44.37:384][368]Recompiling BOS...
[2015.11.06-08.44.37:384][368]Launching UnrealBuildTool... [C:/Program Files/Epic Games/4.9/Engine/Binaries/DotNET/UnrealBuildTool.exe BOS -ModuleWithSuffix BOS 8184 Win64 Development -editorrecompile -canskiplink "C:/Users/Spellabbet/Documents/GitHub/Balls-of-steel/BOS/BOS.uproject" -rocket  -rocket]
[2015.11.06-08.44.37:385][368]Warning: Starting HotReload took  0.0s.
[2015.11.06-08.45.02:314][360]CompilerResultsLog: New page: Compilation - Nov 6, 2015, 10:45:02 AM
[2015.11.06-08.45.02:314][360]CompilerResultsLog: Info Compiling game modules for hot reload
[2015.11.06-08.45.02:314][360]CompilerResultsLog: Info Performing 2 actions (4 in parallel)
[2015.11.06-08.45.02:314][360]CompilerResultsLog: Info BOSBall.cpp
[2015.11.06-08.45.02:314][360]CompilerResultsLog: Info [2/2] Link UE4Editor-BOS-8184.dll
[2015.11.06-08.45.02:314][360]CompilerResultsLog: Info    Creating library C:\Users\Spellabbet\Documents\GitHub\Balls-of-steel\BOS\Intermediate/Build/Win64\UE4Editor\Development\UE4Editor-BOS-8184.lib and object C:\Users\Spellabbet\Documents\GitHub\Balls-of-steel\BOS\Intermediate/Build/Win64\UE4Editor\Development\UE4Editor-BOS-8184.exp
[2015.11.06-08.45.02:314][360]CompilerResultsLog: Info -------- End Detailed Actions Stats -----------------------------------------------------------
[2015.11.06-08.45.02:314][360]CompilerResultsLog: Info Total build time: 24,70 seconds
[2015.11.06-08.45.02:314][360]LogMainFrame: MainFrame: Module compiling took 24.933 seconds
[2015.11.06-08.45.02:599][360]LogContentBrowser: Native class hierarchy updated for 'BOS' in 0.0011 seconds. Added 8 classes and 2 folders.
[2015.11.06-08.45.02:600][360]Warning: HotReload successful (10 functions remapped  0 scriptstructs remapped)
[2015.11.06-08.45.02:656][360]LogContentBrowser: Native class hierarchy populated in 0.0073 seconds. Added 1876 classes and 337 folders.
[2015.11.06-08.45.06:013][565]LogBlueprintUserMessages: Early PlayInEditor Detection: Level '/Game/RollingCPP/Maps/MainMenu.MainMenu:PersistentLevel' has LevelScriptBlueprint '/Game/RollingCPP/Maps/MainMenu.MainMenu:PersistentLevel.MainMenu' with GeneratedClass '/Game/RollingCPP/Maps/MainMenu.MainMenu_C' with ClassGeneratedBy '/Game/RollingCPP/Maps/MainMenu.MainMenu:PersistentLevel.MainMenu'
[2015.11.06-08.45.06:013][565]LogPlayLevel: PlayLevel: No blueprints needed recompiling
[2015.11.06-08.45.06:014][565]PIE: New page: PIE session: MainMenu (Nov 6, 2015, 10:45:06 AM)
[2015.11.06-08.45.06:014][565]LogPlayLevel: Creating play world package: /Game/RollingCPP/Maps/UEDPIE_1_MainMenu
[2015.11.06-08.45.06:017][565]LogPlayLevel: PIE: StaticDuplicateObject took: (0.002959s)
[2015.11.06-08.45.06:018][565]LogAIModule: Creating AISystem for world MainMenu
[2015.11.06-08.45.06:018][565]LogPlayLevel: PIE: World Init took: (0.000498s)
[2015.11.06-08.45.06:018][565]LogPlayLevel: PIE: Created PIE world by copying editor world from /Game/RollingCPP/Maps/MainMenu.MainMenu to /Game/RollingCPP/Maps/UEDPIE_1_MainMenu.MainMenu (0.003648s)
[2015.11.06-08.45.06:035][565]LogInit: XAudio2 using 'Speakers (4- High Definition Audio Device)' : 2 channels at 44.1 kHz using 16 bits per sample (channel mask 0x3)
[2015.11.06-08.45.06:040][565]LogInit: FAudioDevice initialized.
[2015.11.06-08.45.06:087][565]LogWorld: Game class is 'GameMode'
[2015.11.06-08.45.06:094][565]LogWorld: Bringing World /Game/RollingCPP/Maps/UEDPIE_1_MainMenu.MainMenu up for play (max tick rate 0) at 2015.11.06-09.45.06
[2015.11.06-08.45.06:094][565]LogActor:Warning: GameSession /Game/RollingCPP/Maps/UEDPIE_1_MainMenu.MainMenu:PersistentLevel.GameSession_0 has natively added scene component(s), but none of them were set as the actor's RootComponent - picking one arbitrarily
[2015.11.06-08.45.06:094][565]LogActor:Warning: GameNetworkManager /Game/RollingCPP/Maps/UEDPIE_1_MainMenu.MainMenu:PersistentLevel.GameNetworkManager_0 has natively added scene component(s), but none of them were set as the actor's RootComponent - picking one arbitrarily
[2015.11.06-08.45.06:095][565]LogWorld: Bringing up level for play took: 0.006476
[2015.11.06-08.45.06:096][565]LogInit: WinSock: Socket queue 131072 / 131072
[2015.11.06-08.45.06:097][565]LogInit: WinSock: I am SpellabbA332-06 (192.168.20.17:0)
[2015.11.06-08.45.06:097][565]LogNet: GameNetDriver IpNetDriver_0 IpNetDriver listening on port 7777
[2015.11.06-08.45.06:115][565]PIE: Info Play in editor start time for /Game/RollingCPP/Maps/UEDPIE_1_MainMenu 0.132
[2015.11.06-08.45.06:116][565]PIE: New page: PIE session: MainMenu (Nov 6, 2015, 10:45:06 AM)
[2015.11.06-08.45.06:150][565]LogNet: Browse: 127.0.0.1//Game/RollingCPP/Maps/MainMenu
[2015.11.06-08.45.06:150][565]LogInit: WinSock: Socket queue 32768 / 32768
[2015.11.06-08.45.06:151][565]LogNet: Game client on port 7777, rate 10000
[2015.11.06-08.45.06:151][565]LogNet: GetLocalNetworkVersion: GEngineNetVersion: 2707645, ProjectName: bos, ProjectVersion: 1.0.0.0, InternalProtocolVersion: 9, LocalNetworkVersion: 1605316083
[2015.11.06-08.45.06:163][565]PIE: Info Play in editor start time for /Game/RollingCPP/Maps/MainMenu 0.18
[2015.11.06-08.45.06:164][565]PIE: New page: PIE session: MainMenu (Nov 6, 2015, 10:45:06 AM)
[2015.11.06-08.45.06:198][565]LogNet: Browse: 127.0.0.1//Game/RollingCPP/Maps/MainMenu
[2015.11.06-08.45.06:199][565]LogInit: WinSock: Socket queue 32768 / 32768
[2015.11.06-08.45.06:199][565]LogNet: Game client on port 7777, rate 10000
[2015.11.06-08.45.06:199][565]LogNet: GetLocalNetworkVersion: GEngineNetVersion: 2707645, ProjectName: bos, ProjectVersion: 1.0.0.0, InternalProtocolVersion: 9, LocalNetworkVersion: 1605316083
[2015.11.06-08.45.06:216][565]PIE: Info Play in editor start time for /Game/RollingCPP/Maps/MainMenu 0.233
[2015.11.06-08.45.06:218][565]PIE: New page: PIE session: MainMenu (Nov 6, 2015, 10:45:06 AM)
[2015.11.06-08.45.06:253][565]LogNet: Browse: 127.0.0.1//Game/RollingCPP/Maps/MainMenu
[2015.11.06-08.45.06:254][565]LogInit: WinSock: Socket queue 32768 / 32768
[2015.11.06-08.45.06:254][565]LogNet: Game client on port 7777, rate 10000
[2015.11.06-08.45.06:254][565]LogNet: GetLocalNetworkVersion: GEngineNetVersion: 2707645, ProjectName: bos, ProjectVersion: 1.0.0.0, InternalProtocolVersion: 9, LocalNetworkVersion: 1605316083
[2015.11.06-08.45.06:272][565]PIE: Info Play in editor start time for /Game/RollingCPP/Maps/MainMenu 0.289
[2015.11.06-08.45.06:273][565]LogBlueprintUserMessages: Late PlayInEditor Detection: Level '/Game/RollingCPP/Maps/MainMenu.MainMenu:PersistentLevel' has LevelScriptBlueprint '/Game/RollingCPP/Maps/MainMenu.MainMenu:PersistentLevel.MainMenu' with GeneratedClass '/Game/RollingCPP/Maps/MainMenu.MainMenu_C' with ClassGeneratedBy '/Game/RollingCPP/Maps/MainMenu.MainMenu:PersistentLevel.MainMenu'
[2015.11.06-08.45.06:273][565]LogNet: NotifyAcceptingConnection: Server MainMenu accept
[2015.11.06-08.45.06:273][565]LogNet: Open MainMenu 11/06/15 09:45:06 127.0.0.1
[2015.11.06-08.45.06:273][565]LogNet: Added client connection.  Remote address = 127.0.0.1:60459
[2015.11.06-08.45.06:273][565]LogNet: NotifyAcceptingChannel Control 0 server World /Game/RollingCPP/Maps/UEDPIE_1_MainMenu.MainMenu: Accepted
[2015.11.06-08.45.06:273][565]LogNet: Remote platform little endian=1
[2015.11.06-08.45.06:273][565]LogNet: This platform little endian=1
[2015.11.06-08.45.06:273][565]LogNet: GetLocalNetworkVersion: GEngineNetVersion: 2707645, ProjectName: bos, ProjectVersion: 1.0.0.0, InternalProtocolVersion: 9, LocalNetworkVersion: 1605316083
[2015.11.06-08.45.06:273][565]LogNet: NotifyAcceptingConnection: Server MainMenu accept
[2015.11.06-08.45.06:273][565]LogNet: Open MainMenu 11/06/15 09:45:06 127.0.0.1
[2015.11.06-08.45.06:273][565]LogNet: Added client connection.  Remote address = 127.0.0.1:60460
[2015.11.06-08.45.06:273][565]LogNet: NotifyAcceptingChannel Control 0 server World /Game/RollingCPP/Maps/UEDPIE_1_MainMenu.MainMenu: Accepted
[2015.11.06-08.45.06:273][565]LogNet: Remote platform little endian=1
[2015.11.06-08.45.06:273][565]LogNet: This platform little endian=1
[2015.11.06-08.45.06:273][565]LogNet: GetLocalNetworkVersion: GEngineNetVersion: 2707645, ProjectName: bos, ProjectVersion: 1.0.0.0, InternalProtocolVersion: 9, LocalNetworkVersion: 1605316083
[2015.11.06-08.45.06:273][565]LogNet: NotifyAcceptingConnection: Server MainMenu accept
[2015.11.06-08.45.06:273][565]LogNet: Open MainMenu 11/06/15 09:45:06 127.0.0.1
[2015.11.06-08.45.06:273][565]LogNet: Added client connection.  Remote address = 127.0.0.1:60461
[2015.11.06-08.45.06:273][565]LogNet: NotifyAcceptingChannel Control 0 server World /Game/RollingCPP/Maps/UEDPIE_1_MainMenu.MainMenu: Accepted
[2015.11.06-08.45.06:273][565]LogNet: Remote platform little endian=1
[2015.11.06-08.45.06:273][565]LogNet: This platform little endian=1
[2015.11.06-08.45.06:273][565]LogNet: GetLocalNetworkVersion: GEngineNetVersion: 2707645, ProjectName: bos, ProjectVersion: 1.0.0.0, InternalProtocolVersion: 9, LocalNetworkVersion: 1605316083
[2015.11.06-08.45.06:292][566]LogNet: Login request: /Game/RollingCPP/Maps/MainMenu userId: Invalid
[2015.11.06-08.45.06:293][566]LogNet: Login request: /Game/RollingCPP/Maps/MainMenu userId: Invalid
[2015.11.06-08.45.06:293][566]LogNet: Login request: /Game/RollingCPP/Maps/MainMenu userId: Invalid
[2015.11.06-08.45.06:294][566]LogNet: Welcomed by server (Level: /Game/RollingCPP/Maps/UEDPIE_1_MainMenu, Game: /Script/Engine.GameMode)
[2015.11.06-08.45.06:359][566]LogLoad: LoadMap: 127.0.0.1//Game/RollingCPP/Maps/UEDPIE_1_MainMenu?game=/Script/Engine.GameMode
[2015.11.06-08.45.06:369][566]LogParticles: Destroying 0 GPU particle simulations for FXSystem 0x000000F3BA1D7F60
[2015.11.06-08.45.06:371][566]Cmd: MEM
[2015.11.06-08.45.06:379][566]LogMemory: Platform Memory Stats for Windows
[2015.11.06-08.45.06:379][566]LogMemory: Process Physical Memory: 578.57 MB used, 597.22 MB peak
[2015.11.06-08.45.06:379][566]LogMemory: Process Virtual Memory: 1232.06 MB used, 1232.55 MB peak
[2015.11.06-08.45.06:379][566]LogMemory: Physical Memory: 6543.94 MB used, 16318.82 MB total
[2015.11.06-08.45.06:379][566]LogMemory: Virtual Memory: 1895.02 MB used, 134217728.00 MB total
[2015.11.06-08.45.06:379][566]LogMemory: 
[2015.11.06-08.45.06:379][566]Allocator Stats for TBB: (not implemented)
[2015.11.06-08.45.06:380][566]LogLinker: Can't find file for asset '/Game/RollingCPP/Maps/UEDPIE_1_MainMenu' while loading NULL.
[2015.11.06-08.45.06:383][566]LogWorld: PIE: Copying PIE streaming level from /Game/RollingCPP/Maps/MainMenu.MainMenu to /Game/RollingCPP/Maps/UEDPIE_2_MainMenu.MainMenu. OwningWorld: None
[2015.11.06-08.45.06:383][566]LogAIModule: Creating AISystem for world MainMenu
[2015.11.06-08.45.06:388][566]LogWorld: Bringing World /Game/RollingCPP/Maps/UEDPIE_2_MainMenu.MainMenu up for play (max tick rate 0) at 2015.11.06-09.45.06
[2015.11.06-08.45.06:389][566]LogWorld: Bringing up level for play took: 0.004701
[2015.11.06-08.45.06:389][566]LogNet: Welcomed by server (Level: /Game/RollingCPP/Maps/UEDPIE_1_MainMenu, Game: /Script/Engine.GameMode)
[2015.11.06-08.45.06:389][566]LogLoad: LoadMap: 127.0.0.1//Game/RollingCPP/Maps/UEDPIE_1_MainMenu?game=/Script/Engine.GameMode
[2015.11.06-08.45.06:400][566]LogParticles: Destroying 0 GPU particle simulations for FXSystem 0x000000F3BA1D6C00
[2015.11.06-08.45.06:402][566]Cmd: MEM
[2015.11.06-08.45.06:413][566]LogMemory: Platform Memory Stats for Windows
[2015.11.06-08.45.06:413][566]LogMemory: Process Physical Memory: 578.39 MB used, 597.22 MB peak
[2015.11.06-08.45.06:413][566]LogMemory: Process Virtual Memory: 1287.92 MB used, 1287.92 MB peak
[2015.11.06-08.45.06:413][566]LogMemory: Physical Memory: 6544.11 MB used, 16318.82 MB total
[2015.11.06-08.45.06:413][566]LogMemory: Virtual Memory: 1951.02 MB used, 134217728.00 MB total
[2015.11.06-08.45.06:413][566]LogMemory: 
[2015.11.06-08.45.06:413][566]Allocator Stats for TBB: (not implemented)
[2015.11.06-08.45.06:413][566]LogLinker: Can't find file for asset '/Game/RollingCPP/Maps/UEDPIE_1_MainMenu' while loading NULL.
[2015.11.06-08.45.06:416][566]LogWorld: PIE: Copying PIE streaming level from /Game/RollingCPP/Maps/MainMenu.MainMenu to /Game/RollingCPP/Maps/UEDPIE_3_MainMenu.MainMenu. OwningWorld: None
[2015.11.06-08.45.06:417][566]LogAIModule: Creating AISystem for world MainMenu
[2015.11.06-08.45.06:422][566]LogWorld: Bringing World /Game/RollingCPP/Maps/UEDPIE_3_MainMenu.MainMenu up for play (max tick rate 0) at 2015.11.06-09.45.06
[2015.11.06-08.45.06:422][566]LogWorld: Bringing up level for play took: 0.004820
[2015.11.06-08.45.06:423][566]LogNet: Welcomed by server (Level: /Game/RollingCPP/Maps/UEDPIE_1_MainMenu, Game: /Script/Engine.GameMode)
[2015.11.06-08.45.06:423][566]LogLoad: LoadMap: 127.0.0.1//Game/RollingCPP/Maps/UEDPIE_1_MainMenu?game=/Script/Engine.GameMode
[2015.11.06-08.45.06:433][566]LogParticles: Destroying 0 GPU particle simulations for FXSystem 0x000000F38FA90B80
[2015.11.06-08.45.06:435][566]Cmd: MEM
[2015.11.06-08.45.06:446][566]LogMemory: Platform Memory Stats for Windows
[2015.11.06-08.45.06:446][566]LogMemory: Process Physical Memory: 578.39 MB used, 597.22 MB peak
[2015.11.06-08.45.06:446][566]LogMemory: Process Virtual Memory: 1344.03 MB used, 1344.03 MB peak
[2015.11.06-08.45.06:446][566]LogMemory: Physical Memory: 6541.68 MB used, 16318.82 MB total
[2015.11.06-08.45.06:446][566]LogMemory: Virtual Memory: 2007.02 MB used, 134217728.00 MB total
[2015.11.06-08.45.06:446][566]LogMemory: 
[2015.11.06-08.45.06:446][566]Allocator Stats for TBB: (not implemented)
[2015.11.06-08.45.06:446][566]LogLinker: Can't find file for asset '/Game/RollingCPP/Maps/UEDPIE_1_MainMenu' while loading NULL.
[2015.11.06-08.45.06:450][566]LogWorld: PIE: Copying PIE streaming level from /Game/RollingCPP/Maps/MainMenu.MainMenu to /Game/RollingCPP/Maps/UEDPIE_4_MainMenu.MainMenu. OwningWorld: None
[2015.11.06-08.45.06:451][566]LogAIModule: Creating AISystem for world MainMenu
[2015.11.06-08.45.06:456][566]LogWorld: Bringing World /Game/RollingCPP/Maps/UEDPIE_4_MainMenu.MainMenu up for play (max tick rate 0) at 2015.11.06-09.45.06
[2015.11.06-08.45.06:456][566]LogWorld: Bringing up level for play took: 0.004640
[2015.11.06-08.45.06:468][567]LogNet: Client netspeed is 10000
[2015.11.06-08.45.06:468][567]LogNet: Join request: /Game/RollingCPP/Maps/MainMenu?SplitscreenCount=1
[2015.11.06-08.45.06:470][567]LogNet: Join succeeded: 257
[2015.11.06-08.45.06:470][567]LogNet: Client netspeed is 10000
[2015.11.06-08.45.06:470][567]LogNet: Join request: /Game/RollingCPP/Maps/MainMenu?SplitscreenCount=1
[2015.11.06-08.45.06:471][567]LogNet: Join succeeded: 258
[2015.11.06-08.45.06:471][567]LogNet: Client netspeed is 10000
[2015.11.06-08.45.06:471][567]LogNet: Join request: /Game/RollingCPP/Maps/MainMenu?SplitscreenCount=1
[2015.11.06-08.45.06:472][567]LogNet: Join succeeded: 259
[2015.11.06-08.45.11:621][965]LogPackageName: SearchForPackageOnDisk took   0.039s to resolve Map1.umap.
[2015.11.06-08.45.11:658][965]LogPackageName: SearchForPackageOnDisk took   0.037s to resolve Map1.umap.
[2015.11.06-08.45.11:658][965]LogNet: Browse: /Game/RollingCPP/Maps/Map1?listen
[2015.11.06-08.45.11:658][965]LogLoad: LoadMap: /Game/RollingCPP/Maps/Map1?listen
[2015.11.06-08.45.11:658][965]LogNet: World NetDriver shutdown IpNetDriver_0 [GameNetDriver]
[2015.11.06-08.45.11:658][965]LogNet: DestroyNamedNetDriver IpNetDriver_0 [GameNetDriver]
[2015.11.06-08.45.11:659][965]LogNet: UNetConnection::Cleanup: Closing open connection. Name: IpConnection_4, RemoteAddr: 127.0.0.1:60460 Driver: GameNetDriver, PC: PlayerController_5, Owner: PlayerController_5
[2015.11.06-08.45.11:659][965]LogNet: UNetConnection::Close: Name: IpConnection_4, Driver: GameNetDriver IpNetDriver_0, PC: PlayerController_5, Owner: PlayerController_5, Channels: 15, RemoteAddr: 127.0.0.1:60460, Time: 2015.11.06-08.45.11
[2015.11.06-08.45.11:659][965]LogNet: UChannel::Close: Sending CloseBunch. ChIndex == 0. Name: ControlChannel_4
[2015.11.06-08.45.11:659][965]LogNet: UNetConnection::Cleanup: Closing open connection. Name: IpConnection_3, RemoteAddr: 127.0.0.1:60459 Driver: GameNetDriver, PC: PlayerController_4, Owner: PlayerController_4
[2015.11.06-08.45.11:659][965]LogNet: UNetConnection::Close: Name: IpConnection_3, Driver: GameNetDriver IpNetDriver_0, PC: PlayerController_4, Owner: PlayerController_4, Channels: 15, RemoteAddr: 127.0.0.1:60459, Time: 2015.11.06-08.45.11
[2015.11.06-08.45.11:659][965]LogNet: UChannel::Close: Sending CloseBunch. ChIndex == 0. Name: ControlChannel_3
[2015.11.06-08.45.11:660][965]LogNet: UNetConnection::Cleanup: Closing open connection. Name: IpConnection_5, RemoteAddr: 127.0.0.1:60461 Driver: GameNetDriver, PC: PlayerController_6, Owner: PlayerController_6
[2015.11.06-08.45.11:660][965]LogNet: UNetConnection::Close: Name: IpConnection_5, Driver: GameNetDriver IpNetDriver_0, PC: PlayerController_6, Owner: PlayerController_6, Channels: 15, RemoteAddr: 127.0.0.1:60461, Time: 2015.11.06-08.45.11
[2015.11.06-08.45.11:660][965]LogNet: UChannel::Close: Sending CloseBunch. ChIndex == 0. Name: ControlChannel_5
[2015.11.06-08.45.11:660][965]LogExit: GameNetDriver IpNetDriver_0 shut down
[2015.11.06-08.45.11:672][965]LogParticles: Destroying 0 GPU particle simulations for FXSystem 0x000000F3B9FE4360
[2015.11.06-08.45.11:674][965]Cmd: MEM
[2015.11.06-08.45.11:682][965]LogMemory: Platform Memory Stats for Windows
[2015.11.06-08.45.11:682][965]LogMemory: Process Physical Memory: 589.80 MB used, 597.22 MB peak
[2015.11.06-08.45.11:682][965]LogMemory: Process Virtual Memory: 1301.57 MB used, 1400.26 MB peak
[2015.11.06-08.45.11:683][965]LogMemory: Physical Memory: 6001.73 MB used, 16318.82 MB total
[2015.11.06-08.45.11:683][965]LogMemory: Virtual Memory: 1946.73 MB used, 134217728.00 MB total
[2015.11.06-08.45.11:683][965]LogMemory: 
[2015.11.06-08.45.11:683][965]Allocator Stats for TBB: (not implemented)
[2015.11.06-08.45.12:141][965]LogAIModule: Creating AISystem for world Map1
[2015.11.06-08.45.12:141][965]LogWorld: Game class is 'BOSGameMode'
[2015.11.06-08.45.12:141][965]LogInit: WinSock: Socket queue 131072 / 131072
[2015.11.06-08.45.12:141][965]LogNet: GameNetDriver IpNetDriver_4 IpNetDriver listening on port 7777
[2015.11.06-08.45.12:150][965]LogPhysics:Warning: MoveFixedBody: Trying to move component'/Game/RollingCPP/Maps/UEDPIE_1_Map1.Map1:PersistentLevel.EditorCube14_113.StaticMeshComponent0' with a non-Movable Mobility.
[2015.11.06-08.45.12:151][965]LogPhysics:Warning: MoveFixedBody: Trying to move component'/Game/RollingCPP/Maps/UEDPIE_1_Map1.Map1:PersistentLevel.EditorCube18_116.StaticMeshComponent0' with a non-Movable Mobility.
[2015.11.06-08.45.12:151][965]LogPhysics:Warning: MoveFixedBody: Trying to move component'/Game/RollingCPP/Maps/UEDPIE_1_Map1.Map1:PersistentLevel.EditorCube22_120.StaticMeshComponent0' with a non-Movable Mobility.
[2015.11.06-08.45.12:151][965]LogPhysics:Warning: MoveFixedBody: Trying to move component'/Game/RollingCPP/Maps/UEDPIE_1_Map1.Map1:PersistentLevel.EditorCube23_121.StaticMeshComponent0' with a non-Movable Mobility.
[2015.11.06-08.45.12:151][965]LogPhysics:Warning: MoveFixedBody: Trying to move component'/Game/RollingCPP/Maps/UEDPIE_1_Map1.Map1:PersistentLevel.EditorCube31_130.StaticMeshComponent0' with a non-Movable Mobility.
[2015.11.06-08.45.12:151][965]LogPhysics:Warning: MoveFixedBody: Trying to move component'/Game/RollingCPP/Maps/UEDPIE_1_Map1.Map1:PersistentLevel.EditorCube35_134.StaticMeshComponent0' with a non-Movable Mobility.
[2015.11.06-08.45.12:151][965]LogPhysics:Warning: MoveFixedBody: Trying to move component'/Game/RollingCPP/Maps/UEDPIE_1_Map1.Map1:PersistentLevel.EditorCube36_135.StaticMeshComponent0' with a non-Movable Mobility.
[2015.11.06-08.45.12:151][965]LogWorld: Bringing World /Game/RollingCPP/Maps/UEDPIE_1_Map1.Map1 up for play (max tick rate 0) at 2015.11.06-09.45.12
[2015.11.06-08.45.12:151][965]LogActor:Warning: GameSession /Game/RollingCPP/Maps/UEDPIE_1_Map1.Map1:PersistentLevel.GameSession_1 has natively added scene component(s), but none of them were set as the actor's RootComponent - picking one arbitrarily
[2015.11.06-08.45.12:151][965]LogActor:Warning: GameNetworkManager /Game/RollingCPP/Maps/UEDPIE_1_Map1.Map1:PersistentLevel.GameNetworkManager_1 has natively added scene component(s), but none of them were set as the actor's RootComponent - picking one arbitrarily
[2015.11.06-08.45.12:151][965]LogWorld: Bringing up level for play took: 0.009329
[2015.11.06-08.45.12:154][965]LogNet:Warning: Network Failure: GameNetDriver[FailureReceived]: Host closed the connection.
[2015.11.06-08.45.12:154][965]LogNet:Warning: Network Failure: GameNetDriver[FailureReceived]: Host closed the connection.
[2015.11.06-08.45.12:154][965]LogNet:Warning: Network Failure: GameNetDriver[FailureReceived]: Host closed the connection.
[2015.11.06-08.45.12:154][965]LogNet:Warning: Network Failure: GameNetDriver[FailureReceived]: Host closed the connection.
[2015.11.06-08.45.12:154][965]LogNet: NetworkFailure: FailureReceived, Error: 'Host closed the connection.'
[2015.11.06-08.45.12:154][965]LogNet: UNetConnection::Close: Name: IpConnection_0, Driver: GameNetDriver IpNetDriver_1, PC: PlayerController_7, Owner: PlayerController_7, Channels: 15, RemoteAddr: 127.0.0.1:7777, Time: 2015.11.06-08.45.12
[2015.11.06-08.45.12:154][965]LogNet: UChannel::Close: Sending CloseBunch. ChIndex == 0. Name: ControlChannel_0
[2015.11.06-08.45.12:154][965]LogNet:Warning: Network Failure: GameNetDriver[ConnectionLost]: Your connection to the host has been lost.
[2015.11.06-08.45.12:154][965]LogNet:Warning: Network Failure: GameNetDriver[ConnectionLost]: Your connection to the host has been lost.
[2015.11.06-08.45.12:154][965]LogNet:Warning: Network Failure: GameNetDriver[ConnectionLost]: Your connection to the host has been lost.
[2015.11.06-08.45.12:154][965]LogNet:Warning: Network Failure: GameNetDriver[ConnectionLost]: Your connection to the host has been lost.
[2015.11.06-08.45.12:154][965]LogNet: NetworkFailure: ConnectionLost, Error: 'Your connection to the host has been lost.'
[2015.11.06-08.45.12:154][965]LogNet:Warning: FObjectReplicator::UpdateUnmappedObjects: Connection->State == USOCK_Closed
[2015.11.06-08.45.12:154][965]LogNet:Warning: FObjectReplicator::UpdateUnmappedObjects: Connection->State == USOCK_Closed
[2015.11.06-08.45.12:154][965]LogNet:Warning: FObjectReplicator::UpdateUnmappedObjects: Connection->State == USOCK_Closed
[2015.11.06-08.45.12:154][965]LogNet:Warning: FObjectReplicator::UpdateUnmappedObjects: Connection->State == USOCK_Closed
[2015.11.06-08.45.12:154][965]LogNet:Warning: FObjectReplicator::UpdateUnmappedObjects: Connection->State == USOCK_Closed
[2015.11.06-08.45.12:155][965]LogNet:Warning: FObjectReplicator::UpdateUnmappedObjects: Connection->State == USOCK_Closed
[2015.11.06-08.45.12:155][965]LogNet:Warning: Network Failure: GameNetDriver[FailureReceived]: Host closed the connection.
[2015.11.06-08.45.12:155][965]LogNet:Warning: Network Failure: GameNetDriver[FailureReceived]: Host closed the connection.
[2015.11.06-08.45.12:155][965]LogNet:Warning: Network Failure: GameNetDriver[FailureReceived]: Host closed the connection.
[2015.11.06-08.45.12:155][965]LogNet:Warning: Network Failure: GameNetDriver[FailureReceived]: Host closed the connection.
[2015.11.06-08.45.12:155][965]LogNet: NetworkFailure: FailureReceived, Error: 'Host closed the connection.'
[2015.11.06-08.45.12:155][965]LogNet: UNetConnection::Close: Name: IpConnection_1, Driver: GameNetDriver IpNetDriver_2, PC: PlayerController_8, Owner: PlayerController_8, Channels: 15, RemoteAddr: 127.0.0.1:7777, Time: 2015.11.06-08.45.12
[2015.11.06-08.45.12:155][965]LogNet: UChannel::Close: Sending CloseBunch. ChIndex == 0. Name: ControlChannel_1
[2015.11.06-08.45.12:155][965]LogNet:Warning: Network Failure: GameNetDriver[ConnectionLost]: Your connection to the host has been lost.
[2015.11.06-08.45.12:155][965]LogNet:Warning: Network Failure: GameNetDriver[ConnectionLost]: Your connection to the host has been lost.
[2015.11.06-08.45.12:155][965]LogNet:Warning: Network Failure: GameNetDriver[ConnectionLost]: Your connection to the host has been lost.
[2015.11.06-08.45.12:155][965]LogNet:Warning: Network Failure: GameNetDriver[ConnectionLost]: Your connection to the host has been lost.
[2015.11.06-08.45.12:155][965]LogNet: NetworkFailure: ConnectionLost, Error: 'Your connection to the host has been lost.'
[2015.11.06-08.45.12:155][965]LogNet:Warning: FObjectReplicator::UpdateUnmappedObjects: Connection->State == USOCK_Closed
[2015.11.06-08.45.12:155][965]LogNet:Warning: FObjectReplicator::UpdateUnmappedObjects: Connection->State == USOCK_Closed
[2015.11.06-08.45.12:155][965]LogNet:Warning: FObjectReplicator::UpdateUnmappedObjects: Connection->State == USOCK_Closed
[2015.11.06-08.45.12:155][965]LogNet:Warning: FObjectReplicator::UpdateUnmappedObjects: Connection->State == USOCK_Closed
[2015.11.06-08.45.12:155][965]LogNet:Warning: FObjectReplicator::UpdateUnmappedObjects: Connection->State == USOCK_Closed
[2015.11.06-08.45.12:155][965]LogNet:Warning: FObjectReplicator::UpdateUnmappedObjects: Connection->State == USOCK_Closed
[2015.11.06-08.45.12:155][965]LogNet:Warning: Network Failure: GameNetDriver[FailureReceived]: Host closed the connection.
[2015.11.06-08.45.12:155][965]LogNet:Warning: Network Failure: GameNetDriver[FailureReceived]: Host closed the connection.
[2015.11.06-08.45.12:155][965]LogNet:Warning: Network Failure: GameNetDriver[FailureReceived]: Host closed the connection.
[2015.11.06-08.45.12:155][965]LogNet:Warning: Network Failure: GameNetDriver[FailureReceived]: Host closed the connection.
[2015.11.06-08.45.12:155][965]LogNet: NetworkFailure: FailureReceived, Error: 'Host closed the connection.'
[2015.11.06-08.45.12:155][965]LogNet: UNetConnection::Close: Name: IpConnection_2, Driver: GameNetDriver IpNetDriver_3, PC: PlayerController_9, Owner: PlayerController_9, Channels: 15, RemoteAddr: 127.0.0.1:7777, Time: 2015.11.06-08.45.12
[2015.11.06-08.45.12:155][965]LogNet: UChannel::Close: Sending CloseBunch. ChIndex == 0. Name: ControlChannel_2
[2015.11.06-08.45.12:155][965]LogNet:Warning: Network Failure: GameNetDriver[ConnectionLost]: Your connection to the host has been lost.
[2015.11.06-08.45.12:155][965]LogNet:Warning: Network Failure: GameNetDriver[ConnectionLost]: Your connection to the host has been lost.
[2015.11.06-08.45.12:155][965]LogNet:Warning: Network Failure: GameNetDriver[ConnectionLost]: Your connection to the host has been lost.
[2015.11.06-08.45.12:155][965]LogNet:Warning: Network Failure: GameNetDriver[ConnectionLost]: Your connection to the host has been lost.
[2015.11.06-08.45.12:155][965]LogNet: NetworkFailure: ConnectionLost, Error: 'Your connection to the host has been lost.'
[2015.11.06-08.45.12:155][965]LogNet:Warning: FObjectReplicator::UpdateUnmappedObjects: Connection->State == USOCK_Closed
[2015.11.06-08.45.12:155][965]LogNet:Warning: FObjectReplicator::UpdateUnmappedObjects: Connection->State == USOCK_Closed
[2015.11.06-08.45.12:155][965]LogNet:Warning: FObjectReplicator::UpdateUnmappedObjects: Connection->State == USOCK_Closed
[2015.11.06-08.45.12:156][965]LogNet:Warning: FObjectReplicator::UpdateUnmappedObjects: Connection->State == USOCK_Closed
[2015.11.06-08.45.12:156][965]LogNet:Warning: FObjectReplicator::UpdateUnmappedObjects: Connection->State == USOCK_Closed
[2015.11.06-08.45.12:156][965]LogNet:Warning: FObjectReplicator::UpdateUnmappedObjects: Connection->State == USOCK_Closed
[2015.11.06-08.45.12:168][966]LogNet: NotifyAcceptingConnection: Server Map1 accept
[2015.11.06-08.45.12:168][966]LogNet: Open Map1 11/06/15 09:45:12 127.0.0.1
[2015.11.06-08.45.12:168][966]LogNet: Added client connection.  Remote address = 127.0.0.1:60459
[2015.11.06-08.45.12:168][966]LogNetTraffic:Warning: High single frame packet loss: 33
[2015.11.06-08.45.12:168][966]LogSecurity:Warning: 127.0.0.1:60459: Malformed_Packet: UNetConnection::ReceivedPacket: Received control channel close before open
[2015.11.06-08.45.12:168][966]LogSecurity:Warning: 127.0.0.1:60459: Closed: Connection closed
[2015.11.06-08.45.12:168][966]LogNet: UNetConnection::Close: Name: IpConnection_6, Driver: GameNetDriver IpNetDriver_4, PC: NULL, Owner: NULL, Channels: 2, RemoteAddr: 127.0.0.1:60459, Time: 2015.11.06-08.45.12
[2015.11.06-08.45.12:168][966]LogNet: UChannel::Close: Sending CloseBunch. ChIndex == 0. Name: ControlChannel_6
[2015.11.06-08.45.12:168][966]LogNet: NotifyAcceptingConnection: Server Map1 accept
[2015.11.06-08.45.12:168][966]LogNet: Open Map1 11/06/15 09:45:12 127.0.0.1
[2015.11.06-08.45.12:168][966]LogNet: Added client connection.  Remote address = 127.0.0.1:60460
[2015.11.06-08.45.12:168][966]LogNetTraffic:Warning: High single frame packet loss: 32
[2015.11.06-08.45.12:168][966]LogSecurity:Warning: 127.0.0.1:60460: Malformed_Packet: UNetConnection::ReceivedPacket: Received control channel close before open
[2015.11.06-08.45.12:168][966]LogSecurity:Warning: 127.0.0.1:60460: Closed: Connection closed
[2015.11.06-08.45.12:168][966]LogNet: UNetConnection::Close: Name: IpConnection_7, Driver: GameNetDriver IpNetDriver_4, PC: NULL, Owner: NULL, Channels: 2, RemoteAddr: 127.0.0.1:60460, Time: 2015.11.06-08.45.12
[2015.11.06-08.45.12:168][966]LogNet: UChannel::Close: Sending CloseBunch. ChIndex == 0. Name: ControlChannel_7
[2015.11.06-08.45.12:168][966]LogNet: NotifyAcceptingConnection: Server Map1 accept
[2015.11.06-08.45.12:169][966]LogNet: Open Map1 11/06/15 09:45:12 127.0.0.1
[2015.11.06-08.45.12:169][966]LogNet: Added client connection.  Remote address = 127.0.0.1:60461
[2015.11.06-08.45.12:169][966]LogNetTraffic:Warning: High single frame packet loss: 33
[2015.11.06-08.45.12:169][966]LogSecurity:Warning: 127.0.0.1:60461: Malformed_Packet: UNetConnection::ReceivedPacket: Received control channel close before open
[2015.11.06-08.45.12:169][966]LogSecurity:Warning: 127.0.0.1:60461: Closed: Connection closed
[2015.11.06-08.45.12:169][966]LogNet: UNetConnection::Close: Name: IpConnection_8, Driver: GameNetDriver IpNetDriver_4, PC: NULL, Owner: NULL, Channels: 2, RemoteAddr: 127.0.0.1:60461, Time: 2015.11.06-08.45.12
[2015.11.06-08.45.12:169][966]LogNet: UChannel::Close: Sending CloseBunch. ChIndex == 0. Name: ControlChannel_8
[2015.11.06-08.45.12:170][966]LogNet: Browse: /Game/RollingCPP/Maps/MainMenu?closed
[2015.11.06-08.45.12:170][966]LogNet: Failed; returning to Entry
[2015.11.06-08.45.12:204][966]LogLoad: LoadMap: /Game/RollingCPP/Maps/MainMenu?closed
[2015.11.06-08.45.12:204][966]LogNet: World NetDriver shutdown IpNetDriver_1 [GameNetDriver]
[2015.11.06-08.45.12:204][966]LogNet: DestroyNamedNetDriver IpNetDriver_1 [GameNetDriver]
[2015.11.06-08.45.12:204][966]LogExit: GameNetDriver IpNetDriver_1 shut down
[2015.11.06-08.45.12:220][966]LogParticles: Destroying 0 GPU particle simulations for FXSystem 0x000000F3AAF39E40
[2015.11.06-08.45.12:224][966]Cmd: MEM
[2015.11.06-08.45.12:236][966]LogMemory: Platform Memory Stats for Windows
[2015.11.06-08.45.12:236][966]LogMemory: Process Physical Memory: 710.74 MB used, 710.74 MB peak
[2015.11.06-08.45.12:236][966]LogMemory: Process Virtual Memory: 1492.55 MB used, 1530.62 MB peak
[2015.11.06-08.45.12:236][966]LogMemory: Physical Memory: 6113.29 MB used, 16318.82 MB total
[2015.11.06-08.45.12:236][966]LogMemory: Virtual Memory: 2128.37 MB used, 134217728.00 MB total
[2015.11.06-08.45.12:236][966]LogMemory: 
[2015.11.06-08.45.12:236][966]Allocator Stats for TBB: (not implemented)
[2015.11.06-08.45.12:236][966]LogPlayLevel: Creating play world package: /Game/RollingCPP/Maps/UEDPIE_2_MainMenu
[2015.11.06-08.45.12:239][966]LogPlayLevel: PIE: StaticDuplicateObject took: (0.002951s)
[2015.11.06-08.45.12:240][966]LogAIModule: Creating AISystem for world MainMenu
[2015.11.06-08.45.12:240][966]LogPlayLevel: PIE: World Init took: (0.000513s)
[2015.11.06-08.45.12:240][966]LogPlayLevel: PIE: Created PIE world by copying editor world from /Game/RollingCPP/Maps/MainMenu.MainMenu to /Game/RollingCPP/Maps/UEDPIE_2_MainMenu.MainMenu (0.003667s)
[2015.11.06-08.45.12:240][966]LogWorld: Game class is 'GameMode'
[2015.11.06-08.45.12:246][966]LogWorld: Bringing World /Game/RollingCPP/Maps/UEDPIE_2_MainMenu.MainMenu up for play (max tick rate 0) at 2015.11.06-09.45.12
[2015.11.06-08.45.12:246][966]LogActor:Warning: GameSession /Game/RollingCPP/Maps/UEDPIE_2_MainMenu.MainMenu:PersistentLevel.GameSession_2 has natively added scene component(s), but none of them were set as the actor's RootComponent - picking one arbitrarily
[2015.11.06-08.45.12:246][966]LogActor:Warning: GameNetworkManager /Game/RollingCPP/Maps/UEDPIE_2_MainMenu.MainMenu:PersistentLevel.GameNetworkManager_2 has natively added scene component(s), but none of them were set as the actor's RootComponent - picking one arbitrarily
[2015.11.06-08.45.12:246][966]LogWorld: Bringing up level for play took: 0.005018
[2015.11.06-08.45.12:247][966]LogGameMode: Warning - PATHS NOT DEFINED or NO PLAYERSTART with positive rating
[2015.11.06-08.45.12:260][966]LogNet: Browse: /Game/RollingCPP/Maps/MainMenu?closed
[2015.11.06-08.45.12:260][966]LogNet: Failed; returning to Entry
[2015.11.06-08.45.12:260][966]LogLoad: LoadMap: /Game/RollingCPP/Maps/MainMenu?closed
[2015.11.06-08.45.12:260][966]LogNet: World NetDriver shutdown IpNetDriver_2 [GameNetDriver]
[2015.11.06-08.45.12:260][966]LogNet: DestroyNamedNetDriver IpNetDriver_2 [GameNetDriver]
[2015.11.06-08.45.12:260][966]LogExit: GameNetDriver IpNetDriver_2 shut down
[2015.11.06-08.45.12:274][966]LogParticles: Destroying 0 GPU particle simulations for FXSystem 0x000000F3AAF39120
[2015.11.06-08.45.12:274][966]Cmd: MEM
[2015.11.06-08.45.12:287][966]LogMemory: Platform Memory Stats for Windows
[2015.11.06-08.45.12:287][966]LogMemory: Process Physical Memory: 710.76 MB used, 710.77 MB peak
[2015.11.06-08.45.12:287][966]LogMemory: Process Virtual Memory: 1524.61 MB used, 1530.62 MB peak
[2015.11.06-08.45.12:287][966]LogMemory: Physical Memory: 6127.38 MB used, 16318.82 MB total
[2015.11.06-08.45.12:287][966]LogMemory: Virtual Memory: 2160.37 MB used, 134217728.00 MB total
[2015.11.06-08.45.12:287][966]LogMemory: 
[2015.11.06-08.45.12:287][966]Allocator Stats for TBB: (not implemented)
[2015.11.06-08.45.12:287][966]LogPlayLevel: Creating play world package: /Game/RollingCPP/Maps/UEDPIE_3_MainMenu
[2015.11.06-08.45.12:290][966]LogPlayLevel: PIE: StaticDuplicateObject took: (0.003045s)
[2015.11.06-08.45.12:290][966]LogAIModule: Creating AISystem for world MainMenu
[2015.11.06-08.45.12:290][966]LogPlayLevel: PIE: World Init took: (0.000556s)
[2015.11.06-08.45.12:291][966]LogPlayLevel: PIE: Created PIE world by copying editor world from /Game/RollingCPP/Maps/MainMenu.MainMenu to /Game/RollingCPP/Maps/UEDPIE_3_MainMenu.MainMenu (0.003915s)
[2015.11.06-08.45.12:291][966]LogWorld: Game class is 'GameMode'
[2015.11.06-08.45.12:299][966]LogWorld: Bringing World /Game/RollingCPP/Maps/UEDPIE_3_MainMenu.MainMenu up for play (max tick rate 0) at 2015.11.06-09.45.12
[2015.11.06-08.45.12:299][966]LogActor:Warning: GameSession /Game/RollingCPP/Maps/UEDPIE_3_MainMenu.MainMenu:PersistentLevel.GameSession_3 has natively added scene component(s), but none of them were set as the actor's RootComponent - picking one arbitrarily
[2015.11.06-08.45.12:299][966]LogActor:Warning: GameNetworkManager /Game/RollingCPP/Maps/UEDPIE_3_MainMenu.MainMenu:PersistentLevel.GameNetworkManager_3 has natively added scene component(s), but none of them were set as the actor's RootComponent - picking one arbitrarily
[2015.11.06-08.45.12:299][966]LogWorld: Bringing up level for play took: 0.007581
[2015.11.06-08.45.12:300][966]LogGameMode: Warning - PATHS NOT DEFINED or NO PLAYERSTART with positive rating
[2015.11.06-08.45.12:320][966]LogNet: Browse: /Game/RollingCPP/Maps/MainMenu?closed
[2015.11.06-08.45.12:320][966]LogNet: Failed; returning to Entry
[2015.11.06-08.45.12:320][966]LogLoad: LoadMap: /Game/RollingCPP/Maps/MainMenu?closed
[2015.11.06-08.45.12:320][966]LogNet: World NetDriver shutdown IpNetDriver_3 [GameNetDriver]
[2015.11.06-08.45.12:320][966]LogNet: DestroyNamedNetDriver IpNetDriver_3 [GameNetDriver]
[2015.11.06-08.45.12:321][966]LogExit: GameNetDriver IpNetDriver_3 shut down
[2015.11.06-08.45.12:335][966]LogParticles: Destroying 0 GPU particle simulations for FXSystem 0x000000F395EAE340
[2015.11.06-08.45.12:335][966]Cmd: MEM
[2015.11.06-08.45.12:347][966]LogMemory: Platform Memory Stats for Windows
[2015.11.06-08.45.12:347][966]LogMemory: Process Physical Memory: 710.79 MB used, 710.79 MB peak
[2015.11.06-08.45.12:347][966]LogMemory: Process Virtual Memory: 1580.72 MB used, 1580.72 MB peak
[2015.11.06-08.45.12:347][966]LogMemory: Physical Memory: 6144.45 MB used, 16318.82 MB total
[2015.11.06-08.45.12:348][966]LogMemory: Virtual Memory: 2216.37 MB used, 134217728.00 MB total
[2015.11.06-08.45.12:348][966]LogMemory: 
[2015.11.06-08.45.12:348][966]Allocator Stats for TBB: (not implemented)
[2015.11.06-08.45.12:348][966]LogPlayLevel: Creating play world package: /Game/RollingCPP/Maps/UEDPIE_4_MainMenu
[2015.11.06-08.45.12:351][966]LogPlayLevel: PIE: StaticDuplicateObject took: (0.003512s)
[2015.11.06-08.45.12:352][966]LogAIModule: Creating AISystem for world MainMenu
[2015.11.06-08.45.12:352][966]LogPlayLevel: PIE: World Init took: (0.000812s)
[2015.11.06-08.45.12:352][966]LogPlayLevel: PIE: Created PIE world by copying editor world from /Game/RollingCPP/Maps/MainMenu.MainMenu to /Game/RollingCPP/Maps/UEDPIE_4_MainMenu.MainMenu (0.004658s)
[2015.11.06-08.45.12:352][966]LogWorld: Game class is 'GameMode'
[2015.11.06-08.45.12:358][966]LogWorld: Bringing World /Game/RollingCPP/Maps/UEDPIE_4_MainMenu.MainMenu up for play (max tick rate 0) at 2015.11.06-09.45.12
[2015.11.06-08.45.12:358][966]LogActor:Warning: GameSession /Game/RollingCPP/Maps/UEDPIE_4_MainMenu.MainMenu:PersistentLevel.GameSession_4 has natively added scene component(s), but none of them were set as the actor's RootComponent - picking one arbitrarily
[2015.11.06-08.45.12:358][966]LogActor:Warning: GameNetworkManager /Game/RollingCPP/Maps/UEDPIE_4_MainMenu.MainMenu:PersistentLevel.GameNetworkManager_4 has natively added scene component(s), but none of them were set as the actor's RootComponent - picking one arbitrarily
[2015.11.06-08.45.12:359][966]LogWorld: Bringing up level for play took: 0.005217
[2015.11.06-08.45.12:359][966]LogGameMode: Warning - PATHS NOT DEFINED or NO PLAYERSTART with positive rating
[2015.11.06-08.45.12:397][967]LogNet: NotifyAcceptingConnection: Server Map1 accept
[2015.11.06-08.45.12:397][967]LogNet: Open Map1 11/06/15 09:45:12 127.0.0.1
[2015.11.06-08.45.12:397][967]LogNet: Added client connection.  Remote address = 127.0.0.1:60459
[2015.11.06-08.45.12:397][967]LogNetTraffic:Warning: High single frame packet loss: 34
[2015.11.06-08.45.12:397][967]LogNet: NotifyAcceptingConnection: Server Map1 accept
[2015.11.06-08.45.12:398][967]LogNet: Open Map1 11/06/15 09:45:12 127.0.0.1
[2015.11.06-08.45.12:398][967]LogNet: Added client connection.  Remote address = 127.0.0.1:60460
[2015.11.06-08.45.12:398][967]LogNetTraffic:Warning: High single frame packet loss: 33
[2015.11.06-08.45.12:398][967]LogNet: NotifyAcceptingConnection: Server Map1 accept
[2015.11.06-08.45.12:398][967]LogNet: Open Map1 11/06/15 09:45:12 127.0.0.1
[2015.11.06-08.45.12:398][967]LogNet: Added client connection.  Remote address = 127.0.0.1:60461
[2015.11.06-08.45.12:398][967]LogNetTraffic:Warning: High single frame packet loss: 34
[2015.11.06-08.45.12:612][984]LogNet: UNetConnection::Cleanup: Closing open connection. Name: IpConnection_9, RemoteAddr: 127.0.0.1:60459 Driver: GameNetDriver, PC: NoPC, Owner: No Owner
[2015.11.06-08.45.12:612][984]LogNet: UNetConnection::Close: Name: IpConnection_9, Driver: GameNetDriver IpNetDriver_4, PC: NULL, Owner: NULL, Channels: 1, RemoteAddr: 127.0.0.1:60459, Time: 2015.11.06-08.45.12
[2015.11.06-08.45.12:612][984]LogNet: UNetConnection::Cleanup: Closing open connection. Name: IpConnection_10, RemoteAddr: 127.0.0.1:60460 Driver: GameNetDriver, PC: NoPC, Owner: No Owner
[2015.11.06-08.45.12:612][984]LogNet: UNetConnection::Close: Name: IpConnection_10, Driver: GameNetDriver IpNetDriver_4, PC: NULL, Owner: NULL, Channels: 1, RemoteAddr: 127.0.0.1:60460, Time: 2015.11.06-08.45.12
[2015.11.06-08.45.12:612][984]LogNet: UNetConnection::Cleanup: Closing open connection. Name: IpConnection_11, RemoteAddr: 127.0.0.1:60461 Driver: GameNetDriver, PC: NoPC, Owner: No Owner
[2015.11.06-08.45.12:612][984]LogNet: UNetConnection::Close: Name: IpConnection_11, Driver: GameNetDriver IpNetDriver_4, PC: NULL, Owner: NULL, Channels: 1, RemoteAddr: 127.0.0.1:60461, Time: 2015.11.06-08.45.12
[2015.11.06-08.45.14:958][192]LogNet: Browse: 127.0.0.1//Game/RollingCPP/Maps/MainMenu
[2015.11.06-08.45.14:958][192]LogInit: WinSock: Socket queue 32768 / 32768
[2015.11.06-08.45.14:959][192]LogNet: Game client on port 7777, rate 10000
[2015.11.06-08.45.14:959][192]LogNet: GetLocalNetworkVersion: GEngineNetVersion: 2707645, ProjectName: bos, ProjectVersion: 1.0.0.0, InternalProtocolVersion: 9, LocalNetworkVersion: 1605316083
[2015.11.06-08.45.14:968][193]LogNet: NotifyAcceptingConnection: Server Map1 accept
[2015.11.06-08.45.14:968][193]LogNet: Open Map1 11/06/15 09:45:14 127.0.0.1
[2015.11.06-08.45.14:968][193]LogNet: Added client connection.  Remote address = 127.0.0.1:52294
[2015.11.06-08.45.14:968][193]LogNet: NotifyAcceptingChannel Control 0 server World /Game/RollingCPP/Maps/UEDPIE_1_Map1.Map1: Accepted
[2015.11.06-08.45.14:968][193]LogNet: Remote platform little endian=1
[2015.11.06-08.45.14:968][193]LogNet: This platform little endian=1
[2015.11.06-08.45.14:968][193]LogNet: GetLocalNetworkVersion: GEngineNetVersion: 2707645, ProjectName: bos, ProjectVersion: 1.0.0.0, InternalProtocolVersion: 9, LocalNetworkVersion: 1605316083
[2015.11.06-08.45.14:980][194]LogNet: Login request: /Game/RollingCPP/Maps/MainMenu userId: Invalid
[2015.11.06-08.45.14:981][194]LogNet: Welcomed by server (Level: /Game/RollingCPP/Maps/UEDPIE_1_Map1, Game: /Script/BOS.BOSGameMode)
[2015.11.06-08.45.14:991][194]LogLoad: LoadMap: 127.0.0.1//Game/RollingCPP/Maps/UEDPIE_1_Map1?game=/Script/BOS.BOSGameMode
[2015.11.06-08.45.15:003][194]LogParticles: Destroying 0 GPU particle simulations for FXSystem 0x000000F392167EC0
[2015.11.06-08.45.15:003][194]Cmd: MEM
[2015.11.06-08.45.15:013][194]LogMemory: Platform Memory Stats for Windows
[2015.11.06-08.45.15:013][194]LogMemory: Process Physical Memory: 712.43 MB used, 718.77 MB peak
[2015.11.06-08.45.15:013][194]LogMemory: Process Virtual Memory: 1517.04 MB used, 1675.06 MB peak
[2015.11.06-08.45.15:013][194]LogMemory: Physical Memory: 6040.20 MB used, 16318.82 MB total
[2015.11.06-08.45.15:013][194]LogMemory: Virtual Memory: 2160.50 MB used, 134217728.00 MB total
[2015.11.06-08.45.15:013][194]LogMemory: 
[2015.11.06-08.45.15:013][194]Allocator Stats for TBB: (not implemented)
[2015.11.06-08.45.15:013][194]LogLinker: Can't find file for asset '/Game/RollingCPP/Maps/UEDPIE_1_Map1' while loading NULL.
[2015.11.06-08.45.15:084][194]LogAIModule: Creating AISystem for world Map1
[2015.11.06-08.45.15:095][194]LogPhysics:Warning: MoveFixedBody: Trying to move component'/Game/RollingCPP/Maps/UEDPIE_3_Map1.Map1:PersistentLevel.EditorCube14_113.StaticMeshComponent0' with a non-Movable Mobility.
[2015.11.06-08.45.15:095][194]LogPhysics:Warning: MoveFixedBody: Trying to move component'/Game/RollingCPP/Maps/UEDPIE_3_Map1.Map1:PersistentLevel.EditorCube18_116.StaticMeshComponent0' with a non-Movable Mobility.
[2015.11.06-08.45.15:095][194]LogPhysics:Warning: MoveFixedBody: Trying to move component'/Game/RollingCPP/Maps/UEDPIE_3_Map1.Map1:PersistentLevel.EditorCube22_120.StaticMeshComponent0' with a non-Movable Mobility.
[2015.11.06-08.45.15:095][194]LogPhysics:Warning: MoveFixedBody: Trying to move component'/Game/RollingCPP/Maps/UEDPIE_3_Map1.Map1:PersistentLevel.EditorCube23_121.StaticMeshComponent0' with a non-Movable Mobility.
[2015.11.06-08.45.15:095][194]LogPhysics:Warning: MoveFixedBody: Trying to move component'/Game/RollingCPP/Maps/UEDPIE_3_Map1.Map1:PersistentLevel.EditorCube31_130.StaticMeshComponent0' with a non-Movable Mobility.
[2015.11.06-08.45.15:095][194]LogPhysics:Warning: MoveFixedBody: Trying to move component'/Game/RollingCPP/Maps/UEDPIE_3_Map1.Map1:PersistentLevel.EditorCube35_134.StaticMeshComponent0' with a non-Movable Mobility.
[2015.11.06-08.45.15:095][194]LogPhysics:Warning: MoveFixedBody: Trying to move component'/Game/RollingCPP/Maps/UEDPIE_3_Map1.Map1:PersistentLevel.EditorCube36_135.StaticMeshComponent0' with a non-Movable Mobility.
[2015.11.06-08.45.15:095][194]LogWorld: Bringing World /Game/RollingCPP/Maps/UEDPIE_3_Map1.Map1 up for play (max tick rate 0) at 2015.11.06-09.45.15
[2015.11.06-08.45.15:095][194]LogWorld: Bringing up level for play took: 0.010121
[2015.11.06-08.45.15:110][195]LogNet: Client netspeed is 10000
[2015.11.06-08.45.15:110][195]LogNet: Join request: /Game/RollingCPP/Maps/MainMenu?SplitscreenCount=1
[2015.11.06-08.45.15:111][195]LogNet: Join succeeded: 264
[2015.11.06-08.45.15:460][195]LogCrashTracker: 


[2015.11.06-08.45.15:460][195]LogCrashTracker: 


[2015.11.06-08.45.15:460][195]LogWindows: === Critical error: ===
Fatal error!



[2015.11.06-08.45.15:554][195]LogExit: Executing StaticShutdownAfterError
[2015.11.06-08.45.15:559][195]LogPhysics:Warning: PHYSX: ..\..\PhysX\src\NpScene.cpp (2946) 8 : PxScene::unlockWrite() called without matching call to PxScene::lockWrite(), behaviour will be undefined.
[2015.11.06-08.45.15:559][195]LogPhysics:Warning: PHYSX: ..\..\PhysX\src\NpScene.cpp (2946) 8 : PxScene::unlockWrite() called without matching call to PxScene::lockWrite(), behaviour will be undefined.
[2015.11.06-08.45.15:559][195]LogPhysics:Warning: PHYSX: ..\..\PhysX\src\NpScene.cpp (2946) 8 : PxScene::unlockWrite() called without matching call to PxScene::lockWrite(), behaviour will be undefined.
[2015.11.06-08.45.15:559][195]LogPhysics:Warning: PHYSX: ..\..\PhysX\src\NpScene.cpp (2946) 8 : PxScene::unlockWrite() called without matching call to PxScene::lockWrite(), behaviour will be undefined.
[2015.11.06-08.45.15:559][195]LogPhysics:Warning: PHYSX: ..\..\PhysX\src\NpScene.cpp (2946) 8 : PxScene::unlockWrite() called without matching call to PxScene::lockWrite(), behaviour will be undefined.
[2015.11.06-08.45.15:559][195]LogPhysics:Warning: PHYSX: ..\..\PhysX\src\NpScene.cpp (2946) 8 : PxScene::unlockWrite() called without matching call to PxScene::lockWrite(), behaviour will be undefined.
[2015.11.06-08.45.15:559][195]LogPhysics:Warning: PHYSX: ..\..\PhysX\src\NpScene.cpp (2946) 8 : PxScene::unlockWrite() called without matching call to PxScene::lockWrite(), behaviour will be undefined.
[2015.11.06-08.45.15:559][195]LogPhysics:Warning: PHYSX: ..\..\PhysX\src\NpScene.cpp (2946) 8 : PxScene::unlockWrite() called without matching call to PxScene::lockWrite(), behaviour will be undefined.
[2015.11.06-08.45.15:559][195]LogPhysics:Warning: PHYSX: ..\..\PhysX\src\NpScene.cpp (2946) 8 : PxScene::unlockWrite() called without matching call to PxScene::lockWrite(), behaviour will be undefined.
[2015.11.06-08.45.15:560][195]LogPhysics:Warning: PHYSX: ..\..\PhysX\src\NpScene.cpp (2946) 8 : PxScene::unlockWrite() called without matching call to PxScene::lockWrite(), behaviour will be undefined.
[2015.11.06-08.45.15:560][195]LogWindows: FPlatformMisc::RequestExit(1)
[2015.11.06-08.45.15:560][195]Log file closed, 11/06/15 09:45:15
