[2015.11.08-12.24.44:899][  0]Log file open, 11/08/15 13:24:44
[2015.11.08-12.24.44:899][  0]LogInit:Display: Running engine for game: BOS
[2015.11.08-12.24.44:899][  0]LogInit:Display: RandInit(-21319172) SRandInit(-21319172).
[2015.11.08-12.24.44:899][  0]LogTaskGraph: Started task graph with 4 named threads and 5 total threads.
[2015.11.08-12.24.44:899][  0]LogStats: Stats thread started at 0.071271
[2015.11.08-12.24.44:899][  0]LogInit: Version: 4.9.2-2707645+++depot+UE4-Releases+4.9
[2015.11.08-12.24.44:899][  0]LogInit: API Version: 2672455
[2015.11.08-12.24.44:899][  0]LogInit: Compiled (64-bit): Sep 28 2015 10:25:44
[2015.11.08-12.24.44:899][  0]LogInit: Compiled with Visual C++: 18.00.21005.01
[2015.11.08-12.24.44:899][  0]LogInit: Build Configuration: Development
[2015.11.08-12.24.44:899][  0]LogInit: Branch Name: ++depot+UE4-Releases+4.9
[2015.11.08-12.24.44:899][  0]LogInit: Command line:  
[2015.11.08-12.24.44:899][  0]LogInit: Base directory: C:/Program Files/Epic Games/4.9/Engine/Binaries/Win64/
[2015.11.08-12.24.44:899][  0]LogInit: Rocket: 1
[2015.11.08-12.24.44:918][  0]LogInit: Using libcurl 7.41.0
[2015.11.08-12.24.44:918][  0]LogInit:  - built for x86_64-pc-win32
[2015.11.08-12.24.44:918][  0]LogInit:  - supports SSL with WinSSL
[2015.11.08-12.24.44:918][  0]LogInit:  - other features:
[2015.11.08-12.24.44:918][  0]LogInit:      CURL_VERSION_SSL
[2015.11.08-12.24.44:918][  0]LogInit:      CURL_VERSION_IPV6
[2015.11.08-12.24.44:918][  0]LogInit:      CURL_VERSION_ASYNCHDNS
[2015.11.08-12.24.44:918][  0]LogInit:      CURL_VERSION_LARGEFILE
[2015.11.08-12.24.44:918][  0]LogInit:      CURL_VERSION_IDN
[2015.11.08-12.24.44:918][  0]LogInit:  CurlRequestOptions (configurable via config and command line):
[2015.11.08-12.24.44:918][  0]LogInit:  - bVerifyPeer = true  - Libcurl will verify peer certificate
[2015.11.08-12.24.44:919][  0]LogInit:  - bUseHttpProxy = false  - Libcurl will NOT use HTTP proxy
[2015.11.08-12.24.44:919][  0]LogInit:  - bDontReuseConnections = false  - Libcurl will reuse connections
[2015.11.08-12.24.44:919][  0]LogInit:  - CertBundlePath = nullptr  - Libcurl will use whatever was configured at build time.
[2015.11.08-12.24.44:930][  0]LogInit: Presizing for 0 objects not considered by GC, pre-allocating 0 bytes.
[2015.11.08-12.24.44:944][  0]LogInit: Object subsystem initialized
[2015.11.08-12.24.44:947][  0]LogInit: Selected Device Profile: [Windows]
[2015.11.08-12.24.44:947][  0]LogInit: Applying CVar settings loaded from the selected device profile: [Windows]
[2015.11.08-12.24.44:962][  0]LogInit: Computer: STOFFEPC
[2015.11.08-12.24.44:962][  0]LogInit: User: Stoffe
[2015.11.08-12.24.44:962][  0]LogInit: CPU Page size=4096, Cores=2
[2015.11.08-12.24.44:962][  0]LogInit: High frequency timer resolution =3.222683 MHz
[2015.11.08-12.24.44:962][  0]LogMemory: Memory total: Physical=7.9GB (8GB approx)
[2015.11.08-12.24.44:962][  0]LogMemory: Platform Memory Stats for Windows
[2015.11.08-12.24.44:962][  0]LogMemory: Process Physical Memory: 52.31 MB used, 52.31 MB peak
[2015.11.08-12.24.44:962][  0]LogMemory: Process Virtual Memory: 54.89 MB used, 54.89 MB peak
[2015.11.08-12.24.44:962][  0]LogMemory: Physical Memory: 5697.11 MB used, 8126.94 MB total
[2015.11.08-12.24.44:962][  0]LogMemory: Virtual Memory: 347.52 MB used, 134217728.00 MB total
[2015.11.08-12.24.44:997][  0]LogTextLocalizationManager: No translations for ('sv-SE') exist, falling back to 'en' for localization and internationalization data.
[2015.11.08-12.24.46:027][  0]LogD3D11RHI: Found D3D11 adapter 0: AMD Radeon HD 7800 Series (Feature Level 11_0)
[2015.11.08-12.24.46:027][  0]LogD3D11RHI: Adapter has 2030MB of dedicated video memory, 0MB of dedicated system memory, and 3840MB of shared system memory, 2 output[s]
[2015.11.08-12.24.46:028][  0]LogD3D11RHI: Found D3D11 adapter 1: Microsoft Basic Render Driver (Feature Level 11_0)
[2015.11.08-12.24.46:028][  0]LogD3D11RHI: Adapter has 0MB of dedicated video memory, 0MB of dedicated system memory, and 256MB of shared system memory, 0 output[s]
[2015.11.08-12.24.46:028][  0]LogD3D11RHI: Chosen D3D11 Adapter Id = 0
[2015.11.08-12.24.46:031][  0]LogD3D11RHI: !Direct3DDevice
[2015.11.08-12.24.46:031][  0]LogRHI: Texture pool is 1361 MB (70% of 1945 MB)
[2015.11.08-12.24.46:036][  0]LogD3D11RHI: Async texture creation disabled: no driver support
[2015.11.08-12.24.46:047][  0]LogShaderCompilers: Guid format shader working directory is 15 characters bigger than the processId version (../../../../../../Users/Stoffe/Documents/GitHub/Balls-of-steel/BOS/Intermediate/Shaders/WorkingDirectory/5772/).
[2015.11.08-12.24.46:047][  0]LogShaderCompilers: Cleaned the shader compiler working directory '../../../../../../Users/Stoffe/Documents/GitHub/Balls-of-steel/BOS/Intermediate/Shaders/tmp/ABB57EAF4B713E40E4DC8DB4185110F3/'.
[2015.11.08-12.24.46:047][  0]LogShaderCompilers:Display: Using Local Shader Compiler.
[2015.11.08-12.24.48:136][  0]LogTemp:Display: Loaded TP AllDesktopTargetPlatform
[2015.11.08-12.24.48:144][  0]LogTemp:Display: Loaded TP WindowsClientTargetPlatform
[2015.11.08-12.24.48:154][  0]LogTemp:Display: Loaded TP WindowsNoEditorTargetPlatform
[2015.11.08-12.24.48:165][  0]LogTemp:Display: Loaded TP WindowsServerTargetPlatform
[2015.11.08-12.24.48:183][  0]LogTemp:Display: Loaded TP WindowsTargetPlatform
[2015.11.08-12.24.48:193][  0]LogTemp:Display: Loaded TP AndroidTargetPlatform
[2015.11.08-12.24.48:199][  0]LogTemp:Display: Loaded TP Android_ASTCTargetPlatform
[2015.11.08-12.24.48:208][  0]LogTemp:Display: Loaded TP Android_ATCTargetPlatform
[2015.11.08-12.24.48:215][  0]LogTemp:Display: Loaded TP Android_DXTTargetPlatform
[2015.11.08-12.24.48:227][  0]LogTemp:Display: Loaded TP Android_ETC1TargetPlatform
[2015.11.08-12.24.48:233][  0]LogTemp:Display: Loaded TP Android_ETC2TargetPlatform
[2015.11.08-12.24.48:241][  0]LogTemp:Display: Loaded TP Android_PVRTCTargetPlatform
[2015.11.08-12.24.48:241][  0]LogTemp:Display: Loaded TP HTML5TargetPlatform
[2015.11.08-12.24.48:266][  0]LogTemp:Display: Loaded TP IOSTargetPlatform
[2015.11.08-12.24.48:276][  0]LogTemp:Display: Loaded TP LinuxNoEditorTargetPlatform
[2015.11.08-12.24.48:282][  0]LogTemp:Display: Loaded TP LinuxServerTargetPlatform
[2015.11.08-12.24.48:288][  0]LogTemp:Display: Loaded TP LinuxTargetPlatform
[2015.11.08-12.24.48:288][  0]LogTargetPlatformManager:Display: Building Assets For Windows
[2015.11.08-12.24.48:458][  0]LogDerivedDataCache:Display: Max Cache Size: 512 MB
[2015.11.08-12.24.48:523][  0]LogDerivedDataCache: Loaded boot cache 0.06s 46MB C:/Users/Stoffe/AppData/Local/UnrealEngine/4.9/DerivedDataCache/Boot.ddc.
[2015.11.08-12.24.48:523][  0]LogDerivedDataCache:Display: Loaded Boot cache: C:/Users/Stoffe/AppData/Local/UnrealEngine/4.9/DerivedDataCache/Boot.ddc
[2015.11.08-12.24.48:523][  0]LogDerivedDataCache: FDerivedDataBackendGraph:  Pak pak cache file ../../../../../../Users/Stoffe/Documents/GitHub/Balls-of-steel/BOS/DerivedDataCache/DDC.ddp not found, will not use a pak cache.
[2015.11.08-12.24.48:523][  0]LogDerivedDataCache: Unable to find inner node Pak for hierarchical cache Hierarchy.
[2015.11.08-12.24.48:523][  0]LogDerivedDataCache: FDerivedDataBackendGraph:  CompressedPak pak cache file ../../../../../../Users/Stoffe/Documents/GitHub/Balls-of-steel/BOS/DerivedDataCache/Compressed.ddp not found, will not use a pak cache.
[2015.11.08-12.24.48:523][  0]LogDerivedDataCache: Unable to find inner node CompressedPak for hierarchical cache Hierarchy.
[2015.11.08-12.24.48:791][  0]LogDerivedDataCache:Display: Pak cache opened for reading ../../../Engine/DerivedDataCache/Compressed.ddp.
[2015.11.08-12.24.48:803][  0]LogDerivedDataCache: Using Local data cache path C:/Users/Stoffe/AppData/Local/UnrealEngine/Common/DerivedDataCache: Writable
[2015.11.08-12.24.49:293][  0]LogInit: Selected Device Profile: [Windows]
[2015.11.08-12.24.49:297][  0]LogContentStreaming: Texture pool size is 0.000000MB
[2015.11.08-12.24.49:548][  0]LogMeshUtilities: No automatic mesh reduction module available
[2015.11.08-12.24.49:548][  0]LogMeshUtilities: No automatic mesh merging module available
[2015.11.08-12.24.49:941][  0]LogInit: WinSock: version 1.1 (2.2), MaxSocks=32767, MaxUdp=65467
[2015.11.08-12.24.51:180][  0]UdpMessaging: Initializing bridge on interface 0.0.0.0:0 to multicast group 230.0.0.1:6666.
[2015.11.08-12.24.51:256][  0]LogLinker:Warning: Asset '../../../../../../Users/Stoffe/Documents/GitHub/Balls-of-steel/BOS/Content/Rolling/Meshes/BallMesh.uasset' has been saved with empty engine version. The asset will be loaded but may be incompatible.
[2015.11.08-12.24.51:258][  0]LogLinker:Warning: Asset '../../../../../../Users/Stoffe/Documents/GitHub/Balls-of-steel/BOS/Content/Rolling/Materials/M_Blue_Checker.uasset' has been saved with empty engine version. The asset will be loaded but may be incompatible.
[2015.11.08-12.24.51:259][  0]LogLinker:Warning: Asset '../../../../../../Users/Stoffe/Documents/GitHub/Balls-of-steel/BOS/Content/Rolling/Materials/PM_Ball.uasset' has been saved with empty engine version. The asset will be loaded but may be incompatible.
[2015.11.08-12.24.51:545][  0]LogAssetRegistry: FAssetRegistry took 0.0115 seconds to start up
[2015.11.08-12.24.51:843][  0]SourceControl: Info Source control is disabled
[2015.11.08-12.24.51:854][  0]SourceControl: Info Source control is disabled
[2015.11.08-12.24.51:871][  0]SourceControl: Info Source control is disabled
[2015.11.08-12.24.51:890][  0]SourceControl: Info Source control is disabled
[2015.11.08-12.24.52:130][  0]LogLinker:Warning: Asset '../../../Engine/Plugins/Runtime/LeapMotionController/Content/LM_PassthroughMaterial.uasset' has been saved with empty engine version. The asset will be loaded but may be incompatible.
[2015.11.08-12.24.52:274][  0]LogObj: 29664 objects as part of root set at end of initial load.
[2015.11.08-12.24.52:274][  0]LogUObjectAllocator: 6510880 out of 0 bytes used by permanent object pool.
[2015.11.08-12.24.52:348][  0]LogEngine: Initializing Engine...
[2015.11.08-12.24.52:352][  0]LogHMD: Can't find Oculus library dev build: is proper Runtime installed? Version: 0.7.0.0
[2015.11.08-12.24.52:353][  0]LogHMD: SteamVR failed to initialize.  Err: 110
[2015.11.08-12.24.52:558][  0]LogAIModule: Creating AISystem for world NewWorld
[2015.11.08-12.24.52:563][  0]LogInit: XAudio2 using 'Högtalare (Realtek High Definition Audio)' : 2 channels at 48 kHz using 32 bits per sample (channel mask 0x3)
[2015.11.08-12.24.52:575][  0]LogInit: FAudioDevice initialized.
[2015.11.08-12.24.52:676][  0]LogDerivedDataCache: Saved boot cache 0.10s 46MB C:/Users/Stoffe/AppData/Local/UnrealEngine/4.9/DerivedDataCache/Boot.ddc.
[2015.11.08-12.24.52:679][  0]LogInit: Texture streaming: Enabled
[2015.11.08-12.24.52:689][  0]LogAnalytics: Creating configured Analytics provider AnalyticsET
[2015.11.08-12.24.52:689][  0]LogAnalytics: [UEEditor.Rocket.Release] APIServer = http://et2.epicgames.com/ET2/. AppVersion = 4.9.2-2707645+++depot+UE4-Releases+4.9
[2015.11.08-12.24.52:689][  0]LogAnalytics: [UEEditor.Rocket.Release] SetUserId c2f82278409fbc7e17ba4c8b187827c0|8471e16762be488588a110ad13c08bd6|a2f24018-7849-4a41-8ec9-fa4680d0f5a7
[2015.11.08-12.24.52:689][  0]LogAnalytics: [UEEditor.Rocket.Release] AnalyticsET::StartSession
[2015.11.08-12.24.52:721][  0]LogWindowsTextInputMethodSystem:Display: IME system now deactivated.
[2015.11.08-12.24.52:769][  0]LogInit: Transaction tracking system initialized
[2015.11.08-12.24.52:818][  0]BlueprintLog: New page: Editor Load
[2015.11.08-12.24.52:958][  0]LocalizationService: Info Localization service is disabled
[2015.11.08-12.24.53:413][  0]LogConsoleResponse:Display: 
[2015.11.08-12.24.53:653][  0]LogCook:Display: Done creating registry. It took  0.00s.
[2015.11.08-12.24.53:759][  0]LogFileCache: Scanning file cache for directory 'C:/Users/Stoffe/Documents/GitHub/Balls-of-steel/BOS/Content/' took 0.02s
[2015.11.08-12.24.53:759][  0]SourceControl: Info Source control is disabled
[2015.11.08-12.24.53:759][  0]Cmd: MAP LOAD FILE="../../../../../../Users/Stoffe/Documents/GitHub/Balls-of-steel/BOS/Content/RollingCPP/Maps/MainMenu.umap" TEMPLATE=0 SHOWPROGRESS=1 FEATURELEVEL=3
[2015.11.08-12.24.53:760][  0]LightingResults: New page: Lighting Build
[2015.11.08-12.24.53:769][  0]MapCheck: New page: Map Check
[2015.11.08-12.24.53:769][  0]LightingResults: New page: Lighting Build
[2015.11.08-12.24.53:801][  0]LogParticles: Destroying 0 GPU particle simulations for FXSystem 0x000000712814C400
[2015.11.08-12.24.54:098][  0]LogAIModule: Creating AISystem for world MainMenu
[2015.11.08-12.24.54:119][  0]LogEditorServer: Finished looking for orphan Actors (0.000 secs)
[2015.11.08-12.24.54:120][  0]Cmd: MAP CHECKDEP NOCLEARLOG
[2015.11.08-12.24.54:195][  0]MapCheck: Info Map check complete: 0 Error(s), 0 Warning(s), took 74.498ms to complete.
[2015.11.08-12.24.54:195][  0]LogFileHelpers: Loading map 'MainMenu' took 0.436
[2015.11.08-12.24.54:404][  0]LogCollectionManager: Loaded 0 collections in 0.005003 seconds
[2015.11.08-12.24.54:453][  0]LogFileCache: Scanning file cache for directory 'C:/Users/Stoffe/Documents/GitHub/Balls-of-steel/BOS/Saved/Collections/' took 0.01s
[2015.11.08-12.24.54:453][  0]LogFileCache: Scanning file cache for directory 'C:/Users/Stoffe/Documents/GitHub/Balls-of-steel/BOS/Content/Developers/Stoffe/Collections/' took 0.01s
[2015.11.08-12.24.54:453][  0]LogFileCache: Scanning file cache for directory 'C:/Users/Stoffe/Documents/GitHub/Balls-of-steel/BOS/Content/Collections/' took 0.01s
[2015.11.08-12.24.54:453][  0]LogContentBrowser: Native class hierarchy populated in 0.0145 seconds. Added 1875 classes and 335 folders.
[2015.11.08-12.24.54:469][  0]LogCollectionManager: Rebuilt the GUID cache for 0 collections in 0.000003 seconds
[2015.11.08-12.24.54:484][  0]LogContentBrowser: Native class hierarchy updated for 'WidgetCarousel' in 0.0027 seconds. Added 0 classes and 0 folders.
[2015.11.08-12.24.54:560][  0]LogContentBrowser: Native class hierarchy updated for 'AddContentDialog' in 0.0017 seconds. Added 0 classes and 0 folders.
[2015.11.08-12.24.54:577][  0]LogContentBrowser: Native class hierarchy updated for 'SceneOutliner' in 0.0026 seconds. Added 1 classes and 2 folders.
[2015.11.08-12.24.54:707][  0]LogCrashTracker: Crashtracker disabled due to settings.
[2015.11.08-12.24.54:738][  0]LogUObjectGlobals:Warning: Failed to find object 'Class None.'
[2015.11.08-12.24.54:772][  0]LogLoad: Full Startup: 11.18 seconds (BP compile: 0.11 seconds)
[2015.11.08-12.24.54:873][  0]LogContentStreaming: Texture pool size now 1000 MB
[2015.11.08-12.24.55:024][  0]LogRenderer: Reallocating scene render targets to support 1028x636 (Frame:2).
[2015.11.08-12.24.57:378][  6]LogAssetRegistry: Asset discovery search completed in 5.8444 seconds
[2015.11.08-12.24.57:378][  6]LogCollectionManager: Rebuilt the object cache for 0 collections in 0.000002 seconds (found 0 objects)
[2015.11.08-12.24.57:378][  6]LogCollectionManager: Fixed up redirectors for 0 collections in 0.000051 seconds (updated 0 objects)
[2015.11.08-12.25.03:308][571]LogVSAccessor:Warning: Couldn't goto line number '0' in 'C:/Users/Stoffe/Documents/GitHub/Balls-of-steel/BOS/Source/BOS/BOSGameMode.h'
[2015.11.08-12.25.03:374][571]LogVSAccessor:Warning: Couldn't goto line number '0' in 'C:/Users/Stoffe/Documents/GitHub/Balls-of-steel/BOS/Source/BOS/BOSGameMode.cpp'
[2015.11.08-12.25.22:081][738]LogWindowsTextInputMethodSystem:Display: IME system now deactivated.
[2015.11.08-12.25.23:785][739]Cmd: QUIT_EDITOR
[2015.11.08-12.25.24:990][739]LogExit: Preparing to exit.
[2015.11.08-12.25.27:191][739]LogExit: Editor shut down
[2015.11.08-12.25.27:191][739]LogExit: Transaction tracking system shut down
[2015.11.08-12.25.27:193][739]LogParticles: Destroying 0 GPU particle simulations for FXSystem 0x000000711FC25120
[2015.11.08-12.25.27:193][739]LogParticles: Destroying 0 GPU particle simulations for FXSystem 0x000000711C835120
[2015.11.08-12.25.27:193][739]LogParticles: Destroying 0 GPU particle simulations for FXSystem 0x0000007131838680
[2015.11.08-12.25.32:325][739]LogExit: Object subsystem successfully closed.
[2015.11.08-12.25.32:564][739]LogD3D11RHI: Shutdown
[2015.11.08-12.25.32:614][739]LogD3D11RHI: CleanupD3DDevice
[2015.11.08-12.25.32:961][739]LogD3D11RHI: ~FD3D11DynamicRHI
[2015.11.08-12.25.35:527][739]LogModuleManager: Shutting down and abandoning module CrashTracker (198)
[2015.11.08-12.25.35:527][739]LogModuleManager: Shutting down and abandoning module SceneOutliner (197)
[2015.11.08-12.25.35:527][739]LogModuleManager: Shutting down and abandoning module SuperSearch (196)
[2015.11.08-12.25.35:527][739]LogModuleManager: Shutting down and abandoning module WidgetCarousel (195)
[2015.11.08-12.25.35:527][739]LogModuleManager: Shutting down and abandoning module AddContentDialog (194)
[2015.11.08-12.25.35:610][739]LogModuleManager: Shutting down and abandoning module EditorWidgets (193)
[2015.11.08-12.25.35:610][739]LogModuleManager: Shutting down and abandoning module CollectionManager (192)
[2015.11.08-12.25.35:649][739]LogModuleManager: Shutting down and abandoning module StatsViewer (191)
[2015.11.08-12.25.35:694][739]LogModuleManager: Shutting down and abandoning module FoliageEdit (190)
[2015.11.08-12.25.35:840][739]LogModuleManager: Shutting down and abandoning module LandscapeEditor (189)
[2015.11.08-12.25.36:090][739]LogModuleManager: Shutting down and abandoning module ActorPickerMode (188)
[2015.11.08-12.25.36:090][739]LogModuleManager: Shutting down and abandoning module GeometryMode (187)
[2015.11.08-12.25.36:090][739]LogModuleManager: Shutting down and abandoning module TextureAlignMode (186)
[2015.11.08-12.25.36:090][739]LogModuleManager: Shutting down and abandoning module BspMode (185)
[2015.11.08-12.25.36:090][739]LogModuleManager: Shutting down and abandoning module PlacementMode (184)
[2015.11.08-12.25.36:090][739]LogModuleManager: Shutting down and abandoning module AutomationWorker (183)
[2015.11.08-12.25.36:120][739]LogModuleManager: Shutting down and abandoning module CharacterAI (182)
[2015.11.08-12.25.36:120][739]LogModuleManager: Shutting down and abandoning module SmartSnapping (181)
[2015.11.08-12.25.36:120][739]LogModuleManager: Shutting down and abandoning module ViewportSnapping (180)
[2015.11.08-12.25.36:120][739]LogModuleManager: Shutting down and abandoning module LogVisualizer (179)
[2015.11.08-12.25.36:218][739]LogModuleManager: Shutting down and abandoning module GameProjectGeneration (178)
[2015.11.08-12.25.36:263][739]LogModuleManager: Shutting down and abandoning module IntroTutorials (177)
[2015.11.08-12.25.36:387][739]LogModuleManager: Shutting down and abandoning module EditorLiveStreaming (176)
[2015.11.08-12.25.36:387][739]LogModuleManager: Shutting down and abandoning module IOSPlatformEditor (175)
[2015.11.08-12.25.36:420][739]LogModuleManager: Shutting down and abandoning module HTML5PlatformEditor (174)
[2015.11.08-12.25.36:420][739]LogModuleManager: Shutting down and abandoning module AndroidDeviceDetection (173)
[2015.11.08-12.25.37:401][739]LogModuleManager: Shutting down and abandoning module AndroidPlatformEditor (172)
[2015.11.08-12.25.37:401][739]LogModuleManager: Shutting down and abandoning module IOSRuntimeSettings (171)
[2015.11.08-12.25.37:401][739]LogModuleManager: Shutting down and abandoning module AndroidRuntimeSettings (170)
[2015.11.08-12.25.37:401][739]LogModuleManager: Shutting down and abandoning module MergeActors (169)
[2015.11.08-12.25.37:638][739]LogModuleManager: Shutting down and abandoning module SizeMap (168)
[2015.11.08-12.25.37:638][739]LogModuleManager: Shutting down and abandoning module TreeMap (167)
[2015.11.08-12.25.37:671][739]LogModuleManager: Shutting down and abandoning module ReferenceViewer (166)
[2015.11.08-12.25.37:671][739]LogModuleManager: Shutting down and abandoning module LocalizationService (165)
[2015.11.08-12.25.37:688][739]LogModuleManager: Shutting down and abandoning module LocalizationDashboard (164)
[2015.11.08-12.25.37:709][739]LogModuleManager: Shutting down and abandoning module HardwareTargeting (163)
[2015.11.08-12.25.37:709][739]LogModuleManager: Shutting down and abandoning module DeviceProfileEditor (162)
[2015.11.08-12.25.37:709][739]LogModuleManager: Shutting down and abandoning module UndoHistory (161)
[2015.11.08-12.25.37:720][739]LogModuleManager: Shutting down and abandoning module GameplayTagsEditor (160)
[2015.11.08-12.25.37:720][739]LogModuleManager: Shutting down and abandoning module UserFeedback (159)
[2015.11.08-12.25.37:720][739]LogModuleManager: Shutting down and abandoning module XmlParser (158)
[2015.11.08-12.25.37:751][739]LogModuleManager: Shutting down and abandoning module Blutility (157)
[2015.11.08-12.25.37:751][739]LogModuleManager: Shutting down and abandoning module ProjectTargetPlatformEditor (156)
[2015.11.08-12.25.37:770][739]LogModuleManager: Shutting down and abandoning module ProjectSettingsViewer (155)
[2015.11.08-12.25.37:770][739]LogModuleManager: Shutting down and abandoning module InputBindingEditor (154)
[2015.11.08-12.25.37:795][739]LogModuleManager: Shutting down and abandoning module EditorSettingsViewer (153)
[2015.11.08-12.25.37:795][739]LogModuleManager: Shutting down and abandoning module SettingsEditor (152)
[2015.11.08-12.25.37:890][739]LogModuleManager: Shutting down and abandoning module ProjectLauncher (151)
[2015.11.08-12.25.37:936][739]LogModuleManager: Shutting down and abandoning module SessionFrontend (150)
[2015.11.08-12.25.37:969][739]LogModuleManager: Shutting down and abandoning module ProfilerClient (149)
[2015.11.08-12.25.37:983][739]LogModuleManager: Shutting down and abandoning module TargetDeviceServices (148)
[2015.11.08-12.25.37:983][739]LogModuleManager: Shutting down and abandoning module DeviceManager (147)
[2015.11.08-12.25.37:999][739]LogModuleManager: Shutting down and abandoning module AutomationController (146)
[2015.11.08-12.25.38:048][739]LogModuleManager: Shutting down and abandoning module AutomationWindow (145)
[2015.11.08-12.25.38:087][739]LogModuleManager: Shutting down and abandoning module Layers (144)
[2015.11.08-12.25.38:165][739]LogModuleManager: Shutting down and abandoning module ComponentVisualizers (143)
[2015.11.08-12.25.38:165][739]LogModuleManager: Shutting down and abandoning module DetailCustomizations (142)
[2015.11.08-12.25.38:239][739]LogModuleManager: Shutting down and abandoning module PackagesDialog (141)
[2015.11.08-12.25.38:286][739]LogModuleManager: Shutting down and abandoning module Persona (140)
[2015.11.08-12.25.38:387][739]LogModuleManager: Shutting down and abandoning module Kismet (139)
[2015.11.08-12.25.38:868][739]LogModuleManager: Shutting down and abandoning module GraphEditor (138)
[2015.11.08-12.25.38:995][739]LogModuleManager: Shutting down and abandoning module ClassViewer (137)
[2015.11.08-12.25.39:009][739]LogModuleManager: Shutting down and abandoning module Toolbox (136)
[2015.11.08-12.25.39:009][739]LogModuleManager: Shutting down and abandoning module ModuleUI (135)
[2015.11.08-12.25.39:032][739]LogModuleManager: Shutting down and abandoning module MovieSceneTools (134)
[2015.11.08-12.25.39:032][739]LogModuleManager: Shutting down and abandoning module OutputLog (133)
[2015.11.08-12.25.39:032][739]LogModuleManager: Shutting down and abandoning module GammaUI (132)
[2015.11.08-12.25.39:053][739]LogModuleManager: Shutting down and abandoning module Documentation (131)
[2015.11.08-12.25.39:084][739]LogModuleManager: Shutting down and abandoning module GameLiveStreaming (130)
[2015.11.08-12.25.39:116][739]LogModuleManager: Shutting down and abandoning module StreamingPauseRendering (129)
[2015.11.08-12.25.39:136][739]LogModuleManager: Shutting down and abandoning module AnalyticsET (128)
[2015.11.08-12.25.39:136][739]LogModuleManager: Shutting down and abandoning module Analytics (127)
[2015.11.08-12.25.39:136][739]LogModuleManager: Shutting down and abandoning module AITestSuite (126)
[2015.11.08-12.25.39:152][739]LogModuleManager: Shutting down and abandoning module GameplayDebugger (125)
[2015.11.08-12.25.39:152][739]LogModuleManager: Shutting down and abandoning module AIModule (124)
[2015.11.08-12.25.39:152][739]LogModuleManager: Shutting down and abandoning module ProfilerService (123)
[2015.11.08-12.25.39:254][739]LogModuleManager: Shutting down and abandoning module TaskGraph (122)
[2015.11.08-12.25.39:336][739]LogModuleManager: Shutting down and abandoning module SlateRemote (121)
[2015.11.08-12.25.39:337][739]LogModuleManager: Shutting down and abandoning module SteamVRController (120)
[2015.11.08-12.25.39:337][739]LogModuleManager: Shutting down and abandoning module SteamVR (119)
[2015.11.08-12.25.39:337][739]LogModuleManager: Shutting down and abandoning module ProceduralMeshComponent (118)
[2015.11.08-12.25.39:337][739]LogModuleManager: Shutting down and abandoning module OculusRift (117)
[2015.11.08-12.25.39:337][739]LogModuleManager: Shutting down and abandoning module OculusLibrary (116)
[2015.11.08-12.25.39:337][739]LogModuleManager: Shutting down and abandoning module LeapMotionController (115)
[2015.11.08-12.25.39:412][739]LogModuleManager: Shutting down and abandoning module CustomMeshComponent (114)
[2015.11.08-12.25.39:455][739]LogModuleManager: Shutting down and abandoning module CableComponent (113)
[2015.11.08-12.25.39:455][739]LogModuleManager: Shutting down and abandoning module ArchVisCharacter (112)
[2015.11.08-12.25.39:455][739]LogModuleManager: Shutting down and abandoning module MessagingDebugger (111)
[2015.11.08-12.25.39:643][739]LogModuleManager: Shutting down and abandoning module MediaPlayerEditor (110)
[2015.11.08-12.25.39:834][739]LogModuleManager: Shutting down and abandoning module HTML5Networking (109)
[2015.11.08-12.25.39:834][739]LogModuleManager: Shutting down and abandoning module SpeedTreeImporter (108)
[2015.11.08-12.25.39:834][739]LogModuleManager: Shutting down and abandoning module PluginBrowser (107)
[2015.11.08-12.25.40:003][739]LogModuleManager: Shutting down and abandoning module EpicSurvey (106)
[2015.11.08-12.25.40:003][739]LogModuleManager: Shutting down and abandoning module DesktopPlatform (105)
[2015.11.08-12.25.40:085][739]LogModuleManager: Shutting down and abandoning module VisualStudioSourceCodeAccess (104)
[2015.11.08-12.25.40:085][739]LogModuleManager: Shutting down and abandoning module UObjectPlugin (103)
[2015.11.08-12.25.40:085][739]LogModuleManager: Shutting down and abandoning module SubversionSourceControl (102)
[2015.11.08-12.25.40:238][739]LogModuleManager: Shutting down and abandoning module PerforceSourceControl (101)
[2015.11.08-12.25.40:433][739]LogModuleManager: Shutting down and abandoning module SourceControl (100)
[2015.11.08-12.25.40:479][739]LogModuleManager: Shutting down and abandoning module GitSourceControl (99)
[2015.11.08-12.25.40:512][739]LogModuleManager: Shutting down and abandoning module LightPropagationVolumeEditor (98)
[2015.11.08-12.25.40:513][739]LogModuleManager: Shutting down and abandoning module PaperTiledImporter (97)
[2015.11.08-12.25.40:549][739]LogModuleManager: Shutting down and abandoning module PaperSpriteSheetImporter (96)
[2015.11.08-12.25.40:601][739]LogModuleManager: Shutting down and abandoning module MeshPaint (95)
[2015.11.08-12.25.40:642][739]LogModuleManager: Shutting down and abandoning module SlateReflector (94)
[2015.11.08-12.25.40:714][739]LogModuleManager: Shutting down and abandoning module HotReload (93)
[2015.11.08-12.25.40:808][739]LogModuleManager: Shutting down and abandoning module MainFrame (92)
[2015.11.08-12.25.40:808][739]LogModuleManager: Shutting down and abandoning module LevelEditor (91)
[2015.11.08-12.25.40:887][739]LogModuleManager: Shutting down and abandoning module DirectoryWatcher (90)
[2015.11.08-12.25.40:887][739]LogModuleManager: Shutting down and abandoning module AssetRegistry (89)
[2015.11.08-12.25.40:973][739]LogModuleManager: Shutting down and abandoning module ContentBrowser (88)
[2015.11.08-12.25.40:974][739]LogModuleManager: Shutting down and abandoning module Paper2DEditor (87)
[2015.11.08-12.25.41:674][739]LogModuleManager: Shutting down and abandoning module BOS (86)
[2015.11.08-12.25.41:674][739]LogModuleManager: Shutting down and abandoning module UdpMessaging (85)
[2015.11.08-12.25.41:776][739]LogModuleManager: Shutting down and abandoning module LightPropagationVolumeRuntime (84)
[2015.11.08-12.25.41:776][739]LogModuleManager: Shutting down and abandoning module Paper2D (83)
[2015.11.08-12.25.41:898][739]LogModuleManager: Shutting down and abandoning module WindowsMoviePlayer (82)
[2015.11.08-12.25.41:981][739]LogModuleManager: Shutting down and abandoning module Media (81)
[2015.11.08-12.25.41:981][739]LogModuleManager: Shutting down and abandoning module WmfMedia (80)
[2015.11.08-12.25.41:982][739]LogModuleManager: Shutting down and abandoning module OnlineBlueprintSupport (79)
[2015.11.08-12.25.41:982][739]LogModuleManager: Shutting down and abandoning module GameplayTasksEditor (78)
[2015.11.08-12.25.41:982][739]LogModuleManager: Shutting down and abandoning module PropertyEditor (77)
[2015.11.08-12.25.41:982][739]LogModuleManager: Shutting down and abandoning module BehaviorTreeEditor (76)
[2015.11.08-12.25.42:318][739]LogModuleManager: Shutting down and abandoning module FunctionalTesting (75)
[2015.11.08-12.25.42:318][739]LogModuleManager: Shutting down and abandoning module CollisionAnalyzer (74)
[2015.11.08-12.25.42:723][739]LogModuleManager: Shutting down and abandoning module WorkspaceMenuStructure (73)
[2015.11.08-12.25.42:724][739]LogModuleManager: Shutting down and abandoning module MessageLog (72)
[2015.11.08-12.25.42:724][739]LogModuleManager: Shutting down and abandoning module Sequencer (71)
[2015.11.08-12.25.43:206][739]LogModuleManager: Shutting down and abandoning module AssetTools (70)
[2015.11.08-12.25.43:844][739]LogModuleManager: Shutting down and abandoning module UMGEditor (69)
[2015.11.08-12.25.44:066][739]LogModuleManager: Shutting down and abandoning module UMG (68)
[2015.11.08-12.25.44:066][739]LogModuleManager: Shutting down and abandoning module Slate (67)
[2015.11.08-12.25.44:066][739]LogModuleManager: Shutting down and abandoning module EditorStyle (66)
[2015.11.08-12.25.44:068][739]LogModuleManager: Shutting down and abandoning module SessionServices (65)
[2015.11.08-12.25.44:068][739]LogModuleManager: Shutting down and abandoning module SourceCodeAccess (64)
[2015.11.08-12.25.44:068][739]LogModuleManager: Shutting down and abandoning module HeadMountedDisplay (63)
[2015.11.08-12.25.44:068][739]LogModuleManager: Shutting down and abandoning module XAudio2 (62)
[2015.11.08-12.25.44:068][739]LogModuleManager: Shutting down and abandoning module Networking (60)
[2015.11.08-12.25.44:068][739]LogModuleManager: Shutting down and abandoning module Core (59)
[2015.11.08-12.25.44:068][739]LogModuleManager: Shutting down and abandoning module KismetCompiler (58)
[2015.11.08-12.25.44:068][739]LogModuleManager: Shutting down and abandoning module PhysXFormats (57)
[2015.11.08-12.25.44:122][739]LogModuleManager: Shutting down and abandoning module MeshUtilities (56)
[2015.11.08-12.25.45:023][739]LogModuleManager: Shutting down and abandoning module CookingStats (55)
[2015.11.08-12.25.45:023][739]LogModuleManager: Shutting down and abandoning module DerivedDataCache (54)
[2015.11.08-12.25.50:960][739]LogDerivedDataCache: Shutdown
[2015.11.08-12.25.50:960][739]LogModuleManager: Shutting down and abandoning module ShaderFormatOpenGL (53)
[2015.11.08-12.25.51:000][739]LogModuleManager: Shutting down and abandoning module ShaderFormatD3D (52)
[2015.11.08-12.25.51:000][739]LogModuleManager: Shutting down and abandoning module MetalShaderFormat (51)
[2015.11.08-12.25.51:056][739]LogModuleManager: Shutting down and abandoning module TextureFormatUncompressed (50)
[2015.11.08-12.25.51:056][739]LogModuleManager: Shutting down and abandoning module TextureFormatPVR (49)
[2015.11.08-12.25.51:056][739]LogModuleManager: Shutting down and abandoning module TextureFormatIntelISPCTexComp (48)
[2015.11.08-12.25.51:056][739]LogModuleManager: Shutting down and abandoning module TextureFormatDXT (47)
[2015.11.08-12.25.51:056][739]LogModuleManager: Shutting down and abandoning module ImageWrapper (46)
[2015.11.08-12.25.51:056][739]LogModuleManager: Shutting down and abandoning module TextureFormatASTC (45)
[2015.11.08-12.25.51:056][739]LogModuleManager: Shutting down and abandoning module TextureFormatAndroid (44)
[2015.11.08-12.25.51:056][739]LogModuleManager: Shutting down and abandoning module AudioFormatOpus (43)
[2015.11.08-12.25.51:072][739]LogModuleManager: Shutting down and abandoning module AudioFormatOgg (42)
[2015.11.08-12.25.51:072][739]LogModuleManager: Shutting down and abandoning module AudioFormatADPCM (41)
[2015.11.08-12.25.51:072][739]LogModuleManager: Shutting down and abandoning module LinuxTargetPlatform (40)
[2015.11.08-12.25.51:072][739]LogModuleManager: Shutting down and abandoning module LinuxServerTargetPlatform (39)
[2015.11.08-12.25.51:092][739]LogModuleManager: Shutting down and abandoning module LinuxNoEditorTargetPlatform (38)
[2015.11.08-12.25.51:118][739]LogModuleManager: Shutting down and abandoning module Messaging (37)
[2015.11.08-12.25.51:118][739]LogModuleManager: Shutting down and abandoning module IOSTargetPlatform (36)
[2015.11.08-12.25.51:118][739]LogModuleManager: Shutting down and abandoning module HTML5TargetPlatform (35)
[2015.11.08-12.25.51:118][739]LogModuleManager: Shutting down and abandoning module Android_PVRTCTargetPlatform (34)
[2015.11.08-12.25.51:141][739]LogModuleManager: Shutting down and abandoning module Android_ETC2TargetPlatform (33)
[2015.11.08-12.25.51:163][739]LogModuleManager: Shutting down and abandoning module Android_ETC1TargetPlatform (32)
[2015.11.08-12.25.51:194][739]LogModuleManager: Shutting down and abandoning module Android_DXTTargetPlatform (31)
[2015.11.08-12.25.51:211][739]LogModuleManager: Shutting down and abandoning module Android_ATCTargetPlatform (30)
[2015.11.08-12.25.51:230][739]LogModuleManager: Shutting down and abandoning module Android_ASTCTargetPlatform (29)
[2015.11.08-12.25.51:260][739]LogModuleManager: Shutting down and abandoning module AndroidTargetPlatform (28)
[2015.11.08-12.25.51:277][739]LogModuleManager: Shutting down and abandoning module WindowsTargetPlatform (27)
[2015.11.08-12.25.51:277][739]LogModuleManager: Shutting down and abandoning module WindowsServerTargetPlatform (26)
[2015.11.08-12.25.51:307][739]LogModuleManager: Shutting down and abandoning module WindowsNoEditorTargetPlatform (25)
[2015.11.08-12.25.51:325][739]LogModuleManager: Shutting down and abandoning module WindowsClientTargetPlatform (24)
[2015.11.08-12.25.51:346][739]LogModuleManager: Shutting down and abandoning module AllDesktopTargetPlatform (23)
[2015.11.08-12.25.51:346][739]LogModuleManager: Shutting down and abandoning module TargetPlatform (22)
[2015.11.08-12.25.51:346][739]LogModuleManager: Shutting down and abandoning module InputCore (21)
[2015.11.08-12.25.51:346][739]LogModuleManager: Shutting down and abandoning module Settings (20)
[2015.11.08-12.25.51:346][739]LogModuleManager: Shutting down and abandoning module OnlineSubsystem (18)
[2015.11.08-12.25.51:346][739]LogModuleManager: Shutting down and abandoning module HTTP (17)
[2015.11.08-12.25.53:349][739]LogModuleManager: Shutting down and abandoning module XMPP (16)
[2015.11.08-12.25.53:456][739]LogModuleManager: Shutting down and abandoning module ExampleDeviceProfileSelector (15)
[2015.11.08-12.25.53:456][739]LogModuleManager: Shutting down and abandoning module TextureCompressor (14)
[2015.11.08-12.25.53:491][739]LogModuleManager: Shutting down and abandoning module ShaderCore (13)
[2015.11.08-12.25.53:491][739]LogModuleManager: Shutting down and abandoning module Landscape (12)
[2015.11.08-12.25.53:491][739]LogModuleManager: Shutting down and abandoning module SlateRHIRenderer (11)
[2015.11.08-12.25.53:522][739]LogModuleManager: Shutting down and abandoning module OpenGLDrv (10)
[2015.11.08-12.25.53:543][739]LogModuleManager: Shutting down and abandoning module D3D11RHI (9)
[2015.11.08-12.25.53:543][739]LogModuleManager: Shutting down and abandoning module AnimGraphRuntime (8)
[2015.11.08-12.25.53:559][739]LogModuleManager: Shutting down and abandoning module Renderer (7)
[2015.11.08-12.25.53:559][739]LogModuleManager: Shutting down and abandoning module Engine (6)
[2015.11.08-12.25.53:559][739]LogModuleManager: Shutting down and abandoning module CoreUObject (5)
[2015.11.08-12.25.53:559][739]LogModuleManager: Shutting down and abandoning module NetworkFile (4)
[2015.11.08-12.25.53:580][739]LogModuleManager: Shutting down and abandoning module StreamingFile (3)
[2015.11.08-12.25.53:580][739]LogModuleManager: Shutting down and abandoning module SandboxFile (2)
[2015.11.08-12.25.53:617][739]LogModuleManager: Shutting down and abandoning module PakFile (1)
[2015.11.08-12.25.53:708][739]LogExit: Exiting.
[2015.11.08-12.25.53:765][739]Log file closed, 11/08/15 13:25:53
