[2015.11.06-09.41.37:721][  0]Log file open, 11/06/15 10:41:37
[2015.11.06-09.41.37:721][  0]LogInit:Display: Running engine for game: BOS
[2015.11.06-09.41.37:721][  0]LogInit:Display: RandInit(-824983317) SRandInit(-824983316).
[2015.11.06-09.41.37:721][  0]LogTaskGraph: Started task graph with 4 named threads and 7 total threads.
[2015.11.06-09.41.37:721][  0]LogStats: Stats thread started at 0.189412
[2015.11.06-09.41.37:721][  0]LogInit: Version: 4.9.2-2707645+++depot+UE4-Releases+4.9
[2015.11.06-09.41.37:721][  0]LogInit: API Version: 2672455
[2015.11.06-09.41.37:721][  0]LogInit: Compiled (64-bit): Sep 28 2015 10:25:44
[2015.11.06-09.41.37:721][  0]LogInit: Compiled with Visual C++: 18.00.21005.01
[2015.11.06-09.41.37:721][  0]LogInit: Build Configuration: Development
[2015.11.06-09.41.37:721][  0]LogInit: Branch Name: ++depot+UE4-Releases+4.9
[2015.11.06-09.41.37:721][  0]LogInit: Command line:  
[2015.11.06-09.41.37:721][  0]LogInit: Base directory: C:/Program Files/Epic Games/4.9/Engine/Binaries/Win64/
[2015.11.06-09.41.37:721][  0]LogInit: Rocket: 1
[2015.11.06-09.41.37:745][  0]LogInit: Using libcurl 7.41.0
[2015.11.06-09.41.37:745][  0]LogInit:  - built for x86_64-pc-win32
[2015.11.06-09.41.37:745][  0]LogInit:  - supports SSL with WinSSL
[2015.11.06-09.41.37:745][  0]LogInit:  - other features:
[2015.11.06-09.41.37:745][  0]LogInit:      CURL_VERSION_SSL
[2015.11.06-09.41.37:745][  0]LogInit:      CURL_VERSION_IPV6
[2015.11.06-09.41.37:745][  0]LogInit:      CURL_VERSION_ASYNCHDNS
[2015.11.06-09.41.37:745][  0]LogInit:      CURL_VERSION_LARGEFILE
[2015.11.06-09.41.37:745][  0]LogInit:      CURL_VERSION_IDN
[2015.11.06-09.41.37:745][  0]LogInit:  CurlRequestOptions (configurable via config and command line):
[2015.11.06-09.41.37:745][  0]LogInit:  - bVerifyPeer = true  - Libcurl will verify peer certificate
[2015.11.06-09.41.37:745][  0]LogInit:  - bUseHttpProxy = false  - Libcurl will NOT use HTTP proxy
[2015.11.06-09.41.37:745][  0]LogInit:  - bDontReuseConnections = false  - Libcurl will reuse connections
[2015.11.06-09.41.37:745][  0]LogInit:  - CertBundlePath = nullptr  - Libcurl will use whatever was configured at build time.
[2015.11.06-09.41.37:759][  0]LogInit: Presizing for 0 objects not considered by GC, pre-allocating 0 bytes.
[2015.11.06-09.41.37:775][  0]LogInit: Object subsystem initialized
[2015.11.06-09.41.37:779][  0]LogInit: Selected Device Profile: [Windows]
[2015.11.06-09.41.37:779][  0]LogInit: Applying CVar settings loaded from the selected device profile: [Windows]
[2015.11.06-09.41.37:799][  0]LogInit: Computer: HENRIKLAP
[2015.11.06-09.41.37:799][  0]LogInit: User: Henrik
[2015.11.06-09.41.37:799][  0]LogInit: CPU Page size=4096, Cores=4
[2015.11.06-09.41.37:799][  0]LogInit: High frequency timer resolution =2.436851 MHz
[2015.11.06-09.41.37:799][  0]LogMemory: Memory total: Physical=7.4GB (8GB approx)
[2015.11.06-09.41.37:799][  0]LogMemory: Platform Memory Stats for Windows
[2015.11.06-09.41.37:799][  0]LogMemory: Process Physical Memory: 52.58 MB used, 52.58 MB peak
[2015.11.06-09.41.37:799][  0]LogMemory: Process Virtual Memory: 57.97 MB used, 57.97 MB peak
[2015.11.06-09.41.37:799][  0]LogMemory: Physical Memory: 3499.38 MB used, 7626.27 MB total
[2015.11.06-09.41.37:799][  0]LogMemory: Virtual Memory: 346.09 MB used, 134217728.00 MB total
[2015.11.06-09.41.37:847][  0]LogTextLocalizationManager: No translations for ('sv-SE') exist, falling back to 'en' for localization and internationalization data.
[2015.11.06-09.41.39:580][  0]LogD3D11RHI: Found D3D11 adapter 0: AMD Radeon HD 8650G + HD 8750M Dual Graphics (Feature Level 11_0)
[2015.11.06-09.41.39:580][  0]LogD3D11RHI: Adapter has 2525MB of dedicated video memory, 0MB of dedicated system memory, and 3584MB of shared system memory, 1 output[s]
[2015.11.06-09.41.39:582][  0]LogD3D11RHI: Found D3D11 adapter 1: Microsoft Basic Render Driver (Feature Level 11_0)
[2015.11.06-09.41.39:582][  0]LogD3D11RHI: Adapter has 0MB of dedicated video memory, 0MB of dedicated system memory, and 256MB of shared system memory, 0 output[s]
[2015.11.06-09.41.39:582][  0]LogD3D11RHI: Chosen D3D11 Adapter Id = 0
[2015.11.06-09.41.39:589][  0]LogD3D11RHI: !Direct3DDevice
[2015.11.06-09.41.39:589][  0]LogRHI: Texture pool is 1361 MB (70% of 1945 MB)
[2015.11.06-09.41.39:601][  0]LogD3D11RHI: Async texture creation disabled: no driver support
[2015.11.06-09.41.39:613][  0]LogShaderCompilers: Guid format shader working directory is 17 characters bigger than the processId version (../../../../../../Users/Henrik/Documents/GitHub/Balls-of-steel/BOS/Intermediate/Shaders/WorkingDirectory/96/).
[2015.11.06-09.41.39:614][  0]LogShaderCompilers: Cleaned the shader compiler working directory '../../../../../../Users/Henrik/Documents/GitHub/Balls-of-steel/BOS/Intermediate/Shaders/tmp/625CD28F4FE68DB3EA4A2BBB3927DE9E/'.
[2015.11.06-09.41.39:614][  0]LogShaderCompilers:Display: Using Local Shader Compiler.
[2015.11.06-09.41.41:982][  0]LogTemp:Display: Loaded TP AllDesktopTargetPlatform
[2015.11.06-09.41.41:996][  0]LogTemp:Display: Loaded TP WindowsClientTargetPlatform
[2015.11.06-09.41.42:007][  0]LogTemp:Display: Loaded TP WindowsNoEditorTargetPlatform
[2015.11.06-09.41.42:020][  0]LogTemp:Display: Loaded TP WindowsServerTargetPlatform
[2015.11.06-09.41.42:035][  0]LogTemp:Display: Loaded TP WindowsTargetPlatform
[2015.11.06-09.41.42:046][  0]LogTemp:Display: Loaded TP AndroidTargetPlatform
[2015.11.06-09.41.42:054][  0]LogTemp:Display: Loaded TP Android_ASTCTargetPlatform
[2015.11.06-09.41.42:061][  0]LogTemp:Display: Loaded TP Android_ATCTargetPlatform
[2015.11.06-09.41.42:068][  0]LogTemp:Display: Loaded TP Android_DXTTargetPlatform
[2015.11.06-09.41.42:077][  0]LogTemp:Display: Loaded TP Android_ETC1TargetPlatform
[2015.11.06-09.41.42:083][  0]LogTemp:Display: Loaded TP Android_ETC2TargetPlatform
[2015.11.06-09.41.42:091][  0]LogTemp:Display: Loaded TP Android_PVRTCTargetPlatform
[2015.11.06-09.41.42:092][  0]LogTemp:Display: Loaded TP HTML5TargetPlatform
[2015.11.06-09.41.42:115][  0]LogTemp:Display: Loaded TP IOSTargetPlatform
[2015.11.06-09.41.42:123][  0]LogTemp:Display: Loaded TP LinuxNoEditorTargetPlatform
[2015.11.06-09.41.42:133][  0]LogTemp:Display: Loaded TP LinuxServerTargetPlatform
[2015.11.06-09.41.42:141][  0]LogTemp:Display: Loaded TP LinuxTargetPlatform
[2015.11.06-09.41.42:141][  0]LogTargetPlatformManager:Display: Building Assets For Windows
[2015.11.06-09.41.42:337][  0]LogDerivedDataCache:Display: Max Cache Size: 512 MB
[2015.11.06-09.41.42:469][  0]LogDerivedDataCache: Loaded boot cache 0.13s 46MB C:/Users/Henrik/AppData/Local/UnrealEngine/4.9/DerivedDataCache/Boot.ddc.
[2015.11.06-09.41.42:469][  0]LogDerivedDataCache:Display: Loaded Boot cache: C:/Users/Henrik/AppData/Local/UnrealEngine/4.9/DerivedDataCache/Boot.ddc
[2015.11.06-09.41.42:469][  0]LogDerivedDataCache: FDerivedDataBackendGraph:  Pak pak cache file ../../../../../../Users/Henrik/Documents/GitHub/Balls-of-steel/BOS/DerivedDataCache/DDC.ddp not found, will not use a pak cache.
[2015.11.06-09.41.42:469][  0]LogDerivedDataCache: Unable to find inner node Pak for hierarchical cache Hierarchy.
[2015.11.06-09.41.42:469][  0]LogDerivedDataCache: FDerivedDataBackendGraph:  CompressedPak pak cache file ../../../../../../Users/Henrik/Documents/GitHub/Balls-of-steel/BOS/DerivedDataCache/Compressed.ddp not found, will not use a pak cache.
[2015.11.06-09.41.42:469][  0]LogDerivedDataCache: Unable to find inner node CompressedPak for hierarchical cache Hierarchy.
[2015.11.06-09.41.42:775][  0]LogDerivedDataCache:Display: Pak cache opened for reading ../../../Engine/DerivedDataCache/Compressed.ddp.
[2015.11.06-09.41.42:788][  0]LogDerivedDataCache: Using Local data cache path C:/Users/Henrik/AppData/Local/UnrealEngine/Common/DerivedDataCache: Writable
[2015.11.06-09.41.43:132][  0]LogInit: Selected Device Profile: [Windows]
[2015.11.06-09.41.43:138][  0]LogContentStreaming: Texture pool size is 0.000000MB
[2015.11.06-09.41.43:399][  0]LogMeshUtilities: No automatic mesh reduction module available
[2015.11.06-09.41.43:399][  0]LogMeshUtilities: No automatic mesh merging module available
[2015.11.06-09.41.43:903][  0]LogInit: WinSock: version 1.1 (2.2), MaxSocks=32767, MaxUdp=65467
[2015.11.06-09.41.45:085][  0]UdpMessaging: Initializing bridge on interface 0.0.0.0:0 to multicast group 230.0.0.1:6666.
[2015.11.06-09.41.45:162][  0]LogLinker:Warning: Asset '../../../../../../Users/Henrik/Documents/GitHub/Balls-of-steel/BOS/Content/Rolling/Meshes/BallMesh.uasset' has been saved with empty engine version. The asset will be loaded but may be incompatible.
[2015.11.06-09.41.45:163][  0]LogLinker:Warning: Asset '../../../../../../Users/Henrik/Documents/GitHub/Balls-of-steel/BOS/Content/Rolling/Materials/M_Blue_Checker.uasset' has been saved with empty engine version. The asset will be loaded but may be incompatible.
[2015.11.06-09.41.45:164][  0]LogLinker:Warning: Asset '../../../../../../Users/Henrik/Documents/GitHub/Balls-of-steel/BOS/Content/Rolling/Materials/PM_Ball.uasset' has been saved with empty engine version. The asset will be loaded but may be incompatible.
[2015.11.06-09.41.45:405][  0]LogAssetRegistry: FAssetRegistry took 0.0106 seconds to start up
[2015.11.06-09.41.45:758][  0]SourceControl: Info Source control is disabled
[2015.11.06-09.41.45:774][  0]SourceControl: Info Source control is disabled
[2015.11.06-09.41.45:798][  0]SourceControl: Info Source control is disabled
[2015.11.06-09.41.45:820][  0]SourceControl: Info Source control is disabled
[2015.11.06-09.41.46:102][  0]LogLinker:Warning: Asset '../../../Engine/Plugins/Runtime/LeapMotionController/Content/LM_PassthroughMaterial.uasset' has been saved with empty engine version. The asset will be loaded but may be incompatible.
[2015.11.06-09.41.46:254][  0]LogObj: 29662 objects as part of root set at end of initial load.
[2015.11.06-09.41.46:254][  0]LogUObjectAllocator: 6510536 out of 0 bytes used by permanent object pool.
[2015.11.06-09.41.46:361][  0]LogEngine: Initializing Engine...
[2015.11.06-09.41.46:365][  0]LogHMD: Can't find Oculus library dev build: is proper Runtime installed? Version: 0.7.0.0
[2015.11.06-09.41.46:366][  0]LogHMD: SteamVR failed to initialize.  Err: 110
[2015.11.06-09.41.46:635][  0]LogAIModule: Creating AISystem for world NewWorld
[2015.11.06-09.41.46:640][  0]LogInit: XAudio2 using 'Speakers (Realtek High Definition Audio)' : 2 channels at 48 kHz using 32 bits per sample (channel mask 0x3)
[2015.11.06-09.41.46:655][  0]LogInit: FAudioDevice initialized.
[2015.11.06-09.41.46:704][  0]LogDerivedDataCache: Saved boot cache 0.05s 46MB C:/Users/Henrik/AppData/Local/UnrealEngine/4.9/DerivedDataCache/Boot.ddc.
[2015.11.06-09.41.46:718][  0]LogInit: Texture streaming: Enabled
[2015.11.06-09.41.46:729][  0]LogAnalytics: Creating configured Analytics provider AnalyticsET
[2015.11.06-09.41.46:729][  0]LogAnalytics: [UEEditor.Rocket.Release] APIServer = http://et2.epicgames.com/ET2/. AppVersion = 4.9.2-2707645+++depot+UE4-Releases+4.9
[2015.11.06-09.41.46:729][  0]LogAnalytics: [UEEditor.Rocket.Release] SetUserId acaf962148b56d9743bd72afeabcbeb9|c8ac3edb00a24d41af0fa96f246ba628|0c8c2f6c-a153-4eda-82c3-243060fd3001
[2015.11.06-09.41.46:729][  0]LogAnalytics: [UEEditor.Rocket.Release] AnalyticsET::StartSession
[2015.11.06-09.41.46:777][  0]LogInit: Transaction tracking system initialized
[2015.11.06-09.41.46:839][  0]BlueprintLog: New page: Editor Load
[2015.11.06-09.41.47:021][  0]LocalizationService: Info Localization service is disabled
[2015.11.06-09.41.47:421][  0]LogConsoleResponse:Display: 
[2015.11.06-09.41.47:663][  0]LogCook:Display: Done creating registry. It took  0.00s.
[2015.11.06-09.41.47:785][  0]LogFileCache: Scanning file cache for directory 'C:/Users/Henrik/Documents/GitHub/Balls-of-steel/BOS/Content/' took 0.02s
[2015.11.06-09.41.47:785][  0]SourceControl: Info Source control is disabled
[2015.11.06-09.41.47:785][  0]Cmd: MAP LOAD FILE="../../../../../../Users/Henrik/Documents/GitHub/Balls-of-steel/BOS/Content/RollingCPP/Maps/MainMenu.umap" TEMPLATE=0 SHOWPROGRESS=1 FEATURELEVEL=3
[2015.11.06-09.41.47:786][  0]LightingResults: New page: Lighting Build
[2015.11.06-09.41.47:792][  0]MapCheck: New page: Map Check
[2015.11.06-09.41.47:792][  0]LightingResults: New page: Lighting Build
[2015.11.06-09.41.47:817][  0]LogParticles: Destroying 0 GPU particle simulations for FXSystem 0x000000F115A7A160
[2015.11.06-09.41.48:144][  0]LogAIModule: Creating AISystem for world MainMenu
[2015.11.06-09.41.48:157][  0]LogEditorServer: Finished looking for orphan Actors (0.000 secs)
[2015.11.06-09.41.48:158][  0]Cmd: MAP CHECKDEP NOCLEARLOG
[2015.11.06-09.41.48:292][  0]MapCheck: Info Map check complete: 0 Error(s), 0 Warning(s), took 133.83ms to complete.
[2015.11.06-09.41.48:292][  0]LogFileHelpers: Loading map 'MainMenu' took 0.507
[2015.11.06-09.41.48:473][  0]LogCollectionManager: Loaded 0 collections in 0.004564 seconds
[2015.11.06-09.41.48:532][  0]LogFileCache: Scanning file cache for directory 'C:/Users/Henrik/Documents/GitHub/Balls-of-steel/BOS/Saved/Collections/' took 0.01s
[2015.11.06-09.41.48:532][  0]LogFileCache: Scanning file cache for directory 'C:/Users/Henrik/Documents/GitHub/Balls-of-steel/BOS/Content/Developers/Henrik/Collections/' took 0.01s
[2015.11.06-09.41.48:532][  0]LogFileCache: Scanning file cache for directory 'C:/Users/Henrik/Documents/GitHub/Balls-of-steel/BOS/Content/Collections/' took 0.01s
[2015.11.06-09.41.48:532][  0]LogContentBrowser: Native class hierarchy populated in 0.0216 seconds. Added 1875 classes and 335 folders.
[2015.11.06-09.41.48:542][  0]LogCollectionManager: Rebuilt the GUID cache for 0 collections in 0.000005 seconds
[2015.11.06-09.41.48:559][  0]LogContentBrowser: Native class hierarchy updated for 'WidgetCarousel' in 0.0034 seconds. Added 0 classes and 0 folders.
[2015.11.06-09.41.48:668][  0]LogContentBrowser: Native class hierarchy updated for 'AddContentDialog' in 0.0031 seconds. Added 0 classes and 0 folders.
[2015.11.06-09.41.48:681][  0]LogContentBrowser: Native class hierarchy updated for 'SceneOutliner' in 0.0036 seconds. Added 1 classes and 2 folders.
[2015.11.06-09.41.48:727][  0]LogCrashTracker: Crashtracker disabled due to settings.
[2015.11.06-09.41.48:735][  0]LogUObjectGlobals:Warning: Failed to find object 'Class None.'
[2015.11.06-09.41.48:758][  0]LogLoad: Full Startup: 12.99 seconds (BP compile: 0.11 seconds)
[2015.11.06-09.41.48:860][  0]LogContentStreaming: Texture pool size now 400 MB
[2015.11.06-09.41.49:077][  0]LogRenderer: Reallocating scene render targets to support 848x356 (Frame:2).
[2015.11.06-09.41.49:690][  7]LogAssetRegistry: Asset discovery search completed in 4.2958 seconds
[2015.11.06-09.41.49:690][  7]LogCollectionManager: Rebuilt the object cache for 0 collections in 0.000001 seconds (found 0 objects)
[2015.11.06-09.41.49:690][  7]LogCollectionManager: Fixed up redirectors for 0 collections in 0.000046 seconds (updated 0 objects)
[2015.11.06-09.42.08:750][727]LogAIModule: Creating AISystem for world Map2
[2015.11.06-09.42.09:053][727]Cmd: MAP LOAD FILE="../../../../../../Users/Henrik/Documents/GitHub/Balls-of-steel/BOS/Content/RollingCPP/Maps/Map2.umap" TEMPLATE=0 SHOWPROGRESS=1 FEATURELEVEL=3
[2015.11.06-09.42.09:053][727]LightingResults: New page: Lighting Build
[2015.11.06-09.42.09:090][727]LoadErrors: New page: Loading map: Map2.umap
[2015.11.06-09.42.09:091][727]MapCheck: New page: Map Check
[2015.11.06-09.42.09:091][727]LightingResults: New page: Lighting Build
[2015.11.06-09.42.09:117][727]LogParticles: Destroying 0 GPU particle simulations for FXSystem 0x000000F10D39A980
[2015.11.06-09.42.09:175][727]LogEditorServer: Finished looking for orphan Actors (0.000 secs)
[2015.11.06-09.42.09:315][727]Cmd: MAP CHECKDEP NOCLEARLOG
[2015.11.06-09.42.09:554][727]MapCheck: Info Map check complete: 0 Error(s), 0 Warning(s), took 238.465ms to complete.
[2015.11.06-09.42.09:555][727]LogFileHelpers: Loading map 'Map2' took 0.504
[2015.11.06-09.42.33:911][907]Cmd: UpdateLandscapeSetup
[2015.11.06-09.42.35:901][ 76]LogPlayLevel: PlayLevel: No blueprints needed recompiling
[2015.11.06-09.42.35:903][ 76]PIE: New page: PIE session: Map2 (Nov 6, 2015, 11:42:35 AM)
[2015.11.06-09.42.35:903][ 76]LogPlayLevel: Creating play world package: /Game/RollingCPP/Maps/UEDPIE_1_Map2
[2015.11.06-09.42.37:003][ 76]LogPlayLevel: PIE: StaticDuplicateObject took: (1.099978s)
[2015.11.06-09.42.37:004][ 76]LogAIModule: Creating AISystem for world Map2
[2015.11.06-09.42.37:005][ 76]LogPlayLevel: PIE: World Init took: (0.001711s)
[2015.11.06-09.42.37:005][ 76]LogPlayLevel: PIE: Created PIE world by copying editor world from /Game/RollingCPP/Maps/Map2.Map2 to /Game/RollingCPP/Maps/UEDPIE_1_Map2.Map2 (1.102016s)
[2015.11.06-09.42.37:043][ 76]LogInit: XAudio2 using 'Speakers (Realtek High Definition Audio)' : 2 channels at 48 kHz using 32 bits per sample (channel mask 0x3)
[2015.11.06-09.42.37:054][ 76]LogInit: FAudioDevice initialized.
[2015.11.06-09.42.37:103][ 76]LogWorld: Game class is 'BOSGameMode'
[2015.11.06-09.42.37:210][ 76]LogWorld: Bringing World /Game/RollingCPP/Maps/UEDPIE_1_Map2.Map2 up for play (max tick rate 0) at 2015.11.06-10.42.37
[2015.11.06-09.42.37:210][ 76]LogActor:Warning: GameSession /Game/RollingCPP/Maps/UEDPIE_1_Map2.Map2:PersistentLevel.GameSession_0 has natively added scene component(s), but none of them were set as the actor's RootComponent - picking one arbitrarily
[2015.11.06-09.42.37:210][ 76]LogActor:Warning: GameNetworkManager /Game/RollingCPP/Maps/UEDPIE_1_Map2.Map2:PersistentLevel.GameNetworkManager_0 has natively added scene component(s), but none of them were set as the actor's RootComponent - picking one arbitrarily
[2015.11.06-09.42.37:337][ 76]LogWorld: Bringing up level for play took: 0.231657
[2015.11.06-09.42.37:340][ 76]LogWindows:Error: Windows GetLastError: Åtgärden har slutförts. (0)
[2015.11.06-09.42.37:727][ 76]LogCrashTracker: 


[2015.11.06-09.42.37:727][ 76]LogCrashTracker: 


[2015.11.06-09.42.37:727][ 76]LogWindows: === Critical error: ===
Assertion failed: (Index >= 0) & (Index < ArrayNum) [File:C:\Program Files\Epic Games\4.9\Engine\Source\Runtime\Core\Public\Containers\Array.h] [Line: 678] 
Array index out of bounds: 0 from an array of size 0




[2015.11.06-09.42.38:038][ 76]LogExit: Executing StaticShutdownAfterError
[2015.11.06-09.42.38:063][ 76]LogPhysics:Warning: PHYSX: ..\..\PhysX\src\NpScene.cpp (2946) 8 : PxScene::unlockWrite() called without matching call to PxScene::lockWrite(), behaviour will be undefined.
[2015.11.06-09.42.38:063][ 76]LogPhysics:Warning: PHYSX: ..\..\PhysX\src\NpScene.cpp (2946) 8 : PxScene::unlockWrite() called without matching call to PxScene::lockWrite(), behaviour will be undefined.
[2015.11.06-09.42.38:064][ 76]LogPhysics:Warning: PHYSX: ..\..\PhysX\src\NpScene.cpp (2946) 8 : PxScene::unlockWrite() called without matching call to PxScene::lockWrite(), behaviour will be undefined.
[2015.11.06-09.42.38:064][ 76]LogPhysics:Warning: PHYSX: ..\..\PhysX\src\NpScene.cpp (2946) 8 : PxScene::unlockWrite() called without matching call to PxScene::lockWrite(), behaviour will be undefined.
[2015.11.06-09.42.38:064][ 76]LogWindows: FPlatformMisc::RequestExit(1)
[2015.11.06-09.42.38:064][ 76]Log file closed, 11/06/15 10:42:38
