[2015.11.08-14.12.31:687][  0]Log file open, 11/08/15 15:12:31
[2015.11.08-14.12.31:687][  0]LogInit:Display: Running engine for game: BOS
[2015.11.08-14.12.31:687][  0]LogInit:Display: RandInit(-655266593) SRandInit(-655266592).
[2015.11.08-14.12.31:687][  0]LogTaskGraph: Started task graph with 4 named threads and 5 total threads.
[2015.11.08-14.12.31:687][  0]LogStats: Stats thread started at 0.070663
[2015.11.08-14.12.31:687][  0]LogInit: Version: 4.9.2-2707645+++depot+UE4-Releases+4.9
[2015.11.08-14.12.31:687][  0]LogInit: API Version: 2672455
[2015.11.08-14.12.31:687][  0]LogInit: Compiled (64-bit): Sep 28 2015 10:25:44
[2015.11.08-14.12.31:687][  0]LogInit: Compiled with Visual C++: 18.00.21005.01
[2015.11.08-14.12.31:687][  0]LogInit: Build Configuration: Development
[2015.11.08-14.12.31:687][  0]LogInit: Branch Name: ++depot+UE4-Releases+4.9
[2015.11.08-14.12.31:687][  0]LogInit: Command line:  
[2015.11.08-14.12.31:687][  0]LogInit: Base directory: C:/Program Files/Epic Games/4.9/Engine/Binaries/Win64/
[2015.11.08-14.12.31:687][  0]LogInit: Rocket: 1
[2015.11.08-14.12.31:706][  0]LogInit: Using libcurl 7.41.0
[2015.11.08-14.12.31:706][  0]LogInit:  - built for x86_64-pc-win32
[2015.11.08-14.12.31:706][  0]LogInit:  - supports SSL with WinSSL
[2015.11.08-14.12.31:706][  0]LogInit:  - other features:
[2015.11.08-14.12.31:706][  0]LogInit:      CURL_VERSION_SSL
[2015.11.08-14.12.31:706][  0]LogInit:      CURL_VERSION_IPV6
[2015.11.08-14.12.31:706][  0]LogInit:      CURL_VERSION_ASYNCHDNS
[2015.11.08-14.12.31:706][  0]LogInit:      CURL_VERSION_LARGEFILE
[2015.11.08-14.12.31:706][  0]LogInit:      CURL_VERSION_IDN
[2015.11.08-14.12.31:706][  0]LogInit:  CurlRequestOptions (configurable via config and command line):
[2015.11.08-14.12.31:706][  0]LogInit:  - bVerifyPeer = true  - Libcurl will verify peer certificate
[2015.11.08-14.12.31:706][  0]LogInit:  - bUseHttpProxy = false  - Libcurl will NOT use HTTP proxy
[2015.11.08-14.12.31:706][  0]LogInit:  - bDontReuseConnections = false  - Libcurl will reuse connections
[2015.11.08-14.12.31:706][  0]LogInit:  - CertBundlePath = nullptr  - Libcurl will use whatever was configured at build time.
[2015.11.08-14.12.31:717][  0]LogInit: Presizing for 0 objects not considered by GC, pre-allocating 0 bytes.
[2015.11.08-14.12.31:731][  0]LogInit: Object subsystem initialized
[2015.11.08-14.12.31:733][  0]LogInit: Selected Device Profile: [Windows]
[2015.11.08-14.12.31:733][  0]LogInit: Applying CVar settings loaded from the selected device profile: [Windows]
[2015.11.08-14.12.31:744][  0]LogInit: Computer: STOFFEPC
[2015.11.08-14.12.31:744][  0]LogInit: User: Stoffe
[2015.11.08-14.12.31:744][  0]LogInit: CPU Page size=4096, Cores=2
[2015.11.08-14.12.31:744][  0]LogInit: High frequency timer resolution =3.222683 MHz
[2015.11.08-14.12.31:744][  0]LogMemory: Memory total: Physical=7.9GB (8GB approx)
[2015.11.08-14.12.31:744][  0]LogMemory: Platform Memory Stats for Windows
[2015.11.08-14.12.31:744][  0]LogMemory: Process Physical Memory: 52.32 MB used, 52.32 MB peak
[2015.11.08-14.12.31:744][  0]LogMemory: Process Virtual Memory: 54.92 MB used, 54.92 MB peak
[2015.11.08-14.12.31:744][  0]LogMemory: Physical Memory: 4558.25 MB used, 8126.94 MB total
[2015.11.08-14.12.31:744][  0]LogMemory: Virtual Memory: 347.52 MB used, 134217728.00 MB total
[2015.11.08-14.12.31:786][  0]LogTextLocalizationManager: No translations for ('sv-SE') exist, falling back to 'en' for localization and internationalization data.
[2015.11.08-14.12.32:831][  0]LogD3D11RHI: Found D3D11 adapter 0: AMD Radeon HD 7800 Series (Feature Level 11_0)
[2015.11.08-14.12.32:831][  0]LogD3D11RHI: Adapter has 2030MB of dedicated video memory, 0MB of dedicated system memory, and 3840MB of shared system memory, 2 output[s]
[2015.11.08-14.12.32:832][  0]LogD3D11RHI: Found D3D11 adapter 1: Microsoft Basic Render Driver (Feature Level 11_0)
[2015.11.08-14.12.32:832][  0]LogD3D11RHI: Adapter has 0MB of dedicated video memory, 0MB of dedicated system memory, and 256MB of shared system memory, 0 output[s]
[2015.11.08-14.12.32:832][  0]LogD3D11RHI: Chosen D3D11 Adapter Id = 0
[2015.11.08-14.12.32:836][  0]LogD3D11RHI: !Direct3DDevice
[2015.11.08-14.12.32:836][  0]LogRHI: Texture pool is 1361 MB (70% of 1945 MB)
[2015.11.08-14.12.32:841][  0]LogD3D11RHI: Async texture creation disabled: no driver support
[2015.11.08-14.12.32:851][  0]LogShaderCompilers: Guid format shader working directory is 15 characters bigger than the processId version (../../../../../../Users/Stoffe/Documents/GitHub/Balls-of-steel/BOS/Intermediate/Shaders/WorkingDirectory/1644/).
[2015.11.08-14.12.32:851][  0]LogShaderCompilers: Cleaned the shader compiler working directory '../../../../../../Users/Stoffe/Documents/GitHub/Balls-of-steel/BOS/Intermediate/Shaders/tmp/FDBBA9CE4DA3C40C370E5AB39CC4BF02/'.
[2015.11.08-14.12.32:851][  0]LogShaderCompilers:Display: Using Local Shader Compiler.
[2015.11.08-14.12.34:314][  0]LogTemp:Display: Loaded TP AllDesktopTargetPlatform
[2015.11.08-14.12.34:319][  0]LogTemp:Display: Loaded TP WindowsClientTargetPlatform
[2015.11.08-14.12.34:328][  0]LogTemp:Display: Loaded TP WindowsNoEditorTargetPlatform
[2015.11.08-14.12.34:336][  0]LogTemp:Display: Loaded TP WindowsServerTargetPlatform
[2015.11.08-14.12.34:344][  0]LogTemp:Display: Loaded TP WindowsTargetPlatform
[2015.11.08-14.12.34:347][  0]LogTemp:Display: Loaded TP AndroidTargetPlatform
[2015.11.08-14.12.34:350][  0]LogTemp:Display: Loaded TP Android_ASTCTargetPlatform
[2015.11.08-14.12.34:354][  0]LogTemp:Display: Loaded TP Android_ATCTargetPlatform
[2015.11.08-14.12.34:357][  0]LogTemp:Display: Loaded TP Android_DXTTargetPlatform
[2015.11.08-14.12.34:361][  0]LogTemp:Display: Loaded TP Android_ETC1TargetPlatform
[2015.11.08-14.12.34:364][  0]LogTemp:Display: Loaded TP Android_ETC2TargetPlatform
[2015.11.08-14.12.34:367][  0]LogTemp:Display: Loaded TP Android_PVRTCTargetPlatform
[2015.11.08-14.12.34:368][  0]LogTemp:Display: Loaded TP HTML5TargetPlatform
[2015.11.08-14.12.34:385][  0]LogTemp:Display: Loaded TP IOSTargetPlatform
[2015.11.08-14.12.34:390][  0]LogTemp:Display: Loaded TP LinuxNoEditorTargetPlatform
[2015.11.08-14.12.34:395][  0]LogTemp:Display: Loaded TP LinuxServerTargetPlatform
[2015.11.08-14.12.34:401][  0]LogTemp:Display: Loaded TP LinuxTargetPlatform
[2015.11.08-14.12.34:401][  0]LogTargetPlatformManager:Display: Building Assets For Windows
[2015.11.08-14.12.34:540][  0]LogDerivedDataCache:Display: Max Cache Size: 512 MB
[2015.11.08-14.12.34:587][  0]LogDerivedDataCache: Loaded boot cache 0.05s 47MB C:/Users/Stoffe/AppData/Local/UnrealEngine/4.9/DerivedDataCache/Boot.ddc.
[2015.11.08-14.12.34:587][  0]LogDerivedDataCache:Display: Loaded Boot cache: C:/Users/Stoffe/AppData/Local/UnrealEngine/4.9/DerivedDataCache/Boot.ddc
[2015.11.08-14.12.34:587][  0]LogDerivedDataCache: FDerivedDataBackendGraph:  Pak pak cache file ../../../../../../Users/Stoffe/Documents/GitHub/Balls-of-steel/BOS/DerivedDataCache/DDC.ddp not found, will not use a pak cache.
[2015.11.08-14.12.34:587][  0]LogDerivedDataCache: Unable to find inner node Pak for hierarchical cache Hierarchy.
[2015.11.08-14.12.34:587][  0]LogDerivedDataCache: FDerivedDataBackendGraph:  CompressedPak pak cache file ../../../../../../Users/Stoffe/Documents/GitHub/Balls-of-steel/BOS/DerivedDataCache/Compressed.ddp not found, will not use a pak cache.
[2015.11.08-14.12.34:587][  0]LogDerivedDataCache: Unable to find inner node CompressedPak for hierarchical cache Hierarchy.
[2015.11.08-14.12.34:772][  0]LogDerivedDataCache:Display: Pak cache opened for reading ../../../Engine/DerivedDataCache/Compressed.ddp.
[2015.11.08-14.12.34:784][  0]LogDerivedDataCache: Using Local data cache path C:/Users/Stoffe/AppData/Local/UnrealEngine/Common/DerivedDataCache: Writable
[2015.11.08-14.12.35:021][  0]LogInit: Selected Device Profile: [Windows]
[2015.11.08-14.12.35:024][  0]LogContentStreaming: Texture pool size is 0.000000MB
[2015.11.08-14.12.35:166][  0]LogMeshUtilities: No automatic mesh reduction module available
[2015.11.08-14.12.35:166][  0]LogMeshUtilities: No automatic mesh merging module available
[2015.11.08-14.12.35:473][  0]LogInit: WinSock: version 1.1 (2.2), MaxSocks=32767, MaxUdp=65467
[2015.11.08-14.12.36:421][  0]UdpMessaging: Initializing bridge on interface 0.0.0.0:0 to multicast group 230.0.0.1:6666.
[2015.11.08-14.12.36:495][  0]LogLinker:Warning: Asset '../../../../../../Users/Stoffe/Documents/GitHub/Balls-of-steel/BOS/Content/Rolling/Meshes/BallMesh.uasset' has been saved with empty engine version. The asset will be loaded but may be incompatible.
[2015.11.08-14.12.36:496][  0]LogLinker:Warning: Asset '../../../../../../Users/Stoffe/Documents/GitHub/Balls-of-steel/BOS/Content/Rolling/Materials/M_Blue_Checker.uasset' has been saved with empty engine version. The asset will be loaded but may be incompatible.
[2015.11.08-14.12.36:497][  0]LogLinker:Warning: Asset '../../../../../../Users/Stoffe/Documents/GitHub/Balls-of-steel/BOS/Content/Rolling/Materials/PM_Ball.uasset' has been saved with empty engine version. The asset will be loaded but may be incompatible.
[2015.11.08-14.12.36:735][  0]LogAssetRegistry: FAssetRegistry took 0.0106 seconds to start up
[2015.11.08-14.12.36:980][  0]SourceControl: Info Source control is disabled
[2015.11.08-14.12.36:989][  0]SourceControl: Info Source control is disabled
[2015.11.08-14.12.37:009][  0]SourceControl: Info Source control is disabled
[2015.11.08-14.12.37:031][  0]SourceControl: Info Source control is disabled
[2015.11.08-14.12.37:258][  0]LogLinker:Warning: Asset '../../../Engine/Plugins/Runtime/LeapMotionController/Content/LM_PassthroughMaterial.uasset' has been saved with empty engine version. The asset will be loaded but may be incompatible.
[2015.11.08-14.12.37:361][  0]LogObj: 30436 objects as part of root set at end of initial load.
[2015.11.08-14.12.37:361][  0]LogUObjectAllocator: 6776464 out of 0 bytes used by permanent object pool.
[2015.11.08-14.12.37:435][  0]LogEngine: Initializing Engine...
[2015.11.08-14.12.37:441][  0]LogHMD: Can't find Oculus library dev build: is proper Runtime installed? Version: 0.7.0.0
[2015.11.08-14.12.37:442][  0]LogHMD: SteamVR failed to initialize.  Err: 110
[2015.11.08-14.12.37:619][  0]LogAIModule: Creating AISystem for world NewWorld
[2015.11.08-14.12.37:624][  0]LogInit: XAudio2 using 'Högtalare (Realtek High Definition Audio)' : 2 channels at 48 kHz using 32 bits per sample (channel mask 0x3)
[2015.11.08-14.12.37:643][  0]LogInit: FAudioDevice initialized.
[2015.11.08-14.12.37:666][  0]LogDerivedDataCache: Saved boot cache 0.02s 47MB C:/Users/Stoffe/AppData/Local/UnrealEngine/4.9/DerivedDataCache/Boot.ddc.
[2015.11.08-14.12.37:669][  0]LogInit: Texture streaming: Enabled
[2015.11.08-14.12.37:676][  0]LogAnalytics: Creating configured Analytics provider AnalyticsET
[2015.11.08-14.12.37:676][  0]LogAnalytics: [UEEditor.Rocket.Release] APIServer = http://et2.epicgames.com/ET2/. AppVersion = 4.9.2-2707645+++depot+UE4-Releases+4.9
[2015.11.08-14.12.37:676][  0]LogAnalytics: [UEEditor.Rocket.Release] SetUserId c2f82278409fbc7e17ba4c8b187827c0|8471e16762be488588a110ad13c08bd6|a2f24018-7849-4a41-8ec9-fa4680d0f5a7
[2015.11.08-14.12.37:676][  0]LogAnalytics: [UEEditor.Rocket.Release] AnalyticsET::StartSession
[2015.11.08-14.12.37:686][  0]LogWindowsTextInputMethodSystem:Display: IME system now deactivated.
[2015.11.08-14.12.37:702][  0]LogInit: Transaction tracking system initialized
[2015.11.08-14.12.37:751][  0]BlueprintLog: New page: Editor Load
[2015.11.08-14.12.37:888][  0]LocalizationService: Info Localization service is disabled
[2015.11.08-14.12.38:012][  0]LogConsoleResponse:Display: 
[2015.11.08-14.12.38:229][  0]LogCook:Display: Done creating registry. It took  0.00s.
[2015.11.08-14.12.38:310][  0]LogFileCache: Scanning file cache for directory 'C:/Users/Stoffe/Documents/GitHub/Balls-of-steel/BOS/Content/' took 0.03s
[2015.11.08-14.12.38:310][  0]SourceControl: Info Source control is disabled
[2015.11.08-14.12.38:310][  0]Cmd: MAP LOAD FILE="../../../../../../Users/Stoffe/Documents/GitHub/Balls-of-steel/BOS/Content/RollingCPP/Maps/MainMenu.umap" TEMPLATE=0 SHOWPROGRESS=1 FEATURELEVEL=3
[2015.11.08-14.12.38:311][  0]LogEditorServer:Warning: Can't find file '../../../../../../Users/Stoffe/Documents/GitHub/Balls-of-steel/BOS/Content/RollingCPP/Maps/MainMenu.umap'
[2015.11.08-14.12.38:311][  0]Cmd: MAP CHECKDEP NOCLEARLOG
[2015.11.08-14.12.38:373][  0]MapCheck: Info Map check complete: 0 Error(s), 0 Warning(s), took 61.846ms to complete.
[2015.11.08-14.12.38:373][  0]LogFileHelpers: Loading map 'MainMenu' took 0.062
[2015.11.08-14.12.38:546][  0]LogCollectionManager: Loaded 0 collections in 0.003553 seconds
[2015.11.08-14.12.38:600][  0]LogFileCache: Scanning file cache for directory 'C:/Users/Stoffe/Documents/GitHub/Balls-of-steel/BOS/Saved/Collections/' took 0.01s
[2015.11.08-14.12.38:600][  0]LogFileCache: Scanning file cache for directory 'C:/Users/Stoffe/Documents/GitHub/Balls-of-steel/BOS/Content/Developers/Stoffe/Collections/' took 0.01s
[2015.11.08-14.12.38:600][  0]LogFileCache: Scanning file cache for directory 'C:/Users/Stoffe/Documents/GitHub/Balls-of-steel/BOS/Content/Collections/' took 0.01s
[2015.11.08-14.12.38:600][  0]LogContentBrowser: Native class hierarchy populated in 0.0184 seconds. Added 1875 classes and 335 folders.
[2015.11.08-14.12.38:614][  0]LogCollectionManager: Rebuilt the GUID cache for 0 collections in 0.000003 seconds
[2015.11.08-14.12.38:627][  0]LogContentBrowser: Native class hierarchy updated for 'WidgetCarousel' in 0.0021 seconds. Added 0 classes and 0 folders.
[2015.11.08-14.12.38:692][  0]LogContentBrowser: Native class hierarchy updated for 'AddContentDialog' in 0.0022 seconds. Added 0 classes and 0 folders.
[2015.11.08-14.12.38:706][  0]LogContentBrowser: Native class hierarchy updated for 'SceneOutliner' in 0.0022 seconds. Added 1 classes and 2 folders.
[2015.11.08-14.12.38:807][  0]LogCrashTracker: Crashtracker disabled due to settings.
[2015.11.08-14.12.38:832][  0]LogUObjectGlobals:Warning: Failed to find object 'Class None.'
[2015.11.08-14.12.38:860][  0]LogLoad: Full Startup: 8.33 seconds (BP compile: 0.03 seconds)
[2015.11.08-14.12.38:917][  0]LogContentStreaming: Texture pool size now 1000 MB
[2015.11.08-14.12.39:063][  0]LogRenderer: Reallocating scene render targets to support 1028x636 (Frame:2).
[2015.11.08-14.12.39:777][  3]LogAssetRegistry: Asset discovery search completed in 3.0527 seconds
[2015.11.08-14.12.39:777][  3]LogCollectionManager: Rebuilt the object cache for 0 collections in 0.000001 seconds (found 0 objects)
[2015.11.08-14.12.39:777][  3]LogCollectionManager: Fixed up redirectors for 0 collections in 0.000051 seconds (updated 0 objects)
[2015.11.08-14.12.41:527][155]LogLinker:Warning: Asset '../../../Engine/Content/ArtTools/RenderToTexture/Macros/RenderToTextureMacros.uasset' has been saved with empty engine version. The asset will be loaded but may be incompatible.
[2015.11.08-14.12.42:521][155]LogContentBrowser: Native class hierarchy updated for 'BlueprintGraph' in 0.0027 seconds. Added 107 classes and 0 folders.
[2015.11.08-14.12.43:105][155]LogPrimitiveComponent: Zero scaling not supported (/Engine/Transient.World_3:PersistentLevel.BasicProjectile_BP3_C_0.StaticMesh)
[2015.11.08-14.12.44:228][212]LogPrimitiveComponent: Zero scaling not supported (/Engine/Transient.World_3:PersistentLevel.BasicProjectile_BP3_C_0.StaticMesh)
[2015.11.08-14.12.44:312][214]LogRenderer: Reallocating scene render targets to support 1028x712 (Frame:132).
[2015.11.08-14.12.49:262][495]LogPrimitiveComponent: Zero scaling not supported (/Engine/Transient.World_3:PersistentLevel.BasicProjectile_BP3_C_0.StaticMesh)
[2015.11.08-14.12.49:297][496]LogPrimitiveComponent: Zero scaling not supported (/Engine/Transient.World_3:PersistentLevel.BasicProjectile_BP3_C_0.StaticMesh)
[2015.11.08-14.12.49:331][497]LogPrimitiveComponent: Zero scaling not supported (/Engine/Transient.World_3:PersistentLevel.BasicProjectile_BP3_C_0.StaticMesh)
[2015.11.08-14.12.49:365][498]LogPrimitiveComponent: Zero scaling not supported (/Engine/Transient.World_3:PersistentLevel.BasicProjectile_BP3_C_0.StaticMesh)
[2015.11.08-14.12.49:400][499]LogPrimitiveComponent: Zero scaling not supported (/Engine/Transient.World_3:PersistentLevel.BasicProjectile_BP3_C_0.StaticMesh)
[2015.11.08-14.12.49:434][500]LogPrimitiveComponent: Zero scaling not supported (/Engine/Transient.World_3:PersistentLevel.BasicProjectile_BP3_C_0.StaticMesh)
[2015.11.08-14.12.49:468][501]LogPrimitiveComponent: Zero scaling not supported (/Engine/Transient.World_3:PersistentLevel.BasicProjectile_BP3_C_0.StaticMesh)
[2015.11.08-14.12.49:503][502]LogPrimitiveComponent: Zero scaling not supported (/Engine/Transient.World_3:PersistentLevel.BasicProjectile_BP3_C_0.StaticMesh)
[2015.11.08-14.12.49:540][503]LogPrimitiveComponent: Zero scaling not supported (/Engine/Transient.World_3:PersistentLevel.BasicProjectile_BP3_C_0.StaticMesh)
[2015.11.08-14.12.49:576][504]LogPrimitiveComponent: Zero scaling not supported (/Engine/Transient.World_3:PersistentLevel.BasicProjectile_BP3_C_0.StaticMesh)
[2015.11.08-14.12.49:612][505]LogPrimitiveComponent: Zero scaling not supported (/Engine/Transient.World_3:PersistentLevel.BasicProjectile_BP3_C_0.StaticMesh)
[2015.11.08-14.12.49:651][506]LogPrimitiveComponent: Zero scaling not supported (/Engine/Transient.World_3:PersistentLevel.BasicProjectile_BP3_C_0.StaticMesh)
[2015.11.08-14.12.49:689][507]LogPrimitiveComponent: Zero scaling not supported (/Engine/Transient.World_3:PersistentLevel.BasicProjectile_BP3_C_0.StaticMesh)
[2015.11.08-14.12.49:724][508]LogPrimitiveComponent: Zero scaling not supported (/Engine/Transient.World_3:PersistentLevel.BasicProjectile_BP3_C_0.StaticMesh)
[2015.11.08-14.12.49:759][509]LogPrimitiveComponent: Zero scaling not supported (/Engine/Transient.World_3:PersistentLevel.BasicProjectile_BP3_C_0.StaticMesh)
[2015.11.08-14.12.49:792][510]LogPrimitiveComponent: Zero scaling not supported (/Engine/Transient.World_3:PersistentLevel.BasicProjectile_BP3_C_0.StaticMesh)
[2015.11.08-14.12.49:819][511]LogPrimitiveComponent: Zero scaling not supported (/Engine/Transient.World_3:PersistentLevel.BasicProjectile_BP3_C_0.StaticMesh)
[2015.11.08-14.12.49:848][512]LogPrimitiveComponent: Zero scaling not supported (/Engine/Transient.World_3:PersistentLevel.BasicProjectile_BP3_C_0.StaticMesh)
[2015.11.08-14.12.49:917][516]LogPrimitiveComponent: Zero scaling not supported (/Engine/Transient.World_3:PersistentLevel.BasicProjectile_BP3_C_0.StaticMesh)
[2015.11.08-14.12.49:945][517]LogPrimitiveComponent: Zero scaling not supported (/Engine/Transient.World_3:PersistentLevel.BasicProjectile_BP3_C_0.StaticMesh)
[2015.11.08-14.12.49:974][518]LogPrimitiveComponent: Zero scaling not supported (/Engine/Transient.World_3:PersistentLevel.BasicProjectile_BP3_C_0.StaticMesh)
[2015.11.08-14.12.50:005][519]LogPrimitiveComponent: Zero scaling not supported (/Engine/Transient.World_3:PersistentLevel.BasicProjectile_BP3_C_0.StaticMesh)
[2015.11.08-14.12.50:037][520]LogPrimitiveComponent: Zero scaling not supported (/Engine/Transient.World_3:PersistentLevel.BasicProjectile_BP3_C_0.StaticMesh)
[2015.11.08-14.12.50:067][521]LogPrimitiveComponent: Zero scaling not supported (/Engine/Transient.World_3:PersistentLevel.BasicProjectile_BP3_C_0.StaticMesh)
[2015.11.08-14.12.50:663][566]LogPrimitiveComponent: Zero scaling not supported (/Engine/Transient.World_3:PersistentLevel.BasicProjectile_BP3_C_0.StaticMesh)
[2015.11.08-14.12.50:697][567]LogPrimitiveComponent: Zero scaling not supported (/Engine/Transient.World_3:PersistentLevel.BasicProjectile_BP3_C_0.StaticMesh)
[2015.11.08-14.12.50:731][568]LogPrimitiveComponent: Zero scaling not supported (/Engine/Transient.World_3:PersistentLevel.BasicProjectile_BP3_C_0.StaticMesh)
[2015.11.08-14.12.50:767][569]LogPrimitiveComponent: Zero scaling not supported (/Engine/Transient.World_3:PersistentLevel.BasicProjectile_BP3_C_0.StaticMesh)
[2015.11.08-14.12.50:804][570]LogPrimitiveComponent: Zero scaling not supported (/Engine/Transient.World_3:PersistentLevel.BasicProjectile_BP3_C_0.StaticMesh)
[2015.11.08-14.12.50:840][571]LogPrimitiveComponent: Zero scaling not supported (/Engine/Transient.World_3:PersistentLevel.BasicProjectile_BP3_C_0.StaticMesh)
[2015.11.08-14.12.50:875][572]LogPrimitiveComponent: Zero scaling not supported (/Engine/Transient.World_3:PersistentLevel.BasicProjectile_BP3_C_0.StaticMesh)
[2015.11.08-14.12.50:913][573]LogPrimitiveComponent: Zero scaling not supported (/Engine/Transient.World_3:PersistentLevel.BasicProjectile_BP3_C_0.StaticMesh)
[2015.11.08-14.12.50:950][574]LogPrimitiveComponent: Zero scaling not supported (/Engine/Transient.World_3:PersistentLevel.BasicProjectile_BP3_C_0.StaticMesh)
[2015.11.08-14.12.50:987][575]LogPrimitiveComponent: Zero scaling not supported (/Engine/Transient.World_3:PersistentLevel.BasicProjectile_BP3_C_0.StaticMesh)
[2015.11.08-14.12.51:025][576]LogPrimitiveComponent: Zero scaling not supported (/Engine/Transient.World_3:PersistentLevel.BasicProjectile_BP3_C_0.StaticMesh)
[2015.11.08-14.12.51:060][577]LogPrimitiveComponent: Zero scaling not supported (/Engine/Transient.World_3:PersistentLevel.BasicProjectile_BP3_C_0.StaticMesh)
[2015.11.08-14.12.51:095][578]LogPrimitiveComponent: Zero scaling not supported (/Engine/Transient.World_3:PersistentLevel.BasicProjectile_BP3_C_0.StaticMesh)
[2015.11.08-14.12.51:130][579]LogPrimitiveComponent: Zero scaling not supported (/Engine/Transient.World_3:PersistentLevel.BasicProjectile_BP3_C_0.StaticMesh)
[2015.11.08-14.12.51:166][580]LogPrimitiveComponent: Zero scaling not supported (/Engine/Transient.World_3:PersistentLevel.BasicProjectile_BP3_C_0.StaticMesh)
[2015.11.08-14.12.51:232][583]LogPrimitiveComponent: Zero scaling not supported (/Engine/Transient.World_3:PersistentLevel.BasicProjectile_BP3_C_0.StaticMesh)
[2015.11.08-14.12.51:453][596]LogPrimitiveComponent: Zero scaling not supported (/Engine/Transient.World_3:PersistentLevel.BasicProjectile_BP3_C_0.StaticMesh)
[2015.11.08-14.12.51:487][597]LogPrimitiveComponent: Zero scaling not supported (/Engine/Transient.World_3:PersistentLevel.BasicProjectile_BP3_C_0.StaticMesh)
[2015.11.08-14.12.51:522][598]LogPrimitiveComponent: Zero scaling not supported (/Engine/Transient.World_3:PersistentLevel.BasicProjectile_BP3_C_0.StaticMesh)
[2015.11.08-14.12.51:560][599]LogPrimitiveComponent: Zero scaling not supported (/Engine/Transient.World_3:PersistentLevel.BasicProjectile_BP3_C_0.StaticMesh)
[2015.11.08-14.12.51:599][600]LogPrimitiveComponent: Zero scaling not supported (/Engine/Transient.World_3:PersistentLevel.BasicProjectile_BP3_C_0.StaticMesh)
[2015.11.08-14.12.51:632][601]LogPrimitiveComponent: Zero scaling not supported (/Engine/Transient.World_3:PersistentLevel.BasicProjectile_BP3_C_0.StaticMesh)
[2015.11.08-14.12.51:665][602]LogPrimitiveComponent: Zero scaling not supported (/Engine/Transient.World_3:PersistentLevel.BasicProjectile_BP3_C_0.StaticMesh)
[2015.11.08-14.12.51:701][603]LogPrimitiveComponent: Zero scaling not supported (/Engine/Transient.World_3:PersistentLevel.BasicProjectile_BP3_C_0.StaticMesh)
[2015.11.08-14.12.51:737][604]LogPrimitiveComponent: Zero scaling not supported (/Engine/Transient.World_3:PersistentLevel.BasicProjectile_BP3_C_0.StaticMesh)
[2015.11.08-14.12.51:773][605]LogPrimitiveComponent: Zero scaling not supported (/Engine/Transient.World_3:PersistentLevel.BasicProjectile_BP3_C_0.StaticMesh)
[2015.11.08-14.12.51:809][606]LogPrimitiveComponent: Zero scaling not supported (/Engine/Transient.World_3:PersistentLevel.BasicProjectile_BP3_C_0.StaticMesh)
[2015.11.08-14.12.51:846][607]LogPrimitiveComponent: Zero scaling not supported (/Engine/Transient.World_3:PersistentLevel.BasicProjectile_BP3_C_0.StaticMesh)
[2015.11.08-14.12.51:878][608]LogPrimitiveComponent: Zero scaling not supported (/Engine/Transient.World_3:PersistentLevel.BasicProjectile_BP3_C_0.StaticMesh)
[2015.11.08-14.12.51:911][609]LogPrimitiveComponent: Zero scaling not supported (/Engine/Transient.World_3:PersistentLevel.BasicProjectile_BP3_C_0.StaticMesh)
[2015.11.08-14.12.51:944][610]LogPrimitiveComponent: Zero scaling not supported (/Engine/Transient.World_3:PersistentLevel.BasicProjectile_BP3_C_0.StaticMesh)
[2015.11.08-14.12.51:980][611]LogPrimitiveComponent: Zero scaling not supported (/Engine/Transient.World_3:PersistentLevel.BasicProjectile_BP3_C_0.StaticMesh)
[2015.11.08-14.12.52:015][612]LogPrimitiveComponent: Zero scaling not supported (/Engine/Transient.World_3:PersistentLevel.BasicProjectile_BP3_C_0.StaticMesh)
[2015.11.08-14.12.52:048][613]LogPrimitiveComponent: Zero scaling not supported (/Engine/Transient.World_3:PersistentLevel.BasicProjectile_BP3_C_0.StaticMesh)
[2015.11.08-14.12.52:078][614]LogPrimitiveComponent: Zero scaling not supported (/Engine/Transient.World_3:PersistentLevel.BasicProjectile_BP3_C_0.StaticMesh)
[2015.11.08-14.12.52:303][628]LogPrimitiveComponent: Zero scaling not supported (/Engine/Transient.World_3:PersistentLevel.BasicProjectile_BP3_C_0.StaticMesh)
[2015.11.08-14.12.52:338][629]LogPrimitiveComponent: Zero scaling not supported (/Engine/Transient.World_3:PersistentLevel.BasicProjectile_BP3_C_0.StaticMesh)
[2015.11.08-14.12.52:372][630]LogPrimitiveComponent: Zero scaling not supported (/Engine/Transient.World_3:PersistentLevel.BasicProjectile_BP3_C_0.StaticMesh)
[2015.11.08-14.12.52:408][631]LogPrimitiveComponent: Zero scaling not supported (/Engine/Transient.World_3:PersistentLevel.BasicProjectile_BP3_C_0.StaticMesh)
[2015.11.08-14.13.03:009][352]LogPrimitiveComponent: Zero scaling not supported (/Engine/Transient.World_3:PersistentLevel.BasicProjectile_BP3_C_0.StaticMesh)
[2015.11.08-14.13.03:026][352]LogPrimitiveComponent: Zero scaling not supported (/Engine/Transient.World_3:PersistentLevel.BasicProjectile_BP3_C_0.StaticMesh)
[2015.11.08-14.13.03:045][352]LogActorComponent: UnregisterComponent: (/Engine/Transient.ProjectileComp) Not registered. Aborting.
[2015.11.08-14.13.03:045][352]LogActorComponent: UnregisterComponent: (/Engine/Transient.ProjectileMovementComponent_0) Not registered. Aborting.
[2015.11.08-14.13.03:045][352]LogActorComponent: UnregisterComponent: (/Engine/Transient.ProjectileMovementComponent_1) Not registered. Aborting.
[2015.11.08-14.13.03:045][352]LogActorComponent: UnregisterComponent: (/Engine/Transient.ProjectileMovementComponent_2) Not registered. Aborting.
[2015.11.08-14.13.03:079][352]LogPrimitiveComponent: Zero scaling not supported (/Engine/Transient.World_3:PersistentLevel.BasicProjectile_BP3_C_0.StaticMesh)
[2015.11.08-14.13.04:562][460]LogPrimitiveComponent: Zero scaling not supported (/Engine/Transient.World_3:PersistentLevel.BasicProjectile_BP3_C_0.StaticMesh)
[2015.11.08-14.13.04:589][461]LogPrimitiveComponent: Zero scaling not supported (/Engine/Transient.World_3:PersistentLevel.BasicProjectile_BP3_C_0.StaticMesh)
[2015.11.08-14.13.04:618][462]LogPrimitiveComponent: Zero scaling not supported (/Engine/Transient.World_3:PersistentLevel.BasicProjectile_BP3_C_0.StaticMesh)
[2015.11.08-14.13.04:647][463]LogPrimitiveComponent: Zero scaling not supported (/Engine/Transient.World_3:PersistentLevel.BasicProjectile_BP3_C_0.StaticMesh)
[2015.11.08-14.13.04:679][464]LogPrimitiveComponent: Zero scaling not supported (/Engine/Transient.World_3:PersistentLevel.BasicProjectile_BP3_C_0.StaticMesh)
[2015.11.08-14.13.04:706][465]LogPrimitiveComponent: Zero scaling not supported (/Engine/Transient.World_3:PersistentLevel.BasicProjectile_BP3_C_0.StaticMesh)
[2015.11.08-14.13.04:737][466]LogPrimitiveComponent: Zero scaling not supported (/Engine/Transient.World_3:PersistentLevel.BasicProjectile_BP3_C_0.StaticMesh)
[2015.11.08-14.13.13:037][ 51]LogPrimitiveComponent: Zero scaling not supported (/Engine/Transient.World_3:PersistentLevel.BasicProjectile_BP3_C_0.StaticMesh)
[2015.11.08-14.13.13:054][ 51]LogPrimitiveComponent: Zero scaling not supported (/Engine/Transient.World_3:PersistentLevel.BasicProjectile_BP3_C_0.StaticMesh)
[2015.11.08-14.13.13:070][ 51]LogActorComponent: UnregisterComponent: (/Engine/Transient.ProjectileMovementComponent_3) Not registered. Aborting.
[2015.11.08-14.13.13:095][ 51]LogPrimitiveComponent: Zero scaling not supported (/Engine/Transient.World_3:PersistentLevel.BasicProjectile_BP3_C_0.StaticMesh)
[2015.11.08-14.13.14:830][170]LogPrimitiveComponent: Zero scaling not supported (/Engine/Transient.World_3:PersistentLevel.BasicProjectile_BP3_C_0.StaticMesh)
[2015.11.08-14.13.14:847][170]LogPrimitiveComponent: Zero scaling not supported (/Engine/Transient.World_3:PersistentLevel.BasicProjectile_BP3_C_0.StaticMesh)
[2015.11.08-14.13.14:868][170]LogActorComponent: UnregisterComponent: (/Engine/Transient.ProjectileMovementComponent_4) Not registered. Aborting.
[2015.11.08-14.13.14:893][170]LogPrimitiveComponent: Zero scaling not supported (/Engine/Transient.World_3:PersistentLevel.BasicProjectile_BP3_C_0.StaticMesh)
[2015.11.08-14.13.16:366][269]LogActorComponent: UnregisterComponent: (/Engine/Transient.ProjectileMovementComponent_5) Not registered. Aborting.
[2015.11.08-14.13.21:575][583]BlueprintLog: New page: Compile BasicProjectile_BP3
[2015.11.08-14.13.21:685][583]LogActorComponent: UnregisterComponent: (/Engine/Transient.ProjectileMovementComponent_6) Not registered. Aborting.
[2015.11.08-14.13.21:751][583]BlueprintEditorCompileResults: Info [0051.22] Compile of BasicProjectile_BP3 successful! [in 176 ms]
[2015.11.08-14.13.22:278][621]Cmd: OBJ SAVEPACKAGE PACKAGE="/Game/BasicProjectile_BP3" FILE="../../../../../../Users/Stoffe/Documents/GitHub/Balls-of-steel/BOS/Content/BasicProjectile_BP3.uasset" SILENT=true
[2015.11.08-14.13.22:320][621]LogSavePackage: Save=30.555286ms
[2015.11.08-14.13.22:320][621]LogSavePackage: Moving '../../../../../../Users/Stoffe/Documents/GitHub/Balls-of-steel/BOS/Saved/BasicProjectile_BP3D5A8943345C8793899804CB8C4835A57.tmp' to '../../../../../../Users/Stoffe/Documents/GitHub/Balls-of-steel/BOS/Content/BasicProjectile_BP3.uasset'
[2015.11.08-14.13.22:322][621]LogSavePackage: Total save time: 43.336254ms
[2015.11.08-14.13.22:322][621]LogSavePackage:Warning: Finished SavePackage ../../../../../../Users/Stoffe/Documents/GitHub/Balls-of-steel/BOS/Content/BasicProjectile_BP3.uasset
[2015.11.08-14.13.23:970][753]LogPlayLevel: PlayLevel: No blueprints needed recompiling
[2015.11.08-14.13.23:972][753]PIE: New page: PIE session: Untitled_0 (Nov 8, 2015, 4:13:23 PM)
[2015.11.08-14.13.23:973][753]LogPlayLevel: Creating play world package: /Temp/UEDPIE_0_Untitled_0
[2015.11.08-14.13.23:973][753]LogPlayLevel: PIE: StaticDuplicateObject took: (0.000654s)
[2015.11.08-14.13.23:974][753]LogAIModule: Creating AISystem for world NewWorld
[2015.11.08-14.13.23:974][753]LogPlayLevel: PIE: World Init took: (0.000869s)
[2015.11.08-14.13.23:974][753]LogPlayLevel: PIE: Created PIE world by copying editor world from /Temp/Untitled_0.NewWorld to /Temp/UEDPIE_0_Untitled_0.NewWorld (0.001806s)
[2015.11.08-14.13.23:974][753]LogActorComponent: UnregisterComponent: (/Engine/Transient.ProjectileComp) Not registered. Aborting.
[2015.11.08-14.13.24:021][753]LogInit: XAudio2 using 'Högtalare (Realtek High Definition Audio)' : 2 channels at 48 kHz using 32 bits per sample (channel mask 0x3)
[2015.11.08-14.13.24:029][753]LogInit: FAudioDevice initialized.
[2015.11.08-14.13.24:086][753]LogWorld: Game class is 'BOSGameMode'
[2015.11.08-14.13.24:089][753]LogWorld: Bringing World /Temp/UEDPIE_0_Untitled_0.NewWorld up for play (max tick rate 0) at 2015.11.08-15.13.24
[2015.11.08-14.13.24:089][753]LogActor:Warning: GameSession /Temp/UEDPIE_0_Untitled_0.NewWorld:PersistentLevel.GameSession_0 has natively added scene component(s), but none of them were set as the actor's RootComponent - picking one arbitrarily
[2015.11.08-14.13.24:089][753]LogActor:Warning: GameNetworkManager /Temp/UEDPIE_0_Untitled_0.NewWorld:PersistentLevel.GameNetworkManager_0 has natively added scene component(s), but none of them were set as the actor's RootComponent - picking one arbitrarily
[2015.11.08-14.13.24:089][753]LogWorld: Bringing up level for play took: 0.001167
[2015.11.08-14.13.24:090][753]LogOutputDevice:Warning: 

Script Stack:
GameMode.ChoosePlayerStart
GameMode.FindPlayerStart

[2015.11.08-14.13.24:090][753]LogWindows:Error: Windows GetLastError: Åtgärden har slutförts. (0)
[2015.11.08-14.13.24:402][753]LogCrashTracker: 


[2015.11.08-14.13.24:402][753]LogCrashTracker: 


[2015.11.08-14.13.24:402][753]LogWindows: === Critical error: ===
Assertion failed: (Index >= 0) & (Index < ArrayNum) [File:C:\Program Files\Epic Games\4.9\Engine\Source\Runtime\Core\Public\Containers\Array.h] [Line: 678] 
Array index out of bounds: 0 from an array of size 0




[2015.11.08-14.13.24:581][753]LogExit: Executing StaticShutdownAfterError
[2015.11.08-14.13.24:587][753]LogPhysics:Warning: PHYSX: ..\..\PhysX\src\NpScene.cpp (2946) 8 : PxScene::unlockWrite() called without matching call to PxScene::lockWrite(), behaviour will be undefined.
[2015.11.08-14.13.24:587][753]LogPhysics:Warning: PHYSX: ..\..\PhysX\src\NpScene.cpp (2946) 8 : PxScene::unlockWrite() called without matching call to PxScene::lockWrite(), behaviour will be undefined.
[2015.11.08-14.13.24:587][753]LogPhysics:Warning: PHYSX: ..\..\PhysX\src\NpScene.cpp (2946) 8 : PxScene::unlockWrite() called without matching call to PxScene::lockWrite(), behaviour will be undefined.
[2015.11.08-14.13.24:588][753]LogPhysics:Warning: PHYSX: ..\..\PhysX\src\NpScene.cpp (2946) 8 : PxScene::unlockWrite() called without matching call to PxScene::lockWrite(), behaviour will be undefined.
[2015.11.08-14.13.24:588][753]LogPhysics:Warning: PHYSX: ..\..\PhysX\src\NpScene.cpp (2946) 8 : PxScene::unlockWrite() called without matching call to PxScene::lockWrite(), behaviour will be undefined.
[2015.11.08-14.13.24:588][753]LogPhysics:Warning: PHYSX: ..\..\PhysX\src\NpScene.cpp (2946) 8 : PxScene::unlockWrite() called without matching call to PxScene::lockWrite(), behaviour will be undefined.
[2015.11.08-14.13.24:588][753]LogWindows: FPlatformMisc::RequestExit(1)
[2015.11.08-14.13.24:588][753]Log file closed, 11/08/15 15:13:24
