[2015.12.01-14.35.57:519][  0]Log file open, 12/01/15 15:35:57
[2015.12.01-14.35.57:519][  0]LogInit:Display: Running engine for game: BOS
[2015.12.01-14.35.57:519][  0]LogInit:Display: RandInit(1064893018) SRandInit(1064893019).
[2015.12.01-14.35.57:519][  0]LogTaskGraph: Started task graph with 4 named threads and 7 total threads.
[2015.12.01-14.35.57:519][  0]LogStats: Stats thread started at 0.160559
[2015.12.01-14.35.57:519][  0]LogInit: Version: 4.9.1-2689999+++depot+UE4-Releases+4.9
[2015.12.01-14.35.57:519][  0]LogInit: API Version: 2672455
[2015.12.01-14.35.57:519][  0]LogInit: Compiled (64-bit): Sep 14 2015 04:12:03
[2015.12.01-14.35.57:519][  0]LogInit: Compiled with Visual C++: 18.00.21005.01
[2015.12.01-14.35.57:519][  0]LogInit: Build Configuration: Development
[2015.12.01-14.35.57:519][  0]LogInit: Branch Name: ++depot+UE4-Releases+4.9
[2015.12.01-14.35.57:519][  0]LogInit: Command line: 
[2015.12.01-14.35.57:519][  0]LogInit: Base directory: C:/Program Files/Epic Games/4.9/Engine/Binaries/Win64/
[2015.12.01-14.35.57:519][  0]LogInit: Rocket: 1
[2015.12.01-14.35.57:535][  0]LogInit: Using libcurl 7.41.0
[2015.12.01-14.35.57:535][  0]LogInit:  - built for x86_64-pc-win32
[2015.12.01-14.35.57:535][  0]LogInit:  - supports SSL with WinSSL
[2015.12.01-14.35.57:535][  0]LogInit:  - other features:
[2015.12.01-14.35.57:535][  0]LogInit:      CURL_VERSION_SSL
[2015.12.01-14.35.57:535][  0]LogInit:      CURL_VERSION_IPV6
[2015.12.01-14.35.57:535][  0]LogInit:      CURL_VERSION_ASYNCHDNS
[2015.12.01-14.35.57:535][  0]LogInit:      CURL_VERSION_LARGEFILE
[2015.12.01-14.35.57:535][  0]LogInit:      CURL_VERSION_IDN
[2015.12.01-14.35.57:535][  0]LogInit:  CurlRequestOptions (configurable via config and command line):
[2015.12.01-14.35.57:535][  0]LogInit:  - bVerifyPeer = true  - Libcurl will verify peer certificate
[2015.12.01-14.35.57:535][  0]LogInit:  - bUseHttpProxy = false  - Libcurl will NOT use HTTP proxy
[2015.12.01-14.35.57:535][  0]LogInit:  - bDontReuseConnections = false  - Libcurl will reuse connections
[2015.12.01-14.35.57:535][  0]LogInit:  - CertBundlePath = nullptr  - Libcurl will use whatever was configured at build time.
[2015.12.01-14.35.57:566][  0]LogInit: Presizing for 0 objects not considered by GC, pre-allocating 0 bytes.
[2015.12.01-14.35.57:566][  0]LogInit: Object subsystem initialized
[2015.12.01-14.35.57:566][  0]LogInit: Selected Device Profile: [Windows]
[2015.12.01-14.35.57:566][  0]LogInit: Applying CVar settings loaded from the selected device profile: [Windows]
[2015.12.01-14.35.57:588][  0]LogInit: Computer: SpellabbA332-13
[2015.12.01-14.35.57:588][  0]LogInit: User: Spellabbet
[2015.12.01-14.35.57:588][  0]LogInit: CPU Page size=4096, Cores=4
[2015.12.01-14.35.57:588][  0]LogInit: High frequency timer resolution =3.507501 MHz
[2015.12.01-14.35.57:589][  0]LogMemory: Memory total: Physical=15.9GB (16GB approx)
[2015.12.01-14.35.57:589][  0]LogMemory: Platform Memory Stats for Windows
[2015.12.01-14.35.57:589][  0]LogMemory: Process Physical Memory: 52.93 MB used, 52.93 MB peak
[2015.12.01-14.35.57:589][  0]LogMemory: Process Virtual Memory: 55.27 MB used, 55.27 MB peak
[2015.12.01-14.35.57:589][  0]LogMemory: Physical Memory: 4178.68 MB used, 16318.82 MB total
[2015.12.01-14.35.57:590][  0]LogMemory: Virtual Memory: 346.38 MB used, 134217728.00 MB total
[2015.12.01-14.35.57:642][  0]LogTextLocalizationManager: No translations for ('sv-SE') exist, falling back to 'en' for localization and internationalization data.
[2015.12.01-14.35.58:172][  0]LogD3D11RHI: Found D3D11 adapter 0: NVIDIA GeForce GTX 960 (Feature Level 11_0)
[2015.12.01-14.35.58:172][  0]LogD3D11RHI: Adapter has 1965MB of dedicated video memory, 0MB of dedicated system memory, and 2048MB of shared system memory, 1 output[s]
[2015.12.01-14.35.58:174][  0]LogD3D11RHI: Found D3D11 adapter 1: Microsoft Basic Render Driver (Feature Level 11_0)
[2015.12.01-14.35.58:175][  0]LogD3D11RHI: Adapter has 0MB of dedicated video memory, 0MB of dedicated system memory, and 256MB of shared system memory, 0 output[s]
[2015.12.01-14.35.58:175][  0]LogD3D11RHI: Chosen D3D11 Adapter Id = 0
[2015.12.01-14.35.58:178][  0]LogD3D11RHI: !Direct3DDevice
[2015.12.01-14.35.58:179][  0]LogRHI: Texture pool is 1361 MB (70% of 1945 MB)
[2015.12.01-14.35.58:263][  0]LogD3D11RHI: Async texture creation enabled
[2015.12.01-14.35.58:279][  0]LogShaderCompilers: Guid format shader working directory is 15 characters bigger than the processId version (../../../../../../Users/Spellabbet/Documents/Unreal Projects/Balls-of-steel/BOS/Intermediate/Shaders/WorkingDirectory/5012/).
[2015.12.01-14.35.58:280][  0]LogShaderCompilers: Cleaned the shader compiler working directory '../../../../../../Users/Spellabbet/Documents/Unreal Projects/Balls-of-steel/BOS/Intermediate/Shaders/tmp/1C7CD2F643033C3353CC0DBFA7392FF8/'.
[2015.12.01-14.35.58:280][  0]LogShaderCompilers:Display: Using Local Shader Compiler.
[2015.12.01-14.35.59:157][  0]LogTemp:Display: Loaded TP AllDesktopTargetPlatform
[2015.12.01-14.35.59:167][  0]LogTemp:Display: Loaded TP WindowsClientTargetPlatform
[2015.12.01-14.35.59:178][  0]LogTemp:Display: Loaded TP WindowsNoEditorTargetPlatform
[2015.12.01-14.35.59:188][  0]LogTemp:Display: Loaded TP WindowsServerTargetPlatform
[2015.12.01-14.35.59:199][  0]LogTemp:Display: Loaded TP WindowsTargetPlatform
[2015.12.01-14.35.59:204][  0]LogTemp:Display: Loaded TP AndroidTargetPlatform
[2015.12.01-14.35.59:209][  0]LogTemp:Display: Loaded TP Android_ASTCTargetPlatform
[2015.12.01-14.35.59:214][  0]LogTemp:Display: Loaded TP Android_ATCTargetPlatform
[2015.12.01-14.35.59:219][  0]LogTemp:Display: Loaded TP Android_DXTTargetPlatform
[2015.12.01-14.35.59:224][  0]LogTemp:Display: Loaded TP Android_ETC1TargetPlatform
[2015.12.01-14.35.59:229][  0]LogTemp:Display: Loaded TP Android_ETC2TargetPlatform
[2015.12.01-14.35.59:235][  0]LogTemp:Display: Loaded TP Android_PVRTCTargetPlatform
[2015.12.01-14.35.59:238][  0]LogTemp:Display: Loaded TP HTML5TargetPlatform
[2015.12.01-14.35.59:265][  0]LogTemp:Display: Loaded TP IOSTargetPlatform
[2015.12.01-14.35.59:270][  0]LogTemp:Display: Loaded TP LinuxNoEditorTargetPlatform
[2015.12.01-14.35.59:277][  0]LogTemp:Display: Loaded TP LinuxServerTargetPlatform
[2015.12.01-14.35.59:281][  0]LogTemp:Display: Loaded TP LinuxTargetPlatform
[2015.12.01-14.35.59:281][  0]LogTargetPlatformManager:Display: Building Assets For Windows
[2015.12.01-14.35.59:469][  0]LogDerivedDataCache:Display: Max Cache Size: 512 MB
[2015.12.01-14.35.59:508][  0]LogDerivedDataCache: Loaded boot cache 0.04s 47MB C:/Users/Spellabbet/AppData/Local/UnrealEngine/4.9/DerivedDataCache/Boot.ddc.
[2015.12.01-14.35.59:508][  0]LogDerivedDataCache:Display: Loaded Boot cache: C:/Users/Spellabbet/AppData/Local/UnrealEngine/4.9/DerivedDataCache/Boot.ddc
[2015.12.01-14.35.59:509][  0]LogDerivedDataCache: FDerivedDataBackendGraph:  Pak pak cache file ../../../../../../Users/Spellabbet/Documents/Unreal Projects/Balls-of-steel/BOS/DerivedDataCache/DDC.ddp not found, will not use a pak cache.
[2015.12.01-14.35.59:509][  0]LogDerivedDataCache: Unable to find inner node Pak for hierarchical cache Hierarchy.
[2015.12.01-14.35.59:509][  0]LogDerivedDataCache: FDerivedDataBackendGraph:  CompressedPak pak cache file ../../../../../../Users/Spellabbet/Documents/Unreal Projects/Balls-of-steel/BOS/DerivedDataCache/Compressed.ddp not found, will not use a pak cache.
[2015.12.01-14.35.59:510][  0]LogDerivedDataCache: Unable to find inner node CompressedPak for hierarchical cache Hierarchy.
[2015.12.01-14.35.59:619][  0]LogDerivedDataCache:Display: Pak cache opened for reading ../../../Engine/DerivedDataCache/Compressed.ddp.
[2015.12.01-14.35.59:632][  0]LogDerivedDataCache: Using Local data cache path C:/Users/Spellabbet/AppData/Local/UnrealEngine/Common/DerivedDataCache: Writable
[2015.12.01-14.35.59:767][  0]LogInit: Selected Device Profile: [Windows]
[2015.12.01-14.35.59:770][  0]LogContentStreaming: Texture pool size is 0.000000MB
[2015.12.01-14.35.59:873][  0]LogMeshUtilities: No automatic mesh reduction module available
[2015.12.01-14.35.59:873][  0]LogMeshUtilities: No automatic mesh merging module available
[2015.12.01-14.36.00:077][  0]LogInit: WinSock: version 1.1 (2.2), MaxSocks=32767, MaxUdp=65467
[2015.12.01-14.36.00:825][  0]UdpMessaging: Initializing bridge on interface 0.0.0.0:0 to multicast group 230.0.0.1:6666.
[2015.12.01-14.36.00:917][  0]LogLinker:Warning: Asset '../../../../../../Users/Spellabbet/Documents/Unreal Projects/Balls-of-steel/BOS/Content/Rolling/Materials/M_Blue_Checker.uasset' has been saved with empty engine version. The asset will be loaded but may be incompatible.
[2015.12.01-14.36.01:104][  0]LogAssetRegistry: FAssetRegistry took 0.0111 seconds to start up
[2015.12.01-14.36.01:339][  0]SourceControl: Info Source control is disabled
[2015.12.01-14.36.01:347][  0]SourceControl: Info Source control is disabled
[2015.12.01-14.36.01:363][  0]SourceControl: Info Source control is disabled
[2015.12.01-14.36.01:380][  0]SourceControl: Info Source control is disabled
[2015.12.01-14.36.01:547][  0]LogLinker:Warning: Asset '../../../Engine/Plugins/Runtime/LeapMotionController/Content/LM_PassthroughMaterial.uasset' has been saved with empty engine version. The asset will be loaded but may be incompatible.
[2015.12.01-14.36.01:645][  0]LogObj: 30613 objects as part of root set at end of initial load.
[2015.12.01-14.36.01:646][  0]LogUObjectAllocator: 6840968 out of 0 bytes used by permanent object pool.
[2015.12.01-14.36.01:711][  0]LogEngine: Initializing Engine...
[2015.12.01-14.36.01:714][  0]LogHMD: Can't find Oculus library dev build: is proper Runtime installed? Version: 0.7.0.0
[2015.12.01-14.36.01:716][  0]LogHMD: SteamVR failed to initialize.  Err: 110
[2015.12.01-14.36.01:822][  0]LogAIModule: Creating AISystem for world NewWorld
[2015.12.01-14.36.01:829][  0]LogInit: XAudio2 using 'Speakers (4- High Definition Audio Device)' : 2 channels at 44.1 kHz using 16 bits per sample (channel mask 0x3)
[2015.12.01-14.36.01:842][  0]LogInit: FAudioDevice initialized.
[2015.12.01-14.36.01:863][  0]LogDerivedDataCache: Saved boot cache 0.02s 47MB C:/Users/Spellabbet/AppData/Local/UnrealEngine/4.9/DerivedDataCache/Boot.ddc.
[2015.12.01-14.36.01:867][  0]LogInit: Texture streaming: Enabled
[2015.12.01-14.36.01:880][  0]LogAnalytics: Creating configured Analytics provider AnalyticsET
[2015.12.01-14.36.01:881][  0]LogAnalytics: [UEEditor.Rocket.Release] APIServer = http://et2.epicgames.com/ET2/. AppVersion = 4.9.1-2689999+++depot+UE4-Releases+4.9
[2015.12.01-14.36.01:881][  0]LogAnalytics: [UEEditor.Rocket.Release] SetUserId fc50aaa14c34ed003df04597b34f483e|4341a5fd2eb34d5fac8b0ca63d21fc83|060e5e79-a789-49c4-8abd-5d8b330400a7
[2015.12.01-14.36.01:881][  0]LogAnalytics: [UEEditor.Rocket.Release] AnalyticsET::StartSession
[2015.12.01-14.36.01:895][  0]LogInit: Transaction tracking system initialized
[2015.12.01-14.36.01:964][  0]BlueprintLog: New page: Editor Load
[2015.12.01-14.36.02:218][  0]LocalizationService: Info Localization service is disabled
[2015.12.01-14.36.02:361][  0]LogConsoleResponse:Display: 
[2015.12.01-14.36.02:455][  0]LogCook:Display: Done creating registry. It took  0.00s.
[2015.12.01-14.36.02:562][  0]LogFileCache: Scanning file cache for directory 'C:/Users/Spellabbet/Documents/Unreal Projects/Balls-of-steel/BOS/Content/' took 0.01s
[2015.12.01-14.36.02:578][  0]SourceControl: Info Source control is disabled
[2015.12.01-14.36.02:578][  0]Cmd: MAP LOAD FILE="../../../../../../Users/Spellabbet/Documents/Unreal Projects/Balls-of-steel/BOS/Content/Maps/MainMenu.umap" TEMPLATE=0 SHOWPROGRESS=1 FEATURELEVEL=3
[2015.12.01-14.36.02:579][  0]LightingResults: New page: Lighting Build
[2015.12.01-14.36.02:582][  0]MapCheck: New page: Map Check
[2015.12.01-14.36.02:582][  0]LightingResults: New page: Lighting Build
[2015.12.01-14.36.02:593][  0]LogParticles: Destroying 0 GPU particle simulations for FXSystem 0x000000B9688136A0
[2015.12.01-14.36.02:695][  0]LogAIModule: Creating AISystem for world MainMenu
[2015.12.01-14.36.02:704][  0]LogEditorServer: Finished looking for orphan Actors (0.000 secs)
[2015.12.01-14.36.02:705][  0]Cmd: MAP CHECKDEP NOCLEARLOG
[2015.12.01-14.36.02:765][  0]MapCheck: Info Map check complete: 0 Error(s), 0 Warning(s), took 59.648ms to complete.
[2015.12.01-14.36.02:766][  0]LogFileHelpers: Loading map 'MainMenu' took 0.187
[2015.12.01-14.36.02:864][  0]LogCollectionManager: Loaded 0 collections in 0.002529 seconds
[2015.12.01-14.36.02:916][  0]LogFileCache: Scanning file cache for directory 'C:/Users/Spellabbet/Documents/Unreal Projects/Balls-of-steel/BOS/Saved/Collections/' took 0.01s
[2015.12.01-14.36.02:917][  0]LogFileCache: Scanning file cache for directory 'C:/Users/Spellabbet/Documents/Unreal Projects/Balls-of-steel/BOS/Content/Developers/Spellabbet/Collections/' took 0.01s
[2015.12.01-14.36.02:917][  0]LogFileCache: Scanning file cache for directory 'C:/Users/Spellabbet/Documents/Unreal Projects/Balls-of-steel/BOS/Content/Collections/' took 0.01s
[2015.12.01-14.36.02:918][  0]LogContentBrowser: Native class hierarchy populated in 0.0093 seconds. Added 1875 classes and 335 folders.
[2015.12.01-14.36.02:923][  0]LogCollectionManager: Rebuilt the GUID cache for 0 collections in 0.000002 seconds
[2015.12.01-14.36.02:935][  0]LogContentBrowser: Native class hierarchy updated for 'WidgetCarousel' in 0.0051 seconds. Added 0 classes and 0 folders.
[2015.12.01-14.36.03:040][  0]LogContentBrowser: Native class hierarchy updated for 'AddContentDialog' in 0.0024 seconds. Added 0 classes and 0 folders.
[2015.12.01-14.36.03:060][  0]LogContentBrowser: Native class hierarchy updated for 'SceneOutliner' in 0.0024 seconds. Added 1 classes and 2 folders.
[2015.12.01-14.36.03:088][  0]LogCrashTracker: Crashtracker disabled due to settings.
[2015.12.01-14.36.03:093][  0]LogUObjectGlobals:Warning: Failed to find object 'Class None.'
[2015.12.01-14.36.03:117][  0]LogLoad: Full Startup: 6.54 seconds (BP compile: 0.04 seconds)
[2015.12.01-14.36.03:162][  0]LogContentStreaming: Texture pool size now 1000 MB
[2015.12.01-14.36.03:257][  0]LogRenderer: Reallocating scene render targets to support 1048x556 (Frame:2).
[2015.12.01-14.36.03:463][  2]LogAssetRegistry: Asset discovery search completed in 2.3704 seconds
[2015.12.01-14.36.03:464][  2]LogCollectionManager: Rebuilt the object cache for 0 collections in 0.000001 seconds (found 0 objects)
[2015.12.01-14.36.03:465][  2]LogCollectionManager: Fixed up redirectors for 0 collections in 0.000454 seconds (updated 0 objects)
[2015.12.01-14.36.10:308][756]LogAIModule: Creating AISystem for world Map1
[2015.12.01-14.36.10:335][756]LogActorComponent: UnregisterComponent: (/Engine/Transient.ProjectileComp) Not registered. Aborting.
[2015.12.01-14.36.10:336][756]LogActorComponent: UnregisterComponent: (/Engine/Transient.ProjectileMovementComponent_0) Not registered. Aborting.
[2015.12.01-14.36.10:356][756]Cmd: MAP LOAD FILE="../../../../../../Users/Spellabbet/Documents/Unreal Projects/Balls-of-steel/BOS/Content/Maps/Map1.umap" TEMPLATE=0 SHOWPROGRESS=1 FEATURELEVEL=3
[2015.12.01-14.36.10:357][756]LightingResults: New page: Lighting Build
[2015.12.01-14.36.10:372][756]LoadErrors: New page: Loading map: Map1.umap
[2015.12.01-14.36.10:373][756]MapCheck: New page: Map Check
[2015.12.01-14.36.10:373][756]LightingResults: New page: Lighting Build
[2015.12.01-14.36.10:383][756]LogParticles: Destroying 0 GPU particle simulations for FXSystem 0x000000B9541AAAC0
[2015.12.01-14.36.10:391][756]LogEditorServer: Finished looking for orphan Actors (0.000 secs)
[2015.12.01-14.36.10:434][756]Cmd: MAP CHECKDEP NOCLEARLOG
[2015.12.01-14.36.10:478][756]MapCheck: Info Map check complete: 0 Error(s), 0 Warning(s), took 43.209ms to complete.
[2015.12.01-14.36.10:478][756]LogFileHelpers: Loading map 'Map1' took 0.124
[2015.12.01-14.36.25:643][551]LogBlueprintUserMessages: Early PlayInEditor Detection: Level '/Game/Maps/Map1.Map1:PersistentLevel' has LevelScriptBlueprint '/Game/Maps/Map1.Map1:PersistentLevel.Map1' with GeneratedClass '/Game/Maps/Map1.Map1_C' with ClassGeneratedBy '/Game/Maps/Map1.Map1:PersistentLevel.Map1'
[2015.12.01-14.36.25:643][551]LogPlayLevel: PlayLevel: No blueprints needed recompiling
[2015.12.01-14.36.25:644][551]PIE: New page: PIE session: Map1 (Dec 1, 2015, 4:36:25 PM)
[2015.12.01-14.36.25:644][551]LogPlayLevel: Creating play world package: /Game/Maps/UEDPIE_1_Map1
[2015.12.01-14.36.25:683][551]LogPlayLevel: PIE: StaticDuplicateObject took: (0.038290s)
[2015.12.01-14.36.25:686][551]LogAIModule: Creating AISystem for world Map1
[2015.12.01-14.36.25:687][551]LogPlayLevel: PIE: World Init took: (0.003336s)
[2015.12.01-14.36.25:687][551]LogPlayLevel: PIE: Created PIE world by copying editor world from /Game/Maps/Map1.Map1 to /Game/Maps/UEDPIE_1_Map1.Map1 (0.042864s)
[2015.12.01-14.36.25:715][551]LogWorld: Game class is 'BOSGameMode'
[2015.12.01-14.36.25:717][551]LogActor:Warning: RecastNavMesh /Game/Maps/UEDPIE_1_Map1.Map1:PersistentLevel.RecastNavMesh_0 has natively added scene component(s), but none of them were set as the actor's RootComponent - picking one arbitrarily
[2015.12.01-14.36.25:721][551]LogWorld: Bringing World /Game/Maps/UEDPIE_1_Map1.Map1 up for play (max tick rate 0) at 2015.12.01-15.36.25
[2015.12.01-14.36.25:722][551]LogActor:Warning: GameSession /Game/Maps/UEDPIE_1_Map1.Map1:PersistentLevel.GameSession_0 has natively added scene component(s), but none of them were set as the actor's RootComponent - picking one arbitrarily
[2015.12.01-14.36.25:722][551]LogActor:Warning: GameNetworkManager /Game/Maps/UEDPIE_1_Map1.Map1:PersistentLevel.GameNetworkManager_0 has natively added scene component(s), but none of them were set as the actor's RootComponent - picking one arbitrarily
[2015.12.01-14.36.25:723][551]LogWorld: Bringing up level for play took: 0.005916
[2015.12.01-14.36.25:724][551]LogInit: WinSock: Socket queue 131072 / 131072
[2015.12.01-14.36.25:727][551]LogInit: WinSock: I am SpellabbA332-13 (192.168.20.24:0)
[2015.12.01-14.36.25:727][551]LogNet: GameNetDriver IpNetDriver_0 IpNetDriver listening on port 7777
[2015.12.01-14.36.25:728][551]PIE: Info Play in editor start time for /Game/Maps/UEDPIE_1_Map1 -0.24
[2015.12.01-14.36.25:729][551]PIE: New page: PIE session: Map1 (Dec 1, 2015, 4:36:25 PM)
[2015.12.01-14.36.25:733][551]LogInit: XAudio2 using 'Speakers (4- High Definition Audio Device)' : 2 channels at 44.1 kHz using 16 bits per sample (channel mask 0x3)
[2015.12.01-14.36.25:739][551]LogInit: FAudioDevice initialized.
[2015.12.01-14.36.25:774][551]LogNet: Browse: 127.0.0.1//Game/Maps/MainMenu
[2015.12.01-14.36.25:775][551]LogInit: WinSock: Socket queue 32768 / 32768
[2015.12.01-14.36.25:776][551]LogNet: Game client on port 7777, rate 10000
[2015.12.01-14.36.25:776][551]LogNet: GetLocalNetworkVersion: GEngineNetVersion: 2689999, ProjectName: bos, ProjectVersion: 1.0.0.0, InternalProtocolVersion: 9, LocalNetworkVersion: 4173909862
[2015.12.01-14.36.25:777][551]PIE: Info Play in editor start time for /Game/Maps/MainMenu -0.191
[2015.12.01-14.36.25:778][551]LogBlueprintUserMessages: Late PlayInEditor Detection: Level '/Game/Maps/Map1.Map1:PersistentLevel' has LevelScriptBlueprint '/Game/Maps/Map1.Map1:PersistentLevel.Map1' with GeneratedClass '/Game/Maps/Map1.Map1_C' with ClassGeneratedBy '/Game/Maps/Map1.Map1:PersistentLevel.Map1'
[2015.12.01-14.36.25:778][551]LogNet: NotifyAcceptingConnection: Server Map1 accept
[2015.12.01-14.36.25:779][551]LogNet: Open Map1 12/01/15 15:36:25 127.0.0.1
[2015.12.01-14.36.25:779][551]LogNet: Added client connection.  Remote address = 127.0.0.1:53332
[2015.12.01-14.36.25:779][551]LogNet: NotifyAcceptingChannel Control 0 server World /Game/Maps/UEDPIE_1_Map1.Map1: Accepted
[2015.12.01-14.36.25:779][551]LogNet: Remote platform little endian=1
[2015.12.01-14.36.25:780][551]LogNet: This platform little endian=1
[2015.12.01-14.36.25:780][551]LogNet: GetLocalNetworkVersion: GEngineNetVersion: 2689999, ProjectName: bos, ProjectVersion: 1.0.0.0, InternalProtocolVersion: 9, LocalNetworkVersion: 4173909862
[2015.12.01-14.36.25:824][552]LogNet: Login request: /Game/Maps/MainMenu userId: Invalid
[2015.12.01-14.36.25:826][552]LogNet: Welcomed by server (Level: /Game/Maps/UEDPIE_1_Map1, Game: /Script/BOS.BOSGameMode)
[2015.12.01-14.36.25:827][552]LogLoad: LoadMap: 127.0.0.1//Game/Maps/UEDPIE_1_Map1?game=/Script/BOS.BOSGameMode
[2015.12.01-14.36.25:837][552]LogParticles: Destroying 0 GPU particle simulations for FXSystem 0x000000B909431440
[2015.12.01-14.36.25:838][552]Cmd: MEM
[2015.12.01-14.36.25:847][552]LogMemory: Platform Memory Stats for Windows
[2015.12.01-14.36.25:848][552]LogMemory: Process Physical Memory: 645.50 MB used, 649.72 MB peak
[2015.12.01-14.36.25:848][552]LogMemory: Process Virtual Memory: 1385.37 MB used, 1385.37 MB peak
[2015.12.01-14.36.25:849][552]LogMemory: Physical Memory: 5327.34 MB used, 16318.82 MB total
[2015.12.01-14.36.25:849][552]LogMemory: Virtual Memory: 2027.06 MB used, 134217728.00 MB total
[2015.12.01-14.36.25:849][552]LogMemory: 
[2015.12.01-14.36.25:849][552]Allocator Stats for TBB: (not implemented)
[2015.12.01-14.36.25:850][552]LogLinker: Can't find file for asset '/Game/Maps/UEDPIE_1_Map1' while loading NULL.
[2015.12.01-14.36.25:874][552]LogWorld: PIE: Copying PIE streaming level from /Game/Maps/Map1.Map1 to /Game/Maps/UEDPIE_2_Map1.Map1. OwningWorld: None
[2015.12.01-14.36.25:875][552]LogAIModule: Creating AISystem for world Map1
[2015.12.01-14.36.25:883][552]LogWorld: Bringing World /Game/Maps/UEDPIE_2_Map1.Map1 up for play (max tick rate 0) at 2015.12.01-15.36.25
[2015.12.01-14.36.25:884][552]LogWorld: Bringing up level for play took: 0.007427
[2015.12.01-14.36.25:898][553]LogNet: Client netspeed is 10000
[2015.12.01-14.36.25:899][553]LogNet: Join request: /Game/Maps/MainMenu?SplitscreenCount=1
[2015.12.01-14.36.25:901][553]LogNet: Join succeeded: 256
[2015.12.01-14.36.27:207][693]LogNet:Warning: UIpNetDriver::ProcesRemoteFunction: No owning connection for actor BasicProjectile_BP_C_1. Function OnHit will not be processed.
[2015.12.01-14.37.07:537][532]LogNet:Warning: UIpNetDriver::ProcesRemoteFunction: No owning connection for actor BasicProjectile_BP_C_3. Function OnHit will not be processed.
[2015.12.01-14.37.08:861][691]LogNet:Warning: UIpNetDriver::ProcesRemoteFunction: No owning connection for actor BasicProjectile_BP2_C_1. Function OnHit will not be processed.
[2015.12.01-14.37.08:986][706]LogNet:Warning: UIpNetDriver::ProcesRemoteFunction: No owning connection for actor BasicProjectile_BP2_C_1. Function OnHit will not be processed.
[2015.12.01-14.37.14:237][336]LogNet:Warning: UIpNetDriver::ProcesRemoteFunction: No owning connection for actor BasicProjectile_BP2_C_3. Function OnHit will not be processed.
[2015.12.01-14.37.18:821][886]LogNet:Warning: UIpNetDriver::ProcesRemoteFunction: No owning connection for actor BasicProjectile_BP2_C_5. Function OnHit will not be processed.
[2015.12.01-14.37.19:570][976]LogNet:Warning: UIpNetDriver::ProcesRemoteFunction: No owning connection for actor BasicProjectile_BP2_C_7. Function OnHit will not be processed.
[2015.12.01-14.37.20:095][ 39]LogNet:Warning: UIpNetDriver::ProcesRemoteFunction: No owning connection for actor BasicProjectile_BP2_C_9. Function OnHit will not be processed.
[2015.12.01-14.37.20:220][ 54]LogNet:Warning: UIpNetDriver::ProcesRemoteFunction: No owning connection for actor BasicProjectile_BP2_C_9. Function OnHit will not be processed.
[2015.12.01-14.37.22:221][294]LogNet:Warning: UIpNetDriver::ProcesRemoteFunction: No owning connection for actor BasicProjectile_BP2_C_11. Function OnHit will not be processed.
[2015.12.01-14.37.22:254][298]LogNet:Warning: UIpNetDriver::ProcesRemoteFunction: No owning connection for actor BasicProjectile_BP2_C_9. Function OnHit will not be processed.
[2015.12.01-14.37.23:529][451]LogNet:Warning: UIpNetDriver::ProcesRemoteFunction: No owning connection for actor BasicProjectile_BP2_C_5. Function OnHit will not be processed.
[2015.12.01-14.37.24:278][541]LogNet:Warning: UIpNetDriver::ProcesRemoteFunction: No owning connection for actor BasicProjectile_BP2_C_7. Function OnHit will not be processed.
[2015.12.01-14.37.24:537][572]LogNet:Warning: UIpNetDriver::ProcesRemoteFunction: No owning connection for actor BasicProjectile_BP2_C_11. Function OnHit will not be processed.
[2015.12.01-14.37.24:771][600]LogNet:Warning: UIpNetDriver::ProcesRemoteFunction: No owning connection for actor BasicProjectile_BP2_C_9. Function OnHit will not be processed.
[2015.12.01-14.37.28:995][105]LogNet:Warning: UIpNetDriver::ProcesRemoteFunction: No owning connection for actor BasicProjectile_BP3_C_1. Function OnHit will not be processed.
[2015.12.01-14.37.30:212][251]LogNet:Warning: UIpNetDriver::ProcesRemoteFunction: No owning connection for actor BasicProjectile_BP4_C_1. Function OnHit will not be processed.
[2015.12.01-14.37.31:104][358]LogNet:Warning: UIpNetDriver::ProcesRemoteFunction: No owning connection for actor BasicProjectile_BP4_C_3. Function OnHit will not be processed.
[2015.12.01-14.37.32:196][489]LogNet:Warning: UIpNetDriver::ProcesRemoteFunction: No owning connection for actor BasicProjectile_BP4_C_5. Function OnHit will not be processed.
[2015.12.01-14.37.35:163][845]LogNet:Warning: UIpNetDriver::ProcesRemoteFunction: No owning connection for actor BasicProjectile_BP4_C_9. Function OnHit will not be processed.
[2015.12.01-14.37.36:813][ 43]LogNet:Warning: UIpNetDriver::ProcesRemoteFunction: No owning connection for actor BasicProjectile_BP4_C_11. Function OnHit will not be processed.
[2015.12.01-14.37.38:604][258]LogNet:Warning: UIpNetDriver::ProcesRemoteFunction: No owning connection for actor BasicProjectile_BP4_C_13. Function OnHit will not be processed.
[2015.12.01-14.37.40:613][499]LogNet:Warning: UIpNetDriver::ProcesRemoteFunction: No owning connection for actor BasicProjectile_BP4_C_15. Function OnHit will not be processed.
[2015.12.01-14.37.43:071][794]PIE:Warning: Warning BasicProjectile_BP4_C_17.SphereComp has to have 'Simulate Physics' enabled if you'd like to AddImpulse. 
[2015.12.01-14.37.43:079][795]PIE:Warning: Warning BasicProjectile_BP4_C_16.SphereComp has to have 'Simulate Physics' enabled if you'd like to AddImpulse. 
[2015.12.01-14.37.43:171][806]LogNet:Warning: UIpNetDriver::ProcesRemoteFunction: No owning connection for actor BasicProjectile_BP4_C_17. Function OnHit will not be processed.
[2015.12.01-14.37.44:314][943]LogNet:Warning: UIpNetDriver::ProcesRemoteFunction: No owning connection for actor BasicProjectile_BP4_C_19. Function OnHit will not be processed.
[2015.12.01-14.39.57:897][969]LogActor:Warning: BOSBall_BP_C_1 is outside the world bounds!
[2015.12.01-14.39.57:905][970]LogActor:Warning: BOSBall_BP_C_0 is outside the world bounds!
[2015.12.01-14.40.13:489][840]LogBlueprintUserMessages: Early EndPlayMap Detection: Level '/Game/Maps/Map1.Map1:PersistentLevel' has LevelScriptBlueprint '/Game/Maps/Map1.Map1:PersistentLevel.Map1' with GeneratedClass '/Game/Maps/Map1.Map1_C' with ClassGeneratedBy '/Game/Maps/Map1.Map1:PersistentLevel.Map1'
[2015.12.01-14.40.13:523][840]LogBlueprintUserMessages: Late EndPlayMap Detection: Level '/Game/Maps/Map1.Map1:PersistentLevel' has LevelScriptBlueprint '/Game/Maps/Map1.Map1:PersistentLevel.Map1' with GeneratedClass '/Game/Maps/Map1.Map1_C' with ClassGeneratedBy '/Game/Maps/Map1.Map1:PersistentLevel.Map1'
[2015.12.01-14.40.13:532][840]LogNet: UChannel::CleanUp: [GameNetDriver] [None] [None]. ChIndex == 0. Closing connection.
[2015.12.01-14.40.13:532][840]LogNet: UNetConnection::Close: Name: IpConnection_1, Driver: GameNetDriver IpNetDriver_0, PC: None, Owner: None, Channels: 2, RemoteAddr: 127.0.0.1:53332, Time: 2015.12.01-14.40.13
[2015.12.01-14.40.13:533][840]LogNet: UChannel::Close: Sending CloseBunch. ChIndex == 0. Name: ControlChannel_1
[2015.12.01-14.40.13:533][840]LogNet: UChannel::CleanUp: [GameNetDriver] [None] [None]. ChIndex == 0. Closing connection.
[2015.12.01-14.40.13:533][840]LogNet: UNetConnection::Close: Name: IpConnection_0, Driver: GameNetDriver IpNetDriver_1, PC: None, Owner: None, Channels: 2, RemoteAddr: 127.0.0.1:7777, Time: 2015.12.01-14.40.13
[2015.12.01-14.40.13:534][840]LogNet: UChannel::Close: Sending CloseBunch. ChIndex == 0. Name: ControlChannel_0
[2015.12.01-14.40.13:537][840]LogParticles: Destroying 0 GPU particle simulations for FXSystem 0x000000B90945C7C0
[2015.12.01-14.40.13:537][840]LogExit: GameNetDriver None shut down
[2015.12.01-14.40.13:539][840]LogParticles: Destroying 0 GPU particle simulations for FXSystem 0x000000B955C58680
[2015.12.01-14.40.13:539][840]LogExit: GameNetDriver None shut down
[2015.12.01-14.40.17:032][224]LogBlueprintUserMessages: Early PlayInEditor Detection: Level '/Game/Maps/Map1.Map1:PersistentLevel' has LevelScriptBlueprint '/Game/Maps/Map1.Map1:PersistentLevel.Map1' with GeneratedClass '/Game/Maps/Map1.Map1_C' with ClassGeneratedBy '/Game/Maps/Map1.Map1:PersistentLevel.Map1'
[2015.12.01-14.40.17:033][224]LogPlayLevel: PlayLevel: No blueprints needed recompiling
[2015.12.01-14.40.17:034][224]PIE: New page: PIE session: Map1 (Dec 1, 2015, 4:40:17 PM)
[2015.12.01-14.40.17:034][224]LogPlayLevel: Creating play world package: /Game/Maps/UEDPIE_1_Map1
[2015.12.01-14.40.17:067][224]LogPlayLevel: PIE: StaticDuplicateObject took: (0.032602s)
[2015.12.01-14.40.17:068][224]LogAIModule: Creating AISystem for world Map1
[2015.12.01-14.40.17:069][224]LogPlayLevel: PIE: World Init took: (0.001222s)
[2015.12.01-14.40.17:069][224]LogPlayLevel: PIE: Created PIE world by copying editor world from /Game/Maps/Map1.Map1 to /Game/Maps/UEDPIE_1_Map1.Map1 (0.035396s)
[2015.12.01-14.40.17:084][224]LogWorld: Game class is 'BOSGameMode'
[2015.12.01-14.40.17:086][224]LogActor:Warning: RecastNavMesh /Game/Maps/UEDPIE_1_Map1.Map1:PersistentLevel.RecastNavMesh_1 has natively added scene component(s), but none of them were set as the actor's RootComponent - picking one arbitrarily
[2015.12.01-14.40.17:092][224]LogWorld: Bringing World /Game/Maps/UEDPIE_1_Map1.Map1 up for play (max tick rate 0) at 2015.12.01-15.40.17
[2015.12.01-14.40.17:093][224]LogActor:Warning: GameSession /Game/Maps/UEDPIE_1_Map1.Map1:PersistentLevel.GameSession_1 has natively added scene component(s), but none of them were set as the actor's RootComponent - picking one arbitrarily
[2015.12.01-14.40.17:093][224]LogActor:Warning: GameNetworkManager /Game/Maps/UEDPIE_1_Map1.Map1:PersistentLevel.GameNetworkManager_1 has natively added scene component(s), but none of them were set as the actor's RootComponent - picking one arbitrarily
[2015.12.01-14.40.17:094][224]LogWorld: Bringing up level for play took: 0.007244
[2015.12.01-14.40.17:095][224]LogInit: WinSock: Socket queue 131072 / 131072
[2015.12.01-14.40.17:095][224]LogNet: GameNetDriver IpNetDriver_2 IpNetDriver listening on port 7777
[2015.12.01-14.40.17:096][224]PIE: Info Play in editor start time for /Game/Maps/UEDPIE_1_Map1 -0.872
[2015.12.01-14.40.17:097][224]PIE: New page: PIE session: Map1 (Dec 1, 2015, 4:40:17 PM)
[2015.12.01-14.40.17:102][224]LogInit: XAudio2 using 'Speakers (4- High Definition Audio Device)' : 2 channels at 44.1 kHz using 16 bits per sample (channel mask 0x3)
[2015.12.01-14.40.17:108][224]LogInit: FAudioDevice initialized.
[2015.12.01-14.40.17:142][224]LogNet: Browse: 127.0.0.1//Game/Maps/MainMenu
[2015.12.01-14.40.17:143][224]LogInit: WinSock: Socket queue 32768 / 32768
[2015.12.01-14.40.17:144][224]LogNet: Game client on port 7777, rate 10000
[2015.12.01-14.40.17:144][224]LogNet: GetLocalNetworkVersion: GEngineNetVersion: 2689999, ProjectName: bos, ProjectVersion: 1.0.0.0, InternalProtocolVersion: 9, LocalNetworkVersion: 4173909862
[2015.12.01-14.40.17:144][224]PIE: Info Play in editor start time for /Game/Maps/MainMenu -0.823
[2015.12.01-14.40.17:146][224]LogBlueprintUserMessages: Late PlayInEditor Detection: Level '/Game/Maps/Map1.Map1:PersistentLevel' has LevelScriptBlueprint '/Game/Maps/Map1.Map1:PersistentLevel.Map1' with GeneratedClass '/Game/Maps/Map1.Map1_C' with ClassGeneratedBy '/Game/Maps/Map1.Map1:PersistentLevel.Map1'
[2015.12.01-14.40.17:146][224]LogNet: NotifyAcceptingConnection: Server Map1 accept
[2015.12.01-14.40.17:146][224]LogNet: Open Map1 12/01/15 15:40:17 127.0.0.1
[2015.12.01-14.40.17:147][224]LogNet: Added client connection.  Remote address = 127.0.0.1:61660
[2015.12.01-14.40.17:147][224]LogNet: NotifyAcceptingChannel Control 0 server World /Game/Maps/UEDPIE_1_Map1.Map1: Accepted
[2015.12.01-14.40.17:147][224]LogNet: Remote platform little endian=1
[2015.12.01-14.40.17:147][224]LogNet: This platform little endian=1
[2015.12.01-14.40.17:147][224]LogNet: GetLocalNetworkVersion: GEngineNetVersion: 2689999, ProjectName: bos, ProjectVersion: 1.0.0.0, InternalProtocolVersion: 9, LocalNetworkVersion: 4173909862
[2015.12.01-14.40.17:223][225]LogNet: Login request: /Game/Maps/MainMenu userId: Invalid
[2015.12.01-14.40.17:224][225]LogNet: Welcomed by server (Level: /Game/Maps/UEDPIE_1_Map1, Game: /Script/BOS.BOSGameMode)
[2015.12.01-14.40.17:225][225]LogLoad: LoadMap: 127.0.0.1//Game/Maps/UEDPIE_1_Map1?game=/Script/BOS.BOSGameMode
[2015.12.01-14.40.17:235][225]LogParticles: Destroying 0 GPU particle simulations for FXSystem 0x000000B955E6BCE0
[2015.12.01-14.40.17:235][225]Cmd: MEM
[2015.12.01-14.40.17:245][225]LogMemory: Platform Memory Stats for Windows
[2015.12.01-14.40.17:245][225]LogMemory: Process Physical Memory: 659.65 MB used, 675.70 MB peak
[2015.12.01-14.40.17:246][225]LogMemory: Process Virtual Memory: 1385.75 MB used, 1512.53 MB peak
[2015.12.01-14.40.17:246][225]LogMemory: Physical Memory: 5331.87 MB used, 16318.82 MB total
[2015.12.01-14.40.17:246][225]LogMemory: Virtual Memory: 2003.61 MB used, 134217728.00 MB total
[2015.12.01-14.40.17:247][225]LogMemory: 
[2015.12.01-14.40.17:247][225]Allocator Stats for TBB: (not implemented)
[2015.12.01-14.40.17:247][225]LogLinker: Can't find file for asset '/Game/Maps/UEDPIE_1_Map1' while loading NULL.
[2015.12.01-14.40.17:271][225]LogWorld: PIE: Copying PIE streaming level from /Game/Maps/Map1.Map1 to /Game/Maps/UEDPIE_2_Map1.Map1. OwningWorld: None
[2015.12.01-14.40.17:273][225]LogAIModule: Creating AISystem for world Map1
[2015.12.01-14.40.17:281][225]LogWorld: Bringing World /Game/Maps/UEDPIE_2_Map1.Map1 up for play (max tick rate 0) at 2015.12.01-15.40.17
[2015.12.01-14.40.17:282][225]LogWorld: Bringing up level for play took: 0.008255
[2015.12.01-14.40.17:374][226]LogNet: Client netspeed is 10000
[2015.12.01-14.40.17:374][226]LogNet: Join request: /Game/Maps/MainMenu?SplitscreenCount=1
[2015.12.01-14.40.17:376][226]LogNet: Join succeeded: 257
[2015.12.01-14.40.22:096][787]LogBlueprintUserMessages: Early EndPlayMap Detection: Level '/Game/Maps/Map1.Map1:PersistentLevel' has LevelScriptBlueprint '/Game/Maps/Map1.Map1:PersistentLevel.Map1' with GeneratedClass '/Game/Maps/Map1.Map1_C' with ClassGeneratedBy '/Game/Maps/Map1.Map1:PersistentLevel.Map1'
[2015.12.01-14.40.22:125][787]LogBlueprintUserMessages: Late EndPlayMap Detection: Level '/Game/Maps/Map1.Map1:PersistentLevel' has LevelScriptBlueprint '/Game/Maps/Map1.Map1:PersistentLevel.Map1' with GeneratedClass '/Game/Maps/Map1.Map1_C' with ClassGeneratedBy '/Game/Maps/Map1.Map1:PersistentLevel.Map1'
[2015.12.01-14.40.22:134][787]LogNet: UChannel::CleanUp: [GameNetDriver] [None] [None]. ChIndex == 0. Closing connection.
[2015.12.01-14.40.22:135][787]LogNet: UNetConnection::Close: Name: IpConnection_3, Driver: GameNetDriver IpNetDriver_2, PC: None, Owner: None, Channels: 2, RemoteAddr: 127.0.0.1:61660, Time: 2015.12.01-14.40.22
[2015.12.01-14.40.22:135][787]LogNet: UChannel::Close: Sending CloseBunch. ChIndex == 0. Name: ControlChannel_3
[2015.12.01-14.40.22:135][787]LogNet: UChannel::CleanUp: [GameNetDriver] [None] [None]. ChIndex == 0. Closing connection.
[2015.12.01-14.40.22:136][787]LogNet: UNetConnection::Close: Name: IpConnection_2, Driver: GameNetDriver IpNetDriver_3, PC: None, Owner: None, Channels: 2, RemoteAddr: 127.0.0.1:7777, Time: 2015.12.01-14.40.22
[2015.12.01-14.40.22:136][787]LogNet: UChannel::Close: Sending CloseBunch. ChIndex == 0. Name: ControlChannel_2
[2015.12.01-14.40.22:138][787]LogExit: GameNetDriver None shut down
[2015.12.01-14.40.22:139][787]LogExit: GameNetDriver None shut down
[2015.12.01-14.40.22:139][787]LogParticles: Destroying 0 GPU particle simulations for FXSystem 0x000000B901743D80
[2015.12.01-14.40.22:146][787]LogParticles: Destroying 0 