[2015.12.01-14.19.38:331][  0]Log file open, 12/01/15 15:19:38
[2015.12.01-14.19.38:331][  0]LogInit:Display: Running engine for game: BOS
[2015.12.01-14.19.38:331][  0]LogInit:Display: RandInit(1925630123) SRandInit(1925630124).
[2015.12.01-14.19.38:331][  0]LogTaskGraph: Started task graph with 4 named threads and 7 total threads.
[2015.12.01-14.19.38:331][  0]LogStats: Stats thread started at 0.150060
[2015.12.01-14.19.38:331][  0]LogInit: Version: 4.9.1-2689999+++depot+UE4-Releases+4.9
[2015.12.01-14.19.38:331][  0]LogInit: API Version: 2672455
[2015.12.01-14.19.38:331][  0]LogInit: Compiled (64-bit): Sep 14 2015 04:12:03
[2015.12.01-14.19.38:331][  0]LogInit: Compiled with Visual C++: 18.00.21005.01
[2015.12.01-14.19.38:331][  0]LogInit: Build Configuration: Development
[2015.12.01-14.19.38:331][  0]LogInit: Branch Name: ++depot+UE4-Releases+4.9
[2015.12.01-14.19.38:331][  0]LogInit: Command line: 
[2015.12.01-14.19.38:331][  0]LogInit: Base directory: C:/Program Files/Epic Games/4.9/Engine/Binaries/Win64/
[2015.12.01-14.19.38:331][  0]LogInit: Rocket: 1
[2015.12.01-14.19.38:347][  0]LogInit: Using libcurl 7.41.0
[2015.12.01-14.19.38:347][  0]LogInit:  - built for x86_64-pc-win32
[2015.12.01-14.19.38:347][  0]LogInit:  - supports SSL with WinSSL
[2015.12.01-14.19.38:347][  0]LogInit:  - other features:
[2015.12.01-14.19.38:347][  0]LogInit:      CURL_VERSION_SSL
[2015.12.01-14.19.38:347][  0]LogInit:      CURL_VERSION_IPV6
[2015.12.01-14.19.38:347][  0]LogInit:      CURL_VERSION_ASYNCHDNS
[2015.12.01-14.19.38:347][  0]LogInit:      CURL_VERSION_LARGEFILE
[2015.12.01-14.19.38:347][  0]LogInit:      CURL_VERSION_IDN
[2015.12.01-14.19.38:347][  0]LogInit:  CurlRequestOptions (configurable via config and command line):
[2015.12.01-14.19.38:347][  0]LogInit:  - bVerifyPeer = true  - Libcurl will verify peer certificate
[2015.12.01-14.19.38:347][  0]LogInit:  - bUseHttpProxy = false  - Libcurl will NOT use HTTP proxy
[2015.12.01-14.19.38:347][  0]LogInit:  - bDontReuseConnections = false  - Libcurl will reuse connections
[2015.12.01-14.19.38:347][  0]LogInit:  - CertBundlePath = nullptr  - Libcurl will use whatever was configured at build time.
[2015.12.01-14.19.38:363][  0]LogInit: Presizing for 0 objects not considered by GC, pre-allocating 0 bytes.
[2015.12.01-14.19.38:378][  0]LogInit: Object subsystem initialized
[2015.12.01-14.19.38:378][  0]LogInit: Selected Device Profile: [Windows]
[2015.12.01-14.19.38:378][  0]LogInit: Applying CVar settings loaded from the selected device profile: [Windows]
[2015.12.01-14.19.38:393][  0]LogInit: Computer: SpellabbA332-13
[2015.12.01-14.19.38:393][  0]LogInit: User: Spellabbet
[2015.12.01-14.19.38:393][  0]LogInit: CPU Page size=4096, Cores=4
[2015.12.01-14.19.38:394][  0]LogInit: High frequency timer resolution =3.507501 MHz
[2015.12.01-14.19.38:394][  0]LogMemory: Memory total: Physical=15.9GB (16GB approx)
[2015.12.01-14.19.38:394][  0]LogMemory: Platform Memory Stats for Windows
[2015.12.01-14.19.38:394][  0]LogMemory: Process Physical Memory: 52.95 MB used, 52.95 MB peak
[2015.12.01-14.19.38:395][  0]LogMemory: Process Virtual Memory: 55.27 MB used, 55.27 MB peak
[2015.12.01-14.19.38:395][  0]LogMemory: Physical Memory: 4125.31 MB used, 16318.82 MB total
[2015.12.01-14.19.38:395][  0]LogMemory: Virtual Memory: 346.38 MB used, 134217728.00 MB total
[2015.12.01-14.19.38:445][  0]LogTextLocalizationManager: No translations for ('sv-SE') exist, falling back to 'en' for localization and internationalization data.
[2015.12.01-14.19.38:978][  0]LogD3D11RHI: Found D3D11 adapter 0: NVIDIA GeForce GTX 960 (Feature Level 11_0)
[2015.12.01-14.19.38:978][  0]LogD3D11RHI: Adapter has 1965MB of dedicated video memory, 0MB of dedicated system memory, and 2048MB of shared system memory, 1 output[s]
[2015.12.01-14.19.38:981][  0]LogD3D11RHI: Found D3D11 adapter 1: Microsoft Basic Render Driver (Feature Level 11_0)
[2015.12.01-14.19.38:981][  0]LogD3D11RHI: Adapter has 0MB of dedicated video memory, 0MB of dedicated system memory, and 256MB of shared system memory, 0 output[s]
[2015.12.01-14.19.38:981][  0]LogD3D11RHI: Chosen D3D11 Adapter Id = 0
[2015.12.01-14.19.38:985][  0]LogD3D11RHI: !Direct3DDevice
[2015.12.01-14.19.38:985][  0]LogRHI: Texture pool is 1361 MB (70% of 1945 MB)
[2015.12.01-14.19.39:060][  0]LogD3D11RHI: Async texture creation enabled
[2015.12.01-14.19.39:076][  0]LogShaderCompilers: Guid format shader working directory is 15 characters bigger than the processId version (../../../../../../Users/Spellabbet/Documents/Unreal Projects/Balls-of-steel/BOS/Intermediate/Shaders/WorkingDirectory/2380/).
[2015.12.01-14.19.39:076][  0]LogShaderCompilers: Cleaned the shader compiler working directory '../../../../../../Users/Spellabbet/Documents/Unreal Projects/Balls-of-steel/BOS/Intermediate/Shaders/tmp/10FA67E34EA6459208727CBE649B380E/'.
[2015.12.01-14.19.39:077][  0]LogShaderCompilers:Display: Using Local Shader Compiler.
[2015.12.01-14.19.39:952][  0]LogTemp:Display: Loaded TP AllDesktopTargetPlatform
[2015.12.01-14.19.39:963][  0]LogTemp:Display: Loaded TP WindowsClientTargetPlatform
[2015.12.01-14.19.39:975][  0]LogTemp:Display: Loaded TP WindowsNoEditorTargetPlatform
[2015.12.01-14.19.39:986][  0]LogTemp:Display: Loaded TP WindowsServerTargetPlatform
[2015.12.01-14.19.39:997][  0]LogTemp:Display: Loaded TP WindowsTargetPlatform
[2015.12.01-14.19.40:003][  0]LogTemp:Display: Loaded TP AndroidTargetPlatform
[2015.12.01-14.19.40:008][  0]LogTemp:Display: Loaded TP Android_ASTCTargetPlatform
[2015.12.01-14.19.40:012][  0]LogTemp:Display: Loaded TP Android_ATCTargetPlatform
[2015.12.01-14.19.40:017][  0]LogTemp:Display: Loaded TP Android_DXTTargetPlatform
[2015.12.01-14.19.40:023][  0]LogTemp:Display: Loaded TP Android_ETC1TargetPlatform
[2015.12.01-14.19.40:028][  0]LogTemp:Display: Loaded TP Android_ETC2TargetPlatform
[2015.12.01-14.19.40:035][  0]LogTemp:Display: Loaded TP Android_PVRTCTargetPlatform
[2015.12.01-14.19.40:039][  0]LogTemp:Display: Loaded TP HTML5TargetPlatform
[2015.12.01-14.19.40:066][  0]LogTemp:Display: Loaded TP IOSTargetPlatform
[2015.12.01-14.19.40:071][  0]LogTemp:Display: Loaded TP LinuxNoEditorTargetPlatform
[2015.12.01-14.19.40:077][  0]LogTemp:Display: Loaded TP LinuxServerTargetPlatform
[2015.12.01-14.19.40:083][  0]LogTemp:Display: Loaded TP LinuxTargetPlatform
[2015.12.01-14.19.40:083][  0]LogTargetPlatformManager:Display: Building Assets For Windows
[2015.12.01-14.19.40:265][  0]LogDerivedDataCache:Display: Max Cache Size: 512 MB
[2015.12.01-14.19.40:303][  0]LogDerivedDataCache: Loaded boot cache 0.04s 47MB C:/Users/Spellabbet/AppData/Local/UnrealEngine/4.9/DerivedDataCache/Boot.ddc.
[2015.12.01-14.19.40:304][  0]LogDerivedDataCache:Display: Loaded Boot cache: C:/Users/Spellabbet/AppData/Local/UnrealEngine/4.9/DerivedDataCache/Boot.ddc
[2015.12.01-14.19.40:304][  0]LogDerivedDataCache: FDerivedDataBackendGraph:  Pak pak cache file ../../../../../../Users/Spellabbet/Documents/Unreal Projects/Balls-of-steel/BOS/DerivedDataCache/DDC.ddp not found, will not use a pak cache.
[2015.12.01-14.19.40:304][  0]LogDerivedDataCache: Unable to find inner node Pak for hierarchical cache Hierarchy.
[2015.12.01-14.19.40:305][  0]LogDerivedDataCache: FDerivedDataBackendGraph:  CompressedPak pak cache file ../../../../../../Users/Spellabbet/Documents/Unreal Projects/Balls-of-steel/BOS/DerivedDataCache/Compressed.ddp not found, will not use a pak cache.
[2015.12.01-14.19.40:305][  0]LogDerivedDataCache: Unable to find inner node CompressedPak for hierarchical cache Hierarchy.
[2015.12.01-14.19.40:413][  0]LogDerivedDataCache:Display: Pak cache opened for reading ../../../Engine/DerivedDataCache/Compressed.ddp.
[2015.12.01-14.19.40:426][  0]LogDerivedDataCache: Using Local data cache path C:/Users/Spellabbet/AppData/Local/UnrealEngine/Common/DerivedDataCache: Writable
[2015.12.01-14.19.40:562][  0]LogInit: Selected Device Profile: [Windows]
[2015.12.01-14.19.40:565][  0]LogContentStreaming: Texture pool size is 0.000000MB
[2015.12.01-14.19.40:668][  0]LogMeshUtilities: No automatic mesh reduction module available
[2015.12.01-14.19.40:668][  0]LogMeshUtilities: No automatic mesh merging module available
[2015.12.01-14.19.40:866][  0]LogInit: WinSock: version 1.1 (2.2), MaxSocks=32767, MaxUdp=65467
[2015.12.01-14.19.41:616][  0]UdpMessaging: Initializing bridge on interface 0.0.0.0:0 to multicast group 230.0.0.1:6666.
[2015.12.01-14.19.41:713][  0]LogLinker:Warning: Asset '../../../../../../Users/Spellabbet/Documents/Unreal Projects/Balls-of-steel/BOS/Content/Rolling/Materials/M_Blue_Checker.uasset' has been saved with empty engine version. The asset will be loaded but may be incompatible.
[2015.12.01-14.19.41:901][  0]LogAssetRegistry: FAssetRegistry took 0.0111 seconds to start up
[2015.12.01-14.19.42:141][  0]SourceControl: Info Source control is disabled
[2015.12.01-14.19.42:149][  0]SourceControl: Info Source control is disabled
[2015.12.01-14.19.42:164][  0]SourceControl: Info Source control is disabled
[2015.12.01-14.19.42:180][  0]SourceControl: Info Source control is disabled
[2015.12.01-14.19.42:345][  0]LogLinker:Warning: Asset '../../../Engine/Plugins/Runtime/LeapMotionController/Content/LM_PassthroughMaterial.uasset' has been saved with empty engine version. The asset will be loaded but may be incompatible.
[2015.12.01-14.19.42:449][  0]LogObj: 30613 objects as part of root set at end of initial load.
[2015.12.01-14.19.42:449][  0]LogUObjectAllocator: 6840968 out of 0 bytes used by permanent object pool.
[2015.12.01-14.19.42:519][  0]LogEngine: Initializing Engine...
[2015.12.01-14.19.42:521][  0]LogHMD: Can't find Oculus library dev build: is proper Runtime installed? Version: 0.7.0.0
[2015.12.01-14.19.42:523][  0]LogHMD: SteamVR failed to initialize.  Err: 110
[2015.12.01-14.19.42:625][  0]LogAIModule: Creating AISystem for world NewWorld
[2015.12.01-14.19.42:632][  0]LogInit: XAudio2 using 'Speakers (4- High Definition Audio Device)' : 2 channels at 44.1 kHz using 16 bits per sample (channel mask 0x3)
[2015.12.01-14.19.42:646][  0]LogInit: FAudioDevice initialized.
[2015.12.01-14.19.42:666][  0]LogDerivedDataCache: Saved boot cache 0.02s 47MB C:/Users/Spellabbet/AppData/Local/UnrealEngine/4.9/DerivedDataCache/Boot.ddc.
[2015.12.01-14.19.42:670][  0]LogInit: Texture streaming: Enabled
[2015.12.01-14.19.42:683][  0]LogAnalytics: Creating configured Analytics provider AnalyticsET
[2015.12.01-14.19.42:683][  0]LogAnalytics: [UEEditor.Rocket.Release] APIServer = http://et2.epicgames.com/ET2/. AppVersion = 4.9.1-2689999+++depot+UE4-Releases+4.9
[2015.12.01-14.19.42:683][  0]LogAnalytics: [UEEditor.Rocket.Release] SetUserId fc50aaa14c34ed003df04597b34f483e|4341a5fd2eb34d5fac8b0ca63d21fc83|060e5e79-a789-49c4-8abd-5d8b330400a7
[2015.12.01-14.19.42:684][  0]LogAnalytics: [UEEditor.Rocket.Release] AnalyticsET::StartSession
[2015.12.01-14.19.42:699][  0]LogInit: Transaction tracking system initialized
[2015.12.01-14.19.42:770][  0]BlueprintLog: New page: Editor Load
[2015.12.01-14.19.43:014][  0]LocalizationService: Info Localization service is disabled
[2015.12.01-14.19.43:155][  0]LogConsoleResponse:Display: 
[2015.12.01-14.19.43:249][  0]LogCook:Display: Done creating registry. It took  0.00s.
[2015.12.01-14.19.43:375][  0]LogFileCache: Scanning file cache for directory 'C:/Users/Spellabbet/Documents/Unreal Projects/Balls-of-steel/BOS/Content/' took 0.01s
[2015.12.01-14.19.43:375][  0]SourceControl: Info Source control is disabled
[2015.12.01-14.19.43:376][  0]Cmd: MAP LOAD FILE="../../../../../../Users/Spellabbet/Documents/Unreal Projects/Balls-of-steel/BOS/Content/Maps/MainMenu.umap" TEMPLATE=0 SHOWPROGRESS=1 FEATURELEVEL=3
[2015.12.01-14.19.43:376][  0]LightingResults: New page: Lighting Build
[2015.12.01-14.19.43:379][  0]MapCheck: New page: Map Check
[2015.12.01-14.19.43:379][  0]LightingResults: New page: Lighting Build
[2015.12.01-14.19.43:389][  0]LogParticles: Destroying 0 GPU particle simulations for FXSystem 0x0000004D450BF6A0
[2015.12.01-14.19.43:491][  0]LogAIModule: Creating AISystem for world MainMenu
[2015.12.01-14.19.43:500][  0]LogEditorServer: Finished looking for orphan Actors (0.000 secs)
[2015.12.01-14.19.43:502][  0]Cmd: MAP CHECKDEP NOCLEARLOG
[2015.12.01-14.19.43:551][  0]MapCheck: Info Map check complete: 0 Error(s), 0 Warning(s), took 49.154ms to complete.
[2015.12.01-14.19.43:552][  0]LogFileHelpers: Loading map 'MainMenu' took 0.176
[2015.12.01-14.19.43:656][  0]LogCollectionManager: Loaded 0 collections in 0.002284 seconds
[2015.12.01-14.19.43:703][  0]LogFileCache: Scanning file cache for directory 'C:/Users/Spellabbet/Documents/Unreal Projects/Balls-of-steel/BOS/Saved/Collections/' took 0.01s
[2015.12.01-14.19.43:704][  0]LogFileCache: Scanning file cache for directory 'C:/Users/Spellabbet/Documents/Unreal Projects/Balls-of-steel/BOS/Content/Developers/Spellabbet/Collections/' took 0.01s
[2015.12.01-14.19.43:704][  0]LogFileCache: Scanning file cache for directory 'C:/Users/Spellabbet/Documents/Unreal Projects/Balls-of-steel/BOS/Content/Collections/' took 0.01s
[2015.12.01-14.19.43:704][  0]LogContentBrowser: Native class hierarchy populated in 0.0085 seconds. Added 1875 classes and 335 folders.
[2015.12.01-14.19.43:710][  0]LogCollectionManager: Rebuilt the GUID cache for 0 collections in 0.000002 seconds
[2015.12.01-14.19.43:720][  0]LogContentBrowser: Native class hierarchy updated for 'WidgetCarousel' in 0.0040 seconds. Added 0 classes and 0 folders.
[2015.12.01-14.19.43:815][  0]LogContentBrowser: Native class hierarchy updated for 'AddContentDialog' in 0.0019 seconds. Added 0 classes and 0 folders.
[2015.12.01-14.19.43:835][  0]LogContentBrowser: Native class hierarchy updated for 'SceneOutliner' in 0.0020 seconds. Added 1 classes and 2 folders.
[2015.12.01-14.19.43:861][  0]LogCrashTracker: Crashtracker disabled due to settings.
[2015.12.01-14.19.43:865][  0]LogUObjectGlobals:Warning: Failed to find object 'Class None.'
[2015.12.01-14.19.43:888][  0]LogLoad: Full Startup: 6.43 seconds (BP compile: 0.04 seconds)
[2015.12.01-14.19.43:935][  0]LogContentStreaming: Texture pool size now 1000 MB
[2015.12.01-14.19.44:030][  0]LogRenderer: Reallocating scene render targets to support 1048x556 (Frame:2).
[2015.12.01-14.19.44:237][  2]LogAssetRegistry: Asset discovery search completed in 2.3470 seconds
[2015.12.01-14.19.44:238][  2]LogCollectionManager: Rebuilt the object cache for 0 collections in 0.000001 seconds (found 0 objects)
[2015.12.01-14.19.44:238][  2]LogCollectionManager: Fixed up redirectors for 0 collections in 0.000351 seconds (updated 0 objects)
[2015.12.01-14.19.47:664][358]LogAIModule: Creating AISystem for world Map1
[2015.12.01-14.19.47:690][358]LogActorComponent: UnregisterComponent: (/Engine/Transient.ProjectileComp) Not registered. Aborting.
[2015.12.01-14.19.47:690][358]LogActorComponent: UnregisterComponent: (/Engine/Transient.ProjectileMovementComponent_0) Not registered. Aborting.
[2015.12.01-14.19.47:711][358]Cmd: MAP LOAD FILE="../../../../../../Users/Spellabbet/Documents/Unreal Projects/Balls-of-steel/BOS/Content/Maps/Map1.umap" TEMPLATE=0 SHOWPROGRESS=1 FEATURELEVEL=3
[2015.12.01-14.19.47:712][358]LightingResults: New page: Lighting Build
[2015.12.01-14.19.47:727][358]LoadErrors: New page: Loading map: Map1.umap
[2015.12.01-14.19.47:728][358]MapCheck: New page: Map Check
[2015.12.01-14.19.47:729][358]LightingResults: New page: Lighting Build
[2015.12.01-14.19.47:738][358]LogParticles: Destroying 0 GPU particle simulations for FXSystem 0x0000004D30852F20
[2015.12.01-14.19.47:746][358]LogEditorServer: Finished looking for orphan Actors (0.000 secs)
[2015.12.01-14.19.47:789][358]Cmd: MAP CHECKDEP NOCLEARLOG
[2015.12.01-14.19.47:828][358]MapCheck: Info Map check complete: 0 Error(s), 0 Warning(s), took 38.265ms to complete.
[2015.12.01-14.19.47:828][358]LogFileHelpers: Loading map 'Map1' took 0.118
[2015.12.01-14.19.48:737][448]LogBlueprintUserMessages: Early PlayInEditor Detection: Level '/Game/Maps/Map1.Map1:PersistentLevel' has LevelScriptBlueprint '/Game/Maps/Map1.Map1:PersistentLevel.Map1' with GeneratedClass '/Game/Maps/Map1.Map1_C' with ClassGeneratedBy '/Game/Maps/Map1.Map1:PersistentLevel.Ma