[2015.11.06-09.39.46:374][  0]Log file open, 11/06/15 10:39:46
[2015.11.06-09.39.46:374][  0]LogInit:Display: Running engine for game: BOS
[2015.11.06-09.39.46:374][  0]LogInit:Display: RandInit(-1096459738) SRandInit(-1096459737).
[2015.11.06-09.39.46:374][  0]LogTaskGraph: Started task graph with 4 named threads and 7 total threads.
[2015.11.06-09.39.46:374][  0]LogStats: Stats thread started at 0.161486
[2015.11.06-09.39.46:374][  0]LogInit: Version: 4.9.2-2707645+++depot+UE4-Releases+4.9
[2015.11.06-09.39.46:374][  0]LogInit: API Version: 2672455
[2015.11.06-09.39.46:374][  0]LogInit: Compiled (64-bit): Sep 28 2015 10:25:44
[2015.11.06-09.39.46:374][  0]LogInit: Compiled with Visual C++: 18.00.21005.01
[2015.11.06-09.39.46:374][  0]LogInit: Build Configuration: Development
[2015.11.06-09.39.46:374][  0]LogInit: Branch Name: ++depot+UE4-Releases+4.9
[2015.11.06-09.39.46:374][  0]LogInit: Command line:  
[2015.11.06-09.39.46:374][  0]LogInit: Base directory: C:/Program Files/Epic Games/4.9/Engine/Binaries/Win64/
[2015.11.06-09.39.46:374][  0]LogInit: Rocket: 1
[2015.11.06-09.39.46:392][  0]LogInit: Using libcurl 7.41.0
[2015.11.06-09.39.46:392][  0]LogInit:  - built for x86_64-pc-win32
[2015.11.06-09.39.46:392][  0]LogInit:  - supports SSL with WinSSL
[2015.11.06-09.39.46:392][  0]LogInit:  - other features:
[2015.11.06-09.39.46:392][  0]LogInit:      CURL_VERSION_SSL
[2015.11.06-09.39.46:392][  0]LogInit:      CURL_VERSION_IPV6
[2015.11.06-09.39.46:392][  0]LogInit:      CURL_VERSION_ASYNCHDNS
[2015.11.06-09.39.46:392][  0]LogInit:      CURL_VERSION_LARGEFILE
[2015.11.06-09.39.46:392][  0]LogInit:      CURL_VERSION_IDN
[2015.11.06-09.39.46:393][  0]LogInit:  CurlRequestOptions (configurable via config and command line):
[2015.11.06-09.39.46:393][  0]LogInit:  - bVerifyPeer = true  - Libcurl will verify peer certificate
[2015.11.06-09.39.46:393][  0]LogInit:  - bUseHttpProxy = false  - Libcurl will NOT use HTTP proxy
[2015.11.06-09.39.46:393][  0]LogInit:  - bDontReuseConnections = false  - Libcurl will reuse connections
[2015.11.06-09.39.46:393][  0]LogInit:  - CertBundlePath = nullptr  - Libcurl will use whatever was configured at build time.
[2015.11.06-09.39.46:406][  0]LogInit: Presizing for 0 objects not considered by GC, pre-allocating 0 bytes.
[2015.11.06-09.39.46:420][  0]LogInit: Object subsystem initialized
[2015.11.06-09.39.46:422][  0]LogInit: Selected Device Profile: [Windows]
[2015.11.06-09.39.46:423][  0]LogInit: Applying CVar settings loaded from the selected device profile: [Windows]
[2015.11.06-09.39.46:438][  0]LogInit: Computer: HENRIKLAP
[2015.11.06-09.39.46:438][  0]LogInit: User: Henrik
[2015.11.06-09.39.46:438][  0]LogInit: CPU Page size=4096, Cores=4
[2015.11.06-09.39.46:438][  0]LogInit: High frequency timer resolution =2.436851 MHz
[2015.11.06-09.39.46:438][  0]LogMemory: Memory total: Physical=7.4GB (8GB approx)
[2015.11.06-09.39.46:438][  0]LogMemory: Platform Memory Stats for Windows
[2015.11.06-09.39.46:438][  0]LogMemory: Process Physical Memory: 52.56 MB used, 52.56 MB peak
[2015.11.06-09.39.46:438][  0]LogMemory: Process Virtual Memory: 57.97 MB used, 57.97 MB peak
[2015.11.06-09.39.46:439][  0]LogMemory: Physical Memory: 3387.34 MB used, 7626.27 MB total
[2015.11.06-09.39.46:439][  0]LogMemory: Virtual Memory: 346.09 MB used, 134217728.00 MB total
[2015.11.06-09.39.46:480][  0]LogTextLocalizationManager: No translations for ('sv-SE') exist, falling back to 'en' for localization and internationalization data.
[2015.11.06-09.39.48:038][  0]LogD3D11RHI: Found D3D11 adapter 0: AMD Radeon HD 8650G + HD 8750M Dual Graphics (Feature Level 11_0)
[2015.11.06-09.39.48:038][  0]LogD3D11RHI: Adapter has 2525MB of dedicated video memory, 0MB of dedicated system memory, and 3584MB of shared system memory, 1 output[s]
[2015.11.06-09.39.48:040][  0]LogD3D11RHI: Found D3D11 adapter 1: Microsoft Basic Render Driver (Feature Level 11_0)
[2015.11.06-09.39.48:040][  0]LogD3D11RHI: Adapter has 0MB of dedicated video memory, 0MB of dedicated system memory, and 256MB of shared system memory, 0 output[s]
[2015.11.06-09.39.48:040][  0]LogD3D11RHI: Chosen D3D11 Adapter Id = 0
[2015.11.06-09.39.48:047][  0]LogD3D11RHI: !Direct3DDevice
[2015.11.06-09.39.48:048][  0]LogRHI: Texture pool is 1361 MB (70% of 1945 MB)
[2015.11.06-09.39.48:064][  0]LogD3D11RHI: Async texture creation disabled: no driver support
[2015.11.06-09.39.48:078][  0]LogShaderCompilers: Guid format shader working directory is 15 characters bigger than the processId version (../../../../../../Users/Henrik/Documents/GitHub/Balls-of-steel/BOS/Intermediate/Shaders/WorkingDirectory/8848/).
[2015.11.06-09.39.48:078][  0]LogShaderCompilers: Cleaned the shader compiler working directory '../../../../../../Users/Henrik/Documents/GitHub/Balls-of-steel/BOS/Intermediate/Shaders/tmp/2DF0836D45B774A2D701E09E25BAC979/'.
[2015.11.06-09.39.48:078][  0]LogShaderCompilers:Display: Using Local Shader Compiler.
[2015.11.06-09.39.50:456][  0]LogTemp:Display: Loaded TP AllDesktopTargetPlatform
[2015.11.06-09.39.50:471][  0]LogTemp:Display: Loaded TP WindowsClientTargetPlatform
[2015.11.06-09.39.50:485][  0]LogTemp:Display: Loaded TP WindowsNoEditorTargetPlatform
[2015.11.06-09.39.50:498][  0]LogTemp:Display: Loaded TP WindowsServerTargetPlatform
[2015.11.06-09.39.50:508][  0]LogTemp:Display: Loaded TP WindowsTargetPlatform
[2015.11.06-09.39.50:519][  0]LogTemp:Display: Loaded TP AndroidTargetPlatform
[2015.11.06-09.39.50:528][  0]LogTemp:Display: Loaded TP Android_ASTCTargetPlatform
[2015.11.06-09.39.50:538][  0]LogTemp:Display: Loaded TP Android_ATCTargetPlatform
[2015.11.06-09.39.50:548][  0]LogTemp:Display: Loaded TP Android_DXTTargetPlatform
[2015.11.06-09.39.50:554][  0]LogTemp:Display: Loaded TP Android_ETC1TargetPlatform
[2015.11.06-09.39.50:559][  0]LogTemp:Display: Loaded TP Android_ETC2TargetPlatform
[2015.11.06-09.39.50:565][  0]LogTemp:Display: Loaded TP Android_PVRTCTargetPlatform
[2015.11.06-09.39.50:566][  0]LogTemp:Display: Loaded TP HTML5TargetPlatform
[2015.11.06-09.39.50:587][  0]LogTemp:Display: Loaded TP IOSTargetPlatform
[2015.11.06-09.39.50:596][  0]LogTemp:Display: Loaded TP LinuxNoEditorTargetPlatform
[2015.11.06-09.39.50:601][  0]LogTemp:Display: Loaded TP LinuxServerTargetPlatform
[2015.11.06-09.39.50:607][  0]LogTemp:Display: Loaded TP LinuxTargetPlatform
[2015.11.06-09.39.50:607][  0]LogTargetPlatformManager:Display: Building Assets For Windows
[2015.11.06-09.39.50:769][  0]LogDerivedDataCache:Display: Max Cache Size: 512 MB
[2015.11.06-09.39.50:885][  0]LogDerivedDataCache: Loaded boot cache 0.12s 46MB C:/Users/Henrik/AppData/Local/UnrealEngine/4.9/DerivedDataCache/Boot.ddc.
[2015.11.06-09.39.50:885][  0]LogDerivedDataCache:Display: Loaded Boot cache: C:/Users/Henrik/AppData/Local/UnrealEngine/4.9/DerivedDataCache/Boot.ddc
[2015.11.06-09.39.50:885][  0]LogDerivedDataCache: FDerivedDataBackendGraph:  Pak pak cache file ../../../../../../Users/Henrik/Documents/GitHub/Balls-of-steel/BOS/DerivedDataCache/DDC.ddp not found, will not use a pak cache.
[2015.11.06-09.39.50:885][  0]LogDerivedDataCache: Unable to find inner node Pak for hierarchical cache Hierarchy.
[2015.11.06-09.39.50:885][  0]LogDerivedDataCache: FDerivedDataBackendGraph:  CompressedPak pak cache file ../../../../../../Users/Henrik/Documents/GitHub/Balls-of-steel/BOS/DerivedDataCache/Compressed.ddp not found, will not use a pak cache.
[2015.11.06-09.39.50:885][  0]LogDerivedDataCache: Unable to find inner node CompressedPak for hierarchical cache Hierarchy.
[2015.11.06-09.39.51:147][  0]LogDerivedDataCache:Display: Pak cache opened for reading ../../../Engine/DerivedDataCache/Compressed.ddp.
[2015.11.06-09.39.51:161][  0]LogDerivedDataCache: Using Local data cache path C:/Users/Henrik/AppData/Local/UnrealEngine/Common/DerivedDataCache: Writable
[2015.11.06-09.39.51:508][  0]LogInit: Selected Device Profile: [Windows]
[2015.11.06-09.39.51:514][  0]LogContentStreaming: Texture pool size is 0.000000MB
[2015.11.06-09.39.51:739][  0]LogMeshUtilities: No automatic mesh reduction module available
[2015.11.06-09.39.51:740][  0]LogMeshUtilities: No automatic mesh merging module available
[2015.11.06-09.39.52:202][  0]LogInit: WinSock: version 1.1 (2.2), MaxSocks=32767, MaxUdp=65467
[2015.11.06-09.39.53:474][  0]UdpMessaging: Initializing bridge on interface 0.0.0.0:0 to multicast group 230.0.0.1:6666.
[2015.11.06-09.39.53:553][  0]LogLinker:Warning: Asset '../../../../../../Users/Henrik/Documents/GitHub/Balls-of-steel/BOS/Content/Rolling/Meshes/BallMesh.uasset' has been saved with empty engine version. The asset will be loaded but may be incompatible.
[2015.11.06-09.39.53:554][  0]LogLinker:Warning: Asset '../../../../../../Users/Henrik/Documents/GitHub/Balls-of-steel/BOS/Content/Rolling/Materials/M_Blue_Checker.uasset' has been saved with empty engine version. The asset will be loaded but may be incompatible.
[2015.11.06-09.39.53:555][  0]LogLinker:Warning: Asset '../../../../../../Users/Henrik/Documents/GitHub/Balls-of-steel/BOS/Content/Rolling/Materials/PM_Ball.uasset' has been saved with empty engine version. The asset will be loaded but may be incompatible.
[2015.11.06-09.39.53:796][  0]LogAssetRegistry: FAssetRegistry took 0.0112 seconds to start up
[2015.11.06-09.39.54:158][  0]SourceControl: Info Source control is disabled
[2015.11.06-09.39.54:176][  0]SourceControl: Info Source control is disabled
[2015.11.06-09.39.54:202][  0]SourceControl: Info Source control is disabled
[2015.11.06-09.39.54:228][  0]SourceControl: Info Source control is disabled
[2015.11.06-09.39.54:478][  0]LogLinker:Warning: Asset '../../../Engine/Plugins/Runtime/LeapMotionController/Content/LM_PassthroughMaterial.uasset' has been saved with empty engine version. The asset will be loaded but may be incompatible.
[2015.11.06-09.39.54:625][  0]LogObj: 29662 objects as part of root set at end of initial load.
[2015.11.06-09.39.54:625][  0]LogUObjectAllocator: 6510536 out of 0 bytes used by permanent object pool.
[2015.11.06-09.39.54:714][  0]LogEngine: Initializing Engine...
[2015.11.06-09.39.54:719][  0]LogHMD: Can't find Oculus library dev build: is proper Runtime installed? Version: 0.7.0.0
[2015.11.06-09.39.54:720][  0]LogHMD: SteamVR failed to initialize.  Err: 110
[2015.11.06-09.39.54:974][  0]LogAIModule: Creating AISystem for world NewWorld
[2015.11.06-09.39.54:980][  0]LogInit: XAudio2 using 'Speakers (Realtek High Definition Audio)' : 2 channels at 48 kHz using 32 bits per sample (channel mask 0x3)
[2015.11.06-09.39.54:994][  0]LogInit: FAudioDevice initialized.
[2015.11.06-09.39.55:046][  0]LogDerivedDataCache: Saved boot cache 0.05s 46MB C:/Users/Henrik/AppData/Local/UnrealEngine/4.9/DerivedDataCache/Boot.ddc.
[2015.11.06-09.39.55:059][  0]LogInit: Texture streaming: Enabled
[2015.11.06-09.39.55:069][  0]LogAnalytics: Creating configured Analytics provider AnalyticsET
[2015.11.06-09.39.55:070][  0]LogAnalytics: [UEEditor.Rocket.Release] APIServer = http://et2.epicgames.com/ET2/. AppVersion = 4.9.2-2707645+++depot+UE4-Releases+4.9
[2015.11.06-09.39.55:070][  0]LogAnalytics: [UEEditor.Rocket.Release] SetUserId acaf962148b56d9743bd72afeabcbeb9|c8ac3edb00a24d41af0fa96f246ba628|0c8c2f6c-a153-4eda-82c3-243060fd3001
[2015.11.06-09.39.55:070][  0]LogAnalytics: [UEEditor.Rocket.Release] AnalyticsET::StartSession
[2015.11.06-09.39.55:117][  0]LogInit: Transaction tracking system initialized
[2015.11.06-09.39.55:176][  0]BlueprintLog: New page: Editor Load
[2015.11.06-09.39.55:372][  0]LocalizationService: Info Localization service is disabled
[2015.11.06-09.39.55:765][  0]LogConsoleResponse:Display: 
[2015.11.06-09.39.56:028][  0]LogCook:Display: Done creating registry. It took  0.00s.
[2015.11.06-09.39.56:151][  0]LogFileCache: Scanning file cache for directory 'C:/Users/Henrik/Documents/GitHub/Balls-of-steel/BOS/Content/' took 0.02s
[2015.11.06-09.39.56:151][  0]SourceControl: Info Source control is disabled
[2015.11.06-09.39.56:151][  0]Cmd: MAP LOAD FILE="../../../../../../Users/Henrik/Documents/GitHub/Balls-of-steel/BOS/Content/RollingCPP/Maps/MainMenu.umap" TEMPLATE=0 SHOWPROGRESS=1 FEATURELEVEL=3
[2015.11.06-09.39.56:151][  0]LightingResults: New page: Lighting Build
[2015.11.06-09.39.56:156][  0]MapCheck: New page: Map Check
[2015.11.06-09.39.56:156][  0]LightingResults: New page: Lighting Build
[2015.11.06-09.39.56:179][  0]LogParticles: Destroying 0 GPU particle simulations for FXSystem 0x000000E27DB96160
[2015.11.06-09.39.56:504][  0]LogAIModule: Creating AISystem for world MainMenu
[2015.11.06-09.39.56:517][  0]LogEditorServer: Finished looking for orphan Actors (0.000 secs)
[2015.11.06-09.39.56:518][  0]Cmd: MAP CHECKDEP NOCLEARLOG
[2015.11.06-09.39.56:647][  0]MapCheck: Info Map check complete: 0 Error(s), 0 Warning(s), took 128.642ms to complete.
[2015.11.06-09.39.56:647][  0]LogFileHelpers: Loading map 'MainMenu' took 0.496
[2015.11.06-09.39.56:816][  0]LogCollectionManager: Loaded 0 collections in 0.003140 seconds
[2015.11.06-09.39.56:876][  0]LogFileCache: Scanning file cache for directory 'C:/Users/Henrik/Documents/GitHub/Balls-of-steel/BOS/Saved/Collections/' took 0.01s
[2015.11.06-09.39.56:876][  0]LogFileCache: Scanning file cache for directory 'C:/Users/Henrik/Documents/GitHub/Balls-of-steel/BOS/Content/Developers/Henrik/Collections/' took 0.01s
[2015.11.06-09.39.56:876][  0]LogFileCache: Scanning file cache for directory 'C:/Users/Henrik/Documents/GitHub/Balls-of-steel/BOS/Content/Collections/' took 0.01s
[2015.11.06-09.39.56:876][  0]LogContentBrowser: Native class hierarchy populated in 0.0232 seconds. Added 1875 classes and 335 folders.
[2015.11.06-09.39.56:888][  0]LogCollectionManager: Rebuilt the GUID cache for 0 collections in 0.000005 seconds
[2015.11.06-09.39.56:911][  0]LogContentBrowser: Native class hierarchy updated for 'WidgetCarousel' in 0.0035 seconds. Added 0 classes and 0 folders.
[2015.11.06-09.39.57:013][  0]LogContentBrowser: Native class hierarchy updated for 'AddContentDialog' in 0.0036 seconds. Added 0 classes and 0 folders.
[2015.11.06-09.39.57:023][  0]LogContentBrowser: Native class hierarchy updated for 'SceneOutliner' in 0.0026 seconds. Added 1 classes and 2 folders.
[2015.11.06-09.39.57:066][  0]LogCrashTracker: Crashtracker disabled due to settings.
[2015.11.06-09.39.57:073][  0]LogUObjectGlobals:Warning: Failed to find object 'Class None.'
[2015.11.06-09.39.57:096][  0]LogLoad: Full Startup: 12.70 seconds (BP compile: 0.10 seconds)
[2015.11.06-09.39.57:200][  0]LogContentStreaming: Texture pool size now 400 MB
[2015.11.06-09.39.57:410][  0]LogRenderer: Reallocating scene render targets to support 848x356 (Frame:2).
[2015.11.06-09.39.58:064][  7]LogAssetRegistry: Asset discovery search completed in 4.2797 seconds
[2015.11.06-09.39.58:064][  7]LogCollectionManager: Rebuilt the object cache for 0 collections in 0.000001 seconds (found 0 objects)
[2015.11.06-09.39.58:064][  7]LogCollectionManager: Fixed up redirectors for 0 collections in 0.000061 seconds (updated 0 objects)
[2015.11.06-09.40.04:345][638]LogVSAccessor:Warning: Couldn't access Visual Studio
[2015.11.06-09.40.04:568][638]Recompiling BOS...
[2015.11.06-09.40.04:569][638]Launching UnrealBuildTool... [C:/Program Files/Epic Games/4.9/Engine/Binaries/DotNET/UnrealBuildTool.exe BOS -ModuleWithSuffix BOS 6026 Win64 Development -editorrecompile -canskiplink "C:/Users/Henrik/Documents/GitHub/Balls-of-steel/BOS/BOS.uproject" -rocket  -rocket]
[2015.11.06-09.40.04:571][638]Warning: Starting HotReload took  0.2s.
[2015.11.06-09.40.18:522][993]CompilerResultsLog: New page: Compilation - Nov 6, 2015, 11:40:18 AM
[2015.11.06-09.40.18:553][993]CompilerResultsLog: Info Creating makefile for hot reloading BOS (no existing makefile)
[2015.11.06-09.40.18:553][993]CompilerResultsLog: Info Compiling game modules for hot reload
[2015.11.06-09.40.18:553][993]CompilerResultsLog: Info Performing full C++ include scan (no include cache file)
[2015.11.06-09.40.18:553][993]CompilerResultsLog: Info Target is up to date.
[2015.11.06-09.40.18:553][993]LogMainFrame: MainFrame: Module compiling took 14.208 seconds
[2015.11.06-09.40.38:875][198]LogBlueprintUserMessages: Early PlayInEditor Detection: Level '/Game/RollingCPP/Maps/MainMenu.MainMenu:PersistentLevel' has LevelScriptBlueprint '/Game/RollingCPP/Maps/MainMenu.MainMenu:PersistentLevel.MainMenu' with GeneratedClass '/Game/RollingCPP/Maps/MainMenu.MainMenu_C' with ClassGeneratedBy '/Game/RollingCPP/Maps/MainMenu.MainMenu:PersistentLevel.MainMenu'
[2015.11.06-09.40.38:875][198]LogPlayLevel: PlayLevel: No blueprints needed recompiling
[2015.11.06-09.40.38:877][198]PIE: New page: PIE session: MainMenu (Nov 6, 2015, 11:40:38 AM)
[2015.11.06-09.40.38:877][198]LogPlayLevel: Creating play world package: /Game/RollingCPP/Maps/UEDPIE_1_MainMenu
[2015.11.06-09.40.38:885][198]LogPlayLevel: PIE: StaticDuplicateObject took: (0.008593s)
[2015.11.06-09.40.38:886][198]LogAIModule: Creating AISystem for world MainMenu
[2015.11.06-09.40.38:887][198]LogPlayLevel: PIE: World Init took: (0.001353s)
[2015.11.06-09.40.38:887][198]LogPlayLevel: PIE: Created PIE world by copying editor world from /Game/RollingCPP/Maps/MainMenu.MainMenu to /Game/RollingCPP/Maps/UEDPIE_1_MainMenu.MainMenu (0.010292s)
[2015.11.06-09.40.38:922][198]LogInit: XAudio2 using 'Speakers (Realtek High Definition Audio)' : 2 channels at 48 kHz using 32 bits per sample (channel mask 0x3)
[2015.11.06-09.40.38:935][198]LogInit: FAudioDevice initialized.
[2015.11.06-09.40.38:989][198]LogWorld: Game class is 'GameMode'
[2015.11.06-09.40.38:997][198]LogWorld: Bringing World /Game/RollingCPP/Maps/UEDPIE_1_MainMenu.MainMenu up for play (max tick rate 0) at 2015.11.06-10.40.38
[2015.11.06-09.40.38:998][198]LogActor:Warning: GameSession /Game/RollingCPP/Maps/UEDPIE_1_MainMenu.MainMenu:PersistentLevel.GameSession_0 has natively added scene component(s), but none of them were set as the actor's RootComponent - picking one arbitrarily
[2015.11.06-09.40.38:998][198]LogActor:Warning: GameNetworkManager /Game/RollingCPP/Maps/UEDPIE_1_MainMenu.MainMenu:PersistentLevel.GameNetworkManager_0 has natively added scene component(s), but none of them were set as the actor's RootComponent - picking one arbitrarily
[2015.11.06-09.40.38:998][198]LogWorld: Bringing up level for play took: 0.006007
[2015.11.06-09.40.39:001][198]LogInit: WinSock: Socket queue 131072 / 131072
[2015.11.06-09.40.39:003][198]LogInit: WinSock: I am HenrikLap (10.1.22.239:0)
[2015.11.06-09.40.39:003][198]LogNet: GameNetDriver IpNetDriver_0 IpNetDriver listening on port 7777
[2015.11.06-09.40.39:041][198]PIE: Info Play in editor start time for /Game/RollingCPP/Maps/UEDPIE_1_MainMenu -0.409
[2015.11.06-09.40.39:043][198]PIE: New page: PIE session: MainMenu (Nov 6, 2015, 11:40:39 AM)
[2015.11.06-09.40.39:089][198]LogNet: Browse: 127.0.0.1//Game/RollingCPP/Maps/MainMenu
[2015.11.06-09.40.39:089][198]LogInit: WinSock: Socket queue 32768 / 32768
[2015.11.06-09.40.39:090][198]LogNet: Game client on port 7777, rate 10000
[2015.11.06-09.40.39:090][198]LogNet: GetLocalNetworkVersion: GEngineNetVersion: 2707645, ProjectName: bos, ProjectVersion: 1.0.0.0, InternalProtocolVersion: 9, LocalNetworkVersion: 1605316083
[2015.11.06-09.40.39:134][198]PIE: Info Play in editor start time for /Game/RollingCPP/Maps/MainMenu -0.316
[2015.11.06-09.40.39:136][198]PIE: New page: PIE session: MainMenu (Nov 6, 2015, 11:40:39 AM)
[2015.11.06-09.40.39:179][198]LogNet: Browse: 127.0.0.1//Game/RollingCPP/Maps/MainMenu
[2015.11.06-09.40.39:179][198]LogInit: WinSock: Socket queue 32768 / 32768
[2015.11.06-09.40.39:180][198]LogNet: Game client on port 7777, rate 10000
[2015.11.06-09.40.39:180][198]LogNet: GetLocalNetworkVersion: GEngineNetVersion: 2707645, ProjectName: bos, ProjectVersion: 1.0.0.0, InternalProtocolVersion: 9, LocalNetworkVersion: 1605316083
[2015.11.06-09.40.39:225][198]PIE: Info Play in editor start time for /Game/RollingCPP/Maps/MainMenu -0.225
[2015.11.06-09.40.39:227][198]PIE: New page: PIE session: MainMenu (Nov 6, 2015, 11:40:39 AM)
[2015.11.06-09.40.39:270][198]LogNet: Browse: 127.0.0.1//Game/RollingCPP/Maps/MainMenu
[2015.11.06-09.40.39:271][198]LogInit: WinSock: Socket queue 32768 / 32768
[2015.11.06-09.40.39:272][198]LogNet: Game client on port 7777, rate 10000
[2015.11.06-09.40.39:272][198]LogNet: GetLocalNetworkVersion: GEngineNetVersion: 2707645, ProjectName: bos, ProjectVersion: 1.0.0.0, InternalProtocolVersion: 9, LocalNetworkVersion: 1605316083
[2015.11.06-09.40.39:317][198]PIE: Info Play in editor start time for /Game/RollingCPP/Maps/MainMenu -0.133
[2015.11.06-09.40.39:319][198]LogBlueprintUserMessages: Late PlayInEditor Detection: Level '/Game/RollingCPP/Maps/MainMenu.MainMenu:PersistentLevel' has LevelScriptBlueprint '/Game/RollingCPP/Maps/MainMenu.MainMenu:PersistentLevel.MainMenu' with GeneratedClass '/Game/RollingCPP/Maps/MainMenu.MainMenu_C' with ClassGeneratedBy '/Game/RollingCPP/Maps/MainMenu.MainMenu:PersistentLevel.MainMenu'
[2015.11.06-09.40.39:319][198]LogNet: NotifyAcceptingConnection: Server MainMenu accept
[2015.11.06-09.40.39:319][198]LogNet: Open MainMenu 11/06/15 10:40:39 127.0.0.1
[2015.11.06-09.40.39:319][198]LogNet: Added client connection.  Remote address = 127.0.0.1:65316
[2015.11.06-09.40.39:319][198]LogNet: NotifyAcceptingChannel Control 0 server World /Game/RollingCPP/Maps/UEDPIE_1_MainMenu.MainMenu: Accepted
[2015.11.06-09.40.39:319][198]LogNet: Remote platform little endian=1
[2015.11.06-09.40.39:320][198]LogNet: This platform little endian=1
[2015.11.06-09.40.39:320][198]LogNet: GetLocalNetworkVersion: GEngineNetVersion: 2707645, ProjectName: bos, ProjectVersion: 1.0.0.0, InternalProtocolVersion: 9, LocalNetworkVersion: 1605316083
[2015.11.06-09.40.39:320][198]LogNet: NotifyAcceptingConnection: Server MainMenu accept
[2015.11.06-09.40.39:320][198]LogNet: Open MainMenu 11/06/15 10:40:39 127.0.0.1
[2015.11.06-09.40.39:320][198]LogNet: Added client connection.  Remote address = 127.0.0.1:65317
[2015.11.06-09.40.39:320][198]LogNet: NotifyAcceptingChannel Control 0 server World /Game/RollingCPP/Maps/UEDPIE_1_MainMenu.MainMenu: Accepted
[2015.11.06-09.40.39:320][198]LogNet: Remote platform little endian=1
[2015.11.06-09.40.39:320][198]LogNet: This platform little endian=1
[2015.11.06-09.40.39:320][198]LogNet: GetLocalNetworkVersion: GEngineNetVersion: 2707645, ProjectName: bos, ProjectVersion: 1.0.0.0, InternalProtocolVersion: 9, LocalNetworkVersion: 1605316083
[2015.11.06-09.40.39:320][198]LogNet: NotifyAcceptingConnection: Server MainMenu accept
[2015.11.06-09.40.39:320][198]LogNet: Open MainMenu 11/06/15 10:40:39 127.0.0.1
[2015.11.06-09.40.39:320][198]LogNet: Added client connection.  Remote address = 127.0.0.1:65318
[2015.11.06-09.40.39:320][198]LogNet: NotifyAcceptingChannel Control 0 server World /Game/RollingCPP/Maps/UEDPIE_1_MainMenu.MainMenu: Accepted
[2015.11.06-09.40.39:320][198]LogNet: Remote platform little endian=1
[2015.11.06-09.40.39:320][198]LogNet: This platform little endian=1
[2015.11.06-09.40.39:320][198]LogNet: GetLocalNetworkVersion: GEngineNetVersion: 2707645, ProjectName: bos, ProjectVersion: 1.0.0.0, InternalProtocolVersion: 9, LocalNetworkVersion: 1605316083
[2015.11.06-09.40.39:371][199]LogNet: Login request: /Game/RollingCPP/Maps/MainMenu userId: Invalid
[2015.11.06-09.40.39:372][199]LogNet: Login request: /Game/RollingCPP/Maps/MainMenu userId: Invalid
[2015.11.06-09.40.39:372][199]LogNet: Login request: /Game/RollingCPP/Maps/MainMenu userId: Invalid
[2015.11.06-09.40.39:374][199]LogNet: Welcomed by server (Level: /Game/RollingCPP/Maps/UEDPIE_1_MainMenu, Game: /Script/Engine.GameMode)
[2015.11.06-09.40.39:444][199]LogLoad: LoadMap: 127.0.0.1//Game/RollingCPP/Maps/UEDPIE_1_MainMenu?game=/Script/Engine.GameMode
[2015.11.06-09.40.39:470][199]LogParticles: Destroying 0 GPU particle simulations for FXSystem 0x000000E2700B9F80
[2015.11.06-09.40.39:473][199]Cmd: MEM
[2015.11.06-09.40.39:502][199]LogMemory: Platform Memory Stats for Windows
[2015.11.06-09.40.39:502][199]LogMemory: Process Physical Memory: 539.16 MB used, 539.16 MB peak
[2015.11.06-09.40.39:502][199]LogMemory: Process Virtual Memory: 461.19 MB used, 461.19 MB peak
[2015.11.06-09.40.39:502][199]LogMemory: Physical Memory: 3223.87 MB used, 7626.27 MB total
[2015.11.06-09.40.39:502][199]LogMemory: Virtual Memory: 1100.01 MB used, 134217728.00 MB total
[2015.11.06-09.40.39:502][199]LogMemory: 
[2015.11.06-09.40.39:502][199]Allocator Stats for TBB: (not implemented)
[2015.11.06-09.40.39:502][199]LogLinker: Can't find file for asset '/Game/RollingCPP/Maps/UEDPIE_1_MainMenu' while loading NULL.
[2015.11.06-09.40.39:512][199]LogWorld: PIE: Copying PIE streaming level from /Game/RollingCPP/Maps/MainMenu.MainMenu to /Game/RollingCPP/Maps/UEDPIE_2_MainMenu.MainMenu. OwningWorld: None
[2015.11.06-09.40.39:513][199]LogAIModule: Creating AISystem for world MainMenu
[2015.11.06-09.40.39:520][199]LogWorld: Bringing World /Game/RollingCPP/Maps/UEDPIE_2_MainMenu.MainMenu up for play (max tick rate 0) at 2015.11.06-10.40.39
[2015.11.06-09.40.39:520][199]LogWorld: Bringing up level for play took: 0.005057
[2015.11.06-09.40.39:522][199]LogNet: Welcomed by server (Level: /Game/RollingCPP/Maps/UEDPIE_1_MainMenu, Game: /Script/Engine.GameMode)
[2015.11.06-09.40.39:522][199]LogLoad: LoadMap: 127.0.0.1//Game/RollingCPP/Maps/UEDPIE_1_MainMenu?game=/Script/Engine.GameMode
[2015.11.06-09.40.39:547][199]LogParticles: Destroying 0 GPU particle simulations for FXSystem 0x000000E2700BBCE0
[2015.11.06-09.40.39:550][199]Cmd: MEM
[2015.11.06-09.40.39:577][199]LogMemory: Platform Memory Stats for Windows
[2015.11.06-09.40.39:577][199]LogMemory: Process Physical Memory: 539.35 MB used, 539.35 MB peak
[2015.11.06-09.40.39:577][199]LogMemory: Process Virtual Memory: 461.34 MB used, 461.34 MB peak
[2015.11.06-09.40.39:577][199]LogMemory: Physical Memory: 3224.06 MB used, 7626.27 MB total
[2015.11.06-09.40.39:577][199]LogMemory: Virtual Memory: 1100.01 MB used, 134217728.00 MB total
[2015.11.06-09.40.39:577][199]LogMemory: 
[2015.11.06-09.40.39:577][199]Allocator Stats for TBB: (not implemented)
[2015.11.06-09.40.39:578][199]LogLinker: Can't find file for asset '/Game/RollingCPP/Maps/UEDPIE_1_MainMenu' while loading NULL.
[2015.11.06-09.40.39:585][199]LogWorld: PIE: Copying PIE streaming level from /Game/RollingCPP/Maps/MainMenu.MainMenu to /Game/RollingCPP/Maps/UEDPIE_3_MainMenu.MainMenu. OwningWorld: None
[2015.11.06-09.40.39:587][199]LogAIModule: Creating AISystem for world MainMenu
[2015.11.06-09.40.39:594][199]LogWorld: Bringing World /Game/RollingCPP/Maps/UEDPIE_3_MainMenu.MainMenu up for play (max tick rate 0) at 2015.11.06-10.40.39
[2015.11.06-09.40.39:595][199]LogWorld: Bringing up level for play took: 0.005513
[2015.11.06-09.40.39:596][199]LogNet: Welcomed by server (Level: /Game/RollingCPP/Maps/UEDPIE_1_MainMenu, Game: /Script/Engine.GameMode)
[2015.11.06-09.40.39:596][199]LogLoad: LoadMap: 127.0.0.1//Game/RollingCPP/Maps/UEDPIE_1_MainMenu?game=/Script/Engine.GameMode
[2015.11.06-09.40.39:626][199]LogParticles: Destroying 0 GPU particle simulations for FXSystem 0x000000E270128360
[2015.11.06-09.40.39:629][199]Cmd: MEM
[2015.11.06-09.40.39:654][199]LogMemory: Platform Memory Stats for Windows
[2015.11.06-09.40.39:654][199]LogMemory: Process Physical Memory: 539.44 MB used, 539.45 MB peak
[2015.11.06-09.40.39:654][199]LogMemory: Process Virtual Memory: 461.48 MB used, 461.48 MB peak
[2015.11.06-09.40.39:654][199]LogMemory: Physical Memory: 3223.67 MB used, 7626.27 MB total
[2015.11.06-09.40.39:655][199]LogMemory: Virtual Memory: 1100.01 MB used, 134217728.00 MB total
[2015.11.06-09.40.39:655][199]LogMemory: 
[2015.11.06-09.40.39:655][199]Allocator Stats for TBB: (not implemented)
[2015.11.06-09.40.39:655][199]LogLinker: Can't find file for asset '/Game/RollingCPP/Maps/UEDPIE_1_MainMenu' while loading NULL.
[2015.11.06-09.40.39:663][199]LogWorld: PIE: Copying PIE streaming level from /Game/RollingCPP/Maps/MainMenu.MainMenu to /Game/RollingCPP/Maps/UEDPIE_4_MainMenu.MainMenu. OwningWorld: None
[2015.11.06-09.40.39:664][199]LogAIModule: Creating AISystem for world MainMenu
[2015.11.06-09.40.39:670][199]LogWorld: Bringing World /Game/RollingCPP/Maps/UEDPIE_4_MainMenu.MainMenu up for play (max tick rate 0) at 2015.11.06-10.40.39
[2015.11.06-09.40.39:670][199]LogWorld: Bringing up level for play took: 0.004527
[2015.11.06-09.40.39:721][200]LogNet: Client netspeed is 10000
[2015.11.06-09.40.39:721][200]LogNet: Join request: /Game/RollingCPP/Maps/MainMenu?SplitscreenCount=1
[2015.11.06-09.40.39:728][200]LogNet: Join succeeded: 257
[2015.11.06-09.40.39:728][200]LogNet: Client netspeed is 10000
[2015.11.06-09.40.39:728][200]LogNet: Join request: /Game/RollingCPP/Maps/MainMenu?SplitscreenCount=1
[2015.11.06-09.40.39:732][200]LogNet: Join succeeded: 258
[2015.11.06-09.40.39:732][200]LogNet: Client netspeed is 10000
[2015.11.06-09.40.39:732][200]LogNet: Join request: /Game/RollingCPP/Maps/MainMenu?SplitscreenCount=1
[2015.11.06-09.40.39:735][200]LogNet: Join succeeded: 259
[2015.11.06-09.40.47:240][477]LogPackageName: SearchForPackageOnDisk took   0.126s to resolve Map2.umap.
[2015.11.06-09.40.47:360][477]LogPackageName: SearchForPackageOnDisk took   0.115s to resolve Map2.umap.
[2015.11.06-09.40.47:360][477]LogNet: Browse: /Game/RollingCPP/Maps/Map2?listen
[2015.11.06-09.40.47:360][477]LogLoad: LoadMap: /Game/RollingCPP/Maps/Map2?listen
[2015.11.06-09.40.47:360][477]LogNet: World NetDriver shutdown IpNetDriver_3 [GameNetDriver]
[2015.11.06-09.40.47:360][477]LogNet: DestroyNamedNetDriver IpNetDriver_3 [GameNetDriver]
[2015.11.06-09.40.47:360][477]LogNet: UNetConnection::Close: Name: IpConnection_2, Driver: GameNetDriver IpNetDriver_3, PC: PlayerController_9, Owner: PlayerController_9, Channels: 15, RemoteAddr: 127.0.0.1:7777, Time: 2015.11.06-09.40.47
[2015.11.06-09.40.47:360][477]LogNet: UChannel::Close: Sending CloseBunch. ChIndex == 0. Name: ControlChannel_2
[2015.11.06-09.40.47:360][477]LogExit: GameNetDriver IpNetDriver_3 shut down
[2015.11.06-09.40.47:397][477]LogParticles: Destroying 0 GPU particle simulations for FXSystem 0x000000E27DE9C860
[2015.11.06-09.40.47:397][477]Cmd: MEM
[2015.11.06-09.40.47:426][477]LogMemory: Platform Memory Stats for Windows
[2015.11.06-09.40.47:426][477]LogMemory: Process Physical Memory: 552.10 MB used, 557.25 MB peak
[2015.11.06-09.40.47:426][477]LogMemory: Process Virtual Memory: 473.77 MB used, 473.77 MB peak
[2015.11.06-09.40.47:426][477]LogMemory: Physical Memory: 3300.14 MB used, 7626.27 MB total
[2015.11.06-09.40.47:426][477]LogMemory: Virtual Memory: 1116.13 MB used, 134217728.00 MB total
[2015.11.06-09.40.47:426][477]LogMemory: 
[2015.11.06-09.40.47:426][477]Allocator Stats for TBB: (not implemented)
[2015.11.06-09.40.49:676][477]LogAIModule: Creating AISystem for world Map2
[2015.11.06-09.40.49:677][477]LogWorld: Game class is 'BOSGameMode'
[2015.11.06-09.40.49:678][477]LogInit: WinSock: Socket queue 131072 / 131072
[2015.11.06-09.40.49:678][477]LogNet: GameNetDriver IpNetDriver_4 IpNetDriver listening on port 7778
[2015.11.06-09.40.49:783][477]LogWorld: Bringing World /Game/RollingCPP/Maps/UEDPIE_4_Map2.Map2 up for play (max tick rate 0) at 2015.11.06-10.40.49
[2015.11.06-09.40.49:783][477]LogActor:Warning: GameSession /Game/RollingCPP/Maps/UEDPIE_4_Map2.Map2:PersistentLevel.GameSession_1 has natively added scene component(s), but none of them were set as the actor's RootComponent - picking one arbitrarily
[2015.11.06-09.40.49:784][477]LogActor:Warning: GameNetworkManager /Game/RollingCPP/Maps/UEDPIE_4_Map2.Map2:PersistentLevel.GameNetworkManager_1 has natively added scene component(s), but none of them were set as the actor's RootComponent - picking one arbitrarily
[2015.11.06-09.40.49:895][477]LogWorld: Bringing up level for play took: 0.215373
[2015.11.06-09.40.49:896][477]LogLongPackageNames:Warning: URL: :7778//Game/RollingCPP/Maps/Map2: Name may not contain the following characters: :
[2015.11.06-09.40.49:899][477]LogWindows:Error: Windows GetLastError: Åtgärden har slutförts. (0)
[2015.11.06-09.40.50:302][477]LogCrashTracker: 


[2015.11.06-09.40.50:302][477]LogCrashTracker: 


[2015.11.06-09.40.50:302][477]LogWindows: === Critical error: ===
Assertion failed: (Index >= 0) & (Index < ArrayNum) [File:C:\Program Files\Epic Games\4.9\Engine\Source\Runtime\Core\Public\Containers\Array.h] [Line: 678] 
Array index out of bounds: 0 from an array of size 0




[2015.11.06-09.40.50:602][477]LogExit: Executing StaticShutdownAfterError
[2015.11.06-09.40.50:616][477]LogPhysics:Warning: PHYSX: ..\..\PhysX\src\NpScene.cpp (2946) 8 : PxScene::unlockWrite() called without matching call to PxScene::lockWrite(), behaviour will be undefined.
[2015.11.06-09.40.50:616][477]LogPhysics:Warning: PHYSX: ..\..\PhysX\src\NpScene.cpp (2946) 8 : PxScene::unlockWrite() called without matching call to PxScene::lockWrite(), behaviour will be undefined.
[2015.11.06-09.40.50:616][477]LogPhysics:Warning: PHYSX: ..\..\PhysX\src\NpScene.cpp (2946) 8 : PxScene::unlockWrite() called without matching call to PxScene::lockWrite(), behaviour will be undefined.
[2015.11.06-09.40.50:617][477]LogPhysics:Warning: PHYSX: ..\..\PhysX\src\NpScene.cpp (2946) 8 : PxScene::unlockWrite() called without matching call to PxScene::lockWrite(), behaviour will be undefined.
[2015.11.06-09.40.50:617][477]LogPhysics:Warning: PHYSX: ..\..\PhysX\src\NpScene.cpp (2946) 8 : PxScene::unlockWrite() called without matching call to PxScene::lockWrite(), behaviour will be undefined.
[2015.11.06-09.40.50:617][477]LogPhysics:Warning: PHYSX: ..\..\PhysX\src\NpScene.cpp (2946) 8 : PxScene::unlockWrite() called without matching call to PxScene::lockWrite(), behaviour will be undefined.
[2015.11.06-09.40.50:618][477]LogPhysics:Warning: PHYSX: ..\..\PhysX\src\NpScene.cpp (2946) 8 : PxScene::unlockWrite() called without matching call to PxScene::lockWrite(), behaviour will be undefined.
[2015.11.06-09.40.50:618][477]LogPhysics:Warning: PHYSX: ..\..\PhysX\src\NpScene.cpp (2946) 8 : PxScene::unlockWrite() called without matching call to PxScene::lockWrite(), behaviour will be undefined.
[2015.11.06-09.40.50:618][477]LogPhysics:Warning: PHYSX: ..\..\PhysX\src\NpScene.cpp (2946) 8 : PxScene::unlockWrite() called without matching call to PxScene::lockWrite(), behaviour will be undefined.
[2015.11.06-09.40.50:619][477]LogPhysics:Warning: PHYSX: ..\..\PhysX\src\NpScene.cpp (2946) 8 : PxScene::unlockWrite() called without matching call to PxScene::lockWrite(), behaviour will be undefined.
[2015.11.06-09.40.50:619][477]LogWindows: FPlatformMisc::RequestExit(1)
[2015.11.06-09.40.50:619][477]Log file closed, 11/06/15 10:40:50
