[2015.12.02-09.51.27:722][  0]Log file open, 12/02/15 10:51:27
[2015.12.02-09.51.27:722][  0]LogInit:Display: Running engine for game: BOS
[2015.12.02-09.51.27:722][  0]LogInit:Display: RandInit(483573145) SRandInit(483573146).
[2015.12.02-09.51.27:722][  0]LogTaskGraph: Started task graph with 4 named threads and 7 total threads.
[2015.12.02-09.51.27:722][  0]LogStats: Stats thread started at 0.186324
[2015.12.02-09.51.27:722][  0]LogInit: Version: 4.9.1-2689999+++depot+UE4-Releases+4.9
[2015.12.02-09.51.27:722][  0]LogInit: API Version: 2672455
[2015.12.02-09.51.27:722][  0]LogInit: Compiled (64-bit): Sep 14 2015 04:12:03
[2015.12.02-09.51.27:722][  0]LogInit: Compiled with Visual C++: 18.00.21005.01
[2015.12.02-09.51.27:722][  0]LogInit: Build Configuration: DebugGame
[2015.12.02-09.51.27:722][  0]LogInit: Branch Name: ++depot+UE4-Releases+4.9
[2015.12.02-09.51.27:722][  0]LogInit: Command line:  -debug
[2015.12.02-09.51.27:722][  0]LogInit: Base directory: C:/Program Files/Epic Games/4.9/Engine/Binaries/Win64/
[2015.12.02-09.51.27:722][  0]LogInit: Rocket: 1
[2015.12.02-09.51.27:737][  0]LogInit: Using libcurl 7.41.0
[2015.12.02-09.51.27:737][  0]LogInit:  - built for x86_64-pc-win32
[2015.12.02-09.51.27:737][  0]LogInit:  - supports SSL with WinSSL
[2015.12.02-09.51.27:737][  0]LogInit:  - other features:
[2015.12.02-09.51.27:737][  0]LogInit:      CURL_VERSION_SSL
[2015.12.02-09.51.27:737][  0]LogInit:      CURL_VERSION_IPV6
[2015.12.02-09.51.27:737][  0]LogInit:      CURL_VERSION_ASYNCHDNS
[2015.12.02-09.51.27:737][  0]LogInit:      CURL_VERSION_LARGEFILE
[2015.12.02-09.51.27:737][  0]LogInit:      CURL_VERSION_IDN
[2015.12.02-09.51.27:737][  0]LogInit:  CurlRequestOptions (configurable via config and command line):
[2015.12.02-09.51.27:737][  0]LogInit:  - bVerifyPeer = true  - Libcurl will verify peer certificate
[2015.12.02-09.51.27:737][  0]LogInit:  - bUseHttpProxy = false  - Libcurl will NOT use HTTP proxy
[2015.12.02-09.51.27:737][  0]LogInit:  - bDontReuseConnections = false  - Libcurl will reuse connections
[2015.12.02-09.51.27:737][  0]LogInit:  - CertBundlePath = nullptr  - Libcurl will use whatever was configured at build time.
[2015.12.02-09.51.27:753][  0]LogInit: Presizing for 0 objects not considered by GC, pre-allocating 0 bytes.
[2015.12.02-09.51.27:768][  0]LogInit: Object subsystem initialized
[2015.12.02-09.51.27:768][  0]LogInit: Selected Device Profile: [Windows]
[2015.12.02-09.51.27:768][  0]LogInit: Applying CVar settings loaded from the selected device profile: [Windows]
[2015.12.02-09.51.27:783][  0]LogInit: Computer: SpellabbA333-05
[2015.12.02-09.51.27:783][  0]LogInit: User: Spellabbet
[2015.12.02-09.51.27:783][  0]LogInit: CPU Page size=4096, Cores=4
[2015.12.02-09.51.27:784][  0]LogInit: High frequency timer resolution =3.507516 MHz
[2015.12.02-09.51.27:784][  0]LogMemory: Memory total: Physical=15.9GB (16GB approx)
[2015.12.02-09.51.27:784][  0]LogMemory: Platform Memory Stats for Windows
[2015.12.02-09.51.27:784][  0]LogMemory: Process Physical Memory: 52.97 MB used, 52.97 MB peak
[2015.12.02-09.51.27:785][  0]LogMemory: Process Virtual Memory: 55.26 MB used, 55.26 MB peak
[2015.12.02-09.51.27:785][  0]LogMemory: Physical Memory: 4599.85 MB used, 16318.82 MB total
[2015.12.02-09.51.27:785][  0]LogMemory: Virtual Memory: 346.38 MB used, 134217728.00 MB total
[2015.12.02-09.51.27:835][  0]LogTextLocalizationManager: No translations for ('sv-SE') exist, falling back to 'en' for localization and internationalization data.
[2015.12.02-09.51.28:363][  0]LogD3D11RHI: Found D3D11 adapter 0: NVIDIA GeForce GTX 960 (Feature Level 11_0)
[2015.12.02-09.51.28:363][  0]LogD3D11RHI: Adapter has 1965MB of dedicated video memory, 0MB of dedicated system memory, and 2048MB of shared system memory, 1 output[s]
[2015.12.02-09.51.28:365][  0]LogD3D11RHI: Found D3D11 adapter 1: Microsoft Basic Render Driver (Feature Level 11_0)
[2015.12.02-09.51.28:366][  0]LogD3D11RHI: Adapter has 0MB of dedicated video memory, 0MB of dedicated system memory, and 256MB of shared system memory, 0 output[s]
[2015.12.02-09.51.28:366][  0]LogD3D11RHI: Chosen D3D11 Adapter Id = 0
[2015.12.02-09.51.28:369][  0]LogD3D11RHI: !Direct3DDevice
[2015.12.02-09.51.28:369][  0]LogRHI: Texture pool is 1361 MB (70% of 1945 MB)
[2015.12.02-09.51.28:442][  0]LogD3D11RHI: Async texture creation enabled
[2015.12.02-09.51.28:457][  0]LogShaderCompilers: Guid format shader working directory is 15 characters bigger than the processId version (../../../../../../Users/Spellabbet/Documents/Unreal Projects/Balls-of-steel/BOS/Intermediate/Shaders/WorkingDirectory/2784/).
[2015.12.02-09.51.28:458][  0]LogShaderCompilers: Cleaned the shader compiler working directory '../../../../../../Users/Spellabbet/Documents/Unreal Projects/Balls-of-steel/BOS/Intermediate/Shaders/tmp/49C066FC41A4EAE72C8A139D66B2AD54/'.
[2015.12.02-09.51.28:458][  0]LogShaderCompilers:Display: Using Local Shader Compiler.
[2015.12.02-09.51.29:337][  0]LogTemp:Display: Loaded TP AllDesktopTargetPlatform
[2015.12.02-09.51.29:348][  0]LogTemp:Display: Loaded TP WindowsClientTargetPlatform
[2015.12.02-09.51.29:358][  0]LogTemp:Display: Loaded TP WindowsNoEditorTargetPlatform
[2015.12.02-09.51.29:370][  0]LogTemp:Display: Loaded TP WindowsServerTargetPlatform
[2015.12.02-09.51.29:381][  0]LogTemp:Display: Loaded TP WindowsTargetPlatform
[2015.12.02-09.51.29:387][  0]LogTemp:Display: Loaded TP AndroidTargetPlatform
[2015.12.02-09.51.29:392][  0]LogTemp:Display: Loaded TP Android_ASTCTargetPlatform
[2015.12.02-09.51.29:398][  0]LogTemp:Display: Loaded TP Android_ATCTargetPlatform
[2015.12.02-09.51.29:403][  0]LogTemp:Display: Loaded TP Android_DXTTargetPlatform
[2015.12.02-09.51.29:408][  0]LogTemp:Display: Loaded TP Android_ETC1TargetPlatform
[2015.12.02-09.51.29:414][  0]LogTemp:Display: Loaded TP Android_ETC2TargetPlatform
[2015.12.02-09.51.29:420][  0]LogTemp:Display: Loaded TP Android_PVRTCTargetPlatform
[2015.12.02-09.51.29:423][  0]LogTemp:Display: Loaded TP HTML5TargetPlatform
[2015.12.02-09.51.29:450][  0]LogTemp:Display: Loaded TP IOSTargetPlatform
[2015.12.02-09.51.29:455][  0]LogTemp:Display: Loaded TP LinuxNoEditorTargetPlatform
[2015.12.02-09.51.29:460][  0]LogTemp:Display: Loaded TP LinuxServerTargetPlatform
[2015.12.02-09.51.29:465][  0]LogTemp:Display: Loaded TP LinuxTargetPlatform
[2015.12.02-09.51.29:467][  0]LogTargetPlatformManager:Display: Building Assets For Windows
[2015.12.02-09.51.29:653][  0]LogDerivedDataCache:Display: Max Cache Size: 512 MB
[2015.12.02-09.51.29:690][  0]LogDerivedDataCache: Loaded boot cache 0.04s 47MB C:/Users/Spellabbet/AppData/Local/UnrealEngine/4.9/DerivedDataCache/Boot.ddc.
[2015.12.02-09.51.29:691][  0]LogDerivedDataCache:Display: Loaded Boot cache: C:/Users/Spellabbet/AppData/Local/UnrealEngine/4.9/DerivedDataCache/Boot.ddc
[2015.12.02-09.51.29:691][  0]LogDerivedDataCache: FDerivedDataBackendGraph:  Pak pak cache file ../../../../../../Users/Spellabbet/Documents/Unreal Projects/Balls-of-steel/BOS/DerivedDataCache/DDC.ddp not found, will not use a pak cache.
[2015.12.02-09.51.29:691][  0]LogDerivedDataCache: Unable to find inner node Pak for hierarchical cache Hierarchy.
[2015.12.02-09.51.29:691][  0]LogDerivedDataCache: FDerivedDataBackendGraph:  CompressedPak pak cache file ../../../../../../Users/Spellabbet/Documents/Unreal Projects/Balls-of-steel/BOS/DerivedDataCache/Compressed.ddp not found, will not use a pak cache.
[2015.12.02-09.51.29:692][  0]LogDerivedDataCache: Unable to find inner node CompressedPak for hierarchical cache Hierarchy.
[2015.12.02-09.51.29:800][  0]LogDerivedDataCache:Display: Pak cache opened for reading ../../../Engine/DerivedDataCache/Compressed.ddp.
[2015.12.02-09.51.29:812][  0]LogDerivedDataCache: Using Local data cache path C:/Users/Spellabbet/AppData/Local/UnrealEngine/Common/DerivedDataCache: Writable
[2015.12.02-09.51.29:945][  0]LogInit: Selected Device Profile: [Windows]
[2015.12.02-09.51.29:948][  0]LogContentStreaming: Texture pool size is 0.000000MB
[2015.12.02-09.51.30:050][  0]LogMeshUtilities: No automatic mesh reduction module available
[2015.12.02-09.51.30:050][  0]LogMeshUtilities: No automatic mesh merging module available
[2015.12.02-09.51.30:250][  0]LogInit: WinSock: version 1.1 (2.2), MaxSocks=32767, MaxUdp=65467
[2015.12.02-09.51.31:010][  0]UdpMessaging: Initializing bridge on interface 0.0.0.0:0 to multicast group 230.0.0.1:6666.
[2015.12.02-09.51.31:087][  0]LogLinker:Warning: Asset '../../../../../../Users/Spellabbet/Documents/Unreal Projects/Balls-of-steel/BOS/Content/Rolling/Materials/M_Blue_Checker.uasset' has been saved with empty engine version. The asset will be loaded but may be incompatible.
[2015.12.02-09.51.31:277][  0]LogAssetRegistry: FAssetRegistry took 0.0111 seconds to start up
[2015.12.02-09.51.31:516][  0]SourceControl: Info Source control is disabled
[2015.12.02-09.51.31:517][  0]SourceControl: Info Source control is disabled
[2015.12.02-09.51.31:530][  0]SourceControl: Info Source control is disabled
[2015.12.02-09.51.31:547][  0]SourceControl: Info Source control is disabled
[2015.12.02-09.51.31:700][  0]LogLinker:Warning: Asset '../../../Engine/Plugins/Runtime/LeapMotionController/Content/LM_PassthroughMaterial.uasset' has been saved with empty engine version. The asset will be loaded but may be incompatible.
[2015.12.02-09.51.31:795][  0]LogObj: 30613 objects as part of root set at end of initial load.
[2015.12.02-09.51.31:795][  0]LogUObjectAllocator: 6840968 out of 0 bytes used by permanent object pool.
[2015.12.02-09.51.31:860][  0]LogEngine: Initializing Engine...
[2015.12.02-09.51.31:863][  0]LogHMD: Can't find Oculus library dev build: is proper Runtime installed? Version: 0.7.0.0
[2015.12.02-09.51.31:865][  0]LogHMD: SteamVR failed to initialize.  Err: 110
[2015.12.02-09.51.31:966][  0]LogAIModule: Creating AISystem for world NewWorld
[2015.12.02-09.51.31:973][  0]LogInit: XAudio2 using 'Speakers (4- High Definition Audio Device)' : 2 channels at 44.1 kHz using 16 bits per sample (channel mask 0x3)
[2015.12.02-09.51.31:986][  0]LogInit: FAudioDevice initialized.
[2015.12.02-09.51.32:006][  0]LogDerivedDataCache: Saved boot cache 0.02s 47MB C:/Users/Spellabbet/AppData/Local/UnrealEngine/4.9/DerivedDataCache/Boot.ddc.
[2015.12.02-09.51.32:010][  0]LogInit: Texture streaming: Enabled
[2015.12.02-09.51.32:023][  0]LogAnalytics: Creating configured Analytics provider AnalyticsET
[2015.12.02-09.51.32:023][  0]LogAnalytics: [UEEditor.Rocket.Release] APIServer = http://et2.epicgames.com/ET2/. AppVersion = 4.9.1-2689999+++depot+UE4-Releases+4.9
[2015.12.02-09.51.32:023][  0]LogAnalytics: [UEEditor.Rocket.Release] SetUserId fc50aaa14c34ed003df04597b34f483e|4341a5fd2eb34d5fac8b0ca63d21fc83|060e5e79-a789-49c4-8abd-5d8b330400a7
[2015.12.02-09.51.32:024][  0]LogAnalytics: [UEEditor.Rocket.Release] AnalyticsET::StartSession
[2015.12.02-09.51.32:037][  0]LogInit: Transaction tracking system initialized
[2015.12.02-09.51.32:105][  0]BlueprintLog: New page: Editor Load
[2015.12.02-09.51.32:346][  0]LocalizationService: Info Localization service is disabled
[2015.12.02-09.51.32:482][  0]LogConsoleResponse:Display: 
[2015.12.02-09.51.32:579][  0]LogCook:Display: Done creating registry. It took  0.00s.
[2015.12.02-09.51.32:706][  0]LogFileCache: Scanning file cache for directory 'C:/Users/Spellabbet/Documents/Unreal Projects/Balls-of-steel/BOS/Content/' took 0.01s
[2015.12.02-09.51.32:707][  0]SourceControl: Info Source control is disabled
[2015.12.02-09.51.32:707][  0]Cmd: MAP LOAD FILE="../../../../../../Users/Spellabbet/Documents/Unreal Projects/Balls-of-steel/BOS/Content/Maps/MainMenu.umap" TEMPLATE=0 SHOWPROGRESS=1 FEATURELEVEL=3
[2015.12.02-09.51.32:708][  0]LightingResults: New page: Lighting Build
[2015.12.02-09.51.32:711][  0]MapCheck: New page: Map Check
[2015.12.02-09.51.32:711][  0]LightingResults: New page: Lighting Build
[2015.12.02-09.51.32:720][  0]LogParticles: Destroying 0 GPU particle simulations for FXSystem 0x000000F6BAA2B6A0
[2015.12.02-09.51.32:818][  0]LogAIModule: Creating AISystem for world MainMenu
[2015.12.02-09.51.32:827][  0]LogEditorServer: Finished looking for orphan Actors (0.000 secs)
[2015.12.02-09.51.32:828][  0]Cmd: MAP CHECKDEP NOCLEARLOG
[2015.12.02-09.51.32:891][  0]MapCheck: Info Map check complete: 0 Error(s), 0 Warning(s), took 60.945ms to complete.
[2015.12.02-09.51.32:891][  0]LogFileHelpers: Loading map 'MainMenu' took 0.184
[2015.12.02-09.51.32:998][  0]LogCollectionManager: Loaded 0 collections in 0.001931 seconds
[2015.12.02-09.51.33:042][  0]LogFileCache: Scanning file cache for directory 'C:/Users/Spellabbet/Documents/Unreal Projects/Balls-of-steel/BOS/Saved/Collections/' took 0.01s
[2015.12.02-09.51.33:042][  0]LogFileCache: Scanning file cache for directory 'C:/Users/Spellabbet/Documents/Unreal Projects/Balls-of-steel/BOS/Content/Developers/Spellabbet/Collections/' took 0.01s
[2015.12.02-09.51.33:043][  0]LogFileCache: Scanning file cache for directory 'C:/Users/Spellabbet/Documents/Unreal Projects/Balls-of-steel/BOS/Content/Collections/' took 0.01s
[2015.12.02-09.51.33:043][  0]LogContentBrowser: Native class hierarchy populated in 0.0071 seconds. Added 1875 classes and 335 folders.
[2015.12.02-09.51.33:048][  0]LogCollectionManager: Rebuilt the GUID cache for 0 collections in 0.000002 seconds
[2015.12.02-09.51.33:055][  0]LogContentBrowser: Native class hierarchy updated for 'WidgetCarousel' in 0.0019 seconds. Added 0 classes and 0 folders.
[2015.12.02-09.51.33:106][  0]LogContentBrowser: Native class hierarchy updated for 'AddContentDialog' in 0.0013 seconds. Added 0 classes and 0 folders.
[2015.12.02-09.51.33:126][  0]LogContentBrowser: Native class hierarchy updated for 'SceneOutliner' in 0.0013 seconds. Added 1 classes and 2 folders.
[2015.12.02-09.51.33:147][  0]LogCrashTracker: Crashtracker disabled due to settings.
[2015.12.02-09.51.33:153][  0]LogUObjectGlobals:Warning: Failed to find object 'Class None.'
[2015.12.02-09.51.33:175][  0]LogLoad: Full Startup: 6.44 seconds (BP compile: 0.04 seconds)
[2015.12.02-09.51.33:219][  0]LogContentStreaming: Texture pool size now 1000 MB
[2015.12.02-09.51.33:311][  0]LogRenderer: Reallocating scene render targets to support 1048x556 (Frame:2).
[2015.12.02-09.51.33:558][  2]LogAssetRegistry: Asset discovery search completed in 2.2921 seconds
[2015.12.02-09.51.33:558][  2]LogCollectionManager: Rebuilt the object cache for 0 collections in 0.000001 seconds (found 0 objects)
[2015.12.02-09.51.33:559][  2]LogCollectionManager: Fixed up redirectors for 0 collections in 0.000477 seconds (updated 0 objects)
[2015.12.02-09.51.35:589][203]LogAIModule: Creating AISystem for world Map1
[2015.12.02-09.51.35:621][203]Cmd: MAP LOAD FILE="../../../../../../Users/Spellabbet/Documents/Unreal Projects/Balls-of-steel/BOS/Content/Maps/Map1.umap" TEMPLATE=0 SHOWPROGRESS=1 FEATURELEVEL=3
[2015.12.02-09.51.35:622][203]LightingResults: New page: Lighting Build
[2015.12.02-09.51.35:638][203]LoadErrors: New page: Loading map: Map1.umap
[2015.12.02-09.51.35:639][203]MapCheck: New page: Map Check
[2015.12.02-09.51.35:639][203]LightingResults: New page: Lighting Build
[2015.12.02-09.51.35:658][203]LogParticles: Destroying 0 GPU particle simulations for FXSystem 0x000000F6A6162DE0
[2015.12.02-09.51.35:673][203]LogEditorServer: Finished looking for orphan Actors (0.000 secs)
[2015.12.02-09.51.35:724][203]Cmd: MAP CHECKDEP NOCLEARLOG
[2015.12.02-09.51.35:762][203]MapCheck: Info Map check complete: 0 Error(s), 0 Warning(s), took 38.021ms to complete.
[2015.12.02-09.51.35:763][203]LogFileHelpers: Loading map 'Map1' took 0.143
[2015.12.02-09.51.36:844][307]LogBlueprintUserMessages: Early PlayInEditor Detection: Level '/Game/Maps/Map1.Map1:PersistentLevel' has LevelScriptBlueprint '/Game/Maps/Map1.Map1:PersistentLevel.Map1' with GeneratedClass '/Game/Maps/Map1.Map1_C' with ClassGeneratedBy '/Game/Maps/Map1.Map1:PersistentLevel.Map1'
[2015.12.02-09.51.36:845][307]LogPlayLevel: PlayLevel: No blueprints needed recompiling
[2015.12.02-09.51.36:845][307]PIE: New page: PIE session: Map1 (Dec 2, 2015, 11:51:36 AM)
[2015.12.02-09.51.36:846][307]LogPlayLevel: Creating play world package: /Game/Maps/UEDPIE_1_Map1
[2015.12.02-09.51.36:875][307]LogPlayLevel: PIE: StaticDuplicateObject took: (0.029208s)
[2015.12.02-09.51.36:878][307]LogAIModule: Creating AISystem for world Map1
[2015.12.02-09.51.36:879][307]LogPlayLevel: PIE: World Init took: (0.003021s)
[2015.12.02-09.51.36:880][307]LogPlayLevel: PIE: Created PIE world by copying editor world from /Game/Maps/Map1.Map1 to /Game/Maps/UEDPIE_1_Map1.Map1 (0.034011s)
[2015.12.02-09.51.36:905][307]LogWorld: Game class is 'BOSGameMode'
[2015.12.02-09.51.36:906][307]LogActor:Warning: RecastNavMesh /Game/Maps/UEDPIE_1_Map1.Map1:PersistentLevel.RecastNavMesh_0 has natively added scene component(s), but none of them were set as the actor's RootComponent - picking one arbitrarily
[2015.12.02-09.51.36:910][307]LogWorld: Bringing World /Game/Maps/UEDPIE_1_Map1.Map1 up for play (max tick rate 0) at 2015.12.02-10.51.36
[2015.12.02-09.51.36:911][307]LogActor:Warning: GameSession /Game/Maps/UEDPIE_1_Map1.Map1:PersistentLevel.GameSession_0 has natively added scene component(s), but none of them were set as the actor's RootComponent - picking one arbitrarily
[2015.12.02-09.51.36:911][307]LogActor:Warning: GameNetworkManager /Game/Maps/UEDPIE_1_Map1.Map1:PersistentLevel.GameNetworkManager_0 has natively added scene component(s), but none of them were set as the actor's RootComponent - picking one arbitrarily
[2015.12.02-09.51.36:912][307]LogWorld: Bringing up level for play took: 0.005812
[2015.12.02-09.51.36:913][307]LogInit: WinSock: Socket queue 131072 / 131072
[2015.12.02-09.51.36:916][307]LogInit: WinSock: I am SpellabbA333-05 (192.168.20.36:0)
[2015.12.02-09.51.36:916][307]LogNet: GameNetDriver IpNetDriver_0 IpNetDriver listening on port 7777
[2015.12.02-09.51.36:917][307]PIE: Info Play in editor start time for /Game/Maps/UEDPIE_1_Map1 -0.067
[2015.12.02-09.51.36:918][307]PIE: New page: PIE session: Map1 (Dec 2, 2015, 11:51:36 AM)
[2015.12.02-09.51.36:922][307]LogInit: XAudio2 using 'Speakers (4- High Definition Audio Device)' : 2 channels at 44.1 kHz using 16 bits per sample (channel mask 0x3)
[2015.12.02-09.51.36:927][307]LogInit: FAudioDevice initialized.
[2015.12.02-09.51.36:966][307]LogNet: Browse: 127.0.0.1//Game/Maps/MainMenu
[2015.12.02-09.51.36:966][307]LogInit: WinSock: Socket queue 32768 / 32768
[2015.12.02-09.51.36:967][307]LogNet: Game client on port 7777, rate 10000
[2015.12.02-09.51.36:967][307]LogNet: GetLocalNetworkVersion: GEngineNetVersion: 2689999, ProjectName: bos, ProjectVersion: 1.0.0.0, InternalProtocolVersion: 9, LocalNetworkVersion: 4173909862
[2015.12.02-09.51.36:979][307]PIE: Info Play in editor start time for /Game/Maps/MainMenu -0.004
[2015.12.02-09.51.36:981][307]PIE: New page: PIE session: Map1 (Dec 2, 2015, 11:51:36 AM)
[2015.12.02-09.51.37:019][307]LogNet: Browse: 127.0.0.1//Game/Maps/MainMenu
[2015.12.02-09.51.37:020][307]LogInit: WinSock: Socket queue 32768 / 32768
[2015.12.02-09.51.37:021][307]LogNet: Game client on port 7777, rate 10000
[2015.12.02-09.51.37:021][307]LogNet: GetLocalNetworkVersion: GEngineNetVersion: 2689999, ProjectName: bos, ProjectVersion: 1.0.0.0, InternalProtocolVersion: 9, LocalNetworkVersion: 4173909862
[2015.12.02-09.51.37:032][307]PIE: Info Play in editor start time for /Game/Maps/MainMenu 0.05
[2015.12.02-09.51.37:034][307]LogBlueprintUserMessages: Late PlayInEditor Detection: Level '/Game/Maps/Map1.Map1:PersistentLevel' has LevelScriptBlueprint '/Game/Maps/Map1.Map1:PersistentLevel.Map1' with GeneratedClass '/Game/Maps/Map1.Map1_C' with ClassGeneratedBy '/Game/Maps/Map1.Map1:PersistentLevel.Map1'
[2015.12.02-09.51.37:035][307]LogNet: NotifyAcceptingConnection: Server Map1 accept
[2015.12.02-09.51.37:035][307]LogNet: Open Map1 12/02/15 10:51:37 127.0.0.1
[2015.12.02-09.51.37:035][307]LogNet: Added client connection.  Remote address = 127.0.0.1:57112
[2015.12.02-09.51.37:036][307]LogNet: NotifyAcceptingChannel Control 0 server World /Game/Maps/UEDPIE_1_Map1.Map1: Accepted
[2015.12.02-09.51.37:036][307]LogNet: Remote platform little endian=1
[2015.12.02-09.51.37:036][307]LogNet: This platform little endian=1
[2015.12.02-09.51.37:036][307]LogNet: GetLocalNetworkVersion: GEngineNetVersion: 2689999, ProjectName: bos, ProjectVersion: 1.0.0.0, InternalProtocolVersion: 9, LocalNetworkVersion: 4173909862
[2015.12.02-09.51.37:037][307]LogNet: NotifyAcceptingConnection: Server Map1 accept
[2015.12.02-09.51.37:037][307]LogNet: Open Map1 12/02/15 10:51:37 127.0.0.1
[2015.12.02-09.51.37:037][307]LogNet: Added client connection.  Remote address = 127.0.0.1:57113
[2015.12.02-09.51.37:037][307]LogNet: NotifyAcceptingChannel Control 0 server World /Game/Maps/UEDPIE_1_Map1.Map1: Accepted
[2015.12.02-09.51.37:037][307]LogNet: Remote platform little endian=1
[2015.12.02-09.51.37:037][307]LogNet: This platform little endian=1
[2015.12.02-09.51.37:038][307]LogNet: GetLocalNetworkVersion: GEngineNetVersion: 2689999, ProjectName: bos, ProjectVersion: 1.0.0.0, InternalProtocolVersion: 9, LocalNetworkVersion: 4173909862
[2015.12.02-09.51.37:079][308]LogNet: Login request: /Game/Maps/MainMenu userId: Invalid
[2015.12.02-09.51.37:080][308]LogNet: Login request: /Game/Maps/MainMenu userId: Invalid
[2015.12.02-09.51.37:080][308]LogNet: Welcomed by server (Level: /Game/Maps/UEDPIE_1_Map1, Game: /Script/BOS.BOSGameMode)
[2015.12.02-09.51.37:121][308]LogLoad: LoadMap: 127.0.0.1//Game/Maps/UEDPIE_1_Map1?game=/Script/BOS.BOSGameMode
[2015.12.02-09.51.37:132][308]LogParticles: Destroying 0 GPU particle simulations for FXSystem 0x000000F6B246AD40
[2015.12.02-09.51.37:132][308]Cmd: MEM
[2015.12.02-09.51.37:142][308]LogMemory: Platform Memory Stats for Windows
[2015.12.02-09.51.37:142][308]LogMemory: Process Physical Memory: 642.74 MB used, 642.74 MB peak
[2015.12.02-09.51.37:143][308]LogMemory: Process Virtual Memory: 1434.77 MB used, 1434.77 MB peak
[2015.12.02-09.51.37:143][308]LogMemory: Physical Memory: 5812.36 MB used, 16318.82 MB total
[2015.12.02-09.51.37:143][308]LogMemory: Virtual Memory: 2082.51 MB used, 134217728.00 MB total
[2015.12.02-09.51.37:144][308]LogMemory: 
[2015.12.02-09.51.37:144][308]Allocator Stats for TBB: (not implemented)
[2015.12.02-09.51.37:144][308]LogLinker: Can't find file for asset '/Game/Maps/UEDPIE_1_Map1' while loading NULL.
[2015.12.02-09.51.37:169][308]LogWorld: PIE: Copying PIE streaming level from /Game/Maps/Map1.Map1 to /Game/Maps/UEDPIE_2_Map1.Map1. OwningWorld: None
[2015.12.02-09.51.37:171][308]LogAIModule: Creating AISystem for world Map1
[2015.12.02-09.51.37:177][308]LogWorld: Bringing World /Game/Maps/UEDPIE_2_Map1.Map1 up for play (max tick rate 0) at 2015.12.02-10.51.37
[2015.12.02-09.51.37:178][308]LogWorld: Bringing up level for play took: 0.005474
[2015.12.02-09.51.37:178][308]LogNet: Welcomed by server (Level: /Game/Maps/UEDPIE_1_Map1, Game: /Script/BOS.BOSGameMode)
[2015.12.02-09.51.37:207][308]LogLoad: LoadMap: 127.0.0.1//Game/Maps/UEDPIE_1_Map1?game=/Script/BOS.BOSGameMode
[2015.12.02-09.51.37:217][308]LogParticles: Destroying 0 GPU particle simulations for FXSystem 0x000000F6AF79AF20
[2015.12.02-09.51.37:219][308]Cmd: MEM
[2015.12.02-09.51.37:229][308]LogMemory: Platform Memory Stats for Windows
[2015.12.02-09.51.37:229][308]LogMemory: Process Physical Memory: 659.48 MB used, 671.36 MB peak
[2015.12.02-09.51.37:230][308]LogMemory: Process Virtual Memory: 1470.10 MB used, 1524.08 MB peak
[2015.12.02-09.51.37:230][308]LogMemory: Physical Memory: 5829.84 MB used, 16318.82 MB total
[2015.12.02-09.51.37:230][308]LogMemory: Virtual Memory: 2123.90 MB used, 134217728.00 MB total
[2015.12.02-09.51.37:231][308]LogMemory: 
[2015.12.02-09.51.37:231][308]Allocator Stats for TBB: (not implemented)
[2015.12.02-09.51.37:231][308]LogLinker: Can't find file for asset '/Game/Maps/UEDPIE_1_Map1' while loading NULL.
[2015.12.02-09.51.37:256][308]LogWorld: PIE: Copying PIE streaming level from /Game/Maps/Map1.Map1 to /Game/Maps/UEDPIE_3_Map1.Map1. OwningWorld: None
[2015.12.02-09.51.37:258][308]LogAIModule: Creating AISystem for world Map1
[2015.12.02-09.51.37:263][308]LogWorld: Bringing World /Game/Maps/UEDPIE_3_Map1.Map1 up for play (max tick rate 0) at 2015.12.02-10.5