[2015.11.03-18.30.24:254][  0]Log file open, 11/03/15 19:30:24
[2015.11.03-18.30.24:254][  0]LogInit:Display: Running engine for game: BOS
[2015.11.03-18.30.24:254][  0]LogInit:Display: RandInit(-947478705) SRandInit(-947478704).
[2015.11.03-18.30.24:254][  0]LogTaskGraph: Started task graph with 4 named threads and 5 total threads.
[2015.11.03-18.30.24:254][  0]LogStats: Stats thread started at 0.058856
[2015.11.03-18.30.24:254][  0]LogInit: Version: 4.9.2-2707645+++depot+UE4-Releases+4.9
[2015.11.03-18.30.24:254][  0]LogInit: API Version: 2672455
[2015.11.03-18.30.24:254][  0]LogInit: Compiled (64-bit): Sep 28 2015 10:25:44
[2015.11.03-18.30.24:254][  0]LogInit: Compiled with Visual C++: 18.00.21005.01
[2015.11.03-18.30.24:254][  0]LogInit: Build Configuration: Development
[2015.11.03-18.30.24:254][  0]LogInit: Branch Name: ++depot+UE4-Releases+4.9
[2015.11.03-18.30.24:254][  0]LogInit: Command line:  
[2015.11.03-18.30.24:254][  0]LogInit: Base directory: C:/Program Files/Epic Games/4.9/Engine/Binaries/Win64/
[2015.11.03-18.30.24:254][  0]LogInit: Rocket: 1
[2015.11.03-18.30.24:263][  0]LogInit: Using libcurl 7.41.0
[2015.11.03-18.30.24:263][  0]LogInit:  - built for x86_64-pc-win32
[2015.11.03-18.30.24:263][  0]LogInit:  - supports SSL with WinSSL
[2015.11.03-18.30.24:263][  0]LogInit:  - other features:
[2015.11.03-18.30.24:263][  0]LogInit:      CURL_VERSION_SSL
[2015.11.03-18.30.24:263][  0]LogInit:      CURL_VERSION_IPV6
[2015.11.03-18.30.24:263][  0]LogInit:      CURL_VERSION_ASYNCHDNS
[2015.11.03-18.30.24:263][  0]LogInit:      CURL_VERSION_LARGEFILE
[2015.11.03-18.30.24:263][  0]LogInit:      CURL_VERSION_IDN
[2015.11.03-18.30.24:263][  0]LogInit:  CurlRequestOptions (configurable via config and command line):
[2015.11.03-18.30.24:263][  0]LogInit:  - bVerifyPeer = true  - Libcurl will verify peer certificate
[2015.11.03-18.30.24:263][  0]LogInit:  - bUseHttpProxy = false  - Libcurl will NOT use HTTP proxy
[2015.11.03-18.30.24:263][  0]LogInit:  - bDontReuseConnections = false  - Libcurl will reuse connections
[2015.11.03-18.30.24:263][  0]LogInit:  - CertBundlePath = nullptr  - Libcurl will use whatever was configured at build time.
[2015.11.03-18.30.24:270][  0]LogInit: Presizing for 0 objects not considered by GC, pre-allocating 0 bytes.
[2015.11.03-18.30.24:279][  0]LogInit: Object subsystem initialized
[2015.11.03-18.30.24:280][  0]LogInit: Selected Device Profile: [Windows]
[2015.11.03-18.30.24:280][  0]LogInit: Applying CVar settings loaded from the selected device profile: [Windows]
[2015.11.03-18.30.24:289][  0]LogInit: Computer: STOFFEPC
[2015.11.03-18.30.24:289][  0]LogInit: User: Stoffe
[2015.11.03-18.30.24:289][  0]LogInit: CPU Page size=4096, Cores=2
[2015.11.03-18.30.24:289][  0]LogInit: High frequency timer resolution =3.222678 MHz
[2015.11.03-18.30.24:289][  0]LogMemory: Memory total: Physical=7.9GB (8GB approx)
[2015.11.03-18.30.24:289][  0]LogMemory: Platform Memory Stats for Windows
[2015.11.03-18.30.24:289][  0]LogMemory: Process Physical Memory: 52.26 MB used, 52.26 MB peak
[2015.11.03-18.30.24:289][  0]LogMemory: Process Virtual Memory: 54.91 MB used, 54.91 MB peak
[2015.11.03-18.30.24:289][  0]LogMemory: Physical Memory: 4303.32 MB used, 8126.94 MB total
[2015.11.03-18.30.24:289][  0]LogMemory: Virtual Memory: 347.52 MB used, 134217728.00 MB total
[2015.11.03-18.30.24:318][  0]LogTextLocalizationManager: No translations for ('sv-SE') exist, falling back to 'en' for localization and internationalization data.
[2015.11.03-18.30.25:269][  0]LogD3D11RHI: Found D3D11 adapter 0: AMD Radeon HD 7800 Series (Feature Level 11_0)
[2015.11.03-18.30.25:269][  0]LogD3D11RHI: Adapter has 2030MB of dedicated video memory, 0MB of dedicated system memory, and 3840MB of shared system memory, 2 output[s]
[2015.11.03-18.30.25:270][  0]LogD3D11RHI: Found D3D11 adapter 1: Microsoft Basic Render Driver (Feature Level 11_0)
[2015.11.03-18.30.25:270][  0]LogD3D11RHI: Adapter has 0MB of dedicated video memory, 0MB of dedicated system memory, and 256MB of shared system memory, 0 output[s]
[2015.11.03-18.30.25:270][  0]LogD3D11RHI: Chosen D3D11 Adapter Id = 0
[2015.11.03-18.30.25:274][  0]LogD3D11RHI: !Direct3DDevice
[2015.11.03-18.30.25:274][  0]LogRHI: Texture pool is 1361 MB (70% of 1945 MB)
[2015.11.03-18.30.25:278][  0]LogD3D11RHI: Async texture creation disabled: no driver support
[2015.11.03-18.30.25:288][  0]LogShaderCompilers: Guid format shader working directory is 15 characters bigger than the processId version (../../../../../../Users/Stoffe/Documents/GitHub/Balls-of-steel/BOS/Intermediate/Shaders/WorkingDirectory/4992/).
[2015.11.03-18.30.25:288][  0]LogShaderCompilers: Cleaned the shader compiler working directory '../../../../../../Users/Stoffe/Documents/GitHub/Balls-of-steel/BOS/Intermediate/Shaders/tmp/6295B7CB4BAC55CA19BCBB9BE75DB627/'.
[2015.11.03-18.30.25:288][  0]LogShaderCompilers:Display: Using Local Shader Compiler.
[2015.11.03-18.30.26:646][  0]LogTemp:Display: Loaded TP AllDesktopTargetPlatform
[2015.11.03-18.30.26:652][  0]LogTemp:Display: Loaded TP WindowsClientTargetPlatform
[2015.11.03-18.30.26:657][  0]LogTemp:Display: Loaded TP WindowsNoEditorTargetPlatform
[2015.11.03-18.30.26:663][  0]LogTemp:Display: Loaded TP WindowsServerTargetPlatform
[2015.11.03-18.30.26:668][  0]LogTemp:Display: Loaded TP WindowsTargetPlatform
[2015.11.03-18.30.26:671][  0]LogTemp:Display: Loaded TP AndroidTargetPlatform
[2015.11.03-18.30.26:675][  0]LogTemp:Display: Loaded TP Android_ASTCTargetPlatform
[2015.11.03-18.30.26:679][  0]LogTemp:Display: Loaded TP Android_ATCTargetPlatform
[2015.11.03-18.30.26:683][  0]LogTemp:Display: Loaded TP Android_DXTTargetPlatform
[2015.11.03-18.30.26:687][  0]LogTemp:Display: Loaded TP Android_ETC1TargetPlatform
[2015.11.03-18.30.26:690][  0]LogTemp:Display: Loaded TP Android_ETC2TargetPlatform
[2015.11.03-18.30.26:694][  0]LogTemp:Display: Loaded TP Android_PVRTCTargetPlatform
[2015.11.03-18.30.26:695][  0]LogTemp:Display: Loaded TP HTML5TargetPlatform
[2015.11.03-18.30.26:712][  0]LogTemp:Display: Loaded TP IOSTargetPlatform
[2015.11.03-18.30.26:715][  0]LogTemp:Display: Loaded TP LinuxNoEditorTargetPlatform
[2015.11.03-18.30.26:719][  0]LogTemp:Display: Loaded TP LinuxServerTargetPlatform
[2015.11.03-18.30.26:722][  0]LogTemp:Display: Loaded TP LinuxTargetPlatform
[2015.11.03-18.30.26:722][  0]LogTargetPlatformManager:Display: Building Assets For Windows
[2015.11.03-18.30.26:839][  0]LogDerivedDataCache:Display: Max Cache Size: 512 MB
[2015.11.03-18.30.26:885][  0]LogDerivedDataCache: Loaded boot cache 0.05s 46MB C:/Users/Stoffe/AppData/Local/UnrealEngine/4.9/DerivedDataCache/Boot.ddc.
[2015.11.03-18.30.26:885][  0]LogDerivedDataCache:Display: Loaded Boot cache: C:/Users/Stoffe/AppData/Local/UnrealEngine/4.9/DerivedDataCache/Boot.ddc
[2015.11.03-18.30.26:885][  0]LogDerivedDataCache: FDerivedDataBackendGraph:  Pak pak cache file ../../../../../../Users/Stoffe/Documents/GitHub/Balls-of-steel/BOS/DerivedDataCache/DDC.ddp not found, will not use a pak cache.
[2015.11.03-18.30.26:885][  0]LogDerivedDataCache: Unable to find inner node Pak for hierarchical cache Hierarchy.
[2015.11.03-18.30.26:886][  0]LogDerivedDataCache: FDerivedDataBackendGraph:  CompressedPak pak cache file ../../../../../../Users/Stoffe/Documents/GitHub/Balls-of-steel/BOS/DerivedDataCache/Compressed.ddp not found, will not use a pak cache.
[2015.11.03-18.30.26:886][  0]LogDerivedDataCache: Unable to find inner node CompressedPak for hierarchical cache Hierarchy.
[2015.11.03-18.30.27:061][  0]LogDerivedDataCache:Display: Pak cache opened for reading ../../../Engine/DerivedDataCache/Compressed.ddp.
[2015.11.03-18.30.27:073][  0]LogDerivedDataCache: Using Local data cache path C:/Users/Stoffe/AppData/Local/UnrealEngine/Common/DerivedDataCache: Writable
[2015.11.03-18.30.27:305][  0]LogInit: Selected Device Profile: [Windows]
[2015.11.03-18.30.27:308][  0]LogContentStreaming: Texture pool size is 0.000000MB
[2015.11.03-18.30.27:441][  0]LogMeshUtilities: No automatic mesh reduction module available
[2015.11.03-18.30.27:441][  0]LogMeshUtilities: No automatic mesh merging module available
[2015.11.03-18.30.27:714][  0]LogInit: WinSock: version 1.1 (2.2), MaxSocks=32767, MaxUdp=65467
[2015.11.03-18.30.28:481][  0]UdpMessaging: Initializing bridge on interface 0.0.0.0:0 to multicast group 230.0.0.1:6666.
[2015.11.03-18.30.28:557][  0]LogLinker:Warning: Asset '../../../../../../Users/Stoffe/Documents/GitHub/Balls-of-steel/BOS/Content/Rolling/Meshes/BallMesh.uasset' has been saved with empty engine version. The asset will be loaded but may be incompatible.
[2015.11.03-18.30.28:557][  0]LogLinker:Warning: Asset '../../../../../../Users/Stoffe/Documents/GitHub/Balls-of-steel/BOS/Content/Rolling/Materials/M_Blue_Checker.uasset' has been saved with empty engine version. The asset will be loaded but may be incompatible.
[2015.11.03-18.30.28:558][  0]LogLinker:Warning: Asset '../../../../../../Users/Stoffe/Documents/GitHub/Balls-of-steel/BOS/Content/Rolling/Materials/PM_Ball.uasset' has been saved with empty engine version. The asset will be loaded but may be incompatible.
[2015.11.03-18.30.28:700][  0]LogAssetRegistry: FAssetRegistry took 0.0108 seconds to start up
[2015.11.03-18.30.28:912][  0]SourceControl: Info Source control is disabled
[2015.11.03-18.30.28:921][  0]SourceControl: Info Source control is disabled
[2015.11.03-18.30.28:939][  0]SourceControl: Info Source control is disabled
[2015.11.03-18.30.28:956][  0]SourceControl: Info Source control is disabled
[2015.11.03-18.30.29:182][  0]LogLinker:Warning: Asset '../../../Engine/Plugins/Runtime/LeapMotionController/Content/LM_PassthroughMaterial.uasset' has been saved with empty engine version. The asset will be loaded but may be incompatible.
[2015.11.03-18.30.29:303][  0]LogObj: 29506 objects as part of root set at end of initial load.
[2015.11.03-18.30.29:303][  0]LogUObjectAllocator: 6438456 out of 0 bytes used by permanent object pool.
[2015.11.03-18.30.29:362][  0]LogEngine: Initializing Engine...
[2015.11.03-18.30.29:364][  0]LogHMD: Can't find Oculus library dev build: is proper Runtime installed? Version: 0.7.0.0
[2015.11.03-18.30.29:364][  0]LogHMD: SteamVR failed to initialize.  Err: 110
[2015.11.03-18.30.29:491][  0]LogAIModule: Creating AISystem for world NewWorld
[2015.11.03-18.30.29:495][  0]LogInit: XAudio2 using 'Högtalare (Realtek High Definition Audio)' : 2 channels at 48 kHz using 32 bits per sample (channel mask 0x3)
[2015.11.03-18.30.29:509][  0]LogInit: FAudioDevice initialized.
[2015.11.03-18.30.29:530][  0]LogDerivedDataCache: Saved boot cache 0.02s 46MB C:/Users/Stoffe/AppData/Local/UnrealEngine/4.9/DerivedDataCache/Boot.ddc.
[2015.11.03-18.30.29:533][  0]LogInit: Texture streaming: Enabled
[2015.11.03-18.30.29:538][  0]LogAnalytics: Creating configured Analytics provider AnalyticsET
[2015.11.03-18.30.29:538][  0]LogAnalytics: [UEEditor.Rocket.Release] APIServer = http://et2.epicgames.com/ET2/. AppVersion = 4.9.2-2707645+++depot+UE4-Releases+4.9
[2015.11.03-18.30.29:538][  0]LogAnalytics: [UEEditor.Rocket.Release] SetUserId c2f82278409fbc7e17ba4c8b187827c0|8471e16762be488588a110ad13c08bd6|a2f24018-7849-4a41-8ec9-fa4680d0f5a7
[2015.11.03-18.30.29:538][  0]LogAnalytics: [UEEditor.Rocket.Release] AnalyticsET::StartSession
[2015.11.03-18.30.29:559][  0]LogInit: Transaction tracking system initialized
[2015.11.03-18.30.29:598][  0]BlueprintLog: New page: Editor Load
[2015.11.03-18.30.29:711][  0]LocalizationService: Info Localization service is disabled
[2015.11.03-18.30.30:035][  0]LogConsoleResponse:Display: 
[2015.11.03-18.30.30:205][  0]LogCook:Display: Done creating registry. It took  0.00s.
[2015.11.03-18.30.30:299][  0]LogFileCache: Scanning file cache for directory 'C:/Users/Stoffe/Documents/GitHub/Balls-of-steel/BOS/Content/' took 0.01s
[2015.11.03-18.30.30:299][  0]SourceControl: Info Source control is disabled
[2015.11.03-18.30.30:299][  0]Cmd: MAP LOAD FILE="../../../../../../Users/Stoffe/Documents/GitHub/Balls-of-steel/BOS/Content/RollingCPP/Maps/MainMenu.umap" TEMPLATE=0 SHOWPROGRESS=1 FEATURELEVEL=3
[2015.11.03-18.30.30:300][  0]LightingResults: New page: Lighting Build
[2015.11.03-18.30.30:303][  0]MapCheck: New page: Map Check
[2015.11.03-18.30.30:303][  0]LightingResults: New page: Lighting Build
[2015.11.03-18.30.30:322][  0]LogParticles: Destroying 0 GPU particle simulations for FXSystem 0x000000854F2E2160
[2015.11.03-18.30.30:525][  0]LogAIModule: Creating AISystem for world MainMenu
[2015.11.03-18.30.30:532][  0]LogEditorServer: Finished looking for orphan Actors (0.000 secs)
[2015.11.03-18.30.30:533][  0]Cmd: MAP CHECKDEP NOCLEARLOG
[2015.11.03-18.30.30:594][  0]MapCheck: Info Map check complete: 0 Error(s), 0 Warning(s), took 61.42ms to complete.
[2015.11.03-18.30.30:594][  0]LogFileHelpers: Loading map 'MainMenu' took 0.295
[2015.11.03-18.30.30:730][  0]LogCollectionManager: Loaded 0 collections in 0.003397 seconds
[2015.11.03-18.30.30:773][  0]LogFileCache: Scanning file cache for directory 'C:/Users/Stoffe/Documents/GitHub/Balls-of-steel/BOS/Saved/Collections/' took 0.01s
[2015.11.03-18.30.30:773][  0]LogFileCache: Scanning file cache for directory 'C:/Users/Stoffe/Documents/GitHub/Balls-of-steel/BOS/Content/Developers/Stoffe/Collections/' took 0.01s
[2015.11.03-18.30.30:773][  0]LogFileCache: Scanning file cache for directory 'C:/Users/Stoffe/Documents/GitHub/Balls-of-steel/BOS/Content/Collections/' took 0.01s
[2015.11.03-18.30.30:773][  0]LogContentBrowser: Native class hierarchy populated in 0.0090 seconds. Added 1872 classes and 335 folders.
[2015.11.03-18.30.30:784][  0]LogCollectionManager: Rebuilt the GUID cache for 0 collections in 0.000003 seconds
[2015.11.03-18.30.30:791][  0]LogContentBrowser: Native class hierarchy updated for 'WidgetCarousel' in 0.0011 seconds. Added 0 classes and 0 folders.
[2015.11.03-18.30.30:844][  0]LogContentBrowser: Native class hierarchy updated for 'AddContentDialog' in 0.0017 seconds. Added 0 classes and 0 folders.
[2015.11.03-18.30.30:858][  0]LogContentBrowser: Native class hierarchy updated for 'SceneOutliner' in 0.0017 seconds. Added 1 classes and 2 folders.
[2015.11.03-18.30.30:935][  0]LogCrashTracker: Crashtracker disabled due to settings.
[2015.11.03-18.30.30:939][  0]LogUObjectGlobals:Warning: Failed to find object 'Class None.'
[2015.11.03-18.30.30:962][  0]LogLoad: Full Startup: 8.03 seconds (BP compile: 0.07 seconds)
[2015.11.03-18.30.31:356][  0]LogContentStreaming: Texture pool size now 400 MB
[2015.11.03-18.30.31:506][  0]LogRenderer: Reallocating scene render targets to support 1028x636 (Frame:2).
[2015.11.03-18.30.32:803][  4]LogAssetRegistry: Asset discovery search completed in 4.1136 seconds
[2015.11.03-18.30.32:803][  4]LogCollectionManager: Rebuilt the object cache for 0 collections in 0.000001 seconds (found 0 objects)
[2015.11.03-18.30.32:803][  4]LogCollectionManager: Fixed up redirectors for 0 collections in 0.000039 seconds (updated 0 objects)
[2015.11.03-18.31.00:414][869]LogLinker:Warning: Asset '../../../Engine/Content/ArtTools/RenderToTexture/Macros/RenderToTextureMacros.uasset' has been saved with empty engine version. The asset will be loaded but may be incompatible.
[2015.11.03-18.31.01:201][869]LogContentBrowser: Native class hierarchy updated for 'BlueprintGraph' in 0.0015 seconds. Added 107 classes and 0 folders.
[2015.11.03-18.31.38:523][947]LogBlueprintUserMessages: CustomizeDetails for Blueprint 'BOSBall_BP', cached variable property's owner is '/Script/Engine.PlayerStart'
[2015.11.03-18.31.43:434][399]LogBlueprintUserMessages: CustomizeDetails for Blueprint 'BOSBall_BP', cached variable property's owner is '/Script/Engine.PlayerStart'
[2015.11.03-18.31.46:444][677]LogBlueprintUserMessages: CustomizeDetails for Blueprint 'BOSBall_BP', cached variable property's owner is '/Script/Engine.PlayerStart'
[2015.11.03-18.32.09:723][886]LogBlueprintUserMessages: CustomizeDetails for Blueprint 'BOSBall_BP', cached variable property's owner is '/Script/Engine.PlayerStart'
[2015.11.03-18.33.50:803][429]LogBlueprintUserMessages: CustomizeDetails for Blueprint 'BOSBall_BP', cached variable property's owner is '/Script/Engine.PlayerStart'
[2015.11.03-18.33.59:920][128]LogBlueprintUserMessages: CustomizeDetails for Blueprint 'BOSBall_BP', cached variable property's owner is '/Script/Engine.PlayerStart'
[2015.11.03-18.34.56:584][391]LogBlueprintUserMessages: CustomizeDetails for Blueprint 'BOSBall_BP', cached variable property's owner is '/Script/Engine.PlayerStart'
[2015.11.03-18.35.53:133][704]LogBlueprintUserMessages: CustomizeDetails for Blueprint 'BOSBall_BP', cached variable property's owner is '/Script/Engine.PlayerStart'
[2015.11.03-18.38.32:952][521]LogActor:Warning: GameNetworkManager /Engine/Transient.World_6:PersistentLevel.GameNetworkManager_0 has natively added scene component(s), but none of them were set as the actor's RootComponent - picking one arbitrarily
[2015.11.03-18.38.33:033][521]LogRenderer: Reallocating scene render targets to support 1324x712 (Frame:4311).
[2015.11.03-18.39.38:429][524]LogBlueprintUserMessages: CustomizeDetails for Blueprint 'BOSGameMode_BP', cached variable property's owner is '/Script/Engine.PlayerStart'
[2015.11.03-18.39.56:982][226]LogBlueprintUserMessages: CustomizeDetails for Blueprint 'BOSGameMode_BP', cached variable property's owner is '/Script/Engine.PlayerStart'
[2015.11.03-18.40.02:405][725]LogBlueprintUserMessages: PostEditorRefresh for Blueprint 'BOSGameMode_BP', cached variable property's owner is '/Script/Engine.PlayerStart'
[2015.11.03-18.40.02:426][725]LogBlueprintUserMessages: CustomizeDetails for Blueprint 'BOSGameMode_BP', cached variable property's owner is '/Script/Engine.PlayerStart'
[2015.11.03-18.40.18:446][145]LogBlueprintUserMessages: CustomizeDetails for Blueprint 'BOSGameMode_BP', cached variable property's owner is '/Script/Engine.PlayerStart'
[2015.11.03-18.40.29:504][178]LogBlueprintUserMessages: CustomizeDetails for Blueprint 'BOSGameMode_BP', cached variable property's owner is '/Script/Engine.PlayerStart'
[2015.11.03-18.40.31:218][335]LogBlueprintUserMessages: CustomizeDetails for Blueprint 'BOSGameMode_BP', cached variable property's owner is '/Script/Engine.PlayerStart'
[2015.11.03-18.40.32:960][495]LogBlueprintUserMessages: CustomizeDetails for Blueprint 'BOSGameMode_BP', cached variable property's owner is '/Script/Engine.PlayerStart'
[2015.11.03-18.40.35:246][701]LogBlueprintUserMessages: PostEditorRefresh for Blueprint 'BOSGameMode_BP', cached variable property's owner is '/Script/Engine.PlayerStart'
[2015.11.03-18.40.35:266][701]LogBlueprintUserMessages: CustomizeDetails for Blueprint 'BOSGameMode_BP', cached variable property's owner is '/Script/Engine.PlayerStart'
[2015.11.03-18.41.20:778][457]LogBlueprintUserMessages: CustomizeDetails for Blueprint 'BOSGameMode_BP', cached variable property's owner is '/Script/Engine.PlayerStart'
[2015.11.03-18.41.40:062][188]LogBlueprintUserMessages: CustomizeDetails for Blueprint 'BOSGameMode_BP', cached variable property's owner is '/Script/Engine.PlayerStart'
[2015.11.03-18.42.14:575][374]LogBlueprintUserMessages: CustomizeDetails for Blueprint 'BOSGameMode_BP', cached variable property's owner is '/Script/Engine.PlayerStart'
[2015.11.03-18.42.17:532][617]LogBlueprintUserMessages: CustomizeDetails for Blueprint 'BOSGameMode_BP', cached variable property's owner is '/Script/Engine.PlayerStart'
[2015.11.03-18.42.21:876][ 23]LogBlueprintUserMessages: CustomizeDetails for Blueprint 'BOSGameMode_BP', cached variable property's owner is '/Script/Engine.PlayerStart'
[2015.11.03-18.42.31:923][801]LogBlueprintUserMessages: CustomizeDetails for Blueprint 'BOSGameMode_BP', cached variable property's owner is '/Script/Engine.PlayerStart'
[2015.11.03-18.42.42:522][767]LogBlueprintUserMessages: CustomizeDetails for Blueprint 'BOSGameMode_BP', cached variable property's owner is '/Script/Engine.PlayerStart'
[2015.11.03-18.44.31:241][632]LogBlueprintUserMessages: CustomizeDetails for Blueprint 'BOSGameMode_BP', cached variable property's owner is '/Script/Engine.PlayerStart'
[2015.11.03-18.44.33:830][875]LogBlueprintUserMessages: CustomizeDetails for Blueprint 'BOSGameMode_BP', cached variable property's owner is '/Script/Engine.PlayerStart'
[2015.11.03-18.45.23:408][311]LogBlueprintUserMessages: CustomizeDetails for Blueprint 'BOSGameMode_BP', cached variable property's owner is '/Script/Engine.PlayerStart'
[2015.11.03-18.45.37:386][574]LogBlueprintUserMessages: CustomizeDetails for Blueprint 'BOSGameMode_BP', cached variable property's owner is '/Script/Engine.PlayerStart'
[2015.11.03-18.46.01:693][634]LogBlueprintUserMessages: CustomizeDetails for Blueprint 'BOSGameMode_BP', cached variable property's owner is '/Script/Engine.PlayerStart'
[2015.11.03-18.46.05:686][996]LogBlueprintUserMessages: CustomizeDetails for Blueprint 'BOSGameMode_BP', cached variable property's owner is '/Script/Engine.PlayerStart'
[2015.11.03-18.46.07:634][175]LogBlueprintUserMessages: CustomizeDetails for Blueprint 'BOSGameMode_BP', cached variable property's owner is '/Script/Engine.PlayerStart'
[2015.11.03-18.46.13:415][694]LogBlueprintUserMessages: CustomizeDetails for Blueprint 'BOSGameMode_BP', cached variable property's owner is '/Script/Engine.PlayerStart'
[2015.11.03-18.46.21:134][408]LogBlueprintUserMessages: CustomizeDetails for Blueprint 'BOSGameMode_BP', cached variable property's owner is '/Script/Engine.PlayerStart'
[2015.11.03-18.46.27:644][980]LogBlueprintUserMessages: PostEditorRefresh for Blueprint 'BOSGameMode_BP', cached variable property's owner is '/Script/Engine.PlayerStart'
[2015.11.03-18.46.27:671][980]LogBlueprintUserMessages: CustomizeDetails for Blueprint 'BOSGameMode_BP', cached variable property's owner is '/Script/Engine.PlayerStart'
[2015.11.03-18.46.29:841][176]LogBlueprintUserMessages: CustomizeDetails for Blueprint 'BOSGameMode_BP', cached variable property's owner is '/Script/Engine.PlayerStart'
[2015.11.03-18.46.31:908][362]LogBlueprintUserMessages: CustomizeDetails for Blueprint 'BOSGameMode_BP', cached variable property's owner is '/Script/Engine.PlayerStart'
[2015.11.03-18.46.32:888][449]LogBlueprintUserMessages: CustomizeDetails for Blueprint 'BOSGameMode_BP', cached variable property's owner is '/Script/Engine.PlayerStart'
[2015.11.03-18.46.48:405][832]LogProperty:Warning: ObjectProperty /Script/Engine.EdGraphPin:LinkedTo.LinkedTo: unresolved reference to 'EdGraphPin'K2Node_CallFunction_2370.EdGraphPin_21364''
[2015.11.03-18.46.52:593][213]LogBlueprintUserMessages: CustomizeDetails for Blueprint 'BOSGameMode_BP', cached variable property's owner is '/Script/Engine.PlayerStart'
[2015.11.03-18.46.53:278][275]LogBlueprintUserMessages: CustomizeDetails for Blueprint 'BOSGameMode_BP', cached variable property's owner is '/Script/Engine.PlayerStart'
[2015.11.03-18.46.59:731][846]LogBlueprintUserMessages: CustomizeDetails for Blueprint 'BOSGameMode_BP', cached variable property's owner is '/Script/Engine.PlayerStart'
[2015.11.03-18.47.01:225][984]BlueprintLog: New page: Compile BOSGameMode_BP
[2015.11.03-18.47.01:244][984]LogBlueprint:Warning: [compiler BOSGameMode_BP] Warning Can't connect pins  Out Actors  and  Target Array : Array of Player Start References is not compatible with Array of Player Controller References.
[2015.11.03-18.47.01:291][984]LogBlueprint:Warning: [compiler BOSGameMode_BP] Warning Can't connect pins  Out Actors  and  Target Array : Array of Player Start References is not compatible with Array of Player Controller References.
[2015.11.03-18.47.01:291][984]LogBlueprint:Error: [compiler BOSGameMode_BP] Error Invalid pin connection from ' Out Actors ' to ' Target Array '. You may have changed the type after the connections were made.
[2015.11.03-18.47.01:291][984]LogBlueprint:Error: [compiler BOSGameMode_BP] Error Invalid pin connection from ' Out Actors ' to ' Target Array '. You may have changed the type after the connections were made.
[2015.11.03-18.47.01:292][984]LogBlueprint:Warning: [compiler BOSGameMode_BP] Warning Can't connect pins  Target Array  and  Out Actors : Array of Player Controller References is not compatible with Array of Player Start References.
[2015.11.03-18.47.01:292][984]LogBlueprint:Warning: [compiler BOSGameMode_BP] Warning Can't connect pins  Target Array  and  Out Actors : Array of Player Controller References is not compatible with Array of Player Start References.
[2015.11.03-18.47.01:293][984]LogBlueprint:Error: [compiler BOSGameMode_BP] Error This blueprint (self) is not a PlayerStart, therefore ' Target ' must have a connection.
[2015.11.03-18.47.01:293][984]LogBlueprint:Error: [compiler BOSGameMode_BP] Error This blueprint (self) is not a PlayerStart, therefore ' Target ' must have a connection.
[2015.11.03-18.47.01:294][984]LogBlueprint:Error: [compiler BOSGameMode_BP] Error Variable node  Set PlayerStartTag  uses an invalid target.  It may depend on a node that is not connected to the execution chain, and got purged.
[2015.11.03-18.47.01:294][984]LogBlueprint:Error: [compiler BOSGameMode_BP] Error Variable node  Set PlayerStartTag  uses an invalid target.  It may depend on a node that is not connected to the execution chain, and got purged.
[2015.11.03-18.47.01:431][984]LogActorComponent: UnregisterComponent: (/Engine/Transient.ProjectileComp) Not registered. Aborting.
[2015.11.03-18.47.01:431][984]LogActorComponent: UnregisterComponent: (/Engine/Transient.ProjectileMovementComponent_0) Not registered. Aborting.
[2015.11.03-18.47.01:472][984]LogParticles: Destroying 0 GPU particle simulations for FXSystem 0x000000855807CF40
[2015.11.03-18.47.01:474][984]LogParticles: Destroying 0 GPU particle simulations for FXSystem 0x0000008550083600
[2015.11.03-18.47.01:485][984]LogBlueprint:Warning: [compiler BOSGameMode_BP] Warning [0998.55] Compile of BOSGameMode_BP failed. 6 Fatal Issue(s) 4 Warning(s) [in 259 ms]
[2015.11.03-18.47.01:485][984]BlueprintEditorCompileResults:Warning: Warning Can't connect pins  Out Actors  and  Target Array : Array of Player Start References is not compatible with Array of Player Controller References.
[2015.11.03-18.47.01:485][984]BlueprintEditorCompileResults:Warning: Warning Can't connect pins  Out Actors  and  Target Array : Array of Player Start References is not compatible with Array of Player Controller References.
[2015.11.03-18.47.01:485][984]BlueprintEditorCompileResults:Error: Error Invalid pin connection from ' Out Actors ' to ' Target Array '. You may have changed the type after the connections were made.
[2015.11.03-18.47.01:485][984]BlueprintEditorCompileResults:Error: Error Invalid pin connection from ' Out Actors ' to ' Target Array '. You may have changed the type after the connections were made.
[2015.11.03-18.47.01:485][984]BlueprintEditorCompileResults:Warning: Warning Can't connect pins  Target Array  and  Out Actors : Array of Player Controller References is not compatible with Array of Player Start References.
[2015.11.03-18.47.01:485][984]BlueprintEditorCompileResults:Warning: Warning Can't connect pins  Target Array  and  Out Actors : Array of Player Controller References is not compatible with Array of Player Start References.
[2015.11.03-18.47.01:485][984]BlueprintEditorCompileResults:Error: Error This blueprint (self) is not a PlayerStart, therefore ' Target ' must have a connection.
[2015.11.03-18.47.01:485][984]BlueprintEditorCompileResults:Error: Error This blueprint (self) is not a PlayerStart, therefore ' Target ' must have a connection.
[2015.11.03-18.47.01:485][984]BlueprintEditorCompileResults:Error: Error Variable node  Set PlayerStartTag  uses an invalid target.  It may depend on a node that is not connected to the execution chain, and got purged.
[2015.11.03-18.47.01:486][984]BlueprintEditorCompileResults:Error: Error Variable node  Set PlayerStartTag  uses an invalid target.  It may depend on a node that is not connected to the execution chain, and got purged.
[2015.11.03-18.47.01:486][984]BlueprintEditorCompileResults:Warning: Warning [0998.55] Compile of BOSGameMode_BP failed. 6 Fatal Issue(s) 4 Warning(s) [in 259 ms]
[2015.11.03-18.47.27:891][415]LogBlueprintUserMessages: CustomizeDetails for Blueprint 'BOSGameMode_BP', cached variable property's owner is '/Script/Engine.PlayerStart'
[2015.11.03-18.47.30:424][631]BlueprintLog: New page: Compile BOSGameMode_BP
[2015.11.03-18.47.30:443][631]LogBlueprint:Warning: [compiler BOSGameMode_BP] Warning Can't connect pins  Out Actors  and  Target Array : Array of Player Start References is not compatible with Array of Player Controller References.
[2015.11.03-18.47.30:443][631]LogBlueprint:Warning: [compiler BOSGameMode_BP] Warning Can't connect pins  Out Actors  and  Target Array : Array of Player Start References is not compatible with Array of Player Controller References.
[2015.11.03-18.47.30:443][631]LogBlueprint:Error: [compiler BOSGameMode_BP] Error Invalid pin connection from ' Out Actors ' to ' Target Array '. You may have changed the type after the connections were made.
[2015.11.03-18.47.30:443][631]LogBlueprint:Error: [compiler BOSGameMode_BP] Error Invalid pin connection from ' Out Actors ' to ' Target Array '. You may have changed the type after the connections were made.
[2015.11.03-18.47.30:444][631]LogBlueprint:Warning: [compiler BOSGameMode_BP] Warning Can't connect pins  Target Array  and  Out Actors : Array of Player Controller References is not compatible with Array of Player Start References.
[2015.11.03-18.47.30:445][631]LogBlueprint:Warning: [compiler BOSGameMode_BP] Warning Can't connect pins  Target Array  and  Out Actors : Array of Player Controller References is not compatible with Array of Player Start References.
[2015.11.03-18.47.30:448][631]LogBlueprint:Error: [compiler BOSGameMode_BP] Error This blueprint (self) is not a PlayerStart, therefore ' Target ' must have a connection.
[2015.11.03-18.47.30:448][631]LogBlueprint:Error: [compiler BOSGameMode_BP] Error Variable node  Set PlayerStartTag  uses an invalid target.  It may depend on a node that is not connected to the execution chain, and got purged.
[2015.11.03-18.47.30:567][631]LogBlueprintUserMessages: PostEditorRefresh for Blueprint 'BOSGameMode_BP', cached variable property's owner is '/Script/Engine.PlayerStart'
[2015.11.03-18.47.30:568][631]LogBlueprint:Warning: [compiler BOSGameMode_BP] Warning [1027.64] Compile of BOSGameMode_BP failed. 4 Fatal Issue(s) 4 Warning(s) [in 144 ms]
[2015.11.03-18.47.30:569][631]BlueprintEditorCompileResults:Warning: Warning Can't connect pins  Out Actors  and  Target Array : Array of Player Start References is not compatible with Array of Player Controller References.
[2015.11.03-18.47.30:569][631]BlueprintEditorCompileResults:Warning: Warning Can't connect pins  Out Actors  and  Target Array : Array of Player Start References is not compatible with Array of Player Controller References.
[2015.11.03-18.47.30:569][631]BlueprintEditorCompileResults:Error: Error Invalid pin connection from ' Out Actors ' to ' Target Array '. You may have changed the type after the connections were made.
[2015.11.03-18.47.30:569][631]BlueprintEditorCompileResults:Error: Error Invalid pin connection from ' Out Actors ' to ' Target Array '. You may have changed the type after the connections were made.
[2015.11.03-18.47.30:569][631]BlueprintEditorCompileResults:Warning: Warning Can't connect pins  Target Array  and  Out Actors : Array of Player Controller References is not compatible with Array of Player Start References.
[2015.11.03-18.47.30:569][631]BlueprintEditorCompileResults:Warning: Warning Can't connect pins  Target Array  and  Out Actors : Array of Player Controller References is not compatible with Array of Player Start References.
[2015.11.03-18.47.30:569][631]BlueprintEditorCompileResults:Error: Error This blueprint (self) is not a PlayerStart, therefore ' Target ' must have a connection.
[2015.11.03-18.47.30:569][631]BlueprintEditorCompileResults:Error: Error Variable node  Set PlayerStartTag  uses an invalid target.  It may depend on a node that is not connected to the execution chain, and got purged.
[2015.11.03-18.47.30:569][631]BlueprintEditorCompileResults:Warning: Warning [1027.64] Compile of BOSGameMode_BP failed. 4 Fatal Issue(s) 4 Warning(s) [in 144 ms]
[2015.11.03-18.47.30:589][631]LogBlueprintUserMessages: CustomizeDetails for Blueprint 'BOSGameMode_BP', cached variable property's owner is '/Script/Engine.PlayerStart'
[2015.11.03-18.48.48:346][991]LogFileHelpers: Editor autosave (incl. sublevels) for '/Game/RollingCPP/Maps/MainMenu' took 0.065
[2015.11.03-18.48.48:351][991]OBJ SavePackage: Generating thumbnails for [1] asset(s) in package [/Game/BOSBall_BP] ([1] browsable assets)...
[2015.11.03-18.48.48:456][991]OBJ SavePackage:     Rendered thumbnail for [Blueprint /Game/BOSBall_BP.BOSBall_BP]
[2015.11.03-18.48.48:456][991]OBJ SavePackage: Finished generating thumbnails for package [/Game/BOSBall_BP]
[2015.11.03-18.48.48:456][991]Cmd: OBJ SAVEPACKAGE PACKAGE="/Game/BOSBall_BP" FILE="../../../../../../Users/Stoffe/Documents/GitHub/Balls-of-steel/BOS/Saved/Autosaves/Game/BOSBall_BP_Auto1.uasset" SILENT=false AUTOSAVING=true
[2015.11.03-18.48.48:516][991]LogSavePackage: Save=45.945641ms
[2015.11.03-18.48.48:516][991]LogSavePackage: Moving '../../../../../../Users/Stoffe/Documents/GitHub/Balls-of-steel/BOS/Saved/BOSBall_BP_Auto19A14813F4703F45A991FFAA1DDC1B82A.tmp' to '../../../../../../Users/Stoffe/Documents/GitHub/Balls-of-steel/BOS/Saved/Autosaves/Game/BOSBall_BP_Auto1.uasset'
[2015.11.03-18.48.48:518][991]LogSavePackage: Total save time: 60.600843ms
[2015.11.03-18.48.48:518][991]LogSavePackage:Warning: Finished SavePackage ../../../../../../Users/Stoffe/Documents/GitHub/Balls-of-steel/BOS/Saved/Autosaves/Game/BOSBall_BP_Auto1.uasset
[2015.11.03-18.48.48:525][991]OBJ SavePackage: Generating thumbnails for [0] asset(s) in package [/Game/BOSGameMode_BP] ([1] browsable assets)...
[2015.11.03-18.48.48:525][991]OBJ SavePackage: Finished generating thumbnails for package [/Game/BOSGameMode_BP]
[2015.11.03-18.48.48:525][991]Cmd: OBJ SAVEPACKAGE PACKAGE="/Game/BOSGameMode_BP" FILE="../../../../../../Users/Stoffe/Documents/GitHub/Balls-of-steel/BOS/Saved/Autosaves/Game/BOSGameMode_BP_Auto1.uasset" SILENT=false AUTOSAVING=true
[2015.11.03-18.48.48:574][991]LogSavePackage: Save=46.724186ms
[2015.11.03-18.48.48:574][991]LogSavePackage: Moving '../../../../../../Users/Stoffe/Documents/GitHub/Balls-of-steel/BOS/Saved/BOSGameMode_BP_Auto111E4432940094E4C91B2C2A1B45BA7C2.tmp' to '../../../../../../Users/Stoffe/Documents/GitHub/Balls-of-steel/BOS/Saved/Autosaves/Game/BOSGameMode_BP_Auto1.uasset'
[2015.11.03-18.48.48:575][991]LogSavePackage: Total save time: 48.733693ms
[2015.11.03-18.48.48:575][991]LogSavePackage:Warning: Finished SavePackage ../../../../../../Users/Stoffe/Documents/GitHub/Balls-of-steel/BOS/Saved/Autosaves/Game/BOSGameMode_BP_Auto1.uasset
[2015.11.03-18.48.48:575][991]LogFileHelpers: Auto-saving content packages took 0.229
[2015.11.03-18.51.32:676][645]BlueprintLog: New page: Compile respawnInterface
[2015.11.03-18.51.32:718][645]LogActorComponent: UnregisterComponent: (/Engine/Transient.ProjectileComp) Not registered. Aborting.
[2015.11.03-18.51.32:718][645]LogActorComponent: UnregisterComponent: (/Engine/Transient.ProjectileMovementComponent_1) Not registered. Aborting.
[2015.11.03-18.51.32:762][645]BlueprintEditorCompileResults: Info [1269.83] Compile of respawnInterface successful! [in 85 ms]
[2015.11.03-18.52.04:098][439]BlueprintLog: New page: Compile respawnInterface
[2015.11.03-18.52.04:180][439]BlueprintEditorCompileResults: Info [1301.25] Compile of respawnInterface successful! [in 81 ms]
[2015.11.03-18.52.05:306][553]Cmd: OBJ SAVEPACKAGE PACKAGE="/Game/respawnInterface" FILE="../../../../../../Users/Stoffe/Documents/GitHub/Balls-of-steel/BOS/Content/respawnInterface.uasset" SILENT=true
[2015.11.03-18.52.05:320][553]LogSavePackage: Save=12.948547ms
[2015.11.03-18.52.05:320][553]LogSavePackage: Moving '../../../../../../Users/Stoffe/Documents/GitHub/Balls-of-steel/BOS/Saved/respawnInterfaceB228853C43C8BE52BCA1428929E78D72.tmp' to '../../../../../../Users/Stoffe/Documents/GitHub/Balls-of-steel/BOS/Content/respawnInterface.uasset'
[2015.11.03-18.52.05:322][553]LogSavePackage: Total save time: 15.222434ms
[2015.11.03-18.52.05:322][553]LogSavePackage:Warning: Finished SavePackage ../../../../../../Users/Stoffe/Documents/GitHub/Balls-of-steel/BOS/Content/respawnInterface.uasset
[2015.11.03-18.53.13:421][721]LogSlate:Warning: Prevented a slow task dialog from being summoned while a context menu was open
[2015.11.03-18.53.25:057][785]LogActorComponent: UnregisterComponent: (/Engine/Transient.ProjectileComp) Not registered. Aborting.
[2015.11.03-18.53.25:057][785]LogActorComponent: UnregisterComponent: (/Engine/Transient.ProjectileMovementComponent_2) Not registered. Aborting.
[2015.11.03-18.54.07:788][114]LogParticles: Destroying 0 GPU particle simulations for FXSystem 0x00000085607BAAC0
[2015.11.03-18.54.07:789][114]LogParticles: Destroying 0 GPU particle simulations for FXSystem 0x000000856AB73100
[2015.11.03-18.54.09:151][114]LogWindowsTextInputMethodSystem:Display: IME system now deactivated.
[2015.11.03-18.54.09:419][115]Cmd: QUIT_EDITOR
[2015.11.03-18.54.09:711][115]LogExit: Preparing to exit.
[2015.11.03-18.54.10:712][115]LogExit: Editor shut down
[2015.11.03-18.54.10:712][115]LogExit: Transaction tracking system shut down
[2015.11.03-18.54.10:714][115]LogParticles: Destroying 0 GPU particle simulations for FXSystem 0x00000085413676A0
[2015.11.03-18.54.10:715][115]LogParticles: Destroying 0 GPU particle simulations for FXSystem 0x00000085405972E0
[2015.11.03-18.54.10:715][115]LogParticles: Destroying 0 GPU particle simulations for FXSystem 0x000000855514D1C0
[2015.11.03-18.54.10:715][115]LogParticles: Destroying 0 GPU particle simulations for FXSystem 0x0000008554D32340
[2015.11.03-18.54.10:717][115]LogParticles: Destroying 0 GPU particle simulations for FXSystem 0x0000008554D32160
[2015.11.03-18.54.10:721][115]LogParticles: Destroying 0 GPU particle simulations for FXSystem 0x000000855264AE80
[2015.11.03-18.54.10:931][115]LogExit: Object subsystem successfully closed.
[2015.11.03-18.54.10:945][115]LogD3D11RHI: Shutdown
[2015.11.03-18.54.10:945][115]LogD3D11RHI: CleanupD3DDevice
[2015.11.03-18.54.10:977][115]LogD3D11RHI: ~FD3D11DynamicRHI
[2015.11.03-18.54.11:001][115]LogModuleManager: Shutting down and abandoning module BlueprintGraph (199)
[2015.11.03-18.54.11:001][115]LogModuleManager: Shutting down and abandoning module CrashTracker (198)
[2015.11.03-18.54.11:001][115]LogModuleManager: Shutting down and abandoning module SceneOutliner (197)
[2015.11.03-18.54.11:001][115]LogModuleManager: Shutting down and abandoning module SuperSearch (196)
[2015.11.03-18.54.11:001][115]LogModuleManager: Shutting down and abandoning module WidgetCarousel (195)
[2015.11.03-18.54.11:001][115]LogModuleManager: Shutting down and abandoning module AddContentDialog (194)
[2015.11.03-18.54.11:004][115]LogModuleManager: Shutting down and abandoning module EditorWidgets (193)
[2015.11.03-18.54.11:004][115]LogModuleManager: Shutting down and abandoning module CollectionManager (192)
[2015.11.03-18.54.11:004][115]LogModuleManager: Shutting down and abandoning module StatsViewer (191)
[2015.11.03-18.54.11:004][115]LogModuleManager: Shutting down and abandoning module FoliageEdit (190)
[2015.11.03-18.54.11:004][115]LogModuleManager: Shutting down and abandoning module LandscapeEditor (189)
[2015.11.03-18.54.11:004][115]LogModuleManager: Shutting down and abandoning module ActorPickerMode (188)
[2015.11.03-18.54.11:004][115]LogModuleManager: Shutting down and abandoning module GeometryMode (187)
[2015.11.03-18.54.11:004][115]LogModuleManager: Shutting down and abandoning module TextureAlignMode (186)
[2015.11.03-18.54.11:004][115]LogModuleManager: Shutting down and abandoning module BspMode (185)
[2015.11.03-18.54.11:004][115]LogModuleManager: Shutting down and abandoning module PlacementMode (184)
[2015.11.03-18.54.11:004][115]LogModuleManager: Shutting down and abandoning module AutomationWorker (183)
[2015.11.03-18.54.11:004][115]LogModuleManager: Shutting down and abandoning module CharacterAI (182)
[2015.11.03-18.54.11:004][115]LogModuleManager: Shutting down and abandoning module SmartSnapping (181)
[2015.11.03-18.54.11:004][115]LogModuleManager: Shutting down and abandoning module ViewportSnapping (180)
[2015.11.03-18.54.11:004][115]LogModuleManager: Shutting down and abandoning module LogVisualizer (179)
[2015.11.03-18.54.11:005][115]LogModuleManager: Shutting down and abandoning module GameProjectGeneration (178)
[2015.11.03-18.54.11:005][115]LogModuleManager: Shutting down and abandoning module IntroTutorials (177)
[2015.11.03-18.54.11:005][115]LogModuleManager: Shutting down and abandoning module EditorLiveStreaming (176)
[2015.11.03-18.54.11:005][115]LogModuleManager: Shutting down and abandoning module IOSPlatformEditor (175)
[2015.11.03-18.54.11:005][115]LogModuleManager: Shutting down and abandoning module HTML5PlatformEditor (174)
[2015.11.03-18.54.11:005][115]LogModuleManager: Shutting down and abandoning module AndroidDeviceDetection (173)
[2015.11.03-18.54.11:927][115]LogModuleManager: Shutting down and abandoning module AndroidPlatformEditor (172)
[2015.11.03-18.54.11:927][115]LogModuleManager: Shutting down and abandoning module IOSRuntimeSettings (171)
[2015.11.03-18.54.11:927][115]LogModuleManager: Shutting down and abandoning module AndroidRuntimeSettings (170)
[2015.11.03-18.54.11:927][115]LogModuleManager: Shutting down and abandoning module MergeActors (169)
[2015.11.03-18.54.11:927][115]LogModuleManager: Shutting down and abandoning module SizeMap (168)
[2015.11.03-18.54.11:927][115]LogModuleManager: Shutting down and abandoning module TreeMap (167)
[2015.11.03-18.54.11:927][115]LogModuleManager: Shutting down and abandoning module ReferenceViewer (166)
[2015.11.03-18.54.11:927][115]LogModuleManager: Shutting down and abandoning module LocalizationService (165)
[2015.11.03-18.54.11:927][115]LogModuleManager: Shutting down and abandoning module LocalizationDashboard (164)
[2015.11.03-18.54.11:927][115]LogModuleManager: Shutting down and abandoning module HardwareTargeting (163)
[2015.11.03-18.54.11:927][115]LogModuleManager: Shutting down and abandoning module DeviceProfileEditor (162)
[2015.11.03-18.54.11:927][115]LogModuleManager: Shutting down and abandoning module UndoHistory (161)
[2015.11.03-18.54.11:927][115]LogModuleManager: Shutting down and abandoning module GameplayTagsEditor (160)
[2015.11.03-18.54.11:927][115]LogModuleManager: Shutting down and abandoning module UserFeedback (159)
[2015.11.03-18.54.11:927][115]LogModuleManager: Shutting down and abandoning module XmlParser (158)
[2015.11.03-18.54.11:927][115]LogModuleManager: Shutting down and abandoning module Blutility (157)
[2015.11.03-18.54.11:927][115]LogModuleManager: Shutting down and abandoning module ProjectTargetPlatformEditor (156)
[2015.11.03-18.54.11:928][115]LogModuleManager: Shutting down and abandoning module ProjectSettingsViewer (155)
[2015.11.03-18.54.11:929][115]LogModuleManager: Shutting down and abandoning module InputBindingEditor (154)
[2015.11.03-18.54.11:929][115]LogModuleManager: Shutting down and abandoning module EditorSettingsViewer (153)
[2015.11.03-18.54.11:929][115]LogModuleManager: Shutting down and abandoning module SettingsEditor (152)
[2015.11.03-18.54.11:929][115]LogModuleManager: Shutting down and abandoning module ProjectLauncher (151)
[2015.11.03-18.54.11:929][115]LogModuleManager: Shutting down and abandoning module SessionFrontend (150)
[2015.11.03-18.54.11:929][115]LogModuleManager: Shutting down and abandoning module ProfilerClient (149)
[2015.11.03-18.54.11:929][115]LogModuleManager: Shutting down and abandoning module TargetDeviceServices (148)
[2015.11.03-18.54.11:929][115]LogModuleManager: Shutting down and abandoning module DeviceManager (147)
[2015.11.03-18.54.11:929][115]LogModuleManager: Shutting down and abandoning module AutomationController (146)
[2015.11.03-18.54.11:929][115]LogModuleManager: Shutting down and abandoning module AutomationWindow (145)
[2015.11.03-18.54.11:929][115]LogModuleManager: Shutting down and abandoning module Layers (144)
[2015.11.03-18.54.11:929][115]LogModuleManager: Shutting down and abandoning module ComponentVisualizers (143)
[2015.11.03-18.54.11:929][115]LogModuleManager: Shutting down and abandoning module DetailCustomizations (142)
[2015.11.03-18.54.11:930][115]LogModuleManager: Shutting down and abandoning module PackagesDialog (141)
[2015.11.03-18.54.11:930][115]LogModuleManager: Shutting down and abandoning module Persona (140)
[2015.11.03-18.54.11:930][115]LogModuleManager: Shutting down and abandoning module Kismet (139)
[2015.11.03-18.54.11:930][115]LogModuleManager: Shutting down and abandoning module GraphEditor (138)
[2015.11.03-18.54.11:930][115]LogModuleManager: Shutting down and abandoning module ClassViewer (137)
[2015.11.03-18.54.11:936][115]LogModuleManager: Shutting down and abandoning module Toolbox (136)
[2015.11.03-18.54.11:936][115]LogModuleManager: Shutting down and abandoning module ModuleUI (135)
[2015.11.03-18.54.11:936][115]LogModuleManager: Shutting down and abandoning module MovieSceneTools (134)
[2015.11.03-18.54.11:936][115]LogModuleManager: Shutting down and abandoning module OutputLog (133)
[2015.11.03-18.54.11:936][115]LogModuleManager: Shutting down and abandoning module GammaUI (132)
[2015.11.03-18.54.11:936][115]LogModuleManager: Shutting down and abandoning module Documentation (131)
[2015.11.03-18.54.11:936][115]LogModuleManager: Shutting down and abandoning module GameLiveStreaming (130)
[2015.11.03-18.54.11:936][115]LogModuleManager: Shutting down and abandoning module StreamingPauseRendering (129)
[2015.11.03-18.54.11:937][115]LogModuleManager: Shutting down and abandoning module AnalyticsET (128)
[2015.11.03-18.54.11:937][115]LogModuleManager: Shutting down and abandoning module Analytics (127)
[2015.11.03-18.54.11:937][115]LogModuleManager: Shutting down and abandoning module AITestSuite (126)
[2015.11.03-18.54.11:937][115]LogModuleManager: Shutting down and abandoning module GameplayDebugger (125)
[2015.11.03-18.54.11:937][115]LogModuleManager: Shutting down and abandoning module AIModule (124)
[2015.11.03-18.54.11:937][115]LogModuleManager: Shutting down and abandoning module ProfilerService (123)
[2015.11.03-18.54.11:994][115]LogModuleManager: Shutting down and abandoning module TaskGraph (122)
[2015.11.03-18.54.11:994][115]LogModuleManager: Shutting down and abandoning module SlateRemote (121)
[2015.11.03-18.54.11:994][115]LogModuleManager: Shutting down and abandoning module SteamVRController (120)
[2015.11.03-18.54.11:994][115]LogModuleManager: Shutting down and abandoning module SteamVR (119)
[2015.11.03-18.54.11:994][115]LogModuleManager: Shutting down and abandoning module ProceduralMeshComponent (118)
[2015.11.03-18.54.11:994][115]LogModuleManager: Shutting down and abandoning module OculusRift (117)
[2015.11.03-18.54.11:994][115]LogModuleManager: Shutting down and abandoning module OculusLibrary (116)
[2015.11.03-18.54.11:994][115]LogModuleManager: Shutting down and abandoning module LeapMotionController (115)
[2015.11.03-18.54.12:040][115]LogModuleManager: Shutting down and abandoning module CustomMeshComponent (114)
[2015.11.03-18.54.12:040][115]LogModuleManager: Shutting down and abandoning module CableComponent (113)
[2015.11.03-18.54.12:040][115]LogModuleManager: Shutting down and abandoning module ArchVisCharacter (112)
[2015.11.03-18.54.12:040][115]LogModuleManager: Shutting down and abandoning module MessagingDebugger (111)
[2015.11.03-18.54.12:040][115]LogModuleManager: Shutting down and abandoning module MediaPlayerEditor (110)
[2015.11.03-18.54.12:040][115]LogModuleManager: Shutting down and abandoning module HTML5Networking (109)
[2015.11.03-18.54.12:040][115]LogModuleManager: Shutting down and abandoning module SpeedTreeImporter (108)
[2015.11.03-18.54.12:040][115]LogModuleManager: Shutting down and abandoning module PluginBrowser (107)
[2015.11.03-18.54.12:040][115]LogModuleManager: Shutting down and abandoning module EpicSurvey (106)
[2015.11.03-18.54.12:040][115]LogModuleManager: Shutting down and abandoning module DesktopPlatform (105)
[2015.11.03-18.54.12:040][115]LogModuleManager: Shutting down and abandoning module VisualStudioSourceCodeAccess (104)
[2015.11.03-18.54.12:040][115]LogModuleManager: Shutting down and abandoning module UObjectPlugin (103)
[2015.11.03-18.54.12:040][115]LogModuleManager: Shutting down and abandoning module SubversionSourceControl (102)
[2015.11.03-18.54.12:040][115]LogModuleManager: Shutting down and abandoning module PerforceSourceControl (101)
[2015.11.03-18.54.12:040][115]LogModuleManager: Shutting down and abandoning module SourceControl (100)
[2015.11.03-18.54.12:040][115]LogModuleManager: Shutting down and abandoning module GitSourceControl (99)
[2015.11.03-18.54.12:040][115]LogModuleManager: Shutting down and abandoning module LightPropagationVolumeEditor (98)
[2015.11.03-18.54.12:040][115]LogModuleManager: Shutting down and abandoning module PaperTiledImporter (97)
[2015.11.03-18.54.12:040][115]LogModuleManager: Shutting down and abandoning module PaperSpriteSheetImporter (96)
[2015.11.03-18.54.12:040][115]LogModuleManager: Shutting down and abandoning module MeshPaint (95)
[2015.11.03-18.54.12:040][115]LogModuleManager: Shutting down and abandoning module SlateReflector (94)
[2015.11.03-18.54.12:040][115]LogModuleManager: Shutting down and abandoning module HotReload (93)
[2015.11.03-18.54.12:041][115]LogModuleManager: Shutting down and abandoning module MainFrame (92)
[2015.11.03-18.54.12:041][115]LogModuleManager: Shutting down and abandoning module LevelEditor (91)
[2015.11.03-18.54.12:042][115]LogModuleManager: Shutting down and abandoning module DirectoryWatcher (90)
[2015.11.03-18.54.12:045][115]LogModuleManager: Shutting down and abandoning module AssetRegistry (89)
[2015.11.03-18.54.12:163][115]LogModuleManager: Shutting down and abandoning module ContentBrowser (88)
[2015.11.03-18.54.12:174][115]LogModuleManager: Shutting down and abandoning module Paper2DEditor (87)
[2015.11.03-18.54.12:174][115]LogModuleManager: Shutting down and abandoning module BOS (86)
[2015.11.03-18.54.12:174][115]LogModuleManager: Shutting down and abandoning module UdpMessaging (85)
[2015.11.03-18.54.12:275][115]LogModuleManager: Shutting down and abandoning module LightPropagationVolumeRuntime (84)
[2015.11.03-18.54.12:275][115]LogModuleManager: Shutting down and abandoning module Paper2D (83)
[2015.11.03-18.54.12:275][115]LogModuleManager: Shutting down and abandoning module WindowsMoviePlayer (82)
[2015.11.03-18.54.12:279][115]LogModuleManager: Shutting down and abandoning module Media (81)
[2015.11.03-18.54.12:279][115]LogModuleManager: Shutting down and abandoning module WmfMedia (80)
[2015.11.03-18.54.12:280][115]LogModuleManager: Shutting down and abandoning module OnlineBlueprintSupport (79)
[2015.11.03-18.54.12:280][115]LogModuleManager: Shutting down and abandoning module GameplayTasksEditor (78)
[2015.11.03-18.54.12:280][115]LogModuleManager: Shutting down and abandoning module PropertyEditor (77)
[2015.11.03-18.54.12:280][115]LogModuleManager: Shutting down and abandoning module BehaviorTreeEditor (76)
[2015.11.03-18.54.12:280][115]LogModuleManager: Shutting down and abandoning module FunctionalTesting (75)
[2015.11.03-18.54.12:280][115]LogModuleManager: Shutting down and abandoning module CollisionAnalyzer (74)
[2015.11.03-18.54.12:280][115]LogModuleManager: Shutting down and abandoning module WorkspaceMenuStructure (73)
[2015.11.03-18.54.12:280][115]LogModuleManager: Shutting down and abandoning module MessageLog (72)
[2015.11.03-18.54.12:280][115]LogModuleManager: Shutting down and abandoning module Sequencer (71)
[2015.11.03-18.54.12:280][115]LogModuleManager: Shutting down and abandoning module AssetTools (70)
[2015.11.03-18.54.12:280][115]LogModuleManager: Shutting down and abandoning module UMGEditor (69)
[2015.11.03-18.54.12:280][115]LogModuleManager: Shutting down and abandoning module UMG (68)
[2015.11.03-18.54.12:280][115]LogModuleManager: Shutting down and abandoning module Slate (67)
[2015.11.03-18.54.12:280][115]LogModuleManager: Shutting down and abandoning module EditorStyle (66)
[2015.11.03-18.54.12:284][115]LogModuleManager: Shutting down and abandoning module SessionServices (65)
[2015.11.03-18.54.12:284][115]LogModuleManager: Shutting down and abandoning module SourceCodeAccess (64)
[2015.11.03-18.54.12:284][115]LogModuleManager: Shutting down and abandoning module HeadMountedDisplay (63)
[2015.11.03-18.54.12:284][115]LogModuleManager: Shutting down and abandoning module XAudio2 (62)
[2015.11.03-18.54.12:284][115]LogModuleManager: Shutting down and abandoning module Networking (60)
[2015.11.03-18.54.12:284][115]LogModuleManager: Shutting down and abandoning module Core (59)
[2015.11.03-18.54.12:284][115]LogModuleManager: Shutting down and abandoning module KismetCompiler (58)
[2015.11.03-18.54.12:284][115]LogModuleManager: Shutting down and abandoning module PhysXFormats (57)
[2015.11.03-18.54.12:284][115]LogModuleManager: Shutting down and abandoning module MeshUtilities (56)
[2015.11.03-18.54.12:284][115]LogModuleManager: Shutting down and abandoning module CookingStats (55)
[2015.11.03-18.54.12:284][115]LogModuleManager: Shutting down and abandoning module DerivedDataCache (54)
[2015.11.03-18.54.12:305][115]LogDerivedDataCache: Shutdown
[2015.11.03-18.54.12:305][115]LogModuleManager: Shutting down and abandoning module ShaderFormatOpenGL (53)
[2015.11.03-18.54.12:305][115]LogModuleManager: Shutting down and abandoning module ShaderFormatD3D (52)
[2015.11.03-18.54.12:305][115]LogModuleManager: Shutting down and abandoning module MetalShaderFormat (51)
[2015.11.03-18.54.12:305][115]LogModuleManager: Shutting down and abandoning module TextureFormatUncompressed (50)
[2015.11.03-18.54.12:305][115]LogModuleManager: Shutting down and abandoning module TextureFormatPVR (49)
[2015.11.03-18.54.12:305][115]LogModuleManager: Shutting down and abandoning module TextureFormatIntelISPCTexComp (48)
[2015.11.03-18.54.12:305][115]LogModuleManager: Shutting down and abandoning module TextureFormatDXT (47)
[2015.11.03-18.54.12:305][115]LogModuleManager: Shutting down and abandoning module ImageWrapper (46)
[2015.11.03-18.54.12:305][115]LogModuleManager: Shutting down and abandoning module TextureFormatASTC (45)
[2015.11.03-18.54.12:305][115]LogModuleManager: Shutting down and abandoning module TextureFormatAndroid (44)
[2015.11.03-18.54.12:305][115]LogModuleManager: Shutting down and abandoning module AudioFormatOpus (43)
[2015.11.03-18.54.12:305][115]LogModuleManager: Shutting down and abandoning module AudioFormatOgg (42)
[2015.11.03-18.54.12:305][115]LogModuleManager: Shutting down and abandoning module AudioFormatADPCM (41)
[2015.11.03-18.54.12:305][115]LogModuleManager: Shutting down and abandoning module LinuxTargetPlatform (40)
[2015.11.03-18.54.12:305][115]LogModuleManager: Shutting down and abandoning module LinuxServerTargetPlatform (39)
[2015.11.03-18.54.12:305][115]LogModuleManager: Shutting down and abandoning module LinuxNoEditorTargetPlatform (38)
[2015.11.03-18.54.12:305][115]LogModuleManager: Shutting down and abandoning module Messaging (37)
[2015.11.03-18.54.12:305][115]LogModuleManager: Shutting down and abandoning module IOSTargetPlatform (36)
[2015.11.03-18.54.12:305][115]LogModuleManager: Shutting down and abandoning module HTML5TargetPlatform (35)
[2015.11.03-18.54.12:305][115]LogModuleManager: Shutting down and abandoning module Android_PVRTCTargetPlatform (34)
[2015.11.03-18.54.12:305][115]LogModuleManager: Shutting down and abandoning module Android_ETC2TargetPlatform (33)
[2015.11.03-18.54.12:305][115]LogModuleManager: Shutting down and abandoning module Android_ETC1TargetPlatform (32)
[2015.11.03-18.54.12:305][115]LogModuleManager: Shutting down and abandoning module Android_DXTTargetPlatform (31)
[2015.11.03-18.54.12:305][115]LogModuleManager: Shutting down and abandoning module Android_ATCTargetPlatform (30)
[2015.11.03-18.54.12:305][115]LogModuleManager: Shutting down and abandoning module Android_ASTCTargetPlatform (29)
[2015.11.03-18.54.12:305][115]LogModuleManager: Shutting down and abandoning module AndroidTargetPlatform (28)
[2015.11.03-18.54.12:305][115]LogModuleManager: Shutting down and abandoning module WindowsTargetPlatform (27)
[2015.11.03-18.54.12:305][115]LogModuleManager: Shutting down and abandoning module WindowsServerTargetPlatform (26)
[2015.11.03-18.54.12:305][115]LogModuleManager: Shutting down and abandoning module WindowsNoEditorTargetPlatform (25)
[2015.11.03-18.54.12:305][115]LogModuleManager: Shutting down and abandoning module WindowsClientTargetPlatform (24)
[2015.11.03-18.54.12:305][115]LogModuleManager: Shutting down and abandoning module AllDesktopTargetPlatform (23)
[2015.11.03-18.54.12:305][115]LogModuleManager: Shutting down and abandoning module TargetPlatform (22)
[2015.11.03-18.54.12:306][115]LogModuleManager: Shutting down and abandoning module InputCore (21)
[2015.11.03-18.54.12:306][115]LogModuleManager: Shutting down and abandoning module Settings (20)
[2015.11.03-18.54.12:306][115]LogModuleManager: Shutting down and abandoning module OnlineSubsystem (18)
[2015.11.03-18.54.12:306][115]LogModuleManager: Shutting down and abandoning module HTTP (17)
[2015.11.03-18.54.14:309][115]LogModuleManager: Shutting down and abandoning module XMPP (16)
[2015.11.03-18.54.14:309][115]LogModuleManager: Shutting down and abandoning module ExampleDeviceProfileSelector (15)
[2015.11.03-18.54.14:309][115]LogModuleManager: Shutting down and abandoning module TextureCompressor (14)
[2015.11.03-18.54.14:309][115]LogModuleManager: Shutting down and abandoning module ShaderCore (13)
[2015.11.03-18.54.14:309][115]LogModuleManager: Shutting down and abandoning module Landscape (12)
[2015.11.03-18.54.14:309][115]LogModuleManager: Shutting down and abandoning module SlateRHIRenderer (11)
[2015.11.03-18.54.14:321][115]LogModuleManager: Shutting down and abandoning module OpenGLDrv (10)
[2015.11.03-18.54.14:321][115]LogModuleManager: Shutting down and abandoning module D3D11RHI (9)
[2015.11.03-18.54.14:321][115]LogModuleManager: Shutting down and abandoning module AnimGraphRuntime (8)
[2015.11.03-18.54.14:321][115]LogModuleManager: Shutting down and abandoning module Renderer (7)
[2015.11.03-18.54.14:321][115]LogModuleManager: Shutting down and abandoning module Engine (6)
[2015.11.03-18.54.14:321][115]LogModuleManager: Shutting down and abandoning module CoreUObject (5)
[2015.11.03-18.54.14:321][115]LogModuleManager: Shutting down and abandoning module NetworkFile (4)
[2015.11.03-18.54.14:321][115]LogModuleManager: Shutting down and abandoning module StreamingFile (3)
[2015.11.03-18.54.14:321][115]LogModuleManager: Shutting down and abandoning module SandboxFile (2)
[2015.11.03-18.54.14:321][115]LogModuleManager: Shutting down and abandoning module PakFile (1)
[2015.11.03-18.54.14:322][115]LogExit: Exiting.
[2015.11.03-18.54.14:323][115]Log file closed, 11/03/15 19:54:14
