[2015.11.06-07.45.11:015][  0]Log file open, 11/06/15 08:45:11
[2015.11.06-07.45.11:015][  0]LogInit:Display: Running engine for game: BOS
[2015.11.06-07.45.11:015][  0]LogInit:Display: RandInit(-865067940) SRandInit(-865067939).
[2015.11.06-07.45.11:015][  0]LogTaskGraph: Started task graph with 4 named threads and 7 total threads.
[2015.11.06-07.45.11:015][  0]LogStats: Stats thread started at 0.076347
[2015.11.06-07.45.11:015][  0]LogInit: Version: 4.9.2-2707645+++depot+UE4-Releases+4.9
[2015.11.06-07.45.11:015][  0]LogInit: API Version: 2672455
[2015.11.06-07.45.11:015][  0]LogInit: Compiled (64-bit): Sep 28 2015 10:25:44
[2015.11.06-07.45.11:015][  0]LogInit: Compiled with Visual C++: 18.00.21005.01
[2015.11.06-07.45.11:015][  0]LogInit: Build Configuration: Development
[2015.11.06-07.45.11:015][  0]LogInit: Branch Name: ++depot+UE4-Releases+4.9
[2015.11.06-07.45.11:015][  0]LogInit: Command line:  
[2015.11.06-07.45.11:015][  0]LogInit: Base directory: C:/Program Files/Epic Games/4.9/Engine/Binaries/Win64/
[2015.11.06-07.45.11:015][  0]LogInit: Rocket: 1
[2015.11.06-07.45.11:023][  0]LogInit: Using libcurl 7.41.0
[2015.11.06-07.45.11:023][  0]LogInit:  - built for x86_64-pc-win32
[2015.11.06-07.45.11:023][  0]LogInit:  - supports SSL with WinSSL
[2015.11.06-07.45.11:023][  0]LogInit:  - other features:
[2015.11.06-07.45.11:023][  0]LogInit:      CURL_VERSION_SSL
[2015.11.06-07.45.11:023][  0]LogInit:      CURL_VERSION_IPV6
[2015.11.06-07.45.11:023][  0]LogInit:      CURL_VERSION_ASYNCHDNS
[2015.11.06-07.45.11:023][  0]LogInit:      CURL_VERSION_LARGEFILE
[2015.11.06-07.45.11:023][  0]LogInit:      CURL_VERSION_IDN
[2015.11.06-07.45.11:023][  0]LogInit:  CurlRequestOptions (configurable via config and command line):
[2015.11.06-07.45.11:023][  0]LogInit:  - bVerifyPeer = true  - Libcurl will verify peer certificate
[2015.11.06-07.45.11:023][  0]LogInit:  - bUseHttpProxy = false  - Libcurl will NOT use HTTP proxy
[2015.11.06-07.45.11:023][  0]LogInit:  - bDontReuseConnections = false  - Libcurl will reuse connections
[2015.11.06-07.45.11:023][  0]LogInit:  - CertBundlePath = nullptr  - Libcurl will use whatever was configured at build time.
[2015.11.06-07.45.11:028][  0]LogInit: Presizing for 0 objects not considered by GC, pre-allocating 0 bytes.
[2015.11.06-07.45.11:034][  0]LogInit: Object subsystem initialized
[2015.11.06-07.45.11:035][  0]LogInit: Selected Device Profile: [Windows]
[2015.11.06-07.45.11:035][  0]LogInit: Applying CVar settings loaded from the selected device profile: [Windows]
[2015.11.06-07.45.11:042][  0]LogInit: Computer: SpellabbA332-06
[2015.11.06-07.45.11:042][  0]LogInit: User: Spellabbet
[2015.11.06-07.45.11:042][  0]LogInit: CPU Page size=4096, Cores=4
[2015.11.06-07.45.11:042][  0]LogInit: High frequency timer resolution =3.507517 MHz
[2015.11.06-07.45.11:042][  0]LogMemory: Memory total: Physical=15.9GB (16GB approx)
[2015.11.06-07.45.11:042][  0]LogMemory: Platform Memory Stats for Windows
[2015.11.06-07.45.11:042][  0]LogMemory: Process Physical Memory: 52.49 MB used, 52.49 MB peak
[2015.11.06-07.45.11:042][  0]LogMemory: Process Virtual Memory: 55.97 MB used, 55.97 MB peak
[2015.11.06-07.45.11:042][  0]LogMemory: Physical Memory: 5009.98 MB used, 16318.82 MB total
[2015.11.06-07.45.11:042][  0]LogMemory: Virtual Memory: 348.31 MB used, 134217728.00 MB total
[2015.11.06-07.45.11:069][  0]LogTextLocalizationManager: No translations for ('sv-SE') exist, falling back to 'en' for localization and internationalization data.
[2015.11.06-07.45.11:661][  0]LogD3D11RHI: Found D3D11 adapter 0: NVIDIA GeForce GTX 960 (Feature Level 11_0)
[2015.11.06-07.45.11:661][  0]LogD3D11RHI: Adapter has 1965MB of dedicated video memory, 0MB of dedicated system memory, and 2048MB of shared system memory, 1 output[s]
[2015.11.06-07.45.11:661][  0]LogD3D11RHI: Found D3D11 adapter 1: Microsoft Basic Render Driver (Feature Level 11_0)
[2015.11.06-07.45.11:661][  0]LogD3D11RHI: Adapter has 0MB of dedicated video memory, 0MB of dedicated system memory, and 256MB of shared system memory, 0 output[s]
[2015.11.06-07.45.11:662][  0]LogD3D11RHI: Chosen D3D11 Adapter Id = 0
[2015.11.06-07.45.11:664][  0]LogD3D11RHI: !Direct3DDevice
[2015.11.06-07.45.11:664][  0]LogRHI: Texture pool is 1361 MB (70% of 1945 MB)
[2015.11.06-07.45.11:674][  0]LogD3D11RHI: Async texture creation enabled
[2015.11.06-07.45.11:689][  0]LogShaderCompilers: Guid format shader working directory is 15 characters bigger than the processId version (../../../../../../Users/Spellabbet/Documents/GitHub/Balls-of-steel/BOS/Intermediate/Shaders/WorkingDirectory/4640/).
[2015.11.06-07.45.11:689][  0]LogShaderCompilers: Cleaned the shader compiler working directory '../../../../../../Users/Spellabbet/Documents/GitHub/Balls-of-steel/BOS/Intermediate/Shaders/tmp/0C6D546843FFACCE0EB2808931CF9B33/'.
[2015.11.06-07.45.11:689][  0]LogShaderCompilers:Display: Using Local Shader Compiler.
[2015.11.06-07.45.12:598][  0]LogTemp:Display: Loaded TP AllDesktopTargetPlatform
[2015.11.06-07.45.12:602][  0]LogTemp:Display: Loaded TP WindowsClientTargetPlatform
[2015.11.06-07.45.12:606][  0]LogTemp:Display: Loaded TP WindowsNoEditorTargetPlatform
[2015.11.06-07.45.12:609][  0]LogTemp:Display: Loaded TP WindowsServerTargetPlatform
[2015.11.06-07.45.12:613][  0]LogTemp:Display: Loaded TP WindowsTargetPlatform
[2015.11.06-07.45.12:616][  0]LogTemp:Display: Loaded TP AndroidTargetPlatform
[2015.11.06-07.45.12:618][  0]LogTemp:Display: Loaded TP Android_ASTCTargetPlatform
[2015.11.06-07.45.12:621][  0]LogTemp:Display: Loaded TP Android_ATCTargetPlatform
[2015.11.06-07.45.12:623][  0]LogTemp:Display: Loaded TP Android_DXTTargetPlatform
[2015.11.06-07.45.12:626][  0]LogTemp:Display: Loaded TP Android_ETC1TargetPlatform
[2015.11.06-07.45.12:629][  0]LogTemp:Display: Loaded TP Android_ETC2TargetPlatform
[2015.11.06-07.45.12:632][  0]LogTemp:Display: Loaded TP Android_PVRTCTargetPlatform
[2015.11.06-07.45.12:632][  0]LogTemp:Display: Loaded TP HTML5TargetPlatform
[2015.11.06-07.45.12:648][  0]LogTemp:Display: Loaded TP IOSTargetPlatform
[2015.11.06-07.45.12:650][  0]LogTemp:Display: Loaded TP LinuxNoEditorTargetPlatform
[2015.11.06-07.45.12:653][  0]LogTemp:Display: Loaded TP LinuxServerTargetPlatform
[2015.11.06-07.45.12:656][  0]LogTemp:Display: Loaded TP LinuxTargetPlatform
[2015.11.06-07.45.12:656][  0]LogTargetPlatformManager:Display: Building Assets For Windows
[2015.11.06-07.45.12:715][  0]LogDerivedDataCache:Display: Max Cache Size: 512 MB
[2015.11.06-07.45.12:753][  0]LogDerivedDataCache: Loaded boot cache 0.04s 46MB C:/Users/Spellabbet/AppData/Local/UnrealEngine/4.9/DerivedDataCache/Boot.ddc.
[2015.11.06-07.45.12:753][  0]LogDerivedDataCache:Display: Loaded Boot cache: C:/Users/Spellabbet/AppData/Local/UnrealEngine/4.9/DerivedDataCache/Boot.ddc
[2015.11.06-07.45.12:753][  0]LogDerivedDataCache: FDerivedDataBackendGraph:  Pak pak cache file ../../../../../../Users/Spellabbet/Documents/GitHub/Balls-of-steel/BOS/DerivedDataCache/DDC.ddp not found, will not use a pak cache.
[2015.11.06-07.45.12:753][  0]LogDerivedDataCache: Unable to find inner node Pak for hierarchical cache Hierarchy.
[2015.11.06-07.45.12:753][  0]LogDerivedDataCache: FDerivedDataBackendGraph:  CompressedPak pak cache file ../../../../../../Users/Spellabbet/Documents/GitHub/Balls-of-steel/BOS/DerivedDataCache/Compressed.ddp not found, will not use a pak cache.
[2015.11.06-07.45.12:753][  0]LogDerivedDataCache: Unable to find inner node CompressedPak for hierarchical cache Hierarchy.
[2015.11.06-07.45.12:875][  0]LogDerivedDataCache:Display: Pak cache opened for reading ../../../Engine/DerivedDataCache/Compressed.ddp.
[2015.11.06-07.45.12:887][  0]LogDerivedDataCache: Using Local data cache path C:/Users/Spellabbet/AppData/Local/UnrealEngine/Common/DerivedDataCache: Writable
[2015.11.06-07.45.13:017][  0]LogInit: Selected Device Profile: [Windows]
[2015.11.06-07.45.13:019][  0]LogContentStreaming: Texture pool size is 0.000000MB
[2015.11.06-07.45.13:116][  0]LogMeshUtilities: No automatic mesh reduction module available
[2015.11.06-07.45.13:116][  0]LogMeshUtilities: No automatic mesh merging module available
[2015.11.06-07.45.13:293][  0]LogInit: WinSock: version 1.1 (2.2), MaxSocks=32767, MaxUdp=65467
[2015.11.06-07.45.13:814][  0]UdpMessaging: Initializing bridge on interface 0.0.0.0:0 to multicast group 230.0.0.1:6666.
[2015.11.06-07.45.13:878][  0]LogLinker:Warning: Asset '../../../../../../Users/Spellabbet/Documents/GitHub/Balls-of-steel/BOS/Content/Rolling/Meshes/BallMesh.uasset' has been saved with empty engine version. The asset will be loaded but may be incompatible.
[2015.11.06-07.45.13:879][  0]LogLinker:Warning: Asset '../../../../../../Users/Spellabbet/Documents/GitHub/Balls-of-steel/BOS/Content/Rolling/Materials/M_Blue_Checker.uasset' has been saved with empty engine version. The asset will be loaded but may be incompatible.
[2015.11.06-07.45.13:879][  0]LogLinker:Warning: Asset '../../../../../../Users/Spellabbet/Documents/GitHub/Balls-of-steel/BOS/Content/Rolling/Materials/PM_Ball.uasset' has been saved with empty engine version. The asset will be loaded but may be incompatible.
[2015.11.06-07.45.13:988][  0]LogAssetRegistry: FAssetRegistry took 0.0108 seconds to start up
[2015.11.06-07.45.14:132][  0]SourceControl: Info Source control is disabled
[2015.11.06-07.45.14:138][  0]SourceControl: Info Source control is disabled
[2015.11.06-07.45.14:145][  0]SourceControl: Info Source control is disabled
[2015.11.06-07.45.14:151][  0]SourceControl: Info Source control is disabled
[2015.11.06-07.45.14:243][  0]LogLinker:Warning: Asset '../../../Engine/Plugins/Runtime/LeapMotionController/Content/LM_PassthroughMaterial.uasset' has been saved with empty engine version. The asset will be loaded but may be incompatible.
[2015.11.06-07.45.14:293][  0]LogObj: 29662 objects as part of root set at end of initial load.
[2015.11.06-07.45.14:293][  0]LogUObjectAllocator: 6510536 out of 0 bytes used by permanent object pool.
[2015.11.06-07.45.14:337][  0]LogEngine: Initializing Engine...
[2015.11.06-07.45.14:339][  0]LogHMD: Can't find Oculus library dev build: is proper Runtime installed? Version: 0.7.0.0
[2015.11.06-07.45.14:339][  0]LogHMD: SteamVR failed to initialize.  Err: 110
[2015.11.06-07.45.14:434][  0]LogAIModule: Creating AISystem for world NewWorld
[2015.11.06-07.45.14:438][  0]LogInit: XAudio2 using 'Speakers (4- High Definition Audio Device)' : 2 channels at 44.1 kHz using 16 bits per sample (channel mask 0x3)
[2015.11.06-07.45.14:448][  0]LogInit: FAudioDevice initialized.
[2015.11.06-07.45.14:467][  0]LogDerivedDataCache: Saved boot cache 0.02s 46MB C:/Users/Spellabbet/AppData/Local/UnrealEngine/4.9/DerivedDataCache/Boot.ddc.
[2015.11.06-07.45.14:471][  0]LogInit: Texture streaming: Enabled
[2015.11.06-07.45.14:475][  0]LogAnalytics: Creating configured Analytics provider AnalyticsET
[2015.11.06-07.45.14:475][  0]LogAnalytics: [UEEditor.Rocket.Release] APIServer = http://et2.epicgames.com/ET2/. AppVersion = 4.9.2-2707645+++depot+UE4-Releases+4.9
[2015.11.06-07.45.14:475][  0]LogAnalytics: [UEEditor.Rocket.Release] SetUserId 45933c9447afbf6f1ab999917f6accd0|8471e16762be488588a110ad13c08bd6|060e5e79-a789-49c4-8abd-5d8b330400a7
[2015.11.06-07.45.14:475][  0]LogAnalytics: [UEEditor.Rocket.Release] AnalyticsET::StartSession
[2015.11.06-07.45.14:491][  0]LogInit: Transaction tracking system initialized
[2015.11.06-07.45.14:513][  0]BlueprintLog: New page: Editor Load
[2015.11.06-07.45.14:573][  0]LocalizationService: Info Localization service is disabled
[2015.11.06-07.45.14:627][  0]LogConsoleResponse:Display: 
[2015.11.06-07.45.14:723][  0]LogCook:Display: Done creating registry. It took  0.00s.
[2015.11.06-07.45.14:764][  0]LogFileCache: Scanning file cache for directory 'C:/Users/Spellabbet/Documents/GitHub/Balls-of-steel/BOS/Content/' took 0.01s
[2015.11.06-07.45.14:764][  0]SourceControl: Info Source control is disabled
[2015.11.06-07.45.14:764][  0]Cmd: MAP LOAD FILE="../../../../../../Users/Spellabbet/Documents/GitHub/Balls-of-steel/BOS/Content/RollingCPP/Maps/MainMenu.umap" TEMPLATE=0 SHOWPROGRESS=1 FEATURELEVEL=3
[2015.11.06-07.45.14:765][  0]LightingResults: New page: Lighting Build
[2015.11.06-07.45.14:767][  0]MapCheck: New page: Map Check
[2015.11.06-07.45.14:767][  0]LightingResults: New page: Lighting Build
[2015.11.06-07.45.14:778][  0]LogParticles: Destroying 0 GPU particle simulations for FXSystem 0x0000001E12D14400
[2015.11.06-07.45.14:886][  0]LogAIModule: Creating AISystem for world MainMenu
[2015.11.06-07.45.14:893][  0]LogEditorServer: Finished looking for orphan Actors (0.000 secs)
[2015.11.06-07.45.14:893][  0]Cmd: MAP CHECKDEP NOCLEARLOG
[2015.11.06-07.45.14:931][  0]MapCheck: Info Map check complete: 0 Error(s), 0 Warning(s), took 37.837ms to complete.
[2015.11.06-07.45.14:931][  0]LogFileHelpers: Loading map 'MainMenu' took 0.167
[2015.11.06-07.45.15:019][  0]LogCollectionManager: Loaded 0 collections in 0.001559 seconds
[2015.11.06-07.45.15:062][  0]LogFileCache: Scanning file cache for directory 'C:/Users/Spellabbet/Documents/GitHub/Balls-of-steel/BOS/Saved/Collections/' took 0.01s
[2015.11.06-07.45.15:062][  0]LogFileCache: Scanning file cache for directory 'C:/Users/Spellabbet/Documents/GitHub/Balls-of-steel/BOS/Content/Developers/Spellabbet/Collections/' took 0.01s
[2015.11.06-07.45.15:062][  0]LogFileCache: Scanning file cache for directory 'C:/Users/Spellabbet/Documents/GitHub/Balls-of-steel/BOS/Content/Collections/' took 0.01s
[2015.11.06-07.45.15:062][  0]LogContentBrowser: Native class hierarchy populated in 0.0096 seconds. Added 1875 classes and 335 folders.
[2015.11.06-07.45.15:066][  0]LogCollectionManager: Rebuilt the GUID cache for 0 collections in 0.000002 seconds
[2015.11.06-07.45.15:071][  0]LogContentBrowser: Native class hierarchy updated for 'WidgetCarousel' in 0.0009 seconds. Added 0 classes and 0 folders.
[2015.11.06-07.45.15:101][  0]LogContentBrowser: Native class hierarchy updated for 'AddContentDialog' in 0.0009 seconds. Added 0 classes and 0 folders.
[2015.11.06-07.45.15:109][  0]LogContentBrowser: Native class hierarchy updated for 'SceneOutliner' in 0.0016 seconds. Added 1 classes and 2 folders.
[2015.11.06-07.45.15:149][  0]LogCrashTracker: Crashtracker disabled due to settings.
[2015.11.06-07.45.15:153][  0]LogUObjectGlobals:Warning: Failed to find object 'Class None.'
[2015.11.06-07.45.15:176][  0]LogLoad: Full Startup: 4.85 seconds (BP compile: 0.03 seconds)
[2015.11.06-07.45.15:216][  0]LogContentStreaming: Texture pool size now 1000 MB
[2015.11.06-07.45.15:320][  0]LogRenderer: Reallocating scene render targets to support 1208x556 (Frame:2).
[2015.11.06-07.45.15:465][  2]LogAssetRegistry: Asset discovery search completed in 1.4887 seconds
[2015.11.06-07.45.15:466][  2]LogCollectionManager: Rebuilt the object cache for 0 collections in 0.000001 seconds (found 0 objects)
[2015.11.06-07.45.15:466][  2]LogCollectionManager: Fixed up redirectors for 0 collections in 0.000034 seconds (updated 0 objects)
[2015.11.06-07.45.34:648][630]LogAIModule: Creating AISystem for world Map2
[2015.11.06-07.45.34:700][630]Cmd: MAP LOAD FILE="../../../../../../Users/Spellabbet/Documents/GitHub/Balls-of-steel/BOS/Content/RollingCPP/Maps/Map2.umap" TEMPLATE=0 SHOWPROGRESS=1 FEATURELEVEL=3
[2015.11.06-07.45.34:700][630]LightingResults: New page: Lighting Build
[2015.11.06-07.45.34:714][630]LoadErrors: New page: Loading map: Map2.umap
[2015.11.06-07.45.34:714][630]MapCheck: New page: Map Check
[2015.11.06-07.45.34:714][630]LightingResults: New page: Lighting Build
[2015.11.06-07.45.34:724][630]LogParticles: Destroying 0 GPU particle simulations for FXSystem 0x0000001E03C4FC40
[2015.11.06-07.45.34:814][630]LogEditorServer: Finished looking for orphan Actors (0.000 secs)
[2015.11.06-07.45.34:851][630]Cmd: MAP CHECKDEP NOCLEARLOG
[2015.11.06-07.45.34:885][630]MapCheck: Info Map check complete: 0 Error(s), 0 Warning(s), took 33.495ms to complete.
[2015.11.06-07.45.34:886][630]LogFileHelpers: Loading map 'Map2' took 0.186
[2015.11.06-07.45.36:972][869]LogPlayLevel: PlayLevel: No blueprints needed recompiling
[2015.11.06-07.45.36:974][869]PIE: New page: PIE session: Map2 (Nov 6, 2015, 9:45:36 AM)
[2015.11.06-07.45.36:974][869]LogPlayLevel: Creating play world package: /Game/RollingCPP/Maps/UEDPIE_1_Map2
[2015.11.06-07.45.37:401][869]LogPlayLevel: PIE: StaticDuplicateObject took: (0.427047s)
[2015.11.06-07.45.37:402][869]LogAIModule: Creating AISystem for world Map2
[2015.11.06-07.45.37:402][869]LogPlayLevel: PIE: World Init took: (0.000525s)
[2015.11.06-07.45.37:402][869]LogPlayLevel: PIE: Created PIE world by copying editor world from /Game/RollingCPP/Maps/Map2.Map2 to /Game/RollingCPP/Maps/UEDPIE_1_Map2.Map2 (0.427771s)
[2015.11.06-07.45.37:416][869]LogInit: XAudio2 using 'Speakers (4- High Definition Audio Device)' : 2 channels at 44.1 kHz using 16 bits per sample (channel mask 0x3)
[2015.11.06-07.45.37:420][869]LogInit: FAudioDevice initialized.
[2015.11.06-07.45.37:462][869]LogWorld: Game class is 'BOSGameMode'
[2015.11.06-07.45.37:489][869]LogWorld: Bringing World /Game/RollingCPP/Maps/UEDPIE_1_Map2.Map2 up for play (max tick rate 0) at 2015.11.06-08.45.37
[2015.11.06-07.45.37:489][869]LogActor:Warning: GameSession /Game/RollingCPP/Maps/UEDPIE_1_Map2.Map2:PersistentLevel.GameSession_0 has natively added scene component(s), but none of them were set as the actor's RootComponent - picking one arbitrarily
[2015.11.06-07.45.37:489][869]LogActor:Warning: GameNetworkManager /Game/RollingCPP/Maps/UEDPIE_1_Map2.Map2:PersistentLevel.GameNetworkManager_0 has natively added scene component(s), but none of them were set as the actor's RootComponent - picking one arbitrarily
[2015.11.06-07.45.37:525][869]LogWorld: Bringing up level for play took: 0.061964
[2015.11.06-07.45.37:526][869]LogWindows:Error: Windows GetLastError: The operation completed successfully. (0)
[2015.11.06-07.45.37:644][869]LogCrashTracker: 


[2015.11.06-07.45.37:644][869]LogCrashTracker: 


[2015.11.06-07.45.37:644][869]LogWindows: === Critical error: ===
Assertion failed: (Index >= 0) & (Index < ArrayNum) [File:C:\Program Files\Epic Games\4.9\Engine\Source\Runtime\Core\Public\Containers\Array.h] [Line: 678] 
Array index out of bounds: 0 from an array of size 0




[2015.11.06-07.45.37:747][869]LogExit: Executing StaticShutdownAfterError
[2015.11.06-07.45.37:755][869]LogPhysics:Warning: PHYSX: ..\..\PhysX\src\NpScene.cpp (2946) 8 : PxScene::unlockWrite() called without matching call to PxScene::lockWrite(), behaviour will be undefined.
[2015.11.06-07.45.37:755][869]LogPhysics:Warning: PHYSX: ..\..\PhysX\src\NpScene.cpp (2946) 8 : PxScene::unlockWrite() called without matching call to PxScene::lockWrite(), behaviour will be undefined.
[2015.11.06-07.45.37:755][869]LogPhysics:Warning: PHYSX: ..\..\PhysX\src\NpScene.cpp (2946) 8 : PxScene::unlockWrite() called without matching call to PxScene::lockWrite(), behaviour will be undefined.
[2015.11.06-07.45.37:755][869]LogPhysics:Warning: PHYSX: ..\..\PhysX\src\NpScene.cpp (2946) 8 : PxScene::unlockWrite() called without matching call to PxScene::lockWrite(), behaviour will be undefined.
[2015.11.06-07.45.37:755][869]LogWindows: FPlatformMisc::RequestExit(1)
[2015.11.06-07.45.37:755][869]Log file closed, 11/06/15 08:45:37
