[2015.11.01-23.43.34:598][  0]Log file open, 11/02/15 00:43:34
[2015.11.01-23.43.34:598][  0]LogInit:Display: Running engine for game: BOS
[2015.11.01-23.43.34:598][  0]LogInit:Display: RandInit(-571652911) SRandInit(-571652910).
[2015.11.01-23.43.34:598][  0]LogTaskGraph: Started task graph with 4 named threads and 5 total threads.
[2015.11.01-23.43.34:598][  0]LogStats: Stats thread started at 0.059663
[2015.11.01-23.43.34:598][  0]LogInit: Version: 4.9.2-2707645+++depot+UE4-Releases+4.9
[2015.11.01-23.43.34:598][  0]LogInit: API Version: 2672455
[2015.11.01-23.43.34:598][  0]LogInit: Compiled (64-bit): Sep 28 2015 10:25:44
[2015.11.01-23.43.34:598][  0]LogInit: Compiled with Visual C++: 18.00.21005.01
[2015.11.01-23.43.34:598][  0]LogInit: Build Configuration: Development
[2015.11.01-23.43.34:598][  0]LogInit: Branch Name: ++depot+UE4-Releases+4.9
[2015.11.01-23.43.34:598][  0]LogInit: Command line:  
[2015.11.01-23.43.34:598][  0]LogInit: Base directory: C:/Program Files/Epic Games/4.9/Engine/Binaries/Win64/
[2015.11.01-23.43.34:598][  0]LogInit: Rocket: 1
[2015.11.01-23.43.34:609][  0]LogInit: Using libcurl 7.41.0
[2015.11.01-23.43.34:609][  0]LogInit:  - built for x86_64-pc-win32
[2015.11.01-23.43.34:609][  0]LogInit:  - supports SSL with WinSSL
[2015.11.01-23.43.34:609][  0]LogInit:  - other features:
[2015.11.01-23.43.34:609][  0]LogInit:      CURL_VERSION_SSL
[2015.11.01-23.43.34:609][  0]LogInit:      CURL_VERSION_IPV6
[2015.11.01-23.43.34:609][  0]LogInit:      CURL_VERSION_ASYNCHDNS
[2015.11.01-23.43.34:609][  0]LogInit:      CURL_VERSION_LARGEFILE
[2015.11.01-23.43.34:609][  0]LogInit:      CURL_VERSION_IDN
[2015.11.01-23.43.34:610][  0]LogInit:  CurlRequestOptions (configurable via config and command line):
[2015.11.01-23.43.34:610][  0]LogInit:  - bVerifyPeer = true  - Libcurl will verify peer certificate
[2015.11.01-23.43.34:610][  0]LogInit:  - bUseHttpProxy = false  - Libcurl will NOT use HTTP proxy
[2015.11.01-23.43.34:610][  0]LogInit:  - bDontReuseConnections = false  - Libcurl will reuse connections
[2015.11.01-23.43.34:610][  0]LogInit:  - CertBundlePath = nullptr  - Libcurl will use whatever was configured at build time.
[2015.11.01-23.43.34:617][  0]LogInit: Presizing for 0 objects not considered by GC, pre-allocating 0 bytes.
[2015.11.01-23.43.34:625][  0]LogInit: Object subsystem initialized
[2015.11.01-23.43.34:626][  0]LogInit: Selected Device Profile: [Windows]
[2015.11.01-23.43.34:626][  0]LogInit: Applying CVar settings loaded from the selected device profile: [Windows]
[2015.11.01-23.43.34:634][  0]LogInit: Computer: STOFFEPC
[2015.11.01-23.43.34:634][  0]LogInit: User: Stoffe
[2015.11.01-23.43.34:634][  0]LogInit: CPU Page size=4096, Cores=2
[2015.11.01-23.43.34:634][  0]LogInit: High frequency timer resolution =3.222680 MHz
[2015.11.01-23.43.34:634][  0]LogMemory: Memory total: Physical=7.9GB (8GB approx)
[2015.11.01-23.43.34:634][  0]LogMemory: Platform Memory Stats for Windows
[2015.11.01-23.43.34:634][  0]LogMemory: Process Physical Memory: 52.29 MB used, 52.29 MB peak
[2015.11.01-23.43.34:634][  0]LogMemory: Process Virtual Memory: 54.89 MB used, 54.89 MB peak
[2015.11.01-23.43.34:634][  0]LogMemory: Physical Memory: 3988.12 MB used, 8126.94 MB total
[2015.11.01-23.43.34:634][  0]LogMemory: Virtual Memory: 347.52 MB used, 134217728.00 MB total
[2015.11.01-23.43.34:662][  0]LogTextLocalizationManager: No translations for ('sv-SE') exist, falling back to 'en' for localization and internationalization data.
[2015.11.01-23.43.35:500][  0]LogD3D11RHI: Found D3D11 adapter 0: AMD Radeon HD 7800 Series (Feature Level 11_0)
[2015.11.01-23.43.35:500][  0]LogD3D11RHI: Adapter has 2030MB of dedicated video memory, 0MB of dedicated system memory, and 3840MB of shared system memory, 2 output[s]
[2015.11.01-23.43.35:501][  0]LogD3D11RHI: Found D3D11 adapter 1: Microsoft Basic Render Driver (Feature Level 11_0)
[2015.11.01-23.43.35:501][  0]LogD3D11RHI: Adapter has 0MB of dedicated video memory, 0MB of dedicated system memory, and 256MB of shared system memory, 0 output[s]
[2015.11.01-23.43.35:501][  0]LogD3D11RHI: Chosen D3D11 Adapter Id = 0
[2015.11.01-23.43.35:504][  0]LogD3D11RHI: !Direct3DDevice
[2015.11.01-23.43.35:504][  0]LogRHI: Texture pool is 1361 MB (70% of 1945 MB)
[2015.11.01-23.43.35:508][  0]LogD3D11RHI: Async texture creation disabled: no driver support
[2015.11.01-23.43.35:519][  0]LogShaderCompilers: Guid format shader working directory is 15 characters bigger than the processId version (../../../../../../Users/Stoffe/Documents/GitHub/Balls-of-steel/BOS/Intermediate/Shaders/WorkingDirectory/3588/).
[2015.11.01-23.43.35:519][  0]LogShaderCompilers: Cleaned the shader compiler working directory '../../../../../../Users/Stoffe/Documents/GitHub/Balls-of-steel/BOS/Intermediate/Shaders/tmp/55033B2C48557B0932354296F6F56268/'.
[2015.11.01-23.43.35:519][  0]LogShaderCompilers:Display: Using Local Shader Compiler.
[2015.11.01-23.43.36:838][  0]LogTemp:Display: Loaded TP AllDesktopTargetPlatform
[2015.11.01-23.43.36:844][  0]LogTemp:Display: Loaded TP WindowsClientTargetPlatform
[2015.11.01-23.43.36:849][  0]LogTemp:Display: Loaded TP WindowsNoEditorTargetPlatform
[2015.11.01-23.43.36:855][  0]LogTemp:Display: Loaded TP WindowsServerTargetPlatform
[2015.11.01-23.43.36:860][  0]LogTemp:Display: Loaded TP WindowsTargetPlatform
[2015.11.01-23.43.36:864][  0]LogTemp:Display: Loaded TP AndroidTargetPlatform
[2015.11.01-23.43.36:867][  0]LogTemp:Display: Loaded TP Android_ASTCTargetPlatform
[2015.11.01-23.43.36:870][  0]LogTemp:Display: Loaded TP Android_ATCTargetPlatform
[2015.11.01-23.43.36:874][  0]LogTemp:Display: Loaded TP Android_DXTTargetPlatform
[2015.11.01-23.43.36:877][  0]LogTemp:Display: Loaded TP Android_ETC1TargetPlatform
[2015.11.01-23.43.36:881][  0]LogTemp:Display: Loaded TP Android_ETC2TargetPlatform
[2015.11.01-23.43.36:884][  0]LogTemp:Display: Loaded TP Android_PVRTCTargetPlatform
[2015.11.01-23.43.36:885][  0]LogTemp:Display: Loaded TP HTML5TargetPlatform
[2015.11.01-23.43.36:902][  0]LogTemp:Display: Loaded TP IOSTargetPlatform
[2015.11.01-23.43.36:906][  0]LogTemp:Display: Loaded TP LinuxNoEditorTargetPlatform
[2015.11.01-23.43.36:909][  0]LogTemp:Display: Loaded TP LinuxServerTargetPlatform
[2015.11.01-23.43.36:913][  0]LogTemp:Display: Loaded TP LinuxTargetPlatform
[2015.11.01-23.43.36:913][  0]LogTargetPlatformManager:Display: Building Assets For Windows
[2015.11.01-23.43.37:035][  0]LogDerivedDataCache:Display: Max Cache Size: 512 MB
[2015.11.01-23.43.37:085][  0]LogDerivedDataCache: Loaded boot cache 0.05s 46MB C:/Users/Stoffe/AppData/Local/UnrealEngine/4.9/DerivedDataCache/Boot.ddc.
[2015.11.01-23.43.37:085][  0]LogDerivedDataCache:Display: Loaded Boot cache: C:/Users/Stoffe/AppData/Local/UnrealEngine/4.9/DerivedDataCache/Boot.ddc
[2015.11.01-23.43.37:085][  0]LogDerivedDataCache: FDerivedDataBackendGraph:  Pak pak cache file ../../../../../../Users/Stoffe/Documents/GitHub/Balls-of-steel/BOS/DerivedDataCache/DDC.ddp not found, will not use a pak cache.
[2015.11.01-23.43.37:085][  0]LogDerivedDataCache: Unable to find inner node Pak for hierarchical cache Hierarchy.
[2015.11.01-23.43.37:085][  0]LogDerivedDataCache: FDerivedDataBackendGraph:  CompressedPak pak cache file ../../../../../../Users/Stoffe/Documents/GitHub/Balls-of-steel/BOS/DerivedDataCache/Compressed.ddp not found, will not use a pak cache.
[2015.11.01-23.43.37:085][  0]LogDerivedDataCache: Unable to find inner node CompressedPak for hierarchical cache Hierarchy.
[2015.11.01-23.43.37:247][  0]LogDerivedDataCache:Display: Pak cache opened for reading ../../../Engine/DerivedDataCache/Compressed.ddp.
[2015.11.01-23.43.37:259][  0]LogDerivedDataCache: Using Local data cache path C:/Users/Stoffe/AppData/Local/UnrealEngine/Common/DerivedDataCache: Writable
[2015.11.01-23.43.37:470][  0]LogInit: Selected Device Profile: [Windows]
[2015.11.01-23.43.37:474][  0]LogContentStreaming: Texture pool size is 0.000000MB
[2015.11.01-23.43.37:610][  0]LogMeshUtilities: No automatic mesh reduction module available
[2015.11.01-23.43.37:610][  0]LogMeshUtilities: No automatic mesh merging module available
[2015.11.01-23.43.37:893][  0]LogInit: WinSock: version 1.1 (2.2), MaxSocks=32767, MaxUdp=65467
[2015.11.01-23.43.38:637][  0]UdpMessaging: Initializing bridge on interface 0.0.0.0:0 to multicast group 230.0.0.1:6666.
[2015.11.01-23.43.38:712][  0]LogLinker:Warning: Asset '../../../../../../Users/Stoffe/Documents/GitHub/Balls-of-steel/BOS/Content/Rolling/Meshes/BallMesh.uasset' has been saved with empty engine version. The asset will be loaded but may be incompatible.
[2015.11.01-23.43.38:713][  0]LogLinker:Warning: Asset '../../../../../../Users/Stoffe/Documents/GitHub/Balls-of-steel/BOS/Content/Rolling/Materials/M_Blue_Checker.uasset' has been saved with empty engine version. The asset will be loaded but may be incompatible.
[2015.11.01-23.43.38:713][  0]LogLinker:Warning: Asset '../../../../../../Users/Stoffe/Documents/GitHub/Balls-of-steel/BOS/Content/Rolling/Materials/PM_Ball.uasset' has been saved with empty engine version. The asset will be loaded but may be incompatible.
[2015.11.01-23.43.38:859][  0]LogAssetRegistry: FAssetRegistry took 0.0108 seconds to start up
[2015.11.01-23.43.39:074][  0]SourceControl: Info Source control is disabled
[2015.11.01-23.43.39:103][  0]SourceControl: Info Source control is disabled
[2015.11.01-23.43.39:118][  0]SourceControl: Info Source control is disabled
[2015.11.01-23.43.39:136][  0]SourceControl: Info Source control is disabled
[2015.11.01-23.43.39:408][  0]LogLinker:Warning: Asset '../../../Engine/Plugins/Runtime/LeapMotionController/Content/LM_PassthroughMaterial.uasset' has been saved with empty engine version. The asset will be loaded but may be incompatible.
[2015.11.01-23.43.39:544][  0]LogObj: 29506 objects as part of root set at end of initial load.
[2015.11.01-23.43.39:544][  0]LogUObjectAllocator: 6438424 out of 0 bytes used by permanent object pool.
[2015.11.01-23.43.39:608][  0]LogEngine: Initializing Engine...
[2015.11.01-23.43.39:611][  0]LogHMD: Can't find Oculus library dev build: is proper Runtime installed? Version: 0.7.0.0
[2015.11.01-23.43.39:612][  0]LogHMD: SteamVR failed to initialize.  Err: 110
[2015.11.01-23.43.39:760][  0]LogAIModule: Creating AISystem for world NewWorld
[2015.11.01-23.43.39:764][  0]LogInit: XAudio2 using 'Högtalare (Realtek High Definition Audio)' : 2 channels at 48 kHz using 32 bits per sample (channel mask 0x3)
[2015.11.01-23.43.39:772][  0]LogInit: FAudioDevice initialized.
[2015.11.01-23.43.39:803][  0]LogDerivedDataCache: Saved boot cache 0.03s 46MB C:/Users/Stoffe/AppData/Local/UnrealEngine/4.9/DerivedDataCache/Boot.ddc.
[2015.11.01-23.43.39:806][  0]LogInit: Texture streaming: Enabled
[2015.11.01-23.43.39:811][  0]LogAnalytics: Creating configured Analytics provider AnalyticsET
[2015.11.01-23.43.39:811][  0]LogAnalytics: [UEEditor.Rocket.Release] APIServer = http://et2.epicgames.com/ET2/. AppVersion = 4.9.2-2707645+++depot+UE4-Releases+4.9
[2015.11.01-23.43.39:811][  0]LogAnalytics: [UEEditor.Rocket.Release] SetUserId c2f82278409fbc7e17ba4c8b187827c0|8471e16762be488588a110ad13c08bd6|a2f24018-7849-4a41-8ec9-fa4680d0f5a7
[2015.11.01-23.43.39:811][  0]LogAnalytics: [UEEditor.Rocket.Release] AnalyticsET::StartSession
[2015.11.01-23.43.39:819][  0]LogWindowsTextInputMethodSystem:Display: IME system now deactivated.
[2015.11.01-23.43.39:831][  0]LogInit: Transaction tracking system initialized
[2015.11.01-23.43.39:867][  0]BlueprintLog: New page: Editor Load
[2015.11.01-23.43.39:960][  0]LocalizationService: Info Localization service is disabled
[2015.11.01-23.43.40:232][  0]LogConsoleResponse:Display: 
[2015.11.01-23.43.40:399][  0]LogCook:Display: Done creating registry. It took  0.00s.
[2015.11.01-23.43.40:475][  0]LogFileCache: Scanning file cache for directory 'C:/Users/Stoffe/Documents/GitHub/Balls-of-steel/BOS/Content/' took 0.01s
[2015.11.01-23.43.40:475][  0]SourceControl: Info Source control is disabled
[2015.11.01-23.43.40:475][  0]Cmd: MAP LOAD FILE="../../../../../../Users/Stoffe/Documents/GitHub/Balls-of-steel/BOS/Content/RollingCPP/Maps/MainMenu.umap" TEMPLATE=0 SHOWPROGRESS=1 FEATURELEVEL=3
[2015.11.01-23.43.40:476][  0]LightingResults: New page: Lighting Build
[2015.11.01-23.43.40:481][  0]MapCheck: New page: Map Check
[2015.11.01-23.43.40:481][  0]LightingResults: New page: Lighting Build
[2015.11.01-23.43.40:507][  0]LogParticles: Destroying 0 GPU particle simulations for FXSystem 0x000000C0762C2160
[2015.11.01-23.43.40:689][  0]LogAIModule: Creating AISystem for world MainMenu
[2015.11.01-23.43.40:697][  0]LogEditorServer: Finished looking for orphan Actors (0.000 secs)
[2015.11.01-23.43.40:697][  0]Cmd: MAP CHECKDEP NOCLEARLOG
[2015.11.01-23.43.40:765][  0]MapCheck: Info Map check complete: 0 Error(s), 0 Warning(s), took 68.035ms to complete.
[2015.11.01-23.43.40:766][  0]LogFileHelpers: Loading map 'MainMenu' took 0.290
[2015.11.01-23.43.40:921][  0]LogCollectionManager: Loaded 0 collections in 0.003471 seconds
[2015.11.01-23.43.40:971][  0]LogFileCache: Scanning file cache for directory 'C:/Users/Stoffe/Documents/GitHub/Balls-of-steel/BOS/Saved/Collections/' took 0.01s
[2015.11.01-23.43.40:971][  0]LogFileCache: Scanning file cache for directory 'C:/Users/Stoffe/Documents/GitHub/Balls-of-steel/BOS/Content/Developers/Stoffe/Collections/' took 0.01s
[2015.11.01-23.43.40:971][  0]LogFileCache: Scanning file cache for directory 'C:/Users/Stoffe/Documents/GitHub/Balls-of-steel/BOS/Content/Collections/' took 0.01s
[2015.11.01-23.43.40:971][  0]LogContentBrowser: Native class hierarchy populated in 0.0128 seconds. Added 1872 classes and 335 folders.
[2015.11.01-23.43.40:984][  0]LogCollectionManager: Rebuilt the GUID cache for 0 collections in 0.000004 seconds
[2015.11.01-23.43.40:994][  0]LogContentBrowser: Native class hierarchy updated for 'WidgetCarousel' in 0.0016 seconds. Added 0 classes and 0 folders.
[2015.11.01-23.43.41:051][  0]LogContentBrowser: Native class hierarchy updated for 'AddContentDialog' in 0.0017 seconds. Added 0 classes and 0 folders.
[2015.11.01-23.43.41:066][  0]LogContentBrowser: Native class hierarchy updated for 'SceneOutliner' in 0.0019 seconds. Added 1 classes and 2 folders.
[2015.11.01-23.43.41:152][  0]LogCrashTracker: Crashtracker disabled due to settings.
[2015.11.01-23.43.41:156][  0]LogUObjectGlobals:Warning: Failed to find object 'Class None.'
[2015.11.01-23.43.41:179][  0]LogLoad: Full Startup: 7.75 seconds (BP compile: 0.06 seconds)
[2015.11.01-23.43.41:243][  0]LogContentStreaming: Texture pool size now 400 MB
[2015.11.01-23.43.41:394][  0]LogRenderer: Reallocating scene render targets to support 1028x636 (Frame:2).
[2015.11.01-23.43.41:846][  4]LogAssetRegistry: Asset discovery search completed in 2.9980 seconds
[2015.11.01-23.43.41:846][  4]LogCollectionManager: Rebuilt the object cache for 0 collections in 0.000001 seconds (found 0 objects)
[2015.11.01-23.43.41:846][  4]LogCollectionManager: Fixed up redirectors for 0 collections in 0.000050 seconds (updated 0 objects)
[2015.11.01-23.47.05:925][398]LogBlueprintUserMessages: Early PlayInEditor Detection: Level '/Game/RollingCPP/Maps/MainMenu.MainMenu:PersistentLevel' has LevelScriptBlueprint '/Game/RollingCPP/Maps/MainMenu.MainMenu:PersistentLevel.MainMenu' with GeneratedClass '/Game/RollingCPP/Maps/MainMenu.MainMenu_C' with ClassGeneratedBy '/Game/RollingCPP/Maps/MainMenu.MainMenu:PersistentLevel.MainMenu'
[2015.11.01-23.47.05:925][398]LogPlayLevel: PlayLevel: No blueprints needed recompiling
[2015.11.01-23.47.05:926][398]PIE: New page: PIE session: MainMenu (Nov 2, 2015, 1:47:05 AM)
[2015.11.01-23.47.05:926][398]LogPlayLevel: Creating play world package: /Game/RollingCPP/Maps/UEDPIE_0_MainMenu
[2015.11.01-23.47.05:931][398]LogPlayLevel: PIE: StaticDuplicateObject took: (0.004861s)
[2015.11.01-23.47.05:932][398]LogAIModule: Creating AISystem for world MainMenu
[2015.11.01-23.47.05:932][398]LogPlayLevel: PIE: World Init took: (0.001480s)
[2015.11.01-23.47.05:932][398]LogPlayLevel: PIE: Created PIE world by copying editor world from /Game/RollingCPP/Maps/MainMenu.MainMenu to /Game/RollingCPP/Maps/UEDPIE_0_MainMenu.MainMenu (0.006676s)
[2015.11.01-23.47.05:958][398]LogInit: XAudio2 using 'Högtalare (Realtek High Definition Audio)' : 2 channels at 48 kHz using 32 bits per sample (channel mask 0x3)
[2015.11.01-23.47.05:965][398]LogInit: FAudioDevice initialized.
[2015.11.01-23.47.06:021][398]LogWorld: Game class is 'GameMode'
[2015.11.01-23.47.06:024][398]LogWorld: Bringing World /Game/RollingCPP/Maps/UEDPIE_0_MainMenu.MainMenu up for play (max tick rate 0) at 2015.11.02-00.47.06
[2015.11.01-23.47.06:025][398]LogActor:Warning: GameSession /Game/RollingCPP/Maps/UEDPIE_0_MainMenu.MainMenu:PersistentLevel.GameSession_0 has natively added scene component(s), but none of them were set as the actor's RootComponent - picking one arbitrarily
[2015.11.01-23.47.06:025][398]LogActor:Warning: GameNetworkManager /Game/RollingCPP/Maps/UEDPIE_0_MainMenu.MainMenu:PersistentLevel.GameNetworkManager_0 has natively added scene component(s), but none of them were set as the actor's RootComponent - picking one arbitrarily
[2015.11.01-23.47.06:025][398]LogWorld: Bringing up level for play took: 0.002919
[2015.11.01-23.47.06:030][398]PIE: Info Play in editor start time for /Game/RollingCPP/Maps/UEDPIE_0_MainMenu 0.887
[2015.11.01-23.47.06:030][398]LogBlueprintUserMessages: Late PlayInEditor Detection: Level '/Game/RollingCPP/Maps/MainMenu.MainMenu:PersistentLevel' has LevelScriptBlueprint '/Game/RollingCPP/Maps/MainMenu.MainMenu:PersistentLevel.MainMenu' with GeneratedClass '/Game/RollingCPP/Maps/MainMenu.MainMenu_C' with ClassGeneratedBy '/Game/RollingCPP/Maps/MainMenu.MainMenu:PersistentLevel.MainMenu'
[2015.11.01-23.48.42:204][633]Cmd: SELECT NONE
[2015.11.01-23.48.42:847][710]Cmd: SELECT NONE
[2015.11.01-23.48.44:000][848]LogBlueprintUserMessages: Early EndPlayMap Detection: Level '/Game/RollingCPP/Maps/MainMenu.MainMenu:PersistentLevel' has LevelScriptBlueprint '/Game/RollingCPP/Maps/MainMenu.MainMenu:PersistentLevel.MainMenu' with GeneratedClass '/Game/RollingCPP/Maps/MainMenu.MainMenu_C' with ClassGeneratedBy '/Game/RollingCPP/Maps/MainMenu.MainMenu:PersistentLevel.MainMenu'
[2015.11.01-23.48.44:037][848]LogBlueprintUserMessages: Late EndPlayMap Detection: Level '/Game/RollingCPP/Maps/MainMenu.MainMenu:PersistentLevel' has LevelScriptBlueprint '/Game/RollingCPP/Maps/MainMenu.MainMenu:PersistentLevel.MainMenu' with GeneratedClass '/Game/RollingCPP/Maps/MainMenu.MainMenu_C' with ClassGeneratedBy '/Game/RollingCPP/Maps/MainMenu.MainMenu:PersistentLevel.MainMenu'
[2015.11.01-23.48.44:058][848]LogParticles: Destroying 0 GPU particle simulations for FXSystem 0x000000C06A286480
[2015.11.01-23.49.02:066][826]LogEditorViewport: Clicking on Actor (LMB): StaticMeshActor (Sphere)
[2015.11.01-23.49.03:274][945]LogEditorViewport: Clicking on Actor (LMB): CameraActor (CameraActor)
[2015.11.01-23.49.23:388][194]LogBlueprintUserMessages: Early PlayInEditor Detection: Level '/Game/RollingCPP/Maps/MainMenu.MainMenu:PersistentLevel' has LevelScriptBlueprint '/Game/RollingCPP/Maps/MainMenu.MainMenu:PersistentLevel.MainMenu' with GeneratedClass '/Game/RollingCPP/Maps/MainMenu.MainMenu_C' with ClassGeneratedBy '/Game/RollingCPP/Maps/MainMenu.MainMenu:PersistentLevel.MainMenu'
[2015.11.01-23.49.23:388][194]LogPlayLevel: PlayLevel: No blueprints needed recompiling
[2015.11.01-23.49.23:388][194]PIE: New page: PIE session: MainMenu (Nov 2, 2015, 1:49:23 AM)
[2015.11.01-23.49.23:388][194]LogPlayLevel: Creating play world package: /Game/RollingCPP/Maps/UEDPIE_0_MainMenu
[2015.11.01-23.49.23:393][194]LogPlayLevel: PIE: StaticDuplicateObject took: (0.005137s)
[2015.11.01-23.49.23:394][194]LogAIModule: Creating AISystem for world MainMenu
[2015.11.01-23.49.23:394][194]LogPlayLevel: PIE: World Init took: (0.001039s)
[2015.11.01-23.49.23:394][194]LogPlayLevel: PIE: Created PIE world by copying editor world from /Game/RollingCPP/Maps/MainMenu.MainMenu to /Game/RollingCPP/Maps/UEDPIE_0_MainMenu.MainMenu (0.006518s)
[2015.11.01-23.49.23:453][194]LogInit: XAudio2 using 'Högtalare (Realtek High Definition Audio)' : 2 channels at 48 kHz using 32 bits per sample (channel mask 0x3)
[2015.11.01-23.49.23:460][194]LogInit: FAudioDevice initialized.
[2015.11.01-23.49.23:501][194]LogWorld: Game class is 'GameMode'
[2015.11.01-23.49.23:505][194]LogWorld: Bringing World /Game/RollingCPP/Maps/UEDPIE_0_MainMenu.MainMenu up for play (max tick rate 0) at 2015.11.02-00.49.23
[2015.11.01-23.49.23:505][194]LogActor:Warning: GameSession /Game/RollingCPP/Maps/UEDPIE_0_MainMenu.MainMenu:PersistentLevel.GameSession_1 has natively added scene component(s), but none of them were set as the actor's RootComponent - picking one arbitrarily
[2015.11.01-23.49.23:505][194]LogActor:Warning: GameNetworkManager /Game/RollingCPP/Maps/UEDPIE_0_MainMenu.MainMenu:PersistentLevel.GameNetworkManager_1 has natively added scene component(s), but none of them were set as the actor's RootComponent - picking one arbitrarily
[2015.11.01-23.49.23:506][194]LogWorld: Bringing up level for play took: 0.003944
[2015.11.01-23.49.23:512][194]PIE: Info Play in editor start time for /Game/RollingCPP/Maps/UEDPIE_0_MainMenu 0.369
[2015.11.01-23.49.23:512][194]LogBlueprintUserMessages: Late PlayInEditor Detection: Level '/Game/RollingCPP/Maps/MainMenu.MainMenu:PersistentLevel' has LevelScriptBlueprint '/Game/RollingCPP/Maps/MainMenu.MainMenu:PersistentLevel.MainMenu' with GeneratedClass '/Game/RollingCPP/Maps/MainMenu.MainMenu_C' with ClassGeneratedBy '/Game/RollingCPP/Maps/MainMenu.MainMenu:PersistentLevel.MainMenu'
[2015.11.01-23.49.40:737][259]LogBlueprintUserMessages: Early EndPlayMap Detection: Level '/Game/RollingCPP/Maps/MainMenu.MainMenu:PersistentLevel' has LevelScriptBlueprint '/Game/RollingCPP/Maps/MainMenu.MainMenu:PersistentLevel.MainMenu' with GeneratedClass '/Game/RollingCPP/Maps/MainMenu.MainMenu_C' with ClassGeneratedBy '/Game/RollingCPP/Maps/MainMenu.MainMenu:PersistentLevel.MainMenu'
[2015.11.01-23.49.40:789][259]LogBlueprintUserMessages: Late EndPlayMap Detection: Level '/Game/RollingCPP/Maps/MainMenu.MainMenu:PersistentLevel' has LevelScriptBlueprint '/Game/RollingCPP/Maps/MainMenu.MainMenu:PersistentLevel.MainMenu' with GeneratedClass '/Game/RollingCPP/Maps/MainMenu.MainMenu_C' with ClassGeneratedBy '/Game/RollingCPP/Maps/MainMenu.MainMenu:PersistentLevel.MainMenu'
[2015.11.01-23.49.40:809][259]LogParticles: Destroying 0 GPU particle simulations for FXSystem 0x000000C0068C3880
[2015.11.01-23.49.44:773][665]LogEditorViewport: Clicking on Actor (LMB): CameraActor (CameraActor)
[2015.11.01-23.50.14:381][920]LogBlueprintUserMessages: Early PlayInEditor Detection: Level '/Game/RollingCPP/Maps/MainMenu.MainMenu:PersistentLevel' has LevelScriptBlueprint '/Game/RollingCPP/Maps/MainMenu.MainMenu:PersistentLevel.MainMenu' with GeneratedClass '/Game/RollingCPP/Maps/MainMenu.MainMenu_C' with ClassGeneratedBy '/Game/RollingCPP/Maps/MainMenu.MainMenu:PersistentLevel.MainMenu'
[2015.11.01-23.50.14:381][920]LogPlayLevel: PlayLevel: No blueprints needed recompiling
[2015.11.01-23.50.14:381][920]PIE: New page: PIE session: MainMenu (Nov 2, 2015, 1:50:14 AM)
[2015.11.01-23.50.14:381][920]LogPlayLevel: Creating play world package: /Game/RollingCPP/Maps/UEDPIE_0_MainMenu
[2015.11.01-23.50.14:388][920]LogPlayLevel: PIE: StaticDuplicateObject took: (0.006690s)
[2015.11.01-23.50.14:388][920]LogAIModule: Creating AISystem for world MainMenu
[2015.11.01-23.50.14:389][920]LogPlayLevel: PIE: World Init took: (0.000910s)
[2015.11.01-23.50.14:389][920]LogPlayLevel: PIE: Created PIE world by copying editor world from /Game/RollingCPP/Maps/MainMenu.MainMenu to /Game/RollingCPP/Maps/UEDPIE_0_MainMenu.MainMenu (0.007944s)
[2015.11.01-23.50.14:440][920]LogInit: XAudio2 using 'Högtalare (Realtek High Definition Audio)' : 2 channels at 48 kHz using 32 bits per sample (channel mask 0x3)
[2015.11.01-23.50.14:447][920]LogInit: FAudioDevice initialized.
[2015.11.01-23.50.14:491][920]LogWorld: Game class is 'GameMode'
[2015.11.01-23.50.14:495][920]LogWorld: Bringing World /Game/RollingCPP/Maps/UEDPIE_0_MainMenu.MainMenu up for play (max tick rate 0) at 2015.11.02-00.50.14
[2015.11.01-23.50.14:495][920]LogActor:Warning: GameSession /Game/RollingCPP/Maps/UEDPIE_0_MainMenu.MainMenu:PersistentLevel.GameSession_2 has natively added scene component(s), but none of them were set as the actor's RootComponent - picking one arbitrarily
[2015.11.01-23.50.14:495][920]LogActor:Warning: GameNetworkManager /Game/RollingCPP/Maps/UEDPIE_0_MainMenu.MainMenu:PersistentLevel.GameNetworkManager_2 has natively added scene component(s), but none of them were set as the actor's RootComponent - picking one arbitrarily
[2015.11.01-23.50.14:496][920]LogWorld: Bringing up level for play took: 0.003589
[2015.11.01-23.50.14:503][920]PIE: Info Play in editor start time for /Game/RollingCPP/Maps/UEDPIE_0_MainMenu -0.64
[2015.11.01-23.50.14:503][920]LogBlueprintUserMessages: Late PlayInEditor Detection: Level '/Game/RollingCPP/Maps/MainMenu.MainMenu:PersistentLevel' has LevelScriptBlueprint '/Game/RollingCPP/Maps/MainMenu.MainMenu:PersistentLevel.MainMenu' with GeneratedClass '/Game/RollingCPP/Maps/MainMenu.MainMenu_C' with ClassGeneratedBy '/Game/RollingCPP/Maps/MainMenu.MainMenu:PersistentLevel.MainMenu'
[2015.11.01-23.51.01:681][573]LogBlueprintUserMessages: Early EndPlayMap Detection: Level '/Game/RollingCPP/Maps/MainMenu.MainMenu:PersistentLevel' has LevelScriptBlueprint '/Game/RollingCPP/Maps/MainMenu.MainMenu:PersistentLevel.MainMenu' with GeneratedClass '/Game/RollingCPP/Maps/MainMenu.MainMenu_C' with ClassGeneratedBy '/Game/RollingCPP/Maps/MainMenu.MainMenu:PersistentLevel.MainMenu'
[2015.11.01-23.51.01:731][573]LogBlueprintUserMessages: Late EndPlayMap Detection: Level '/Game/RollingCPP/Maps/MainMenu.MainMenu:PersistentLevel' has LevelScriptBlueprint '/Game/RollingCPP/Maps/MainMenu.MainMenu:PersistentLevel.MainMenu' with GeneratedClass '/Game/RollingCPP/Maps/MainMenu.MainMenu_C' with ClassGeneratedBy '/Game/RollingCPP/Maps/MainMenu.MainMenu:PersistentLevel.MainMenu'
[2015.11.01-23.51.01:768][573]LogParticles: Destroying 0 GPU particle simulations for FXSystem 0x000000C06BC33880
[2015.11.01-23.51.41:531][456]LogBlueprintUserMessages: Early PlayInEditor Detection: Level '/Game/RollingCPP/Maps/MainMenu.MainMenu:PersistentLevel' has LevelScriptBlueprint '/Game/RollingCPP/Maps/MainMenu.MainMenu:PersistentLevel.MainMenu' with GeneratedClass '/Game/RollingCPP/Maps/MainMenu.MainMenu_C' with ClassGeneratedBy '/Game/RollingCPP/Maps/MainMenu.MainMenu:PersistentLevel.MainMenu'
[2015.11.01-23.51.41:532][456]LogPlayLevel: PlayLevel: No blueprints needed recompiling
[2015.11.01-23.51.41:532][456]PIE: New page: PIE session: MainMenu (Nov 2, 2015, 1:51:41 AM)
[2015.11.01-23.51.41:532][456]LogPlayLevel: Creating play world package: /Game/RollingCPP/Maps/UEDPIE_0_MainMenu
[2015.11.01-23.51.41:539][456]LogPlayLevel: PIE: StaticDuplicateObject took: (0.006649s)
[2015.11.01-23.51.41:539][456]LogAIModule: Creating AISystem for world MainMenu
[2015.11.01-23.51.41:540][456]LogPlayLevel: PIE: World Init took: (0.000997s)
[2015.11.01-23.51.41:540][456]LogPlayLevel: PIE: Created PIE world by copying editor world from /Game/RollingCPP/Maps/MainMenu.MainMenu to /Game/RollingCPP/Maps/UEDPIE_0_MainMenu.MainMenu (0.007989s)
[2015.11.01-23.51.41:596][456]LogInit: XAudio2 using 'Högtalare (Realtek High Definition Audio)' : 2 channels at 48 kHz using 32 bits per sample (channel mask 0x3)
[2015.11.01-23.51.41:604][456]LogInit: FAudioDevice initialized.
[2015.11.01-23.51.41:649][456]LogWorld: Game class is 'GameMode'
[2015.11.01-23.51.41:653][456]LogWorld: Bringing World /Game/RollingCPP/Maps/UEDPIE_0_MainMenu.MainMenu up for play (max tick rate 0) at 2015.11.02-00.51.41
[2015.11.01-23.51.41:653][456]LogActor:Warning: GameSession /Game/RollingCPP/Maps/UEDPIE_0_MainMenu.MainMenu:PersistentLevel.GameSession_3 has natively added scene component(s), but none of them were set as the actor's RootComponent - picking one arbitrarily
[2015.11.01-23.51.41:654][456]LogActor:Warning: GameNetworkManager /Game/RollingCPP/Maps/UEDPIE_0_MainMenu.MainMenu:PersistentLevel.GameNetworkManager_3 has natively added scene component(s), but none of them were set as the actor's RootComponent - picking one arbitrarily
[2015.11.01-23.51.41:654][456]LogWorld: Bringing up level for play took: 0.004200
[2015.11.01-23.51.41:660][456]PIE: Info Play in editor start time for /Game/RollingCPP/Maps/UEDPIE_0_MainMenu 0.517
[2015.11.01-23.51.41:660][456]LogBlueprintUserMessages: Late PlayInEditor Detection: Level '/Game/RollingCPP/Maps/MainMenu.MainMenu:PersistentLevel' has LevelScriptBlueprint '/Game/RollingCPP/Maps/MainMenu.MainMenu:PersistentLevel.MainMenu' with GeneratedClass '/Game/RollingCPP/Maps/MainMenu.MainMenu_C' with ClassGeneratedBy '/Game/RollingCPP/Maps/MainMenu.MainMenu:PersistentLevel.MainMenu'
[2015.11.01-23.52.06:637][450]LogBlueprintUserMessages: Early EndPlayMap Detection: Level '/Game/RollingCPP/Maps/MainMenu.MainMenu:PersistentLevel' has LevelScriptBlueprint '/Game/RollingCPP/Maps/MainMenu.MainMenu:PersistentLevel.MainMenu' with GeneratedClass '/Game/RollingCPP/Maps/MainMenu.MainMenu_C' with ClassGeneratedBy '/Game/RollingCPP/Maps/MainMenu.MainMenu:PersistentLevel.MainMenu'
[2015.11.01-23.52.06:688][450]LogBlueprintUserMessages: Late EndPlayMap Detection: Level '/Game/RollingCPP/Maps/MainMenu.MainMenu:PersistentLevel' has LevelScriptBlueprint '/Game/RollingCPP/Maps/MainMenu.MainMenu:PersistentLevel.MainMenu' with GeneratedClass '/Game/RollingCPP/Maps/MainMenu.MainMenu_C' with ClassGeneratedBy '/Game/RollingCPP/Maps/MainMenu.MainMenu:PersistentLevel.MainMenu'
[2015.11.01-23.52.06:724][450]LogParticles: Destroying 0 GPU particle simulations for FXSystem 0x000000C0068E1DA0
[2015.11.01-23.52.23:770][563]Recompiling BOS...
[2015.11.01-23.52.23:770][563]Launching UnrealBuildTool... [C:/Program Files/Epic Games/4.9/Engine/Binaries/DotNET/UnrealBuildTool.exe BOS -ModuleWithSuffix BOS 5129 Win64 Development -editorrecompile -canskiplink "C:/Users/Stoffe/Documents/GitHub/Balls-of-steel/BOS/BOS.uproject" -rocket  -rocket]
[2015.11.01-23.52.23:771][563]Warning: Starting HotReload took  0.1s.
[2015.11.01-23.53.00:203][651]LogEditorViewport: Clicking on Actor (LMB): StaticMeshActor (Sphere)
[2015.11.01-23.53.11:501][590]CompilerResultsLog: New page: Compilation - Nov 2, 2015, 1:53:11 AM
[2015.11.01-23.53.11:502][590]CompilerResultsLog: Info Compiling game modules for hot reload
[2015.11.01-23.53.11:502][590]CompilerResultsLog: Info Performing 2 actions (2 in parallel)
[2015.11.01-23.53.11:502][590]CompilerResultsLog: Info CameraDirector.cpp
[2015.11.01-23.53.11:502][590]CompilerResultsLog: Info [2/2] Link UE4Editor-BOS-5129.dll
[2015.11.01-23.53.11:502][590]CompilerResultsLog: Info    Creating library C:\Users\Stoffe\Documents\GitHub\Balls-of-steel\BOS\Intermediate/Build/Win64\UE4Editor\Development\UE4Editor-BOS-5129.lib and object C:\Users\Stoffe\Documents\GitHub\Balls-of-steel\BOS\Intermediate/Build/Win64\UE4Editor\Development\UE4Editor-BOS-5129.exp
[2015.11.01-23.53.11:502][590]CompilerResultsLog: Info -------- End Detailed Actions Stats -----------------------------------------------------------
[2015.11.01-23.53.11:502][590]CompilerResultsLog: Info Total build time: 47,56 seconds
[2015.11.01-23.53.11:502][590]LogMainFrame: MainFrame: Module compiling took 47.744 seconds
[2015.11.01-23.53.11:549][590]LogContentBrowser: Native class hierarchy updated for 'BOS' in 0.0012 seconds. Added 5 classes and 2 folders.
[2015.11.01-23.53.11:550][590]Warning: HotReload successful (9 functions remapped  0 scriptstructs remapped)
[2015.11.01-23.53.11:643][590]LogContentBrowser: Native class hierarchy populated in 0.0117 seconds. Added 1873 classes and 337 folders.
[2015.11.01-23.53.15:541][953]LogBlueprintUserMessages: Early PlayInEditor Detection: Level '/Game/RollingCPP/Maps/MainMenu.MainMenu:PersistentLevel' has LevelScriptBlueprint '/Game/RollingCPP/Maps/MainMenu.MainMenu:PersistentLevel.MainMenu' with GeneratedClass '/Game/RollingCPP/Maps/MainMenu.MainMenu_C' with ClassGeneratedBy '/Game/RollingCPP/Maps/MainMenu.MainMenu:PersistentLevel.MainMenu'
[2015.11.01-23.53.15:542][953]LogPlayLevel: PlayLevel: No blueprints needed recompiling
[2015.11.01-23.53.15:542][953]PIE: New page: PIE session: MainMenu (Nov 2, 2015, 1:53:15 AM)
[2015.11.01-23.53.15:542][953]LogPlayLevel: Creating play world package: /Game/RollingCPP/Maps/UEDPIE_0_MainMenu
[2015.11.01-23.53.15:549][953]LogPlayLevel: PIE: StaticDuplicateObject took: (0.006920s)
[2015.11.01-23.53.15:550][953]LogAIModule: Creating AISystem for world MainMenu
[2015.11.01-23.53.15:550][953]LogPlayLevel: PIE: World Init took: (0.000985s)
[2015.11.01-23.53.15:550][953]LogPlayLevel: PIE: Created PIE world by copying editor world from /Game/RollingCPP/Maps/MainMenu.MainMenu to /Game/RollingCPP/Maps/UEDPIE_0_MainMenu.MainMenu (0.008222s)
[2015.11.01-23.53.15:588][953]LogInit: XAudio2 using 'Högtalare (Realtek High Definition Audio)' : 2 channels at 48 kHz using 32 bits per sample (channel mask 0x3)
[2015.11.01-23.53.15:598][953]LogInit: FAudioDevice initialized.
[2015.11.01-23.53.15:645][953]LogWorld: Game class is 'GameMode'
[2015.11.01-23.53.15:650][953]LogWorld: Bringing World /Game/RollingCPP/Maps/UEDPIE_0_MainMenu.MainMenu up for play (max tick rate 0) at 2015.11.02-00.53.15
[2015.11.01-23.53.15:650][953]LogActor:Warning: GameSession /Game/RollingCPP/Maps/UEDPIE_0_MainMenu.MainMenu:PersistentLevel.GameSession_4 has natively added scene component(s), but none of them were set as the actor's RootComponent - picking one arbitrarily
[2015.11.01-23.53.15:650][953]LogActor:Warning: GameNetworkManager /Game/RollingCPP/Maps/UEDPIE_0_MainMenu.MainMenu:PersistentLevel.GameNetworkManager_4 has natively added scene component(s), but none of them were set as the actor's RootComponent - picking one arbitrarily
[2015.11.01-23.53.15:650][953]LogWorld: Bringing up level for play took: 0.004384
[2015.11.01-23.53.15:657][953]PIE: Info Play in editor start time for /Game/RollingCPP/Maps/UEDPIE_0_MainMenu 0.514
[2015.11.01-23.53.15:658][953]LogBlueprintUserMessages: Late PlayInEditor Detection: Level '/Game/RollingCPP/Maps/MainMenu.MainMenu:PersistentLevel' has LevelScriptBlueprint '/Game/RollingCPP/Maps/MainMenu.MainMenu:PersistentLevel.MainMenu' with GeneratedClass '/Game/RollingCPP/Maps/MainMenu.MainMenu_C' with ClassGeneratedBy '/Game/RollingCPP/Maps/MainMenu.MainMenu:PersistentLevel.MainMenu'
[2015.11.01-23.53.17:511][163]LogBlueprintUserMessages: Early EndPlayMap Detection: Level '/Game/RollingCPP/Maps/MainMenu.MainMenu:PersistentLevel' has LevelScriptBlueprint '/Game/RollingCPP/Maps/MainMenu.MainMenu:PersistentLevel.MainMenu' with GeneratedClass '/Game/RollingCPP/Maps/MainMenu.MainMenu_C' with ClassGeneratedBy '/Game/RollingCPP/Maps/MainMenu.MainMenu:PersistentLevel.MainMenu'
[2015.11.01-23.53.17:556][163]LogBlueprintUserMessages: Late EndPlayMap Detection: Level '/Game/RollingCPP/Maps/MainMenu.MainMenu:PersistentLevel' has LevelScriptBlueprint '/Game/RollingCPP/Maps/MainMenu.MainMenu:PersistentLevel.MainMenu' with GeneratedClass '/Game/RollingCPP/Maps/MainMenu.MainMenu_C' with ClassGeneratedBy '/Game/RollingCPP/Maps/MainMenu.MainMenu:PersistentLevel.MainMenu'
[2015.11.01-23.53.17:583][163]LogParticles: Destroying 0 GPU particle simulations for FXSystem 0x000000C000ABCEA0
[2015.11.01-23.53.32:156][598]LogBlueprintUserMessages: Early PlayInEditor Detection: Level '/Game/RollingCPP/Maps/MainMenu.MainMenu:PersistentLevel' has LevelScriptBlueprint '/Game/RollingCPP/Maps/MainMenu.MainMenu:PersistentLevel.MainMenu' with GeneratedClass '/Game/RollingCPP/Maps/MainMenu.MainMenu_C' with ClassGeneratedBy '/Game/RollingCPP/Maps/MainMenu.MainMenu:PersistentLevel.MainMenu'
[2015.11.01-23.53.32:156][598]LogPlayLevel: PlayLevel: No blueprints needed recompiling
[2015.11.01-23.53.32:156][598]PIE: New page: PIE session: MainMenu (Nov 2, 2015, 1:53:32 AM)
[2015.11.01-23.53.32:156][598]LogPlayLevel: Creating play world package: /Game/RollingCPP/Maps/UEDPIE_0_MainMenu
[2015.11.01-23.53.32:162][598]LogPlayLevel: PIE: StaticDuplicateObject took: (0.005189s)
[2015.11.01-23.53.32:162][598]LogAIModule: Creating AISystem for world MainMenu
[2015.11.01-23.53.32:162][598]LogPlayLevel: PIE: World Init took: (0.000861s)
[2015.11.01-23.53.32:163][598]LogPlayLevel: PIE: Created PIE world by copying editor world from /Game/RollingCPP/Maps/MainMenu.MainMenu to /Game/RollingCPP/Maps/UEDPIE_0_MainMenu.MainMenu (0.006367s)
[2015.11.01-23.53.32:199][598]LogInit: XAudio2 using 'Högtalare (Realtek High Definition Audio)' : 2 channels at 48 kHz using 32 bits per sample (channel mask 0x3)
[2015.11.01-23.53.32:208][598]LogInit: FAudioDevice initialized.
[2015.11.01-23.53.32:254][598]LogWorld: Game class is 'GameMode'
[2015.11.01-23.53.32:258][598]LogWorld: Bringing World /Game/RollingCPP/Maps/UEDPIE_0_MainMenu.MainMenu up for play (max tick rate 0) at 2015.11.02-00.53.32
[2015.11.01-23.53.32:258][598]LogActor:Warning: GameSession /Game/RollingCPP/Maps/UEDPIE_0_MainMenu.MainMenu:PersistentLevel.GameSession_5 has natively added scene component(s), but none of them were set as the actor's RootComponent - picking one arbitrarily
[2015.11.01-23.53.32:258][598]LogActor:Warning: GameNetworkManager /Game/RollingCPP/Maps/UEDPIE_0_MainMenu.MainMenu:PersistentLevel.GameNetworkManager_5 has natively added scene component(s), but none of them were set as the actor's RootComponent - picking one arbitrarily
[2015.11.01-23.53.32:259][598]LogWorld: Bringing up level for play took: 0.004047
[2015.11.01-23.53.32:266][598]PIE: Info Play in editor start time for /Game/RollingCPP/Maps/UEDPIE_0_MainMenu -0.877
[2015.11.01-23.53.32:266][598]LogBlueprintUserMessages: Late PlayInEditor Detection: Level '/Game/RollingCPP/Maps/MainMenu.MainMenu:PersistentLevel' has LevelScriptBlueprint '/Game/RollingCPP/Maps/MainMenu.MainMenu:PersistentLevel.MainMenu' with GeneratedClass '/Game/RollingCPP/Maps/MainMenu.MainMenu_C' with ClassGeneratedBy '/Game/RollingCPP/Maps/MainMenu.MainMenu:PersistentLevel.MainMenu'
[2015.11.01-23.53.38:648][344]LogBlueprintUserMessages: Early EndPlayMap Detection: Level '/Game/RollingCPP/Maps/MainMenu.MainMenu:PersistentLevel' has LevelScriptBlueprint '/Game/RollingCPP/Maps/MainMenu.MainMenu:PersistentLevel.MainMenu' with GeneratedClass '/Game/RollingCPP/Maps/MainMenu.MainMenu_C' with ClassGeneratedBy '/Game/RollingCPP/Maps/MainMenu.MainMenu:PersistentLevel.MainMenu'
[2015.11.01-23.53.38:688][344]LogBlueprintUserMessages: Late EndPlayMap Detection: Level '/Game/RollingCPP/Maps/MainMenu.MainMenu:PersistentLevel' has LevelScriptBlueprint '/Game/RollingCPP/Maps/MainMenu.MainMenu:PersistentLevel.MainMenu' with GeneratedClass '/Game/RollingCPP/Maps/MainMenu.MainMenu_C' with ClassGeneratedBy '/Game/RollingCPP/Maps/MainMenu.MainMenu:PersistentLevel.MainMenu'
[2015.11.01-23.53.38:735][345]LogParticles: Destroying 0 GPU particle simulations for FXSystem 0x000000C00695ADE0
[2015.11.01-23.53.41:755][643]LogBlueprintUserMessages: Early PlayInEditor Detection: Level '/Game/RollingCPP/Maps/MainMenu.MainMenu:PersistentLevel' has LevelScriptBlueprint '/Game/RollingCPP/Maps/MainMenu.MainMenu:PersistentLevel.MainMenu' with GeneratedClass '/Game/RollingCPP/Maps/MainMenu.MainMenu_C' with ClassGeneratedBy '/Game/RollingCPP/Maps/MainMenu.MainMenu:PersistentLevel.MainMenu'
[2015.11.01-23.53.41:755][643]LogPlayLevel: PlayLevel: No blueprints needed recompiling
[2015.11.01-23.53.41:755][643]PIE: New page: PIE session: MainMenu (Nov 2, 2015, 1:53:41 AM)
[2015.11.01-23.53.41:756][643]LogPlayLevel: Creating play world package: /Game/RollingCPP/Maps/UEDPIE_0_MainMenu
[2015.11.01-23.53.41:762][643]LogPlayLevel: PIE: StaticDuplicateObject took: (0.006710s)
[2015.11.01-23.53.41:764][643]LogAIModule: Creating AISystem for world MainMenu
[2015.11.01-23.53.41:764][643]LogPlayLevel: PIE: World Init took: (0.001610s)
[2015.11.01-23.53.41:764][643]LogPlayLevel: PIE: Created PIE world by copying editor world from /Game/RollingCPP/Maps/MainMenu.MainMenu to /Game/RollingCPP/Maps/UEDPIE_0_MainMenu.MainMenu (0.008646s)
[2015.11.01-23.53.41:802][643]LogInit: XAudio2 using 'Högtalare (Realtek High Definition Audio)' : 2 channels at 48 kHz using 32 bits per sample (channel mask 0x3)
[2015.11.01-23.53.41:811][643]LogInit: FAudioDevice initialized.
[2015.11.01-23.53.41:856][643]LogWorld: Game class is 'GameMode'
[2015.11.01-23.53.41:860][643]LogWorld: Bringing World /Game/RollingCPP/Maps/UEDPIE_0_MainMenu.MainMenu up for play (max tick rate 0) at 2015.11.02-00.53.41
[2015.11.01-23.53.41:860][643]LogActor:Warning: GameSession /Game/RollingCPP/Maps/UEDPIE_0_MainMenu.MainMenu:PersistentLevel.GameSession_6 has natively added scene component(s), but none of them were set as the actor's RootComponent - picking one arbitrarily
[2015.11.01-23.53.41:860][643]LogActor:Warning: GameNetworkManager /Game/RollingCPP/Maps/UEDPIE_0_MainMenu.MainMenu:PersistentLevel.GameNetworkManager_6 has natively added scene component(s), but none of them were set as the actor's RootComponent - picking one arbitrarily
[2015.11.01-23.53.41:860][643]LogWorld: Bringing up level for play took: 0.004077
[2015.11.01-23.53.41:867][643]PIE: Info Play in editor start time for /Game/RollingCPP/Maps/UEDPIE_0_MainMenu 0.723
[2015.11.01-23.53.41:867][643]LogBlueprintUserMessages: Late PlayInEditor Detection: Level '/Game/RollingCPP/Maps/MainMenu.MainMenu:PersistentLevel' has LevelScriptBlueprint '/Game/RollingCPP/Maps/MainMenu.MainMenu:PersistentLevel.MainMenu' with GeneratedClass '/Game/RollingCPP/Maps/MainMenu.MainMenu_C' with ClassGeneratedBy '/Game/RollingCPP/Maps/MainMenu.MainMenu:PersistentLevel.MainMenu'
[2015.11.01-23.53.49:781][572]LogBlueprintUserMessages: Early EndPlayMap Detection: Level '/Game/RollingCPP/Maps/MainMenu.MainMenu:PersistentLevel' has LevelScriptBlueprint '/Game/RollingCPP/Maps/MainMenu.MainMenu:PersistentLevel.MainMenu' with GeneratedClass '/Game/RollingCPP/Maps/MainMenu.MainMenu_C' with ClassGeneratedBy '/Game/RollingCPP/Maps/MainMenu.MainMenu:PersistentLevel.MainMenu'
[2015.11.01-23.53.49:828][572]LogBlueprintUserMessages: Late EndPlayMap Detection: Level '/Game/RollingCPP/Maps/MainMenu.MainMenu:PersistentLevel' has LevelScriptBlueprint '/Game/RollingCPP/Maps/MainMenu.MainMenu:PersistentLevel.MainMenu' with GeneratedClass '/Game/RollingCPP/Maps/MainMenu.MainMenu_C' with ClassGeneratedBy '/Game/RollingCPP/Maps/MainMenu.MainMenu:PersistentLevel.MainMenu'
[2015.11.01-23.53.49:878][573]LogParticles: Destroying 0 GPU particle simulations for FXSystem 0x000000C06A2849A0
[2015.11.01-23.53.53:048][887]LogBlueprintUserMessages: Early PlayInEditor Detection: Level '/Game/RollingCPP/Maps/MainMenu.MainMenu:PersistentLevel' has LevelScriptBlueprint '/Game/RollingCPP/Maps/MainMenu.MainMenu:PersistentLevel.MainMenu' with GeneratedClass '/Game/RollingCPP/Maps/MainMenu.MainMenu_C' with ClassGeneratedBy '/Game/RollingCPP/Maps/MainMenu.MainMenu:PersistentLevel.MainMenu'
[2015.11.01-23.53.53:048][887]LogPlayLevel: PlayLevel: No blueprints needed recompiling
[2015.11.01-23.53.53:048][887]PIE: New page: PIE session: MainMenu (Nov 2, 2015, 1:53:53 AM)
[2015.11.01-23.53.53:048][887]LogPlayLevel: Creating play world package: /Game/RollingCPP/Maps/UEDPIE_0_MainMenu
[2015.11.01-23.53.53:055][887]LogPlayLevel: PIE: StaticDuplicateObject took: (0.006198s)
[2015.11.01-23.53.53:055][887]LogAIModule: Creating AISystem for world MainMenu
[2015.11.01-23.53.53:056][887]LogPlayLevel: PIE: World Init took: (0.000867s)
[2015.11.01-23.53.53:056][887]LogPlayLevel: PIE: Created PIE world by copying editor world from /Game/RollingCPP/Maps/MainMenu.MainMenu to /Game/RollingCPP/Maps/UEDPIE_0_MainMenu.MainMenu (0.007661s)
[2015.11.01-23.53.53:092][887]LogInit: XAudio2 using 'Högtalare (Realtek High Definition Audio)' : 2 channels at 48 kHz using 32 bits per sample (channel mask 0x3)
[2015.11.01-23.53.53:101][887]LogInit: FAudioDevice initialized.
[2015.11.01-23.53.53:146][887]LogWorld: Game class is 'GameMode'
[2015.11.01-23.53.53:150][887]LogWorld: Bringing World /Game/RollingCPP/Maps/UEDPIE_0_MainMenu.MainMenu up for play (max tick rate 0) at 2015.11.02-00.53.53
[2015.11.01-23.53.53:150][887]LogActor:Warning: GameSession /Game/RollingCPP/Maps/UEDPIE_0_MainMenu.MainMenu:PersistentLevel.GameSession_7 has natively added scene component(s), but none of them were set as the actor's RootComponent - picking one arbitrarily
[2015.11.01-23.53.53:151][887]LogActor:Warning: GameNetworkManager /Game/RollingCPP/Maps/UEDPIE_0_MainMenu.MainMenu:PersistentLevel.GameNetworkManager_7 has natively added scene component(s), but none of them were set as the actor's RootComponent - picking one arbitrarily
[2015.11.01-23.53.53:151][887]LogWorld: Bringing up level for play took: 0.003857
[2015.11.01-23.53.53:157][887]PIE: Info Play in editor start time for /Game/RollingCPP/Maps/UEDPIE_0_MainMenu 0.014
[2015.11.01-23.53.53:158][887]LogBlueprintUserMessages: Late PlayInEditor Detection: Level '/Game/RollingCPP/Maps/MainMenu.MainMenu:PersistentLevel' has LevelScriptBlueprint '/Game/RollingCPP/Maps/MainMenu.MainMenu:PersistentLevel.MainMenu' with GeneratedClass '/Game/RollingCPP/Maps/MainMenu.MainMenu_C' with ClassGeneratedBy '/Game/RollingCPP/Maps/MainMenu.MainMenu:PersistentLevel.MainMenu'
[2015.11.01-23.55.04:726][376]LogBlueprintUserMessages: Early EndPlayMap Detection: Level '/Game/RollingCPP/Maps/MainMenu.MainMenu:PersistentLevel' has LevelScriptBlueprint '/Game/RollingCPP/Maps/MainMenu.MainMenu:PersistentLevel.MainMenu' with GeneratedClass '/Game/RollingCPP/Maps/MainMenu.MainMenu_C' with ClassGeneratedBy '/Game/RollingCPP/Maps/MainMenu.MainMenu:PersistentLevel.MainMenu'
[2015.11.01-23.55.04:772][376]LogBlueprintUserMessages: Late EndPlayMap Detection: Level '/Game/RollingCPP/Maps/MainMenu.MainMenu:PersistentLevel' has LevelScriptBlueprint '/Game/RollingCPP/Maps/MainMenu.MainMenu:PersistentLevel.MainMenu' with GeneratedClass '/Game/RollingCPP/Maps/MainMenu.MainMenu_C' with ClassGeneratedBy '/Game/RollingCPP/Maps/MainMenu.MainMenu:PersistentLevel.MainMenu'
[2015.11.01-23.55.04:819][377]LogParticles: Destroying 0 GPU particle simulations for FXSystem 0x000000C00695A340
[2015.11.01-23.55.06:278][513]LogSavePackage: Save=102.048607ms
[2015.11.01-23.55.06:278][513]LogSavePackage: Moving '../../../../../../Users/Stoffe/Documents/GitHub/Balls-of-steel/BOS/Saved/MainMenu80A8125040CA8A0B30C7A68D410B1BD3.tmp' to '../../../../../../Users/Stoffe/Documents/GitHub/Balls-of-steel/BOS/Content/RollingCPP/Maps/MainMenu.umap'
[2015.11.01-23.55.06:281][513]LogSavePackage: Total save time: 114.203706ms
[2015.11.01-23.55.06:281][513]LogSavePackage:Warning: Finished SavePackage ../../../../../../Users/Stoffe/Documents/GitHub/Balls-of-steel/BOS/Content/RollingCPP/Maps/MainMenu.umap
[2015.11.01-23.55.07:071][572]Recompiling BOS...
[2015.11.01-23.55.07:071][572]Launching UnrealBuildTool... [C:/Program Files/Epic Games/4.9/Engine/Binaries/DotNET/UnrealBuildTool.exe BOS -ModuleWithSuffix BOS 1583 Win64 Development -editorrecompile -canskiplink "C:/Users/Stoffe/Documents/GitHub/Balls-of-steel/BOS/BOS.uproject" -rocket  -rocket]
[2015.11.01-23.55.07:072][572]Warning: Starting HotReload took  0.0s.
[2015.11.01-23.55.09:366][696]CompilerResultsLog: New page: Compilation - Nov 2, 2015, 1:55:09 AM
[2015.11.01-23.55.09:366][696]CompilerResultsLog: Info Compiling game modules for hot reload
[2015.11.01-23.55.09:366][696]CompilerResultsLog: Info Target is up to date.
[2015.11.01-23.55.09:366][696]LogMainFrame: MainFrame: Module compiling took 2.306 seconds
[2015.11.01-23.55.15:140][834]LogWindowsTextInputMethodSystem:Display: IME system now deactivated.
[2015.11.01-23.55.15:507][835]Cmd: QUIT_EDITOR
[2015.11.01-23.55.15:908][835]LogExit: Preparing to exit.
[2015.11.01-23.55.16:336][835]LogExit: Editor shut down
[2015.11.01-23.55.16:337][835]LogExit: Transaction tracking system shut down
[2015.11.01-23.55.16:339][835]LogParticles: Destroying 0 GPU particle simulations for FXSystem 0x000000C06B3034C0
[2015.11.01-23.55.16:339][835]LogParticles: Destroying 0 GPU particle simulations for FXSystem 0x000000C07EA7BE20
[2015.11.01-23.55.16:491][835]LogParticles: Destroying 0 GPU particle simulations for FXSystem 0x000000C07F022660
[2015.11.01-23.55.16:491][835]LogParticles: Destroying 0 GPU particle simulations for FXSystem 0x000000C07F022480
[2015.11.01-23.55.16:491][835]LogExit: Object subsystem successfully closed.
[2015.11.01-23.55.16:505][835]LogD3D11RHI: Shutdown
[2015.11.01-23.55.16:505][835]LogD3D11RHI: CleanupD3DDevice
[2015.11.01-23.55.16:538][835]LogD3D11RHI: ~FD3D11DynamicRHI
[2015.11.01-23.55.16:556][835]LogModuleManager: Shutting down and abandoning module CrashTracker (198)
[2015.11.01-23.55.16:556][835]LogModuleManager: Shutting down and abandoning module SceneOutliner (197)
[2015.11.01-23.55.16:556][835]LogModuleManager: Shutting down and abandoning module SuperSearch (196)
[2015.11.01-23.55.16:556][835]LogModuleManager: Shutting down and abandoning module WidgetCarousel (195)
[2015.11.01-23.55.16:556][835]LogModuleManager: Shutting down and abandoning module AddContentDialog (194)
[2015.11.01-23.55.16:559][835]LogModuleManager: Shutting down and abandoning module EditorWidgets (193)
[2015.11.01-23.55.16:559][835]LogModuleManager: Shutting down and abandoning module CollectionManager (192)
[2015.11.01-23.55.16:559][835]LogModuleManager: Shutting down and abandoning module StatsViewer (191)
[2015.11.01-23.55.16:559][835]LogModuleManager: Shutting down and abandoning module FoliageEdit (190)
[2015.11.01-23.55.16:559][835]LogModuleManager: Shutting down and abandoning module LandscapeEditor (189)
[2015.11.01-23.55.16:559][835]LogModuleManager: Shutting down and abandoning module ActorPickerMode (188)
[2015.11.01-23.55.16:559][835]LogModuleManager: Shutting down and abandoning module GeometryMode (187)
[2015.11.01-23.55.16:559][835]LogModuleManager: Shutting down and abandoning module TextureAlignMode (186)
[2015.11.01-23.55.16:559][835]LogModuleManager: Shutting down and abandoning module BspMode (185)
[2015.11.01-23.55.16:559][835]LogModuleManager: Shutting down and abandoning module PlacementMode (184)
[2015.11.01-23.55.16:559][835]LogModuleManager: Shutting down and abandoning module AutomationWorker (183)
[2015.11.01-23.55.16:559][835]LogModuleManager: Shutting down and abandoning module CharacterAI (182)
[2015.11.01-23.55.16:559][835]LogModuleManager: Shutting down and abandoning module SmartSnapping (181)
[2015.11.01-23.55.16:559][835]LogModuleManager: Shutting down and abandoning module ViewportSnapping (180)
[2015.11.01-23.55.16:559][835]LogModuleManager: Shutting down and abandoning module LogVisualizer (179)
[2015.11.01-23.55.16:560][835]LogModuleManager: Shutting down and abandoning module GameProjectGeneration (178)
[2015.11.01-23.55.16:560][835]LogModuleManager: Shutting down and abandoning module IntroTutorials (177)
[2015.11.01-23.55.16:560][835]LogModuleManager: Shutting down and abandoning module EditorLiveStreaming (176)
[2015.11.01-23.55.16:560][835]LogModuleManager: Shutting down and abandoning module IOSPlatformEditor (175)
[2015.11.01-23.55.16:560][835]LogModuleManager: Shutting down and abandoning module HTML5PlatformEditor (174)
[2015.11.01-23.55.16:560][835]LogModuleManager: Shutting down and abandoning module AndroidDeviceDetection (173)
[2015.11.01-23.55.16:635][835]LogModuleManager: Shutting down and abandoning module AndroidPlatformEditor (172)
[2015.11.01-23.55.16:635][835]LogModuleManager: Shutting down and abandoning module IOSRuntimeSettings (171)
[2015.11.01-23.55.16:635][835]LogModuleManager: Shutting down and abandoning module AndroidRuntimeSettings (170)
[2015.11.01-23.55.16:635][835]LogModuleManager: Shutting down and abandoning module MergeActors (169)
[2015.11.01-23.55.16:635][835]LogModuleManager: Shutting down and abandoning module SizeMap (168)
[2015.11.01-23.55.16:635][835]LogModuleManager: Shutting down and abandoning module TreeMap (167)
[2015.11.01-23.55.16:635][835]LogModuleManager: Shutting down and abandoning module ReferenceViewer (166)
[2015.11.01-23.55.16:635][835]LogModuleManager: Shutting down and abandoning module LocalizationService (165)
[2015.11.01-23.55.16:635][835]LogModuleManager: Shutting down and abandoning module LocalizationDashboard (164)
[2015.11.01-23.55.16:635][835]LogModuleManager: Shutting down and abandoning module HardwareTargeting (163)
[2015.11.01-23.55.16:635][835]LogModuleManager: Shutting down and abandoning module DeviceProfileEditor (162)
[2015.11.01-23.55.16:635][835]LogModuleManager: Shutting down and abandoning module UndoHistory (161)
[2015.11.01-23.55.16:635][835]LogModuleManager: Shutting down and abandoning module GameplayTagsEditor (160)
[2015.11.01-23.55.16:635][835]LogModuleManager: Shutting down and abandoning module UserFeedback (159)
[2015.11.01-23.55.16:635][835]LogModuleManager: Shutting down and abandoning module XmlParser (158)
[2015.11.01-23.55.16:635][835]LogModuleManager: Shutting down and abandoning module Blutility (157)
[2015.11.01-23.55.16:635][835]LogModuleManager: Shutting down and abandoning module ProjectTargetPlatformEditor (156)
[2015.11.01-23.55.16:635][835]LogModuleManager: Shutting down and abandoning module ProjectSettingsViewer (155)
[2015.11.01-23.55.16:635][835]LogModuleManager: Shutting down and abandoning module InputBindingEditor (154)
[2015.11.01-23.55.16:635][835]LogModuleManager: Shutting down and abandoning module EditorSettingsViewer (153)
[2015.11.01-23.55.16:635][835]LogModuleManager: Shutting down and abandoning module SettingsEditor (152)
[2015.11.01-23.55.16:635][835]LogModuleManager: Shutting down and abandoning module ProjectLauncher (151)
[2015.11.01-23.55.16:635][835]LogModuleManager: Shutting down and abandoning module SessionFrontend (150)
[2015.11.01-23.55.16:635][835]LogModuleManager: Shutting down and abandoning module ProfilerClient (149)
[2015.11.01-23.55.16:635][835]LogModuleManager: Shutting down and abandoning module TargetDeviceServices (148)
[2015.11.01-23.55.16:635][835]LogModuleManager: Shutting down and abandoning module DeviceManager (147)
[2015.11.01-23.55.16:635][835]LogModuleManager: Shutting down and abandoning module AutomationController (146)
[2015.11.01-23.55.16:635][835]LogModuleManager: Shutting down and abandoning module AutomationWindow (145)
[2015.11.01-23.55.16:635][835]LogModuleManager: Shutting down and abandoning module Layers (144)
[2015.11.01-23.55.16:635][835]LogModuleManager: Shutting down and abandoning module ComponentVisualizers (143)
[2015.11.01-23.55.16:635][835]LogModuleManager: Shutting down and abandoning module DetailCustomizations (142)
[2015.11.01-23.55.16:636][835]LogModuleManager: Shutting down and abandoning module PackagesDialog (141)
[2015.11.01-23.55.16:636][835]LogModuleManager: Shutting down and abandoning module Persona (140)
[2015.11.01-23.55.16:636][835]LogModuleManager: Shutting down and abandoning module Kismet (139)
[2015.11.01-23.55.16:636][835]LogModuleManager: Shutting down and abandoning module GraphEditor (138)
[2015.11.01-23.55.16:636][835]LogModuleManager: Shutting down and abandoning module ClassViewer (137)
[2015.11.01-23.55.16:636][835]LogModuleManager: Shutting down and abandoning module Toolbox (136)
[2015.11.01-23.55.16:636][835]LogModuleManager: Shutting down and abandoning module ModuleUI (135)
[2015.11.01-23.55.16:636][835]LogModuleManager: Shutting down and abandoning module MovieSceneTools (134)
[2015.11.01-23.55.16:636][835]LogModuleManager: Shutting down and abandoning module OutputLog (133)
[2015.11.01-23.55.16:636][835]LogModuleManager: Shutting down and abandoning module GammaUI (132)
[2015.11.01-23.55.16:636][835]LogModuleManager: Shutting down and abandoning module Documentation (131)
[2015.11.01-23.55.16:636][835]LogModuleManager: Shutting down and abandoning module GameLiveStreaming (130)
[2015.11.01-23.55.16:636][835]LogModuleManager: Shutting down and abandoning module StreamingPauseRendering (129)
[2015.11.01-23.55.16:636][835]LogModuleManager: Shutting down and abandoning module AnalyticsET (128)
[2015.11.01-23.55.16:636][835]LogModuleManager: Shutting down and abandoning module Analytics (127)
[2015.11.01-23.55.16:636][835]LogModuleManager: Shutting down and abandoning module AITestSuite (126)
[2015.11.01-23.55.16:636][835]LogModuleManager: Shutting down and abandoning module GameplayDebugger (125)
[2015.11.01-23.55.16:636][835]LogModuleManager: Shutting down and abandoning module AIModule (124)
[2015.11.01-23.55.16:636][835]LogModuleManager: Shutting down and abandoning module ProfilerService (123)
[2015.11.01-23.55.16:778][835]LogModuleManager: Shutting down and abandoning module TaskGraph (122)
[2015.11.01-23.55.16:778][835]LogModuleManager: Shutting down and abandoning module SlateRemote (121)
[2015.11.01-23.55.16:778][835]LogModuleManager: Shutting down and abandoning module SteamVRController (120)
[2015.11.01-23.55.16:778][835]LogModuleManager: Shutting down and abandoning module SteamVR (119)
[2015.11.01-23.55.16:778][835]LogModuleManager: Shutting down and abandoning module ProceduralMeshComponent (118)
[2015.11.01-23.55.16:778][835]LogModuleManager: Shutting down and abandoning module OculusRift (117)
[2015.11.01-23.55.16:778][835]LogModuleManager: Shutting down and abandoning module OculusLibrary (116)
[2015.11.01-23.55.16:778][835]LogModuleManager: Shutting down and abandoning module LeapMotionController (115)
[2015.11.01-23.55.16:786][835]LogModuleManager: Shutting down and abandoning module CustomMeshComponent (114)
[2015.11.01-23.55.16:786][835]LogModuleManager: Shutting down and abandoning module CableComponent (113)
[2015.11.01-23.55.16:786][835]LogModuleManager: Shutting down and abandoning module ArchVisCharacter (112)
[2015.11.01-23.55.16:786][835]LogModuleManager: Shutting down and abandoning module MessagingDebugger (111)
[2015.11.01-23.55.16:786][835]LogModuleManager: Shutting down and abandoning module MediaPlayerEditor (110)
[2015.11.01-23.55.16:786][835]LogModuleManager: Shutting down and abandoning module HTML5Networking (109)
[2015.11.01-23.55.16:786][835]LogModuleManager: Shutting down and abandoning module SpeedTreeImporter (108)
[2015.11.01-23.55.16:786][835]LogModuleManager: Shutting down and abandoning module PluginBrowser (107)
[2015.11.01-23.55.16:786][835]LogModuleManager: Shutting down and abandoning module EpicSurvey (106)
[2015.11.01-23.55.16:786][835]LogModuleManager: Shutting down and abandoning module DesktopPlatform (105)
[2015.11.01-23.55.16:786][835]LogModuleManager: Shutting down and abandoning module VisualStudioSourceCodeAccess (104)
[2015.11.01-23.55.16:786][835]LogModuleManager: Shutting down and abandoning module UObjectPlugin (103)
[2015.11.01-23.55.16:786][835]LogModuleManager: Shutting down and abandoning module SubversionSourceControl (102)
[2015.11.01-23.55.16:786][835]LogModuleManager: Shutting down and abandoning module PerforceSourceControl (101)
[2015.11.01-23.55.16:786][835]LogModuleManager: Shutting down and abandoning module SourceControl (100)
[2015.11.01-23.55.16:786][835]LogModuleManager: Shutting down and abandoning module GitSourceControl (99)
[2015.11.01-23.55.16:786][835]LogModuleManager: Shutting down and abandoning module LightPropagationVolumeEditor (98)
[2015.11.01-23.55.16:786][835]LogModuleManager: Shutting down and abandoning module PaperTiledImporter (97)
[2015.11.01-23.55.16:786][835]LogModuleManager: Shutting down and abandoning module PaperSpriteSheetImporter (96)
[2015.11.01-23.55.16:786][835]LogModuleManager: Shutting down and abandoning module MeshPaint (95)
[2015.11.01-23.55.16:786][835]LogModuleManager: Shutting down and abandoning module SlateReflector (94)
[2015.11.01-23.55.16:786][835]LogModuleManager: Shutting down and abandoning module HotReload (93)
[2015.11.01-23.55.16:786][835]LogModuleManager: Shutting down and abandoning module MainFrame (92)
[2015.11.01-23.55.16:786][835]LogModuleManager: Shutting down and abandoning module LevelEditor (91)
[2015.11.01-23.55.16:787][835]LogModuleManager: Shutting down and abandoning module DirectoryWatcher (90)
[2015.11.01-23.55.16:790][835]LogModuleManager: Shutting down and abandoning module AssetRegistry (89)
[2015.11.01-23.55.16:857][835]LogModuleManager: Shutting down and abandoning module ContentBrowser (88)
[2015.11.01-23.55.16:859][835]LogModuleManager: Shutting down and abandoning module Paper2DEditor (87)
[2015.11.01-23.55.16:859][835]LogModuleManager: Shutting down and abandoning module BOS (86)
[2015.11.01-23.55.16:859][835]LogModuleManager: Shutting down and abandoning module UdpMessaging (85)
[2015.11.01-23.55.16:960][835]LogModuleManager: Shutting down and abandoning module LightPropagationVolumeRuntime (84)
[2015.11.01-23.55.16:960][835]LogModuleManager: Shutting down and abandoning module Paper2D (83)
[2015.11.01-23.55.16:960][835]LogModuleManager: Shutting down and abandoning module WindowsMoviePlayer (82)
[2015.11.01-23.55.16:963][835]LogModuleManager: Shutting down and abandoning module Media (81)
[2015.11.01-23.55.16:963][835]LogModuleManager: Shutting down and abandoning module WmfMedia (80)
[2015.11.01-23.55.16:963][835]LogModuleManager: Shutting down and abandoning module OnlineBlueprintSupport (79)
[2015.11.01-23.55.16:963][835]LogModuleManager: Shutting down and abandoning module GameplayTasksEditor (78)
[2015.11.01-23.55.16:963][835]LogModuleManager: Shutting down and abandoning module PropertyEditor (77)
[2015.11.01-23.55.16:963][835]LogModuleManager: Shutting down and abandoning module BehaviorTreeEditor (76)
[2015.11.01-23.55.16:963][835]LogModuleManager: Shutting down and abandoning module FunctionalTesting (75)
[2015.11.01-23.55.16:963][835]LogModuleManager: Shutting down and abandoning module CollisionAnalyzer (74)
[2015.11.01-23.55.16:963][835]LogModuleManager: Shutting down and abandoning module WorkspaceMenuStructure (73)
[2015.11.01-23.55.16:963][835]LogModuleManager: Shutting down and abandoning module MessageLog (72)
[2015.11.01-23.55.16:963][835]LogModuleManager: Shutting down and abandoning module Sequencer (71)
[2015.11.01-23.55.16:963][835]LogModuleManager: Shutting down and abandoning module AssetTools (70)
[2015.11.01-23.55.16:963][835]LogModuleManager: Shutting down and abandoning module UMGEditor (69)
[2015.11.01-23.55.16:963][835]LogModuleManager: Shutting down and abandoning module UMG (68)
[2015.11.01-23.55.16:963][835]LogModuleManager: Shutting down and abandoning module Slate (67)
[2015.11.01-23.55.16:963][835]LogModuleManager: Shutting down and abandoning module EditorStyle (66)
[2015.11.01-23.55.16:966][835]LogModuleManager: Shutting down and abandoning module SessionServices (65)
[2015.11.01-23.55.16:966][835]LogModuleManager: Shutting down and abandoning module SourceCodeAccess (64)
[2015.11.01-23.55.16:966][835]LogModuleManager: Shutting down and abandoning module HeadMountedDisplay (63)
[2015.11.01-23.55.16:966][835]LogModuleManager: Shutting down and abandoning module XAudio2 (62)
[2015.11.01-23.55.16:966][835]LogModuleManager: Shutting down and abandoning module Networking (60)
[2015.11.01-23.55.16:966][835]LogModuleManager: Shutting down and abandoning module Core (59)
[2015.11.01-23.55.16:966][835]LogModuleManager: Shutting down and abandoning module KismetCompiler (58)
[2015.11.01-23.55.16:966][835]LogModuleManager: Shutting down and abandoning module PhysXFormats (57)
[2015.11.01-23.55.16:966][835]LogModuleManager: Shutting down and abandoning module MeshUtilities (56)
[2015.11.01-23.55.16:966][835]LogModuleManager: Shutting down and abandoning module CookingStats (55)
[2015.11.01-23.55.16:966][835]LogModuleManager: Shutting down and abandoning module DerivedDataCache (54)
[2015.11.01-23.55.16:973][835]LogDerivedDataCache: Shutdown
[2015.11.01-23.55.16:973][835]LogModuleManager: Shutting down and abandoning module ShaderFormatOpenGL (53)
[2015.11.01-23.55.16:973][835]LogModuleManager: Shutting down and abandoning module ShaderFormatD3D (52)
[2015.11.01-23.55.16:973][835]LogModuleManager: Shutting down and abandoning module MetalShaderFormat (51)
[2015.11.01-23.55.16:973][835]LogModuleManager: Shutting down and abandoning module TextureFormatUncompressed (50)
[2015.11.01-23.55.16:973][835]LogModuleManager: Shutting down and abandoning module TextureFormatPVR (49)
[2015.11.01-23.55.16:973][835]LogModuleManager: Shutting down and abandoning module TextureFormatIntelISPCTexComp (48)
[2015.11.01-23.55.16:973][835]LogModuleManager: Shutting down and abandoning module TextureFormatDXT (47)
[2015.11.01-23.55.16:973][835]LogModuleManager: Shutting down and abandoning module ImageWrapper (46)
[2015.11.01-23.55.16:973][835]LogModuleManager: Shutting down and abandoning module TextureFormatASTC (45)
[2015.11.01-23.55.16:973][835]LogModuleManager: Shutting down and abandoning module TextureFormatAndroid (44)
[2015.11.01-23.55.16:973][835]LogModuleManager: Shutting down and abandoning module AudioFormatOpus (43)
[2015.11.01-23.55.16:973][835]LogModuleManager: Shutting down and abandoning module AudioFormatOgg (42)
[2015.11.01-23.55.16:973][835]LogModuleManager: Shutting down and abandoning module AudioFormatADPCM (41)
[2015.11.01-23.55.16:973][835]LogModuleManager: Shutting down and abandoning module LinuxTargetPlatform (40)
[2015.11.01-23.55.16:973][835]LogModuleManager: Shutting down and abandoning module LinuxServerTargetPlatform (39)
[2015.11.01-23.55.16:973][835]LogModuleManager: Shutting down and abandoning module LinuxNoEditorTargetPlatform (38)
[2015.11.01-23.55.16:973][835]LogModuleManager: Shutting down and abandoning module Messaging (37)
[2015.11.01-23.55.16:973][835]LogModuleManager: Shutting down and abandoning module IOSTargetPlatform (36)
[2015.11.01-23.55.16:973][835]LogModuleManager: Shutting down and abandoning module HTML5TargetPlatform (35)
[2015.11.01-23.55.16:973][835]LogModuleManager: Shutting down and abandoning module Android_PVRTCTargetPlatform (34)
[2015.11.01-23.55.16:973][835]LogModuleManager: Shutting down and abandoning module Android_ETC2TargetPlatform (33)
[2015.11.01-23.55.16:973][835]LogModuleManager: Shutting down and abandoning module Android_ETC1TargetPlatform (32)
[2015.11.01-23.55.16:973][835]LogModuleManager: Shutting down and abandoning module Android_DXTTargetPlatform (31)
[2015.11.01-23.55.16:973][835]LogModuleManager: Shutting down and abandoning module Android_ATCTargetPlatform (30)
[2015.11.01-23.55.16:973][835]LogModuleManager: Shutting down and abandoning module Android_ASTCTargetPlatform (29)
[2015.11.01-23.55.16:973][835]LogModuleManager: Shutting down and abandoning module AndroidTargetPlatform (28)
[2015.11.01-23.55.16:973][835]LogModuleManager: Shutting down and abandoning module WindowsTargetPlatform (27)
[2015.11.01-23.55.16:973][835]LogModuleManager: Shutting down and abandoning module WindowsServerTargetPlatform (26)
[2015.11.01-23.55.16:973][835]LogModuleManager: Shutting down and abandoning module WindowsNoEditorTargetPlatform (25)
[2015.11.01-23.55.16:973][835]LogModuleManager: Shutting down and abandoning module WindowsClientTargetPlatform (24)
[2015.11.01-23.55.16:973][835]LogModuleManager: Shutting down and abandoning module AllDesktopTargetPlatform (23)
[2015.11.01-23.55.16:973][835]LogModuleManager: Shutting down and abandoning module TargetPlatform (22)
[2015.11.01-23.55.16:973][835]LogModuleManager: Shutting down and abandoning module InputCore (21)
[2015.11.01-23.55.16:973][835]LogModuleManager: Shutting down and abandoning module Settings (20)
[2015.11.01-23.55.16:973][835]LogModuleManager: Shutting down and abandoning module OnlineSubsystem (18)
[2015.11.01-23.55.16:973][835]LogModuleManager: Shutting down and abandoning module HTTP (17)
[2015.11.01-23.55.19:007][835]LogModuleManager: Shutting down and abandoning module XMPP (16)
[2015.11.01-23.55.19:007][835]LogModuleManager: Shutting down and abandoning module ExampleDeviceProfileSelector (15)
[2015.11.01-23.55.19:007][835]LogModuleManager: Shutting down and abandoning module TextureCompressor (14)
[2015.11.01-23.55.19:007][835]LogModuleManager: Shutting down and abandoning module ShaderCore (13)
[2015.11.01-23.55.19:007][835]LogModuleManager: Shutting down and abandoning module Landscape (12)
[2015.11.01-23.55.19:007][835]LogModuleManager: Shutting down and abandoning module SlateRHIRenderer (11)
[2015.11.01-23.55.19:009][835]LogModuleManager: Shutting down and abandoning module OpenGLDrv (10)
[2015.11.01-23.55.19:009][835]LogModuleManager: Shutting down and abandoning module D3D11RHI (9)
[2015.11.01-23.55.19:009][835]LogModuleManager: Shutting down and abandoning module AnimGraphRuntime (8)
[2015.11.01-23.55.19:009][835]LogModuleManager: Shutting down and abandoning module Renderer (7)
[2015.11.01-23.55.19:009][835]LogModuleManager: Shutting down and abandoning module Engine (6)
[2015.11.01-23.55.19:009][835]LogModuleManager: Shutting down and abandoning module CoreUObject (5)
[2015.11.01-23.55.19:010][835]LogModuleManager: Shutting down and abandoning module NetworkFile (4)
[2015.11.01-23.55.19:010][835]LogModuleManager: Shutting down and abandoning module StreamingFile (3)
[2015.11.01-23.55.19:010][835]LogModuleManager: Shutting down and abandoning module SandboxFile (2)
[2015.11.01-23.55.19:010][835]LogModuleManager: Shutting down and abandoning module PakFile (1)
[2015.11.01-23.55.19:010][835]LogExit: Exiting.
[2015.11.01-23.55.19:013][835]Log file closed, 11/02/15 00:55:19
