[2015.12.01-13.13.05:977][  0]Log file open, 12/01/15 14:13:05
[2015.12.01-13.13.05:977][  0]LogInit:Display: Running engine for game: BOS
[2015.12.01-13.13.05:977][  0]LogInit:Display: RandInit(807697313) SRandInit(807697313).
[2015.12.01-13.13.05:977][  0]LogTaskGraph: Started task graph with 4 named threads and 7 total threads.
[2015.12.01-13.13.05:977][  0]LogStats: Stats thread started at 0.067809
[2015.12.01-13.13.05:977][  0]LogInit: Version: 4.9.1-2689999+++depot+UE4-Releases+4.9
[2015.12.01-13.13.05:977][  0]LogInit: API Version: 2672455
[2015.12.01-13.13.05:977][  0]LogInit: Compiled (64-bit): Sep 14 2015 04:12:03
[2015.12.01-13.13.05:977][  0]LogInit: Compiled with Visual C++: 18.00.21005.01
[2015.12.01-13.13.05:977][  0]LogInit: Build Configuration: Development
[2015.12.01-13.13.05:977][  0]LogInit: Branch Name: ++depot+UE4-Releases+4.9
[2015.12.01-13.13.05:977][  0]LogInit: Command line:  
[2015.12.01-13.13.05:977][  0]LogInit: Base directory: C:/Program Files/Epic Games/4.9/Engine/Binaries/Win64/
[2015.12.01-13.13.05:977][  0]LogInit: Rocket: 1
[2015.12.01-13.13.05:985][  0]LogInit: Using libcurl 7.41.0
[2015.12.01-13.13.05:985][  0]LogInit:  - built for x86_64-pc-win32
[2015.12.01-13.13.05:985][  0]LogInit:  - supports SSL with WinSSL
[2015.12.01-13.13.05:985][  0]LogInit:  - other features:
[2015.12.01-13.13.05:985][  0]LogInit:      CURL_VERSION_SSL
[2015.12.01-13.13.05:985][  0]LogInit:      CURL_VERSION_IPV6
[2015.12.01-13.13.05:985][  0]LogInit:      CURL_VERSION_ASYNCHDNS
[2015.12.01-13.13.05:985][  0]LogInit:      CURL_VERSION_LARGEFILE
[2015.12.01-13.13.05:985][  0]LogInit:      CURL_VERSION_IDN
[2015.12.01-13.13.05:985][  0]LogInit:  CurlRequestOptions (configurable via config and command line):
[2015.12.01-13.13.05:985][  0]LogInit:  - bVerifyPeer = true  - Libcurl will verify peer certificate
[2015.12.01-13.13.05:985][  0]LogInit:  - bUseHttpProxy = false  - Libcurl will NOT use HTTP proxy
[2015.12.01-13.13.05:985][  0]LogInit:  - bDontReuseConnections = false  - Libcurl will reuse connections
[2015.12.01-13.13.05:985][  0]LogInit:  - CertBundlePath = nullptr  - Libcurl will use whatever was configured at build time.
[2015.12.01-13.13.05:990][  0]LogInit: Presizing for 0 objects not considered by GC, pre-allocating 0 bytes.
[2015.12.01-13.13.05:995][  0]LogInit: Object subsystem initialized
[2015.12.01-13.13.05:996][  0]LogInit: Selected Device Profile: [Windows]
[2015.12.01-13.13.05:996][  0]LogInit: Applying CVar settings loaded from the selected device profile: [Windows]
[2015.12.01-13.13.06:004][  0]LogInit: Computer: SpellabbA332-13
[2015.12.01-13.13.06:004][  0]LogInit: User: Spellabbet
[2015.12.01-13.13.06:004][  0]LogInit: CPU Page size=4096, Cores=4
[2015.12.01-13.13.06:004][  0]LogInit: High frequency timer resolution =3.507501 MHz
[2015.12.01-13.13.06:004][  0]LogMemory: Memory total: Physical=15.9GB (16GB approx)
[2015.12.01-13.13.06:004][  0]LogMemory: Platform Memory Stats for Windows
[2015.12.01-13.13.06:004][  0]LogMemory: Process Physical Memory: 52.58 MB used, 52.58 MB peak
[2015.12.01-13.13.06:004][  0]LogMemory: Process Virtual Memory: 55.05 MB used, 55.05 MB peak
[2015.12.01-13.13.06:004][  0]LogMemory: Physical Memory: 4507.32 MB used, 16318.82 MB total
[2015.12.01-13.13.06:004][  0]LogMemory: Virtual Memory: 347.36 MB used, 134217728.00 MB total
[2015.12.01-13.13.06:029][  0]LogTextLocalizationManager: No translations for ('sv-SE') exist, falling back to 'en' for localization and internationalization data.
[2015.12.01-13.13.06:642][  0]LogD3D11RHI: Found D3D11 adapter 0: NVIDIA GeForce GTX 960 (Feature Level 11_0)
[2015.12.01-13.13.06:642][  0]LogD3D11RHI: Adapter has 1965MB of dedicated video memory, 0MB of dedicated system memory, and 2048MB of shared system memory, 1 output[s]
[2015.12.01-13.13.06:643][  0]LogD3D11RHI: Found D3D11 adapter 1: Microsoft Basic Render Driver (Feature Level 11_0)
[2015.12.01-13.13.06:643][  0]LogD3D11RHI: Adapter has 0MB of dedicated video memory, 0MB of dedicated system memory, and 256MB of shared system memory, 0 output[s]
[2015.12.01-13.13.06:643][  0]LogD3D11RHI: Chosen D3D11 Adapter Id = 0
[2015.12.01-13.13.06:645][  0]LogD3D11RHI: !Direct3DDevice
[2015.12.01-13.13.06:645][  0]LogRHI: Texture pool is 1361 MB (70% of 1945 MB)
[2015.12.01-13.13.06:654][  0]LogD3D11RHI: Async texture creation enabled
[2015.12.01-13.13.06:669][  0]LogShaderCompilers: Guid format shader working directory is 15 characters bigger than the processId version (../../../../../../Users/Spellabbet/Documents/Unreal Projects/Balls-of-steel/BOS/Intermediate/Shaders/WorkingDirectory/5580/).
[2015.12.01-13.13.06:669][  0]LogShaderCompilers: Cleaned the shader compiler working directory '../../../../../../Users/Spellabbet/Documents/Unreal Projects/Balls-of-steel/BOS/Intermediate/Shaders/tmp/452001574BE156A4C2A180A9E2722458/'.
[2015.12.01-13.13.06:669][  0]LogShaderCompilers:Display: Using Local Shader Compiler.
[2015.12.01-13.13.07:535][  0]LogTemp:Display: Loaded TP AllDesktopTargetPlatform
[2015.12.01-13.13.07:539][  0]LogTemp:Display: Loaded TP WindowsClientTargetPlatform
[2015.12.01-13.13.07:543][  0]LogTemp:Display: Loaded TP WindowsNoEditorTargetPlatform
[2015.12.01-13.13.07:547][  0]LogTemp:Display: Loaded TP WindowsServerTargetPlatform
[2015.12.01-13.13.07:551][  0]LogTemp:Display: Loaded TP WindowsTargetPlatform
[2015.12.01-13.13.07:553][  0]LogTemp:Display: Loaded TP AndroidTargetPlatform
[2015.12.01-13.13.07:556][  0]LogTemp:Display: Loaded TP Android_ASTCTargetPlatform
[2015.12.01-13.13.07:559][  0]LogTemp:Display: Loaded TP Android_ATCTargetPlatform
[2015.12.01-13.13.07:562][  0]LogTemp:Display: Loaded TP Android_DXTTargetPlatform
[2015.12.01-13.13.07:564][  0]LogTemp:Display: Loaded TP Android_ETC1TargetPlatform
[2015.12.01-13.13.07:567][  0]LogTemp:Display: Loaded TP Android_ETC2TargetPlatform
[2015.12.01-13.13.07:570][  0]LogTemp:Display: Loaded TP Android_PVRTCTargetPlatform
[2015.12.01-13.13.07:570][  0]LogTemp:Display: Loaded TP HTML5TargetPlatform
[2015.12.01-13.13.07:586][  0]LogTemp:Display: Loaded TP IOSTargetPlatform
[2015.12.01-13.13.07:589][  0]LogTemp:Display: Loaded TP LinuxNoEditorTargetPlatform
[2015.12.01-13.13.07:591][  0]LogTemp:Display: Loaded TP LinuxServerTargetPlatform
[2015.12.01-13.13.07:594][  0]LogTemp:Display: Loaded TP LinuxTargetPlatform
[2015.12.01-13.13.07:594][  0]LogTargetPlatformManager:Display: Building Assets For Windows
[2015.12.01-13.13.07:659][  0]LogDerivedDataCache:Display: Max Cache Size: 512 MB
[2015.12.01-13.13.07:696][  0]LogDerivedDataCache: Loaded boot cache 0.04s 47MB C:/Users/Spellabbet/AppData/Local/UnrealEngine/4.9/DerivedDataCache/Boot.ddc.
[2015.12.01-13.13.07:696][  0]LogDerivedDataCache:Display: Loaded Boot cache: C:/Users/Spellabbet/AppData/Local/UnrealEngine/4.9/DerivedDataCache/Boot.ddc
[2015.12.01-13.13.07:696][  0]LogDerivedDataCache: FDerivedDataBackendGraph:  Pak pak cache file ../../../../../../Users/Spellabbet/Documents/Unreal Projects/Balls-of-steel/BOS/DerivedDataCache/DDC.ddp not found, will not use a pak cache.
[2015.12.01-13.13.07:696][  0]LogDerivedDataCache: Unable to find inner node Pak for hierarchical cache Hierarchy.
[2015.12.01-13.13.07:696][  0]LogDerivedDataCache: FDerivedDataBackendGraph:  CompressedPak pak cache file ../../../../../../Users/Spellabbet/Documents/Unreal Projects/Balls-of-steel/BOS/DerivedDataCache/Compressed.ddp not found, will not use a pak cache.
[2015.12.01-13.13.07:696][  0]LogDerivedDataCache: Unable to find inner node CompressedPak for hierarchical cache Hierarchy.
[2015.12.01-13.13.07:803][  0]LogDerivedDataCache:Display: Pak cache opened for reading ../../../Engine/DerivedDataCache/Compressed.ddp.
[2015.12.01-13.13.07:814][  0]LogDerivedDataCache: Using Local data cache path C:/Users/Spellabbet/AppData/Local/UnrealEngine/Common/DerivedDataCache: Writable
[2015.12.01-13.13.07:942][  0]LogInit: Selected Device Profile: [Windows]
[2015.12.01-13.13.07:945][  0]LogContentStreaming: Texture pool size is 0.000000MB
[2015.12.01-13.13.08:041][  0]LogMeshUtilities: No automatic mesh reduction module available
[2015.12.01-13.13.08:041][  0]LogMeshUtilities: No automatic mesh merging module available
[2015.12.01-13.13.08:218][  0]LogInit: WinSock: version 1.1 (2.2), MaxSocks=32767, MaxUdp=65467
[2015.12.01-13.13.08:737][  0]UdpMessaging: Initializing bridge on interface 0.0.0.0:0 to multicast group 230.0.0.1:6666.
[2015.12.01-13.13.08:803][  0]LogLinker:Warning: Asset '../../../../../../Users/Spellabbet/Documents/Unreal Projects/Balls-of-steel/BOS/Content/Rolling/Materials/M_Blue_Checker.uasset' has been saved with empty engine version. The asset will be loaded but may be incompatible.
[2015.12.01-13.13.08:939][  0]LogAssetRegistry: FAssetRegistry took 0.0107 seconds to start up
[2015.12.01-13.13.09:063][  0]SourceControl: Info Source control is disabled
[2015.12.01-13.13.09:069][  0]SourceControl: Info Source control is disabled
[2015.12.01-13.13.09:079][  0]SourceControl: Info Source control is disabled
[2015.12.01-13.13.09:088][  0]SourceControl: Info Source control is disabled
[2015.12.01-13.13.09:200][  0]LogLinker:Warning: Asset '../../../Engine/Plugins/Runtime/LeapMotionController/Content/LM_PassthroughMaterial.uasset' has been saved with empty engine version. The asset will be loaded but may be incompatible.
[2015.12.01-13.13.09:272][  0]LogObj: 30613 objects as part of root set at end of initial load.
[2015.12.01-13.13.09:272][  0]LogUObjectAllocator: 6840960 out of 0 bytes used by permanent object pool.
[2015.12.01-13.13.09:317][  0]LogEngine: Initializing Engine...
[2015.12.01-13.13.09:318][  0]LogHMD: Can't find Oculus library dev build: is proper Runtime installed? Version: 0.7.0.0
[2015.12.01-13.13.09:319][  0]LogHMD: SteamVR failed to initialize.  Err: 110
[2015.12.01-13.13.09:415][  0]LogAIModule: Creating AISystem for world NewWorld
[2015.12.01-13.13.09:421][  0]LogInit: XAudio2 using 'Speakers (4- High Definition Audio Device)' : 2 channels at 44.1 kHz using 16 bits per sample (channel mask 0x3)
[2015.12.01-13.13.09:432][  0]LogInit: FAudioDevice initialized.
[2015.12.01-13.13.09:451][  0]LogDerivedDataCache: Saved boot cache 0.02s 47MB C:/Users/Spellabbet/AppData/Local/UnrealEngine/4.9/DerivedDataCache/Boot.ddc.
[2015.12.01-13.13.09:455][  0]LogInit: Texture streaming: Enabled
[2015.12.01-13.13.09:459][  0]LogAnalytics: Creating configured Analytics provider AnalyticsET
[2015.12.01-13.13.09:459][  0]LogAnalytics: [UEEditor.Rocket.Release] APIServer = http://et2.epicgames.com/ET2/. AppVersion = 4.9.1-2689999+++depot+UE4-Releases+4.9
[2015.12.01-13.13.09:459][  0]LogAnalytics: [UEEditor.Rocket.Release] SetUserId fc50aaa14c34ed003df04597b34f483e|4341a5fd2eb34d5fac8b0ca63d21fc83|060e5e79-a789-49c4-8abd-5d8b330400a7
[2015.12.01-13.13.09:459][  0]LogAnalytics: [UEEditor.Rocket.Release] AnalyticsET::StartSession
[2015.12.01-13.13.09:476][  0]LogInit: Transaction tracking system initialized
[2015.12.01-13.13.09:496][  0]BlueprintLog: New page: Editor Load
[2015.12.01-13.13.09:556][  0]LocalizationService: Info Localization service is disabled
[2015.12.01-13.13.09:615][  0]LogConsoleResponse:Display: 
[2015.12.01-13.13.09:697][  0]LogCook:Display: Done creating registry. It took  0.00s.
[2015.12.01-13.13.09:737][  0]LogFileCache: Scanning file cache for directory 'C:/Users/Spellabbet/Documents/Unreal Projects/Balls-of-steel/BOS/Content/' took 0.01s
[2015.12.01-13.13.09:737][  0]SourceControl: Info Source control is disabled
[2015.12.01-13.13.09:738][  0]Cmd: MAP LOAD FILE="../../../../../../Users/Spellabbet/Documents/Unreal Projects/Balls-of-steel/BOS/Content/Maps/MainMenu.umap" TEMPLATE=0 SHOWPROGRESS=1 FEATURELEVEL=3
[2015.12.01-13.13.09:738][  0]LightingResults: New page: Lighting Build
[2015.12.01-13.13.09:740][  0]MapCheck: New page: Map Check
[2015.12.01-13.13.09:740][  0]LightingResults: New page: Lighting Build
[2015.12.01-13.13.09:750][  0]LogParticles: Destroying 0 GPU particle simulations for FXSystem 0x0000003BF4CFB6A0
[2015.12.01-13.13.09:851][  0]LogAIModule: Creating AISystem for world MainMenu
[2015.12.01-13.13.09:859][  0]LogEditorServer: Finished looking for orphan Actors (0.000 secs)
[2015.12.01-13.13.09:859][  0]Cmd: MAP CHECKDEP NOCLEARLOG
[2015.12.01-13.13.09:896][  0]MapCheck: Info Map check complete: 0 Error(s), 0 Warning(s), took 36.545ms to complete.
[2015.12.01-13.13.09:896][  0]LogFileHelpers: Loading map 'MainMenu' took 0.159
[2015.12.01-13.13.09:982][  0]LogCollectionManager: Loaded 0 collections in 0.001947 seconds
[2015.12.01-13.13.10:026][  0]LogFileCache: Scanning file cache for directory 'C:/Users/Spellabbet/Documents/Unreal Projects/Balls-of-steel/BOS/Saved/Collections/' took 0.01s
[2015.12.01-13.13.10:026][  0]LogFileCache: Scanning file cache for directory 'C:/Users/Spellabbet/Documents/Unreal Projects/Balls-of-steel/BOS/Content/Developers/Spellabbet/Collections/' took 0.01s
[2015.12.01-13.13.10:026][  0]LogFileCache: Scanning file cache for directory 'C:/Users/Spellabbet/Documents/Unreal Projects/Balls-of-steel/BOS/Content/Collections/' took 0.01s
[2015.12.01-13.13.10:026][  0]LogContentBrowser: Native class hierarchy populated in 0.0109 seconds. Added 1875 classes and 335 folders.
[2015.12.01-13.13.10:030][  0]LogCollectionManager: Rebuilt the GUID cache for 0 collections in 0.000003 seconds
[2015.12.01-13.13.10:038][  0]LogContentBrowser: Native class hierarchy updated for 'WidgetCarousel' in 0.0015 seconds. Added 0 classes and 0 folders.
[2015.12.01-13.13.10:070][  0]LogContentBrowser: Native class hierarchy updated for 'AddContentDialog' in 0.0009 seconds. Added 0 classes and 0 folders.
[2015.12.01-13.13.10:077][  0]LogContentBrowser: Native class hierarchy updated for 'SceneOutliner' in 0.0009 seconds. Added 1 classes and 2 folders.
[2015.12.01-13.13.10:094][  0]LogCrashTracker: Crashtracker disabled due to settings.
[2015.12.01-13.13.10:098][  0]LogUObjectGlobals:Warning: Failed to find object 'Class None.'
[2015.12.01-13.13.10:121][  0]LogLoad: Full Startup: 4.85 seconds (BP compile: 0.04 seconds)
[2015.12.01-13.13.10:162][  0]LogContentStreaming: Texture pool size now 1000 MB
[2015.12.01-13.13.10:250][  0]LogRenderer: Reallocating scene render targets to support 1048x556 (Frame:2).
[2015.12.01-13.13.10:393][  2]LogAssetRegistry: Asset discovery search completed in 1.4651 seconds
[2015.12.01-13.13.10:393][  2]LogCollectionManager: Rebuilt the object cache for 0 collections in 0.000001 seconds (found 0 objects)
[2015.12.01-13.13.10:393][  2]LogCollectionManager: Fixed up redirectors for 0 collections in 0.000027 seconds (updated 0 objects)
[2015.12.01-13.13.17:144][343]LogTexture:Display: Building textures: HQ_Lightmap1_1 (AutoDXT)
[2015.12.01-13.13.18:046][343]LogTexture:Display: Building textures: HQ_Lightmap1_2 (AutoDXT)
[2015.12.01-13.13.18:056][343]LogTexture:Display: Building textures: HQ_Lightmap1_3 (AutoDXT)
[2015.12.01-13.13.18:064][343]LogTexture:Display: Building textures: HQ_Lightmap1_4 (AutoDXT)
[2015.12.01-13.13.18:070][343]LogTexture:Display: Building textures: HQ_Lightmap1_5 (AutoDXT)
[2015.12.01-13.13.18:077][343]LogTexture:Display: Building textures: HQ_Lightmap1_6 (AutoDXT)
[2015.12.01-13.13.18:081][343]LogTexture:Display: Building textures: HQ_Lightmap1_7 (AutoDXT)
[2015.12.01-13.13.18:082][343]LogTexture:Display: Building textures: HQ_Lightmap1_8 (AutoDXT)
[2015.12.01-13.13.18:172][343]LogAIModule: Creating AISystem for world Map1
[2015.12.01-13.13.18:183][343]LogActorComponent: UnregisterComponent: (/Engine/Transient.ProjectileComp) Not registered. Aborting.
[2015.12.01-13.13.18:183][343]LogActorComponent: UnregisterComponent: (/Engine/Transient.ProjectileMovementComponent_0) Not registered. Aborting.
[2015.12.01-13.13.18:211][343]Cmd: MAP LOAD FILE="../../../../../../Users/Spellabbet/Documents/Unreal Projects/Balls-of-steel/BOS/Content/Maps/Map1.umap" TEMPLATE=0 SHOWPROGRESS=1 FEATURELEVEL=3
[2015.12.01-13.13.18:211][343]LightingResults: New page: Lighting Build
[2015.12.01-13.13.18:227][343]LoadErrors: New page: Loading map: Map1.umap
[2015.12.01-13.13.18:228][343]MapCheck: New page: Map Check
[2015.12.01-13.13.18:228][343]LightingResults: New page: Lighting Build
[2015.12.01-13.13.18:241][343]LogParticles: Destroying 0 GPU particle simulations for FXSystem 0x0000003BE0356FC0
[2015.12.01-13.13.18:250][343]LogEditorServer: Finished looking for orphan Actors (0.000 secs)
[2015.12.01-13.13.18:307][343]Cmd: MAP CHECKDEP NOCLEARLOG
[2015.12.01-13.13.18:347][343]MapCheck: Info Map check complete: 0 Error(s), 0 Warning(s), took 39.636ms to complete.
[2015.12.01-13.13.18:347][343]LogFileHelpers: Loading map 'Map1' took 0.138
[2015.12.01-13.13.24:758][ 99]LogBlueprintUserMessages: Early PlayInEditor Detection: Level '/Game/Maps/Map1.Map1:PersistentLevel' has LevelScriptBlueprint '/Game/Maps/Map1.Map1:PersistentLevel.Map1' with GeneratedClass '/Game/Maps/Map1.Map1_C' with ClassGeneratedBy '/Game/Maps/Map1.Map1:PersistentLevel.Map1'
[2015.12.01-13.13.24:758][ 99]LogPlayLevel: PlayLevel: No blueprints needed recompiling
[2015.12.01-13.13.24:758][ 99]PIE: New page: PIE session: Map1 (Dec 1, 2015, 3:13:24 PM)
[2015.12.01-13.13.24:758][ 99]LogPlayLevel: Creating play world package: /Game/Maps/UEDPIE_0_Map1
[2015.12.01-13.13.24:787][ 99]LogPlayLevel: PIE: StaticDuplicateObject took: (0.029338s)
[2015.12.01-13.13.24:790][ 99]LogAIModule: Creating AISystem for world Map1
[2015.12.01-13.13.24:790][ 99]LogPlayLevel: PIE: World Init took: (0.002568s)
[2015.12.01-13.13.24:791][ 99]LogPlayLevel: PIE: Created PIE world by copying editor world from /Game/Maps/Map1.Map1 to /Game/Maps/UEDPIE_0_Map1.Map1 (0.032635s)
[2015.12.01-13.13.24:812][ 99]LogInit: XAudio2 using 'Speakers (4- High Definition Audio Device)' : 2 channels at 44.1 kHz using 16 bits per sample (channel mask 0x3)
[2015.12.01-13.13.24:817][ 99]LogInit: FAudioDevice initialized.
[2015.12.01-13.13.24:863][ 99]LogWorld: Game class is 'BOSGameMode'
[2015.12.01-13.13.24:868][ 99]LogWorld: Bringing World /Game/Maps/UEDPIE_0_Map1.Map1 up for play (max tick rate 0) at 2015.12.01-14.13.24
[2015.12.01-13.13.24:868][ 99]LogActor:Warning: GameSession /Game/Maps/UEDPIE_0_Map1.Map1:PersistentLevel.GameSession_0 has natively added scene component(s), but none of them were set as the actor's RootComponent - picking one arbitrarily
[2015.12.01-13.13.24:868][ 99]LogActor:Warning: GameNetworkManager /Game/Maps/UEDPIE_0_Map1.Map1:PersistentLevel.GameNetworkManager_0 has natively added scene component(s), but none of them were set as the actor's RootComponent - picking one arbitrarily
[2015.12.01-13.13.24:869][ 99]LogWorld: Bringing up level for play took: 0.005158
[2015.12.01-13.13.24:871][ 99]PIE: Info Play in editor start time for /Game/Maps/UEDPIE_0_Map1 0.902
[2015.12.01-13.13.24:871][ 99]LogBlueprintUserMessages: Late PlayInEditor Detection: Level '/Game/Maps/Map1.Map1:PersistentLevel' has LevelScriptBlueprint '/Game/Maps/Map1.Map1:PersistentLevel.Map1' with GeneratedClass '/Game/Maps/Map1.Map1_C' with ClassGeneratedBy '/Game/Maps/Map1.Map1:PersistentLevel.Map1'
[2015.12.01-13.14.16:393][267]LogBlueprintUserMessages: Early EndPlayMap Detection: Level '/Game/Maps/Map1.Map1:PersistentLevel' has LevelScriptBlueprint '/Game/Maps/Map1.Map1:PersistentLevel.Map1' with GeneratedClass '/Game/Maps/Map1.Map1_C' with ClassGeneratedBy '/Game/Maps/Map1.Map1:PersistentLevel.Map1'
[2015.12.01-13.14.16:426][267]LogBlueprintUserMessages: Late EndPlayMap Detection: Level '/Game/Maps/Map1.Map1:PersistentLevel' has LevelScriptBlueprint '/Game/Maps/Map1.Map1:PersistentLevel.Map1' with GeneratedClass '/Game/Maps/Map1.Map1_C' with ClassGeneratedBy '/Game/Maps/Map1.Map1:PersistentLevel.Map1'
[2015.12.01-13.14.16:436][267]LogParticles: Destroying 0 GPU particle simulations for FXSystem 0x0000003BE2CB14E0
[2015.12.01-13.14.47:195][636]Recompiling BOS...
[2015.12.01-13.14.47:195][636]Launching UnrealBuildTool... [C:/Program Files/Epic Games/4.9/Engine/Binaries/DotNET/UnrealBuildTool.exe BOS -ModuleWithSuffix BOS 7641 Win64 Development -editorrecompile -canskiplink "C:/Users/Spellabbet/Documents/Unreal Projects/Balls-of-steel/BOS/BOS.uproject" -rocket  -rocket]
[2015.12.01-13.14.47:196][636]Warning: Starting HotReload took  0.0s.
[2015.12.01-13.15.09:816][331]CompilerResultsLog: New page: Compilation - Dec 1, 2015, 3:15:09 PM
[2015.12.01-13.15.09:816][331]CompilerResultsLog: Info Compiling game modules for hot reload
[2015.12.01-13.15.09:816][331]CompilerResultsLog: Info Performing 2 actions (4 in parallel)
[2015.12.01-13.15.09:816][331]CompilerResultsLog: Info BOSBall.cpp
[2015.12.01-13.15.09:816][331]CompilerResultsLog: Info [2/2] Link UE4Editor-BOS-7641.dll
[2015.12.01-13.15.09:816][331]CompilerResultsLog: Info    Creating library C:\Users\Spellabbet\Documents\Unreal Projects\Balls-of-steel\BOS\Intermediate/Build/Win64\UE4Editor\Development\UE4Editor-BOS-7641.lib and object C:\Users\Spellabbet\Documents\Unreal Projects\Balls-of-steel\BOS\Intermediate/Build/Win64\UE4Editor\Development\UE4Editor-BOS-7641.exp
[2015.12.01-13.15.09:816][331]CompilerResultsLog: Info -------- End Detailed Actions Stats -----------------------------------------------------------
[2015.12.01-13.15.09:816][331]CompilerResultsLog: Info Total build time: 22,59 seconds
[2015.12.01-13.15.09:816][331]LogMainFrame: MainFrame: Module compiling took 22.624 seconds
[2015.12.01-13.15.09:876][331]LogHotReload: Re-instancing BOSBall after hot-reload.
[2015.12.01-13.15.09:930][331]LogContentBrowser: Native class hierarchy updated for 'BOS' in 0.0010 seconds. Added 8 classes and 2 folders.
[2015.12.01-13.15.09:932][331]Warning: HotReload successful (12 functions remapped  0 scriptstructs remapped)
[2015.12.01-13.15.09:992][331]LogContentBrowser: Native class hierarchy populated in 0.0070 seconds. Added 1876 classes and 337 folders.
[2015.12.01-13.15.11:762][540]LogBlueprintUserMessages: Early PlayInEditor Detection: Level '/Game/Maps/Map1.Map1:PersistentLevel' has LevelScriptBlueprint '/Game/Maps/Map1.Map1:PersistentLevel.Map1' with GeneratedClass '/Game/Maps/Map1.Map1_C' with ClassGeneratedBy '/Game/Maps/Map1.Map1:PersistentLevel.Map1'
[2015.12.01-13.15.11:762][540]LogPlayLevel: PlayLevel: No blueprints needed recompiling
[2015.12.01-13.15.11:763][540]PIE: New page: PIE session: Map1 (Dec 1, 2015, 3:15:11 PM)
[2015.12.01-13.15.11:763][540]LogPlayLevel: Creating play world package: /Game/Maps/UEDPIE_0_Map1
[2015.12.01-13.15.11:786][540]LogPlayLevel: PIE: StaticDuplicateObject took: (0.023184s)
[2015.12.01-13.15.11:787][540]LogAIModule: Creating AISystem for world Map1
[2015.12.01-13.15.11:787][540]LogPlayLevel: PIE: World Init took: (0.001134s)
[2015.12.01-13.15.11:787][540]LogPlayLevel: PIE: Created PIE world by copying editor world from /Game/Maps/Map1.Map1 to /Game/Maps/UEDPIE_0_Map1.Map1 (0.024640s)
[2015.12.01-13.15.11:806][540]LogInit: XAudio2 using 'Speakers (4- High Definition Audio Device)' : 2 channels at 44.1 kHz using 16 bits per sample (channel mask 0x3)
[2015.12.01-13.15.11:810][540]LogInit: FAudioDevice initialized.
[2015.12.01-13.15.11:845][540]LogWorld: Game class is 'BOSGameMode'
[2015.12.01-13.15.11:850][540]LogWorld: Bringing World /Game/Maps/UEDPIE_0_Map1.Map1 up for play (max tick rate 0) at 2015.12.01-14.15.11
[2015.12.01-13.15.11:850][540]LogActor:Warning: GameSession /Game/Maps/UEDPIE_0_Map1.Map1:PersistentLevel.GameSession_1 has natively added scene component(s), but none of them were set as the actor's RootComponent - picking one arbitrarily
[2015.12.01-13.15.11:850][540]LogActor:Warning: GameNetworkManager /Game/Maps/UEDPIE_0_Map1.Map1:PersistentLevel.GameNetworkManager_1 has natively added scene component(s), but none of them were set as the actor's RootComponent - picking one arbitrarily
[2015.12.01-13.15.11:851][540]LogWorld: Bringing up level for play took: 0.005010
[2015.12.01-13.15.11:852][540]PIE: Info Play in editor start time for /Game/Maps/UEDPIE_0_Map1 -0.116
[2015.12.01-13.15.11:852][540]LogBlueprintUserMessages: Late PlayInEditor Detection: Level '/Game/Maps/Map1.Map1:PersistentLevel' has LevelScriptBlueprint '/Game/Maps/Map1.Map1:PersistentLevel.Map1' with GeneratedClass '/Game/Maps/Map1.Map1_C' with ClassGeneratedBy '/Game/Maps/Map1.Map1:PersistentLevel.Map1'
[2015.12.01-13.16.24:951][303]LogBlueprintUserMessages: Early EndPlayMap Detection: Level '/Game/Maps/Map1.Map1:PersistentLevel' has LevelScriptBlueprint '/Game/Maps/Map1.Map1:PersistentLevel.Map1' with GeneratedClass '/Game/Maps/Map1.Map1_C' with ClassGeneratedBy '/Game/Maps/Map1.Map1:PersistentLevel.Map1'
[2015.12.01-13.16.24:979][303]LogBlueprintUserMessages: Late EndPlayMap Detection: Level '/Game/Maps/Map1.Map1:PersistentLevel' has LevelScriptBlueprint '/Game/Maps/Map1.Map1:PersistentLevel.Map1' with GeneratedClass '/Game/Maps/Map1.Map1_C' with ClassGeneratedBy '/Game/Maps/Map1.Map1:PersistentLevel.Map1'
[2015.12.01-13.16.24:988][303]LogParticles: Destroying 0 GPU particle simulations for FXSystem 0x0000003B8E186700
[2015.12.01-13.18.52:927][968]Cmd: OBJ SAVEPACKAGE PACKAGE="/Game/Maps/Map1" FILE="../../../../../../Users/Spellabbet/Documents/Unreal Projects/Balls-of-steel/BOS/Content/Maps/Map1.umap" SILENT=true AUTOSAVING=false KEEPDIRTY=false
[2015.12.01-13.18.53:351][968]LogSavePackage: Save=392.475159ms
[2015.12.01-13.18.53:351][968]LogSavePackage: Moving '../../../../../../Users/Spellabbet/Documents/Unreal Projects/Balls-of-steel/BOS/Saved/Map120BD469442EE8385051C639707DE916C.tmp' to '../../../../../../Users/Spellabbet/Documents/Unreal Projects/Balls-of-steel/BOS/Content/Maps/Map1.umap'
[2015.12.01-13.18.53:354][968]LogSavePackage: Total save time: 411.996461ms
[2015.12.01-13.18.53:354][968]LogSavePackage:Warning: Finished SavePackage ../../../../../../Users/Spellabbet/Documents/Unreal Projects/Balls-of-steel/BOS/Content/Maps/Map1.umap
[2015.12.01-13.18.53:894][ 13]LogWindowsTextInputMethodSystem:Display: IME system now deactivated.
[2015.12.01-13.18.54:121][ 14]Cmd: QUIT_EDITOR
[2015.12.01-13.18.54:768][ 14]LogExit: Preparing to exit.
[2015.12.01-13.18.54:951][ 14]LogExit: Editor shut down
[2015.12.01-13.18.54:952][ 14]LogExit: Transaction tracking system shut down
[2015.12.01-13.18.54:952][ 14]LogParticles: Destroying 0 GPU particle simulations for FXSystem 0x0000003BE25E58A0
[2015.12.01-13.18.54:952][ 14]LogParticles: Destroying 0 GPU particle simulations for FXSystem 0x0000003B8E184E00
[2015.12.01-13.18.54:952][ 14]LogParticles: Destroying 0 GPU particle simulations for FXSystem 0x0000003B8E05B7E0
[2015.12.01-13.18.54:952][ 14]LogParticles: Destroying 0 GPU particle simulations for FXSystem 0x0000003B8E05B600
[2015.12.01-13.18.54:953][ 14]LogParticles: Destroying 0 GPU particle simulations for FXSystem 0x0000003BA03502C0
[2015.12.01-13.18.55:054][ 14]LogExit: Object subsystem successfully closed.
[2015.12.01-13.18.55:073][ 14]LogD3D11RHI: Shutdown
[2015.12.01-13.18.55:073][ 14]LogD3D11RHI: CleanupD3DDevice
[2015.12.01-13.18.55:108][ 14]LogD3D11RHI: ~FD3D11DynamicRHI
[2015.12.01-13.18.55:120][ 14]LogModuleManager: Shutting down and abandoning module CrashTracker (198)
[2015.12.01-13.18.55:120][ 14]LogModuleManager: Shutting down and abandoning module SceneOutliner (197)
[2015.12.01-13.18.55:120][ 14]LogModuleManager: Shutting down and abandoning module SuperSearch (196)
[2015.12.01-13.18.55:120][ 14]LogModuleManager: Shutting down and abandoning module WidgetCarousel (195)
[2015.12.01-13.18.55:120][ 14]LogModuleManager: Shutting down and abandoning module AddContentDialog (194)
[2015.12.01-13.18.55:121][ 14]LogModuleManager: Shutting down and abandoning module EditorWidgets (193)
[2015.12.01-13.18.55:121][ 14]LogModuleManager: Shutting down and abandoning module CollectionManager (192)
[2015.12.01-13.18.55:121][ 14]LogModuleManager: Shutting down and abandoning module StatsViewer (191)
[2015.12.01-13.18.55:121][ 14]LogModuleManager: Shutting down and abandoning module FoliageEdit (190)
[2015.12.01-13.18.55:121][ 14]LogModuleManager: Shutting down and abandoning module LandscapeEditor (189)
[2015.12.01-13.18.55:121][ 14]LogModuleManager: Shutting down and abandoning module ActorPickerMode (188)
[2015.12.01-13.18.55:121][ 14]LogModuleManager: Shutting down and abandoning module GeometryMode (187)
[2015.12.01-13.18.55:121][ 14]LogModuleManager: Shutting down and abandoning module TextureAlignMode (186)
[2015.12.01-13.18.55:121][ 14]LogModuleManager: Shutting down and abandoning module BspMode (185)
[2015.12.01-13.18.55:121][ 14]LogModuleManager: Shutting down and abandoning module PlacementMode (184)
[2015.12.01-13.18.55:121][ 14]LogModuleManager: Shutting down and abandoning module AutomationWorker (183)
[2015.12.01-13.18.55:121][ 14]LogModuleManager: Shutting down and abandoning module CharacterAI (182)
[2015.12.01-13.18.55:121][ 14]LogModuleManager: Shutting down and abandoning module SmartSnapping (181)
[2015.12.01-13.18.55:121][ 14]LogModuleManager: Shutting down and abandoning module ViewportSnapping (180)
[2015.12.01-13.18.55:121][ 14]LogModuleManager: Shutting down and abandoning module LogVisualizer (179)
[2015.12.01-13.18.55:121][ 14]LogModuleManager: Shutting down and abandoning module GameProjectGeneration (178)
[2015.12.01-13.18.55:121][ 14]LogModuleManager: Shutting down and abandoning module IntroTutorials (177)
[2015.12.01-13.18.55:122][ 14]LogModuleManager: Shutting down and abandoning module EditorLiveStreaming (176)
[2015.12.01-13.18.55:122][ 14]LogModuleManager: Shutting down and abandoning module IOSPlatformEditor (175)
[2015.12.01-13.18.55:122][ 14]LogModuleManager: Shutting down and abandoning module HTML5PlatformEditor (174)
[2015.12.01-13.18.55:122][ 14]LogModuleManager: Shutting down and abandoning module AndroidDeviceDetection (173)
[2015.12.01-13.18.55:756][ 14]LogModuleManager: Shutting down and abandoning module AndroidPlatformEditor (172)
[2015.12.01-13.18.55:756][ 14]LogModuleManager: Shutting down and abandoning module IOSRuntimeSettings (171)
[2015.12.01-13.18.55:756][ 14]LogModuleManager: Shutting down and abandoning module AndroidRuntimeSettings (170)
[2015.12.01-13.18.55:756][ 14]LogModuleManager: Shutting down and abandoning module MergeActors (169)
[2015.12.01-13.18.55:756][ 14]LogModuleManager: Shutting down and abandoning module SizeMap (168)
[2015.12.01-13.18.55:756][ 14]LogModuleManager: Shutting down and abandoning module TreeMap (167)
[2015.12.01-13.18.55:756][ 14]LogModuleManager: Shutting down and abandoning module ReferenceViewer (166)
[2015.12.01-13.18.55:756][ 14]LogModuleManager: Shutting down and abandoning module LocalizationService (165)
[2015.12.01-13.18.55:756][ 14]LogModuleManager: Shutting down and abandoning module LocalizationDashboard (164)
[2015.12.01-13.18.55:756][ 14]LogModuleManager: Shutting down and abandoning module HardwareTargeting (163)
[2015.12.01-13.18.55:756][ 14]LogModuleManager: Shutting down and abandoning module DeviceProfileEditor (162)
[2015.12.01-13.18.55:756][ 14]LogModuleManager: Shutting down and abandoning module UndoHistory (161)
[2015.12.01-13.18.55:756][ 14]LogModuleManager: Shutting down and abandoning module GameplayTagsEditor (160)
[2015.12.01-13.18.55:756][ 14]LogModuleManager: Shutting down and abandoning module UserFeedback (159)
[2015.12.01-13.18.55:756][ 14]LogModuleManager: Shutting down and abandoning module XmlParser (158)
[2015.12.01-13.18.55:756][ 14]LogModuleManager: Shutting down and abandoning module Blutility (157)
[2015.12.01-13.18.55:756][ 14]LogModuleManager: Shutting down and abandoning module ProjectTargetPlatformEditor (156)
[2015.12.01-13.18.55:756][ 14]LogModuleManager: Shutting down and abandoning module ProjectSettingsViewer (155)
[2015.12.01-13.18.55:756][ 14]LogModuleManager: Shutting down and abandoning module InputBindingEditor (154)
[2015.12.01-13.18.55:756][ 14]LogModuleManager: Shutting down and abandoning module EditorSettingsViewer (153)
[2015.12.01-13.18.55:756][ 14]LogModuleManager: Shutting down and abandoning module SettingsEditor (152)
[2015.12.01-13.18.55:756][ 14]LogModuleManager: Shutting down and abandoning module ProjectLauncher (151)
[2015.12.01-13.18.55:756][ 14]LogModuleManager: Shutting down and abandoning module SessionFrontend (150)
[2015.12.01-13.18.55:756][ 14]LogModuleManager: Shutting down and abandoning module ProfilerClient (149)
[2015.12.01-13.18.55:756][ 14]LogModuleManager: Shutting down and abandoning module TargetDeviceServices (148)
[2015.12.01-13.18.55:756][ 14]LogModuleManager: Shutting down and abandoning module DeviceManager (147)
[2015.12.01-13.18.55:756][ 14]LogModuleManager: Shutting down and abandoning module AutomationController (146)
[2015.12.01-13.18.55:756][ 14]LogModuleManager: Shutting down and abandoning module AutomationWindow (145)
[2015.12.01-13.18.55:756][ 14]LogModuleManager: Shutting down and abandoning module Layers (144)
[2015.12.01-13.18.55:756][ 14]LogModuleManager: Shutting down and abandoning module ComponentVisualizers (143)
[2015.12.01-13.18.55:756][ 14]LogModuleManager: Shutting down and abandoning module DetailCustomizations (142)
[2015.12.01-13.18.55:756][ 14]LogModuleManager: Shutting down and abandoning module PackagesDialog (141)
[2015.12.01-13.18.55:757][ 14]LogModuleManager: Shutting down and abandoning module Persona (140)
[2015.12.01-13.18.55:757][ 14]LogModuleManager: Shutting down and abandoning module Kismet (139)
[2015.12.01-13.18.55:757][ 14]LogModuleManager: Shutting down and abandoning module GraphEditor (138)
[2015.12.01-13.18.55:757][ 14]LogModuleManager: Shutting down and abandoning module ClassViewer (137)
[2015.12.01-13.18.55:757][ 14]LogModuleManager: Shutting down and abandoning module Toolbox (136)
[2015.12.01-13.18.55:757][ 14]LogModuleManager: Shutting down and abandoning module ModuleUI (135)
[2015.12.01-13.18.55:757][ 14]LogModuleManager: Shutting down and abandoning module MovieSceneTools (134)
[2015.12.01-13.18.55:757][ 14]LogModuleManager: Shutting down and abandoning module OutputLog (133)
[2015.12.01-13.18.55:757][ 14]LogModuleManager: Shutting down and abandoning module GammaUI (132)
[2015.12.01-13.18.55:757][ 14]LogModuleManager: Shutting down and abandoning module Documentation (131)
[2015.12.01-13.18.55:757][ 14]LogModuleManager: Shutting down and abandoning module GameLiveStreaming (130)
[2015.12.01-13.18.55:757][ 14]LogModuleManager: Shutting down and abandoning module StreamingPauseRendering (129)
[2015.12.01-13.18.55:757][ 14]LogModuleManager: Shutting down and abandoning module AnalyticsET (128)
[2015.12.01-13.18.55:757][ 14]LogModuleManager: Shutting down and abandoning module Analytics (127)
[2015.12.01-13.18.55:757][ 14]LogModuleManager: Shutting down and abandoning module AITestSuite (126)
[2015.12.01-13.18.55:757][ 14]LogModuleManager: Shutting down and abandoning module GameplayDebugger (125)
[2015.12.01-13.18.55:757][ 14]LogModuleManager: Shutting down and abandoning module AIModule (124)
[2015.12.01-13.18.55:757][ 14]LogModuleManager: Shutting down and abandoning module ProfilerService (123)
[2015.12.01-13.18.55:818][ 14]LogModuleManager: Shutting down and abandoning module TaskGraph (122)
[2015.12.01-13.18.55:818][ 14]LogModuleManager: Shutting down and abandoning module SlateRemote (121)
[2015.12.01-13.18.55:818][ 14]LogModuleManager: Shutting down and abandoning module SteamVRController (120)
[2015.12.01-13.18.55:818][ 14]LogModuleManager: Shutting down and abandoning module SteamVR (119)
[2015.12.01-13.18.55:818][ 14]LogModuleManager: Shutting down and abandoning module ProceduralMeshComponent (118)
[2015.12.01-13.18.55:818][ 14]LogModuleManager: Shutting down and abandoning module OculusRift (117)
[2015.12.01-13.18.55:818][ 14]LogModuleManager: Shutting down and abandoning module OculusLibrary (116)
[2015.12.01-13.18.55:818][ 14]LogModuleManager: Shutting down and abandoning module LeapMotionController (115)
[2015.12.01-13.18.55:824][ 14]LogModuleManager: Shutting down and abandoning module CustomMeshComponent (114)
[2015.12.01-13.18.55:824][ 14]LogModuleManager: Shutting down and abandoning module CableComponent (113)
[2015.12.01-13.18.55:824][ 14]LogModuleManager: Shutting down and abandoning module ArchVisCharacter (112)
[2015.12.01-13.18.55:824][ 14]LogModuleManager: Shutting down and abandoning module MessagingDebugger (111)
[2015.12.01-13.18.55:824][ 14]LogModuleManager: Shutting down and abandoning module MediaPlayerEditor (110)
[2015.12.01-13.18.55:824][ 14]LogModuleManager: Shutting down and abandoning module HTML5Networking (109)
[2015.12.01-13.18.55:824][ 14]LogModuleManager: Shutting down and abandoning module SpeedTreeImporter (108)
[2015.12.01-13.18.55:824][ 14]LogModuleManager: Shutting down and abandoning module PluginBrowser (107)
[2015.12.01-13.18.55:824][ 14]LogModuleManager: Shutting down and abandoning module EpicSurvey (106)
[2015.12.01-13.18.55:824][ 14]LogModuleManager: Shutting down and abandoning module DesktopPlatform (105)
[2015.12.01-13.18.55:824][ 14]LogModuleManager: Shutting down and abandoning module VisualStudioSourceCodeAccess (104)
[2015.12.01-13.18.55:824][ 14]LogModuleManager: Shutting down and abandoning module UObjectPlugin (103)
[2015.12.01-13.18.55:824][ 14]LogModuleManager: Shutting down and abandoning module SubversionSourceControl (102)
[2015.12.01-13.18.55:824][ 14]LogModuleManager: Shutting down and abandoning module PerforceSourceControl (101)
[2015.12.01-13.18.55:824][ 14]LogModuleManager: Shutting down and abandoning module SourceControl (100)
[2015.12.01-13.18.55:824][ 14]LogModuleManager: Shutting down and abandoning module GitSourceControl (99)
[2015.12.01-13.18.55:824][ 14]LogModuleManager: Shutting down and abandoning module LightPropagationVolumeEditor (98)
[2015.12.01-13.18.55:824][ 14]LogModuleManager: Shutting down and abandoning module PaperTiledImporter (97)
[2015.12.01-13.18.55:824][ 14]LogModuleManager: Shutting down and abandoning module PaperSpriteSheetImporter (96)
[2015.12.01-13.18.55:824][ 14]LogModuleManager: Shutting down and abandoning module MeshPaint (95)
[2015.12.01-13.18.55:824][ 14]LogModuleManager: Shutting down and abandoning module SlateReflector (94)
[2015.12.01-13.18.55:824][ 14]LogModuleManager: Shutting down and abandoning module HotReload (93)
[2015.12.01-13.18.55:824][ 14]LogModuleManager: Shutting down and abandoning module MainFrame (92)
[2015.12.01-13.18.55:824][ 14]LogModuleManager: Shutting down and abandoning module LevelEditor (91)
[2015.12.01-13.18.55:826][ 14]LogModuleManager: Shutting down and abandoning module DirectoryWatcher (90)
[2015.12.01-13.18.55:826][ 14]LogModuleManager: Shutting down and abandoning module AssetRegistry (89)
[2015.12.01-13.18.55:879][ 14]LogModuleManager: Shutting down and abandoning module ContentBrowser (88)
[2015.12.01-13.18.55:880][ 14]LogModuleManager: Shutting down and abandoning module Paper2DEditor (87)
[2015.12.01-13.18.55:880][ 14]LogModuleManager: Shutting down and abandoning module BOS (86)
[2015.12.01-13.18.55:880][ 14]LogModuleManager: Shutting down and abandoning module UdpMessaging (85)
[2015.12.01-13.18.55:981][ 14]LogModuleManager: Shutting down and abandoning module LightPropagationVolumeRuntime (84)
[2015.12.01-13.18.55:981][ 14]LogModuleManager: Shutting down and abandoning module Paper2D (83)
[2015.12.01-13.18.55:981][ 14]LogModuleManager: Shutting down and abandoning module WindowsMoviePlayer (82)
[2015.12.01-13.18.55:983][ 14]LogModuleManager: Shutting down and abandoning module Media (81)
[2015.12.01-13.18.55:983][ 14]LogModuleManager: Shutting down and abandoning module WmfMedia (80)
[2015.12.01-13.18.55:983][ 14]LogModuleManager: Shutting down and abandoning module OnlineBlueprintSupport (79)
[2015.12.01-13.18.55:983][ 14]LogModuleManager: Shutting down and abandoning module GameplayTasksEditor (78)
[2015.12.01-13.18.55:983][ 14]LogModuleManager: Shutting down and abandoning module PropertyEditor (77)
[2015.12.01-13.18.55:983][ 14]LogModuleManager: Shutting down and abandoning module BehaviorTreeEditor (76)
[2015.12.01-13.18.55:983][ 14]LogModuleManager: Shutting down and abandoning module FunctionalTesting (75)
[2015.12.01-13.18.55:983][ 14]LogModuleManager: Shutting down and abandoning module CollisionAnalyzer (74)
[2015.12.01-13.18.55:983][ 14]LogModuleManager: Shutting down and abandoning module WorkspaceMenuStructure (73)
[2015.12.01-13.18.55:983][ 14]LogModuleManager: Shutting down and abandoning module MessageLog (72)
[2015.12.01-13.18.55:983][ 14]LogModuleManager: Shutting down and abandoning module Sequencer (71)
[2015.12.01-13.18.55:983][ 14]LogModuleManager: Shutting down and abandoning module AssetTools (70)
[2015.12.01-13.18.55:983][ 14]LogModuleManager: Shutting down and abandoning module UMGEditor (69)
[2015.12.01-13.18.55:984][ 14]LogModuleManager: Shutting down and abandoning module UMG (68)
[2015.12.01-13.18.55:984][ 14]LogModuleManager: Shutting down and abandoning module Slate (67)
[2015.12.01-13.18.55:984][ 14]LogModuleManager: Shutting down and abandoning module EditorStyle (66)
[2015.12.01-13.18.55:985][ 14]LogModuleManager: Shutting down and abandoning module SessionServices (65)
[2015.12.01-13.18.55:985][ 14]LogModuleManager: Shutting down and abandoning module SourceCodeAccess (64)
[2015.12.01-13.18.55:985][ 14]LogModuleManager: Shutting down and abandoning module HeadMountedDisplay (63)
[2015.12.01-13.18.55:985][ 14]LogModuleManager: Shutting down and abandoning module XAudio2 (62)
[2015.12.01-13.18.55:985][ 14]LogModuleManager: Shutting down and abandoning module Networking (60)
[2015.12.01-13.18.55:985][ 14]LogModuleManager: Shutting down and abandoning module Core (59)
[2015.12.01-13.18.55:985][ 14]LogModuleManager: Shutting down and abandoning module KismetCompiler (58)
[2015.12.01-13.18.55:985][ 14]LogModuleManager: Shutting down and abandoning module PhysXFormats (57)
[2015.12.01-13.18.55:985][ 14]LogModuleManager: Shutting down and abandoning module MeshUtilities (56)
[2015.12.01-13.18.55:985][ 14]LogModuleManager: Shutting down and abandoning module CookingStats (55)
[2015.12.01-13.18.55:986][ 14]LogModuleManager: Shutting down and abandoning module DerivedDataCache (54)
[2015.12.01-13.18.56:054][ 14]LogDerivedDataCache: Shutdown
[2015.12.01-13.18.56:054][ 14]LogModuleManager: Shutting down and abandoning module ShaderFormatOpenGL (53)
[2015.12.01-13.18.56:054][ 14]LogModuleManager: Shutting down and abandoning module ShaderFormatD3D (52)
[2015.12.01-13.18.56:054][ 14]LogModuleManager: Shutting down and abandoning module MetalShaderFormat (51)
[2015.12.01-13.18.56:054][ 14]LogModuleManager: Shutting down and abandoning module TextureFormatUncompressed (50)
[2015.12.01-13.18.56:054][ 14]LogModuleManager: Shutting down and abandoning module TextureFormatPVR (49)
[2015.12.01-13.18.56:054][ 14]LogModuleManager: Shutting down and abandoning module TextureFormatIntelISPCTexComp (48)
[2015.12.01-13.18.56:054][ 14]LogModuleManager: Shutting down and abandoning module TextureFormatDXT (47)
[2015.12.01-13.18.56:054][ 14]LogModuleManager: Shutting down and abandoning module ImageWrapper (46)
[2015.12.01-13.18.56:054][ 14]LogModuleManager: Shutting down and abandoning module TextureFormatASTC (45)
[2015.12.01-13.18.56:054][ 14]LogModuleManager: Shutting down and abandoning module TextureFormatAndroid (44)
[2015.12.01-13.18.56:054][ 14]LogModuleManager: Shutting down and abandoning module AudioFormatOpus (43)
[2015.12.01-13.18.56:054][ 14]LogModuleManager: Shutting down and abandoning module AudioFormatOgg (42)
[2015.12.01-13.18.56:054][ 14]LogModuleManager: Shutting down and abandoning module AudioFormatADPCM (41)
[2015.12.01-13.18.56:054][ 14]LogModuleManager: Shutting down and abandoning module LinuxTargetPlatform (40)
[2015.12.01-13.18.56:054][ 14]LogModuleManager: Shutting down and abandoning module LinuxServerTargetPlatform (39)
[2015.12.01-13.18.56:054][ 14]LogModuleManager: Shutting down and abandoning module LinuxNoEditorTargetPlatform (38)
[2015.12.01-13.18.56:054][ 14]LogModuleManager: Shutting down and abandoning module Messaging (37)
[2015.12.01-13.18.56:054][ 14]LogModuleManager: Shutting down and abandoning module IOSTargetPlatform (36)
[2015.12.01-13.18.56:054][ 14]LogModuleManager: Shutting down and abandoning module HTML5TargetPlatform (35)
[2015.12.01-13.18.56:054][ 14]LogModuleManager: Shutting down and abandoning module Android_PVRTCTargetPlatform (34)
[2015.12.01-13.18.56:054][ 14]LogModuleManager: Shutting down and abandoning module Android_ETC2TargetPlatform (33)
[2015.12.01-13.18.56:054][ 14]LogModuleManager: Shutting down and abandoning module Android_ETC1TargetPlatform (32)
[2015.12.01-13.18.56:054][ 14]LogModuleManager: Shutting down and abandoning module Android_DXTTargetPlatform (31)
[2015.12.01-13.18.56:054][ 14]LogModuleManager: Shutting down and abandoning module Android_ATCTargetPlatform (30)
[2015.12.01-13.18.56:054][ 14]LogModuleManager: Shutting down and abandoning module Android_ASTCTargetPlatform (29)
[2015.12.01-13.18.56:054][ 14]LogModuleManager: Shutting down and abandoning module AndroidTargetPlatform (28)
[2015.12.01-13.18.56:054][ 14]LogModuleManager: Shutting down and abandoning module WindowsTargetPlatform (27)
[2015.12.01-13.18.56:054][ 14]LogModuleManager: Shutting down and abandoning module WindowsServerTargetPlatform (26)
[2015.12.01-13.18.56:054][ 14]LogModuleManager: Shutting down and abandoning module WindowsNoEditorTargetPlatform (25)
[2015.12.01-13.18.56:054][ 14]LogModuleManager: Shutting down and abandoning module WindowsClientTargetPlatform (24)
[2015.12.01-13.18.56:054][ 14]LogModuleManager: Shutting down and abandoning module AllDesktopTargetPlatform (23)
[2015.12.01-13.18.56:054][ 14]LogModuleManager: Shutting down and abandoning module TargetPlatform (22)
[2015.12.01-13.18.56:054][ 14]LogModuleManager: Shutting down and abandoning module InputCore (21)
[2015.12.01-13.18.56:054][ 14]LogModuleManager: Shutting down and abandoning module Settings (20)
[2015.12.01-13.18.56:054][ 14]LogModuleManager: Shutting down and abandoning module OnlineSubsystem (18)
[2015.12.01-13.18.56:054][ 14]LogModuleManager: Shutting down and abandoning module HTTP (17)
[2015.12.01-13.18.58:057][ 14]LogModuleManager: Shutting down and abandoning module XMPP (16)
[2015.12.01-13.18.58:057][ 14]LogModuleManager: Shutting down and abandoning module ExampleDeviceProfileSelector (15)
[2015.12.01-13.18.58:057][ 14]LogModuleManager: Shutting down and abandoning module TextureCompressor (14)
[2015.12.01-13.18.58:057][ 14]LogModuleManager: Shutting down and abandoning module ShaderCore (13)
[2015.12.01-13.18.58:057][ 14]LogModuleManager: Shutting down and abandoning module Landscape (12)
[2015.12.01-13.18.58:057][ 14]LogModuleManager: Shutting down and abandoning module SlateRHIRenderer (11)
[2015.12.01-13.18.58:057][ 14]LogModuleManager: Shutting down and abandoning module OpenGLDrv (10)
[2015.12.01-13.18.58:057][ 14]LogModuleManager: Shutting down and abandoning module D3D11RHI (9)
[2015.12.01-13.18.58:057][ 14]LogModuleManager: Shutting down and abandoning module AnimGraphRuntime (8)
[2015.12.01-13.18.58:057][ 14]LogModuleManager: Shutting down and abandoning module Renderer (7)
[2015.12.01-13.18.58:057][ 14]LogModuleManager: Shutting down and abandoning module Engine (6)
[2015.12.01-13.18.58:057][ 14]LogModuleManager: Shutting down and abandoning module CoreUObject (5)
[2015.12.01-13.18.58:057][ 14]LogModuleManager: Shutting down and abandoning module NetworkFile (4)
[2015.12.01-13.18.58:057][ 14]LogModuleManager: Shutting down and abandoning module StreamingFile (3)
[2015.12.01-13.18.58:057][ 14]LogModuleManager: Shutting down and abandoning module SandboxFile (2)
[2015.12.01-13.18.58:057][ 14]LogModuleManager: Shutting down and abandoning module PakFile (1)
[2015.12.01-13.18.58:058][ 14]LogExit: Exiting.
[2015.12.01-13.18.58:079][ 14]Log file closed, 12/01/15 14:18:58
