[2015.11.06-07.44.29:907][  0]Log file open, 11/06/15 08:44:29
[2015.11.06-07.44.29:907][  0]LogInit:Display: Running engine for game: BOS
[2015.11.06-07.44.29:907][  0]LogInit:Display: RandInit(-1009395441) SRandInit(-1009395441).
[2015.11.06-07.44.29:907][  0]LogTaskGraph: Started task graph with 4 named threads and 7 total threads.
[2015.11.06-07.44.29:907][  0]LogStats: Stats thread started at 0.074759
[2015.11.06-07.44.29:907][  0]LogInit: Version: 4.9.2-2707645+++depot+UE4-Releases+4.9
[2015.11.06-07.44.29:907][  0]LogInit: API Version: 2672455
[2015.11.06-07.44.29:907][  0]LogInit: Compiled (64-bit): Sep 28 2015 10:25:44
[2015.11.06-07.44.29:907][  0]LogInit: Compiled with Visual C++: 18.00.21005.01
[2015.11.06-07.44.29:907][  0]LogInit: Build Configuration: Development
[2015.11.06-07.44.29:907][  0]LogInit: Branch Name: ++depot+UE4-Releases+4.9
[2015.11.06-07.44.29:907][  0]LogInit: Command line:  
[2015.11.06-07.44.29:907][  0]LogInit: Base directory: C:/Program Files/Epic Games/4.9/Engine/Binaries/Win64/
[2015.11.06-07.44.29:907][  0]LogInit: Rocket: 1
[2015.11.06-07.44.29:914][  0]LogInit: Using libcurl 7.41.0
[2015.11.06-07.44.29:914][  0]LogInit:  - built for x86_64-pc-win32
[2015.11.06-07.44.29:914][  0]LogInit:  - supports SSL with WinSSL
[2015.11.06-07.44.29:914][  0]LogInit:  - other features:
[2015.11.06-07.44.29:914][  0]LogInit:      CURL_VERSION_SSL
[2015.11.06-07.44.29:914][  0]LogInit:      CURL_VERSION_IPV6
[2015.11.06-07.44.29:914][  0]LogInit:      CURL_VERSION_ASYNCHDNS
[2015.11.06-07.44.29:914][  0]LogInit:      CURL_VERSION_LARGEFILE
[2015.11.06-07.44.29:914][  0]LogInit:      CURL_VERSION_IDN
[2015.11.06-07.44.29:914][  0]LogInit:  CurlRequestOptions (configurable via config and command line):
[2015.11.06-07.44.29:914][  0]LogInit:  - bVerifyPeer = true  - Libcurl will verify peer certificate
[2015.11.06-07.44.29:914][  0]LogInit:  - bUseHttpProxy = false  - Libcurl will NOT use HTTP proxy
[2015.11.06-07.44.29:914][  0]LogInit:  - bDontReuseConnections = false  - Libcurl will reuse connections
[2015.11.06-07.44.29:914][  0]LogInit:  - CertBundlePath = nullptr  - Libcurl will use whatever was configured at build time.
[2015.11.06-07.44.29:919][  0]LogInit: Presizing for 0 objects not considered by GC, pre-allocating 0 bytes.
[2015.11.06-07.44.29:924][  0]LogInit: Object subsystem initialized
[2015.11.06-07.44.29:926][  0]LogInit: Selected Device Profile: [Windows]
[2015.11.06-07.44.29:926][  0]LogInit: Applying CVar settings loaded from the selected device profile: [Windows]
[2015.11.06-07.44.29:933][  0]LogInit: Computer: SpellabbA332-06
[2015.11.06-07.44.29:933][  0]LogInit: User: Spellabbet
[2015.11.06-07.44.29:933][  0]LogInit: CPU Page size=4096, Cores=4
[2015.11.06-07.44.29:933][  0]LogInit: High frequency timer resolution =3.507517 MHz
[2015.11.06-07.44.29:933][  0]LogMemory: Memory total: Physical=15.9GB (16GB approx)
[2015.11.06-07.44.29:933][  0]LogMemory: Platform Memory Stats for Windows
[2015.11.06-07.44.29:933][  0]LogMemory: Process Physical Memory: 52.52 MB used, 52.52 MB peak
[2015.11.06-07.44.29:933][  0]LogMemory: Process Virtual Memory: 55.99 MB used, 55.99 MB peak
[2015.11.06-07.44.29:933][  0]LogMemory: Physical Memory: 4842.83 MB used, 16318.82 MB total
[2015.11.06-07.44.29:933][  0]LogMemory: Virtual Memory: 348.31 MB used, 134217728.00 MB total
[2015.11.06-07.44.29:959][  0]LogTextLocalizationManager: No translations for ('sv-SE') exist, falling back to 'en' for localization and internationalization data.
[2015.11.06-07.44.30:602][  0]LogD3D11RHI: Found D3D11 adapter 0: NVIDIA GeForce GTX 960 (Feature Level 11_0)
[2015.11.06-07.44.30:602][  0]LogD3D11RHI: Adapter has 1965MB of dedicated video memory, 0MB of dedicated system memory, and 2048MB of shared system memory, 1 output[s]
[2015.11.06-07.44.30:603][  0]LogD3D11RHI: Found D3D11 adapter 1: Microsoft Basic Render Driver (Feature Level 11_0)
[2015.11.06-07.44.30:603][  0]LogD3D11RHI: Adapter has 0MB of dedicated video memory, 0MB of dedicated system memory, and 256MB of shared system memory, 0 output[s]
[2015.11.06-07.44.30:603][  0]LogD3D11RHI: Chosen D3D11 Adapter Id = 0
[2015.11.06-07.44.30:606][  0]LogD3D11RHI: !Direct3DDevice
[2015.11.06-07.44.30:606][  0]LogRHI: Texture pool is 1361 MB (70% of 1945 MB)
[2015.11.06-07.44.30:614][  0]LogD3D11RHI: Async texture creation enabled
[2015.11.06-07.44.30:630][  0]LogShaderCompilers: Guid format shader working directory is 15 characters bigger than the processId version (../../../../../../Users/Spellabbet/Documents/GitHub/Balls-of-steel/BOS/Intermediate/Shaders/WorkingDirectory/5220/).
[2015.11.06-07.44.30:630][  0]LogShaderCompilers: Cleaned the shader compiler working directory '../../../../../../Users/Spellabbet/Documents/GitHub/Balls-of-steel/BOS/Intermediate/Shaders/tmp/D1A8819F4ADAF53CBFD45EA79C53705F/'.
[2015.11.06-07.44.30:630][  0]LogShaderCompilers:Display: Using Local Shader Compiler.
[2015.11.06-07.44.31:543][  0]LogTemp:Display: Loaded TP AllDesktopTargetPlatform
[2015.11.06-07.44.31:547][  0]LogTemp:Display: Loaded TP WindowsClientTargetPlatform
[2015.11.06-07.44.31:551][  0]LogTemp:Display: Loaded TP WindowsNoEditorTargetPlatform
[2015.11.06-07.44.31:555][  0]LogTemp:Display: Loaded TP WindowsServerTargetPlatform
[2015.11.06-07.44.31:559][  0]LogTemp:Display: Loaded TP WindowsTargetPlatform
[2015.11.06-07.44.31:561][  0]LogTemp:Display: Loaded TP AndroidTargetPlatform
[2015.11.06-07.44.31:564][  0]LogTemp:Display: Loaded TP Android_ASTCTargetPlatform
[2015.11.06-07.44.31:566][  0]LogTemp:Display: Loaded TP Android_ATCTargetPlatform
[2015.11.06-07.44.31:569][  0]LogTemp:Display: Loaded TP Android_DXTTargetPlatform
[2015.11.06-07.44.31:572][  0]LogTemp:Display: Loaded TP Android_ETC1TargetPlatform
[2015.11.06-07.44.31:575][  0]LogTemp:Display: Loaded TP Android_ETC2TargetPlatform
[2015.11.06-07.44.31:578][  0]LogTemp:Display: Loaded TP Android_PVRTCTargetPlatform
[2015.11.06-07.44.31:578][  0]LogTemp:Display: Loaded TP HTML5TargetPlatform
[2015.11.06-07.44.31:594][  0]LogTemp:Display: Loaded TP IOSTargetPlatform
[2015.11.06-07.44.31:596][  0]LogTemp:Display: Loaded TP LinuxNoEditorTargetPlatform
[2015.11.06-07.44.31:599][  0]LogTemp:Display: Loaded TP LinuxServerTargetPlatform
[2015.11.06-07.44.31:601][  0]LogTemp:Display: Loaded TP LinuxTargetPlatform
[2015.11.06-07.44.31:601][  0]LogTargetPlatformManager:Display: Building Assets For Windows
[2015.11.06-07.44.31:664][  0]LogDerivedDataCache:Display: Max Cache Size: 512 MB
[2015.11.06-07.44.31:705][  0]LogDerivedDataCache: Loaded boot cache 0.04s 46MB C:/Users/Spellabbet/AppData/Local/UnrealEngine/4.9/DerivedDataCache/Boot.ddc.
[2015.11.06-07.44.31:705][  0]LogDerivedDataCache:Display: Loaded Boot cache: C:/Users/Spellabbet/AppData/Local/UnrealEngine/4.9/DerivedDataCache/Boot.ddc
[2015.11.06-07.44.31:705][  0]LogDerivedDataCache: FDerivedDataBackendGraph:  Pak pak cache file ../../../../../../Users/Spellabbet/Documents/GitHub/Balls-of-steel/BOS/DerivedDataCache/DDC.ddp not found, will not use a pak cache.
[2015.11.06-07.44.31:706][  0]LogDerivedDataCache: Unable to find inner node Pak for hierarchical cache Hierarchy.
[2015.11.06-07.44.31:706][  0]LogDerivedDataCache: FDerivedDataBackendGraph:  CompressedPak pak cache file ../../../../../../Users/Spellabbet/Documents/GitHub/Balls-of-steel/BOS/DerivedDataCache/Compressed.ddp not found, will not use a pak cache.
[2015.11.06-07.44.31:706][  0]LogDerivedDataCache: Unable to find inner node CompressedPak for hierarchical cache Hierarchy.
[2015.11.06-07.44.31:821][  0]LogDerivedDataCache:Display: Pak cache opened for reading ../../../Engine/DerivedDataCache/Compressed.ddp.
[2015.11.06-07.44.31:833][  0]LogDerivedDataCache: Using Local data cache path C:/Users/Spellabbet/AppData/Local/UnrealEngine/Common/DerivedDataCache: Writable
[2015.11.06-07.44.31:968][  0]LogInit: Selected Device Profile: [Windows]
[2015.11.06-07.44.31:970][  0]LogContentStreaming: Texture pool size is 0.000000MB
[2015.11.06-07.44.32:072][  0]LogMeshUtilities: No automatic mesh reduction module available
[2015.11.06-07.44.32:072][  0]LogMeshUtilities: No automatic mesh merging module available
[2015.11.06-07.44.32:254][  0]LogInit: WinSock: version 1.1 (2.2), MaxSocks=32767, MaxUdp=65467
[2015.11.06-07.44.32:793][  0]UdpMessaging: Initializing bridge on interface 0.0.0.0:0 to multicast group 230.0.0.1:6666.
[2015.11.06-07.44.32:855][  0]LogLinker:Warning: Asset '../../../../../../Users/Spellabbet/Documents/GitHub/Balls-of-steel/BOS/Content/Rolling/Meshes/BallMesh.uasset' has been saved with empty engine version. The asset will be loaded but may be incompatible.
[2015.11.06-07.44.32:856][  0]LogLinker:Warning: Asset '../../../../../../Users/Spellabbet/Documents/GitHub/Balls-of-steel/BOS/Content/Rolling/Materials/M_Blue_Checker.uasset' has been saved with empty engine version. The asset will be loaded but may be incompatible.
[2015.11.06-07.44.32:856][  0]LogLinker:Warning: Asset '../../../../../../Users/Spellabbet/Documents/GitHub/Balls-of-steel/BOS/Content/Rolling/Materials/PM_Ball.uasset' has been saved with empty engine version. The asset will be loaded but may be incompatible.
[2015.11.06-07.44.32:971][  0]LogAssetRegistry: FAssetRegistry took 0.0112 seconds to start up
[2015.11.06-07.44.33:093][  0]SourceControl: Info Source control is disabled
[2015.11.06-07.44.33:099][  0]SourceControl: Info Source control is disabled
[2015.11.06-07.44.33:108][  0]SourceControl: Info Source control is disabled
[2015.11.06-07.44.33:116][  0]SourceControl: Info Source control is disabled
[2015.11.06-07.44.33:224][  0]LogLinker:Warning: Asset '../../../Engine/Plugins/Runtime/LeapMotionController/Content/LM_PassthroughMaterial.uasset' has been saved with empty engine version. The asset will be loaded but may be incompatible.
[2015.11.06-07.44.33:276][  0]LogObj: 29662 objects as part of root set at end of initial load.
[2015.11.06-07.44.33:276][  0]LogUObjectAllocator: 6510536 out of 0 bytes used by permanent object pool.
[2015.11.06-07.44.33:321][  0]LogEngine: Initializing Engine...
[2015.11.06-07.44.33:323][  0]LogHMD: Can't find Oculus library dev build: is proper Runtime installed? Version: 0.7.0.0
[2015.11.06-07.44.33:323][  0]LogHMD: SteamVR failed to initialize.  Err: 110
[2015.11.06-07.44.33:419][  0]LogAIModule: Creating AISystem for world NewWorld
[2015.11.06-07.44.33:423][  0]LogInit: XAudio2 using 'Speakers (4- High Definition Audio Device)' : 2 channels at 44.1 kHz using 16 bits per sample (channel mask 0x3)
[2015.11.06-07.44.33:433][  0]LogInit: FAudioDevice initialized.
[2015.11.06-07.44.33:452][  0]LogDerivedDataCache: Saved boot cache 0.02s 46MB C:/Users/Spellabbet/AppData/Local/UnrealEngine/4.9/DerivedDataCache/Boot.ddc.
[2015.11.06-07.44.33:456][  0]LogInit: Texture streaming: Enabled
[2015.11.06-07.44.33:460][  0]LogAnalytics: Creating configured Analytics provider AnalyticsET
[2015.11.06-07.44.33:460][  0]LogAnalytics: [UEEditor.Rocket.Release] APIServer = http://et2.epicgames.com/ET2/. AppVersion = 4.9.2-2707645+++depot+UE4-Releases+4.9
[2015.11.06-07.44.33:460][  0]LogAnalytics: [UEEditor.Rocket.Release] SetUserId 45933c9447afbf6f1ab999917f6accd0|8471e16762be488588a110ad13c08bd6|060e5e79-a789-49c4-8abd-5d8b330400a7
[2015.11.06-07.44.33:460][  0]LogAnalytics: [UEEditor.Rocket.Release] AnalyticsET::StartSession
[2015.11.06-07.44.33:475][  0]LogInit: Transaction tracking system initialized
[2015.11.06-07.44.33:496][  0]BlueprintLog: New page: Editor Load
[2015.11.06-07.44.33:567][  0]LocalizationService: Info Localization service is disabled
[2015.11.06-07.44.33:621][  0]LogConsoleResponse:Display: 
[2015.11.06-07.44.33:717][  0]LogCook:Display: Done creating registry. It took  0.00s.
[2015.11.06-07.44.33:757][  0]LogFileCache: Scanning file cache for directory 'C:/Users/Spellabbet/Documents/GitHub/Balls-of-steel/BOS/Content/' took 0.01s
[2015.11.06-07.44.33:757][  0]SourceControl: Info Source control is disabled
[2015.11.06-07.44.33:758][  0]Cmd: MAP LOAD FILE="../../../../../../Users/Spellabbet/Documents/GitHub/Balls-of-steel/BOS/Content/RollingCPP/Maps/MainMenu.umap" TEMPLATE=0 SHOWPROGRESS=1 FEATURELEVEL=3
[2015.11.06-07.44.33:758][  0]LightingResults: New page: Lighting Build
[2015.11.06-07.44.33:760][  0]MapCheck: New page: Map Check
[2015.11.06-07.44.33:760][  0]LightingResults: New page: Lighting Build
[2015.11.06-07.44.33:770][  0]LogParticles: Destroying 0 GPU particle simulations for FXSystem 0x000000A0DEA8C400
[2015.11.06-07.44.33:871][  0]LogAIModule: Creating AISystem for world MainMenu
[2015.11.06-07.44.33:879][  0]LogEditorServer: Finished looking for orphan Actors (0.000 secs)
[2015.11.06-07.44.33:880][  0]Cmd: MAP CHECKDEP NOCLEARLOG
[2015.11.06-07.44.33:911][  0]MapCheck: Info Map check complete: 0 Error(s), 0 Warning(s), took 31.44ms to complete.
[2015.11.06-07.44.33:911][  0]LogFileHelpers: Loading map 'MainMenu' took 0.153
[2015.11.06-07.44.33:996][  0]LogCollectionManager: Loaded 0 collections in 0.001984 seconds
[2015.11.06-07.44.34:035][  0]LogFileCache: Scanning file cache for directory 'C:/Users/Spellabbet/Documents/GitHub/Balls-of-steel/BOS/Saved/Collections/' took 0.01s
[2015.11.06-07.44.34:035][  0]LogFileCache: Scanning file cache for directory 'C:/Users/Spellabbet/Documents/GitHub/Balls-of-steel/BOS/Content/Developers/Spellabbet/Collections/' took 0.01s
[2015.11.06-07.44.34:035][  0]LogFileCache: Scanning file cache for directory 'C:/Users/Spellabbet/Documents/GitHub/Balls-of-steel/BOS/Content/Collections/' took 0.01s
[2015.11.06-07.44.34:035][  0]LogContentBrowser: Native class hierarchy populated in 0.0064 seconds. Added 1875 classes and 335 folders.
[2015.11.06-07.44.34:039][  0]LogCollectionManager: Rebuilt the GUID cache for 0 collections in 0.000002 seconds
[2015.11.06-07.44.34:045][  0]LogContentBrowser: Native class hierarchy updated for 'WidgetCarousel' in 0.0009 seconds. Added 0 classes and 0 folders.
[2015.11.06-07.44.34:074][  0]LogContentBrowser: Native class hierarchy updated for 'AddContentDialog' in 0.0009 seconds. Added 0 classes and 0 folders.
[2015.11.06-07.44.34:081][  0]LogContentBrowser: Native class hierarchy updated for 'SceneOutliner' in 0.0009 seconds. Added 1 classes and 2 folders.
[2015.11.06-07.44.34:136][  0]LogCrashTracker: Crashtracker disabled due to settings.
[2015.11.06-07.44.34:143][  0]LogUObjectGlobals:Warning: Failed to find object 'Class None.'
[2015.11.06-07.44.34:165][  0]LogLoad: Full Startup: 4.99 seconds (BP compile: 0.04 seconds)
[2015.11.06-07.44.34:537][  0]LogContentStreaming: Texture pool size now 1000 MB
[2015.11.06-07.44.34:637][  0]LogRenderer: Reallocating scene render targets to support 1208x556 (Frame:2).
[2015.11.06-07.44.35:177][  2]LogAssetRegistry: Asset discovery search completed in 2.2184 seconds
[2015.11.06-07.44.35:177][  2]LogCollectionManager: Rebuilt the object cache for 0 collections in 0.000001 seconds (found 0 objects)
[2015.11.06-07.44.35:177][  2]LogCollectionManager: Fixed up redirectors for 0 collections in 0.000026 seconds (updated 0 objects)
[2015.11.06-07.44.54:705][622]LogAIModule: Creating AISystem for world Map2
[2015.11.06-07.44.54:765][622]Cmd: MAP LOAD FILE="../../../../../../Users/Spellabbet/Documents/GitHub/Balls-of-steel/BOS/Content/RollingCPP/Maps/Map2.umap" TEMPLATE=0 SHOWPROGRESS=1 FEATURELEVEL=3
[2015.11.06-07.44.54:765][622]LightingResults: New page: Lighting Build
[2015.11.06-07.44.54:780][622]LoadErrors: New page: Loading map: Map2.umap
[2015.11.06-07.44.54:780][622]MapCheck: New page: Map Check
[2015.11.06-07.44.54:780][622]LightingResults: New page: Lighting Build
[2015.11.06-07.44.54:792][622]LogParticles: Destroying 0 GPU particle simulations for FXSystem 0x000000A0CF49FB00
[2015.11.06-07.44.54:895][622]LogEditorServer: Finished looking for orphan Actors (0.000 secs)
[2015.11.06-07.44.54:932][622]Cmd: MAP CHECKDEP NOCLEARLOG
[2015.11.06-07.44.54:968][622]MapCheck: Info Map check complete: 0 Error(s), 0 Warning(s), took 36.194ms to complete.
[2015.11.06-07.44.54:969][622]LogFileHelpers: Loading map 'Map2' took 0.206
[2015.11.06-07.44.59:632][172]LogEditor: Attempting to add actor of class 'BOSPlayerStart' to level at -14100.56,-14587.41,6126.94
[2015.11.06-07.44.59:632][172]LogNavigationPoint: PostEditMove Clear paths rebuilt
[2015.11.06-07.44.59:794][189]LogEditor: Attempting to add actor of class 'BOSPlayerStart' to level at 2085.80,-16711.67,4315.39
[2015.11.06-07.44.59:798][189]LogNavigationPoint: PostEditMove Clear paths rebuilt
[2015.11.06-07.45.00:645][286]LogEditor: Attempting to add actor of class 'BOSPlayerStart' to level at -14181.94,-13382.58,5802.26
[2015.11.06-07.45.00:645][286]LogNavigationPoint: PostEditMove Clear paths rebuilt
[2015.11.06-07.45.00:769][299]LogEditor: Attempting to add actor of class 'BOSPlayerStart' to level at -9344.85,-12749.07,4539.89
[2015.11.06-07.45.00:772][299]LogNavigationPoint: PostEditMove Clear paths rebuilt
[2015.11.06-07.45.01:586][393]LogEditor: Attempting to add actor of class 'BOSPlayerStart' to level at -14371.00,-15141.86,6466.95
[2015.11.06-07.45.01:587][393]LogNavigationPoint: PostEditMove Clear paths rebuilt
[2015.11.06-07.45.01:719][407]LogEditor: Attempting to add actor of class 'BOSPlayerStart' to level at -8841.92,-17257.02,5576.65
[2015.11.06-07.45.01:723][407]LogNavigationPoint: PostEditMove Clear paths rebuilt
[2015.11.06-07.45.06:020][918]Recompiling BOS...
[2015.11.06-07.45.06:021][918]Launching UnrealBuildTool... [C:/Program Files/Epic Games/4.9/Engine/Binaries/DotNET/UnrealBuildTool.exe BOS -ModuleWithSuffix BOS 3450 Win64 Development -editorrecompile -canskiplink "C:/Users/Spellabbet/Documents/GitHub/Balls-of-steel/BOS/BOS.uproject" -rocket  -rocket]
[2015.11.06-07.45.06:022][918]Warning: Starting HotReload took  0.0s.
[2015.11.06-07.45.06:802][988]CompilerResultsLog: New page: Compilation - Nov 6, 2015, 9:45:06 AM
[2015.11.06-07.45.06:802][988]CompilerResultsLog: Info Compiling game modules for hot reload
[2015.11.06-07.45.06:802][988]CompilerResultsLog: Info Target is up to date.
[2015.11.06-07.45.06:802][988]LogMainFrame: MainFrame: Module compiling took 0.784 seconds
[2015.11.06-07.45.07:521][ 72]LogPlayLevel: PlayLevel: No blueprints needed recompiling
[2015.11.06-07.45.07:522][ 72]PIE: New page: PIE session: Map2 (Nov 6, 2015, 9:45:07 AM)
[2015.11.06-07.45.07:522][ 72]LogPlayLevel: Creating play world package: /Game/RollingCPP/Maps/UEDPIE_1_Map2
[2015.11.06-07.45.07:949][ 72]LogPlayLevel: PIE: StaticDuplicateObject took: (0.426897s)
[2015.11.06-07.45.07:949][ 72]LogAIModule: Creating AISystem for world Map2
[2015.11.06-07.45.07:949][ 72]LogPlayLevel: PIE: World Init took: (0.000517s)
[2015.11.06-07.45.07:949][ 72]LogPlayLevel: PIE: Created PIE world by copying editor world from /Game/RollingCPP/Maps/Map2.Map2 to /Game/RollingCPP/Maps/UEDPIE_1_Map2.Map2 (0.427601s)
[2015.11.06-07.45.07:967][ 72]LogInit: XAudio2 using 'Speakers (4- High Definition Audio Device)' : 2 channels at 44.1 kHz using 16 bits per sample (channel mask 0x3)
[2015.11.06-07.45.07:971][ 72]LogInit: FAudioDevice initialized.
[2015.11.06-07.45.08:018][ 72]LogWorld: Game class is 'BOSGameMode'
[2015.11.06-07.45.08:044][ 72]LogWorld: Bringing World /Game/RollingCPP/Maps/UEDPIE_1_Map2.Map2 up for play (max tick rate 0) at 2015.11.06-08.45.08
[2015.11.06-07.45.08:044][ 72]LogActor:Warning: GameSession /Game/RollingCPP/Maps/UEDPIE_1_Map2.Map2:PersistentLevel.GameSession_0 has natively added scene component(s), but none of them were set as the actor's RootComponent - picking one arbitrarily
[2015.11.06-07.45.08:045][ 72]LogActor:Warning: GameNetworkManager /Game/RollingCPP/Maps/UEDPIE_1_Map2.Map2:PersistentLevel.GameNetworkManager_0 has natively added scene component(s), but none of them were set as the actor's RootComponent - picking one arbitrarily
[2015.11.06-07.45.08:081][ 72]LogWorld: Bringing up level for play took: 0.061691
[2015.11.06-07.45.08:082][ 72]LogWindows:Error: Windows GetLastError: The operation completed successfully. (0)
[2015.11.06-07.45.08:212][ 72]LogCrashTracker: 


[2015.11.06-07.45.08:212][ 72]LogCrashTracker: 


[2015.11.06-07.45.08:212][ 72]LogWindows: === Critical error: ===
Assertion failed: (Index >= 0) & (Index < ArrayNum) [File:C:\Program Files\Epic Games\4.9\Engine\Source\Runtime\Core\Public\Containers\Array.h] [Line: 678] 
Array index out of bounds: 0 from an array of size 0




[2015.11.06-07.45.08:308][ 72]LogExit: Executing StaticShutdownAfterError
[2015.11.06-07.45.08:316][ 72]LogPhysics:Warning: PHYSX: ..\..\PhysX\src\NpScene.cpp (2946) 8 : PxScene::unlockWrite() called without matching call to PxScene::lockWrite(), behaviour will be undefined.
[2015.11.06-07.45.08:316][ 72]LogPhysics:Warning: PHYSX: ..\..\PhysX\src\NpScene.cpp (2946) 8 : PxScene::unlockWrite() called without matching call to PxScene::lockWrite(), behaviour will be undefined.
[2015.11.06-07.45.08:316][ 72]LogPhysics:Warning: PHYSX: ..\..\PhysX\src\NpScene.cpp (2946) 8 : PxScene::unlockWrite() called without matching call to PxScene::lockWrite(), behaviour will be undefined.
[2015.11.06-07.45.08:317][ 72]LogPhysics:Warning: PHYSX: ..\..\PhysX\src\NpScene.cpp (2946) 8 : PxScene::unlockWrite() called without matching call to PxScene::lockWrite(), behaviour will be undefined.
[2015.11.06-07.45.08:317][ 72]LogWindows: FPlatformMisc::RequestExit(1)
[2015.11.06-07.45.08:317][ 72]Log file closed, 11/06/15 08:45:08
