[2015.12.01-13.19.51:575][  0]Log file open, 12/01/15 14:19:51
[2015.12.01-13.19.51:575][  0]LogInit:Display: Running engine for game: BOS
[2015.12.01-13.19.51:575][  0]LogInit:Display: RandInit(-2071991847) SRandInit(-2071991845).
[2015.12.01-13.19.51:575][  0]LogTaskGraph: Started task graph with 4 named threads and 7 total threads.
[2015.12.01-13.19.51:575][  0]LogStats: Stats thread started at 0.689843
[2015.12.01-13.19.51:575][  0]LogInit: Version: 4.9.1-2689999+++depot+UE4-Releases+4.9
[2015.12.01-13.19.51:575][  0]LogInit: API Version: 2672455
[2015.12.01-13.19.51:575][  0]LogInit: Compiled (64-bit): Sep 14 2015 04:12:03
[2015.12.01-13.19.51:575][  0]LogInit: Compiled with Visual C++: 18.00.21005.01
[2015.12.01-13.19.51:575][  0]LogInit: Build Configuration: Development
[2015.12.01-13.19.51:575][  0]LogInit: Branch Name: ++depot+UE4-Releases+4.9
[2015.12.01-13.19.51:575][  0]LogInit: Command line: 
[2015.12.01-13.19.51:575][  0]LogInit: Base directory: C:/Program Files/Epic Games/4.9/Engine/Binaries/Win64/
[2015.12.01-13.19.51:575][  0]LogInit: Rocket: 1
[2015.12.01-13.19.51:919][  0]LogInit: Using libcurl 7.41.0
[2015.12.01-13.19.51:919][  0]LogInit:  - built for x86_64-pc-win32
[2015.12.01-13.19.51:919][  0]LogInit:  - supports SSL with WinSSL
[2015.12.01-13.19.51:919][  0]LogInit:  - other features:
[2015.12.01-13.19.51:919][  0]LogInit:      CURL_VERSION_SSL
[2015.12.01-13.19.51:919][  0]LogInit:      CURL_VERSION_IPV6
[2015.12.01-13.19.51:919][  0]LogInit:      CURL_VERSION_ASYNCHDNS
[2015.12.01-13.19.51:919][  0]LogInit:      CURL_VERSION_LARGEFILE
[2015.12.01-13.19.51:919][  0]LogInit:      CURL_VERSION_IDN
[2015.12.01-13.19.51:919][  0]LogInit:  CurlRequestOptions (configurable via config and command line):
[2015.12.01-13.19.51:919][  0]LogInit:  - bVerifyPeer = true  - Libcurl will verify peer certificate
[2015.12.01-13.19.51:919][  0]LogInit:  - bUseHttpProxy = false  - Libcurl will NOT use HTTP proxy
[2015.12.01-13.19.51:919][  0]LogInit:  - bDontReuseConnections = false  - Libcurl will reuse connections
[2015.12.01-13.19.51:919][  0]LogInit:  - CertBundlePath = nullptr  - Libcurl will use whatever was configured at build time.
[2015.12.01-13.19.52:700][  0]LogInit: Presizing for 0 objects not considered by GC, pre-allocating 0 bytes.
[2015.12.01-13.19.52:700][  0]LogInit: Object subsystem initialized
[2015.12.01-13.19.52:700][  0]LogInit: Selected Device Profile: [Windows]
[2015.12.01-13.19.52:700][  0]LogInit: Applying CVar settings loaded from the selected device profile: [Windows]
[2015.12.01-13.19.52:722][  0]LogInit: Computer: SpellabbA332-13
[2015.12.01-13.19.52:722][  0]LogInit: User: Spellabbet
[2015.12.01-13.19.52:722][  0]LogInit: CPU Page size=4096, Cores=4
[2015.12.01-13.19.52:723][  0]LogInit: High frequency timer resolution =3.507501 MHz
[2015.12.01-13.19.52:723][  0]LogMemory: Memory total: Physical=15.9GB (16GB approx)
[2015.12.01-13.19.52:723][  0]LogMemory: Platform Memory Stats for Windows
[2015.12.01-13.19.52:723][  0]LogMemory: Process Physical Memory: 53.00 MB used, 53.00 MB peak
[2015.12.01-13.19.52:724][  0]LogMemory: Process Virtual Memory: 55.27 MB used, 55.27 MB peak
[2015.12.01-13.19.52:724][  0]LogMemory: Physical Memory: 4387.22 MB used, 16318.82 MB total
[2015.12.01-13.19.52:724][  0]LogMemory: Virtual Memory: 346.38 MB used, 134217728.00 MB total
[2015.12.01-13.19.52:789][  0]LogTextLocalizationManager: No translations for ('sv-SE') exist, falling back to 'en' for localization and internationalization data.
[2015.12.01-13.19.53:633][  0]LogD3D11RHI: Found D3D11 adapter 0: NVIDIA GeForce GTX 960 (Feature Level 11_0)
[2015.12.01-13.19.53:633][  0]LogD3D11RHI: Adapter has 1965MB of dedicated video memory, 0MB of dedicated system memory, and 2048MB of shared system memory, 1 output[s]
[2015.12.01-13.19.53:657][  0]LogD3D11RHI: Found D3D11 adapter 1: Microsoft Basic Render Driver (Feature Level 11_0)
[2015.12.01-13.19.53:658][  0]LogD3D11RHI: Adapter has 0MB of dedicated video memory, 0MB of dedicated system memory, and 256MB of shared system memory, 0 output[s]
[2015.12.01-13.19.53:658][  0]LogD3D11RHI: Chosen D3D11 Adapter Id = 0
[2015.12.01-13.19.53:661][  0]LogD3D11RHI: !Direct3DDevice
[2015.12.01-13.19.53:661][  0]LogRHI: Texture pool is 1361 MB (70% of 1945 MB)
[2015.12.01-13.19.53:728][  0]LogD3D11RHI: Async texture creation enabled
[2015.12.01-13.19.53:743][  0]LogShaderCompilers: Guid format shader working directory is 15 characters bigger than the processId version (../../../../../../Users/Spellabbet/Documents/Unreal Projects/Balls-of-steel/BOS/Intermediate/Shaders/WorkingDirectory/6136/).
[2015.12.01-13.19.53:743][  0]LogShaderCompilers: Cleaned the shader compiler working directory '../../../../../../Users/Spellabbet/Documents/Unreal Projects/Balls-of-steel/BOS/Intermediate/Shaders/tmp/53C5B8B8492527EEE6D8A8A686782336/'.
[2015.12.01-13.19.53:744][  0]LogShaderCompilers:Display: Using Local Shader Compiler.
[2015.12.01-13.19.55:116][  0]LogTemp:Display: Loaded TP AllDesktopTargetPlatform
[2015.12.01-13.19.55:395][  0]LogTemp:Display: Loaded TP WindowsClientTargetPlatform
[2015.12.01-13.19.55:718][  0]LogTemp:Display: Loaded TP WindowsNoEditorTargetPlatform
[2015.12.01-13.19.56:024][  0]LogTemp:Display: Loaded TP WindowsServerTargetPlatform
[2015.12.01-13.19.56:213][  0]LogTemp:Display: Loaded TP WindowsTargetPlatform
[2015.12.01-13.19.56:329][  0]LogTemp:Display: Loaded TP AndroidTargetPlatform
[2015.12.01-13.19.56:418][  0]LogTemp:Display: Loaded TP Android_ASTCTargetPlatform
[2015.12.01-13.19.56:485][  0]LogTemp:Display: Loaded TP Android_ATCTargetPlatform
[2015.12.01-13.19.56:601][  0]LogTemp:Display: Loaded TP Android_DXTTargetPlatform
[2015.12.01-13.19.56:742][  0]LogTemp:Display: Loaded TP Android_ETC1TargetPlatform
[2015.12.01-13.19.56:813][  0]LogTemp:Display: Loaded TP Android_ETC2TargetPlatform
[2015.12.01-13.19.56:901][  0]LogTemp:Display: Loaded TP Android_PVRTCTargetPlatform
[2015.12.01-13.19.57:042][  0]LogTemp:Display: Loaded TP HTML5TargetPlatform
[2015.12.01-13.19.57:757][  0]LogTemp:Display: Loaded TP IOSTargetPlatform
[2015.12.01-13.19.57:820][  0]LogTemp:Display: Loaded TP LinuxNoEditorTargetPlatform
[2015.12.01-13.19.57:885][  0]LogTemp:Display: Loaded TP LinuxServerTargetPlatform
[2015.12.01-13.19.57:951][  0]LogTemp:Display: Loaded TP LinuxTargetPlatform
[2015.12.01-13.19.57:951][  0]LogTargetPlatformManager:Display: Building Assets For Windows
[2015.12.01-13.20.02:054][  0]LogDerivedDataCache:Display: Max Cache Size: 512 MB
[2015.12.01-13.20.02:093][  0]LogDerivedDataCache: Loaded boot cache 0.04s 47MB C:/Users/Spellabbet/AppData/Local/UnrealEngine/4.9/DerivedDataCache/Boot.ddc.
[2015.12.01-13.20.02:093][  0]LogDerivedDataCache:Display: Loaded Boot cache: C:/Users/Spellabbet/AppData/Local/UnrealEngine/4.9/DerivedDataCache/Boot.ddc
[2015.12.01-13.20.02:094][  0]LogDerivedDataCache: FDerivedDataBackendGraph:  Pak pak cache file ../../../../../../Users/Spellabbet/Documents/Unreal Projects/Balls-of-steel/BOS/DerivedDataCache/DDC.ddp not found, will not use a pak cache.
[2015.12.01-13.20.02:094][  0]LogDerivedDataCache: Unable to find inner node Pak for hierarchical cache Hierarchy.
[2015.12.01-13.20.02:094][  0]LogDerivedDataCache: FDerivedDataBackendGraph:  CompressedPak pak cache file ../../../../../../Users/Spellabbet/Documents/Unreal Projects/Balls-of-steel/BOS/DerivedDataCache/Compressed.ddp not found, will not use a pak cache.
[2015.12.01-13.20.02:094][  0]LogDerivedDataCache: Unable to find inner node CompressedPak for hierarchical cache Hierarchy.
[2015.12.01-13.20.02:202][  0]LogDerivedDataCache:Display: Pak cache opened for reading ../../../Engine/DerivedDataCache/Compressed.ddp.
[2015.12.01-13.20.02:214][  0]LogDerivedDataCache: Using Local data cache path C:/Users/Spellabbet/AppData/Local/UnrealEngine/Common/DerivedDataCache: Writable
[2015.12.01-13.20.02:601][  0]LogInit: Selected Device Profile: [Windows]
[2015.12.01-13.20.02:603][  0]LogContentStreaming: Texture pool size is 0.000000MB
[2015.12.01-13.20.03:094][  0]LogMeshUtilities: No automatic mesh reduction module available
[2015.12.01-13.20.03:094][  0]LogMeshUtilities: No automatic mesh merging module available
[2015.12.01-13.20.04:086][  0]LogInit: WinSock: version 1.1 (2.2), MaxSocks=32767, MaxUdp=65467
[2015.12.01-13.20.17:330][  0]UdpMessaging: Initializing bridge on interface 0.0.0.0:0 to multicast group 230.0.0.1:6666.
[2015.12.01-13.20.17:442][  0]LogLinker:Warning: Asset '../../../../../../Users/Spellabbet/Documents/Unreal Projects/Balls-of-steel/BOS/Content/Rolling/Materials/M_Blue_Checker.uasset' has been saved with empty engine version. The asset will be loaded but may be incompatible.
[2015.12.01-13.20.20:867][  0]LogAssetRegistry: FAssetRegistry took 0.0132 seconds to start up
[2015.12.01-13.20.26:827][  0]SourceControl: Info Source control is disabled
[2015.12.01-13.20.26:834][  0]SourceControl: Info Source control is disabled
[2015.12.01-13.20.27:165][  0]SourceControl: Info Source control is disabled
[2015.12.01-13.20.27:422][  0]SourceControl: Info Source control is disabled
[2015.12.01-13.20.29:028][  0]LogLinker:Warning: Asset '../../../Engine/Plugins/Runtime/LeapMotionController/Content/LM_PassthroughMaterial.uasset' has been saved with empty engine version. The asset will be loaded but may be incompatible.
[2015.12.01-13.20.29:900][  0]LogObj: 30613 objects as part of root set at end of initial load.
[2015.12.01-13.20.29:901][  0]LogUObjectAllocator: 6840968 out of 0 bytes used by permanent object pool.
[2015.12.01-13.20.30:894][  0]LogEngine: Initializing Engine...
[2015.12.01-13.20.30:896][  0]LogHMD: Can't find Oculus library dev build: is proper Runtime installed? Version: 0.7.0.0
[2015.12.01-13.20.30:898][  0]LogHMD: SteamVR failed to initialize.  Err: 110
[2015.12.01-13.20.31:411][  0]LogAIModule: Creating AISystem for world NewWorld
[2015.12.01-13.20.31:418][  0]LogInit: XAudio2 using 'Speakers (4- High Definition Audio Device)' : 2 channels at 44.1 kHz using 16 bits per sample (channel mask 0x3)
[2015.12.01-13.20.31:432][  0]LogInit: FAudioDevice initialized.
[2015.12.01-13.20.31:451][  0]LogDerivedDataCache: Saved boot cache 0.02s 47MB C:/Users/Spellabbet/AppData/Local/UnrealEngine/4.9/DerivedDataCache/Boot.ddc.
[2015.12.01-13.20.31:456][  0]LogInit: Texture streaming: Enabled
[2015.12.01-13.20.31:706][  0]LogAnalytics: Creating configured Analytics provider AnalyticsET
[2015.12.01-13.20.31:706][  0]LogAnalytics: [UEEditor.Rocket.Release] APIServer = http://et2.epicgames.com/ET2/. AppVersion = 4.9.1-2689999+++depot+UE4-Releases+4.9
[2015.12.01-13.20.31:706][  0]LogAnalytics: [UEEditor.Rocket.Release] SetUserId fc50aaa14c34ed003df04597b34f483e|4341a5fd2eb34d5fac8b0ca63d21fc83|060e5e79-a789-49c4-8abd-5d8b330400a7
[2015.12.01-13.20.31:707][  0]LogAnalytics: [UEEditor.Rocket.Release] AnalyticsET::StartSession
[2015.12.01-13.20.31:962][  0]LogInit: Transaction tracking system initialized
[2015.12.01-13.20.34:644][  0]BlueprintLog: New page: Editor Load
[2015.12.01-13.20.44:549][  0]LocalizationService: Info Localization service is disabled
[2015.12.01-13.20.47:748][  0]LogConsoleResponse:Display: 
[2015.12.01-13.20.48:004][  0]LogCook:Display: Done creating registry. It took  0.00s.
[2015.12.01-13.20.48:580][  0]LogFileCache: Scanning file cache for directory 'C:/Users/Spellabbet/Documents/Unreal Projects/Balls-of-steel/BOS/Content/' took 0.01s
[2015.12.01-13.20.51:046][  0]SourceControl: Info Source control is disabled
[2015.12.01-13.20.51:046][  0]Cmd: MAP LOAD FILE="../../../../../../Users/Spellabbet/Documents/Unreal Projects/Balls-of-steel/BOS/Content/Maps/MainMenu.umap" TEMPLATE=0 SHOWPROGRESS=1 FEATURELEVEL=3
[2015.12.01-13.20.51:047][  0]LightingResults: New page: Lighting Build
[2015.12.01-13.20.51:050][  0]MapCheck: New page: Map Check
[2015.12.01-13.20.51:050][  0]LightingResults: New page: Lighting Build
[2015.12.01-13.20.51:059][  0]LogParticles: Destroying 0 GPU particle simulations for FXSystem 0x0000001457F876A0
[2015.12.01-13.20.51:159][  0]LogAIModule: Creating AISystem for world MainMenu
[2015.12.01-13.20.51:168][  0]LogEditorServer: Finished looking for orphan Actors (0.000 secs)
[2015.12.01-13.20.51:169][  0]Cmd: MAP CHECKDEP NOCLEARLOG
[2015.12.01-13.20.51:251][  0]MapCheck: Info Map check complete: 0 Error(s), 0 Warning(s), took 81.654ms to complete.
[2015.12.01-13.20.51:252][  0]LogFileHelpers: Loading map 'MainMenu' took 0.206
[2015.12.01-13.20.51:642][  0]LogCollectionManager: Loaded 0 collections in 0.002032 seconds
[2015.12.01-13.20.51:687][  0]LogFileCache: Scanning file cache for directory 'C:/Users/Spellabbet/Documents/Unreal Projects/Balls-of-steel/BOS/Saved/Collections/' took 0.01s
[2015.12.01-13.20.51:687][  0]LogFileCache: Scanning file cache for directory 'C:/Users/Spellabbet/Documents/Unreal Projects/Balls-of-steel/BOS/Content/Developers/Spellabbet/Collections/' took 0.01s
[2015.12.01-13.20.51:688][  0]LogFileCache: Scanning file cache for directory 'C:/Users/Spellabbet/Documents/Unreal Projects/Balls-of-steel/BOS/Content/Collections/' took 0.01s
[2015.12.01-13.20.51:688][  0]LogContentBrowser: Native class hierarchy populated in 0.0071 seconds. Added 1875 classes and 335 folders.
[2015.12.01-13.20.51:693][  0]LogCollectionManager: Rebuilt the GUID cache for 0 collections in 0.000002 seconds
[2015.12.01-13.20.51:700][  0]LogContentBrowser: Native class hierarchy updated for 'WidgetCarousel' in 0.0020 seconds. Added 0 classes and 0 folders.
[2015.12.01-13.20.52:019][  0]LogContentBrowser: Native class hierarchy updated for 'AddContentDialog' in 0.0012 seconds. Added 0 classes and 0 folders.
[2015.12.01-13.20.52:669][  0]LogContentBrowser: Native class hierarchy updated for 'SceneOutliner' in 0.0013 seconds. Added 1 classes and 2 folders.
[2015.12.01-13.20.52:970][  0]LogCrashTracker: Crashtracker disabled due to settings.
[2015.12.01-13.20.52:974][  0]LogUObjectGlobals:Warning: Failed to find object 'Class None.'
[2015.12.01-13.20.52:999][  0]LogLoad: Full Startup: 64.81 seconds (BP compile: 0.04 seconds)
[2015.12.01-13.20.53:043][  0]LogContentStreaming: Texture pool size now 1000 MB
[2015.12.01-13.20.53:140][  0]LogRenderer: Reallocating scene render targets to support 1048x556 (Frame:2).
[2015.12.01-13.20.53:362][  2]LogAssetRegistry: Asset discovery search completed in 32.5075 seconds
[2015.12.01-13.20.53:363][  2]LogCollectionManager: Rebuilt the object cache for 0 collections in 0.000001 seconds (found 0 objects)
[2015.12.01-13.20.53:363][  2]LogCollectionManager: Fixed up redirectors for 0 collections in 0.000433 seconds (updated 0 objects)
[2015.12.01-13.21.13:050][301]LogAIModule: Creating AISystem for world Map1
[2015.12.01-13.21.13:068][301]LogActorComponent: UnregisterComponent: (/Engine/Transient.ProjectileComp) Not registered. Aborting.
[2015.12.01-13.21.13:068][301]LogActorComponent: UnregisterComponent: (/Engine/Transient.ProjectileMovementComponent_0) Not registered. Aborting.
[2015.12.01-13.21.13:088][301]Cmd: MAP LOAD FILE="../../../../../../Users/Spellabbet/Documents/Unreal Projects/Balls-of-steel/BOS/Content/Maps/Map1.umap" TEMPLATE=0 SHOWPROGRESS=1 FEATURELEVEL=3
[2015.12.01-13.21.13:088][301]LightingResults: New page: Lighting Build
[2015.12.01-13.21.13:103][301]LoadErrors: New page: Loading map: Map1.umap
[2015.12.01-13.21.13:104][301]MapCheck: New page: Map Check
[2015.12.01-13.21.13:104][301]LightingResults: New page: Lighting Build
[2015.12.01-13.21.13:114][301]LogParticles: Destroying 0 GPU particle simulations for FXSystem 0x00000014465EAAC0
[2015.12.01-13.21.13:122][301]LogEditorServer: Finished looking for orphan Actors (0.000 secs)
[2015.12.01-13.21.13:164][301]Cmd: MAP CHECKDEP NOCLEARLOG
[2015.12.01-13.21.13:205][301]MapCheck: Info Map check complete: 0 Error(s), 0 Warning(s), took 41.012ms to complete.
[2015.12.01-13.21.13:206][301]LogFileHelpers: Loading map 'Map1' took 0.120
[2015.12.01-13.21.14:042][382]LogBlueprintUserMessages: Early PlayInEditor Detection: Level '/Game/Maps/Map1.Map1:PersistentLevel' has LevelScriptBlueprint '/Game/Maps/Map1.Map1:PersistentLevel.Map1' with GeneratedClass '/Game/Maps/Map1.Map1_C' with ClassGeneratedBy '/Game/Maps/Map1.Map1:PersistentLevel.Map1'
[2015.12.01-13.21.14:042][382]LogPlayLevel: PlayLevel: No blueprints needed recompiling
[2015.12.01-13.21.14:043][382]PIE: New page: PIE session: Map1 (Dec 1, 2015, 3:21:14 PM)
[2015.12.01-13.21.14:043][382]LogPlayLevel: Creating play world package: /Game/Maps/UEDPIE_0_Map1
[2015.12.01-13.21.14:083][382]LogPlayLevel: PIE: StaticDuplicateObject took: (0.039205s)
[2015.12.01-13.21.14:086][382]LogAIModule: Creating AISystem for world Map1
[2015.12.01-13.21.14:086][382]LogPlayLevel: PIE: World Init took: (0.002714s)
[2015.12.01-13.21.14:087][382]LogPlayLevel: PIE: Created PIE world by copying editor world from /Game/Maps/Map1.Map1 to /Game/Maps/UEDPIE_0_Map1.Map1 (0.043816s)
[2015.12.01-13.21.14:104][382]LogInit: XAudio2 using 'Speakers (4- High Definition Audio Device)' : 2 channels at 44.1 kHz using 16 bits per sample (channel mask 0x3)
[2015.12.01-13.21.14:110][382]LogInit: FAudioDevice initialized.
[2015.12.01-13.21.14:154][382]LogWorld: Game class is 'BOSGameMode'
[2015.12.01-13.21.14:160][382]LogWorld: Bringing World /Game/Maps/UEDPIE_0_Map1.Map1 up for play (max tick rate 0) at 2015.12.01-14.21.14
[2015.12.01-13.21.14:160][382]LogActor:Warning: GameSession /Game/Maps/UEDPIE_0_Map1.Map1:PersistentLevel.GameSession_0 has natively added scene component(s), but none of them were set as the actor's RootComponent - picking one arbitrarily
[2015.12.01-13.21.14:160][382]LogActor:Warning: GameNetworkManager /Game/Maps/UEDPIE_0_Map1.Map1:PersistentLevel.GameNetworkManager_0 has natively added scene component(s), but none of them were set as the actor's RootComponent - picking one arbitrarily
[2015.12.01-13.21.14:161][382]LogWorld: Bringing up level for play took: 0.005924
[2015.12.01-13.21.14:163][382]PIE: Info Play in editor start time for /Game/Maps/UEDPIE_0_Map1 0.195
[2015.12.01-13.21.14:164][382]LogBlueprintUserMessages: Late PlayInEditor Detection: Level '/Game/Maps/Map1.Map1:PersistentLevel' has LevelScriptBlueprint '/Game/Maps/Map1.Map1:PersistentLevel.Map1' with GeneratedClass '/Game/Maps/Map1.Map1_C' with ClassGeneratedBy '/Game/Maps/Map1.Map1:PersistentLevel.Map1'
[2015.12.01-13.21.18:573][889]LogBlueprintUserMessages: Early EndPlayMap Detection: Level '/Game/Maps/Map1.Map1:PersistentLevel' has LevelScriptBlueprint '/Game/Maps/Map1.Map1:PersistentLevel.Map1' with GeneratedClass '/Game/Maps/Map1.Map1_C' with ClassGeneratedBy '/Game/Maps/Map1.Map1:PersistentLevel.Map1'
[2015.12.01-13.21.18:610][889]LogBlueprintUserMessages: Late EndPlayMap Detection: Level '/Game/Maps/Map1.Map1:PersistentLevel' has LevelScriptBlueprint '/Game/Maps/Map1.Map1:PersistentLevel.Map1' with GeneratedClass '/Game/Maps/Map1.Map1_C' with ClassGeneratedBy '/Game/Maps/Map1.Map1:PersistentLevel.Map1'
[2015.12.01-13.21.18:622][889]LogParticles: Destroying 0 GPU particle simulations for FXSystem 0x000000146675E3E0
[2015.12.01-13.21.24:770][153]Recompiling BOS...
[2015.12.01-13.21.24:771][153]Launching UnrealBuildTool... [C:/Program Files/Epic Games/4.9/Engine/Binaries/DotNET/UnrealBuildTool.exe BOS -ModuleWithSuffix BOS 1073 Win64 Development -editorrecompile -canskiplink "C:/Users/Spellabbet/Documents/Unreal Projects/Balls-of-steel/BOS/BOS.uproject" -rocket  -rocket]
[2015.12.01-13.21.24:773][153]Warning: Starting HotReload took  0.0s.
[2015.12.01-13.21.56:096][893]CompilerResultsLog: New page: Compilation - Dec 1, 2015, 3:21:56 PM
[2015.12.01-13.21.56:097][893]CompilerResultsLog: Info Creating makefile for hot reloading BOS (game project files are newer)
[2015.12.01-13.21.56:098][893]CompilerResultsLog: Info Compiling game modules for hot reload
[2015.12.01-13.21.56:098][893]CompilerResultsLog: Info Parsing headers for BOSEditor
[2015.12.01-13.21.56:098][893]CompilerResultsLog: Info   Running UnrealHeaderTool "C:/Users/Spellabbet/Documents/Unreal Projects/Balls-of-steel/BOS/BOS.uproject" "C:\Users\Spellabbet\Documents\Unreal Projects\Balls-of-steel\BOS\Intermediate\Build\Win64\BOSEditor\Development\UnrealHeaderTool.manifest" -LogCmds="loginit warning, logexit warning, logdatabase error" -rocket -installed
[2015.12.01-13.21.56:098][893]CompilerResultsLog: Info Reflection code generated for BOSEditor in 6,765563 seconds
[2015.12.01-13.21.56:099][893]CompilerResultsLog: Info Performing 2 actions (4 in parallel)
[2015.12.01-13.21.56:099][893]CompilerResultsLog: Info BOSBall.cpp
[2015.12.01-13.21.56:099][893]CompilerResultsLog: Info [2/2] Link UE4Editor-BOS-1073.dll
[2015.12.01-13.21.56:099][893]CompilerResultsLog: Info    Creating library C:\Users\Spellabbet\Documents\Unreal Projects\Balls-of-steel\BOS\Intermediate/Build/Win64\UE4Editor\Development\UE4Editor-BOS-1073.lib and object C:\Users\Spellabbet\Documents\Unreal Projects\Balls-of-steel\BOS\Intermediate/Build/Win64\UE4Editor\Development\UE4Editor-BOS-1073.exp
[2015.12.01-13.21.56:099][893]CompilerResultsLog: Info -------- End Detailed Actions Stats -----------------------------------------------------------
[2015.12.01-13.21.56:100][893]CompilerResultsLog: Info Total build time: 31,29 seconds
[2015.12.01-13.21.56:100][893]LogMainFrame: MainFrame: Module compiling took 31.333 seconds
[2015.12.01-13.21.56:170][893]LogHotReload: Re-instancing BOSBall after hot-reload.
[2015.12.01-13.21.56:223][893]LogContentBrowser: Native class hierarchy updated for 'BOS' in 0.0013 seconds. Added 8 classes and 2 folders.
[2015.12.01-13.21.56:225][893]Warning: HotReload successful (12 functions remapped  0 scriptstructs remapped)
[2015.12.01-13.21.56:286][893]LogContentBrowser: Native class hierarchy populated in 0.0073 seconds. Added 1876 classes and 337 folders.
[2015.12.01-13.22.03:076][704]LogBlueprintUserMessages: Early PlayInEditor Detection: Level '/Game/Maps/Map1.Map1:PersistentLevel' has LevelScriptBlueprint '/Game/Maps/Map1.Map1:PersistentLevel.Map1' with GeneratedClass '/Game/Maps/Map1.Map1_C' with ClassGeneratedBy '/Game/Maps/Map1.Map1:PersistentLevel.Map1'
[2015.12.01-13.22.03:076][704]LogPlayLevel: PlayLevel: No blueprints needed recompiling
[2015.12.01-13.22.03:077][704]PIE: New page: PIE session: Map1 (Dec 1, 2015, 3:22:03 PM)
[2015.12.01-13.22.03:077][704]LogPlayLevel: Creating play world package: /Game/Maps/UEDPIE_0_Map1
[2015.12.01-13.22.03:100][704]LogPlayLevel: PIE: StaticDuplicateObject took: (0.023086s)
[2015.12.01-13.22.03:103][704]LogAIModule: Creating AISystem for world Map1
[2015.12.01-13.22.03:103][704]LogPlayLevel: PIE: World Init took: (0.002065s)
[2015.12.01-13.22.03:104][704]LogPlayLevel: PIE: Created PIE world by copying editor world from /Game/Maps/Map1.Map1 to /Game/Maps/UEDPIE_0_Map1.Map1 (0.026609s)
[2015.12.01-13.22.03:124][704]LogInit: XAudio2 using 'Speakers (4- High Definition Audio Device)' : 2 channels at 44.1 kHz using 16 bits per sample (channel mask 0x3)
[2015.12.01-13.22.03:130][704]LogInit: FAudioDevice initialized.
[2015.12.01-13.22.03:164][704]LogWorld: Game class is 'BOSGameMode'
[2015.12.01-13.22.03:170][704]LogWorld: Bringing World /Game/Maps/UEDPIE_0_Map1.Map1 up for play (max tick rate 0) at 2015.12.01-14.22.03
[2015.12.01-13.22.03:170][704]LogActor:Warning: GameSession /Game/Maps/UEDPIE_0_Map1.Map1:PersistentLevel.GameSession_1 has natively added scene component(s), but none of them were set as the actor's RootComponent - picking one arbitrarily
[2015.12.01-13.22.03:171][704]LogActor:Warning: GameNetworkManager /Game/Maps/UEDPIE_0_Map1.Map1:PersistentLevel.GameNetworkManager_1 has natively added scene component(s), but none of them were set as the actor's RootComponent - picking one arbitrarily
[2015.12.01-13.22.03:171][704]LogWorld: Bringing up level for play took: 0.005893
[2015.12.01-13.22.03:173][704]PIE: Info Play in editor start time for /Game/Maps/UEDPIE_0_Map1 -0.795
[2015.12.01-13.22.03:173][704]LogBlueprintUserMessages: Late PlayInEditor Detection: Level '/Game/Maps/Map1.Map1:PersistentLevel' has LevelScriptBlueprint '/Game/Maps/Map1.Map1:PersistentLevel.Map1' with GeneratedClass '/Game/Maps/Map1.Map1_C' with ClassGeneratedBy '/Game/Maps/Map1.Map1:PersistentLevel.Map1'
[2015.12.01-13.22.14:347][ 33]LogBlueprintUserMessages: Early EndPlayMap Detection: Level '/Game/Maps/Map1.Map1:PersistentLevel' has LevelScriptBlueprint '/Game/Maps/Map1.Map1:PersistentLevel.Map1' with GeneratedClass '/Game/Maps/Map1.Map1_C' with ClassGeneratedBy '/Game/Maps/Map1.Map1:PersistentLevel.Map1'
[2015.12.01-13.22.14:381][ 33]LogBlueprintUserMessages: Late EndPlayMap Detection: Level '/Game/Maps/Map1.Map1:PersistentLevel' has LevelScriptBlueprint '/Game/Maps/Map1.Map1:PersistentLevel.Map1' with GeneratedClass '/Game/Maps/Map1.Map1_C' with ClassGeneratedBy '/Game/Maps/Map1.Map1:PersistentLevel.Map1'
[2015.12.01-13.22.14:401][ 33]LogParticles: Destroying 0 GPU particle simulations for FXSystem 0x000000146665A700
[2015.12.01-13.22.19:543][176]Recompiling BOS...
[2015.12.01-13.22.19:543][176]Launching UnrealBuildTool... [C:/Program Files/Epic Games/4.9/Engine/Binaries/DotNET/UnrealBuildTool.exe BOS -ModuleWithSuffix BOS 3392 Win64 Development -editorrecompile -canskiplink "C:/Users/Spellabbet/Documents/Unreal Projects/Balls-of-steel/BOS/BOS.uproject" -rocket  -rocket]
[2015.12.01-13.22.19:546][176]Warning: Starting HotReload took  0.0s.
[2015.12.01-13.22.40:706][696]CompilerResultsLog: New page: Compilation - Dec 1, 2015, 3:22:40 PM
[2015.12.01-13.22.40:707][696]CompilerResultsLog: Info Compiling game modules for hot reload
[2015.12.01-13.22.40:707][696]CompilerResultsLog: Info Performing 2 actions (4 in parallel)
[2015.12.01-13.22.40:707][696]CompilerResultsLog: Info BOSBall.cpp
[2015.12.01-13.22.40:707][696]CompilerResultsLog: Info [2/2] Link UE4Editor-BOS-3392.dll
[2015.12.01-13.22.40:708][696]CompilerResultsLog: Info    Creating library C:\Users\Spellabbet\Documents\Unreal Projects\Balls-of-steel\BOS\Intermediate/Build/Win64\UE4Editor\Development\UE4Editor-BOS-3392.lib and object C:\Users\Spellabbet\Documents\Unreal Projects\Balls-of-steel\BOS\Intermediate/Build/Win64\UE4Editor\Development\UE4Editor-BOS-3392.exp
[2015.12.01-13.22.40:708][696]CompilerResultsLog: Info -------- End Detailed Actions Stats -----------------------------------------------------------
[2015.12.01-13.22.40:708][696]CompilerResultsLog: Info Total build time: 21,12 seconds
[2015.12.01-13.22.40:708][696]LogMainFrame: MainFrame: Module compiling took 21.169 seconds
[2015.12.01-13.22.40:798][696]LogHotReload: Re-instancing BOSBall after hot-reload.
[2015.12.01-13.22.40:853][696]LogContentBrowser: Native class hierarchy updated for 'BOS' in 0.0013 seconds. Added 8 classes and 2 folders.
[2015.12.01-13.22.40:855][696]Warning: HotReload successful (12 functions remapped  0 scriptstructs remapped)
[2015.12.01-13.22.40:916][696]LogContentBrowser: Native class hierarchy populated in 0.0072 seconds. Added 1876 classes and 337 folders.
[2015.12.01-13.22.42:214][847]LogBlueprintUserMessages: Early PlayInEditor Detection: Level '/Game/Maps/Map1.Map1:PersistentLevel' has LevelScriptBlueprint '/Game/Maps/Map1.Map1:PersistentLevel.Map1' with GeneratedClass '/Game/Maps/Map1.Map1_C' with ClassGeneratedBy '/Game/Maps/Map1.Map1:PersistentLevel.Map1'
[2015.12.01-13.22.42:214][847]LogPlayLevel: PlayLevel: No blueprints needed recompiling
[2015.12.01-13.22.42:215][847]PIE: New page: PIE session: Map1 (Dec 1, 2015, 3:22:42 PM)
[2015.12.01-13.22.42:215][847]LogPlayLevel: Creating play world package: /Game/Maps/UEDPIE_0_Map1
[2015.12.01-13.22.42:237][847]LogPlayLevel: PIE: StaticDuplicateObject took: (0.022211s)
[2015.12.01-13.22.42:239][847]LogAIModule: Creating AISystem for world Map1
[2015.12.01-13.22.42:240][847]LogPlayLevel: PIE: World Init took: (0.001539s)
[2015.12.01-13.22.42:240][847]LogPlayLevel: PIE: Created PIE world by copying editor world from /Game/Maps/Map1.Map1 to /Game/Maps/UEDPIE_0_Map1.Map1 (0.025043s)
[2015.12.01-13.22.42:260][847]LogInit: XAudio2 using 'Speakers (4- High Definition Audio Device)' : 2 channels at 44.1 kHz using 16 bits per sample (channel mask 0x3)
[2015.12.01-13.22.42:265][847]LogInit: FAudioDevice initialized.
[2015.12.01-13.22.42:296][847]LogWorld: Game class is 'BOSGameMode'
[2015.12.01-13.22.42:302][847]LogWorld: Bringing World /Game/Maps/UEDPIE_0_Map1.Map1 up for play (max tick rate 0) at 2015.12.01-14.22.42
[2015.12.01-13.22.42:304][847]LogActor:Warning: GameSession /Game/Maps/UEDPIE_0_Map1.Map1:PersistentLevel.GameSession_2 has natively added scene component(s), but none of them were set as the actor's RootComponent - picking one arbitrarily
[2015.12.01-13.22.42:304][847]LogActor:Warning: GameNetworkManager /Game/Maps/UEDPIE_0_Map1.Map1:PersistentLevel.GameNetworkManager_2 has natively added scene component(s), but none of them were set as the actor's RootComponent - picking one arbitrarily
[2015.12.01-13.22.42:304][847]LogWorld: Bringing up level for play took: 0.006243
[2015.12.01-13.22.42:306][847]PIE: Info Play in editor start time for /Game/Maps/UEDPIE_0_Map1 0.338
[2015.12.01-13.22.42:306][847]LogBlueprintUserMessages: Late PlayInEditor Detection: Level '/Game/Maps/Map1.Map1:PersistentLevel' has LevelScriptBlueprint '/Game/Maps/Map1.Map1:PersistentLevel.Map1' with GeneratedClass '/Game/Maps/Map1.Map1_C' with ClassGeneratedBy '/Game/Maps/Map1.Map1:PersistentLevel.Map1'
[2015.12.01-13.22.52:903][115]LogBlueprintUserMessages: Early EndPlayMap Detection: Level '/Game/Maps/Map1.Map1:PersistentLevel' has LevelScriptBlueprint '/Game/Maps/Map1.Map1:PersistentLevel.Map1' with GeneratedClass '/Game/Maps/Map1.Map1_C' with ClassGeneratedBy '/Game/Maps/Map1.Map1:PersistentLevel.Map1'
[2015.12.01-13.22.52:938][115]LogBlueprintUserMessages: Late EndPlayMap Detection: Level '/Game/Maps/Map1.Map1:PersistentLevel' has LevelScriptBlueprint '/Game/Maps/Map1.Map1:PersistentLevel.Map1' with GeneratedClass '/Game/Maps/Map1.Map1_C' with ClassGeneratedBy '/Game/Maps/Map1.Map1:PersistentLevel.Map1'
[2015.12.01-13.22.52:949][115]LogParticles: Destroying 0 GPU particle simulations for FXSystem 0x0000001446F25300
[2015.12.01-13.23.00:221][282]Recompiling BOS...
[2015.12.01-13.23.00:222][282]Launching UnrealBuildTool... [C:/Program Files/Epic Games/4.9/Engine/Binaries/DotNET/UnrealBuildTool.exe BOS -ModuleWithSuffix BOS 4805 Win64 Development -editorrecompile -canskiplink "C:/Users/Spellabbet/Documents/Unreal Projects/Balls-of-steel/BOS/BOS.uproject" -rocket  -rocket]
[2015.12.01-13.23.00:224][282]Warning: Starting HotReload took  0.0s.
[2015.12.01-13.23.17:100][289]CompilerResultsLog: New page: Compilation - Dec 1, 2015, 3:23:17 PM
[2015.12.01-13.23.17:101][289]CompilerResultsLog: Info Compiling game modules for hot reload
[2015.12.01-13.23.17:101][289]CompilerResultsLog: Info Performing 2 actions (4 in parallel)
[2015.12.01-13.23.17:102][289]CompilerResultsLog: Info BOSBall.cpp
[2015.12.01-13.23.17:102][289]CompilerResultsLog:Error: Error C:\Users\Spellabbet\Documents\Unreal Projects\Balls-of-steel\BOS\Source\BOS\BOSBall.cpp(49)  : error C2143: syntax error : missing ';' before '/'
[2015.12.01-13.23.17:102][289]CompilerResultsLog: Info -------- End Detailed Actions Stats -----------------------------------------------------------
[2015.12.01-13.23.17:102][289]CompilerResultsLog: Info ERROR: UBT ERROR: Failed to produce item: C:\Users\Spellabbet\Documents\Unreal Projects\Balls-of-steel\BOS\Binaries\Win64\UE4Editor-BOS-4805.dll
[2015.12.01-13.23.17:103][289]CompilerResultsLog: Info Total build time: 16,85 seconds
[2015.12.01-13.23.17:103][289]LogMainFrame: MainFrame: Module compiling took 16.884 seconds
[2015.12.01-13.23.17:103][289]Warning: HotReload failed, recompile failed
[2015.12.01-14.18.55:027][332]LogBlueprintUserMessages: Early PlayInEditor Detection: Level '/Game/Maps/Map1.Map1:PersistentLevel' has LevelScriptBlueprint '/Game/Maps/Map1.Map1:PersistentLevel.Map1' with GeneratedClass '/Game/Maps/Map1.Map1_C' with ClassGeneratedBy '/Game/Maps/Map1.Map1:PersistentLevel.Map1'
[2015.12.01-14.18.55:027][332]LogPlayLevel: PlayLevel: No blueprints needed recompiling
[2015.12.01-14.18.55:028][332]PIE: New page: PIE session: Map1 (Dec 1, 2015, 4:18:55 PM)
[2015.12.01-14.18.55:028][332]LogPlayLevel: Creating play world package: /Game/Maps/UEDPIE_0_Map1
[2015.12.01-14.18.55:055][332]LogPlayLevel: PIE: StaticDuplicateObject took: (0.026049s)
[2015.12.01-14.18.55:062][332]LogAIModule: Creating AISystem for world Map1
[2015.12.01-14.18.55:0