[2015.11.06-07.43.42:918][  0]Log file open, 11/06/15 08:43:42
[2015.11.06-07.43.42:918][  0]LogInit:Display: Running engine for game: BOS
[2015.11.06-07.43.42:918][  0]LogInit:Display: RandInit(-1174075432) SRandInit(-1174075431).
[2015.11.06-07.43.42:918][  0]LogTaskGraph: Started task graph with 4 named threads and 7 total threads.
[2015.11.06-07.43.42:918][  0]LogStats: Stats thread started at 0.075692
[2015.11.06-07.43.42:918][  0]LogInit: Version: 4.9.2-2707645+++depot+UE4-Releases+4.9
[2015.11.06-07.43.42:918][  0]LogInit: API Version: 2672455
[2015.11.06-07.43.42:918][  0]LogInit: Compiled (64-bit): Sep 28 2015 10:25:44
[2015.11.06-07.43.42:918][  0]LogInit: Compiled with Visual C++: 18.00.21005.01
[2015.11.06-07.43.42:918][  0]LogInit: Build Configuration: Development
[2015.11.06-07.43.42:918][  0]LogInit: Branch Name: ++depot+UE4-Releases+4.9
[2015.11.06-07.43.42:918][  0]LogInit: Command line:  
[2015.11.06-07.43.42:918][  0]LogInit: Base directory: C:/Program Files/Epic Games/4.9/Engine/Binaries/Win64/
[2015.11.06-07.43.42:918][  0]LogInit: Rocket: 1
[2015.11.06-07.43.42:925][  0]LogInit: Using libcurl 7.41.0
[2015.11.06-07.43.42:925][  0]LogInit:  - built for x86_64-pc-win32
[2015.11.06-07.43.42:925][  0]LogInit:  - supports SSL with WinSSL
[2015.11.06-07.43.42:925][  0]LogInit:  - other features:
[2015.11.06-07.43.42:925][  0]LogInit:      CURL_VERSION_SSL
[2015.11.06-07.43.42:925][  0]LogInit:      CURL_VERSION_IPV6
[2015.11.06-07.43.42:925][  0]LogInit:      CURL_VERSION_ASYNCHDNS
[2015.11.06-07.43.42:925][  0]LogInit:      CURL_VERSION_LARGEFILE
[2015.11.06-07.43.42:925][  0]LogInit:      CURL_VERSION_IDN
[2015.11.06-07.43.42:925][  0]LogInit:  CurlRequestOptions (configurable via config and command line):
[2015.11.06-07.43.42:925][  0]LogInit:  - bVerifyPeer = true  - Libcurl will verify peer certificate
[2015.11.06-07.43.42:925][  0]LogInit:  - bUseHttpProxy = false  - Libcurl will NOT use HTTP proxy
[2015.11.06-07.43.42:925][  0]LogInit:  - bDontReuseConnections = false  - Libcurl will reuse connections
[2015.11.06-07.43.42:925][  0]LogInit:  - CertBundlePath = nullptr  - Libcurl will use whatever was configured at build time.
[2015.11.06-07.43.42:930][  0]LogInit: Presizing for 0 objects not considered by GC, pre-allocating 0 bytes.
[2015.11.06-07.43.42:936][  0]LogInit: Object subsystem initialized
[2015.11.06-07.43.42:937][  0]LogInit: Selected Device Profile: [Windows]
[2015.11.06-07.43.42:937][  0]LogInit: Applying CVar settings loaded from the selected device profile: [Windows]
[2015.11.06-07.43.42:944][  0]LogInit: Computer: SpellabbA332-06
[2015.11.06-07.43.42:944][  0]LogInit: User: Spellabbet
[2015.11.06-07.43.42:944][  0]LogInit: CPU Page size=4096, Cores=4
[2015.11.06-07.43.42:944][  0]LogInit: High frequency timer resolution =3.507517 MHz
[2015.11.06-07.43.42:944][  0]LogMemory: Memory total: Physical=15.9GB (16GB approx)
[2015.11.06-07.43.42:944][  0]LogMemory: Platform Memory Stats for Windows
[2015.11.06-07.43.42:944][  0]LogMemory: Process Physical Memory: 52.49 MB used, 52.49 MB peak
[2015.11.06-07.43.42:944][  0]LogMemory: Process Virtual Memory: 55.96 MB used, 55.96 MB peak
[2015.11.06-07.43.42:944][  0]LogMemory: Physical Memory: 4924.02 MB used, 16318.82 MB total
[2015.11.06-07.43.42:944][  0]LogMemory: Virtual Memory: 348.31 MB used, 134217728.00 MB total
[2015.11.06-07.43.42:970][  0]LogTextLocalizationManager: No translations for ('sv-SE') exist, falling back to 'en' for localization and internationalization data.
[2015.11.06-07.43.43:574][  0]LogD3D11RHI: Found D3D11 adapter 0: NVIDIA GeForce GTX 960 (Feature Level 11_0)
[2015.11.06-07.43.43:574][  0]LogD3D11RHI: Adapter has 1965MB of dedicated video memory, 0MB of dedicated system memory, and 2048MB of shared system memory, 1 output[s]
[2015.11.06-07.43.43:575][  0]LogD3D11RHI: Found D3D11 adapter 1: Microsoft Basic Render Driver (Feature Level 11_0)
[2015.11.06-07.43.43:575][  0]LogD3D11RHI: Adapter has 0MB of dedicated video memory, 0MB of dedicated system memory, and 256MB of shared system memory, 0 output[s]
[2015.11.06-07.43.43:575][  0]LogD3D11RHI: Chosen D3D11 Adapter Id = 0
[2015.11.06-07.43.43:578][  0]LogD3D11RHI: !Direct3DDevice
[2015.11.06-07.43.43:578][  0]LogRHI: Texture pool is 1361 MB (70% of 1945 MB)
[2015.11.06-07.43.43:587][  0]LogD3D11RHI: Async texture creation enabled
[2015.11.06-07.43.43:601][  0]LogShaderCompilers: Guid format shader working directory is 15 characters bigger than the processId version (../../../../../../Users/Spellabbet/Documents/GitHub/Balls-of-steel/BOS/Intermediate/Shaders/WorkingDirectory/5228/).
[2015.11.06-07.43.43:602][  0]LogShaderCompilers: Cleaned the shader compiler working directory '../../../../../../Users/Spellabbet/Documents/GitHub/Balls-of-steel/BOS/Intermediate/Shaders/tmp/EF7276A64A902EEC284DE99DC81A4017/'.
[2015.11.06-07.43.43:602][  0]LogShaderCompilers:Display: Using Local Shader Compiler.
[2015.11.06-07.43.44:477][  0]LogTemp:Display: Loaded TP AllDesktopTargetPlatform
[2015.11.06-07.43.44:480][  0]LogTemp:Display: Loaded TP WindowsClientTargetPlatform
[2015.11.06-07.43.44:484][  0]LogTemp:Display: Loaded TP WindowsNoEditorTargetPlatform
[2015.11.06-07.43.44:488][  0]LogTemp:Display: Loaded TP WindowsServerTargetPlatform
[2015.11.06-07.43.44:492][  0]LogTemp:Display: Loaded TP WindowsTargetPlatform
[2015.11.06-07.43.44:495][  0]LogTemp:Display: Loaded TP AndroidTargetPlatform
[2015.11.06-07.43.44:497][  0]LogTemp:Display: Loaded TP Android_ASTCTargetPlatform
[2015.11.06-07.43.44:500][  0]LogTemp:Display: Loaded TP Android_ATCTargetPlatform
[2015.11.06-07.43.44:503][  0]LogTemp:Display: Loaded TP Android_DXTTargetPlatform
[2015.11.06-07.43.44:505][  0]LogTemp:Display: Loaded TP Android_ETC1TargetPlatform
[2015.11.06-07.43.44:508][  0]LogTemp:Display: Loaded TP Android_ETC2TargetPlatform
[2015.11.06-07.43.44:511][  0]LogTemp:Display: Loaded TP Android_PVRTCTargetPlatform
[2015.11.06-07.43.44:511][  0]LogTemp:Display: Loaded TP HTML5TargetPlatform
[2015.11.06-07.43.44:528][  0]LogTemp:Display: Loaded TP IOSTargetPlatform
[2015.11.06-07.43.44:530][  0]LogTemp:Display: Loaded TP LinuxNoEditorTargetPlatform
[2015.11.06-07.43.44:533][  0]LogTemp:Display: Loaded TP LinuxServerTargetPlatform
[2015.11.06-07.43.44:536][  0]LogTemp:Display: Loaded TP LinuxTargetPlatform
[2015.11.06-07.43.44:536][  0]LogTargetPlatformManager:Display: Building Assets For Windows
[2015.11.06-07.43.44:618][  0]LogDerivedDataCache:Display: Max Cache Size: 512 MB
[2015.11.06-07.43.44:657][  0]LogDerivedDataCache: Loaded boot cache 0.04s 46MB C:/Users/Spellabbet/AppData/Local/UnrealEngine/4.9/DerivedDataCache/Boot.ddc.
[2015.11.06-07.43.44:657][  0]LogDerivedDataCache:Display: Loaded Boot cache: C:/Users/Spellabbet/AppData/Local/UnrealEngine/4.9/DerivedDataCache/Boot.ddc
[2015.11.06-07.43.44:657][  0]LogDerivedDataCache: FDerivedDataBackendGraph:  Pak pak cache file ../../../../../../Users/Spellabbet/Documents/GitHub/Balls-of-steel/BOS/DerivedDataCache/DDC.ddp not found, will not use a pak cache.
[2015.11.06-07.43.44:657][  0]LogDerivedDataCache: Unable to find inner node Pak for hierarchical cache Hierarchy.
[2015.11.06-07.43.44:657][  0]LogDerivedDataCache: FDerivedDataBackendGraph:  CompressedPak pak cache file ../../../../../../Users/Spellabbet/Documents/GitHub/Balls-of-steel/BOS/DerivedDataCache/Compressed.ddp not found, will not use a pak cache.
[2015.11.06-07.43.44:657][  0]LogDerivedDataCache: Unable to find inner node CompressedPak for hierarchical cache Hierarchy.
[2015.11.06-07.43.44:765][  0]LogDerivedDataCache:Display: Pak cache opened for reading ../../../Engine/DerivedDataCache/Compressed.ddp.
[2015.11.06-07.43.44:776][  0]LogDerivedDataCache: Using Local data cache path C:/Users/Spellabbet/AppData/Local/UnrealEngine/Common/DerivedDataCache: Writable
[2015.11.06-07.43.44:910][  0]LogInit: Selected Device Profile: [Windows]
[2015.11.06-07.43.44:913][  0]LogContentStreaming: Texture pool size is 0.000000MB
[2015.11.06-07.43.45:008][  0]LogMeshUtilities: No automatic mesh reduction module available
[2015.11.06-07.43.45:008][  0]LogMeshUtilities: No automatic mesh merging module available
[2015.11.06-07.43.45:184][  0]LogInit: WinSock: version 1.1 (2.2), MaxSocks=32767, MaxUdp=65467
[2015.11.06-07.43.45:705][  0]UdpMessaging: Initializing bridge on interface 0.0.0.0:0 to multicast group 230.0.0.1:6666.
[2015.11.06-07.43.45:767][  0]LogLinker:Warning: Asset '../../../../../../Users/Spellabbet/Documents/GitHub/Balls-of-steel/BOS/Content/Rolling/Meshes/BallMesh.uasset' has been saved with empty engine version. The asset will be loaded but may be incompatible.
[2015.11.06-07.43.45:768][  0]LogLinker:Warning: Asset '../../../../../../Users/Spellabbet/Documents/GitHub/Balls-of-steel/BOS/Content/Rolling/Materials/M_Blue_Checker.uasset' has been saved with empty engine version. The asset will be loaded but may be incompatible.
[2015.11.06-07.43.45:768][  0]LogLinker:Warning: Asset '../../../../../../Users/Spellabbet/Documents/GitHub/Balls-of-steel/BOS/Content/Rolling/Materials/PM_Ball.uasset' has been saved with empty engine version. The asset will be loaded but may be incompatible.
[2015.11.06-07.43.45:871][  0]LogAssetRegistry: FAssetRegistry took 0.0103 seconds to start up
[2015.11.06-07.43.45:987][  0]SourceControl: Info Source control is disabled
[2015.11.06-07.43.45:992][  0]SourceControl: Info Source control is disabled
[2015.11.06-07.43.46:000][  0]SourceControl: Info Source control is disabled
[2015.11.06-07.43.46:007][  0]SourceControl: Info Source control is disabled
[2015.11.06-07.43.46:109][  0]LogLinker:Warning: Asset '../../../Engine/Plugins/Runtime/LeapMotionController/Content/LM_PassthroughMaterial.uasset' has been saved with empty engine version. The asset will be loaded but may be incompatible.
[2015.11.06-07.43.46:161][  0]LogObj: 29662 objects as part of root set at end of initial load.
[2015.11.06-07.43.46:161][  0]LogUObjectAllocator: 6510536 out of 0 bytes used by permanent object pool.
[2015.11.06-07.43.46:207][  0]LogEngine: Initializing Engine...
[2015.11.06-07.43.46:208][  0]LogHMD: Can't find Oculus library dev build: is proper Runtime installed? Version: 0.7.0.0
[2015.11.06-07.43.46:209][  0]LogHMD: SteamVR failed to initialize.  Err: 110
[2015.11.06-07.43.46:301][  0]LogAIModule: Creating AISystem for world NewWorld
[2015.11.06-07.43.46:305][  0]LogInit: XAudio2 using 'Speakers (4- High Definition Audio Device)' : 2 channels at 44.1 kHz using 16 bits per sample (channel mask 0x3)
[2015.11.06-07.43.46:315][  0]LogInit: FAudioDevice initialized.
[2015.11.06-07.43.46:334][  0]LogDerivedDataCache: Saved boot cache 0.02s 46MB C:/Users/Spellabbet/AppData/Local/UnrealEngine/4.9/DerivedDataCache/Boot.ddc.
[2015.11.06-07.43.46:354][  0]LogInit: Texture streaming: Enabled
[2015.11.06-07.43.46:358][  0]LogAnalytics: Creating configured Analytics provider AnalyticsET
[2015.11.06-07.43.46:358][  0]LogAnalytics: [UEEditor.Rocket.Release] APIServer = http://et2.epicgames.com/ET2/. AppVersion = 4.9.2-2707645+++depot+UE4-Releases+4.9
[2015.11.06-07.43.46:358][  0]LogAnalytics: [UEEditor.Rocket.Release] SetUserId 45933c9447afbf6f1ab999917f6accd0|8471e16762be488588a110ad13c08bd6|060e5e79-a789-49c4-8abd-5d8b330400a7
[2015.11.06-07.43.46:358][  0]LogAnalytics: [UEEditor.Rocket.Release] AnalyticsET::StartSession
[2015.11.06-07.43.46:373][  0]LogInit: Transaction tracking system initialized
[2015.11.06-07.43.46:394][  0]BlueprintLog: New page: Editor Load
[2015.11.06-07.43.46:452][  0]LocalizationService: Info Localization service is disabled
[2015.11.06-07.43.46:506][  0]LogConsoleResponse:Display: 
[2015.11.06-07.43.46:593][  0]LogCook:Display: Done creating registry. It took  0.00s.
[2015.11.06-07.43.46:632][  0]LogFileCache: Scanning file cache for directory 'C:/Users/Spellabbet/Documents/GitHub/Balls-of-steel/BOS/Content/' took 0.01s
[2015.11.06-07.43.46:632][  0]SourceControl: Info Source control is disabled
[2015.11.06-07.43.46:632][  0]Cmd: MAP LOAD FILE="../../../../../../Users/Spellabbet/Documents/GitHub/Balls-of-steel/BOS/Content/RollingCPP/Maps/MainMenu.umap" TEMPLATE=0 SHOWPROGRESS=1 FEATURELEVEL=3
[2015.11.06-07.43.46:633][  0]LightingResults: New page: Lighting Build
[2015.11.06-07.43.46:635][  0]MapCheck: New page: Map Check
[2015.11.06-07.43.46:635][  0]LightingResults: New page: Lighting Build
[2015.11.06-07.43.46:646][  0]LogParticles: Destroying 0 GPU particle simulations for FXSystem 0x0000004C3F4FC400
[2015.11.06-07.43.46:757][  0]LogAIModule: Creating AISystem for world MainMenu
[2015.11.06-07.43.46:765][  0]LogEditorServer: Finished looking for orphan Actors (0.000 secs)
[2015.11.06-07.43.46:765][  0]Cmd: MAP CHECKDEP NOCLEARLOG
[2015.11.06-07.43.46:798][  0]MapCheck: Info Map check complete: 0 Error(s), 0 Warning(s), took 32.181ms to complete.
[2015.11.06-07.43.46:798][  0]LogFileHelpers: Loading map 'MainMenu' took 0.165
[2015.11.06-07.43.46:880][  0]LogCollectionManager: Loaded 0 collections in 0.001682 seconds
[2015.11.06-07.43.46:920][  0]LogFileCache: Scanning file cache for directory 'C:/Users/Spellabbet/Documents/GitHub/Balls-of-steel/BOS/Saved/Collections/' took 0.01s
[2015.11.06-07.43.46:920][  0]LogFileCache: Scanning file cache for directory 'C:/Users/Spellabbet/Documents/GitHub/Balls-of-steel/BOS/Content/Developers/Spellabbet/Collections/' took 0.01s
[2015.11.06-07.43.46:920][  0]LogFileCache: Scanning file cache for directory 'C:/Users/Spellabbet/Documents/GitHub/Balls-of-steel/BOS/Content/Collections/' took 0.01s
[2015.11.06-07.43.46:920][  0]LogContentBrowser: Native class hierarchy populated in 0.0067 seconds. Added 1875 classes and 335 folders.
[2015.11.06-07.43.46:924][  0]LogCollectionManager: Rebuilt the GUID cache for 0 collections in 0.000002 seconds
[2015.11.06-07.43.46:930][  0]LogContentBrowser: Native class hierarchy updated for 'WidgetCarousel' in 0.0009 seconds. Added 0 classes and 0 folders.
[2015.11.06-07.43.46:965][  0]LogContentBrowser: Native class hierarchy updated for 'AddContentDialog' in 0.0010 seconds. Added 0 classes and 0 folders.
[2015.11.06-07.43.46:972][  0]LogContentBrowser: Native class hierarchy updated for 'SceneOutliner' in 0.0009 seconds. Added 1 classes and 2 folders.
[2015.11.06-07.43.47:020][  0]LogCrashTracker: Crashtracker disabled due to settings.
[2015.11.06-07.43.47:023][  0]LogUObjectGlobals:Warning: Failed to find object 'Class None.'
[2015.11.06-07.43.47:046][  0]LogLoad: Full Startup: 4.82 seconds (BP compile: 0.04 seconds)
[2015.11.06-07.43.47:086][  0]LogContentStreaming: Texture pool size now 1000 MB
[2015.11.06-07.43.47:187][  0]LogRenderer: Reallocating scene render targets to support 1208x556 (Frame:2).
[2015.11.06-07.43.47:313][  2]LogAssetRegistry: Asset discovery search completed in 1.4530 seconds
[2015.11.06-07.43.47:313][  2]LogCollectionManager: Rebuilt the object cache for 0 collections in 0.000001 seconds (found 0 objects)
[2015.11.06-07.43.47:313][  2]LogCollectionManager: Fixed up redirectors for 0 collections in 0.000025 seconds (updated 0 objects)
[2015.11.06-07.43.57:319][192]LogBlueprintUserMessages: Early PlayInEditor Detection: Level '/Game/RollingCPP/Maps/MainMenu.MainMenu:PersistentLevel' has LevelScriptBlueprint '/Game/RollingCPP/Maps/MainMenu.MainMenu:PersistentLevel.MainMenu' with GeneratedClass '/Game/RollingCPP/Maps/MainMenu.MainMenu_C' with ClassGeneratedBy '/Game/RollingCPP/Maps/MainMenu.MainMenu:PersistentLevel.MainMenu'
[2015.11.06-07.43.57:319][192]LogPlayLevel: PlayLevel: No blueprints needed recompiling
[2015.11.06-07.43.57:320][192]PIE: New page: PIE session: MainMenu (Nov 6, 2015, 9:43:57 AM)
[2015.11.06-07.43.57:320][192]LogPlayLevel: Creating play world package: /Game/RollingCPP/Maps/UEDPIE_1_MainMenu
[2015.11.06-07.43.57:324][192]LogPlayLevel: PIE: StaticDuplicateObject took: (0.003848s)
[2015.11.06-07.43.57:324][192]LogAIModule: Creating AISystem for world MainMenu
[2015.11.06-07.43.57:325][192]LogPlayLevel: PIE: World Init took: (0.000578s)
[2015.11.06-07.43.57:325][192]LogPlayLevel: PIE: Created PIE world by copying editor world from /Game/RollingCPP/Maps/MainMenu.MainMenu to /Game/RollingCPP/Maps/UEDPIE_1_MainMenu.MainMenu (0.004763s)
[2015.11.06-07.43.57:342][192]LogInit: XAudio2 using 'Speakers (4- High Definition Audio Device)' : 2 channels at 44.1 kHz using 16 bits per sample (channel mask 0x3)
[2015.11.06-07.43.57:347][192]LogInit: FAudioDevice initialized.
[2015.11.06-07.43.57:394][192]LogWorld: Game class is 'GameMode'
[2015.11.06-07.43.57:400][192]LogWorld: Bringing World /Game/RollingCPP/Maps/UEDPIE_1_MainMenu.MainMenu up for play (max tick rate 0) at 2015.11.06-08.43.57
[2015.11.06-07.43.57:400][192]LogActor:Warning: GameSession /Game/RollingCPP/Maps/UEDPIE_1_MainMenu.MainMenu:PersistentLevel.GameSession_0 has natively added scene component(s), but none of them were set as the actor's RootComponent - picking one arbitrarily
[2015.11.06-07.43.57:400][192]LogActor:Warning: GameNetworkManager /Game/RollingCPP/Maps/UEDPIE_1_MainMenu.MainMenu:PersistentLevel.GameNetworkManager_0 has natively added scene component(s), but none of them were set as the actor's RootComponent - picking one arbitrarily
[2015.11.06-07.43.57:400][192]LogWorld: Bringing up level for play took: 0.005085
[2015.11.06-07.43.57:401][192]LogInit: WinSock: Socket queue 131072 / 131072
[2015.11.06-07.43.57:402][192]LogInit: WinSock: I am SpellabbA332-06 (192.168.20.17:0)
[2015.11.06-07.43.57:402][192]LogNet: GameNetDriver IpNetDriver_0 IpNetDriver listening on port 7777
[2015.11.06-07.43.57:415][192]PIE: Info Play in editor start time for /Game/RollingCPP/Maps/UEDPIE_1_MainMenu -0.568
[2015.11.06-07.43.57:416][192]PIE: New page: PIE session: MainMenu (Nov 6, 2015, 9:43:57 AM)
[2015.11.06-07.43.57:451][192]LogNet: Browse: 127.0.0.1//Game/RollingCPP/Maps/MainMenu
[2015.11.06-07.43.57:451][192]LogInit: WinSock: Socket queue 32768 / 32768
[2015.11.06-07.43.57:452][192]LogNet: Game client on port 7777, rate 10000
[2015.11.06-07.43.57:452][192]LogNet: GetLocalNetworkVersion: GEngineNetVersion: 2707645, ProjectName: bos, ProjectVersion: 1.0.0.0, InternalProtocolVersion: 9, LocalNetworkVersion: 1605316083
[2015.11.06-07.43.57:465][192]PIE: Info Play in editor start time for /Game/RollingCPP/Maps/MainMenu -0.518
[2015.11.06-07.43.57:466][192]LogBlueprintUserMessages: Late PlayInEditor Detection: Level '/Game/RollingCPP/Maps/MainMenu.MainMenu:PersistentLevel' has LevelScriptBlueprint '/Game/RollingCPP/Maps/MainMenu.MainMenu:PersistentLevel.MainMenu' with GeneratedClass '/Game/RollingCPP/Maps/MainMenu.MainMenu_C' with ClassGeneratedBy '/Game/RollingCPP/Maps/MainMenu.MainMenu:PersistentLevel.MainMenu'
[2015.11.06-07.43.57:466][192]LogNet: NotifyAcceptingConnection: Server MainMenu accept
[2015.11.06-07.43.57:466][192]LogNet: Open MainMenu 11/06/15 08:43:57 127.0.0.1
[2015.11.06-07.43.57:466][192]LogNet: Added client connection.  Remote address = 127.0.0.1:53369
[2015.11.06-07.43.57:466][192]LogNet: NotifyAcceptingChannel Control 0 server World /Game/RollingCPP/Maps/UEDPIE_1_MainMenu.MainMenu: Accepted
[2015.11.06-07.43.57:466][192]LogNet: Remote platform little endian=1
[2015.11.06-07.43.57:466][192]LogNet: This platform little endian=1
[2015.11.06-07.43.57:466][192]LogNet: GetLocalNetworkVersion: GEngineNetVersion: 2707645, ProjectName: bos, ProjectVersion: 1.0.0.0, InternalProtocolVersion: 9, LocalNetworkVersion: 1605316083
[2015.11.06-07.43.57:484][193]LogNet: Login request: /Game/RollingCPP/Maps/MainMenu userId: Invalid
[2015.11.06-07.43.57:485][193]LogNet: Welcomed by server (Level: /Game/RollingCPP/Maps/UEDPIE_1_MainMenu, Game: /Script/Engine.GameMode)
[2015.11.06-07.43.57:514][193]LogLoad: LoadMap: 127.0.0.1//Game/RollingCPP/Maps/UEDPIE_1_MainMenu?game=/Script/Engine.GameMode
[2015.11.06-07.43.57:523][193]LogParticles: Destroying 0 GPU particle simulations for FXSystem 0x0000004C2B17CC20
[2015.11.06-07.43.57:524][193]Cmd: MEM
[2015.11.06-07.43.57:535][193]LogMemory: Platform Memory Stats for Windows
[2015.11.06-07.43.57:535][193]LogMemory: Process Physical Memory: 598.91 MB used, 599.64 MB peak
[2015.11.06-07.43.57:535][193]LogMemory: Process Virtual Memory: 1129.68 MB used, 1129.68 MB peak
[2015.11.06-07.43.57:535][193]LogMemory: Physical Memory: 4889.39 MB used, 16318.82 MB total
[2015.11.06-07.43.57:535][193]LogMemory: Virtual Memory: 1786.31 MB used, 134217728.00 MB total
[2015.11.06-07.43.57:535][193]LogMemory: 
[2015.11.06-07.43.57:535][193]Allocator Stats for TBB: (not implemented)
[2015.11.06-07.43.57:535][193]LogLinker: Can't find file for asset '/Game/RollingCPP/Maps/UEDPIE_1_MainMenu' while loading NULL.
[2015.11.06-07.43.57:538][193]LogWorld: PIE: Copying PIE streaming level from /Game/RollingCPP/Maps/MainMenu.MainMenu to /Game/RollingCPP/Maps/UEDPIE_2_MainMenu.MainMenu. OwningWorld: None
[2015.11.06-07.43.57:538][193]LogAIModule: Creating AISystem for world MainMenu
[2015.11.06-07.43.57:543][193]LogWorld: Bringing World /Game/RollingCPP/Maps/UEDPIE_2_MainMenu.MainMenu up for play (max tick rate 0) at 2015.11.06-08.43.57
[2015.11.06-07.43.57:544][193]LogWorld: Bringing up level for play took: 0.004643
[2015.11.06-07.43.57:555][194]LogNet: Client netspeed is 10000
[2015.11.06-07.43.57:555][194]LogNet: Join request: /Game/RollingCPP/Maps/MainMenu?SplitscreenCount=1
[2015.11.06-07.43.57:558][194]LogNet: Join succeeded: 257
[2015.11.06-07.43.58:541][306]LogBlueprintUserMessages: Early EndPlayMap Detection: Level '/Game/RollingCPP/Maps/MainMenu.MainMenu:PersistentLevel' has LevelScriptBlueprint '/Game/RollingCPP/Maps/MainMenu.MainMenu:PersistentLevel.MainMenu' with GeneratedClass '/Game/RollingCPP/Maps/MainMenu.MainMenu_C' with ClassGeneratedBy '/Game/RollingCPP/Maps/MainMenu.MainMenu:PersistentLevel.MainMenu'
[2015.11.06-07.43.58:599][306]LogSpawn:Warning: SpawnActor failed because we are in the process of tearing down the world
[2015.11.06-07.43.58:645][306]LogBlueprintUserMessages: Late EndPlayMap Detection: Level '/Game/RollingCPP/Maps/MainMenu.MainMenu:PersistentLevel' has LevelScriptBlueprint '/Game/RollingCPP/Maps/MainMenu.MainMenu:PersistentLevel.MainMenu' with GeneratedClass '/Game/RollingCPP/Maps/MainMenu.MainMenu_C' with ClassGeneratedBy '/Game/RollingCPP/Maps/MainMenu.MainMenu:PersistentLevel.MainMenu'
[2015.11.06-07.43.58:652][306]LogNet: UChannel::CleanUp: [GameNetDriver] [None] [None]. ChIndex == 0. Closing connection.
[2015.11.06-07.43.58:652][306]LogNet: UNetConnection::Close: Name: IpConnection_1, Driver: GameNetDriver IpNetDriver_0, PC: None, Owner: None, Channels: 2, RemoteAddr: 127.0.0.1:53369, Time: 2015.11.06-07.43.58
[2015.11.06-07.43.58:653][306]LogNet: UChannel::Close: Sending CloseBunch. ChIndex == 0. Name: ControlChannel_1
[2015.11.06-07.43.58:653][306]LogNet: UChannel::CleanUp: [GameNetDriver] [None] [None]. ChIndex == 0. Closing connection.
[2015.11.06-07.43.58:653][306]LogNet: UNetConnection::Close: Name: IpConnection_0, Driver: GameNetDriver IpNetDriver_1, PC: None, Owner: None, Channels: 2, RemoteAddr: 127.0.0.1:7777, Time: 2015.11.06-07.43.58
[2015.11.06-07.43.58:653][306]LogNet: UChannel::Close: Sending CloseBunch. ChIndex == 0. Name: ControlChannel_0
[2015.11.06-07.43.58:654][306]LogExit: GameNetDriver None shut down
[2015.11.06-07.43.58:654][306]LogExit: GameNetDriver None shut down
[2015.11.06-07.43.58:655][306]LogParticles: Destroying 0 GPU particle simulations for FXSystem 0x0000004C49BC49A0
[2015.11.06-07.43.58:655][306]LogParticles: Destroying 0 GPU particle simulations for FXSystem 0x0000004C59430360
[2015.11.06-07.44.03:885][928]Cmd: MAP LOAD FILE="../../../../../../Users/Spellabbet/Documents/GitHub/Balls-of-steel/BOS/Content/RollingCPP/Maps/MainMenu.umap" TEMPLATE=0 SHOWPROGRESS=1 FEATURELEVEL=3
[2015.11.06-07.44.03:885][928]LightingResults: New page: Lighting Build
[2015.11.06-07.44.03:899][928]LoadErrors: New page: Loading map: MainMenu.umap
[2015.11.06-07.44.03:899][928]MapCheck: New page: Map Check
[2015.11.06-07.44.03:899][928]LightingResults: New page: Lighting Build
[2015.11.06-07.44.03:909][928]LogParticles: Destroying 0 GPU particle simulations for FXSystem 0x0000004C2FD7FBA0
[2015.11.06-07.44.03:926][928]LogAIModule: Creating AISystem for world MainMenu
[2015.11.06-07.44.03:959][928]LogEditorServer: Finished looking for orphan Actors (0.000 secs)
[2015.11.06-07.44.03:997][928]Cmd: MAP CHECKDEP NOCLEARLOG
[2015.11.06-07.44.04:030][928]MapCheck: Info Map check complete: 0 Error(s), 0 Warning(s), took 32.844ms to complete.
[2015.11.06-07.44.04:031][928]LogFileHelpers: Loading map 'MainMenu' took 0.147
[2015.11.06-07.44.09:737][579]LogAIModule: Creating AISystem for world Map1
[2015.11.06-07.44.09:759][579]Cmd: MAP LOAD FILE="../../../../../../Users/Spellabbet/Documents/GitHub/Balls-of-steel/BOS/Content/RollingCPP/Maps/Map1.umap" TEMPLATE=0 SHOWPROGRESS=1 FEATURELEVEL=3
[2015.11.06-07.44.09:759][579]LightingResults: New page: Lighting Build
[2015.11.06-07.44.09:773][579]LoadErrors: New page: Loading map: Map1.umap
[2015.11.06-07.44.09:773][579]MapCheck: New page: Map Check
[2015.11.06-07.44.09:773][579]LightingResults: New page: Lighting Build
[2015.11.06-07.44.09:788][579]LogParticles: Destroying 0 GPU particle simulations for FXSystem 0x0000004C2B17EC00
[2015.11.06-07.44.09:829][579]LogEditorServer: Finished looking for orphan Actors (0.000 secs)
[2015.11.06-07.44.09:866][579]Cmd: MAP CHECKDEP NOCLEARLOG
[2015.11.06-07.44.09:899][579]MapCheck: Info Map check complete: 0 Error(s), 0 Warning(s), took 33.3ms to complete.
[2015.11.06-07.44.09:900][579]LogFileHelpers: Loading map 'Map1' took 0.142
[2015.11.06-07.44.11:428][706]LogAIModule: Creating AISystem for world Map2
[2015.11.06-07.44.11:475][706]Cmd: MAP LOAD FILE="../../../../../../Users/Spellabbet/Documents/GitHub/Balls-of-steel/BOS/Content/RollingCPP/Maps/Map2.umap" TEMPLATE=0 SHOWPROGRESS=1 FEATURELEVEL=3
[2015.11.06-07.44.11:475][706]LightingResults: New page: Lighting Build
[2015.11.06-07.44.11:489][706]LoadErrors: New page: Loading map: Map2.umap
[2015.11.06-07.44.11:489][706]MapCheck: New page: Map Check
[2015.11.06-07.44.11:490][706]LightingResults: New page: Lighting Build
[2015.11.06-07.44.11:500][706]LogParticles: Destroying 0 GPU particle simulations for FXSystem 0x0000004C2DA8DF80
[2015.11.06-07.44.11:591][706]LogEditorServer: Finished looking for orphan Actors (0.000 secs)
[2015.11.06-07.44.11:634][706]Cmd: MAP CHECKDEP NOCLEARLOG
[2015.11.06-07.44.11:671][706]MapCheck: Info Map check complete: 0 Error(s), 0 Warning(s), took 36.497ms to complete.
[2015.11.06-07.44.11:672][706]LogFileHelpers: Loading map 'Map2' took 0.198
[2015.11.06-07.44.13:372][896]Cmd: UpdateLandscapeSetup
[2015.11.06-07.44.14:073][979]Recompiling BOS...
[2015.11.06-07.44.14:073][979]Launching UnrealBuildTool... [C:/Program Files/Epic Games/4.9/Engine/Binaries/DotNET/UnrealBuildTool.exe BOS -ModuleWithSuffix BOS 1060 Win64 Development -editorrecompile -canskiplink "C:/Users/Spellabbet/Documents/GitHub/Balls-of-steel/BOS/BOS.uproject" -rocket  -rocket]
[2015.11.06-07.44.14:074][979]Warning: Starting HotReload took  0.0s.
[2015.11.06-07.44.14:833][ 50]CompilerResultsLog: New page: Compilation - Nov 6, 2015, 9:44:14 AM
[2015.11.06-07.44.14:833][ 50]CompilerResultsLog: Info Compiling game modules for hot reload
[2015.11.06-07.44.14:833][ 50]CompilerResultsLog: Info Target is up to date.
[2015.11.06-07.44.14:833][ 50]LogMainFrame: MainFrame: Module compiling took 0.762 seconds
[2015.11.06-07.44.16:101][198]LogPlayLevel: PlayLevel: No blueprints needed recompiling
[2015.11.06-07.44.16:102][198]PIE: New page: PIE session: Map2 (Nov 6, 2015, 9:44:16 AM)
[2015.11.06-07.44.16:102][198]LogPlayLevel: Creating play world package: /Game/RollingCPP/Maps/UEDPIE_1_Map2
[2015.11.06-07.44.16:544][198]LogPlayLevel: PIE: StaticDuplicateObject took: (0.441493s)
[2015.11.06-07.44.16:544][198]LogAIModule: Creating AISystem for world Map2
[2015.11.06-07.44.16:544][198]LogPlayLevel: PIE: World Init took: (0.000570s)
[2015.11.06-07.44.16:544][198]LogPlayLevel: PIE: Created PIE world by copying editor world from /Game/RollingCPP/Maps/Map2.Map2 to /Game/RollingCPP/Maps/UEDPIE_1_Map2.Map2 (0.442280s)
[2015.11.06-07.44.16:562][198]LogInit: XAudio2 using 'Speakers (4- High Definition Audio Device)' : 2 channels at 44.1 kHz using 16 bits per sample (channel mask 0x3)
[2015.11.06-07.44.16:566][198]LogInit: FAudioDevice initialized.
[2015.11.06-07.44.16:599][198]LogWorld: Game class is 'GameMode'
[2015.11.06-07.44.16:625][198]LogWorld: Bringing World /Game/RollingCPP/Maps/UEDPIE_1_Map2.Map2 up for play (max tick rate 0) at 2015.11.06-08.44.16
[2015.11.06-07.44.16:625][198]LogActor:Warning: GameSession /Game/RollingCPP/Maps/UEDPIE_1_Map2.Map2:PersistentLevel.GameSession_1 has natively added scene component(s), but none of them were set as the actor's RootComponent - picking one arbitrarily
[2015.11.06-07.44.16:626][198]LogActor:Warning: GameNetworkManager /Game/RollingCPP/Maps/UEDPIE_1_Map2.Map2:PersistentLevel.GameNetworkManager_1 has natively added scene component(s), but none of them were set as the actor's RootComponent - picking one arbitrarily
[2015.11.06-07.44.16:661][198]LogWorld: Bringing up level for play took: 0.060559
[2015.11.06-07.44.16:662][198]LogInit: WinSock: Socket queue 131072 / 131072
[2015.11.06-07.44.16:663][198]LogNet: GameNetDriver IpNetDriver_2 IpNetDriver listening on port 7777
[2015.11.06-07.44.16:680][198]PIE: Info Play in editor start time for /Game/RollingCPP/Maps/UEDPIE_1_Map2 0.697
[2015.11.06-07.44.16:681][198]PIE: New page: PIE session: Map2 (Nov 6, 2015, 9:44:16 AM)
[2015.11.06-07.44.16:716][198]LogNet: Browse: 127.0.0.1//Game/RollingCPP/Maps/MainMenu
[2015.11.06-07.44.16:716][198]LogInit: WinSock: Socket queue 32768 / 32768
[2015.11.06-07.44.16:716][198]LogNet: Game client on port 7777, rate 10000
[2015.11.06-07.44.16:716][198]LogNet: GetLocalNetworkVersion: GEngineNetVersion: 2707645, ProjectName: bos, ProjectVersion: 1.0.0.0, InternalProtocolVersion: 9, LocalNetworkVersion: 1605316083
[2015.11.06-07.44.16:729][198]PIE: Info Play in editor start time for /Game/RollingCPP/Maps/MainMenu 0.747
[2015.11.06-07.44.16:730][198]LogNet: NotifyAcceptingConnection: Server Map2 accept
[2015.11.06-07.44.16:730][198]LogNet: Open Map2 11/06/15 08:44:16 127.0.0.1
[2015.11.06-07.44.16:730][198]LogNet: Added client connection.  Remote address = 127.0.0.1:55871
[2015.11.06-07.44.16:730][198]LogNet: NotifyAcceptingChannel Control 0 server World /Game/RollingCPP/Maps/UEDPIE_1_Map2.Map2: Accepted
[2015.11.06-07.44.16:730][198]LogNet: Remote platform little endian=1
[2015.11.06-07.44.16:730][198]LogNet: This platform little endian=1
[2015.11.06-07.44.16:730][198]LogNet: GetLocalNetworkVersion: GEngineNetVersion: 2707645, ProjectName: bos, ProjectVersion: 1.0.0.0, InternalProtocolVersion: 9, LocalNetworkVersion: 1605316083
[2015.11.06-07.44.16:790][199]LogNet: Login request: /Game/RollingCPP/Maps/MainMenu userId: Invalid
[2015.11.06-07.44.16:791][199]LogNet: Welcomed by server (Level: /Game/RollingCPP/Maps/UEDPIE_1_Map2, Game: /Script/Engine.GameMode)
[2015.11.06-07.44.16:791][199]LogLoad: LoadMap: 127.0.0.1//Game/RollingCPP/Maps/UEDPIE_1_Map2?game=/Script/Engine.GameMode
[2015.11.06-07.44.16:803][199]LogParticles: Destroying 0 GPU particle simulations for FXSystem 0x0000004C6F69BC40
[2015.11.06-07.44.16:804][199]Cmd: MEM
[2015.11.06-07.44.16:816][199]LogMemory: Platform Memory Stats for Windows
[2015.11.06-07.44.16:816][199]LogMemory: Process Physical Memory: 698.41 MB used, 698.41 MB peak
[2015.11.06-07.44.16:816][199]LogMemory: Process Virtual Memory: 1252.59 MB used, 1252.59 MB peak
[2015.11.06-07.44.16:816][199]LogMemory: Physical Memory: 5018.53 MB used, 16318.82 MB total
[2015.11.06-07.44.16:816][199]LogMemory: Virtual Memory: 1899.40 MB used, 134217728.00 MB total
[2015.11.06-07.44.16:816][199]LogMemory: 
[2015.11.06-07.44.16:816][199]Allocator Stats for TBB: (not implemented)
[2015.11.06-07.44.16:816][199]LogLinker: Can't find file for asset '/Game/RollingCPP/Maps/UEDPIE_1_Map2' while loading NULL.
[2015.11.06-07.44.17:364][199]LogWorld: PIE: Copying PIE streaming level from /Game/RollingCPP/Maps/Map2.Map2 to /Game/RollingCPP/Maps/UEDPIE_2_Map2.Map2. OwningWorld: None
[2015.11.06-07.44.17:365][199]LogAIModule: Creating AISystem for world Map2
[2015.11.06-07.44.17:392][199]LogWorld: Bringing World /Game/RollingCPP/Maps/UEDPIE_2_Map2.Map2 up for play (max tick rate 0) at 2015.11.06-08.44.17
[2015.11.06-07.44.17:427][199]LogWorld: Bringing up level for play took: 0.061188
[2015.11.06-07.44.17:440][200]LogNet: Client netspeed is 10000
[2015.11.06-07.44.17:440][200]LogNet: Join request: /Game/RollingCPP/Maps/MainMenu?SplitscreenCount=1
[2015.11.06-07.44.17:441][200]LogNet: Join succeeded: 259
[2015.11.06-07.44.20:659][562]LogSpawn:Warning: SpawnActor failed because we are in the process of tearing down the world
[2015.11.06-07.44.20:725][562]LogNet: UChannel::CleanUp: [GameNetDriver] [PlayerController_7] [PlayerController_7]. ChIndex == 0. Closing connection.
[2015.11.06-07.44.20:725][562]LogNet: UNetConnection::Close: Name: None, Driver: GameNetDriver None, PC: PlayerController_7, Owner: PlayerController_7, Channels: 9, RemoteAddr: 127.0.0.1:7777, Time: 2015.11.06-07.44.20
[2015.11.06-07.44.20:725][562]LogNet: UChannel::Close: Sending CloseBunch. ChIndex == 0. Name: ControlChannel_2
[2015.11.06-07.44.20:725][562]LogNet: UChannel::CleanUp: [GameNetDriver] [PlayerController_6] [PlayerController_6]. ChIndex == 0. Closing connection.
[2015.11.06-07.44.20:725][562]LogNet: UNetConnection::Close: Name: None, Driver: GameNetDriver None, PC: PlayerController_6, Owner: PlayerController_6, Channels: 9, RemoteAddr: 127.0.0.1:55871, Time: 2015.11.06-07.44.20
[2015.11.06-07.44.20:725][562]LogNet: UChannel::Close: Sending CloseBunch. ChIndex == 0. Name: ControlChannel_3
[2015.11.06-07.44.20:733][562]LogParticles: Destroying 0 GPU particle simulations for FXSystem 0x0000004C45E47B00
[2015.11.06-07.44.20:733][562]LogExit: GameNetDriver None shut down
[2015.11.06-07.44.20:733][562]LogParticles: Destroying 0 GPU particle simulations for FXSystem 0x0000004C78E9DC60
[2015.11.06-07.44.20:733][562]LogExit: GameNetDriver None shut down
[2015.11.06-07.44.22:610][781]Cmd: UpdateLandscapeSetup
[2015.11.06-07.44.24:447][  0]Recompiling BOS...
[2015.11.06-07.44.24:447][  0]Launching UnrealBuildTool... [C:/Program Files/Epic Games/4.9/Engine/Binaries/DotNET/UnrealBuildTool.exe BOS -ModuleWithSuffix BOS 123 Win64 Development -editorrecompile -canskiplink "C:/Users/Spellabbet/Documents/GitHub/Balls-of-steel/BOS/BOS.uproject" -rocket  -rocket]
[2015.11.06-07.44.24:449][  0]Warning: Starting HotReload took  0.0s.
[2015.11.06-07.44.25:208][ 73]CompilerResultsLog: New page: Compilation - Nov 6, 2015, 9:44:25 AM
[2015.11.06-07.44.25:208][ 73]CompilerResultsLog: Info Compiling game modules for hot reload
[2015.11.06-07.44.25:208][ 73]CompilerResultsLog: Info Target is up to date.
[2015.11.06-07.44.25:208][ 73]LogMainFrame: MainFrame: Module compiling took 0.764 seconds
[2015.11.06-07.44.26:549][230]LogPlayLevel: PlayLevel: No blueprints needed recompiling
[2015.11.06-07.44.26:550][230]PIE: New page: PIE session: Map2 (Nov 6, 2015, 9:44:26 AM)
[2015.11.06-07.44.26:550][230]LogPlayLevel: Creating play world package: /Game/RollingCPP/Maps/UEDPIE_1_Map2
[2015.11.06-07.44.27:211][230]LogPlayLevel: PIE: StaticDuplicateObject took: (0.659704s)
[2015.11.06-07.44.27:211][230]LogAIModule: Creating AISystem for world Map2
[2015.11.06-07.44.27:211][230]LogPlayLevel: PIE: World Init took: (0.000536s)
[2015.11.06-07.44.27:211][230]LogPlayLevel: PIE: Created PIE world by copying editor world from /Game/RollingCPP/Maps/Map2.Map2 to /Game/RollingCPP/Maps/UEDPIE_1_Map2.Map2 (0.660457s)
[2015.11.06-07.44.27:225][230]LogInit: XAudio2 using 'Speakers (4- High Definition Audio Device)' : 2 channels at 44.1 kHz using 16 bits per sample (channel mask 0x3)
[2015.11.06-07.44.27:229][230]LogInit: FAudioDevice initialized.
[2015.11.06-07.44.27:259][230]LogWorld: Game class is 'BOSGameMode'
[2015.11.06-07.44.27:286][230]LogWorld: Bringing World /Game/RollingCPP/Maps/UEDPIE_1_Map2.Map2 up for play (max tick rate 0) at 2015.11.06-08.44.27
[2015.11.06-07.44.27:286][230]LogActor:Warning: GameSession /Game/RollingCPP/Maps/UEDPIE_1_Map2.Map2:PersistentLevel.GameSession_2 has natively added scene component(s), but none of them were set as the actor's RootComponent - picking one arbitrarily
[2015.11.06-07.44.27:286][230]LogActor:Warning: GameNetworkManager /Game/RollingCPP/Maps/UEDPIE_1_Map2.Map2:PersistentLevel.GameNetworkManager_2 has natively added scene component(s), but none of them were set as the actor's RootComponent - picking one arbitrarily
[2015.11.06-07.44.27:321][230]LogWorld: Bringing up level for play took: 0.059419
[2015.11.06-07.44.27:322][230]LogWindows:Error: Windows GetLastError: The operation completed successfully. (0)
[2015.11.06-07.44.27:458][230]LogCrashTracker: 


[2015.11.06-07.44.27:458][230]LogCrashTracker: 


[2015.11.06-07.44.27:458][230]LogWindows: === Critical error: ===
Assertion failed: (Index >= 0) & (Index < ArrayNum) [File:C:\Program Files\Epic Games\4.9\Engine\Source\Runtime\Core\Public\Containers\Array.h] [Line: 678] 
Array index out of bounds: 0 from an array of size 0




[2015.11.06-07.44.27:553][230]LogExit: Executing StaticShutdownAfterError
[2015.11.06-07.44.27:563][230]LogPhysics:Warning: PHYSX: ..\..\PhysX\src\NpScene.cpp (2946) 8 : PxScene::unlockWrite() called without matching call to PxScene::lockWrite(), behaviour will be undefined.
[2015.11.06-07.44.27:563][230]LogPhysics:Warning: PHYSX: ..\..\PhysX\src\NpScene.cpp (2946) 8 : PxScene::unlockWrite() called without matching call to PxScene::lockWrite(), behaviour will be undefined.
[2015.11.06-07.44.27:563][230]LogPhysics:Warning: PHYSX: ..\..\PhysX\src\NpScene.cpp (2946) 8 : PxScene::unlockWrite() called without matching call to PxScene::lockWrite(), behaviour will be undefined.
[2015.11.06-07.44.27:563][230]LogPhysics:Warning: PHYSX: ..\..\PhysX\src\NpScene.cpp (2946) 8 : PxScene::unlockWrite() called without matching call to PxScene::lockWrite(), behaviour will be undefined.
[2015.11.06-07.44.27:563][230]LogWindows: FPlatformMisc::RequestExit(1)
[2015.11.06-07.44.27:563][230]Log file closed, 11/06/15 08:44:27
