[2015.11.06-09.31.42:682][  0]Log file open, 11/06/15 10:31:42
[2015.11.06-09.31.42:682][  0]LogInit:Display: Running engine for game: BOS
[2015.11.06-09.31.42:682][  0]LogInit:Display: RandInit(79011446) SRandInit(79011446).
[2015.11.06-09.31.42:682][  0]LogTaskGraph: Started task graph with 4 named threads and 7 total threads.
[2015.11.06-09.31.42:682][  0]LogStats: Stats thread started at 0.071262
[2015.11.06-09.31.42:682][  0]LogInit: Version: 4.9.2-2707645+++depot+UE4-Releases+4.9
[2015.11.06-09.31.42:682][  0]LogInit: API Version: 2672455
[2015.11.06-09.31.42:682][  0]LogInit: Compiled (64-bit): Sep 28 2015 10:25:44
[2015.11.06-09.31.42:682][  0]LogInit: Compiled with Visual C++: 18.00.21005.01
[2015.11.06-09.31.42:682][  0]LogInit: Build Configuration: Development
[2015.11.06-09.31.42:682][  0]LogInit: Branch Name: ++depot+UE4-Releases+4.9
[2015.11.06-09.31.42:682][  0]LogInit: Command line:  
[2015.11.06-09.31.42:682][  0]LogInit: Base directory: C:/Program Files/Epic Games/4.9/Engine/Binaries/Win64/
[2015.11.06-09.31.42:682][  0]LogInit: Rocket: 1
[2015.11.06-09.31.42:689][  0]LogInit: Using libcurl 7.41.0
[2015.11.06-09.31.42:689][  0]LogInit:  - built for x86_64-pc-win32
[2015.11.06-09.31.42:689][  0]LogInit:  - supports SSL with WinSSL
[2015.11.06-09.31.42:689][  0]LogInit:  - other features:
[2015.11.06-09.31.42:689][  0]LogInit:      CURL_VERSION_SSL
[2015.11.06-09.31.42:689][  0]LogInit:      CURL_VERSION_IPV6
[2015.11.06-09.31.42:689][  0]LogInit:      CURL_VERSION_ASYNCHDNS
[2015.11.06-09.31.42:689][  0]LogInit:      CURL_VERSION_LARGEFILE
[2015.11.06-09.31.42:689][  0]LogInit:      CURL_VERSION_IDN
[2015.11.06-09.31.42:689][  0]LogInit:  CurlRequestOptions (configurable via config and command line):
[2015.11.06-09.31.42:689][  0]LogInit:  - bVerifyPeer = true  - Libcurl will verify peer certificate
[2015.11.06-09.31.42:689][  0]LogInit:  - bUseHttpProxy = false  - Libcurl will NOT use HTTP proxy
[2015.11.06-09.31.42:689][  0]LogInit:  - bDontReuseConnections = false  - Libcurl will reuse connections
[2015.11.06-09.31.42:689][  0]LogInit:  - CertBundlePath = nullptr  - Libcurl will use whatever was configured at build time.
[2015.11.06-09.31.42:695][  0]LogInit: Presizing for 0 objects not considered by GC, pre-allocating 0 bytes.
[2015.11.06-09.31.42:700][  0]LogInit: Object subsystem initialized
[2015.11.06-09.31.42:701][  0]LogInit: Selected Device Profile: [Windows]
[2015.11.06-09.31.42:701][  0]LogInit: Applying CVar settings loaded from the selected device profile: [Windows]
[2015.11.06-09.31.42:710][  0]LogInit: Computer: SpellabbA332-06
[2015.11.06-09.31.42:710][  0]LogInit: User: Spellabbet
[2015.11.06-09.31.42:710][  0]LogInit: CPU Page size=4096, Cores=4
[2015.11.06-09.31.42:710][  0]LogInit: High frequency timer resolution =3.507517 MHz
[2015.11.06-09.31.42:710][  0]LogMemory: Memory total: Physical=15.9GB (16GB approx)
[2015.11.06-09.31.42:710][  0]LogMemory: Platform Memory Stats for Windows
[2015.11.06-09.31.42:710][  0]LogMemory: Process Physical Memory: 52.49 MB used, 52.49 MB peak
[2015.11.06-09.31.42:710][  0]LogMemory: Process Virtual Memory: 55.99 MB used, 55.99 MB peak
[2015.11.06-09.31.42:710][  0]LogMemory: Physical Memory: 6033.57 MB used, 16318.82 MB total
[2015.11.06-09.31.42:710][  0]LogMemory: Virtual Memory: 349.31 MB used, 134217728.00 MB total
[2015.11.06-09.31.42:738][  0]LogTextLocalizationManager: No translations for ('sv-SE') exist, falling back to 'en' for localization and internationalization data.
[2015.11.06-09.31.43:355][  0]LogD3D11RHI: Found D3D11 adapter 0: NVIDIA GeForce GTX 960 (Feature Level 11_0)
[2015.11.06-09.31.43:355][  0]LogD3D11RHI: Adapter has 1965MB of dedicated video memory, 0MB of dedicated system memory, and 2048MB of shared system memory, 1 output[s]
[2015.11.06-09.31.43:356][  0]LogD3D11RHI: Found D3D11 adapter 1: Microsoft Basic Render Driver (Feature Level 11_0)
[2015.11.06-09.31.43:356][  0]LogD3D11RHI: Adapter has 0MB of dedicated video memory, 0MB of dedicated system memory, and 256MB of shared system memory, 0 output[s]
[2015.11.06-09.31.43:356][  0]LogD3D11RHI: Chosen D3D11 Adapter Id = 0
[2015.11.06-09.31.43:359][  0]LogD3D11RHI: !Direct3DDevice
[2015.11.06-09.31.43:359][  0]LogRHI: Texture pool is 1361 MB (70% of 1945 MB)
[2015.11.06-09.31.43:370][  0]LogD3D11RHI: Async texture creation enabled
[2015.11.06-09.31.43:384][  0]LogShaderCompilers: Guid format shader working directory is 15 characters bigger than the processId version (../../../../../../Users/Spellabbet/Documents/GitHub/Balls-of-steel/BOS/Intermediate/Shaders/WorkingDirectory/5484/).
[2015.11.06-09.31.43:384][  0]LogShaderCompilers: Cleaned the shader compiler working directory '../../../../../../Users/Spellabbet/Documents/GitHub/Balls-of-steel/BOS/Intermediate/Shaders/tmp/5CEDE15A46CAB173360D14BF415F3FB5/'.
[2015.11.06-09.31.43:384][  0]LogShaderCompilers:Display: Using Local Shader Compiler.
[2015.11.06-09.31.44:266][  0]LogTemp:Display: Loaded TP AllDesktopTargetPlatform
[2015.11.06-09.31.44:270][  0]LogTemp:Display: Loaded TP WindowsClientTargetPlatform
[2015.11.06-09.31.44:274][  0]LogTemp:Display: Loaded TP WindowsNoEditorTargetPlatform
[2015.11.06-09.31.44:278][  0]LogTemp:Display: Loaded TP WindowsServerTargetPlatform
[2015.11.06-09.31.44:282][  0]LogTemp:Display: Loaded TP WindowsTargetPlatform
[2015.11.06-09.31.44:284][  0]LogTemp:Display: Loaded TP AndroidTargetPlatform
[2015.11.06-09.31.44:287][  0]LogTemp:Display: Loaded TP Android_ASTCTargetPlatform
[2015.11.06-09.31.44:289][  0]LogTemp:Display: Loaded TP Android_ATCTargetPlatform
[2015.11.06-09.31.44:292][  0]LogTemp:Display: Loaded TP Android_DXTTargetPlatform
[2015.11.06-09.31.44:295][  0]LogTemp:Display: Loaded TP Android_ETC1TargetPlatform
[2015.11.06-09.31.44:297][  0]LogTemp:Display: Loaded TP Android_ETC2TargetPlatform
[2015.11.06-09.31.44:300][  0]LogTemp:Display: Loaded TP Android_PVRTCTargetPlatform
[2015.11.06-09.31.44:300][  0]LogTemp:Display: Loaded TP HTML5TargetPlatform
[2015.11.06-09.31.44:316][  0]LogTemp:Display: Loaded TP IOSTargetPlatform
[2015.11.06-09.31.44:318][  0]LogTemp:Display: Loaded TP LinuxNoEditorTargetPlatform
[2015.11.06-09.31.44:321][  0]LogTemp:Display: Loaded TP LinuxServerTargetPlatform
[2015.11.06-09.31.44:324][  0]LogTemp:Display: Loaded TP LinuxTargetPlatform
[2015.11.06-09.31.44:324][  0]LogTargetPlatformManager:Display: Building Assets For Windows
[2015.11.06-09.31.44:386][  0]LogDerivedDataCache:Display: Max Cache Size: 512 MB
[2015.11.06-09.31.44:424][  0]LogDerivedDataCache: Loaded boot cache 0.04s 46MB C:/Users/Spellabbet/AppData/Local/UnrealEngine/4.9/DerivedDataCache/Boot.ddc.
[2015.11.06-09.31.44:424][  0]LogDerivedDataCache:Display: Loaded Boot cache: C:/Users/Spellabbet/AppData/Local/UnrealEngine/4.9/DerivedDataCache/Boot.ddc
[2015.11.06-09.31.44:424][  0]LogDerivedDataCache: FDerivedDataBackendGraph:  Pak pak cache file ../../../../../../Users/Spellabbet/Documents/GitHub/Balls-of-steel/BOS/DerivedDataCache/DDC.ddp not found, will not use a pak cache.
[2015.11.06-09.31.44:424][  0]LogDerivedDataCache: Unable to find inner node Pak for hierarchical cache Hierarchy.
[2015.11.06-09.31.44:424][  0]LogDerivedDataCache: FDerivedDataBackendGraph:  CompressedPak pak cache file ../../../../../../Users/Spellabbet/Documents/GitHub/Balls-of-steel/BOS/DerivedDataCache/Compressed.ddp not found, will not use a pak cache.
[2015.11.06-09.31.44:424][  0]LogDerivedDataCache: Unable to find inner node CompressedPak for hierarchical cache Hierarchy.
[2015.11.06-09.31.44:533][  0]LogDerivedDataCache:Display: Pak cache opened for reading ../../../Engine/DerivedDataCache/Compressed.ddp.
[2015.11.06-09.31.44:545][  0]LogDerivedDataCache: Using Local data cache path C:/Users/Spellabbet/AppData/Local/UnrealEngine/Common/DerivedDataCache: Writable
[2015.11.06-09.31.44:692][  0]LogInit: Selected Device Profile: [Windows]
[2015.11.06-09.31.44:694][  0]LogContentStreaming: Texture pool size is 0.000000MB
[2015.11.06-09.31.44:791][  0]LogMeshUtilities: No automatic mesh reduction module available
[2015.11.06-09.31.44:791][  0]LogMeshUtilities: No automatic mesh merging module available
[2015.11.06-09.31.44:973][  0]LogInit: WinSock: version 1.1 (2.2), MaxSocks=32767, MaxUdp=65467
[2015.11.06-09.31.45:501][  0]UdpMessaging: Initializing bridge on interface 0.0.0.0:0 to multicast group 230.0.0.1:6666.
[2015.11.06-09.31.45:566][  0]LogLinker:Warning: Asset '../../../../../../Users/Spellabbet/Documents/GitHub/Balls-of-steel/BOS/Content/Rolling/Meshes/BallMesh.uasset' has been saved with empty engine version. The asset will be loaded but may be incompatible.
[2015.11.06-09.31.45:566][  0]LogLinker:Warning: Asset '../../../../../../Users/Spellabbet/Documents/GitHub/Balls-of-steel/BOS/Content/Rolling/Materials/M_Blue_Checker.uasset' has been saved with empty engine version. The asset will be loaded but may be incompatible.
[2015.11.06-09.31.45:567][  0]LogLinker:Warning: Asset '../../../../../../Users/Spellabbet/Documents/GitHub/Balls-of-steel/BOS/Content/Rolling/Materials/PM_Ball.uasset' has been saved with empty engine version. The asset will be loaded but may be incompatible.
[2015.11.06-09.31.45:673][  0]LogAssetRegistry: FAssetRegistry took 0.0108 seconds to start up
[2015.11.06-09.31.45:804][  0]SourceControl: Info Source control is disabled
[2015.11.06-09.31.45:810][  0]SourceControl: Info Source control is disabled
[2015.11.06-09.31.45:819][  0]SourceControl: Info Source control is disabled
[2015.11.06-09.31.45:828][  0]SourceControl: Info Source control is disabled
[2015.11.06-09.31.45:934][  0]LogLinker:Warning: Asset '../../../Engine/Plugins/Runtime/LeapMotionController/Content/LM_PassthroughMaterial.uasset' has been saved with empty engine version. The asset will be loaded but may be incompatible.
[2015.11.06-09.31.45:991][  0]LogObj: 29664 objects as part of root set at end of initial load.
[2015.11.06-09.31.45:991][  0]LogUObjectAllocator: 6510888 out of 0 bytes used by permanent object pool.
[2015.11.06-09.31.46:036][  0]LogEngine: Initializing Engine...
[2015.11.06-09.31.46:038][  0]LogHMD: Can't find Oculus library dev build: is proper Runtime installed? Version: 0.7.0.0
[2015.11.06-09.31.46:038][  0]LogHMD: SteamVR failed to initialize.  Err: 110
[2015.11.06-09.31.46:136][  0]LogAIModule: Creating AISystem for world NewWorld
[2015.11.06-09.31.46:140][  0]LogInit: XAudio2 using 'Speakers (4- High Definition Audio Device)' : 2 channels at 44.1 kHz using 16 bits per sample (channel mask 0x3)
[2015.11.06-09.31.46:150][  0]LogInit: FAudioDevice initialized.
[2015.11.06-09.31.46:169][  0]LogDerivedDataCache: Saved boot cache 0.02s 46MB C:/Users/Spellabbet/AppData/Local/UnrealEngine/4.9/DerivedDataCache/Boot.ddc.
[2015.11.06-09.31.46:173][  0]LogInit: Texture streaming: Enabled
[2015.11.06-09.31.46:178][  0]LogAnalytics: Creating configured Analytics provider AnalyticsET
[2015.11.06-09.31.46:178][  0]LogAnalytics: [UEEditor.Rocket.Release] APIServer = http://et2.epicgames.com/ET2/. AppVersion = 4.9.2-2707645+++depot+UE4-Releases+4.9
[2015.11.06-09.31.46:178][  0]LogAnalytics: [UEEditor.Rocket.Release] SetUserId 45933c9447afbf6f1ab999917f6accd0|8471e16762be488588a110ad13c08bd6|060e5e79-a789-49c4-8abd-5d8b330400a7
[2015.11.06-09.31.46:178][  0]LogAnalytics: [UEEditor.Rocket.Release] AnalyticsET::StartSession
[2015.11.06-09.31.46:195][  0]LogInit: Transaction tracking system initialized
[2015.11.06-09.31.46:216][  0]BlueprintLog: New page: Editor Load
[2015.11.06-09.31.46:282][  0]LocalizationService: Info Localization service is disabled
[2015.11.06-09.31.46:349][  0]LogConsoleResponse:Display: 
[2015.11.06-09.31.46:433][  0]LogCook:Display: Done creating registry. It took  0.00s.
[2015.11.06-09.31.46:474][  0]LogFileCache: Scanning file cache for directory 'C:/Users/Spellabbet/Documents/GitHub/Balls-of-steel/BOS/Content/' took 0.01s
[2015.11.06-09.31.46:474][  0]SourceControl: Info Source control is disabled
[2015.11.06-09.31.46:474][  0]Cmd: MAP LOAD FILE="../../../../../../Users/Spellabbet/Documents/GitHub/Balls-of-steel/BOS/Content/RollingCPP/Maps/MainMenu.umap" TEMPLATE=0 SHOWPROGRESS=1 FEATURELEVEL=3
[2015.11.06-09.31.46:474][  0]LightingResults: New page: Lighting Build
[2015.11.06-09.31.46:477][  0]MapCheck: New page: Map Check
[2015.11.06-09.31.46:477][  0]LightingResults: New page: Lighting Build
[2015.11.06-09.31.46:486][  0]LogParticles: Destroying 0 GPU particle simulations for FXSystem 0x0000008157064400
[2015.11.06-09.31.46:587][  0]LogAIModule: Creating AISystem for world MainMenu
[2015.11.06-09.31.46:594][  0]LogEditorServer: Finished looking for orphan Actors (0.000 secs)
[2015.11.06-09.31.46:594][  0]Cmd: MAP CHECKDEP NOCLEARLOG
[2015.11.06-09.31.46:625][  0]MapCheck: Info Map check complete: 0 Error(s), 0 Warning(s), took 30.836ms to complete.
[2015.11.06-09.31.46:625][  0]LogFileHelpers: Loading map 'MainMenu' took 0.152
[2015.11.06-09.31.46:713][  0]LogCollectionManager: Loaded 0 collections in 0.001802 seconds
[2015.11.06-09.31.46:753][  0]LogFileCache: Scanning file cache for directory 'C:/Users/Spellabbet/Documents/GitHub/Balls-of-steel/BOS/Saved/Collections/' took 0.01s
[2015.11.06-09.31.46:753][  0]LogFileCache: Scanning file cache for directory 'C:/Users/Spellabbet/Documents/GitHub/Balls-of-steel/BOS/Content/Developers/Spellabbet/Collections/' took 0.01s
[2015.11.06-09.31.46:753][  0]LogFileCache: Scanning file cache for directory 'C:/Users/Spellabbet/Documents/GitHub/Balls-of-steel/BOS/Content/Collections/' took 0.01s
[2015.11.06-09.31.46:753][  0]LogContentBrowser: Native class hierarchy populated in 0.0074 seconds. Added 1875 classes and 335 folders.
[2015.11.06-09.31.46:758][  0]LogCollectionManager: Rebuilt the GUID cache for 0 collections in 0.000003 seconds
[2015.11.06-09.31.46:765][  0]LogContentBrowser: Native class hierarchy updated for 'WidgetCarousel' in 0.0010 seconds. Added 0 classes and 0 folders.
[2015.11.06-09.31.46:801][  0]LogContentBrowser: Native class hierarchy updated for 'AddContentDialog' in 0.0012 seconds. Added 0 classes and 0 folders.
[2015.11.06-09.31.46:810][  0]LogContentBrowser: Native class hierarchy updated for 'SceneOutliner' in 0.0009 seconds. Added 1 classes and 2 folders.
[2015.11.06-09.31.46:850][  0]LogCrashTracker: Crashtracker disabled due to settings.
[2015.11.06-09.31.46:853][  0]LogUObjectGlobals:Warning: Failed to find object 'Class None.'
[2015.11.06-09.31.46:876][  0]LogLoad: Full Startup: 4.87 seconds (BP compile: 0.03 seconds)
[2015.11.06-09.31.47:248][  0]LogContentStreaming: Texture pool size now 1000 MB
[2015.11.06-09.31.47:355][  0]LogRenderer: Reallocating scene render targets to support 1208x556 (Frame:2).
[2015.11.06-09.31.47:889][  2]LogAssetRegistry: Asset discovery search completed in 2.2267 seconds
[2015.11.06-09.31.47:889][  2]LogCollectionManager: Rebuilt the object cache for 0 collections in 0.000000 seconds (found 0 objects)
[2015.11.06-09.31.47:889][  2]LogCollectionManager: Fixed up redirectors for 0 collections in 0.000023 seconds (updated 0 objects)
[2015.11.06-09.31.53:398][192]LogBlueprintUserMessages: Early PlayInEditor Detection: Level '/Game/RollingCPP/Maps/MainMenu.MainMenu:PersistentLevel' has LevelScriptBlueprint '/Game/RollingCPP/Maps/MainMenu.MainMenu:PersistentLevel.MainMenu' with GeneratedClass '/Game/RollingCPP/Maps/MainMenu.MainMenu_C' with ClassGeneratedBy '/Game/RollingCPP/Maps/MainMenu.MainMenu:PersistentLevel.MainMenu'
[2015.11.06-09.31.53:398][192]LogPlayLevel: PlayLevel: No blueprints needed recompiling
[2015.11.06-09.31.53:400][192]PIE: New page: PIE session: MainMenu (Nov 6, 2015, 11:31:53 AM)
[2015.11.06-09.31.53:400][192]LogPlayLevel: Creating play world package: /Game/RollingCPP/Maps/UEDPIE_1_MainMenu
[2015.11.06-09.31.53:403][192]LogPlayLevel: PIE: StaticDuplicateObject took: (0.003494s)
[2015.11.06-09.31.53:404][192]LogAIModule: Creating AISystem for world MainMenu
[2015.11.06-09.31.53:404][192]LogPlayLevel: PIE: World Init took: (0.000521s)
[2015.11.06-09.31.53:404][192]LogPlayLevel: PIE: Created PIE world by copying editor world from /Game/RollingCPP/Maps/MainMenu.MainMenu to /Game/RollingCPP/Maps/UEDPIE_1_MainMenu.MainMenu (0.004203s)
[2015.11.06-09.31.53:422][192]LogInit: XAudio2 using 'Speakers (4- High Definition Audio Device)' : 2 channels at 44.1 kHz using 16 bits per sample (channel mask 0x3)
[2015.11.06-09.31.53:426][192]LogInit: FAudioDevice initialized.
[2015.11.06-09.31.53:472][192]LogWorld: Game class is 'GameMode'
[2015.11.06-09.31.53:478][192]LogWorld: Bringing World /Game/RollingCPP/Maps/UEDPIE_1_MainMenu.MainMenu up for play (max tick rate 0) at 2015.11.06-10.31.53
[2015.11.06-09.31.53:478][192]LogActor:Warning: GameSession /Game/RollingCPP/Maps/UEDPIE_1_MainMenu.MainMenu:PersistentLevel.GameSession_0 has natively added scene component(s), but none of them were set as the actor's RootComponent - picking one arbitrarily
[2015.11.06-09.31.53:478][192]LogActor:Warning: GameNetworkManager /Game/RollingCPP/Maps/UEDPIE_1_MainMenu.MainMenu:PersistentLevel.GameNetworkManager_0 has natively added scene component(s), but none of them were set as the actor's RootComponent - picking one arbitrarily
[2015.11.06-09.31.53:478][192]LogWorld: Bringing up level for play took: 0.004798
[2015.11.06-09.31.53:479][192]LogInit: WinSock: Socket queue 131072 / 131072
[2015.11.06-09.31.53:480][192]LogInit: WinSock: I am SpellabbA332-06 (192.168.20.17:0)
[2015.11.06-09.31.53:480][192]LogNet: GameNetDriver IpNetDriver_0 IpNetDriver listening on port 7777
[2015.11.06-09.31.53:493][192]PIE: Info Play in editor start time for /Game/RollingCPP/Maps/UEDPIE_1_MainMenu -0.49
[2015.11.06-09.31.53:494][192]PIE: New page: PIE session: MainMenu (Nov 6, 2015, 11:31:53 AM)
[2015.11.06-09.31.53:529][192]LogNet: Browse: 127.0.0.1//Game/RollingCPP/Maps/MainMenu
[2015.11.06-09.31.53:529][192]LogInit: WinSock: Socket queue 32768 / 32768
[2015.11.06-09.31.53:529][192]LogNet: Game client on port 7777, rate 10000
[2015.11.06-09.31.53:529][192]LogNet: GetLocalNetworkVersion: GEngineNetVersion: 2707645, ProjectName: bos, ProjectVersion: 1.0.0.0, InternalProtocolVersion: 9, LocalNetworkVersion: 1605316083
[2015.11.06-09.31.53:541][192]PIE: Info Play in editor start time for /Game/RollingCPP/Maps/MainMenu -0.442
[2015.11.06-09.31.53:542][192]PIE: New page: PIE session: MainMenu (Nov 6, 2015, 11:31:53 AM)
[2015.11.06-09.31.53:576][192]LogNet: Browse: 127.0.0.1//Game/RollingCPP/Maps/MainMenu
[2015.11.06-09.31.53:576][192]LogInit: WinSock: Socket queue 32768 / 32768
[2015.11.06-09.31.53:576][192]LogNet: Game client on port 7777, rate 10000
[2015.11.06-09.31.53:576][192]LogNet: GetLocalNetworkVersion: GEngineNetVersion: 2707645, ProjectName: bos, ProjectVersion: 1.0.0.0, InternalProtocolVersion: 9, LocalNetworkVersion: 1605316083
[2015.11.06-09.31.53:588][192]PIE: Info Play in editor start time for /Game/RollingCPP/Maps/MainMenu -0.396
[2015.11.06-09.31.53:589][192]PIE: New page: PIE session: MainMenu (Nov 6, 2015, 11:31:53 AM)
[2015.11.06-09.31.53:624][192]LogNet: Browse: 127.0.0.1//Game/RollingCPP/Maps/MainMenu
[2015.11.06-09.31.53:624][192]LogInit: WinSock: Socket queue 32768 / 32768
[2015.11.06-09.31.53:625][192]LogNet: Game client on port 7777, rate 10000
[2015.11.06-09.31.53:625][192]LogNet: GetLocalNetworkVersion: GEngineNetVersion: 2707645, ProjectName: bos, ProjectVersion: 1.0.0.0, InternalProtocolVersion: 9, LocalNetworkVersion: 1605316083
[2015.11.06-09.31.53:638][192]PIE: Info Play in editor start time for /Game/RollingCPP/Maps/MainMenu -0.345
[2015.11.06-09.31.53:639][192]LogBlueprintUserMessages: Late PlayInEditor Detection: Level '/Game/RollingCPP/Maps/MainMenu.MainMenu:PersistentLevel' has LevelScriptBlueprint '/Game/RollingCPP/Maps/MainMenu.MainMenu:PersistentLevel.MainMenu' with GeneratedClass '/Game/RollingCPP/Maps/MainMenu.MainMenu_C' with ClassGeneratedBy '/Game/RollingCPP/Maps/MainMenu.MainMenu:PersistentLevel.MainMenu'
[2015.11.06-09.31.53:639][192]LogNet: NotifyAcceptingConnection: Server MainMenu accept
[2015.11.06-09.31.53:639][192]LogNet: Open MainMenu 11/06/15 10:31:53 127.0.0.1
[2015.11.06-09.31.53:639][192]LogNet: Added client connection.  Remote address = 127.0.0.1:59933
[2015.11.06-09.31.53:639][192]LogNet: NotifyAcceptingChannel Control 0 server World /Game/RollingCPP/Maps/UEDPIE_1_MainMenu.MainMenu: Accepted
[2015.11.06-09.31.53:639][192]LogNet: Remote platform little endian=1
[2015.11.06-09.31.53:639][192]LogNet: This platform little endian=1
[2015.11.06-09.31.53:639][192]LogNet: GetLocalNetworkVersion: GEngineNetVersion: 2707645, ProjectName: bos, ProjectVersion: 1.0.0.0, InternalProtocolVersion: 9, LocalNetworkVersion: 1605316083
[2015.11.06-09.31.53:639][192]LogNet: NotifyAcceptingConnection: Server MainMenu accept
[2015.11.06-09.31.53:639][192]LogNet: Open MainMenu 11/06/15 10:31:53 127.0.0.1
[2015.11.06-09.31.53:639][192]LogNet: Added client connection.  Remote address = 127.0.0.1:59934
[2015.11.06-09.31.53:639][192]LogNet: NotifyAcceptingChannel Control 0 server World /Game/RollingCPP/Maps/UEDPIE_1_MainMenu.MainMenu: Accepted
[2015.11.06-09.31.53:639][192]LogNet: Remote platform little endian=1
[2015.11.06-09.31.53:639][192]LogNet: This platform little endian=1
[2015.11.06-09.31.53:639][192]LogNet: GetLocalNetworkVersion: GEngineNetVersion: 2707645, ProjectName: bos, ProjectVersion: 1.0.0.0, InternalProtocolVersion: 9, LocalNetworkVersion: 1605316083
[2015.11.06-09.31.53:639][192]LogNet: NotifyAcceptingConnection: Server MainMenu accept
[2015.11.06-09.31.53:639][192]LogNet: Open MainMenu 11/06/15 10:31:53 127.0.0.1
[2015.11.06-09.31.53:639][192]LogNet: Added client connection.  Remote address = 127.0.0.1:59935
[2015.11.06-09.31.53:639][192]LogNet: NotifyAcceptingChannel Control 0 server World /Game/RollingCPP/Maps/UEDPIE_1_MainMenu.MainMenu: Accepted
[2015.11.06-09.31.53:640][192]LogNet: Remote platform little endian=1
[2015.11.06-09.31.53:640][192]LogNet: This platform little endian=1
[2015.11.06-09.31.53:640][192]LogNet: GetLocalNetworkVersion: GEngineNetVersion: 2707645, ProjectName: bos, ProjectVersion: 1.0.0.0, InternalProtocolVersion: 9, LocalNetworkVersion: 1605316083
[2015.11.06-09.31.53:655][193]LogNet: Login request: /Game/RollingCPP/Maps/MainMenu userId: Invalid
[2015.11.06-09.31.53:655][193]LogNet: Login request: /Game/RollingCPP/Maps/MainMenu userId: Invalid
[2015.11.06-09.31.53:655][193]LogNet: Login request: /Game/RollingCPP/Maps/MainMenu userId: Invalid
[2015.11.06-09.31.53:656][193]LogNet: Welcomed by server (Level: /Game/RollingCPP/Maps/UEDPIE_1_MainMenu, Game: /Script/Engine.GameMode)
[2015.11.06-09.31.53:737][193]LogLoad: LoadMap: 127.0.0.1//Game/RollingCPP/Maps/UEDPIE_1_MainMenu?game=/Script/Engine.GameMode
[2015.11.06-09.31.53:746][193]LogParticles: Destroying 0 GPU particle simulations for FXSystem 0x000000815A7F9580
[2015.11.06-09.31.53:747][193]Cmd: MEM
[2015.11.06-09.31.53:755][193]LogMemory: Platform Memory Stats for Windows
[2015.11.06-09.31.53:755][193]LogMemory: Process Physical Memory: 567.03 MB used, 600.40 MB peak
[2015.11.06-09.31.53:755][193]LogMemory: Process Virtual Memory: 1218.28 MB used, 1218.28 MB peak
[2015.11.06-09.31.53:755][193]LogMemory: Physical Memory: 5826.59 MB used, 16318.82 MB total
[2015.11.06-09.31.53:755][193]LogMemory: Virtual Memory: 1885.03 MB used, 134217728.00 MB total
[2015.11.06-09.31.53:755][193]LogMemory: 
[2015.11.06-09.31.53:755][193]Allocator Stats for TBB: (not implemented)
[2015.11.06-09.31.53:755][193]LogLinker: Can't find file for asset '/Game/RollingCPP/Maps/UEDPIE_1_MainMenu' while loading NULL.
[2015.11.06-09.31.53:758][193]LogWorld: PIE: Copying PIE streaming level from /Game/RollingCPP/Maps/MainMenu.MainMenu to /Game/RollingCPP/Maps/UEDPIE_2_MainMenu.MainMenu. OwningWorld: None
[2015.11.06-09.31.53:759][193]LogAIModule: Creating AISystem for world MainMenu
[2015.11.06-09.31.53:767][193]LogWorld: Bringing World /Game/RollingCPP/Maps/UEDPIE_2_MainMenu.MainMenu up for play (max tick rate 0) at 2015.11.06-10.31.53
[2015.11.06-09.31.53:767][193]LogWorld: Bringing up level for play took: 0.007270
[2015.11.06-09.31.53:768][193]LogNet: Welcomed by server (Level: /Game/RollingCPP/Maps/UEDPIE_1_MainMenu, Game: /Script/Engine.GameMode)
[2015.11.06-09.31.53:768][193]LogLoad: LoadMap: 127.0.0.1//Game/RollingCPP/Maps/UEDPIE_1_MainMenu?game=/Script/Engine.GameMode
[2015.11.06-09.31.53:778][193]LogParticles: Destroying 0 GPU particle simulations for FXSystem 0x000000815A7FA7A0
[2015.11.06-09.31.53:779][193]Cmd: MEM
[2015.11.06-09.31.53:789][193]LogMemory: Platform Memory Stats for Windows
[2015.11.06-09.31.53:789][193]LogMemory: Process Physical Memory: 566.96 MB used, 600.40 MB peak
[2015.11.06-09.31.53:789][193]LogMemory: Process Virtual Memory: 1274.18 MB used, 1274.18 MB peak
[2015.11.06-09.31.53:789][193]LogMemory: Physical Memory: 5828.74 MB used, 16318.82 MB total
[2015.11.06-09.31.53:789][193]LogMemory: Virtual Memory: 1941.03 MB used, 134217728.00 MB total
[2015.11.06-09.31.53:789][193]LogMemory: 
[2015.11.06-09.31.53:789][193]Allocator Stats for TBB: (not implemented)
[2015.11.06-09.31.53:789][193]LogLinker: Can't find file for asset '/Game/RollingCPP/Maps/UEDPIE_1_MainMenu' while loading NULL.
[2015.11.06-09.31.53:792][193]LogWorld: PIE: Copying PIE streaming level from /Game/RollingCPP/Maps/MainMenu.MainMenu to /Game/RollingCPP/Maps/UEDPIE_3_MainMenu.MainMenu. OwningWorld: None
[2015.11.06-09.31.53:793][193]LogAIModule: Creating AISystem for world MainMenu
[2015.11.06-09.31.53:801][193]LogWorld: Bringing World /Game/RollingCPP/Maps/UEDPIE_3_MainMenu.MainMenu up for play (max tick rate 0) at 2015.11.06-10.31.53
[2015.11.06-09.31.53:801][193]LogWorld: Bringing up level for play took: 0.007149
[2015.11.06-09.31.53:801][193]LogNet: Welcomed by server (Level: /Game/RollingCPP/Maps/UEDPIE_1_MainMenu, Game: /Script/Engine.GameMode)
[2015.11.06-09.31.53:802][193]LogLoad: LoadMap: 127.0.0.1//Game/RollingCPP/Maps/UEDPIE_1_MainMenu?game=/Script/Engine.GameMode
[2015.11.06-09.31.53:812][193]LogParticles: Destroying 0 GPU particle simulations for FXSystem 0x00000081485B14E0
[2015.11.06-09.31.53:813][193]Cmd: MEM
[2015.11.06-09.31.53:823][193]LogMemory: Platform Memory Stats for Windows
[2015.11.06-09.31.53:823][193]LogMemory: Process Physical Memory: 566.97 MB used, 600.40 MB peak
[2015.11.06-09.31.53:823][193]LogMemory: Process Virtual Memory: 1330.29 MB used, 1330.29 MB peak
[2015.11.06-09.31.53:823][193]LogMemory: Physical Memory: 5830.27 MB used, 16318.82 MB total
[2015.11.06-09.31.53:823][193]LogMemory: Virtual Memory: 1997.03 MB used, 134217728.00 MB total
[2015.11.06-09.31.53:823][193]LogMemory: 
[2015.11.06-09.31.53:823][193]Allocator Stats for TBB: (not implemented)
[2015.11.06-09.31.53:823][193]LogLinker: Can't find file for asset '/Game/RollingCPP/Maps/UEDPIE_1_MainMenu' while loading NULL.
[2015.11.06-09.31.53:826][193]LogWorld: PIE: Copying PIE streaming level from /Game/RollingCPP/Maps/MainMenu.MainMenu to /Game/RollingCPP/Maps/UEDPIE_4_MainMenu.MainMenu. OwningWorld: None
[2015.11.06-09.31.53:826][193]LogAIModule: Creating AISystem for world MainMenu
[2015.11.06-09.31.53:831][193]LogWorld: Bringing World /Game/RollingCPP/Maps/UEDPIE_4_MainMenu.MainMenu up for play (max tick rate 0) at 2015.11.06-10.31.53
[2015.11.06-09.31.53:831][193]LogWorld: Bringing up level for play took: 0.004492
[2015.11.06-09.31.53:845][194]LogNet: Client netspeed is 10000
[2015.11.06-09.31.53:845][194]LogNet: Join request: /Game/RollingCPP/Maps/MainMenu?SplitscreenCount=1
[2015.11.06-09.31.53:847][194]LogNet: Join succeeded: 257
[2015.11.06-09.31.53:847][194]LogNet: Client netspeed is 10000
[2015.11.06-09.31.53:847][194]LogNet: Join request: /Game/RollingCPP/Maps/MainMenu?SplitscreenCount=1
[2015.11.06-09.31.53:848][194]LogNet: Join succeeded: 258
[2015.11.06-09.31.53:848][194]LogNet: Client netspeed is 10000
[2015.11.06-09.31.53:848][194]LogNet: Join request: /Game/RollingCPP/Maps/MainMenu?SplitscreenCount=1
[2015.11.06-09.31.53:848][194]LogNet: Join succeeded: 259
[2015.11.06-09.31.58:366][546]LogPackageName: SearchForPackageOnDisk took   0.037s to resolve Map1.umap.
[2015.11.06-09.31.58:402][546]LogPackageName: SearchForPackageOnDisk took   0.035s to resolve Map1.umap.
[2015.11.06-09.31.58:402][546]LogNet: Browse: /Game/RollingCPP/Maps/Map1?listen
[2015.11.06-09.31.58:402][546]LogLoad: LoadMap: /Game/RollingCPP/Maps/Map1?listen
[2015.11.06-09.31.58:402][546]LogNet: World NetDriver shutdown IpNetDriver_0 [GameNetDriver]
[2015.11.06-09.31.58:402][546]LogNet: DestroyNamedNetDriver IpNetDriver_0 [GameNetDriver]
[2015.11.06-09.31.58:403][546]LogNet: UNetConnection::Cleanup: Closing open connection. Name: IpConnection_4, RemoteAddr: 127.0.0.1:59934 Driver: GameNetDriver, PC: PlayerController_5, Owner: PlayerController_5
[2015.11.06-09.31.58:403][546]LogNet: UNetConnection::Close: Name: IpConnection_4, Driver: GameNetDriver IpNetDriver_0, PC: PlayerController_5, Owner: PlayerController_5, Channels: 15, RemoteAddr: 127.0.0.1:59934, Time: 2015.11.06-09.31.58
[2015.11.06-09.31.58:403][546]LogNet: UChannel::Close: Sending CloseBunch. ChIndex == 0. Name: ControlChannel_4
[2015.11.06-09.31.58:404][546]LogNet: UNetConnection::Cleanup: Closing open connection. Name: IpConnection_3, RemoteAddr: 127.0.0.1:59933 Driver: GameNetDriver, PC: PlayerController_4, Owner: PlayerController_4
[2015.11.06-09.31.58:404][546]LogNet: UNetConnection::Close: Name: IpConnection_3, Driver: GameNetDriver IpNetDriver_0, PC: PlayerController_4, Owner: PlayerController_4, Channels: 15, RemoteAddr: 127.0.0.1:59933, Time: 2015.11.06-09.31.58
[2015.11.06-09.31.58:404][546]LogNet: UChannel::Close: Sending CloseBunch. ChIndex == 0. Name: ControlChannel_3
[2015.11.06-09.31.58:404][546]LogNet: UNetConnection::Cleanup: Closing open connection. Name: IpConnection_5, RemoteAddr: 127.0.0.1:59935 Driver: GameNetDriver, PC: PlayerController_6, Owner: PlayerController_6
[2015.11.06-09.31.58:404][546]LogNet: UNetConnection::Close: Name: IpConnection_5, Driver: GameNetDriver IpNetDriver_0, PC: PlayerController_6, Owner: PlayerController_6, Channels: 15, RemoteAddr: 127.0.0.1:59935, Time: 2015.11.06-09.31.58
[2015.11.06-09.31.58:404][546]LogNet: UChannel::Close: Sending CloseBunch. ChIndex == 0. Name: ControlChannel_5
[2015.11.06-09.31.58:405][546]LogExit: GameNetDriver IpNetDriver_0 shut down
[2015.11.06-09.31.58:415][546]LogParticles: Destroying 0 GPU particle simulations for FXSystem 0x0000008167791E40
[2015.11.06-09.31.58:417][546]Cmd: MEM
[2015.11.06-09.31.58:425][546]LogMemory: Platform Memory Stats for Windows
[2015.11.06-09.31.58:425][546]LogMemory: Process Physical Memory: 594.77 MB used, 600.40 MB peak
[2015.11.06-09.31.58:425][546]LogMemory: Process Virtual Memory: 1306.25 MB used, 1386.52 MB peak
[2015.11.06-09.31.58:425][546]LogMemory: Physical Memory: 5857.30 MB used, 16318.82 MB total
[2015.11.06-09.31.58:425][546]LogMemory: Virtual Memory: 1961.22 MB used, 134217728.00 MB total
[2015.11.06-09.31.58:425][546]LogMemory: 
[2015.11.06-09.31.58:425][546]Allocator Stats for TBB: (not implemented)
[2015.11.06-09.31.58:870][546]LogAIModule: Creating AISystem for world Map1
[2015.11.06-09.31.58:870][546]LogWorld: Game class is 'BOSGameMode'
[2015.11.06-09.31.58:870][546]LogInit: WinSock: Socket queue 131072 / 131072
[2015.11.06-09.31.58:871][546]LogNet: GameNetDriver IpNetDriver_4 IpNetDriver listening on port 7777
[2015.11.06-09.31.58:879][546]LogPhysics:Warning: MoveFixedBody: Trying to move component'/Game/RollingCPP/Maps/UEDPIE_1_Map1.Map1:PersistentLevel.EditorCube14_113.StaticMeshComponent0' with a non-Movable Mobility.
[2015.11.06-09.31.58:880][546]LogPhysics:Warning: MoveFixedBody: Trying to move component'/Game/RollingCPP/Maps/UEDPIE_1_Map1.Map1:PersistentLevel.EditorCube18_116.StaticMeshComponent0' with a non-Movable Mobility.
[2015.11.06-09.31.58:880][546]LogPhysics:Warning: MoveFixedBody: Trying to move component'/Game/RollingCPP/Maps/UEDPIE_1_Map1.Map1:PersistentLevel.EditorCube22_120.StaticMeshComponent0' with a non-Movable Mobility.
[2015.11.06-09.31.58:880][546]LogPhysics:Warning: MoveFixedBody: Trying to move component'/Game/RollingCPP/Maps/UEDPIE_1_Map1.Map1:PersistentLevel.EditorCube23_121.StaticMeshComponent0' with a non-Movable Mobility.
[2015.11.06-09.31.58:880][546]LogPhysics:Warning: MoveFixedBody: Trying to move component'/Game/RollingCPP/Maps/UEDPIE_1_Map1.Map1:PersistentLevel.EditorCube31_130.StaticMeshComponent0' with a non-Movable Mobility.
[2015.11.06-09.31.58:880][546]LogPhysics:Warning: MoveFixedBody: Trying to move component'/Game/RollingCPP/Maps/UEDPIE_1_Map1.Map1:PersistentLevel.EditorCube35_134.StaticMeshComponent0' with a non-Movable Mobility.
[2015.11.06-09.31.58:880][546]LogPhysics:Warning: MoveFixedBody: Trying to move component'/Game/RollingCPP/Maps/UEDPIE_1_Map1.Map1:PersistentLevel.EditorCube36_135.StaticMeshComponent0' with a non-Movable Mobility.
[2015.11.06-09.31.58:880][546]LogWorld: Bringing World /Game/RollingCPP/Maps/UEDPIE_1_Map1.Map1 up for play (max tick rate 0) at 2015.11.06-10.31.58
[2015.11.06-09.31.58:880][546]LogActor:Warning: GameSession /Game/RollingCPP/Maps/UEDPIE_1_Map1.Map1:PersistentLevel.GameSession_1 has natively added scene component(s), but none of them were set as the actor's RootComponent - picking one arbitrarily
[2015.11.06-09.31.58:880][546]LogActor:Warning: GameNetworkManager /Game/RollingCPP/Maps/UEDPIE_1_Map1.Map1:PersistentLevel.GameNetworkManager_1 has natively added scene component(s), but none of them were set as the actor's RootComponent - picking one arbitrarily
[2015.11.06-09.31.58:880][546]LogWorld: Bringing up level for play took: 0.008980
[2015.11.06-09.31.58:883][546]LogNet:Warning: Network Failure: GameNetDriver[FailureReceived]: Host closed the connection.
[2015.11.06-09.31.58:883][546]LogNet:Warning: Network Failure: GameNetDriver[FailureReceived]: Host closed the connection.
[2015.11.06-09.31.58:883][546]LogNet:Warning: Network Failure: GameNetDriver[FailureReceived]: Host closed the connection.
[2015.11.06-09.31.58:883][546]LogNet:Warning: Network Failure: GameNetDriver[FailureReceived]: Host closed the connection.
[2015.11.06-09.31.58:883][546]LogNet: NetworkFailure: FailureReceived, Error: 'Host closed the connection.'
[2015.11.06-09.31.58:883][546]LogNet: UNetConnection::Close: Name: IpConnection_0, Driver: GameNetDriver IpNetDriver_1, PC: PlayerController_7, Owner: PlayerController_7, Channels: 15, RemoteAddr: 127.0.0.1:7777, Time: 2015.11.06-09.31.58
[2015.11.06-09.31.58:883][546]LogNet: UChannel::Close: Sending CloseBunch. ChIndex == 0. Name: ControlChannel_0
[2015.11.06-09.31.58:883][546]LogNet:Warning: Network Failure: GameNetDriver[ConnectionLost]: Your connection to the host has been lost.
[2015.11.06-09.31.58:883][546]LogNet:Warning: Network Failure: GameNetDriver[ConnectionLost]: Your connection to the host has been lost.
[2015.11.06-09.31.58:883][546]LogNet:Warning: Network Failure: GameNetDriver[ConnectionLost]: Your connection to the host has been lost.
[2015.11.06-09.31.58:883][546]LogNet:Warning: Network Failure: GameNetDriver[ConnectionLost]: Your connection to the host has been lost.
[2015.11.06-09.31.58:883][546]LogNet: NetworkFailure: ConnectionLost, Error: 'Your connection to the host has been lost.'
[2015.11.06-09.31.58:883][546]LogNet:Warning: FObjectReplicator::UpdateUnmappedObjects: Connection->State == USOCK_Closed
[2015.11.06-09.31.58:883][546]LogNet:Warning: FObjectReplicator::UpdateUnmappedObjects: Connection->State == USOCK_Closed
[2015.11.06-09.31.58:883][546]LogNet:Warning: FObjectReplicator::UpdateUnmappedObjects: Connection->State == USOCK_Closed
[2015.11.06-09.31.58:883][546]LogNet:Warning: FObjectReplicator::UpdateUnmappedObjects: Connection->State == USOCK_Closed
[2015.11.06-09.31.58:883][546]LogNet:Warning: FObjectReplicator::UpdateUnmappedObjects: Connection->State == USOCK_Closed
[2015.11.06-09.31.58:883][546]LogNet:Warning: FObjectReplicator::UpdateUnmappedObjects: Connection->State == USOCK_Closed
[2015.11.06-09.31.58:883][546]LogNet:Warning: Network Failure: GameNetDriver[FailureReceived]: Host closed the connection.
[2015.11.06-09.31.58:883][546]LogNet:Warning: Network Failure: GameNetDriver[FailureReceived]: Host closed the connection.
[2015.11.06-09.31.58:883][546]LogNet:Warning: Network Failure: GameNetDriver[FailureReceived]: Host closed the connection.
[2015.11.06-09.31.58:883][546]LogNet:Warning: Network Failure: GameNetDriver[FailureReceived]: Host closed the connection.
[2015.11.06-09.31.58:884][546]LogNet: NetworkFailure: FailureReceived, Error: 'Host closed the connection.'
[2015.11.06-09.31.58:884][546]LogNet: UNetConnection::Close: Name: IpConnection_1, Driver: GameNetDriver IpNetDriver_2, PC: PlayerController_8, Owner: PlayerController_8, Channels: 15, RemoteAddr: 127.0.0.1:7777, Time: 2015.11.06-09.31.58
[2015.11.06-09.31.58:884][546]LogNet: UChannel::Close: Sending CloseBunch. ChIndex == 0. Name: ControlChannel_1
[2015.11.06-09.31.58:884][546]LogNet:Warning: Network Failure: GameNetDriver[ConnectionLost]: Your connection to the host has been lost.
[2015.11.06-09.31.58:884][546]LogNet:Warning: Network Failure: GameNetDriver[ConnectionLost]: Your connection to the host has been lost.
[2015.11.06-09.31.58:884][546]LogNet:Warning: Network Failure: GameNetDriver[ConnectionLost]: Your connection to the host has been lost.
[2015.11.06-09.31.58:884][546]LogNet:Warning: Network Failure: GameNetDriver[ConnectionLost]: Your connection to the host has been lost.
[2015.11.06-09.31.58:884][546]LogNet: NetworkFailure: ConnectionLost, Error: 'Your connection to the host has been lost.'
[2015.11.06-09.31.58:884][546]LogNet:Warning: FObjectReplicator::UpdateUnmappedObjects: Connection->State == USOCK_Closed
[2015.11.06-09.31.58:884][546]LogNet:Warning: FObjectReplicator::UpdateUnmappedObjects: Connection->State == USOCK_Closed
[2015.11.06-09.31.58:884][546]LogNet:Warning: FObjectReplicator::UpdateUnmappedObjects: Connection->State == USOCK_Closed
[2015.11.06-09.31.58:884][546]LogNet:Warning: FObjectReplicator::UpdateUnmappedObjects: Connection->State == USOCK_Closed
[2015.11.06-09.31.58:884][546]LogNet:Warning: FObjectReplicator::UpdateUnmappedObjects: Connection->State == USOCK_Closed
[2015.11.06-09.31.58:884][546]LogNet:Warning: FObjectReplicator::UpdateUnmappedObjects: Connection->State == USOCK_Closed
[2015.11.06-09.31.58:884][546]LogNet:Warning: Network Failure: GameNetDriver[FailureReceived]: Host closed the connection.
[2015.11.06-09.31.58:884][546]LogNet:Warning: Network Failure: GameNetDriver[FailureReceived]: Host closed the connection.
[2015.11.06-09.31.58:884][546]LogNet:Warning: Network Failure: GameNetDriver[FailureReceived]: Host closed the connection.
[2015.11.06-09.31.58:884][546]LogNet:Warning: Network Failure: GameNetDriver[FailureReceived]: Host closed the connection.
[2015.11.06-09.31.58:884][546]LogNet: NetworkFailure: FailureReceived, Error: 'Host closed the connection.'
[2015.11.06-09.31.58:884][546]LogNet: UNetConnection::Close: Name: IpConnection_2, Driver: GameNetDriver IpNetDriver_3, PC: PlayerController_9, Owner: PlayerController_9, Channels: 15, RemoteAddr: 127.0.0.1:7777, Time: 2015.11.06-09.31.58
[2015.11.06-09.31.58:884][546]LogNet: UChannel::Close: Sending CloseBunch. ChIndex == 0. Name: ControlChannel_2
[2015.11.06-09.31.58:884][546]LogNet:Warning: Network Failure: GameNetDriver[ConnectionLost]: Your connection to the host has been lost.
[2015.11.06-09.31.58:884][546]LogNet:Warning: Network Failure: GameNetDriver[ConnectionLost]: Your connection to the host has been lost.
[2015.11.06-09.31.58:884][546]LogNet:Warning: Network Failure: GameNetDriver[ConnectionLost]: Your connection to the host has been lost.
[2015.11.06-09.31.58:884][546]LogNet:Warning: Network Failure: GameNetDriver[ConnectionLost]: Your connection to the host has been lost.
[2015.11.06-09.31.58:884][546]LogNet: NetworkFailure: ConnectionLost, Error: 'Your connection to the host has been lost.'
[2015.11.06-09.31.58:884][546]LogNet:Warning: FObjectReplicator::UpdateUnmappedObjects: Connection->State == USOCK_Closed
[2015.11.06-09.31.58:884][546]LogNet:Warning: FObjectReplicator::UpdateUnmappedObjects: Connection->State == USOCK_Closed
[2015.11.06-09.31.58:884][546]LogNet:Warning: FObjectReplicator::UpdateUnmappedObjects: Connection->State == USOCK_Closed
[2015.11.06-09.31.58:884][546]LogNet:Warning: FObjectReplicator::UpdateUnmappedObjects: Connection->State == USOCK_Closed
[2015.11.06-09.31.58:884][546]LogNet:Warning: FObjectReplicator::UpdateUnmappedObjects: Connection->State == USOCK_Closed
[2015.11.06-09.31.58:884][546]LogNet:Warning: FObjectReplicator::UpdateUnmappedObjects: Connection->State == USOCK_Closed
[2015.11.06-09.31.58:895][547]LogNet: NotifyAcceptingConnection: Server Map1 accept
[2015.11.06-09.31.58:895][547]LogNet: Open Map1 11/06/15 10:31:58 127.0.0.1
[2015.11.06-09.31.58:895][547]LogNet: Added client connection.  Remote address = 127.0.0.1:59933
[2015.11.06-09.31.58:895][547]LogNetTraffic:Warning: High single frame packet loss: 29
[2015.11.06-09.31.58:895][547]LogSecurity:Warning: 127.0.0.1:59933: Malformed_Packet: UNetConnection::ReceivedPacket: Received control channel close before open
[2015.11.06-09.31.58:895][547]LogSecurity:Warning: 127.0.0.1:59933: Closed: Connection closed
[2015.11.06-09.31.58:895][547]LogNet: UNetConnection::Close: Name: IpConnection_6, Driver: GameNetDriver IpNetDriver_4, PC: NULL, Owner: NULL, Channels: 2, RemoteAddr: 127.0.0.1:59933, Time: 2015.11.06-09.31.58
[2015.11.06-09.31.58:895][547]LogNet: UChannel::Close: Sending CloseBunch. ChIndex == 0. Name: ControlChannel_6
[2015.11.06-09.31.58:895][547]LogNet: NotifyAcceptingConnection: Server Map1 accept
[2015.11.06-09.31.58:895][547]LogNet: Open Map1 11/06/15 10:31:58 127.0.0.1
[2015.11.06-09.31.58:895][547]LogNet: Added client connection.  Remote address = 127.0.0.1:59934
[2015.11.06-09.31.58:895][547]LogNetTraffic:Warning: High single frame packet loss: 29
[2015.11.06-09.31.58:895][547]LogSecurity:Warning: 127.0.0.1:59934: Malformed_Packet: UNetConnection::ReceivedPacket: Received control channel close before open
[2015.11.06-09.31.58:895][547]LogSecurity:Warning: 127.0.0.1:59934: Closed: Connection closed
[2015.11.06-09.31.58:895][547]LogNet: UNetConnection::Close: Name: IpConnection_7, Driver: GameNetDriver IpNetDriver_4, PC: NULL, Owner: NULL, Channels: 2, RemoteAddr: 127.0.0.1:59934, Time: 2015.11.06-09.31.58
[2015.11.06-09.31.58:895][547]LogNet: UChannel::Close: Sending CloseBunch. ChIndex == 0. Name: ControlChannel_7
[2015.11.06-09.31.58:895][547]LogNet: NotifyAcceptingConnection: Server Map1 accept
[2015.11.06-09.31.58:896][547]LogNet: Open Map1 11/06/15 10:31:58 127.0.0.1
[2015.11.06-09.31.58:896][547]LogNet: Added client connection.  Remote address = 127.0.0.1:59935
[2015.11.06-09.31.58:896][547]LogNetTraffic:Warning: High single frame packet loss: 29
[2015.11.06-09.31.58:896][547]LogSecurity:Warning: 127.0.0.1:59935: Malformed_Packet: UNetConnection::ReceivedPacket: Received control channel close before open
[2015.11.06-09.31.58:896][547]LogSecurity:Warning: 127.0.0.1:59935: Closed: Connection closed
[2015.11.06-09.31.58:896][547]LogNet: UNetConnection::Close: Name: IpConnection_8, Driver: GameNetDriver IpNetDriver_4, PC: NULL, Owner: NULL, Channels: 2, RemoteAddr: 127.0.0.1:59935, Time: 2015.11.06-09.31.58
[2015.11.06-09.31.58:896][547]LogNet: UChannel::Close: Sending CloseBunch. ChIndex == 0. Name: ControlChannel_8
[2015.11.06-09.31.58:896][547]LogNet: Browse: /Game/RollingCPP/Maps/MainMenu?closed
[2015.11.06-09.31.58:896][547]LogNet: Failed; returning to Entry
[2015.11.06-09.31.58:932][547]LogLoad: LoadMap: /Game/RollingCPP/Maps/MainMenu?closed
[2015.11.06-09.31.58:932][547]LogNet: World NetDriver shutdown IpNetDriver_1 [GameNetDriver]
[2015.11.06-09.31.58:932][547]LogNet: DestroyNamedNetDriver IpNetDriver_1 [GameNetDriver]
[2015.11.06-09.31.58:932][547]LogExit: GameNetDriver IpNetDriver_1 shut down
[2015.11.06-09.31.58:949][547]LogParticles: Destroying 0 GPU particle simulations for FXSystem 0x00000081490A8360
[2015.11.06-09.31.58:953][547]Cmd: MEM
[2015.11.06-09.31.58:965][547]LogMemory: Platform Memory Stats for Windows
[2015.11.06-09.31.58:965][547]LogMemory: Process Physical Memory: 702.41 MB used, 702.41 MB peak
[2015.11.06-09.31.58:965][547]LogMemory: Process Virtual Memory: 1484.16 MB used, 1484.16 MB peak
[2015.11.06-09.31.58:965][547]LogMemory: Physical Memory: 5945.84 MB used, 16318.82 MB total
[2015.11.06-09.31.58:965][547]LogMemory: Virtual Memory: 2131.61 MB used, 134217728.00 MB total
[2015.11.06-09.31.58:965][547]LogMemory: 
[2015.11.06-09.31.58:965][547]Allocator Stats for TBB: (not implemented)
[2015.11.06-09.31.58:965][547]LogPlayLevel: Creating play world package: /Game/RollingCPP/Maps/UEDPIE_2_MainMenu
[2015.11.06-09.31.58:968][547]LogPlayLevel: PIE: StaticDuplicateObject took: (0.002808s)
[2015.11.06-09.31.58:968][547]LogAIModule: Creating AISystem for world MainMenu
[2015.11.06-09.31.58:968][547]LogPlayLevel: PIE: World Init took: (0.000464s)
[2015.11.06-09.31.58:968][547]LogPlayLevel: PIE: Created PIE world by copying editor world from /Game/RollingCPP/Maps/MainMenu.MainMenu to /Game/RollingCPP/Maps/UEDPIE_2_MainMenu.MainMenu (0.003448s)
[2015.11.06-09.31.58:968][547]LogWorld: Game class is 'GameMode'
[2015.11.06-09.31.58:974][547]LogWorld: Bringing World /Game/RollingCPP/Maps/UEDPIE_2_MainMenu.MainMenu up for play (max tick rate 0) at 2015.11.06-10.31.58
[2015.11.06-09.31.58:974][547]LogActor:Warning: GameSession /Game/RollingCPP/Maps/UEDPIE_2_MainMenu.MainMenu:PersistentLevel.GameSession_2 has natively added scene component(s), but none of them were set as the actor's RootComponent - picking one arbitrarily
[2015.11.06-09.31.58:974][547]LogActor:Warning: GameNetworkManager /Game/RollingCPP/Maps/UEDPIE_2_MainMenu.MainMenu:PersistentLevel.GameNetworkManager_2 has natively added scene component(s), but none of them were set as the actor's RootComponent - picking one arbitrarily
[2015.11.06-09.31.58:974][547]LogWorld: Bringing up level for play took: 0.005042
[2015.11.06-09.31.58:975][547]LogGameMode: Warning - PATHS NOT DEFINED or NO PLAYERSTART with positive rating
[2015.11.06-09.31.58:986][547]LogNet: Browse: /Game/RollingCPP/Maps/MainMenu?closed
[2015.11.06-09.31.58:986][547]LogNet: Failed; returning to Entry
[2015.11.06-09.31.58:987][547]LogLoad: LoadMap: /Game/RollingCPP/Maps/MainMenu?closed
[2015.11.06-09.31.58:987][547]LogNet: World NetDriver shutdown IpNetDriver_2 [GameNetDriver]
[2015.11.06-09.31.58:987][547]LogNet: DestroyNamedNetDriver IpNetDriver_2 [GameNetDriver]
[2015.11.06-09.31.58:987][547]LogExit: GameNetDriver IpNetDriver_2 shut down
[2015.11.06-09.31.59:002][547]LogParticles: Destroying 0 GPU particle simulations for FXSystem 0x0000008164900C20
[2015.11.06-09.31.59:002][547]Cmd: MEM
[2015.11.06-09.31.59:012][547]LogMemory: Platform Memory Stats for Windows
[2015.11.06-09.31.59:012][547]LogMemory: Process Physical Memory: 702.44 MB used, 702.45 MB peak
[2015.11.06-09.31.59:012][547]LogMemory: Process Virtual Memory: 1516.22 MB used, 1516.22 MB peak
[2015.11.06-09.31.59:012][547]LogMemory: Physical Memory: 5955.80 MB used, 16318.82 MB total
[2015.11.06-09.31.59:012][547]LogMemory: Virtual Memory: 2163.61 MB used, 134217728.00 MB total
[2015.11.06-09.31.59:012][547]LogMemory: 
[2015.11.06-09.31.59:012][547]Allocator Stats for TBB: (not implemented)
[2015.11.06-09.31.59:012][547]LogPlayLevel: Creating play world package: /Game/RollingCPP/Maps/UEDPIE_3_MainMenu
[2015.11.06-09.31.59:015][547]LogPlayLevel: PIE: StaticDuplicateObject took: (0.002795s)
[2015.11.06-09.31.59:015][547]LogAIModule: Creating AISystem for world MainMenu
[2015.11.06-09.31.59:015][547]LogPlayLevel: PIE: World Init took: (0.000494s)
[2015.11.06-09.31.59:016][547]LogPlayLevel: PIE: Created PIE world by copying editor world from /Game/RollingCPP/Maps/MainMenu.MainMenu to /Game/RollingCPP/Maps/UEDPIE_3_MainMenu.MainMenu (0.003471s)
[2015.11.06-09.31.59:016][547]LogWorld: Game class is 'GameMode'
[2015.11.06-09.31.59:021][547]LogWorld: Bringing World /Game/RollingCPP/Maps/UEDPIE_3_MainMenu.MainMenu up for play (max tick rate 0) at 2015.11.06-10.31.59
[2015.11.06-09.31.59:021][547]LogActor:Warning: GameSession /Game/RollingCPP/Maps/UEDPIE_3_MainMenu.MainMenu:PersistentLevel.GameSession_3 has natively added scene component(s), but none of them were set as the actor's RootComponent - picking one arbitrarily
[2015.11.06-09.31.59:021][547]LogActor:Warning: GameNetworkManager /Game/RollingCPP/Maps/UEDPIE_3_MainMenu.MainMenu:PersistentLevel.GameNetworkManager_3 has natively added scene component(s), but none of them were set as the actor's RootComponent - picking one arbitrarily
[2015.11.06-09.31.59:021][547]LogWorld: Bringing up level for play took: 0.004775
[2015.11.06-09.31.59:022][547]LogGameMode: Warning - PATHS NOT DEFINED or NO PLAYERSTART with positive rating
[2015.11.06-09.31.59:034][547]LogNet: Browse: /Game/RollingCPP/Maps/MainMenu?closed
[2015.11.06-09.31.59:034][547]LogNet: Failed; returning to Entry
[2015.11.06-09.31.59:034][547]LogLoad: LoadMap: /Game/RollingCPP/Maps/MainMenu?closed
[2015.11.06-09.31.59:034][547]LogNet: World NetDriver shutdown IpNetDriver_3 [GameNetDriver]
[2015.11.06-09.31.59:034][547]LogNet: DestroyNamedNetDriver IpNetDriver_3 [GameNetDriver]
[2015.11.06-09.31.59:034][547]LogExit: GameNetDriver IpNetDriver_3 shut down
[2015.11.06-09.31.59:047][547]LogParticles: Destroying 0 GPU particle simulations for FXSystem 0x000000815A676700
[2015.11.06-09.31.59:047][547]Cmd: MEM
[2015.11.06-09.31.59:057][547]LogMemory: Platform Memory Stats for Windows
[2015.11.06-09.31.59:057][547]LogMemory: Process Physical Memory: 702.48 MB used, 702.48 MB peak
[2015.11.06-09.31.59:057][547]LogMemory: Process Virtual Memory: 1572.33 MB used, 1572.33 MB peak
[2015.11.06-09.31.59:057][547]LogMemory: Physical Memory: 5955.80 MB used, 16318.82 MB total
[2015.11.06-09.31.59:057][547]LogMemory: Virtual Memory: 2219.61 MB used, 134217728.00 MB total
[2015.11.06-09.31.59:057][547]LogMemory: 
[2015.11.06-09.31.59:057][547]Allocator Stats for TBB: (not implemented)
[2015.11.06-09.31.59:057][547]LogPlayLevel: Creating play world package: /Game/RollingCPP/Maps/UEDPIE_4_MainMenu
[2015.11.06-09.31.59:060][547]LogPlayLevel: PIE: StaticDuplicateObject took: (0.002777s)
[2015.11.06-09.31.59:060][547]LogAIModule: Creating AISystem for world MainMenu
[2015.11.06-09.31.59:060][547]LogPlayLevel: PIE: World Init took: (0.000457s)
[2015.11.06-09.31.59:061][547]LogPlayLevel: PIE: Created PIE world by copying editor world from /Game/RollingCPP/Maps/MainMenu.MainMenu to /Game/RollingCPP/Maps/UEDPIE_4_MainMenu.MainMenu (0.003412s)
[2015.11.06-09.31.59:061][547]LogWorld: Game class is 'GameMode'
[2015.11.06-09.31.59:065][547]LogWorld: Bringing World /Game/RollingCPP/Maps/UEDPIE_4_MainMenu.MainMenu up for play (max tick rate 0) at 2015.11.06-10.31.59
[2015.11.06-09.31.59:066][547]LogActor:Warning: GameSession /Game/RollingCPP/Maps/UEDPIE_4_MainMenu.MainMenu:PersistentLevel.GameSession_4 has natively added scene component(s), but none of them were set as the actor's RootComponent - picking one arbitrarily
[2015.11.06-09.31.59:066][547]LogActor:Warning: GameNetworkManager /Game/RollingCPP/Maps/UEDPIE_4_MainMenu.MainMenu:PersistentLevel.GameNetworkManager_4 has natively added scene component(s), but none of them were set as the actor's RootComponent - picking one arbitrarily
[2015.11.06-09.31.59:066][547]LogWorld: Bringing up level for play took: 0.004410
[2015.11.06-09.31.59:066][547]LogGameMode: Warning - PATHS NOT DEFINED or NO PLAYERSTART with positive rating
[2015.11.06-09.31.59:096][548]LogNet: NotifyAcceptingConnection: Server Map1 accept
[2015.11.06-09.31.59:096][548]LogNet: Open Map1 11/06/15 10:31:59 127.0.0.1
[2015.11.06-09.31.59:096][548]LogNet: Added client connection.  Remote address = 127.0.0.1:59933
[2015.11.06-09.31.59:096][548]LogNetTraffic:Warning: High single frame packet loss: 30
[2015.11.06-09.31.59:096][548]LogNet: NotifyAcceptingConnection: Server Map1 accept
[2015.11.06-09.31.59:096][548]LogNet: Open Map1 11/06/15 10:31:59 127.0.0.1
[2015.11.06-09.31.59:096][548]LogNet: Added client connection.  Remote address = 127.0.0.1:59934
[2015.11.06-09.31.59:096][548]LogNetTraffic:Warning: High single frame packet loss: 30
[2015.11.06-09.31.59:096][548]LogNet: NotifyAcceptingConnection: Server Map1 accept
[2015.11.06-09.31.59:096][548]LogNet: Open Map1 11/06/15 10:31:59 127.0.0.1
[2015.11.06-09.31.59:096][548]LogNet: Added client connection.  Remote address = 127.0.0.1:59935
[2015.11.06-09.31.59:096][548]LogNetTraffic:Warning: High single frame packet loss: 30
[2015.11.06-09.31.59:308][565]LogNet: UNetConnection::Cleanup: Closing open connection. Name: IpConnection_9, RemoteAddr: 127.0.0.1:59933 Driver: GameNetDriver, PC: NoPC, Owner: No Owner
[2015.11.06-09.31.59:308][565]LogNet: UNetConnection::Close: Name: IpConnection_9, Driver: GameNetDriver IpNetDriver_4, PC: NULL, Owner: NULL, Channels: 1, RemoteAddr: 127.0.0.1:59933, Time: 2015.11.06-09.31.59
[2015.11.06-09.31.59:308][565]LogNet: UNetConnection::Cleanup: Closing open connection. Name: IpConnection_10, RemoteAddr: 127.0.0.1:59934 Driver: GameNetDriver, PC: NoPC, Owner: No Owner
[2015.11.06-09.31.59:308][565]LogNet: UNetConnection::Close: Name: IpConnection_10, Driver: GameNetDriver IpNetDriver_4, PC: NULL, Owner: NULL, Channels: 1, RemoteAddr: 127.0.0.1:59934, Time: 2015.11.06-09.31.59
[2015.11.06-09.31.59:308][565]LogNet: UNetConnection::Cleanup: Closing open connection. Name: IpConnection_11, RemoteAddr: 127.0.0.1:59935 Driver: GameNetDriver, PC: NoPC, Owner: No Owner
[2015.11.06-09.31.59:308][565]LogNet: UNetConnection::Close: Name: IpConnection_11, Driver: GameNetDriver IpNetDriver_4, PC: NULL, Owner: NULL, Channels: 1, RemoteAddr: 127.0.0.1:59935, Time: 2015.11.06-09.31.59
[2015.11.06-09.32.01:180][735]LogNet: Browse: 127.0.0.1//Game/RollingCPP/Maps/MainMenu
[2015.11.06-09.32.01:181][735]LogInit: WinSock: Socket queue 32768 / 32768
[2015.11.06-09.32.01:181][735]LogNet: Game client on port 7777, rate 10000
[2015.11.06-09.32.01:181][735]LogNet: GetLocalNetworkVersion: GEngineNetVersion: 2707645, ProjectName: bos, ProjectVersion: 1.0.0.0, InternalProtocolVersion: 9, LocalNetworkVersion: 1605316083
[2015.11.06-09.32.01:190][736]LogNet: NotifyAcceptingConnection: Server Map1 accept
[2015.11.06-09.32.01:190][736]LogNet: Open Map1 11/06/15 10:32:01 127.0.0.1
[2015.11.06-09.32.01:190][736]LogNet: Added client connection.  Remote address = 127.0.0.1:59936
[2015.11.06-09.32.01:190][736]LogNet: NotifyAcceptingChannel Control 0 server World /Game/RollingCPP/Maps/UEDPIE_1_Map1.Map1: Accepted
[2015.11.06-09.32.01:190][736]LogNet: Remote platform little endian=1
[2015.11.06-09.32.01:190][736]LogNet: This platform little endian=1
[2015.11.06-09.32.01:190][736]LogNet: GetLocalNetworkVersion: GEngineNetVersion: 2707645, ProjectName: bos, ProjectVersion: 1.0.0.0, InternalProtocolVersion: 9, LocalNetworkVersion: 1605316083
[2015.11.06-09.32.01:201][737]LogNet: Login request: /Game/RollingCPP/Maps/MainMenu userId: Invalid
[2015.11.06-09.32.01:202][737]LogNet: Welcomed by server (Level: /Game/RollingCPP/Maps/UEDPIE_1_Map1, Game: /Script/BOS.BOSGameMode)
[2015.11.06-09.32.01:211][737]LogLoad: LoadMap: 127.0.0.1//Game/RollingCPP/Maps/UEDPIE_1_Map1?game=/Script/BOS.BOSGameMode
[2015.11.06-09.32.01:224][737]LogParticles: Destroying 0 GPU particle simulations for FXSystem 0x00000081490A9300
[2015.11.06-09.32.01:224][737]Cmd: MEM
[2015.11.06-09.32.01:234][737]LogMemory: Platform Memory Stats for Windows
[2015.11.06-09.32.01:234][737]LogMemory: Process Physical Memory: 705.54 MB used, 710.14 MB peak
[2015.11.06-09.32.01:234][737]LogMemory: Process Virtual Memory: 1508.52 MB used, 1666.20 MB peak
[2015.11.06-09.32.01:234][737]LogMemory: Physical Memory: 5929.95 MB used, 16318.82 MB total
[2015.11.06-09.32.01:234][737]LogMemory: Virtual Memory: 2164.32 MB used, 134217728.00 MB total
[2015.11.06-09.32.01:234][737]LogMemory: 
[2015.11.06-09.32.01:234][737]Allocator Stats for TBB: (not implemented)
[2015.11.06-09.32.01:234][737]LogLinker: Can't find file for asset '/Game/RollingCPP/Maps/UEDPIE_1_Map1' while loading NULL.
[2015.11.06-09.32.01:304][737]LogAIModule: Creating AISystem for world Map1
[2015.11.06-09.32.01:314][737]LogPhysics:Warning: MoveFixedBody: Trying to move component'/Game/RollingCPP/Maps/UEDPIE_3_Map1.Map1:PersistentLevel.EditorCube14_113.StaticMeshComponent0' with a non-Movable Mobility.
[2015.11.06-09.32.01:314][737]LogPhysics:Warning: MoveFixedBody: Trying to move component'/Game/RollingCPP/Maps/UEDPIE_3_Map1.Map1:PersistentLevel.EditorCube18_116.StaticMeshComponent0' with a non-Movable Mobility.
[2015.11.06-09.32.01:314][737]LogPhysics:Warning: MoveFixedBody: Trying to move component'/Game/RollingCPP/Maps/UEDPIE_3_Map1.Map1:PersistentLevel.EditorCube22_120.StaticMeshComponent0' with a non-Movable Mobility.
[2015.11.06-09.32.01:314][737]LogPhysics:Warning: MoveFixedBody: Trying to move component'/Game/RollingCPP/Maps/UEDPIE_3_Map1.Map1:PersistentLevel.EditorCube23_121.StaticMeshComponent0' with a non-Movable Mobility.
[2015.11.06-09.32.01:314][737]LogPhysics:Warning: MoveFixedBody: Trying to move component'/Game/RollingCPP/Maps/UEDPIE_3_Map1.Map1:PersistentLevel.EditorCube31_130.StaticMeshComponent0' with a non-Movable Mobility.
[2015.11.06-09.32.01:314][737]LogPhysics:Warning: MoveFixedBody: Trying to move component'/Game/RollingCPP/Maps/UEDPIE_3_Map1.Map1:PersistentLevel.EditorCube35_134.StaticMeshComponent0' with a non-Movable Mobility.
[2015.11.06-09.32.01:314][737]LogPhysics:Warning: MoveFixedBody: Trying to move component'/Game/RollingCPP/Maps/UEDPIE_3_Map1.Map1:PersistentLevel.EditorCube36_135.StaticMeshComponent0' with a non-Movable Mobility.
[2015.11.06-09.32.01:314][737]LogWorld: Bringing World /Game/RollingCPP/Maps/UEDPIE_3_Map1.Map1 up for play (max tick rate 0) at 2015.11.06-10.32.01
[2015.11.06-09.32.01:314][737]LogWorld: Bringing up level for play took: 0.009057
[2015.11.06-09.32.01:324][738]LogNet: Client netspeed is 10000
[2015.11.06-09.32.01:324][738]LogNet: Join request: /Game/RollingCPP/Maps/MainMenu?SplitscreenCount=1
[2015.11.06-09.32.01:325][738]LogNet: Join succeeded: 264
[2015.11.06-09.32.01:990][789]LogNet:Warning: UIpNetDriver::ProcesRemoteFunction: No owning connection for actor BasicProjectile_BP_C_1. Function OnHit will not be processed.
[2015.11.06-09.32.02:492][827]LogNet:Warning: UIpNetDriver::ProcesRemoteFunction: No owning connection for actor BasicProjectile_BP_C_3. Function OnHit will not be processed.
[2015.11.06-09.32.02:705][843]LogNet:Warning: UIpNetDriver::ProcesRemoteFunction: No owning connection for actor BasicProjectile_BP_C_5. Function OnHit will not be processed.
[2015.11.06-09.32.02:884][857]LogNet:Warning: UIpNetDriver::ProcesRemoteFunction: No owning connection for actor BasicProjectile_BP_C_7. Function OnHit will not be processed.
[2015.11.06-09.32.03:041][869]LogNet:Warning: UIpNetDriver::ProcesRemoteFunction: No owning connection for actor BasicProjectile_BP_C_9. Function OnHit will not be processed.
[2015.11.06-09.32.03:178][879]LogNet:Warning: UIpNetDriver::ProcesRemoteFunction: No owning connection for actor BasicProjectile_BP_C_11. Function OnHit will not be processed.
[2015.11.06-09.32.03:291][888]LogNet:Warning: UIpNetDriver::ProcesRemoteFunction: No owning connection for actor BasicProjectile_BP_C_13. Function OnHit will not be processed.
[2015.11.06-09.32.03:692][917]LogNet:Warning: UIpNetDriver::ProcesRemoteFunction: No owning connection for actor BasicProjectile_BP_C_15. Function OnHit will not be processed.
[2015.11.06-09.32.03:838][927]LogNet:Warning: UIpNetDriver::ProcesRemoteFunction: No owning connection for actor BasicProjectile_BP_C_17. Function OnHit will not be processed.
[2015.11.06-09.32.03:983][937]LogNet:Warning: UIpNetDriver::ProcesRemoteFunction: No owning connection for actor BasicProjectile_BP_C_19. Function OnHit will not be processed.
[2015.11.06-09.32.04:278][957]LogNet:Warning: UIpNetDriver::ProcesRemoteFunction: No owning connection for actor BasicProjectile_BP_C_21. Function OnHit will not be processed.
[2015.11.06-09.32.06:392][114]LogNet:Warning: UIpNetDriver::ProcesRemoteFunction: No owning connection for actor BasicProjectile_BP_C_23. Function OnHit will not be processed.
[2015.11.06-09.32.06:535][125]LogNet:Warning: UIpNetDriver::ProcesRemoteFunction: No owning connection for actor BasicProjectile_BP_C_25. Function OnHit will not be processed.
[2015.11.06-09.32.06:666][135]LogNet:Warning: UIpNetDriver::ProcesRemoteFunction: No owning connection for actor BasicProjectile_BP_C_27. Function OnHit will not be processed.
[2015.11.06-09.32.06:787][144]LogNet:Warning: UIpNetDriver::ProcesRemoteFunction: No owning connection for actor BasicProjectile_BP_C_29. Function OnHit will not be processed.
[2015.11.06-09.32.06:921][154]LogNet:Warning: UIpNetDriver::ProcesRemoteFunction: No owning connection for actor BasicProjectile_BP_C_31. Function OnHit will not be processed.
[2015.11.06-09.32.07:045][163]LogNet:Warning: UIpNetDriver::ProcesRemoteFunction: No owning connection for actor BasicProjectile_BP_C_33. Function OnHit will not be processed.
[2015.11.06-09.32.07:180][173]LogNet:Warning: UIpNetDriver::ProcesRemoteFunction: No owning connection for actor BasicProjectile_BP_C_35. Function OnHit will not be processed.
[2015.11.06-09.32.07:329][184]LogNet:Warning: UIpNetDriver::ProcesRemoteFunction: No owning connection for actor BasicProjectile_BP_C_37. Function OnHit will not be processed.
[2015.11.06-09.32.07:446][193]LogNet:Warning: UIpNetDriver::ProcesRemoteFunction: No owning connection for actor BasicProjectile_BP_C_39. Function OnHit will not be processed.
[2015.11.06-09.32.07:828][222]LogNet:Warning: UIpNetDriver::ProcesRemoteFunction: No owning connection for actor BasicProjectile_BP_C_43. Function OnHit will not be processed.
[2015.11.06-09.32.07:950][231]LogNet:Warning: UIpNetDriver::ProcesRemoteFunction: No owning connection for actor BasicProjectile_BP_C_45. Function OnHit will not be processed.
[2015.11.06-09.32.08:094][242]LogNet:Warning: UIpNetDriver::ProcesRemoteFunction: No owning connection for actor BasicProjectile_BP_C_47. Function OnHit will not be processed.
[2015.11.06-09.32.08:892][303]LogNet:Warning: UIpNetDriver::ProcesRemoteFunction: No owning connection for actor BasicProjectile_BP_C_49. Function OnHit will not be processed.
[2015.11.06-09.32.09:064][316]LogNet:Warning: UIpNetDriver::ProcesRemoteFunction: No owning connection for actor BasicProjectile_BP_C_51. Function OnHit will not be processed.
[2015.11.06-09.32.09:207][327]LogNet:Warning: UIpNetDriver::ProcesRemoteFunction: No owning connection for actor BasicProjectile_BP_C_53. Function OnHit will not be processed.
[2015.11.06-09.32.09:353][338]LogNet:Warning: UIpNetDriver::ProcesRemoteFunction: No owning connection for actor BasicProjectile_BP_C_55. Function OnHit will not be processed.
[2015.11.06-09.32.09:516][350]LogNet:Warning: UIpNetDriver::ProcesRemoteFunction: No owning connection for actor BasicProjectile_BP_C_57. Function OnHit will not be processed.
[2015.11.06-09.32.09:663][361]LogNet:Warning: UIpNetDriver::ProcesRemoteFunction: No owning connection for actor BasicProjectile_BP_C_59. Function OnHit will not be processed.
[2015.11.06-09.32.09:806][372]LogNet:Warning: UIpNetDriver::ProcesRemoteFunction: No owning connection for actor BasicProjectile_BP_C_61. Function OnHit will not be processed.
[2015.11.06-09.32.09:929][381]LogNet:Warning: UIpNetDriver::ProcesRemoteFunction: No owning connection for actor BasicProjectile_BP_C_63. Function OnHit will not be processed.
[2015.11.06-09.32.10:046][390]LogNet:Warning: UIpNetDriver::ProcesRemoteFunction: No owning connection for actor BasicProjectile_BP_C_65. Function OnHit will not be processed.
[2015.11.06-09.32.10:205][402]LogNet:Warning: UIpNetDriver::ProcesRemoteFunction: No owning connection for actor BasicProjectile_BP_C_67. Function OnHit will not be processed.
[2015.11.06-09.32.14:125][638]LogNet:Warning: UIpNetDriver::ProcesRemoteFunction: No owning connection for actor BasicProjectile_BP_C_69. Function OnHit will not be processed.
[2015.11.06-09.32.14:946][704]LogNet:Warning: UIpNetDriver::ProcesRemoteFunction: No owning connection for actor BasicProjectile_BP_C_71. Function OnHit will not be processed.
[2015.11.06-09.32.15:810][773]LogNet:Warning: UIpNetDriver::ProcesRemoteFunction: No owning connection for actor BasicProjectile_BP_C_73. Function OnHit will not be processed.
[2015.11.06-09.32.16:420][821]LogNet:Warning: UIpNetDriver::ProcesRemoteFunction: No owning connection for actor BasicProjectile_BP_C_75. Function OnHit will not be processed.
[2015.11.06-09.32.16:549][831]LogNet:Warning: UIpNetDriver::ProcesRemoteFunction: No owning connection for actor BasicProjectile_BP_C_77. Function OnHit will not be processed.
[2015.11.06-09.32.16:694][842]LogNet:Warning: UIpNetDriver::ProcesRemoteFunction: No owning connection for actor BasicProjectile_BP_C_79. Function OnHit will not be processed.
[2015.11.06-09.32.16:877][856]LogNet:Warning: UIpNetDriver::ProcesRemoteFunction: No owning connection for actor BasicProjectile_BP_C_81. Function OnHit will not be processed.
[2015.11.06-09.32.17:011][866]LogNet:Warning: UIpNetDriver::ProcesRemoteFunction: No owning connection for actor BasicProjectile_BP_C_83. Function OnHit will not be processed.
[2015.11.06-09.32.17:169][878]LogNet:Warning: UIpNetDriver::ProcesRemoteFunction: No owning connection for actor BasicProjectile_BP_C_85. Function OnHit will not be processed.
[2015.11.06-09.32.17:317][889]LogNet:Warning: UIpNetDriver::ProcesRemoteFunction: No owning connection for actor BasicProjectile_BP_C_87. Function OnHit will not be processed.
[2015.11.06-09.32.17:495][902]LogNet:Warning: UIpNetDriver::ProcesRemoteFunction: No owning connection for actor BasicProjectile_BP_C_89. Function OnHit will not be processed.
[2015.11.06-09.32.17:642][913]LogNet:Warning: UIpNetDriver::ProcesRemoteFunction: No owning connection for actor BasicProjectile_BP_C_91. Function OnHit will not be processed.
[2015.11.06-09.32.17:807][925]LogNet:Warning: UIpNetDriver::ProcesRemoteFunction: No owning connection for actor BasicProjectile_BP_C_93. Function OnHit will not be processed.
[2015.11.06-09.32.18:003][939]LogNet:Warning: UIpNetDriver::ProcesRemoteFunction: No owning connection for actor BasicProjectile_BP_C_95. Function OnHit will not be processed.
[2015.11.06-09.32.18:555][979]LogNet:Warning: UIpNetDriver::ProcesRemoteFunction: No owning connection for actor BasicProjectile_BP_C_101. Function OnHit will not be processed.
[2015.11.06-09.32.18:765][994]LogNet:Warning: UIpNetDriver::ProcesRemoteFunction: No owning connection for actor BasicProjectile_BP_C_103. Function OnHit will not be processed.
[2015.11.06-09.32.18:932][  6]LogNet:Warning: UIpNetDriver::ProcesRemoteFunction: No owning connection for actor BasicProjectile_BP_C_105. Function OnHit will not be processed.
[2015.11.06-09.32.19:092][ 18]LogNet:Warning: UIpNetDriver::ProcesRemoteFunction: No owning connection for actor BasicProjectile_BP_C_107. Function OnHit will not be processed.
[2015.11.06-09.32.19:680][ 61]LogNet:Warning: UIpNetDriver::ProcesRemoteFunction: No owning connection for actor BasicProjectile_BP_C_109. Function OnHit will not be processed.
[2015.11.06-09.32.19:869][ 75]LogNet:Warning: UIpNetDriver::ProcesRemoteFunction: No owning connection for actor BasicProjectile_BP_C_111. Function OnHit will not be processed.
[2015.11.06-09.32.20:020][ 86]LogNet:Warning: UIpNetDriver::ProcesRemoteFunction: No owning connection for actor BasicProjectile_BP_C_113. Function OnHit will not be processed.
[2015.11.06-09.32.20:432][116]LogNet:Warning: UIpNetDriver::ProcesRemoteFunction: No owning connection for actor BasicProjectile_BP_C_117. Function OnHit will not be processed.
[2015.11.06-09.32.21:139][169]LogNet:Warning: UIpNetDriver::ProcesRemoteFunction: No owning connection for actor BasicProjectile_BP_C_119. Function OnHit will not be processed.
[2015.11.06-09.32.21:751][216]LogNet:Warning: UIpNetDriver::ProcesRemoteFunction: No owning connection for actor BasicProjectile_BP_C_123. Function OnHit will not be processed.
[2015.11.06-09.32.22:057][239]LogNet:Warning: UIpNetDriver::ProcesRemoteFunction: No owning connection for actor BasicProjectile_BP_C_125. Function OnHit will not be processed.
[2015.11.06-09.32.22:387][264]LogNet:Warning: UIpNetDriver::ProcesRemoteFunction: No owning connection for actor BasicProjectile_BP_C_127. Function OnHit will not be processed.
[2015.11.06-09.32.23:549][355]LogNet:Warning: UIpNetDriver::ProcesRemoteFunction: No owning connection for actor BasicProjectile_BP_C_129. Function OnHit will not be processed.
[2015.11.06-09.32.23:748][370]LogNet:Warning: UIpNetDriver::ProcesRemoteFunction: No owning connection for actor BasicProjectile_BP_C_131. Function OnHit will not be processed.
[2015.11.06-09.32.23:954][386]LogNet:Warning: UIpNetDriver::ProcesRemoteFunction: No owning connection for actor BasicProjectile_BP_C_133. Function OnHit will not be processed.
[2015.11.06-09.32.24:088][396]LogNet:Warning: UIpNetDriver::ProcesRemoteFunction: No owning connection for actor BasicProjectile_BP_C_135. Function OnHit will not be processed.
[2015.11.06-09.32.24:614][436]LogNet:Warning: UIpNetDriver::ProcesRemoteFunction: No owning connection for actor BasicProjectile_BP_C_139. Function OnHit will not be processed.
[2015.11.06-09.32.24:746][446]LogNet:Warning: UIpNetDriver::ProcesRemoteFunction: No owning connection for actor BasicProjectile_BP_C_141. Function OnHit will not be processed.
[2015.11.06-09.32.24:932][460]LogNet:Warning: UIpNetDriver::ProcesRemoteFunction: No owning connection for actor BasicProjectile_BP_C_143. Function OnHit will not be processed.
[2015.11.06-09.32.25:116][474]LogNet:Warning: UIpNetDriver::ProcesRemoteFunction: No owning connection for actor BasicProjectile_BP_C_145. Function OnHit will not be processed.
[2015.11.06-09.32.25:343][491]LogNet:Warning: UIpNetDriver::ProcesRemoteFunction: No owning connection for actor BasicProjectile_BP_C_147. Function OnHit will not be processed.
[2015.11.06-09.32.25:768][523]LogNet:Warning: UIpNetDriver::ProcesRemoteFunction: No owning connection for actor BasicProjectile_BP_C_149. Function OnHit will not be processed.
[2015.11.06-09.32.25:768][523]LogNet:Warning: UIpNetDriver::ProcesRemoteFunction: No owning connection for actor BasicProjectile_BP_C_149. Function OnHit will not be processed.
[2015.11.06-09.32.26:262][560]LogNet:Warning: UIpNetDriver::ProcesRemoteFunction: No owning connection for actor BasicProjectile_BP_C_151. Function OnHit will not be processed.
[2015.11.06-09.32.26:635][588]LogNet:Warning: UIpNetDriver::ProcesRemoteFunction: No owning connection for actor BasicProjectile_BP_C_153. Function OnHit will not be processed.
[2015.11.06-09.32.26:943][611]LogNet:Warning: UIpNetDriver::ProcesRemoteFunction: No owning connection for actor BasicProjectile_BP_C_155. Function OnHit will not be processed.
[2015.11.06-09.32.27:244][634]LogNet:Warning: UIpNetDriver::ProcesRemoteFunction: No owning connection for actor BasicProjectile_BP_C_157. Function OnHit will not be processed.
[2015.11.06-09.32.27:653][665]LogNet:Warning: UIpNetDriver::ProcesRemoteFunction: No owning connection for actor BasicProjectile_BP_C_159. Function OnHit will not be processed.
[2015.11.06-09.32.27:923][685]LogNet:Warning: UIpNetDriver::ProcesRemoteFunction: No owning connection for actor BasicProjectile_BP_C_161. Function OnHit will not be processed.
[2015.11.06-09.32.28:657][741]LogNet:Warning: UIpNetDriver::ProcesRemoteFunction: No owning connection for actor BasicProjectile_BP_C_163. Function OnHit will not be processed.
[2015.11.06-09.32.29:497][805]LogNet:Warning: UIpNetDriver::ProcesRemoteFunction: No owning connection for actor BasicProjectile_BP_C_165. Function OnHit will not be processed.
[2015.11.06-09.32.30:021][845]LogNet:Warning: UIpNetDriver::ProcesRemoteFunction: No owning connection for actor BasicProjectile_BP_C_167. Function OnHit will not be processed.
[2015.11.06-09.32.31:074][925]LogNet:Warning: UIpNetDriver::ProcesRemoteFunction: No owning connection for actor BasicProjectile_BP_C_169. Function OnHit will not be processed.
[2015.11.06-09.32.31:666][969]LogNet:Warning: UIpNetDriver::ProcesRemoteFunction: No owning connection for actor BasicProjectile_BP_C_171. Function OnHit will not be processed.
[2015.11.06-09.32.32:190][  8]LogNet:Warning: UIpNetDriver::ProcesRemoteFunction: No owning connection for actor BasicProjectile_BP_C_173. Function OnHit will not be processed.
[2015.11.06-09.32.33:549][110]LogNet:Warning: UIpNetDriver::ProcesRemoteFunction: No owning connection for actor BasicProjectile_BP_C_175. Function OnHit will not be processed.
[2015.11.06-09.32.36:106][315]LogNet:Warning: UIpNetDriver::ProcesRemoteFunction: No owning connection for actor BasicProjectile_BP_C_177. Function OnHit will not be processed.
[2015.11.06-09.32.41:130][688]LogNet:Warning: UIpNetDriver::ProcesRemoteFunction: No owning connection for actor BasicProjectile_BP_C_179. Function OnHit will not be processed.
[2015.11.06-09.32.41:277][699]LogNet:Warning: UIpNetDriver::ProcesRemoteFunction: No owning connection for actor BasicProjectile_BP_C_181. Function OnHit will not be processed.
[2015.11.06-09.32.41:465][713]LogNet:Warning: UIpNetDriver::ProcesRemoteFunction: No owning connection for actor BasicProjectile_BP_C_183. Function OnHit will not be processed.
[2015.11.06-09.32.41:643][726]LogNet:Warning: UIpNetDriver::ProcesRemoteFunction: No owning connection for actor BasicProjectile_BP_C_185. Function OnHit will not be processed.
[2015.11.06-09.32.41:817][739]LogNet:Warning: UIpNetDriver::ProcesRemoteFunction: No owning connection for actor BasicProjectile_BP_C_187. Function OnHit will not be processed.
[2015.11.06-09.32.42:076][758]LogNet:Warning: UIpNetDriver::ProcesRemoteFunction: No owning connection for actor BasicProjectile_BP_C_189. Function OnHit will not be processed.
[2015.11.06-09.32.42:464][787]LogNet:Warning: UIpNetDriver::ProcesRemoteFunction: No owning connection for actor BasicProjectile_BP_C_191. Function OnHit will not be processed.
[2015.11.06-09.32.43:623][876]LogNet:Warning: UIpNetDriver::ProcesRemoteFunction: No owning connection for actor BasicProjectile_BP_C_193. Function OnHit will not be processed.
[2015.11.06-09.32.44:226][923]LogNet:Warning: UIpNetDriver::ProcesRemoteFunction: No owning connection for actor BasicProjectile_BP_C_195. Function OnHit will not be processed.
[2015.11.06-09.32.44:862][972]LogNet:Warning: UIpNetDriver::ProcesRemoteFunction: No owning connection for actor BasicProjectile_BP_C_199. Function OnHit will not be processed.
[2015.11.06-09.32.45:352][ 10]LogNet:Warning: UIpNetDriver::ProcesRemoteFunction: No owning connection for actor BasicProjectile_BP_C_201. Function OnHit will not be processed.
[2015.11.06-09.32.45:840][ 48]LogNet:Warning: UIpNetDriver::ProcesRemoteFunction: No owning connection for actor BasicProjectile_BP_C_203. Function OnHit will not be processed.
[2015.11.06-09.32.46:152][ 72]LogNet:Warning: UIpNetDriver::ProcesRemoteFunction: No owning connection for actor BasicProjectile_BP_C_205. Function OnHit will not be processed.
[2015.11.06-09.32.46:152][ 72]LogNet:Warning: UIpNetDriver::ProcesRemoteFunction: No owning connection for actor BasicProjectile_BP_C_205. Function OnHit will not be processed.
[2015.11.06-09.32.46:535][101]LogNet:Warning: UIpNetDriver::ProcesRemoteFunction: No owning connection for actor BasicProjectile_BP_C_209. Function OnHit will not be processed.
[2015.11.06-09.32.46:706][114]LogNet:Warning: UIpNetDriver::ProcesRemoteFunction: No owning connection for actor BasicProjectile_BP_C_211. Function OnHit will not be processed.
[2015.11.06-09.32.47:047][140]LogNet:Warning: UIpNetDriver::ProcesRemoteFunction: No owning connection for actor BasicProjectile_BP_C_213. Function OnHit will not be processed.
[2015.11.06-09.32.47:205][152]LogNet:Warning: UIpNetDriver::ProcesRemoteFunction: No owning connection for actor BasicProjectile_BP_C_215. Function OnHit will not be processed.
[2015.11.06-09.32.47:896][204]LogNet:Warning: UIpNetDriver::ProcesRemoteFunction: No owning connection for actor BasicProjectile_BP_C_217. Function OnHit will not be processed.
[2015.11.06-09.32.48:239][229]LogNet:Warning: UIpNetDriver::ProcesRemoteFunction: No owning connection for actor BasicProjectile_BP_C_219. Function OnHit will not be processed.
[2015.11.06-09.32.48:430][243]LogNet:Warning: UIpNetDriver::ProcesRemoteFunction: No owning connection for actor BasicProjectile_BP_C_221. Function OnHit will not be processed.
[2015.11.06-09.32.48:682][261]LogNet:Warning: UIpNetDriver::ProcesRemoteFunction: No owning connection for actor BasicProjectile_BP_C_223. Function OnHit will not be processed.
[2015.11.06-09.32.48:830][272]LogNet:Warning: UIpNetDriver::ProcesRemoteFunction: No owning connection for actor BasicProjectile_BP_C_225. Function OnHit will not be processed.
[2015.11.06-09.32.49:081][290]LogNet:Warning: UIpNetDriver::ProcesRemoteFunction: No owning connection for actor BasicProjectile_BP_C_227. Function OnHit will not be processed.
[2015.11.06-09.32.49:246][302]LogNet:Warning: UIpNetDriver::ProcesRemoteFunction: No owning connection for actor BasicProjectile_BP_C_229. Function OnHit will not be processed.
[2015.11.06-09.32.49:431][315]LogNet:Warning: UIpNetDriver::ProcesRemoteFunction: No owning connection for actor BasicProjectile_BP_C_231. Function OnHit will not be processed.
[2015.11.06-09.32.49:613][328]LogNet:Warning: UIpNetDriver::ProcesRemoteFunction: No owning connection for actor BasicProjectile_BP_C_233. Function OnHit will not be processed.
[2015.11.06-09.32.49:809][342]LogNet:Warning: UIpNetDriver::ProcesRemoteFunction: No owning connection for actor BasicProjectile_BP_C_235. Function OnHit will not be processed.
[2015.11.06-09.32.50:839][418]LogNet:Warning: UIpNetDriver::ProcesRemoteFunction: No owning connection for actor BasicProjectile_BP_C_239. Function OnHit will not be processed.
[2015.11.06-09.32.50:961][427]LogNet:Warning: UIpNetDriver::ProcesRemoteFunction: No owning connection for actor BasicProjectile_BP_C_241. Function OnHit will not be processed.
[2015.11.06-09.32.51:112][438]LogNet:Warning: UIpNetDriver::ProcesRemoteFunction: No owning connection for actor BasicProjectile_BP_C_243. Function OnHit will not be processed.
[2015.11.06-09.32.51:263][449]LogNet:Warning: UIpNetDriver::ProcesRemoteFunction: No owning connection for actor BasicProjectile_BP_C_245. Function OnHit will not be processed.
[2015.11.06-09.32.51:263][449]LogNet:Warning: UIpNetDriver::ProcesRemoteFunction: No owning connection for actor BasicProjectile_BP_C_245. Function OnHit will not be processed.
[2015.11.06-09.32.51:429][461]LogNet:Warning: UIpNetDriver::ProcesRemoteFunction: No owning connection for actor BasicProjectile_BP_C_247. Function OnHit will not be processed.
[2015.11.06-09.32.51:429][461]LogNet:Warning: UIpNetDriver::ProcesRemoteFunction: No owning connection for actor BasicProjectile_BP_C_247. Function OnHit will not be processed.
[2015.11.06-09.32.51:573][471]LogNet:Warning: UIpNetDriver::ProcesRemoteFunction: No owning connection for actor BasicProjectile_BP_C_249. Function OnHit will not be processed.
[2015.11.06-09.32.51:749][484]LogNet:Warning: UIpNetDriver::ProcesRemoteFunction: No owning connection for actor BasicProjectile_BP_C_251. Function OnHit will not be processed.
[2015.11.06-09.32.51:749][484]LogNet:Warning: UIpNetDriver::ProcesRemoteFunction: No owning connection for actor BasicProjectile_BP_C_251. Function OnHit will not be processed.
[2015.11.06-09.32.51:887][494]LogNet:Warning: UIpNetDriver::ProcesRemoteFunction: No owning connection for actor BasicProjectile_BP_C_253. Function OnHit will not be processed.
[2015.11.06-09.32.52:028][504]LogNet:Warning: UIpNetDriver::ProcesRemoteFunction: No owning connection for actor BasicProjectile_BP_C_255. Function OnHit will not be processed.
[2015.11.06-09.32.52:028][504]LogNet:Warning: UIpNetDriver::ProcesRemoteFunction: No owning connection for actor BasicProjectile_BP_C_255. Function OnHit will not be processed.
[2015.11.06-09.32.53:638][625]LogNet:Warning: UIpNetDriver::ProcesRemoteFunction: No owning connection for actor BasicProjectile_BP_C_261. Function OnHit will not be processed.
[2015.11.06-09.32.53:789][636]LogNet:Warning: UIpNetDriver::ProcesRemoteFunction: No owning connection for actor BasicProjectile_BP_C_263. Function OnHit will not be processed.
[2015.11.06-09.32.53:844][640]LogNet:Warning: UIpNetDriver::ProcesRemoteFunction: No owning connection for actor BasicProjectile_BP_C_257. Function OnHit will not be processed.
[2015.11.06-09.32.53:857][641]LogNet:Warning: UIpNetDriver::ProcesRemoteFunction: No owning connection for actor BasicProjectile_BP_C_259. Function OnHit will not be processed.
[2015.11.06-09.32.55:478][764]LogNet:Warning: UIpNetDriver::ProcesRemoteFunction: No owning connection for actor BasicProjectile_BP_C_265. Function OnHit will not be processed.
[2015.11.06-09.32.56:697][858]LogNet:Warning: UIpNetDriver::ProcesRemoteFunction: No owning connection for actor BasicProjectile_BP_C_267. Function OnHit will not be processed.
[2015.11.06-09.32.56:931][876]LogNet:Warning: UIpNetDriver::ProcesRemoteFunction: No owning connection for actor BasicProjectile_BP_C_269. Function OnHit will not be processed.
[2015.11.06-09.32.58:217][977]LogNet:Warning: UIpNetDriver::ProcesRemoteFunction: No owning connection for actor BasicProjectile_BP_C_271. Function OnHit will not be processed.
[2015.11.06-09.32.58:820][ 22]LogNet:Warning: UIpNetDriver::ProcesRemoteFunction: No owning connection for actor BasicProjectile_BP_C_273. Function OnHit will not be processed.
[2015.11.06-09.33.01:272][213]LogNet:Warning: UIpNetDriver::ProcesRemoteFunction: No owning connection for actor BasicProjectile_BP_C_275. Function OnHit will not be processed.
[2015.11.06-09.33.02:569][312]LogNet:Warning: UIpNetDriver::ProcesRemoteFunction: No owning connection for actor BasicProjectile_BP_C_277. Function OnHit will not be processed.
[2015.11.06-09.33.02:698][322]LogNet:Warning: UIpNetDriver::ProcesRemoteFunction: No owning connection for actor BasicProjectile_BP_C_279. Function OnHit will not be processed.
[2015.11.06-09.33.02:828][331]LogNet:Warning: UIpNetDriver::ProcesRemoteFunction: No owning connection for actor BasicProjectile_BP_C_281. Function OnHit will not be processed.
[2015.11.06-09.33.02:971][342]LogNet:Warning: UIpNetDriver::ProcesRemoteFunction: No owning connection for actor BasicProjectile_BP_C_283. Function OnHit will not be processed.
[2015.11.06-09.33.03:106][352]LogNet:Warning: UIpNetDriver::ProcesRemoteFunction: No owning connection for actor BasicProjectile_BP_C_285. Function OnHit will not be processed.
[2015.11.06-09.33.03:237][361]LogNet:Warning: UIpNetDriver::ProcesRemoteFunction: No owning connection for actor BasicProjectile_BP_C_287. Function OnHit will not be processed.
[2015.11.06-09.33.03:354][370]LogNet:Warning: UIpNetDriver::ProcesRemoteFunction: No owning connection for actor BasicProjectile_BP_C_289. Function OnHit will not be processed.
[2015.11.06-09.33.03:694][395]LogNet:Warning: UIpNetDriver::ProcesRemoteFunction: No owning connection for actor BasicProjectile_BP_C_291. Function OnHit will not be processed.
[2015.11.06-09.33.06:231][596]LogNet:Warning: UIpNetDriver::ProcesRemoteFunction: No owning connection for actor BasicProjectile_BP_C_294. Function OnHit will not be processed.
[2015.11.06-09.33.06:755][636]LogNet:Warning: UIpNetDriver::ProcesRemoteFunction: No owning connection for actor BasicProjectile_BP_C_296. Function OnHit will not be processed.
[2015.11.06-09.33.06:766][637]LogSpawn:Warning: SpawnActor failed because of collision at the spawn location [X=1342.729 Y=728.520 Z=220.000] for [BOSBall_BP_C]
[2015.11.06-09.33.06:766][637]LogSpawn:Warning: SpawnActor failed because the spawned actor IsPendingKill
[2015.11.06-09.33.06:766][637]LogGameMode:Warning: Couldn't spawn Pawn of type BOSBall_BP_C at BOSPlayerStart_34
[2015.11.06-09.33.06:913][637]LogCrashTracker: 


[2015.11.06-09.33.06:913][637]LogCrashTracker: 


[2015.11.06-09.33.06:913][637]LogWindows: === Critical error: ===
Fatal error!



[2015.11.06-09.33.07:030][637]LogExit: Executing StaticShutdownAfterError
[2015.11.06-09.33.07:032][637]LogOutputDevice:Warning: 

Script Stack:
BOSBall.HandleDeath
BOSBall.Damage
BasicProjectile.OnHit

[2015.11.06-09.33.07:033][637]LogPhysics:Warning: PHYSX: ..\..\PhysX\src\NpScene.cpp (2946) 8 : PxScene::unlockWrite() called without matching call to PxScene::lockWrite(), behaviour will be undefined.
[2015.11.06-09.33.07:034][637]LogPhysics:Warning: PHYSX: ..\..\PhysX\src\NpScene.cpp (2946) 8 : PxScene::unlockWrite() called without matching call to PxScene::lockWrite(), behaviour will be undefined.
[2015.11.06-09.33.07:034][637]LogPhysics:Warning: PHYSX: ..\..\PhysX\src\NpScene.cpp (2946) 8 : PxScene::unlockWrite() called without matching call to PxScene::lockWrite(), behaviour will be undefined.
[2015.11.06-09.33.07:034][637]LogPhysics:Warning: PHYSX: ..\..\PhysX\src\NpScene.cpp (2946) 8 : PxScene::unlockWrite() called without matching call to PxScene::lockWrite(), behaviour will be undefined.
[2015.11.06-09.33.07:034][637]LogPhysics:Warning: PHYSX: ..\..\PhysX\src\NpScene.cpp (2946) 8 : PxScene::unlockWrite() called without matching call to PxScene::lockWrite(), behaviour will be undefined.
[2015.11.06-09.33.07:034][637]LogPhysics:Warning: PHYSX: ..\..\PhysX\src\NpScene.cpp (2946) 8 : PxScene::unlockWrite() called without matching call to PxScene::lockWrite(), behaviour will be undefined.
[2015.11.06-09.33.07:034][637]LogPhysics:Warning: PHYSX: ..\..\PhysX\src\NpScene.cpp (2946) 8 : PxScene::unlockWrite() called without matching call to PxScene::lockWrite(), behaviour will be undefined.
[2015.11.06-09.33.07:034][637]LogPhysics:Warning: PHYSX: ..\..\PhysX\src\NpScene.cpp (2946) 8 : PxScene::unlockWrite() called without matching call to PxScene::lockWrite(), behaviour will be undefined.
[2015.11.06-09.33.07:034][637]LogPhysics:Warning: PHYSX: ..\..\PhysX\src\NpScene.cpp (2946) 8 : PxScene::unlockWrite() called without matching call to PxScene::lockWrite(), behaviour will be undefined.
[2015.11.06-09.33.07:034][637]LogPhysics:Warning: PHYSX: ..\..\PhysX\src\NpScene.cpp (2946) 8 : PxScene::unlockWrite() called without matching call to PxScene::lockWrite(), behaviour will be undefined.
[2015.11.06-09.33.07:034][637]LogWindows: FPlatformMisc::RequestExit(1)
[2015.11.06-09.33.07:034][637]Log file closed, 11/06/15 10:33:07
