[2015.11.30-21.46.48:894][  0]Log file open, 11/30/15 22:46:48
[2015.11.30-21.46.48:894][  0]LogInit:Display: Running engine for game: BOS
[2015.11.30-21.46.48:894][  0]LogInit:Display: RandInit(2068171031) SRandInit(2068171031).
[2015.11.30-21.46.48:894][  0]LogTaskGraph: Started task graph with 4 named threads and 7 total threads.
[2015.11.30-21.46.48:894][  0]LogStats: Stats thread started at 0.087718
[2015.11.30-21.46.48:894][  0]LogInit: Version: 4.9.2-2707645+++depot+UE4-Releases+4.9
[2015.11.30-21.46.48:894][  0]LogInit: API Version: 2672455
[2015.11.30-21.46.48:894][  0]LogInit: Compiled (64-bit): Sep 28 2015 10:25:44
[2015.11.30-21.46.48:894][  0]LogInit: Compiled with Visual C++: 18.00.21005.01
[2015.11.30-21.46.48:894][  0]LogInit: Build Configuration: Development
[2015.11.30-21.46.48:894][  0]LogInit: Branch Name: ++depot+UE4-Releases+4.9
[2015.11.30-21.46.48:894][  0]LogInit: Command line:  
[2015.11.30-21.46.48:894][  0]LogInit: Base directory: E:/Epic Games/4.9/Engine/Binaries/Win64/
[2015.11.30-21.46.48:894][  0]LogInit: Rocket: 1
[2015.11.30-21.46.48:913][  0]LogInit: Using libcurl 7.41.0
[2015.11.30-21.46.48:913][  0]LogInit:  - built for x86_64-pc-win32
[2015.11.30-21.46.48:913][  0]LogInit:  - supports SSL with WinSSL
[2015.11.30-21.46.48:913][  0]LogInit:  - other features:
[2015.11.30-21.46.48:913][  0]LogInit:      CURL_VERSION_SSL
[2015.11.30-21.46.48:913][  0]LogInit:      CURL_VERSION_IPV6
[2015.11.30-21.46.48:913][  0]LogInit:      CURL_VERSION_ASYNCHDNS
[2015.11.30-21.46.48:913][  0]LogInit:      CURL_VERSION_LARGEFILE
[2015.11.30-21.46.48:913][  0]LogInit:      CURL_VERSION_IDN
[2015.11.30-21.46.48:913][  0]LogInit:  CurlRequestOptions (configurable via config and command line):
[2015.11.30-21.46.48:913][  0]LogInit:  - bVerifyPeer = true  - Libcurl will verify peer certificate
[2015.11.30-21.46.48:913][  0]LogInit:  - bUseHttpProxy = false  - Libcurl will NOT use HTTP proxy
[2015.11.30-21.46.48:913][  0]LogInit:  - bDontReuseConnections = false  - Libcurl will reuse connections
[2015.11.30-21.46.48:913][  0]LogInit:  - CertBundlePath = nullptr  - Libcurl will use whatever was configured at build time.
[2015.11.30-21.46.48:925][  0]LogInit: Presizing for 0 objects not considered by GC, pre-allocating 0 bytes.
[2015.11.30-21.46.48:933][  0]LogInit: Object subsystem initialized
[2015.11.30-21.46.48:934][  0]LogInit: Selected Device Profile: [Windows]
[2015.11.30-21.46.48:934][  0]LogInit: Applying CVar settings loaded from the selected device profile: [Windows]
[2015.11.30-21.46.48:952][  0]LogInit: Computer: OLIVER
[2015.11.30-21.46.48:952][  0]LogInit: User: Oliver
[2015.11.30-21.46.48:952][  0]LogInit: CPU Page size=4096, Cores=4
[2015.11.30-21.46.48:952][  0]LogInit: High frequency timer resolution =3.125016 MHz
[2015.11.30-21.46.48:952][  0]LogMemory: Memory total: Physical=7.9GB (8GB approx)
[2015.11.30-21.46.48:952][  0]LogMemory: Platform Memory Stats for Windows
[2015.11.30-21.46.48:952][  0]LogMemory: Process Physical Memory: 54.79 MB used, 54.79 MB peak
[2015.11.30-21.46.48:952][  0]LogMemory: Process Virtual Memory: 55.32 MB used, 55.32 MB peak
[2015.11.30-21.46.48:952][  0]LogMemory: Physical Memory: 4023.96 MB used, 8138.56 MB total
[2015.11.30-21.46.48:952][  0]LogMemory: Virtual Memory: 368.15 MB used, 134217728.00 MB total
[2015.11.30-21.46.49:014][  0]LogTextLocalizationManager: No specific translations for ('en-GB') exist, so ('en') translations will be used.
[2015.11.30-21.46.50:440][  0]LogD3D11RHI: Found D3D11 adapter 0: NVIDIA GeForce GTX 780 (Feature Level 11_0)
[2015.11.30-21.46.50:440][  0]LogD3D11RHI: Adapter has 3013MB of dedicated video memory, 0MB of dedicated system memory, and 4069MB of shared system memory, 3 output[s]
[2015.11.30-21.46.50:443][  0]LogD3D11RHI: Found D3D11 adapter 1: Microsoft Basic Render Driver (Feature Level 11_0)
[2015.11.30-21.46.50:443][  0]LogD3D11RHI: Adapter has 0MB of dedicated video memory, 0MB of dedicated system memory, and 4069MB of shared system memory, 0 output[s]
[2015.11.30-21.46.50:443][  0]LogD3D11RHI: Chosen D3D11 Adapter Id = 0
[2015.11.30-21.46.50:447][  0]LogD3D11RHI: !Direct3DDevice
[2015.11.30-21.46.50:447][  0]LogRHI: Texture pool is 1361 MB (70% of 1945 MB)
[2015.11.30-21.46.50:463][  0]LogD3D11RHI: Async texture creation enabled
[2015.11.30-21.46.50:487][  0]LogShaderCompilers: Guid format shader working directory is 15 characters bigger than the processId version (../../../../../Unreal Projects/Balls-of-steel/BOS/Intermediate/Shaders/WorkingDirectory/9720/).
[2015.11.30-21.46.50:487][  0]LogShaderCompilers: Cleaned the shader compiler working directory '../../../../../Unreal Projects/Balls-of-steel/BOS/Intermediate/Shaders/tmp/50170F0F44FEC60CAE11229631A8B3F1/'.
[2015.11.30-21.46.50:487][  0]LogShaderCompilers:Display: Using Local Shader Compiler.
[2015.11.30-21.46.52:532][  0]LogTemp:Display: Loaded TP AllDesktopTargetPlatform
[2015.11.30-21.46.52:539][  0]LogTemp:Display: Loaded TP WindowsClientTargetPlatform
[2015.11.30-21.46.52:545][  0]LogTemp:Display: Loaded TP WindowsNoEditorTargetPlatform
[2015.11.30-21.46.52:550][  0]LogTemp:Display: Loaded TP WindowsServerTargetPlatform
[2015.11.30-21.46.52:559][  0]LogTemp:Display: Loaded TP WindowsTargetPlatform
[2015.11.30-21.46.52:572][  0]LogTemp:Display: Loaded TP AndroidTargetPlatform
[2015.11.30-21.46.52:576][  0]LogTemp:Display: Loaded TP Android_ASTCTargetPlatform
[2015.11.30-21.46.52:580][  0]LogTemp:Display: Loaded TP Android_ATCTargetPlatform
[2015.11.30-21.46.52:584][  0]LogTemp:Display: Loaded TP Android_DXTTargetPlatform
[2015.11.30-21.46.52:595][  0]LogTemp:Display: Loaded TP Android_ETC1TargetPlatform
[2015.11.30-21.46.52:598][  0]LogTemp:Display: Loaded TP Android_ETC2TargetPlatform
[2015.11.30-21.46.52:603][  0]LogTemp:Display: Loaded TP Android_PVRTCTargetPlatform
[2015.11.30-21.46.52:605][  0]LogTemp:Display: Loaded TP HTML5TargetPlatform
[2015.11.30-21.46.52:634][  0]LogTemp:Display: Loaded TP IOSTargetPlatform
[2015.11.30-21.46.52:638][  0]LogTemp:Display: Loaded TP LinuxNoEditorTargetPlatform
[2015.11.30-21.46.52:643][  0]LogTemp:Display: Loaded TP LinuxServerTargetPlatform
[2015.11.30-21.46.52:648][  0]LogTemp:Display: Loaded TP LinuxTargetPlatform
[2015.11.30-21.46.52:648][  0]LogTargetPlatformManager:Display: Building Assets For Windows
[2015.11.30-21.46.52:769][  0]LogDerivedDataCache:Display: Max Cache Size: 512 MB
[2015.11.30-21.46.52:977][  0]LogDerivedDataCache: Loaded boot cache 0.21s 46MB C:/Users/Oliver/AppData/Local/UnrealEngine/4.9/DerivedDataCache/Boot.ddc.
[2015.11.30-21.46.52:977][  0]LogDerivedDataCache:Display: Loaded Boot cache: C:/Users/Oliver/AppData/Local/UnrealEngine/4.9/DerivedDataCache/Boot.ddc
[2015.11.30-21.46.52:978][  0]LogDerivedDataCache: FDerivedDataBackendGraph:  Pak pak cache file ../../../../../Unreal Projects/Balls-of-steel/BOS/DerivedDataCache/DDC.ddp not found, will not use a pak cache.
[2015.11.30-21.46.52:978][  0]LogDerivedDataCache: Unable to find inner node Pak for hierarchical cache Hierarchy.
[2015.11.30-21.46.52:978][  0]LogDerivedDataCache: FDerivedDataBackendGraph:  CompressedPak pak cache file ../../../../../Unreal Projects/Balls-of-steel/BOS/DerivedDataCache/Compressed.ddp not found, will not use a pak cache.
[2015.11.30-21.46.52:978][  0]LogDerivedDataCache: Unable to find inner node CompressedPak for hierarchical cache Hierarchy.
[2015.11.30-21.46.53:196][  0]LogDerivedDataCache:Display: Pak cache opened for reading ../../../Engine/DerivedDataCache/Compressed.ddp.
[2015.11.30-21.46.53:208][  0]LogDerivedDataCache: Using Local data cache path C:/Users/Oliver/AppData/Local/UnrealEngine/Common/DerivedDataCache: Writable
[2015.11.30-21.46.55:614][  0]LogInit: Selected Device Profile: [Windows]
[2015.11.30-21.46.55:646][  0]LogContentStreaming: Texture pool size is 0.000000MB
[2015.11.30-21.46.56:089][  0]LogMeshUtilities: No automatic mesh reduction module available
[2015.11.30-21.46.56:089][  0]LogMeshUtilities: No automatic mesh merging module available
[2015.11.30-21.46.57:188][  0]LogInit: WinSock: version 1.1 (2.2), MaxSocks=32767, MaxUdp=65467
[2015.11.30-21.47.02:015][  0]UdpMessaging: Initializing bridge on interface 0.0.0.0:0 to multicast group 230.0.0.1:6666.
[2015.11.30-21.47.02:145][  0]LogLinker:Warning: Asset '../../../../../Unreal Projects/Balls-of-steel/BOS/Content/Rolling/Materials/M_Blue_Checker.uasset' has been saved with empty engine version. The asset will be loaded but may be incompatible.
[2015.11.30-21.47.02:786][  0]LogAssetRegistry: FAssetRegistry took 0.0187 seconds to start up
[2015.11.30-21.47.03:325][  0]SourceControl: Info Source control is disabled
[2015.11.30-21.47.03:326][  0]SourceControl: Info Source control is disabled
[2015.11.30-21.47.03:349][  0]SourceControl: Info Source control is disabled
[2015.11.30-21.47.03:376][  0]SourceControl: Info Source control is disabled
[2015.11.30-21.47.03:816][  0]LogLinker:Warning: Asset '../../../Engine/Plugins/Runtime/LeapMotionController/Content/LM_PassthroughMaterial.uasset' has been saved with empty engine version. The asset will be loaded but may be incompatible.
[2015.11.30-21.47.03:973][  0]LogObj: 30556 objects as part of root set at end of initial load.
[2015.11.30-21.47.03:973][  0]LogUObjectAllocator: 6822768 out of 0 bytes used by permanent object pool.
[2015.11.30-21.47.04:234][  0]LogEngine: Initializing Engine...
[2015.11.30-21.47.04:259][  0]LogHMD: Can't find Oculus library dev build: is proper Runtime installed? Version: 0.7.0.0
[2015.11.30-21.47.04:373][  0]LogHMD: SteamVR failed to initialize.  Err: 108
[2015.11.30-21.47.04:715][  0]LogAIModule: Creating AISystem for world NewWorld
[2015.11.30-21.47.04:766][  0]LogInit: XAudio2 using 'Högtalare (Realtek High Definition Audio)' : 2 channels at 48 kHz using 32 bits per sample (channel mask 0x3)
[2015.11.30-21.47.04:785][  0]LogInit: FAudioDevice initialized.
[2015.11.30-21.47.04:813][  0]LogDerivedDataCache: Saved boot cache 0.03s 47MB C:/Users/Oliver/AppData/Local/UnrealEngine/4.9/DerivedDataCache/Boot.ddc.
[2015.11.30-21.47.04:816][  0]LogInit: Texture streaming: Enabled
[2015.11.30-21.47.04:882][  0]LogAnalytics: Creating configured Analytics provider AnalyticsET
[2015.11.30-21.47.04:883][  0]LogAnalytics: [UEEditor.Rocket.Release] APIServer = http://et2.epicgames.com/ET2/. AppVersion = 4.9.2-2707645+++depot+UE4-Releases+4.9
[2015.11.30-21.47.04:883][  0]LogAnalytics: [UEEditor.Rocket.Release] SetUserId 28514d5f45e4dce0ea135b950a208e3a|4341a5fd2eb34d5fac8b0ca63d21fc83|69c512d3-319e-44dd-a168-f0a69b7d58ca
[2015.11.30-21.47.04:884][  0]LogAnalytics: [UEEditor.Rocket.Release] AnalyticsET::StartSession
[2015.11.30-21.47.04:949][  0]LogInit: Transaction tracking system initialized
[2015.11.30-21.47.05:097][  0]BlueprintLog: New page: Editor Load
[2015.11.30-21.47.05:649][  0]LocalizationService: Info Localization service is disabled
[2015.11.30-21.47.05:908][  0]LogConsoleResponse:Display: 
[2015.11.30-21.47.06:353][  0]LogFileCache: Scanning file cache for directory 'E:/Unreal Projects/Balls-of-steel/BOS/Content/' took 0.01s
[2015.11.30-21.47.06:353][  0]LogCook:Display: Done creating registry. It took  0.00s.
[2015.11.30-21.47.06:621][  0]SourceControl: Info Source control is disabled
[2015.11.30-21.47.06:626][  0]Cmd: MAP LOAD FILE="../../../../../Unreal Projects/Balls-of-steel/BOS/Content/Maps/MainMenu.umap" TEMPLATE=0 SHOWPROGRESS=1 FEATURELEVEL=3
[2015.11.30-21.47.06:635][  0]LightingResults: New page: Lighting Build
[2015.11.30-21.47.06:660][  0]MapCheck: New page: Map Check
[2015.11.30-21.47.06:660][  0]LightingResults: New page: Lighting Build
[2015.11.30-21.47.06:721][  0]LogParticles: Destroying 0 GPU particle simulations for FXSystem 0x000001B1CEF67420
[2015.11.30-21.47.07:045][  0]LogAIModule: Creating AISystem for world MainMenu
[2015.11.30-21.47.07:108][  0]LogEditorServer: Finished looking for orphan Actors (0.000 secs)
[2015.11.30-21.47.07:112][  0]Cmd: MAP CHECKDEP NOCLEARLOG
[2015.11.30-21.47.07:276][  0]MapCheck: Info Map check complete: 0 Error(s), 0 Warning(s), took 164.686ms to complete.
[2015.11.30-21.47.07:276][  0]LogFileHelpers: Loading map 'MainMenu' took 0.654
[2015.11.30-21.47.07:659][  0]LogCollectionManager: Loaded 0 collections in 0.002128 seconds
[2015.11.30-21.47.07:738][  0]LogFileCache: Scanning file cache for directory 'E:/Unreal Projects/Balls-of-steel/BOS/Saved/Collections/' took 0.01s
[2015.11.30-21.47.07:738][  0]LogFileCache: Scanning file cache for directory 'E:/Unreal Projects/Balls-of-steel/BOS/Content/Developers/Oliver/Collections/' took 0.02s
[2015.11.30-21.47.07:738][  0]LogFileCache: Scanning file cache for directory 'E:/Unreal Projects/Balls-of-steel/BOS/Content/Collections/' took 0.01s
[2015.11.30-21.47.07:738][  0]LogContentBrowser: Native class hierarchy populated in 0.0162 seconds. Added 1875 classes and 335 folders.
[2015.11.30-21.47.07:795][  0]LogCollectionManager: Rebuilt the GUID cache for 0 collections in 0.000003 seconds
[2015.11.30-21.47.07:835][  0]LogContentBrowser: Native class hierarchy updated for 'WidgetCarousel' in 0.0013 seconds. Added 0 classes and 0 folders.
[2015.11.30-21.47.08:287][  0]LogContentBrowser: Native class hierarchy updated for 'AddContentDialog' in 0.0014 seconds. Added 0 classes and 0 folders.
[2015.11.30-21.47.08:315][  0]LogContentBrowser: Native class hierarchy updated for 'SceneOutliner' in 0.0015 seconds. Added 1 classes and 2 folders.
[2015.11.30-21.47.08:447][  0]LogCrashTracker: Crashtracker disabled due to settings.
[2015.11.30-21.47.08:469][  0]LogUObjectGlobals:Warning: Failed to find object 'Class None.'
[2015.11.30-21.47.08:521][  0]LogLoad: Full Startup: 21.19 seconds (BP compile: 0.26 seconds)
[2015.11.30-21.47.09:020][  0]LogContentStreaming: Texture pool size now 1000 MB
[2015.11.30-21.47.09:281][  0]LogRenderer: Reallocating scene render targets to support 1208x576 (Frame:2).
[2015.11.30-21.47.10:247][  3]LogAssetRegistry: Asset discovery search completed in 7.4742 seconds
[2015.11.30-21.47.10:247][  3]LogCollectionManager: Rebuilt the object cache for 0 collections in 0.000001 seconds (found 0 objects)
[2015.11.30-21.47.10:247][  3]LogCollectionManager: Fixed up redirectors for 0 collections in 0.000022 seconds (updated 0 objects)
[2015.11.30-21.49.48:998][743]LogAIModule: Creating AISystem for world Map1
[2015.11.30-21.49.49:033][743]LogActorComponent: UnregisterComponent: (/Engine/Transient.ProjectileComp) Not registered. Aborting.
[2015.11.30-21.49.49:033][743]LogActorComponent: UnregisterComponent: (/Engine/Transient.ProjectileMovementComponent_0) Not registered. Aborting.
[2015.11.30-21.49.49:071][743]Cmd: MAP LOAD FILE="../../../../../Unreal Projects/Balls-of-steel/BOS/Content/Maps/Map1.umap" TEMPLATE=0 SHOWPROGRESS=1 FEATURELEVEL=3
[2015.11.30-21.49.49:071][743]LightingResults: New page: Lighting Build
[2015.11.30-21.49.49:115][743]LoadErrors: New page: Loading map: Map1.umap
[2015.11.30-21.49.49:125][743]MapCheck: New page: Map Check
[2015.11.30-21.49.49:125][743]LightingResults: New page: Lighting Build
[2015.11.30-21.49.49:143][743]LogParticles: Destroying 0 GPU particle simulations for FXSystem 0x000001B1BEDB2D40
[2015.11.30-21.49.49:188][743]LogEditorServer: Finished looking for orphan Actors (0.000 secs)
[2015.11.30-21.49.49:247][743]Cmd: MAP CHECKDEP NOCLEARLOG
[2015.11.30-21.49.49:407][743]MapCheck: Info Map check complete: 0 Error(s), 0 Warning(s), took 159.975ms to complete.
[2015.11.30-21.49.49:407][743]LogFileHelpers: Loading map 'Map1' took 0.340
[2015.11.30-21.49.50:319][812]Recompiling BOS...
[2015.11.30-21.49.50:320][812]Launching UnrealBuildTool... [E:/Epic Games/4.9/Engine/Binaries/DotNET/UnrealBuildTool.exe BOS -ModuleWithSuffix BOS 9444 Win64 Development -editorrecompile -canskiplink "E:/Unreal Projects/Balls-of-steel/BOS/BOS.uproject" -rocket  -rocket]
[2015.11.30-21.49.50:324][812]Warning: Starting HotReload took  0.1s.
[2015.11.30-21.50.41:623][853]CompilerResultsLog: New page: Compilation - 30 Nov 2015 23:50:41
[2015.11.30-21.50.41:625][853]CompilerResultsLog: Info Compiling game modules for hot reload
[2015.11.30-21.50.41:625][853]CompilerResultsLog: Info Performing 2 actions (4 in parallel)
[2015.11.30-21.50.41:625][853]CompilerResultsLog: Info BOSBall.cpp
[2015.11.30-21.50.41:625][853]CompilerResultsLog: Info [2/2] Link UE4Editor-BOS-9444.dll
[2015.11.30-21.50.41:625][853]CompilerResultsLog: Info    Creating library E:\Unreal Projects\Balls-of-steel\BOS\Intermediate/Build/Win64\UE4Editor\Development\UE4Editor-BOS-9444.lib and object E:\Unreal Projects\Balls-of-steel\BOS\Intermediate/Build/Win64\UE4Editor\Development\UE4Editor-BOS-9444.exp
[2015.11.30-21.50.41:625][853]CompilerResultsLog: Info -------- End Detailed Actions Stats -----------------------------------------------------------
[2015.11.30-21.50.41:625][853]CompilerResultsLog: Info Total build time: 50.84 seconds
[2015.11.30-21.50.41:625][853]LogMainFrame: MainFrame: Module compiling took 51.340 seconds
[2015.11.30-21.50.41:667][853]LogHotReload: Re-instancing BOSBall after hot-reload.
[2015.11.30-21.50.41:785][853]LogContentBrowser: Native class hierarchy updated for 'BOS' in 0.0013 seconds. Added 8 classes and 2 folders.
[2015.11.30-21.50.41:786][853]Warning: HotReload successful (12 functions remapped  0 scriptstructs remapped)
[2015.11.30-21.50.41:922][853]LogContentBrowser: Native class hierarchy populated in 0.0083 seconds. Added 1876 classes and 337 folders.
[2015.11.30-21.52.11:752][123]LogBlueprintUserMessages: Early PlayInEditor Detection: Level '/Game/Maps/Map1.Map1:PersistentLevel' has LevelScriptBlueprint '/Game/Maps/Map1.Map1:PersistentLevel.Map1' with GeneratedClass '/Game/Maps/Map1.Map1_C' with ClassGeneratedBy '/Game/Maps/Map1.Map1:PersistentLevel.Map1'
[2015.11.30-21.52.11:752][123]LogPlayLevel: PlayLevel: No blueprints needed recompiling
[2015.11.30-21.52.11:752][123]PIE: New page: PIE session: Map1 (30 Nov 2015 23:52:11)
[2015.11.30-21.52.11:754][123]LogPlayLevel: Creating play world package: /Game/Maps/UEDPIE_0_Map1
[2015.11.30-21.52.11:796][123]LogPlayLevel: PIE: StaticDuplicateObject took: (0.041382s)
[2015.11.30-21.52.11:797][123]LogAIModule: Creating AISystem for world Map1
[2015.11.30-21.52.11:797][123]LogPlayLevel: PIE: World Init took: (0.001098s)
[2015.11.30-21.52.11:798][123]LogPlayLevel: PIE: Created PIE world by copying editor world from /Game/Maps/Map1.Map1 to /Game/Maps/UEDPIE_0_Map1.Map1 (0.043533s)
[2015.11.30-21.52.12:036][123]LogInit: XAudio2 using 'Högtalare (Realtek High Definition Audio)' : 2 channels at 48 kHz using 32 bits per sample (channel mask 0x3)
[2015.11.30-21.52.12:050][123]LogInit: FAudioDevice initialized.
[2015.11.30-21.52.12:123][123]LogWorld: Game class is 'BOSGameMode'
[2015.11.30-21.52.12:170][123]LogWorld: Bringing World /Game/Maps/UEDPIE_0_Map1.Map1 up for play (max tick rate 0) at 2015.11.30-22.52.12
[2015.11.30-21.52.12:170][123]LogActor:Warning: GameSession /Game/Maps/UEDPIE_0_Map1.Map1:PersistentLevel.GameSession_0 has natively added scene component(s), but none of them were set as the actor's RootComponent - picking one arbitrarily
[2015.11.30-21.52.12:172][123]LogActor:Warning: GameNetworkManager /Game/Maps/UEDPIE_0_Map1.Map1:PersistentLevel.GameNetworkManager_0 has natively added scene component(s), but none of them were set as the actor's RootComponent - picking one arbitrarily
[2015.11.30-21.52.12:189][123]LogWorld: Bringing up level for play took: 0.027158
[2015.11.30-21.52.12:281][123]PIE: Info Play in editor start time for /Game/Maps/UEDPIE_0_Map1 1.385
[2015.11.30-21.52.12:281][123]LogBlueprintUserMessages: Late PlayInEditor Detection: Level '/Game/Maps/Map1.Map1:PersistentLevel' has LevelScriptBlueprint '/Game/Maps/Map1.Map1:PersistentLevel.Map1' with GeneratedClass '/Game/Maps/Map1.Map1_C' with ClassGeneratedBy '/Game/Maps/Map1.Map1:PersistentLevel.Map1'
[2015.11.30-21.52.19:948][898]LogBlueprintUserMessages: Early EndPlayMap Detection: Level '/Game/Maps/Map1.Map1:PersistentLevel' has LevelScriptBlueprint '/Game/Maps/Map1.Map1:PersistentLevel.Map1' with GeneratedClass '/Game/Maps/Map1.Map1_C' with ClassGeneratedBy '/Game/Maps/Map1.Map1:PersistentLevel.Map1'
[2015.11.30-21.52.19:994][898]LogBlueprintUserMessages: Late EndPlayMap Detection: Level '/Game/Maps/Map1.Map1:PersistentLevel' has LevelScriptBlueprint '/Game/Maps/Map1.Map1:PersistentLevel.Map1' with GeneratedClass '/Game/Maps/Map1.Map1_C' with ClassGeneratedBy '/Game/Maps/Map1.Map1:PersistentLevel.Map1'
[2015.11.30-21.52.20:019][898]LogParticles: Destroying 0 GPU particle simulations for FXSystem 0x000001B1E6E807C0
[2015.11.30-21.52.22:531][152]LogBlueprintUserMessages: Early PlayInEditor Detection: Level '/Game/Maps/Map1.Map1:PersistentLevel' has LevelScriptBlueprint '/Game/Maps/Map1.Map1:PersistentLevel.Map1' with GeneratedClass '/Game/Maps/Map1.Map1_C' with ClassGeneratedBy '/Game/Maps/Map1.Map1:PersistentLevel.Map1'
[2015.11.30-21.52.22:531][152]LogPlayLevel: PlayLevel: No blueprints needed recompiling
[2015.11.30-21.52.22:531][152]PIE: New page: PIE session: Map1 (30 Nov 2015 23:52:22)
[2015.11.30-21.52.22:531][152]LogPlayLevel: Creating play world package: /Game/Maps/UEDPIE_0_Map1
[2015.11.30-21.52.22:554][152]LogPlayLevel: PIE: StaticDuplicateObject took: (0.022350s)
[2015.11.30-21.52.22:555][152]LogAIModule: Creating AISystem for world Map1
[2015.11.30-21.52.22:555][152]LogPlayLevel: PIE: World Init took: (0.000888s)
[2015.11.30-21.52.22:555][152]LogPlayLevel: PIE: Created PIE world by copying editor world from /Game/Maps/Map1.Map1 to /Game/Maps/UEDPIE_0_Map1.Map1 (0.023490s)
[2015.11.30-21.52.22:593][152]LogInit: XAudio2 using 'Högtalare (Realtek High Definition Audio)' : 2 channels at 48 kHz using 32 bits per sample (channel mask 0x3)
[2015.11.30-21.52.22:604][152]LogInit: FAudioDevice initialized.
[2015.11.30-21.52.22:635][152]LogWorld: Game class is 'BOSGameMode'
[2015.11.30-21.52.22:643][152]LogWorld: Bringing World /Game/Maps/UEDPIE_0_Map1.Map1 up for play (max tick rate 0) at 2015.11.30-22.52.22
[2015.11.30-21.52.22:643][152]LogActor:Warning: GameSession /Game/Maps/UEDPIE_0_Map1.Map1:PersistentLevel.GameSession_1 has natively added scene component(s), but none of them were set as the actor's RootComponent - picking one arbitrarily
[2015.11.30-21.52.22:643][152]LogActor:Warning: GameNetworkManager /Game/Maps/UEDPIE_0_Map1.Map1:PersistentLevel.GameNetworkManager_1 has natively added scene component(s), but none of them were set as the actor's RootComponent - picking one arbitrarily
[2015.11.30-21.52.22:644][152]LogWorld: Bringing up level for play took: 0.008739
[2015.11.30-21.52.22:646][152]PIE: Info Play in editor start time for /Game/Maps/UEDPIE_0_Map1 -0.249
[2015.11.30-21.52.22:647][152]LogBlueprintUserMessages: Late PlayInEditor Detection: Level '/Game/Maps/Map1.Map1:PersistentLevel' has LevelScriptBlueprint '/Game/Maps/Map1.Map1:PersistentLevel.Map1' with GeneratedClass '/Game/Maps/Map1.Map1_C' with ClassGeneratedBy '/Game/Maps/Map1.Map1:PersistentLevel.Map1'
[2015.11.30-21.54.26:498][567]LogBlueprintUserMessages: Early EndPlayMap Detection: Level '/Game/Maps/Map1.Map1:PersistentLevel' has LevelScriptBlueprint '/Game/Maps/Map1.Map1:PersistentLevel.Map1' with GeneratedClass '/Game/Maps/Map1.Map1_C' with ClassGeneratedBy '/Game/Maps/Map1.Map1:PersistentLevel.Map1'
[2015.11.30-21.54.26:525][567]LogBlueprintUserMessages: Late EndPlayMap Detection: Level '/Game/Maps/Map1.Map1:PersistentLevel' has LevelScriptBlueprint '/Game/Maps/Map1.Map1:PersistentLevel.Map1' with GeneratedClass '/Game/Maps/Map1.Map1_C' with ClassGeneratedBy '/Game/Maps/Map1.Map1:PersistentLevel.Map1'
[2015.11.30-21.54.26:550][567]LogParticles: Destroying 0 GPU particle simulations for FXSystem 0x000001B1E6E807C0
[2015.11.30-21.54.27:720][693]LogBlueprintUserMessages: Early PlayInEditor Detection: Level '/Game/Maps/Map1.Map1:PersistentLevel' has LevelScriptBlueprint '/Game/Maps/Map1.Map1:PersistentLevel.Map1' with GeneratedClass '/Game/Maps/Map1.Map1_C' with ClassGeneratedBy '/Game/Maps/Map1.Map1:PersistentLevel.Map1'
[2015.11.30-21.54.27:721][693]LogPlayLevel: PlayLevel: No blueprints needed recompiling
[2015.11.30-21.54.27:721][693]PIE: New page: PIE session: Map1 (30 Nov 2015 23:54:27)
[2015.11.30-21.54.27:721][693]LogPlayLevel: Creating play world package: /Game/Maps/UEDPIE_0_Map1
[2015.11.30-21.54.27:748][693]LogPlayLevel: PIE: StaticDuplicateObject took: (0.026734s)
[2015.11.30-21.54.27:748][693]LogAIModule: Creating AISystem for world Map1
[2015.11.30-21.54.27:749][693]LogPlayLevel: PIE: World Init took: (0.000823s)
[2015.11.30-21.54.27:749][693]LogPlayLevel: PIE: Created PIE world by copying editor world from /Game/Maps/Map1.Map1 to /Game/Maps/UEDPIE_0_Map1.Map1 (0.027860s)
[2015.11.30-21.54.27:781][693]LogInit: XAudio2 using 'Högtalare (Realtek High Definition Audio)' : 2 channels at 48 kHz using 32 bits per sample (channel mask 0x3)
[2015.11.30-21.54.27:794][693]LogInit: FAudioDevice initialized.
[2015.11.30-21.54.27:830][693]LogWorld: Game class is 'BOSGameMode'
[2015.11.30-21.54.27:837][693]LogWorld: Bringing World /Game/Maps/UEDPIE_0_Map1.Map1 up for play (max tick rate 0) at 2015.11.30-22.54.27
[2015.11.30-21.54.27:838][693]LogActor:Warning: GameSession /Game/Maps/UEDPIE_0_Map1.Map1:PersistentLevel.GameSession_2 has natively added scene component(s), but none of them were set as the actor's RootComponent - picking one arbitrarily
[2015.11.30-21.54.27:838][693]LogActor:Warning: GameNetworkManager /Game/Maps/UEDPIE_0_Map1.Map1:PersistentLevel.GameNetworkManager_2 has natively added scene component(s), but none of them were set as the actor's RootComponent - picking one arbitrarily
[2015.11.30-21.54.27:839][693]LogWorld: Bringing up level for play took: 0.008107
[2015.11.30-21.54.27:841][693]PIE: Info Play in editor start time for /Game/Maps/UEDPIE_0_Map1 0.946
[2015.11.30-21.54.27:841][693]LogBlueprintUserMessages: Late PlayInEditor Detection: Level '/Game/Maps/Map1.Map1:PersistentLevel' has LevelScriptBlueprint '/Game/Maps/Map1.Map1:PersistentLevel.Map1' with GeneratedClass '/Game/Maps/Map1.Map1_C' with ClassGeneratedBy '/Game/Maps/Map1.Map1:PersistentLevel.Map1'
[2015.11.30-21.55.19:328][215]LogBlueprintUserMessages: Early EndPlayMap Detection: Level '/Game/Maps/Map1.Map1:PersistentLevel' has LevelScriptBlueprint '/Game/Maps/Map1.Map1:PersistentLevel.Map1' with GeneratedClass '/Game/Maps/Map1.Map1_C' with ClassGeneratedBy '/Game/Maps/Map1.Map1:PersistentLevel.Map1'
[2015.11.30-21.55.19:360][215]LogBlueprintUserMessages: Late EndPlayMap Detection: Level '/Game/Maps/Map1.Map1:PersistentLevel' has LevelScriptBlueprint '/Game/Maps/Map1.Map1:PersistentLevel.Map1' with GeneratedClass '/Game/Maps/Map1.Map1_C' with ClassGeneratedBy '/Game/Maps/Map1.Map1:PersistentLevel.Map1'
[2015.11.30-21.55.19:382][215]LogParticles: Destroying 0 GPU particle simulations for FXSystem 0x000001B1F9F69F80
[2015.11.30-21.56.01:186][737]Recompiling BOS...
[2015.11.30-21.56.01:186][737]Launching UnrealBuildTool... [E:/Epic Games/4.9/Engine/Binaries/DotNET/UnrealBuildTool.exe BOS -ModuleWithSuffix BOS 2701 Win64 Development -editorrecompile -canskiplink "E:/Unreal Projects/Balls-of-steel/BOS/BOS.uproject" -rocket  -rocket]
[2015.11.30-21.56.01:188][737]Warning: Starting HotReload took  0.0s.
[2015.11.30-21.56.46:985][735]CompilerResultsLog: New page: Compilation - 30 Nov 2015 23:56:46
[2015.11.30-21.56.46:985][735]CompilerResultsLog: Info Compiling game modules for hot reload
[2015.11.30-21.56.46:985][735]CompilerResultsLog: Info Performing 2 actions (4 in parallel)
[2015.11.30-21.56.46:985][735]CompilerResultsLog: Info BOSBall.cpp
[2015.11.30-21.56.46:985][735]CompilerResultsLog: Info [2/2] Link UE4Editor-BOS-2701.dll
[2015.11.30-21.56.46:985][735]CompilerResultsLog: Info    Creating library E:\Unreal Projects\Balls-of-steel\BOS\Intermediate/Build/Win64\UE4Editor\Development\UE4Editor-BOS-2701.lib and object E:\Unreal Projects\Balls-of-steel\BOS\Intermediate/Build/Win64\UE4Editor\Development\UE4Editor-BOS-2701.exp
[2015.11.30-21.56.46:985][735]CompilerResultsLog: Info -------- End Detailed Actions Stats -----------------------------------------------------------
[2015.11.30-21.56.46:985][735]CompilerResultsLog: Info Total build time: 45.66 seconds
[2015.11.30-21.56.46:985][735]LogMainFrame: MainFrame: Module compiling took 45.824 seconds
[2015.11.30-21.56.47:017][735]LogHotReload: Re-instancing BOSBall after hot-reload.
[2015.11.30-21.56.47:088][735]LogContentBrowser: Native class hierarchy updated for 'BOS' in 0.0015 seconds. Added 8 classes and 2 folders.
[2015.11.30-21.56.47:090][735]Warning: HotReload successful (12 functions remapped  0 scriptstructs remapped)
[2015.11.30-21.56.47:181][735]LogContentBrowser: Native class hierarchy populated in 0.0087 seconds. Added 1876 classes and 337 folders.
[2015.11.30-21.56.48:952][911]LogBlueprintUserMessages: Early PlayInEditor Detection: Level '/Game/Maps/Map1.Map1:PersistentLevel' has LevelScriptBlueprint '/Game/Maps/Map1.Map1:PersistentLevel.Map1' with GeneratedClass '/Game/Maps/Map1.Map1_C' with ClassGeneratedBy '/Game/Maps/Map1.Map1:PersistentLevel.Map1'
[2015.11.30-21.56.48:952][911]LogPlayLevel: PlayLevel: No blueprints needed recompiling
[2015.11.30-21.56.48:953][911]PIE: New page: PIE session: Map1 (30 Nov 2015 23:56:48)
[2015.11.30-21.56.48:953][911]LogPlayLevel: Creating play world package: /Game/Maps/UEDPIE_0_Map1
[2015.11.30-21.56.48:985][911]LogPlayLevel: PIE: StaticDuplicateObject took: (0.030709s)
[2015.11.30-21.56.48:986][911]LogAIModule: Creating AISystem for world Map1
[2015.11.30-21.56.48:986][911]LogPlayLevel: PIE: World Init took: (0.001272s)
[2015.11.30-21.56.48:986][911]LogPlayLevel: PIE: Created PIE world by copying editor world from /Game/Maps/Map1.Map1 to /Game/Maps/UEDPIE_0_Map1.Map1 (0.033552s)
[2015.11.30-21.56.49:020][911]LogInit: XAudio2 using 'Högtalare (Realtek High Definition Audio)' : 2 channels at 48 kHz using 32 bits per sample (channel mask 0x3)
[2015.11.30-21.56.49:032][911]LogInit: FAudioDevice initialized.
[2015.11.30-21.56.49:069][911]LogWorld: Game class is 'BOSGameMode'
[2015.11.30-21.56.49:077][911]LogWorld: Bringing World /Game/Maps/UEDPIE_0_Map1.Map1 up for play (max tick rate 0) at 2015.11.30-22.56.49
[2015.11.30-21.56.49:077][911]LogActor:Warning: GameSession /Game/Maps/UEDPIE_0_Map1.Map1:PersistentLevel.GameSession_3 has natively added scene component(s), but none of them were set as the actor's RootComponent - picking one arbitrarily
[2015.11.30-21.56.49:077][911]LogActor:Warning: GameNetworkManager /Game/Maps/UEDPIE_0_Map1.Map1:PersistentLevel.GameNetworkManager_3 has natively added scene component(s), but none of them were set as the actor's RootComponent - picking one arbitrarily
[2015.11.30-21.56.49:078][911]LogWorld: Bringing up level for play took: 0.008195
[2015.11.30-21.56.49:080][911]PIE: Info Play in editor start time for /Game/Maps/UEDPIE_0_Map1 0.185
[2015.11.30-21.56.49:080][911]LogBlueprintUserMessages: Late PlayInEditor Detection: Level '/Game/Maps/Map1.Map1:PersistentLevel' has LevelScriptBlueprint '/Game/Maps/Map1.Map1:PersistentLevel.Map1' with GeneratedClass '/Game/Maps/Map1.Map1_C' with ClassGeneratedBy '/Game/Maps/Map1.Map1:PersistentLevel.Map1'
[2015.11.30-21.56.55:164][524]PIE:Warning: Warning BasicProjectile_BP_C_22.SphereComp has to have 'Simulate Physics' enabled if you'd like to AddImpulse. 
[2015.11.30-21.57.03:183][402]LogBlueprintUserMessages: Early EndPlayMap Detection: Level '/Game/Maps/Map1.Map1:PersistentLevel' has LevelScriptBlueprint '/Game/Maps/Map1.Map1:PersistentLevel.Map1' with GeneratedClass '/Game/Maps/Map1.Map1_C' with ClassGeneratedBy '/Game/Maps/Map1.Map1:PersistentLevel.Map1'
[2015.11.30-21.57.03:228][402]LogBlueprintUserMessages: Late EndPlayMap Detection: Level '/Game/Maps/Map1.Map1:PersistentLevel' has LevelScriptBlueprint '/Game/Maps/Map1.Map1:PersistentLevel.Map1' with GeneratedClass '/Game/Maps/Map1.Map1_C' with ClassGeneratedBy '/Game/Maps/Map1.Map1:PersistentLevel.Map1'
[2015.11.30-21.57.03:247][402]LogParticles: Destroying 0 GPU particle simulations for FXSystem 0x000001B1831E4A40
[2015.11.30-21.57.03:985][456]Cmd: OBJ SAVEPACKAGE PACKAGE="/Game/Maps/Map1" FILE="../../../../../Unreal Projects/Balls-of-steel/BOS/Content/Maps/Map1.umap" SILENT=true AUTOSAVING=false KEEPDIRTY=false
[2015.11.30-21.57.04:184][456]LogSavePackage: Save=132.432922ms
[2015.11.30-21.57.04:184][456]LogSavePackage: Moving '../../../../../Unreal Projects/Balls-of-steel/BOS/Saved/Map1086D96804A9732EE9B0F708922357C1C.tmp' to '../../../../../Unreal Projects/Balls-of-steel/BOS/Content/Maps/Map1.umap'
[2015.11.30-21.57.04:186][456]LogSavePackage: Total save time: 179.460842ms
[2015.11.30-21.57.04:186][456]LogSavePackage:Warning: Finished SavePackage ../../../../../Unreal Projects/Balls-of-steel/BOS/Content/Maps/Map1.umap
[2015.11.30-21.57.10:591][530]LogWindowsTextInputMethodSystem:Display: IME system now deactivated.
[2015.11.30-21.57.11:087][531]Cmd: QUIT_EDITOR
[2015.11.30-21.57.12:382][531]LogExit: Preparing to exit.
[2015.11.30-21.57.13:479][531]LogExit: Editor shut down
[2015.11.30-21.57.13:479][531]LogExit: Transaction tracking system shut down
[2015.11.30-21.57.13:480][531]LogParticles: Destroying 0 GPU particle simulations for FXSystem 0x000001B1C09C63E0
[2015.11.30-21.57.13:480][531]LogParticles: Destroying 0 GPU particle simulations for FXSystem 0x000001B1E6FF1800
[2015.11.30-21.57.13:480][531]LogParticles: Destroying 0 GPU particle simulations for FXSystem 0x000001B1E6E83060
[2015.11.30-21.57.13:480][531]LogParticles: Destroying 0 GPU particle simulations for FXSystem 0x000001B1E6E813A0
[2015.11.30-21.57.13:497][531]LogParticles: Destroying 0 GPU particle simulations for FXSystem 0x000001B1EE3F2D40
[2015.11.30-21.57.14:794][531]LogExit: Object subsystem successfully closed.
[2015.11.30-21.57.14:979][531]LogD3D11RHI: Shutdown
[2015.11.30-21.57.14:979][531]LogD3D11RHI: CleanupD3DDevice
[2015.11.30-21.57.15:117][531]LogD3D11RHI: ~FD3D11DynamicRHI
[2015.11.30-21.57.15:431][531]LogModuleManager: Shutting down and abandoning module CrashTracker (198)
[2015.11.30-21.57.15:431][531]LogModuleManager: Shutting down and abandoning module SceneOutliner (197)
[2015.11.30-21.57.15:432][531]LogModuleManager: Shutting down and abandoning module SuperSearch (196)
[2015.11.30-21.57.15:432][531]LogModuleManager: Shutting down and abandoning module WidgetCarousel (195)
[2015.11.30-21.57.15:432][531]LogModuleManager: Shutting down and abandoning module AddContentDialog (194)
[2015.11.30-21.57.15:434][531]LogModuleManager: Shutting down and abandoning module EditorWidgets (193)
[2015.11.30-21.57.15:434][531]LogModuleManager: Shutting down and abandoning module CollectionManager (192)
[2015.11.30-21.57.15:436][531]LogModuleManager: Shutting down and abandoning module StatsViewer (191)
[2015.11.30-21.57.15:438][531]LogModuleManager: Shutting down and abandoning module FoliageEdit (190)
[2015.11.30-21.57.15:440][531]LogModuleManager: Shutting down and abandoning module LandscapeEditor (189)
[2015.11.30-21.57.15:444][531]LogModuleManager: Shutting down and abandoning module ActorPickerMode (188)
[2015.11.30-21.57.15:444][531]LogModuleManager: Shutting down and abandoning module GeometryMode (187)
[2015.11.30-21.57.15:444][531]LogModuleManager: Shutting down and abandoning module TextureAlignMode (186)
[2015.11.30-21.57.15:444][531]LogModuleManager: Shutting down and abandoning module BspMode (185)
[2015.11.30-21.57.15:444][531]LogModuleManager: Shutting down and abandoning module PlacementMode (184)
[2015.11.30-21.57.15:444][531]LogModuleManager: Shutting down and abandoning module AutomationWorker (183)
[2015.11.30-21.57.15:444][531]LogModuleManager: Shutting down and abandoning module CharacterAI (182)
[2015.11.30-21.57.15:444][531]LogModuleManager: Shutting down and abandoning module SmartSnapping (181)
[2015.11.30-21.57.15:444][531]LogModuleManager: Shutting down and abandoning module ViewportSnapping (180)
[2015.11.30-21.57.15:444][531]LogModuleManager: Shutting down and abandoning module LogVisualizer (179)
[2015.11.30-21.57.15:446][531]LogModuleManager: Shutting down and abandoning module GameProjectGeneration (178)
[2015.11.30-21.57.15:446][531]LogModuleManager: Shutting down and abandoning module IntroTutorials (177)
[2015.11.30-21.57.15:450][531]LogModuleManager: Shutting down and abandoning module EditorLiveStreaming (176)
[2015.11.30-21.57.15:450][531]LogModuleManager: Shutting down and abandoning module IOSPlatformEditor (175)
[2015.11.30-21.57.15:461][531]LogModuleManager: Shutting down and abandoning module HTML5PlatformEditor (174)
[2015.11.30-21.57.15:461][531]LogModuleManager: Shutting down and abandoning module AndroidDeviceDetection (173)
[2015.11.30-21.57.16:200][531]LogModuleManager: Shutting down and abandoning module AndroidPlatformEditor (172)
[2015.11.30-21.57.16:200][531]LogModuleManager: Shutting down and abandoning module IOSRuntimeSettings (171)
[2015.11.30-21.57.16:200][531]LogModuleManager: Shutting down and abandoning module AndroidRuntimeSettings (170)
[2015.11.30-21.57.16:200][531]LogModuleManager: Shutting down and abandoning module MergeActors (169)
[2015.11.30-21.57.16:201][531]LogModuleManager: Shutting down and abandoning module SizeMap (168)
[2015.11.30-21.57.16:201][531]LogModuleManager: Shutting down and abandoning module TreeMap (167)
[2015.11.30-21.57.16:202][531]LogModuleManager: Shutting down and abandoning module ReferenceViewer (166)
[2015.11.30-21.57.16:202][531]LogModuleManager: Shutting down and abandoning module LocalizationService (165)
[2015.11.30-21.57.16:208][531]LogModuleManager: Shutting down and abandoning module LocalizationDashboard (164)
[2015.11.30-21.57.16:212][531]LogModuleManager: Shutting down and abandoning module HardwareTargeting (163)
[2015.11.30-21.57.16:212][531]LogModuleManager: Shutting down and abandoning module DeviceProfileEditor (162)
[2015.11.30-21.57.16:212][531]LogModuleManager: Shutting down and abandoning module UndoHistory (161)
[2015.11.30-21.57.16:213][531]LogModuleManager: Shutting down and abandoning module GameplayTagsEditor (160)
[2015.11.30-21.57.16:213][531]LogModuleManager: Shutting down and abandoning module UserFeedback (159)
[2015.11.30-21.57.16:213][531]LogModuleManager: Shutting down and abandoning module XmlParser (158)
[2015.11.30-21.57.16:213][531]LogModuleManager: Shutting down and abandoning module Blutility (157)
[2015.11.30-21.57.16:213][531]LogModuleManager: Shutting down and abandoning module ProjectTargetPlatformEditor (156)
[2015.11.30-21.57.16:213][531]LogModuleManager: Shutting down and abandoning module ProjectSettingsViewer (155)
[2015.11.30-21.57.16:213][531]LogModuleManager: Shutting down and abandoning module InputBindingEditor (154)
[2015.11.30-21.57.16:214][531]LogModuleManager: Shutting down and abandoning module EditorSettingsViewer (153)
[2015.11.30-21.57.16:214][531]LogModuleManager: Shutting down and abandoning module SettingsEditor (152)
[2015.11.30-21.57.16:216][531]LogModuleManager: Shutting down and abandoning module ProjectLauncher (151)
[2015.11.30-21.57.16:217][531]LogModuleManager: Shutting down and abandoning module SessionFrontend (150)
[2015.11.30-21.57.16:218][531]LogModuleManager: Shutting down and abandoning module ProfilerClient (149)
[2015.11.30-21.57.16:219][531]LogModuleManager: Shutting down and abandoning module TargetDeviceServices (148)
[2015.11.30-21.57.16:219][531]LogModuleManager: Shutting down and abandoning module DeviceManager (147)
[2015.11.30-21.57.16:220][531]LogModuleManager: Shutting down and abandoning module AutomationController (146)
[2015.11.30-21.57.16:222][531]LogModuleManager: Shutting down and abandoning module AutomationWindow (145)
[2015.11.30-21.57.16:223][531]LogModuleManager: Shutting down and abandoning module Layers (144)
[2015.11.30-21.57.16:227][531]LogModuleManager: Shutting down and abandoning module ComponentVisualizers (143)
[2015.11.30-21.57.16:227][531]LogModuleManager: Shutting down and abandoning module DetailCustomizations (142)
[2015.11.30-21.57.16:242][531]LogModuleManager: Shutting down and abandoning module PackagesDialog (141)
[2015.11.30-21.57.16:242][531]LogModuleManager: Shutting down and abandoning module Persona (140)
[2015.11.30-21.57.16:247][531]LogModuleManager: Shutting down and abandoning module Kismet (139)
[2015.11.30-21.57.16:275][531]LogModuleManager: Shutting down and abandoning module GraphEditor (138)
[2015.11.30-21.57.16:282][531]LogModuleManager: Shutting down and abandoning module ClassViewer (137)
[2015.11.30-21.57.16:282][531]LogModuleManager: Shutting down and abandoning module Toolbox (136)
[2015.11.30-21.57.16:282][531]LogModuleManager: Shutting down and abandoning module ModuleUI (135)
[2015.11.30-21.57.16:283][531]LogModuleManager: Shutting down and abandoning module MovieSceneTools (134)
[2015.11.30-21.57.16:283][531]LogModuleManager: Shutting down and abandoning module OutputLog (133)
[2015.11.30-21.57.16:283][531]LogModuleManager: Shutting down and abandoning module GammaUI (132)
[2015.11.30-21.57.16:284][531]LogModuleManager: Shutting down and abandoning module Documentation (131)
[2015.11.30-21.57.16:284][531]LogModuleManager: Shutting down and abandoning module GameLiveStreaming (130)
[2015.11.30-21.57.16:284][531]LogModuleManager: Shutting down and abandoning module StreamingPauseRendering (129)
[2015.11.30-21.57.16:285][531]LogModuleManager: Shutting down and abandoning module AnalyticsET (128)
[2015.11.30-21.57.16:285][531]LogModuleManager: Shutting down and abandoning module Analytics (127)
[2015.11.30-21.57.16:285][531]LogModuleManager: Shutting down and abandoning module AITestSuite (126)
[2015.11.30-21.57.16:285][531]LogModuleManager: Shutting down and abandoning module GameplayDebugger (125)
[2015.11.30-21.57.16:286][531]LogModuleManager: Shutting down and abandoning module AIModule (124)
[2015.11.30-21.57.16:286][531]LogModuleManager: Shutting down and abandoning module ProfilerService (123)
[2015.11.30-21.57.16:317][531]LogModuleManager: Shutting down and abandoning module TaskGraph (122)
[2015.11.30-21.57.16:320][531]LogModuleManager: Shutting down and abandoning module SlateRemote (121)
[2015.11.30-21.57.16:320][531]LogModuleManager: Shutting down and abandoning module SteamVRController (120)
[2015.11.30-21.57.16:320][531]LogModuleManager: Shutting down and abandoning module SteamVR (119)
[2015.11.30-21.57.16:320][531]LogModuleManager: Shutting down and abandoning module ProceduralMeshComponent (118)
[2015.11.30-21.57.16:320][531]LogModuleManager: Shutting down and abandoning module OculusRift (117)
[2015.11.30-21.57.16:320][531]LogModuleManager: Shutting down and abandoning module OculusLibrary (116)
[2015.11.30-21.57.16:320][531]LogModuleManager: Shutting down and abandoning module LeapMotionController (115)
[2015.11.30-21.57.16:346][531]LogModuleManager: Shutting down and abandoning module CustomMeshComponent (114)
[2015.11.30-21.57.16:346][531]LogModuleManager: Shutting down and abandoning module CableComponent (113)
[2015.11.30-21.57.16:346][531]LogModuleManager: Shutting down and abandoning module ArchVisCharacter (112)
[2015.11.30-21.57.16:346][531]LogModuleManager: Shutting down and abandoning module MessagingDebugger (111)
[2015.11.30-21.57.16:350][531]LogModuleManager: Shutting down and abandoning module MediaPlayerEditor (110)
[2015.11.30-21.57.16:367][531]LogModuleManager: Shutting down and abandoning module HTML5Networking (109)
[2015.11.30-21.57.16:367][531]LogModuleManager: Shutting down and abandoning module SpeedTreeImporter (108)
[2015.11.30-21.57.16:367][531]LogModuleManager: Shutting down and abandoning module PluginBrowser (107)
[2015.11.30-21.57.16:376][531]LogModuleManager: Shutting down and abandoning module EpicSurvey (106)
[2015.11.30-21.57.16:376][531]LogModuleManager: Shutting down and abandoning module DesktopPlatform (105)
[2015.11.30-21.57.16:379][531]LogModuleManager: Shutting down and abandoning module VisualStudioSourceCodeAccess (104)
[2015.11.30-21.57.16:379][531]LogModuleManager: Shutting down and abandoning module UObjectPlugin (103)
[2015.11.30-21.57.16:379][531]LogModuleManager: Shutting down and abandoning module SubversionSourceControl (102)
[2015.11.30-21.57.16:380][531]LogModuleManager: Shutting down and abandoning module PerforceSourceControl (101)
[2015.11.30-21.57.16:383][531]LogModuleManager: Shutting down and abandoning module SourceControl (100)
[2015.11.30-21.57.16:383][531]LogModuleManager: Shutting down and abandoning module GitSourceControl (99)
[2015.11.30-21.57.16:383][531]LogModuleManager: Shutting down and abandoning module LightPropagationVolumeEditor (98)
[2015.11.30-21.57.16:383][531]LogModuleManager: Shutting down and abandoning module PaperTiledImporter (97)
[2015.11.30-21.57.16:384][531]LogModuleManager: Shutting down and abandoning module PaperSpriteSheetImporter (96)
[2015.11.30-21.57.16:384][531]LogModuleManager: Shutting down and abandoning module MeshPaint (95)
[2015.11.30-21.57.16:385][531]LogModuleManager: Shutting down and abandoning module SlateReflector (94)
[2015.11.30-21.57.16:386][531]LogModuleManager: Shutting down and abandoning module HotReload (93)
[2015.11.30-21.57.16:386][531]LogModuleManager: Shutting down and abandoning module MainFrame (92)
[2015.11.30-21.57.16:387][531]LogModuleManager: Shutting down and abandoning module LevelEditor (91)
[2015.11.30-21.57.16:396][531]LogModuleManager: Shutting down and abandoning module DirectoryWatcher (90)
[2015.11.30-21.57.16:397][531]LogModuleManager: Shutting down and abandoning module AssetRegistry (89)
[2015.11.30-21.57.16:519][531]LogModuleManager: Shutting down and abandoning module ContentBrowser (88)
[2015.11.30-21.57.16:520][531]LogModuleManager: Shutting down and abandoning module Paper2DEditor (87)
[2015.11.30-21.57.16:525][531]LogModuleManager: Shutting down and abandoning module BOS (86)
[2015.11.30-21.57.16:525][531]LogModuleManager: Shutting down and abandoning module UdpMessaging (85)
[2015.11.30-21.57.16:625][531]LogModuleManager: Shutting down and abandoning module LightPropagationVolumeRuntime (84)
[2015.11.30-21.57.16:625][531]LogModuleManager: Shutting down and abandoning module Paper2D (83)
[2015.11.30-21.57.16:626][531]LogModuleManager: Shutting down and abandoning module WindowsMoviePlayer (82)
[2015.11.30-21.57.16:630][531]LogModuleManager: Shutting down and abandoning module Media (81)
[2015.11.30-21.57.16:630][531]LogModuleManager: Shutting down and abandoning module WmfMedia (80)
[2015.11.30-21.57.16:630][531]LogModuleManager: Shutting down and abandoning module OnlineBlueprintSupport (79)
[2015.11.30-21.57.16:630][531]LogModuleManager: Shutting down and abandoning module GameplayTasksEditor (78)
[2015.11.30-21.57.16:630][531]LogModuleManager: Shutting down and abandoning module PropertyEditor (77)
[2015.11.30-21.57.16:631][531]LogModuleManager: Shutting down and abandoning module BehaviorTreeEditor (76)
[2015.11.30-21.57.16:633][531]LogModuleManager: Shutting down and abandoning module FunctionalTesting (75)
[2015.11.30-21.57.16:633][531]LogModuleManager: Shutting down and abandoning module CollisionAnalyzer (74)
[2015.11.30-21.57.16:635][531]LogModuleManager: Shutting down and abandoning module WorkspaceMenuStructure (73)
[2015.11.30-21.57.16:635][531]LogModuleManager: Shutting down and abandoning module MessageLog (72)
[2015.11.30-21.57.16:635][531]LogModuleManager: Shutting down and abandoning module Sequencer (71)
[2015.11.30-21.57.16:643][531]LogModuleManager: Shutting down and abandoning module AssetTools (70)
[2015.11.30-21.57.16:647][531]LogModuleManager: Shutting down and abandoning module UMGEditor (69)
[2015.11.30-21.57.16:649][531]LogModuleManager: Shutting down and abandoning module UMG (68)
[2015.11.30-21.57.16:650][531]LogModuleManager: Shutting down and abandoning module Slate (67)
[2015.11.30-21.57.16:650][531]LogModuleManager: Shutting down and abandoning module EditorStyle (66)
[2015.11.30-21.57.16:652][531]LogModuleManager: Shutting down and abandoning module SessionServices (65)
[2015.11.30-21.57.16:652][531]LogModuleManager: Shutting down and abandoning module SourceCodeAccess (64)
[2015.11.30-21.57.16:652][531]LogModuleManager: Shutting down and abandoning module HeadMountedDisplay (63)
[2015.11.30-21.57.16:664][531]LogModuleManager: Shutting down and abandoning module XAudio2 (62)
[2015.11.30-21.57.16:664][531]LogModuleManager: Shutting down and abandoning module Networking (60)
[2015.11.30-21.57.16:664][531]LogModuleManager: Shutting down and abandoning module Core (59)
[2015.11.30-21.57.16:664][531]LogModuleManager: Shutting down and abandoning module KismetCompiler (58)
[2015.11.30-21.57.16:664][531]LogModuleManager: Shutting down and abandoning module PhysXFormats (57)
[2015.11.30-21.57.16:664][531]LogModuleManager: Shutting down and abandoning module MeshUtilities (56)
[2015.11.30-21.57.16:666][531]LogModuleManager: Shutting down and abandoning module CookingStats (55)
[2015.11.30-21.57.16:666][531]LogModuleManager: Shutting down and abandoning module DerivedDataCache (54)
[2015.11.30-21.57.16:719][531]LogDerivedDataCache: Shutdown
[2015.11.30-21.57.16:719][531]LogModuleManager: Shutting down and abandoning module ShaderFormatOpenGL (53)
[2015.11.30-21.57.16:720][531]LogModuleManager: Shutting down and abandoning module ShaderFormatD3D (52)
[2015.11.30-21.57.16:720][531]LogModuleManager: Shutting down and abandoning module MetalShaderFormat (51)
[2015.11.30-21.57.16:723][531]LogModuleManager: Shutting down and abandoning module TextureFormatUncompressed (50)
[2015.11.30-21.57.16:723][531]LogModuleManager: Shutting down and abandoning module TextureFormatPVR (49)
[2015.11.30-21.57.16:723][531]LogModuleManager: Shutting down and abandoning module TextureFormatIntelISPCTexComp (48)
[2015.11.30-21.57.16:723][531]LogModuleManager: Shutting down and abandoning module TextureFormatDXT (47)
[2015.11.30-21.57.16:723][531]LogModuleManager: Shutting down and abandoning module ImageWrapper (46)
[2015.11.30-21.57.16:723][531]LogModuleManager: Shutting down and abandoning module TextureFormatASTC (45)
[2015.11.30-21.57.16:723][531]LogModuleManager: Shutting down and abandoning module TextureFormatAndroid (44)
[2015.11.30-21.57.16:723][531]LogModuleManager: Shutting down and abandoning module AudioFormatOpus (43)
[2015.11.30-21.57.16:727][531]LogModuleManager: Shutting down and abandoning module AudioFormatOgg (42)
[2015.11.30-21.57.16:727][531]LogModuleManager: Shutting down and abandoning module AudioFormatADPCM (41)
[2015.11.30-21.57.16:727][531]LogModuleManager: Shutting down and abandoning module LinuxTargetPlatform (40)
[2015.11.30-21.57.16:727][531]LogModuleManager: Shutting down and abandoning module LinuxServerTargetPlatform (39)
[2015.11.30-21.57.16:728][531]LogModuleManager: Shutting down and abandoning module LinuxNoEditorTargetPlatform (38)
[2015.11.30-21.57.16:728][531]LogModuleManager: Shutting down and abandoning module Messaging (37)
[2015.11.30-21.57.16:728][531]LogModuleManager: Shutting down and abandoning module IOSTargetPlatform (36)
[2015.11.30-21.57.16:728][531]LogModuleManager: Shutting down and abandoning module HTML5TargetPlatform (35)
[2015.11.30-21.57.16:728][531]LogModuleManager: Shutting down and abandoning module Android_PVRTCTargetPlatform (34)
[2015.11.30-21.57.16:729][531]LogModuleManager: Shutting down and abandoning module Android_ETC2TargetPlatform (33)
[2015.11.30-21.57.16:729][531]LogModuleManager: Shutting down and abandoning module Android_ETC1TargetPlatform (32)
[2015.11.30-21.57.16:730][531]LogModuleManager: Shutting down and abandoning module Android_DXTTargetPlatform (31)
[2015.11.30-21.57.16:731][531]LogModuleManager: Shutting down and abandoning module Android_ATCTargetPlatform (30)
[2015.11.30-21.57.16:731][531]LogModuleManager: Shutting down and abandoning module Android_ASTCTargetPlatform (29)
[2015.11.30-21.57.16:732][531]LogModuleManager: Shutting down and abandoning module AndroidTargetPlatform (28)
[2015.11.30-21.57.16:732][531]LogModuleManager: Shutting down and abandoning module WindowsTargetPlatform (27)
[2015.11.30-21.57.16:732][531]LogModuleManager: Shutting down and abandoning module WindowsServerTargetPlatform (26)
[2015.11.30-21.57.16:733][531]LogModuleManager: Shutting down and abandoning module WindowsNoEditorTargetPlatform (25)
[2015.11.30-21.57.16:733][531]LogModuleManager: Shutting down and abandoning module WindowsClientTargetPlatform (24)
[2015.11.30-21.57.16:734][531]LogModuleManager: Shutting down and abandoning module AllDesktopTargetPlatform (23)
[2015.11.30-21.57.16:734][531]LogModuleManager: Shutting down and abandoning module TargetPlatform (22)
[2015.11.30-21.57.16:734][531]LogModuleManager: Shutting down and abandoning module InputCore (21)
[2015.11.30-21.57.16:734][531]LogModuleManager: Shutting down and abandoning module Settings (20)
[2015.11.30-21.57.16:734][531]LogModuleManager: Shutting down and abandoning module OnlineSubsystem (18)
[2015.11.30-21.57.16:734][531]LogModuleManager: Shutting down and abandoning module HTTP (17)
[2015.11.30-21.57.17:862][531]LogModuleManager: Shutting down and abandoning module XMPP (16)
[2015.11.30-21.57.17:866][531]LogModuleManager: Shutting down and abandoning module ExampleDeviceProfileSelector (15)
[2015.11.30-21.57.17:866][531]LogModuleManager: Shutting down and abandoning module TextureCompressor (14)
[2015.11.30-21.57.17:866][531]LogModuleManager: Shutting down and abandoning module ShaderCore (13)
[2015.11.30-21.57.17:866][531]LogModuleManager: Shutting down and abandoning module Landscape (12)
[2015.11.30-21.57.17:866][531]LogModuleManager: Shutting down and abandoning module SlateRHIRenderer (11)
[2015.11.30-21.57.17:869][531]LogModuleManager: Shutting down and abandoning module OpenGLDrv (10)
[2015.11.30-21.57.17:874][531]LogModuleManager: Shutting down and abandoning module D3D11RHI (9)
[2015.11.30-21.57.17:874][531]LogModuleManager: Shutting down and abandoning module AnimGraphRuntime (8)
[2015.11.30-21.57.17:875][531]LogModuleManager: Shutting down and abandoning module Renderer (7)
[2015.11.30-21.57.17:875][531]LogModuleManager: Shutting down and abandoning module Engine (6)
[2015.11.30-21.57.17:875][531]LogModuleManager: Shutting down and abandoning module CoreUObject (5)
[2015.11.30-21.57.17:875][531]LogModuleManager: Shutting down and abandoning module NetworkFile (4)
[2015.11.30-21.57.17:875][531]LogModuleManager: Shutting down and abandoning module StreamingFile (3)
[2015.11.30-21.57.17:875][531]LogModuleManager: Shutting down and abandoning module SandboxFile (2)
[2015.11.30-21.57.17:876][531]LogModuleManager: Shutting down and abandoning module PakFile (1)
[2015.11.30-21.57.17:881][531]LogExit: Exiting.
[2015.11.30-21.57.17:882][531]Log file closed, 11/30/15 22:57:17
