[2015.12.04-10.29.18:705][  0]Log file open, 12/04/15 11:29:18
[2015.12.04-10.29.18:705][  0]LogInit:Display: Running engine for game: BOS
[2015.12.04-10.29.18:706][  0]LogInit:Display: RandInit(1518396423) SRandInit(1518396423).
[2015.12.04-10.29.18:706][  0]LogTaskGraph: Started task graph with 4 named threads and 7 total threads.
[2015.12.04-10.29.18:706][  0]LogStats: Stats thread started at 0.149877
[2015.12.04-10.29.18:707][  0]LogInit: Version: 4.9.1-2689999+++depot+UE4-Releases+4.9
[2015.12.04-10.29.18:707][  0]LogInit: API Version: 2672455
[2015.12.04-10.29.18:707][  0]LogInit: Compiled (64-bit): Sep 14 2015 04:12:03
[2015.12.04-10.29.18:707][  0]LogInit: Compiled with Visual C++: 18.00.21005.01
[2015.12.04-10.29.18:707][  0]LogInit: Build Configuration: DebugGame
[2015.12.04-10.29.18:708][  0]LogInit: Branch Name: ++depot+UE4-Releases+4.9
[2015.12.04-10.29.18:708][  0]LogInit: Command line:  -debug
[2015.12.04-10.29.18:708][  0]LogInit: Base directory: C:/Program Files/Epic Games/4.9/Engine/Binaries/Win64/
[2015.12.04-10.29.18:708][  0]LogInit: Rocket: 1
[2015.12.04-10.29.18:728][  0]LogInit: Using libcurl 7.41.0
[2015.12.04-10.29.18:729][  0]LogInit:  - built for x86_64-pc-win32
[2015.12.04-10.29.18:729][  0]LogInit:  - supports SSL with WinSSL
[2015.12.04-10.29.18:729][  0]LogInit:  - other features:
[2015.12.04-10.29.18:730][  0]LogInit:      CURL_VERSION_SSL
[2015.12.04-10.29.18:730][  0]LogInit:      CURL_VERSION_IPV6
[2015.12.04-10.29.18:730][  0]LogInit:      CURL_VERSION_ASYNCHDNS
[2015.12.04-10.29.18:730][  0]LogInit:      CURL_VERSION_LARGEFILE
[2015.12.04-10.29.18:730][  0]LogInit:      CURL_VERSION_IDN
[2015.12.04-10.29.18:730][  0]LogInit:  CurlRequestOptions (configurable via config and command line):
[2015.12.04-10.29.18:730][  0]LogInit:  - bVerifyPeer = true  - Libcurl will verify peer certificate
[2015.12.04-10.29.18:731][  0]LogInit:  - bUseHttpProxy = false  - Libcurl will NOT use HTTP proxy
[2015.12.04-10.29.18:731][  0]LogInit:  - bDontReuseConnections = false  - Libcurl will reuse connections
[2015.12.04-10.29.18:731][  0]LogInit:  - CertBundlePath = nullptr  - Libcurl will use whatever was configured at build time.
[2015.12.04-10.29.18:754][  0]LogInit: Presizing for 0 objects not considered by GC, pre-allocating 0 bytes.
[2015.12.04-10.29.18:759][  0]LogInit: Object subsystem initialized
[2015.12.04-10.29.18:761][  0]LogInit: Selected Device Profile: [Windows]
[2015.12.04-10.29.18:761][  0]LogInit: Applying CVar settings loaded from the selected device profile: [Windows]
[2015.12.04-10.29.18:770][  0]LogInit: Computer: SpellabbA332-05
[2015.12.04-10.29.18:770][  0]LogInit: User: Spellabbet
[2015.12.04-10.29.18:771][  0]LogInit: CPU Page size=4096, Cores=4
[2015.12.04-10.29.18:771][  0]LogInit: High frequency timer resolution =3.507524 MHz
[2015.12.04-10.29.18:771][  0]LogMemory: Memory total: Physical=15.9GB (16GB approx)
[2015.12.04-10.29.18:772][  0]LogMemory: Platform Memory Stats for Windows
[2015.12.04-10.29.18:772][  0]LogMemory: Process Physical Memory: 52.96 MB used, 52.96 MB peak
[2015.12.04-10.29.18:772][  0]LogMemory: Process Virtual Memory: 55.24 MB used, 55.24 MB peak
[2015.12.04-10.29.18:772][  0]LogMemory: Physical Memory: 5102.75 MB used, 16318.82 MB total
[2015.12.04-10.29.18:772][  0]LogMemory: Virtual Memory: 346.32 MB used, 134217728.00 MB total
[2015.12.04-10.29.18:822][  0]LogTextLocalizationManager: No translations for ('sv-SE') exist, falling back to 'en' for localization and internationalization data.
[2015.12.04-10.29.19:338][  0]LogD3D11RHI: Found D3D11 adapter 0: NVIDIA GeForce GTX 960 (Feature Level 11_0)
[2015.12.04-10.29.19:338][  0]LogD3D11RHI: Adapter has 1965MB of dedicated video memory, 0MB of dedicated system memory, and 2048MB of shared system memory, 1 output[s]
[2015.12.04-10.29.19:341][  0]LogD3D11RHI: Found D3D11 adapter 1: Microsoft Basic Render Driver (Feature Level 11_0)
[2015.12.04-10.29.19:341][  0]LogD3D11RHI: Adapter has 0MB of dedicated video memory, 0MB of dedicated system memory, and 256MB of shared system memory, 0 output[s]
[2015.12.04-10.29.19:341][  0]LogD3D11RHI: Chosen D3D11 Adapter Id = 0
[2015.12.04-10.29.19:344][  0]LogD3D11RHI: !Direct3DDevice
[2015.12.04-10.29.19:344][  0]LogRHI: Texture pool is 1361 MB (70% of 1945 MB)
[2015.12.04-10.29.19:429][  0]LogD3D11RHI: Async texture creation enabled
[2015.12.04-10.29.19:444][  0]LogShaderCompilers: Guid format shader working directory is 15 characters bigger than the processId version (../../../../../../Users/Spellabbet/Documents/Unreal Projects/Balls-of-steel/BOS/Intermediate/Shaders/WorkingDirectory/5552/).
[2015.12.04-10.29.19:445][  0]LogShaderCompilers: Cleaned the shader compiler working directory '../../../../../../Users/Spellabbet/Documents/Unreal Projects/Balls-of-steel/BOS/Intermediate/Shaders/tmp/280A48404A40C56C97E296815F6256F9/'.
[2015.12.04-10.29.19:445][  0]LogShaderCompilers:Display: Using Local Shader Compiler.
[2015.12.04-10.29.20:350][  0]LogTemp:Display: Loaded TP AllDesktopTargetPlatform
[2015.12.04-10.29.20:361][  0]LogTemp:Display: Loaded TP WindowsClientTargetPlatform
[2015.12.04-10.29.20:372][  0]LogTemp:Display: Loaded TP WindowsNoEditorTargetPlatform
[2015.12.04-10.29.20:384][  0]LogTemp:Display: Loaded TP WindowsServerTargetPlatform
[2015.12.04-10.29.20:395][  0]LogTemp:Display: Loaded TP WindowsTargetPlatform
[2015.12.04-10.29.20:401][  0]LogTemp:Display: Loaded TP AndroidTargetPlatform
[2015.12.04-10.29.20:406][  0]LogTemp:Display: Loaded TP Android_ASTCTargetPlatform
[2015.12.04-10.29.20:410][  0]LogTemp:Display: Loaded TP Android_ATCTargetPlatform
[2015.12.04-10.29.20:416][  0]LogTemp:Display: Loaded TP Android_DXTTargetPlatform
[2015.12.04-10.29.20:421][  0]LogTemp:Display: Loaded TP Android_ETC1TargetPlatform
[2015.12.04-10.29.20:426][  0]LogTemp:Display: Loaded TP Android_ETC2TargetPlatform
[2015.12.04-10.29.20:431][  0]LogTemp:Display: Loaded TP Android_PVRTCTargetPlatform
[2015.12.04-10.29.20:435][  0]LogTemp:Display: Loaded TP HTML5TargetPlatform
[2015.12.04-10.29.20:461][  0]LogTemp:Display: Loaded TP IOSTargetPlatform
[2015.12.04-10.29.20:466][  0]LogTemp:Display: Loaded TP LinuxNoEditorTargetPlatform
[2015.12.04-10.29.20:471][  0]LogTemp:Display: Loaded TP LinuxServerTargetPlatform
[2015.12.04-10.29.20:476][  0]LogTemp:Display: Loaded TP LinuxTargetPlatform
[2015.12.04-10.29.20:477][  0]LogTargetPlatformManager:Display: Building Assets For Windows
[2015.12.04-10.29.20:667][  0]LogDerivedDataCache:Display: Max Cache Size: 512 MB
[2015.12.04-10.29.20:706][  0]LogDerivedDataCache: Loaded boot cache 0.04s 47MB C:/Users/Spellabbet/AppData/Local/UnrealEngine/4.9/DerivedDataCache/Boot.ddc.
[2015.12.04-10.29.20:706][  0]LogDerivedDataCache:Display: Loaded Boot cache: C:/Users/Spellabbet/AppData/Local/UnrealEngine/4.9/DerivedDataCache/Boot.ddc
[2015.12.04-10.29.20:706][  0]LogDerivedDataCache: FDerivedDataBackendGraph:  Pak pak cache file ../../../../../../Users/Spellabbet/Documents/Unreal Projects/Balls-of-steel/BOS/DerivedDataCache/DDC.ddp not found, will not use a pak cache.
[2015.12.04-10.29.20:707][  0]LogDerivedDataCache: Unable to find inner node Pak for hierarchical cache Hierarchy.
[2015.12.04-10.29.20:707][  0]LogDerivedDataCache: FDerivedDataBackendGraph:  CompressedPak pak cache file ../../../../../../Users/Spellabbet/Documents/Unreal Projects/Balls-of-steel/BOS/DerivedDataCache/Compressed.ddp not found, will not use a pak cache.
[2015.12.04-10.29.20:707][  0]LogDerivedDataCache: Unable to find inner node CompressedPak for hierarchical cache Hierarchy.
[2015.12.04-10.29.20:818][  0]LogDerivedDataCache:Display: Pak cache opened for reading ../../../Engine/DerivedDataCache/Compressed.ddp.
[2015.12.04-10.29.20:831][  0]LogDerivedDataCache: Using Local data cache path C:/Users/Spellabbet/AppData/Local/UnrealEngine/Common/DerivedDataCache: Writable
[2015.12.04-10.29.20:978][  0]LogInit: Selected Device Profile: [Windows]
[2015.12.04-10.29.20:981][  0]LogContentStreaming: Texture pool size is 0.000000MB
[2015.12.04-10.29.21:086][  0]LogMeshUtilities: No automatic mesh reduction module available
[2015.12.04-10.29.21:086][  0]LogMeshUtilities: No automatic mesh merging module available
[2015.12.04-10.29.21:292][  0]LogInit: WinSock: version 1.1 (2.2), MaxSocks=32767, MaxUdp=65467
[2015.12.04-10.29.22:051][  0]UdpMessaging: Initializing bridge on interface 0.0.0.0:0 to multicast group 230.0.0.1:6666.
[2015.12.04-10.29.22:131][  0]LogLinker:Warning: Asset '../../../../../../Users/Spellabbet/Documents/Unreal Projects/Balls-of-steel/BOS/Content/Rolling/Materials/M_Blue_Checker.uasset' has been saved with empty engine version. The asset will be loaded but may be incompatible.
[2015.12.04-10.29.22:322][  0]LogAssetRegistry: FAssetRegistry took 0.0110 seconds to start up
[2015.12.04-10.29.22:570][  0]SourceControl: Info Source control is disabled
[2015.12.04-10.29.22:571][  0]SourceControl: Info Source control is disabled
[2015.12.04-10.29.22:585][  0]SourceControl: Info Source control is disabled
[2015.12.04-10.29.22:603][  0]SourceControl: Info Source control is disabled
[2015.12.04-10.29.22:782][  0]LogLinker:Warning: Asset '../../../Engine/Plugins/Runtime/LeapMotionController/Content/LM_PassthroughMaterial.uasset' has been saved with empty engine version. The asset will be loaded but may be incompatible.
[2015.12.04-10.29.22:889][  0]LogObj: 30631 objects as part of root set at end of initial load.
[2015.12.04-10.29.22:889][  0]LogUObjectAllocator: 6847296 out of 0 bytes used by permanent object pool.
[2015.12.04-10.29.22:954][  0]LogEngine: Initializing Engine...
[2015.12.04-10.29.22:957][  0]LogHMD: Can't find Oculus library dev build: is proper Runtime installed? Version: 0.7.0.0
[2015.12.04-10.29.22:958][  0]LogHMD: SteamVR failed to initialize.  Err: 110
[2015.12.04-10.29.23:059][  0]LogAIModule: Creating AISystem for world NewWorld
[2015.12.04-10.29.23:066][  0]LogInit: XAudio2 using 'Speakers (4- High Definition Audio Device)' : 2 channels at 44.1 kHz using 16 bits per sample (channel mask 0x3)
[2015.12.04-10.29.23:078][  0]LogInit: FAudioDevice initialized.
[2015.12.04-10.29.23:098][  0]LogDerivedDataCache: Saved boot cache 0.02s 47MB C:/Users/Spellabbet/AppData/Local/UnrealEngine/4.9/DerivedDataCache/Boot.ddc.
[2015.12.04-10.29.23:103][  0]LogInit: Texture streaming: Enabled
[2015.12.04-10.29.23:115][  0]LogAnalytics: Creating configured Analytics provider AnalyticsET
[2015.12.04-10.29.23:115][  0]LogAnalytics: [UEEditor.Rocket.Release] APIServer = http://et2.epicgames.com/ET2/. AppVersion = 4.9.1-2689999+++depot+UE4-Releases+4.9
[2015.12.04-10.29.23:115][  0]LogAnalytics: [UEEditor.Rocket.Release] SetUserId fc50aaa14c34ed003df04597b34f483e|4341a5fd2eb34d5fac8b0ca63d21fc83|060e5e79-a789-49c4-8abd-5d8b330400a7
[2015.12.04-10.29.23:115][  0]LogAnalytics: [UEEditor.Rocket.Release] AnalyticsET::StartSession
[2015.12.04-10.29.23:130][  0]LogInit: Transaction tracking system initialized
[2015.12.04-10.29.23:197][  0]BlueprintLog: New page: Editor Load
[2015.12.04-10.29.23:446][  0]LocalizationService: Info Localization service is disabled
[2015.12.04-10.29.23:600][  0]LogConsoleResponse:Display: 
[2015.12.04-10.29.23:694][  0]LogCook:Display: Done creating registry. It took  0.00s.
[2015.12.04-10.29.23:804][  0]LogFileCache: Scanning file cache for directory 'C:/Users/Spellabbet/Documents/Unreal Projects/Balls-of-steel/BOS/Content/' took 0.01s
[2015.12.04-10.29.23:820][  0]SourceControl: Info Source control is disabled
[2015.12.04-10.29.23:820][  0]Cmd: MAP LOAD FILE="../../../../../../Users/Spellabbet/Documents/Unreal Projects/Balls-of-steel/BOS/Content/Maps/MainMenu.umap" TEMPLATE=0 SHOWPROGRESS=1 FEATURELEVEL=3
[2015.12.04-10.29.23:821][  0]LightingResults: New page: Lighting Build
[2015.12.04-10.29.23:824][  0]MapCheck: New page: Map Check
[2015.12.04-10.29.23:824][  0]LightingResults: New page: Lighting Build
[2015.12.04-10.29.23:834][  0]LogParticles: Destroying 0 GPU particle simulations for FXSystem 0x000000054A0D6AC0
[2015.12.04-10.29.23:934][  0]LogAIModule: Creating AISystem for world MainMenu
[2015.12.04-10.29.23:943][  0]LogEditorServer: Finished looking for orphan Actors (0.000 secs)
[2015.12.04-10.29.23:944][  0]Cmd: MAP CHECKDEP NOCLEARLOG
[2015.12.04-10.29.23:987][  0]MapCheck: Info Map check complete: 0 Error(s), 0 Warning(s), took 42.74ms to complete.
[2015.12.04-10.29.23:988][  0]LogFileHelpers: Loading map 'MainMenu' took 0.167
[2015.12.04-10.29.24:097][  0]LogCollectionManager: Loaded 0 collections in 0.002078 seconds
[2015.12.04-10.29.24:144][  0]LogFileCache: Scanning file cache for directory 'C:/Users/Spellabbet/Documents/Unreal Projects/Balls-of-steel/BOS/Saved/Collections/' took 0.01s
[2015.12.04-10.29.24:145][  0]LogFileCache: Scanning file cache for directory 'C:/Users/Spellabbet/Documents/Unreal Projects/Balls-of-steel/BOS/Content/Developers/Spellabbet/Collections/' took 0.01s
[2015.12.04-10.29.24:145][  0]LogFileCache: Scanning file cache for directory 'C:/Users/Spellabbet/Documents/Unreal Projects/Balls-of-steel/BOS/Content/Collections/' took 0.01s
[2015.12.04-10.29.24:145][  0]LogContentBrowser: Native class hierarchy populated in 0.0077 seconds. Added 1875 classes and 335 folders.
[2015.12.04-10.29.24:152][  0]LogCollectionManager: Rebuilt the GUID cache for 0 collections in 0.000003 seconds
[2015.12.04-10.29.24:161][  0]LogContentBrowser: Native class hierarchy updated for 'WidgetCarousel' in 0.0026 seconds. Added 0 classes and 0 folders.
[2015.12.04-10.29.24:224][  0]LogContentBrowser: Native class hierarchy updated for 'AddContentDialog' in 0.0016 seconds. Added 0 classes and 0 folders.
[2015.12.04-10.29.24:243][  0]LogContentBrowser: Native class hierarchy updated for 'SceneOutliner' in 0.0016 seconds. Added 1 classes and 2 folders.
[2015.12.04-10.29.24:267][  0]LogCrashTracker: Crashtracker disabled due to settings.
[2015.12.04-10.29.24:271][  0]LogUObjectGlobals:Warning: Failed to find object 'Class None.'
[2015.12.04-10.29.24:295][  0]LogLoad: Full Startup: 6.53 seconds (BP compile: 0.04 seconds)
[2015.12.04-10.29.24:343][  0]LogContentStreaming: Texture pool size now 1000 MB
[2015.12.04-10.29.24:441][  0]LogRenderer: Reallocating scene render targets to support 1048x556 (Frame:2).
[2015.12.04-10.29.24:686][  2]LogAssetRegistry: Asset discovery search completed in 2.3752 seconds
[2015.12.04-10.29.24:687][  2]LogCollectionManager: Rebuilt the object cache for 0 collections in 0.000001 seconds (found 0 objects)
[2015.12.04-10.29.24:687][  2]LogCollectionManager: Fixed up redirectors for 0 collections in 0.000217 seconds (updated 0 objects)
[2015.12.04-10.29.30:599][657]LogTexture:Display: Building textures: HQ_Lightmap0_1 (AutoDXT)
[2015.12.04-10.29.31:466][657]LogTexture:Display: Building textures: HQ_Lightmap0_2 (AutoDXT)
[2015.12.04-10.29.31:476][657]LogTexture:Display: Building textures: HQ_Lightmap0_3 (AutoDXT)
[2015.12.04-10.29.31:482][657]LogTexture:Display: Building textures: HQ_Lightmap0_4 (AutoDXT)
[2015.12.04-10.29.31:489][657]LogTexture:Display: Building textures: HQ_Lightmap0_5 (AutoDXT)
[2015.12.04-10.29.31:495][657]LogTexture:Display: Building textures: HQ_Lightmap0_6 (AutoDXT)
[2015.12.04-10.29.31:499][657]LogTexture:Display: Building textures: HQ_Lightmap0_7 (AutoDXT)
[2015.12.04-10.29.31:500][657]LogTexture:Display: Building textures: HQ_Lightmap0_8 (AutoDXT)
[2015.12.04-10.29.31:538][657]LogTexture:Display: Building textures: LQ_Lightmap_0_1 (DXT1)
[2015.12.04-10.29.31:739][657]LogTexture:Display: Building textures: LQ_Lightmap_0_2 (DXT1)
[2015.12.04-10.29.31:743][657]LogTexture:Display: Building textures: LQ_Lightmap_0_3 (DXT1)
[2015.12.04-10.29.31:747][657]LogTexture:Display: Building textures: LQ_Lightmap_0_4 (DXT1)
[2015.12.04-10.29.31:751][657]LogTexture:Display: Building textures: LQ_Lightmap_0_5 (DXT1)
[2015.12.04-10.29.31:755][657]LogTexture:Display: Building textures: LQ_Lightmap_0_6 (DXT1)
[2015.12.04-10.29.31:757][657]LogTexture:Display: Building textures: LQ_Lightmap_0_7 (DXT1)
[2015.12.04-10.29.31:761][657]LogTexture:Display: Building textures: LQ_Lightmap_0_8 (DXT1)
[2015.12.04-10.29.31:779][657]LogTexture:Display: Building textures: SkyOcclusion0_1 (AutoDXT)
[2015.12.04-10.29.32:077][657]LogTexture:Display: Building textures: SkyOcclusion0_2 (AutoDXT)
[2015.12.04-10.29.32:082][657]LogTexture:Display: Building textures: SkyOcclusion0_3 (AutoDXT)
[2015.12.04-10.29.32:086][657]LogTexture:Display: Building textures: SkyOcclusion0_4 (AutoDXT)
[2015.12.04-10.29.32:091][657]LogTexture:Display: Building textures: SkyOcclusion0_5 (AutoDXT)
[2015.12.04-10.29.32:096][657]LogTexture:Display: Building textures: SkyOcclusion0_6 (AutoDXT)
[2015.12.04-10.29.32:098][657]LogTexture:Display: Building textures: SkyOcclusion0_7 (AutoDXT)
[2015.12.04-10.29.32:101][657]LogTexture:Display: Building textures: SkyOcclusion0_8 (AutoDXT)
[2015.12.04-10.29.32:151][657]LogAIModule: Creating AISystem for world Map1
[2015.12.04-10.29.32:202][657]LogActorComponent: UnregisterComponent: (/Engine/Transient.ProjectileComp) Not registered. Aborting.
[2015.12.04-10.29.32:203][657]LogActorComponent: UnregisterComponent: (/Engine/Transient.ProjectileMovementComponent_0) Not registered. Aborting.
[2015.12.04-10.29.32:223][657]Cmd: MAP LOAD FILE="../../../../../../Users/Spellabbet/Documents/Unreal Projects/Balls-of-steel/BOS/Content/Maps/Map1.umap" TEMPLATE=0 SHOWPROGRESS=1 FEATURELEVEL=3
[2015.12.04-10.29.32:223][657]LightingResults: New page: Lighting Build
[2015.12.04-10.29.32:240][657]LoadErrors: New page: Loading map: Map1.umap
[2015.12.04-10.29.32:241][657]MapCheck: New page: Map Check
[2015.12.04-10.29.32:241][657]LightingResults: New page: Lighting Build
[2015.12.04-10.29.32:252][657]LogParticles: Destroying 0 GPU particle simulations for FXSystem 0x000000053582B740
[2015.12.04-10.29.32:264][657]LogEditorServer: Finished looking for orphan Actors (0.000 secs)
[2015.12.04-10.29.32:315][657]Cmd: MAP CHECKDEP NOCLEARLOG
[2015.12.04-10.29.32:363][657]MapCheck: Info Map check complete: 0 Error(s), 0 Warning(s), took 47.688ms to complete.
[2015.12.04-10.29.32:364][657]LogFileHelpers: Loading map 'Map1' took 0.142
[2015.12.04-10.29.33:348][736]LogBlueprintUserMessages: Early PlayInEditor Detection: Level '/Game/Maps/Map1.Map1:PersistentLevel' has LevelScriptBlueprint '/Game/Maps/Map1.Map1:PersistentLevel.Map1' with GeneratedClass '/Game/Maps/Map1.Map1_C' with ClassGeneratedBy '/Game/Maps/Map1.Map1:PersistentLevel.Map1'
[2015.12.04-10.29.33:349][736]LogPlayLevel: PlayLevel: No blueprints needed recompiling
[2015.12.04-10.29.33:349][736]PIE: New page: PIE session: Map1 (Dec 4, 2015, 12:29:33 PM)
[2015.12.04-10.29.33:350][736]LogPlayLevel: Creating play world package: /Game/Maps/UEDPIE_1_Map1
[2015.12.04-10.29.33:380][736]LogPlayLevel: PIE: StaticDuplicateObject took: (0.030161s)
[2015.12.04-10.29.33:381][736]LogAIModule: Creating AISystem for world Map1
[2015.12.04-10.29.33:382][736]LogPlayLevel: PIE: World Init took: (0.001098s)
[2015.12.04-10.29.33:382][736]LogPlayLevel: PIE: Created PIE world by copying editor world from /Game/Maps/Map1.Map1 to /Game/Maps/UEDPIE_1_Map1.Map1 (0.032746s)
[2015.12.04-10.29.33:407][736]LogWorld: Game class is 'BOSGameMode'
[2015.12.04-10.29.33:408][736]LogActor:Warning: RecastNavMesh /Game/Maps/UEDPIE_1_Map1.Map1:PersistentLevel.RecastNavMesh_0 has natively added scene component(s), but none of them were set as the actor's RootComponent - picking one arbitrarily
[2015.12.04-10.29.33:413][736]LogWorld: Bringing World /Game/Maps/UEDPIE_1_Map1.Map1 up for play (max tick rate 0) at 2015.12.04-11.29.33
[2015.12.04-10.29.33:414][736]LogActor:Warning: GameSession /Game/Maps/UEDPIE_1_Map1.Map1:PersistentLevel.GameSession_0 has natively added scene component(s), but none of them were set as the actor's RootComponent - picking one arbitrarily
[2015.12.04-10.29.33:414][736]LogActor:Warning: GameNetworkManager /Game/Maps/UEDPIE_1_Map1.Map1:PersistentLevel.GameNetworkManager_0 has natively added scene component(s), but none of them were set as the actor's RootComponent - picking one arbitrarily
[2015.12.04-10.29.33:415][736]LogWorld: Bringing up level for play took: 0.005792
[2015.12.04-10.29.33:415][736]LogInit: WinSock: Socket queue 131072 / 131072
[2015.12.04-10.29.33:418][736]LogInit: WinSock: I am SpellabbA332-05 (192.168.20.16:0)
[2015.12.04-10.29.33:418][736]LogNet: GameNetDriver IpNetDriver_0 IpNetDriver listening on port 7777
[2015.12.04-10.29.33:419][736]PIE: Info Play in editor start time for /Game/Maps/UEDPIE_1_Map1 0.448
[2015.12.04-10.29.33:420][736]PIE: New page: PIE session: Map1 (Dec 4, 2015, 12:29:33 PM)
[2015.12.04-10.29.33:425][736]LogInit: XAudio2 using 'Speakers (4- High Definition Audio Device)' : 2 channels at 44.1 kHz using 16 bits per sample (channel mask 0x3)
[2015.12.04-10.29.33:430][736]LogInit: FAudioDevice initialized.
[2015.12.04-10.29.33:465][736]LogNet: Browse: 127.0.0.1//Game/Maps/MainMenu
[2015.12.04-10.29.33:466][736]LogInit: WinSock: Socket queue 32768 / 32768
[2015.12.04-10.29.33:467][736]LogNet: Game client on port 7777, rate 10000
[2015.12.04-10.29.33:467][736]LogNet: GetLocalNetworkVersion: GEngineNetVersion: 2689999, ProjectName: bos, ProjectVersion: 1.0.0.0, InternalProtocolVersion: 9, LocalNetworkVersion: 4173909862
[2015.12.04-10.29.33:467][736]PIE: Info Play in editor start time for /Game/Maps/MainMenu 0.496
[2015.12.04-10.29.33:468][736]LogBlueprintUserMessages: Late PlayInEditor Detection: Level '/Game/Maps/Map1.Map1:PersistentLevel' has LevelScriptBlueprint '/Game/Maps/Map1.Map1:PersistentLevel.Map1' with GeneratedClass '/Game/Maps/Map1.Map1_C' with ClassGeneratedBy '/Game/Maps/Map1.Map1:PersistentLevel.Map1'
[2015.12.04-10.29.33:469][736]LogNet: NotifyAcceptingConnection: Server Map1 accept
[2015.12.04-10.29.33:469][736]LogNet: Open Map1 12/04/15 11:29:33 127.0.0.1
[2015.12.04-10.29.33:469][736]LogNet: Added client connection.  Remote address = 127.0.0.1:63991
[2015.12.04-10.29.33:470][736]LogNet: NotifyAcceptingChannel Control 0 server World /Game/Maps/UEDPIE_1_Map1.Map1: Accepted
[2015.12.04-10.29.33:470][736]LogNet: Remote platform little endian=1
[2015.12.04-10.29.33:470][736]LogNet: This platform little endian=1
[2015.12.04-10.29.33:470][736]LogNet: GetLocalNetworkVersion: GEngineNetVersion: 2689999, ProjectName: bos, ProjectVersion: 1.0.0.0, InternalProtocolVersion: 9, LocalNetworkVersion: 4173909862
[2015.12.04-10.29.33:525][737]LogNet: Login request: /Game/Maps/MainMenu userId: Invalid
[2015.12.04-10.29.33:527][737]LogNet: Welcomed by server (Level: /Game/Maps/UEDPIE_1_Map1, Game: /Script/BOS.BOSGameMode)
[2015.12.04-10.29.33:530][737]LogLoad: LoadMap: 127.0.0.1//Game/Maps/UEDPIE_1_Map1?game=/Script/BOS.BOSGameMode
[2015.12.04-10.29.33:543][737]LogParticles: Destroying 0 GPU particle simulations for FXSystem 0x0000000500166A20
[2015.12.04-10.29.33:544][737]Cmd: MEM
[2015.12.04-10.29.33:553][737]LogMemory: Platform Memory Stats for Windows
[2015.12.04-10.29.33:554][737]LogMemory: Process Physical Memory: 709.29 MB used, 787.29 MB peak
[2015.12.04-10.29.33:554][737]LogMemory: Process Virtual Memory: 1449.19 MB used, 1449.20 MB peak
[2015.12.04-10.29.33:555][737]LogMemory: Physical Memory: 6307.05 MB used, 16318.82 MB total
[2015.12.04-10.29.33:555][737]LogMemory: Virtual Memory: 2107.12 MB used, 134217728.00 MB total
[2015.12.04-10.29.33:555][737]LogMemory: 
[2015.12.04-10.29.33:555][737]Allocator Stats for TBB: (not implemented)
[2015.12.04-10.29.33:555][737]LogLinker: Can't find file for asset '/Game/Maps/UEDPIE_1_Map1' while loading NULL.
[2015.12.04-10.29.33:583][737]LogWorld: PIE: Copying PIE streaming level from /Game/Maps/Map1.Map1 to /Game/Maps/UEDPIE_2_Map1.Map1. OwningWorld: None
[2015.12.04-10.29.33:585][737]LogAIModule: Creating AISystem for world Map1
[2015.12.04-10.29.33:590][737]LogWorld: Bringing World /Game/Maps/UEDPIE_2_Map1.Map1 up for play (max tick rate 0) at 2015.12.04-11.29.33
[2015.12.04-10.29.33:591][737]LogWorld: Bringing up level for play took: 0.005235
[2015.12.04-10.29.33:603][738]LogNet: Client netspeed is 10000
[2015.12.04-10.29.33:603][738]LogNet: Join request: /Game/Maps/MainMenu?SplitscreenCount=1
[2015.12.04-10.29.33:606][738]LogNet: Join succeeded: 256
[2015.12.04-10.29.39:326][412]LogBlueprintUserMessages: Early EndPlayMap Detection: Level '/Game/Maps/M