[2015.11.08-12.57.24:119][  0]Log file open, 11/08/15 13:57:24
[2015.11.08-12.57.24:119][  0]LogInit:Display: Running engine for game: BOS
[2015.11.08-12.57.24:119][  0]LogInit:Display: RandInit(1998682838) SRandInit(1998682839).
[2015.11.08-12.57.24:119][  0]LogTaskGraph: Started task graph with 4 named threads and 5 total threads.
[2015.11.08-12.57.24:119][  0]LogStats: Stats thread started at 0.055183
[2015.11.08-12.57.24:119][  0]LogInit: Version: 4.9.2-2707645+++depot+UE4-Releases+4.9
[2015.11.08-12.57.24:119][  0]LogInit: API Version: 2672455
[2015.11.08-12.57.24:119][  0]LogInit: Compiled (64-bit): Sep 28 2015 10:25:44
[2015.11.08-12.57.24:119][  0]LogInit: Compiled with Visual C++: 18.00.21005.01
[2015.11.08-12.57.24:119][  0]LogInit: Build Configuration: Development
[2015.11.08-12.57.24:119][  0]LogInit: Branch Name: ++depot+UE4-Releases+4.9
[2015.11.08-12.57.24:119][  0]LogInit: Command line:  
[2015.11.08-12.57.24:119][  0]LogInit: Base directory: C:/Program Files/Epic Games/4.9/Engine/Binaries/Win64/
[2015.11.08-12.57.24:119][  0]LogInit: Rocket: 1
[2015.11.08-12.57.24:134][  0]LogInit: Using libcurl 7.41.0
[2015.11.08-12.57.24:134][  0]LogInit:  - built for x86_64-pc-win32
[2015.11.08-12.57.24:134][  0]LogInit:  - supports SSL with WinSSL
[2015.11.08-12.57.24:134][  0]LogInit:  - other features:
[2015.11.08-12.57.24:134][  0]LogInit:      CURL_VERSION_SSL
[2015.11.08-12.57.24:134][  0]LogInit:      CURL_VERSION_IPV6
[2015.11.08-12.57.24:134][  0]LogInit:      CURL_VERSION_ASYNCHDNS
[2015.11.08-12.57.24:134][  0]LogInit:      CURL_VERSION_LARGEFILE
[2015.11.08-12.57.24:134][  0]LogInit:      CURL_VERSION_IDN
[2015.11.08-12.57.24:134][  0]LogInit:  CurlRequestOptions (configurable via config and command line):
[2015.11.08-12.57.24:134][  0]LogInit:  - bVerifyPeer = true  - Libcurl will verify peer certificate
[2015.11.08-12.57.24:134][  0]LogInit:  - bUseHttpProxy = false  - Libcurl will NOT use HTTP proxy
[2015.11.08-12.57.24:134][  0]LogInit:  - bDontReuseConnections = false  - Libcurl will reuse connections
[2015.11.08-12.57.24:134][  0]LogInit:  - CertBundlePath = nullptr  - Libcurl will use whatever was configured at build time.
[2015.11.08-12.57.24:143][  0]LogInit: Presizing for 0 objects not considered by GC, pre-allocating 0 bytes.
[2015.11.08-12.57.24:157][  0]LogInit: Object subsystem initialized
[2015.11.08-12.57.24:159][  0]LogInit: Selected Device Profile: [Windows]
[2015.11.08-12.57.24:159][  0]LogInit: Applying CVar settings loaded from the selected device profile: [Windows]
[2015.11.08-12.57.24:170][  0]LogInit: Computer: STOFFEPC
[2015.11.08-12.57.24:170][  0]LogInit: User: Stoffe
[2015.11.08-12.57.24:170][  0]LogInit: CPU Page size=4096, Cores=2
[2015.11.08-12.57.24:170][  0]LogInit: High frequency timer resolution =3.222683 MHz
[2015.11.08-12.57.24:170][  0]LogMemory: Memory total: Physical=7.9GB (8GB approx)
[2015.11.08-12.57.24:170][  0]LogMemory: Platform Memory Stats for Windows
[2015.11.08-12.57.24:170][  0]LogMemory: Process Physical Memory: 52.22 MB used, 52.22 MB peak
[2015.11.08-12.57.24:170][  0]LogMemory: Process Virtual Memory: 54.88 MB used, 54.88 MB peak
[2015.11.08-12.57.24:170][  0]LogMemory: Physical Memory: 2891.02 MB used, 8126.94 MB total
[2015.11.08-12.57.24:170][  0]LogMemory: Virtual Memory: 347.52 MB used, 134217728.00 MB total
[2015.11.08-12.57.24:204][  0]LogTextLocalizationManager: No translations for ('sv-SE') exist, falling back to 'en' for localization and internationalization data.
[2015.11.08-12.57.25:085][  0]LogD3D11RHI: Found D3D11 adapter 0: AMD Radeon HD 7800 Series (Feature Level 11_0)
[2015.11.08-12.57.25:085][  0]LogD3D11RHI: Adapter has 2030MB of dedicated video memory, 0MB of dedicated system memory, and 3840MB of shared system memory, 2 output[s]
[2015.11.08-12.57.25:087][  0]LogD3D11RHI: Found D3D11 adapter 1: Microsoft Basic Render Driver (Feature Level 11_0)
[2015.11.08-12.57.25:087][  0]LogD3D11RHI: Adapter has 0MB of dedicated video memory, 0MB of dedicated system memory, and 256MB of shared system memory, 0 output[s]
[2015.11.08-12.57.25:087][  0]LogD3D11RHI: Chosen D3D11 Adapter Id = 0
[2015.11.08-12.57.25:092][  0]LogD3D11RHI: !Direct3DDevice
[2015.11.08-12.57.25:092][  0]LogRHI: Texture pool is 1361 MB (70% of 1945 MB)
[2015.11.08-12.57.25:098][  0]LogD3D11RHI: Async texture creation disabled: no driver support
[2015.11.08-12.57.25:109][  0]LogShaderCompilers: Guid format shader working directory is 15 characters bigger than the processId version (../../../../../../Users/Stoffe/Documents/GitHub/Balls-of-steel/BOS/Intermediate/Shaders/WorkingDirectory/3840/).
[2015.11.08-12.57.25:109][  0]LogShaderCompilers: Cleaned the shader compiler working directory '../../../../../../Users/Stoffe/Documents/GitHub/Balls-of-steel/BOS/Intermediate/Shaders/tmp/2CB0846341BF9146D9C28A8EFB8BD267/'.
[2015.11.08-12.57.25:109][  0]LogShaderCompilers:Display: Using Local Shader Compiler.
[2015.11.08-12.57.26:557][  0]LogTemp:Display: Loaded TP AllDesktopTargetPlatform
[2015.11.08-12.57.26:565][  0]LogTemp:Display: Loaded TP WindowsClientTargetPlatform
[2015.11.08-12.57.26:571][  0]LogTemp:Display: Loaded TP WindowsNoEditorTargetPlatform
[2015.11.08-12.57.26:577][  0]LogTemp:Display: Loaded TP WindowsServerTargetPlatform
[2015.11.08-12.57.26:582][  0]LogTemp:Display: Loaded TP WindowsTargetPlatform
[2015.11.08-12.57.26:586][  0]LogTemp:Display: Loaded TP AndroidTargetPlatform
[2015.11.08-12.57.26:589][  0]LogTemp:Display: Loaded TP Android_ASTCTargetPlatform
[2015.11.08-12.57.26:593][  0]LogTemp:Display: Loaded TP Android_ATCTargetPlatform
[2015.11.08-12.57.26:596][  0]LogTemp:Display: Loaded TP Android_DXTTargetPlatform
[2015.11.08-12.57.26:600][  0]LogTemp:Display: Loaded TP Android_ETC1TargetPlatform
[2015.11.08-12.57.26:603][  0]LogTemp:Display: Loaded TP Android_ETC2TargetPlatform
[2015.11.08-12.57.26:607][  0]LogTemp:Display: Loaded TP Android_PVRTCTargetPlatform
[2015.11.08-12.57.26:607][  0]LogTemp:Display: Loaded TP HTML5TargetPlatform
[2015.11.08-12.57.26:625][  0]LogTemp:Display: Loaded TP IOSTargetPlatform
[2015.11.08-12.57.26:628][  0]LogTemp:Display: Loaded TP LinuxNoEditorTargetPlatform
[2015.11.08-12.57.26:632][  0]LogTemp:Display: Loaded TP LinuxServerTargetPlatform
[2015.11.08-12.57.26:637][  0]LogTemp:Display: Loaded TP LinuxTargetPlatform
[2015.11.08-12.57.26:637][  0]LogTargetPlatformManager:Display: Building Assets For Windows
[2015.11.08-12.57.26:726][  0]LogDerivedDataCache:Display: Max Cache Size: 512 MB
[2015.11.08-12.57.26:771][  0]LogDerivedDataCache: Loaded boot cache 0.05s 46MB C:/Users/Stoffe/AppData/Local/UnrealEngine/4.9/DerivedDataCache/Boot.ddc.
[2015.11.08-12.57.26:771][  0]LogDerivedDataCache:Display: Loaded Boot cache: C:/Users/Stoffe/AppData/Local/UnrealEngine/4.9/DerivedDataCache/Boot.ddc
[2015.11.08-12.57.26:771][  0]LogDerivedDataCache: FDerivedDataBackendGraph:  Pak pak cache file ../../../../../../Users/Stoffe/Documents/GitHub/Balls-of-steel/BOS/DerivedDataCache/DDC.ddp not found, will not use a pak cache.
[2015.11.08-12.57.26:771][  0]LogDerivedDataCache: Unable to find inner node Pak for hierarchical cache Hierarchy.
[2015.11.08-12.57.26:771][  0]LogDerivedDataCache: FDerivedDataBackendGraph:  CompressedPak pak cache file ../../../../../../Users/Stoffe/Documents/GitHub/Balls-of-steel/BOS/DerivedDataCache/Compressed.ddp not found, will not use a pak cache.
[2015.11.08-12.57.26:771][  0]LogDerivedDataCache: Unable to find inner node CompressedPak for hierarchical cache Hierarchy.
[2015.11.08-12.57.26:921][  0]LogDerivedDataCache:Display: Pak cache opened for reading ../../../Engine/DerivedDataCache/Compressed.ddp.
[2015.11.08-12.57.26:933][  0]LogDerivedDataCache: Using Local data cache path C:/Users/Stoffe/AppData/Local/UnrealEngine/Common/DerivedDataCache: Writable
[2015.11.08-12.57.27:124][  0]LogInit: Selected Device Profile: [Windows]
[2015.11.08-12.57.27:127][  0]LogContentStreaming: Texture pool size is 0.000000MB
[2015.11.08-12.57.27:254][  0]LogMeshUtilities: No automatic mesh reduction module available
[2015.11.08-12.57.27:254][  0]LogMeshUtilities: No automatic mesh merging module available
[2015.11.08-12.57.27:533][  0]LogInit: WinSock: version 1.1 (2.2), MaxSocks=32767, MaxUdp=65467
[2015.11.08-12.57.28:212][  0]UdpMessaging: Initializing bridge on interface 0.0.0.0:0 to multicast group 230.0.0.1:6666.
[2015.11.08-12.57.28:280][  0]LogLinker:Warning: Asset '../../../../../../Users/Stoffe/Documents/GitHub/Balls-of-steel/BOS/Content/Rolling/Meshes/BallMesh.uasset' has been saved with empty engine version. The asset will be loaded but may be incompatible.
[2015.11.08-12.57.28:281][  0]LogLinker:Warning: Asset '../../../../../../Users/Stoffe/Documents/GitHub/Balls-of-steel/BOS/Content/Rolling/Materials/M_Blue_Checker.uasset' has been saved with empty engine version. The asset will be loaded but may be incompatible.
[2015.11.08-12.57.28:282][  0]LogLinker:Warning: Asset '../../../../../../Users/Stoffe/Documents/GitHub/Balls-of-steel/BOS/Content/Rolling/Materials/PM_Ball.uasset' has been saved with empty engine version. The asset will be loaded but may be incompatible.
[2015.11.08-12.57.28:431][  0]LogAssetRegistry: FAssetRegistry took 0.0112 seconds to start up
[2015.11.08-12.57.28:643][  0]SourceControl: Info Source control is disabled
[2015.11.08-12.57.28:672][  0]SourceControl: Info Source control is disabled
[2015.11.08-12.57.28:688][  0]SourceControl: Info Source control is disabled
[2015.11.08-12.57.28:698][  0]SourceControl: Info Source control is disabled
[2015.11.08-12.57.28:837][  0]LogLinker:Warning: Asset '../../../Engine/Plugins/Runtime/LeapMotionController/Content/LM_PassthroughMaterial.uasset' has been saved with empty engine version. The asset will be loaded but may be incompatible.
[2015.11.08-12.57.28:912][  0]LogObj: 29664 objects as part of root set at end of initial load.
[2015.11.08-12.57.28:912][  0]LogUObjectAllocator: 6510880 out of 0 bytes used by permanent object pool.
[2015.11.08-12.57.28:969][  0]LogEngine: Initializing Engine...
[2015.11.08-12.57.28:971][  0]LogHMD: Can't find Oculus library dev build: is proper Runtime installed? Version: 0.7.0.0
[2015.11.08-12.57.28:971][  0]LogHMD: SteamVR failed to initialize.  Err: 110
[2015.11.08-12.57.29:124][  0]LogAIModule: Creating AISystem for world NewWorld
[2015.11.08-12.57.29:129][  0]LogInit: XAudio2 using 'Högtalare (Realtek High Definition Audio)' : 2 channels at 48 kHz using 32 bits per sample (channel mask 0x3)
[2015.11.08-12.57.29:149][  0]LogInit: FAudioDevice initialized.
[2015.11.08-12.57.29:174][  0]LogDerivedDataCache: Saved boot cache 0.03s 46MB C:/Users/Stoffe/AppData/Local/UnrealEngine/4.9/DerivedDataCache/Boot.ddc.
[2015.11.08-12.57.29:177][  0]LogInit: Texture streaming: Enabled
[2015.11.08-12.57.29:183][  0]LogAnalytics: Creating configured Analytics provider AnalyticsET
[2015.11.08-12.57.29:183][  0]LogAnalytics: [UEEditor.Rocket.Release] APIServer = http://et2.epicgames.com/ET2/. AppVersion = 4.9.2-2707645+++depot+UE4-Releases+4.9
[2015.11.08-12.57.29:184][  0]LogAnalytics: [UEEditor.Rocket.Release] SetUserId c2f82278409fbc7e17ba4c8b187827c0|8471e16762be488588a110ad13c08bd6|a2f24018-7849-4a41-8ec9-fa4680d0f5a7
[2015.11.08-12.57.29:184][  0]LogAnalytics: [UEEditor.Rocket.Release] AnalyticsET::StartSession
[2015.11.08-12.57.29:206][  0]LogInit: Transaction tracking system initialized
[2015.11.08-12.57.29:237][  0]BlueprintLog: New page: Editor Load
[2015.11.08-12.57.29:329][  0]LocalizationService: Info Localization service is disabled
[2015.11.08-12.57.29:415][  0]LogConsoleResponse:Display: 
[2015.11.08-12.57.29:578][  0]LogCook:Display: Done creating registry. It took  0.00s.
[2015.11.08-12.57.29:657][  0]LogFileCache: Scanning file cache for directory 'C:/Users/Stoffe/Documents/GitHub/Balls-of-steel/BOS/Content/' took 0.01s
[2015.11.08-12.57.29:657][  0]SourceControl: Info Source control is disabled
[2015.11.08-12.57.29:657][  0]Cmd: MAP LOAD FILE="../../../../../../Users/Stoffe/Documents/GitHub/Balls-of-steel/BOS/Content/RollingCPP/Maps/MainMenu.umap" TEMPLATE=0 SHOWPROGRESS=1 FEATURELEVEL=3
[2015.11.08-12.57.29:658][  0]LightingResults: New page: Lighting Build
[2015.11.08-12.57.29:662][  0]MapCheck: New page: Map Check
[2015.11.08-12.57.29:662][  0]LightingResults: New page: Lighting Build
[2015.11.08-12.57.29:687][  0]LogParticles: Destroying 0 GPU particle simulations for FXSystem 0x0000004960670400
[2015.11.08-12.57.29:874][  0]LogAIModule: Creating AISystem for world MainMenu
[2015.11.08-12.57.29:889][  0]LogEditorServer: Finished looking for orphan Actors (0.000 secs)
[2015.11.08-12.57.29:890][  0]Cmd: MAP CHECKDEP NOCLEARLOG
[2015.11.08-12.57.29:952][  0]MapCheck: Info Map check complete: 0 Error(s), 0 Warning(s), took 61.533ms to complete.
[2015.11.08-12.57.29:952][  0]LogFileHelpers: Loading map 'MainMenu' took 0.295
[2015.11.08-12.57.30:073][  0]LogCollectionManager: Loaded 0 collections in 0.002845 seconds
[2015.11.08-12.57.30:122][  0]LogFileCache: Scanning file cache for directory 'C:/Users/Stoffe/Documents/GitHub/Balls-of-steel/BOS/Saved/Collections/' took 0.01s
[2015.11.08-12.57.30:122][  0]LogFileCache: Scanning file cache for directory 'C:/Users/Stoffe/Documents/GitHub/Balls-of-steel/BOS/Content/Developers/Stoffe/Collections/' took 0.01s
[2015.11.08-12.57.30:122][  0]LogFileCache: Scanning file cache for directory 'C:/Users/Stoffe/Documents/GitHub/Balls-of-steel/BOS/Content/Collections/' took 0.01s
[2015.11.08-12.57.30:122][  0]LogContentBrowser: Native class hierarchy populated in 0.0136 seconds. Added 1875 classes and 335 folders.
[2015.11.08-12.57.30:137][  0]LogCollectionManager: Rebuilt the GUID cache for 0 collections in 0.000004 seconds
[2015.11.08-12.57.30:147][  0]LogContentBrowser: Native class hierarchy updated for 'WidgetCarousel' in 0.0012 seconds. Added 0 classes and 0 folders.
[2015.11.08-12.57.30:214][  0]LogContentBrowser: Native class hierarchy updated for 'AddContentDialog' in 0.0019 seconds. Added 0 classes and 0 folders.
[2015.11.08-12.57.30:229][  0]LogContentBrowser: Native class hierarchy updated for 'SceneOutliner' in 0.0019 seconds. Added 1 classes and 2 folders.
[2015.11.08-12.57.30:315][  0]LogCrashTracker: Crashtracker disabled due to settings.
[2015.11.08-12.57.30:320][  0]LogUObjectGlobals:Warning: Failed to find object 'Class None.'
[2015.11.08-12.57.30:342][  0]LogLoad: Full Startup: 7.20 seconds (BP compile: 0.07 seconds)
[2015.11.08-12.57.30:731][  0]LogContentStreaming: Texture pool size now 1000 MB
[2015.11.08-12.57.30:879][  0]LogRenderer: Reallocating scene render targets to support 1028x636 (Frame:2).
[2015.11.08-12.57.32:506][  4]LogAssetRegistry: Asset discovery search completed in 4.0867 seconds
[2015.11.08-12.57.32:506][  4]LogCollectionManager: Rebuilt the object cache for 0 collections in 0.000001 seconds (found 0 objects)
[2015.11.08-12.57.32:506][  4]LogCollectionManager: Fixed up redirectors for 0 collections in 0.000051 seconds (updated 0 objects)
[2015.11.08-12.57.48:387][952]LogAIModule: Creating AISystem for world Map1
[2015.11.08-12.57.48:435][952]Cmd: MAP LOAD FILE="../../../../../../Users/Stoffe/Documents/GitHub/Balls-of-steel/BOS/Content/RollingCPP/Maps/Map1.umap" TEMPLATE=0 SHOWPROGRESS=1 FEATURELEVEL=3
[2015.11.08-12.57.48:435][952]LightingResults: New page: Lighting Build
[2015.11.08-12.57.48:456][952]LoadErrors: New page: Loading map: Map1.umap
[2015.11.08-12.57.48:509][952]MapCheck: New page: Map Check
[2015.11.08-12.57.48:510][952]LightingResults: New page: Lighting Build
[2015.11.08-12.57.48:529][952]LogParticles: Destroying 0 GPU particle simulations for FXSystem 0x00000049527A7740
[2015.11.08-12.57.48:585][952]LogEditorServer: Finished looking for orphan Actors (0.000 secs)
[2015.11.08-12.57.48:635][952]Cmd: MAP CHECKDEP NOCLEARLOG
[2015.11.08-12.57.48:689][952]MapCheck: Info Map check complete: 0 Error(s), 0 Warning(s), took 53.327ms to complete.
[2015.11.08-12.57.48:689][952]LogFileHelpers: Loading map 'Map1' took 0.255
[2015.11.08-12.57.54:421][607]LogBlueprintUserMessages: Early PlayInEditor Detection: Level '/Game/RollingCPP/Maps/Map1.Map1:PersistentLevel' has LevelScriptBlueprint '/Game/RollingCPP/Maps/Map1.Map1:PersistentLevel.Map1' with GeneratedClass '/Game/RollingCPP/Maps/Map1.Map1_C' with ClassGeneratedBy '/Game/RollingCPP/Maps/Map1.Map1:PersistentLevel.Map1'
[2015.11.08-12.57.54:421][607]LogPlayLevel: PlayLevel: No blueprints needed recompiling
[2015.11.08-12.57.54:421][607]PIE: New page: PIE session: Map1 (Nov 8, 2015, 2:57:54 PM)
[2015.11.08-12.57.54:421][607]LogPlayLevel: Creating play world package: /Game/RollingCPP/Maps/UEDPIE_0_Map1
[2015.11.08-12.57.54:459][607]LogPlayLevel: PIE: StaticDuplicateObject took: (0.037521s)
[2015.11.08-12.57.54:459][607]LogAIModule: Creating AISystem for world Map1
[2015.11.08-12.57.54:460][607]LogPlayLevel: PIE: World Init took: (0.000968s)
[2015.11.08-12.57.54:460][607]LogPlayLevel: PIE: Created PIE world by copying editor world from /Game/RollingCPP/Maps/Map1.Map1 to /Game/RollingCPP/Maps/UEDPIE_0_Map1.Map1 (0.038887s)
[2015.11.08-12.57.54:491][607]LogInit: XAudio2 using 'Högtalare (Realtek High Definition Audio)' : 2 channels at 48 kHz using 32 bits per sample (channel mask 0x3)
[2015.11.08-12.57.54:499][607]LogInit: FAudioDevice initialized.
[2015.11.08-12.57.54:575][607]LogWorld: Game class is 'BOSGameMode'
[2015.11.08-12.57.54:592][607]LogWorld: Bringing World /Game/RollingCPP/Maps/UEDPIE_0_Map1.Map1 up for play (max tick rate 0) at 2015.11.08-13.57.54
[2015.11.08-12.57.54:592][607]LogActor:Warning: GameSession /Game/RollingCPP/Maps/UEDPIE_0_Map1.Map1:PersistentLevel.GameSession_0 has natively added scene component(s), but none of them were set as the actor's RootComponent - picking one arbitrarily
[2015.11.08-12.57.54:592][607]LogActor:Warning: GameNetworkManager /Game/RollingCPP/Maps/UEDPIE_0_Map1.Map1:PersistentLevel.GameNetworkManager_0 has natively added scene component(s), but none of them were set as the actor's RootComponent - picking one arbitrarily
[2015.11.08-12.57.54:593][607]LogWorld: Bringing up level for play took: 0.017808
[2015.11.08-12.57.54:626][607]PIE: Info Play in editor start time for /Game/RollingCPP/Maps/UEDPIE_0_Map1 -0.516
[2015.11.08-12.57.54:626][607]LogBlueprintUserMessages: Late PlayInEditor Detection: Level '/Game/RollingCPP/Maps/Map1.Map1:PersistentLevel' has LevelScriptBlueprint '/Game/RollingCPP/Maps/Map1.Map1:PersistentLevel.Map1' with GeneratedClass '/Game/RollingCPP/Maps/Map1.Map1_C' with ClassGeneratedBy '/Game/RollingCPP/Maps/Map1.Map1:PersistentLevel.Map1'
[2015.11.08-12.57.55:994][721]PIE:Warning: Warning BasicProjectile_BP_C_0.SphereComp has to have 'Simulate Physics' enabled if you'd like to AddImpulse. 
[2015.11.08-12.57.59:692][ 69]LogBlueprintUserMessages: Early EndPlayMap Detection: Level '/Game/RollingCPP/Maps/Map1.Map1:PersistentLevel' has LevelScriptBlueprint '/Game/RollingCPP/Maps/Map1.Map1:PersistentLevel.Map1' with GeneratedClass '/Game/RollingCPP/Maps/Map1.Map1_C' with ClassGeneratedBy '/Game/RollingCPP/Maps/Map1.Map1:PersistentLevel.Map1'
[2015.11.08-12.57.59:749][ 69]LogBlueprintUserMessages: Late EndPlayMap Detection: Level '/Game/RollingCPP/Maps/Map1.Map1:PersistentLevel' has LevelScriptBlueprint '/Game/RollingCPP/Maps/Map1.Map1:PersistentLevel.Map1' with GeneratedClass '/Game/RollingCPP/Maps/Map1.Map1_C' with ClassGeneratedBy '/Game/RollingCPP/Maps/Map1.Map1:PersistentLevel.Map1'
[2015.11.08-12.57.59:779][ 69]LogParticles: Destroying 0 GPU particle simulations for FXSystem 0x000000496672B1A0
[2015.11.08-13.00.46:741][162]LogBlueprintUserMessages: Early PlayInEditor Detection: Level '/Game/RollingCPP/Maps/Map1.Map1:PersistentLevel' has LevelScriptBlueprint '/Game/RollingCPP/Maps/Map1.Map1:PersistentLevel.Map1' with GeneratedClass '/Game/RollingCPP/Maps/Map1.Map1_C' with ClassGeneratedBy '/Game/RollingCPP/Maps/Map1.Map1:PersistentLevel.Map1'
[2015.11.08-13.00.46:741][162]LogPlayLevel: PlayLevel: No blueprints needed recompiling
[2015.11.08-13.00.46:741][162]PIE: New page: PIE session: Map1 (Nov 8, 2015, 3:00:46 PM)
[2015.11.08-13.00.46:741][162]LogPlayLevel: Creating play world package: /Game/RollingCPP/Maps/UEDPIE_0_Map1
[2015.11.08-13.00.46:773][162]LogPlayLevel: PIE: StaticDuplicateObject took: (0.031566s)
[2015.11.08-13.00.46:774][162]LogAIModule: Creating AISystem for world Map1
[2015.11.08-13.00.46:774][162]LogPlayLevel: PIE: World Init took: (0.001227s)
[2015.11.08-13.00.46:775][162]LogPlayLevel: PIE: Created PIE world by copying editor world from /Game/RollingCPP/Maps/Map1.Map1 to /Game/RollingCPP/Maps/UEDPIE_0_Map1.Map1 (0.033329s)
[2015.11.08-13.00.46:775][162]LogActorComponent: UnregisterComponent: (/Engine/Transient.ProjectileComp) Not registered. Aborting.
[2015.11.08-13.00.46:775][162]LogActorComponent: UnregisterComponent: (/Engine/Transient.ProjectileMovementComponent_0) Not registered. Aborting.
[2015.11.08-13.00.46:801][162]LogInit: XAudio2 using 'Högtalare (Realtek High Definition Audio)' : 2 channels at 48 kHz using 32 bits per sample (channel mask 0x3)
[2015.11.08-13.00.46:808][162]LogInit: FAudioDevice initialized.
[2015.11.08-13.00.46:864][162]LogWorld: Game class is 'BOSGameMode'
[2015.11.08-13.00.46:883][162]LogWorld: Bringing World /Game/RollingCPP/Maps/UEDPIE_0_Map1.Map1 up for play (max tick rate 0) at 2015.11.08-14.00.46
[2015.11.08-13.00.46:883][162]LogActor:Warning: GameSession /Game/RollingCPP/Maps/UEDPIE_0_Map1.Map1:PersistentLevel.GameSession_1 has natively added scene component(s), but none of them were set as the actor's RootComponent - picking one arbitrarily
[2015.11.08-13.00.46:884][162]LogActor:Warning: GameNetworkManager /Game/RollingCPP/Maps/UEDPIE_0_Map1.Map1:PersistentLevel.GameNetworkManager_1 has natively added scene component(s), but none of them were set as the actor's RootComponent - picking one arbitrarily
[2015.11.08-13.00.46:885][162]LogWorld: Bringing up level for play took: 0.019446
[2015.11.08-13.00.46:922][162]PIE: Info Play in editor start time for /Game/RollingCPP/Maps/UEDPIE_0_Map1 -0.22
[2015.11.08-13.00.46:922][162]LogBlueprintUserMessages: Late PlayInEditor Detection: Level '/Game/RollingCPP/Maps/Map1.Map1:PersistentLevel' has LevelScriptBlueprint '/Game/RollingCPP/Maps/Map1.Map1:PersistentLevel.Map1' with GeneratedClass '/Game/RollingCPP/Maps/Map1.Map1_C' with ClassGeneratedBy '/Game/RollingCPP/Maps/Map1.Map1:PersistentLevel.Map1'
[2015.11.08-13.01.10:011][317]LogBlueprintUserMessages: Early EndPlayMap Detection: Level '/Game/RollingCPP/Maps/Map1.Map1:PersistentLevel' has LevelScriptBlueprint '/Game/RollingCPP/Maps/Map1.Map1:PersistentLevel.Map1' with GeneratedClass '/Game/RollingCPP/Maps/Map1.Map1_C' with ClassGeneratedBy '/Game/RollingCPP/Maps/Map1.Map1:PersistentLevel.Map1'
[2015.11.08-13.01.10:063][317]LogBlueprintUserMessages: Late EndPlayMap Detection: Level '/Game/RollingCPP/Maps/Map1.Map1:PersistentLevel' has LevelScriptBlueprint '/Game/RollingCPP/Maps/Map1.Map1:PersistentLevel.Map1' with GeneratedClass '/Game/RollingCPP/Maps/Map1.Map1_C' with ClassGeneratedBy '/Game/RollingCPP/Maps/Map1.Map1:PersistentLevel.Map1'
[2015.11.08-13.01.10:091][317]LogParticles: Destroying 0 GPU particle simulations for FXSystem 0x000000496732C2C0
[2015.11.08-13.01.14:504][836]LogBlueprintUserMessages: Early PlayInEditor Detection: Level '/Game/RollingCPP/Maps/Map1.Map1:PersistentLevel' has LevelScriptBlueprint '/Game/RollingCPP/Maps/Map1.Map1:PersistentLevel.Map1' with GeneratedClass '/Game/RollingCPP/Maps/Map1.Map1_C' with ClassGeneratedBy '/Game/RollingCPP/Maps/Map1.Map1:PersistentLevel.Map1'
[2015.11.08-13.01.14:504][836]LogPlayLevel: PlayLevel: No blueprints needed recompiling
[2015.11.08-13.01.14:511][836]PIE: New page: PIE session: Map1 (Nov 8, 2015, 3:01:14 PM)
[2015.11.08-13.01.14:511][836]LogPlayLevel: Creating play world package: /Game/RollingCPP/Maps/UEDPIE_1_Map1
[2015.11.08-13.01.14:537][836]LogPlayLevel: PIE: StaticDuplicateObject took: (0.025666s)
[2015.11.08-13.01.14:538][836]LogAIModule: Creating AISystem for world Map1
[2015.11.08-13.01.14:538][836]LogPlayLevel: PIE: World Init took: (0.000945s)
[2015.11.08-13.01.14:538][836]LogPlayLevel: PIE: Created PIE world by copying editor world from /Game/RollingCPP/Maps/Map1.Map1 to /Game/RollingCPP/Maps/UEDPIE_1_Map1.Map1 (0.026994s)
[2015.11.08-13.01.14:568][836]LogInit: XAudio2 using 'Högtalare (Realtek High Definition Audio)' : 2 channels at 48 kHz using 32 bits per sample (channel mask 0x3)
[2015.11.08-13.01.14:574][836]LogInit: FAudioDevice initialized.
[2015.11.08-13.01.14:631][836]LogWorld: Game class is 'BOSGameMode'
[2015.11.08-13.01.14:648][836]LogWorld: Bringing World /Game/RollingCPP/Maps/UEDPIE_1_Map1.Map1 up for play (max tick rate 0) at 2015.11.08-14.01.14
[2015.11.08-13.01.14:648][836]LogActor:Warning: GameSession /Game/RollingCPP/Maps/UEDPIE_1_Map1.Map1:PersistentLevel.GameSession_2 has natively added scene component(s), but none of them were set as the actor's RootComponent - picking one arbitrarily
[2015.11.08-13.01.14:648][836]LogActor:Warning: GameNetworkManager /Game/RollingCPP/Maps/UEDPIE_1_Map1.Map1:PersistentLevel.GameNetworkManager_2 has natively added scene component(s), but none of them were set as the actor's RootComponent - picking one arbitrarily
[2015.11.08-13.01.14:649][836]LogWorld: Bringing up level for play took: 0.017986
[2015.11.08-13.01.14:651][836]LogInit: WinSock: Socket queue 131072 / 131072
[2015.11.08-13.01.14:652][836]LogInit: WinSock: I am Stoffepc (172.20.10.2:0)
[2015.11.08-13.01.14:652][836]LogNet: GameNetDriver IpNetDriver_0 IpNetDriver listening on port 7777
[2015.11.08-13.01.14:688][836]PIE: Info Play in editor start time for /Game/RollingCPP/Maps/UEDPIE_1_Map1 -0.455
[2015.11.08-13.01.14:697][836]PIE: New page: PIE session: Map1 (Nov 8, 2015, 3:01:14 PM)
[2015.11.08-13.01.14:756][836]LogNet: Browse: 127.0.0.1//Game/RollingCPP/Maps/MainMenu
[2015.11.08-13.01.14:757][836]LogInit: WinSock: Socket queue 32768 / 32768
[2015.11.08-13.01.14:757][836]LogNet: Game client on port 7777, rate 10000
[2015.11.08-13.01.14:757][836]LogNet: GetLocalNetworkVersion: GEngineNetVersion: 2707645, ProjectName: bos, ProjectVersion: 1.0.0.0, InternalProtocolVersion: 9, LocalNetworkVersion: 1605316083
[2015.11.08-13.01.14:784][836]PIE: Info Play in editor start time for /Game/RollingCPP/Maps/MainMenu -0.359
[2015.11.08-13.01.14:790][836]LogBlueprintUserMessages: Late PlayInEditor Detection: Level '/Game/RollingCPP/Maps/Map1.Map1:PersistentLevel' has LevelScriptBlueprint '/Game/RollingCPP/Maps/Map1.Map1:PersistentLevel.Map1' with GeneratedClass '/Game/RollingCPP/Maps/Map1.Map1_C' with ClassGeneratedBy '/Game/RollingCPP/Maps/Map1.Map1:PersistentLevel.Map1'
[2015.11.08-13.01.14:791][836]LogNet: NotifyAcceptingConnection: Server Map1 accept
[2015.11.08-13.01.14:791][836]LogNet: Open Map1 11/08/15 14:01:14 127.0.0.1
[2015.11.08-13.01.14:791][836]LogNet: Added client connection.  Remote address = 127.0.0.1:65421
[2015.11.08-13.01.14:791][836]LogNet: NotifyAcceptingChannel Control 0 server World /Game/RollingCPP/Maps/UEDPIE_1_Map1.Map1: Accepted
[2015.11.08-13.01.14:791][836]LogNet: Remote platform little endian=1
[2015.11.08-13.01.14:791][836]LogNet: This platform little endian=1
[2015.11.08-13.01.14:791][836]LogNet: GetLocalNetworkVersion: GEngineNetVersion: 2707645, ProjectName: bos, ProjectVersion: 1.0.0.0, InternalProtocolVersion: 9, LocalNetworkVersion: 1605316083
[2015.11.08-13.01.14:811][837]LogNet: Login request: /Game/RollingCPP/Maps/MainMenu userId: Invalid
[2015.11.08-13.01.14:812][837]LogNet: Welcomed by server (Level: /Game/RollingCPP/Maps/UEDPIE_1_Map1, Game: /Script/BOS.BOSGameMode)
[2015.11.08-13.01.14:867][837]LogLoad: LoadMap: 127.0.0.1//Game/RollingCPP/Maps/UEDPIE_1_Map1?game=/Script/BOS.BOSGameMode
[2015.11.08-13.01.14:888][837]LogParticles: Destroying 0 GPU particle simulations for FXSystem 0x0000004952D23CE0
[2015.11.08-13.01.14:890][837]Cmd: MEM
[2015.11.08-13.01.14:912][837]LogMemory: Platform Memory Stats for Windows
[2015.11.08-13.01.14:912][837]LogMemory: Process Physical Memory: 671.55 MB used, 691.46 MB peak
[2015.11.08-13.01.14:912][837]LogMemory: Process Virtual Memory: 589.26 MB used, 609.40 MB peak
[2015.11.08-13.01.14:912][837]LogMemory: Physical Memory: 3659.85 MB used, 8126.94 MB total
[2015.11.08-13.01.14:912][837]LogMemory: Virtual Memory: 1198.77 MB used, 134217728.00 MB total
[2015.11.08-13.01.14:912][837]LogMemory: 
[2015.11.08-13.01.14:912][837]Allocator Stats for TBB: (not implemented)
[2015.11.08-13.01.14:912][837]LogLinker: Can't find file for asset '/Game/RollingCPP/Maps/UEDPIE_1_Map1' while loading NULL.
[2015.11.08-13.01.14:941][837]LogWorld: PIE: Copying PIE streaming level from /Game/RollingCPP/Maps/Map1.Map1 to /Game/RollingCPP/Maps/UEDPIE_2_Map1.Map1. OwningWorld: None
[2015.11.08-13.01.14:942][837]LogAIModule: Creating AISystem for world Map1
[2015.11.08-13.01.14:957][837]LogWorld: Bringing World /Game/RollingCPP/Maps/UEDPIE_2_Map1.Map1 up for play (max tick rate 0) at 2015.11.08-14.01.14
[2015.11.08-13.01.14:958][837]LogWorld: Bringing up level for play took: 0.015478
[2015.11.08-13.01.15:007][838]LogNet: Client netspeed is 10000
[2015.11.08-13.01.15:007][838]LogNet: Join request: /Game/RollingCPP/Maps/MainMenu?SplitscreenCount=1
[2015.11.08-13.01.15:010][838]LogNet: Join succeeded: 259
[2015.11.08-13.01.18:132][ 73]LogNet:Warning: UIpNetDriver::ProcesRemoteFunction: No owning connection for actor BasicProjectile_BP_C_68. Function OnHit will not be processed.
[2015.11.08-13.01.18:325][ 87]LogNet:Warning: UIpNetDriver::ProcesRemoteFunction: No owning connection for actor BasicProjectile_BP_C_70. Function OnHit will not be processed.
[2015.11.08-13.01.18:487][ 98]LogNet:Warning: UIpNetDriver::ProcesRemoteFunction: No owning connection for actor BasicProjectile_BP_C_72. Function OnHit will not be processed.
[2015.11.08-13.01.18:655][110]LogNet:Warning: UIpNetDriver::ProcesRemoteFunction: No owning connection for actor BasicProjectile_BP_C_74. Function OnHit will not be processed.
[2015.11.08-13.01.18:815][120]LogNet:Warning: UIpNetDriver::ProcesRemoteFunction: No owning connection for actor BasicProjectile_BP_C_76. Function OnHit will not be processed.
[2015.11.08-13.01.19:010][133]LogNet:Warning: UIpNetDriver::ProcesRemoteFunction: No owning connection for actor BasicProjectile_BP_C_78. Function OnHit will not be processed.
[2015.11.08-13.01.19:164][143]LogNet:Warning: UIpNetDriver::ProcesRemoteFunction: No owning connection for actor BasicProjectile_BP_C_80. Function OnHit will not be processed.
[2015.11.08-13.01.19:350][156]LogNet:Warning: UIpNetDriver::ProcesRemoteFunction: No owning connection for actor BasicProjectile_BP_C_82. Function OnHit will not be processed.
[2015.11.08-13.01.19:525][167]LogNet:Warning: UIpNetDriver::ProcesRemoteFunction: No owning connection for actor BasicProjectile_BP_C_84. Function OnHit will not be processed.
[2015.11.08-13.01.19:682][178]LogNet:Warning: UIpNetDriver::ProcesRemoteFunction: No owning connection for actor BasicProjectile_BP_C_86. Function OnHit will not be processed.
[2015.11.08-13.01.19:696][179]LogSpawn:Warning: SpawnActor failed because of collision at the spawn location [X=-491.469 Y=390.618 Z=220.000] for [BOSBall_BP_C]
[2015.11.08-13.01.19:696][179]LogSpawn:Warning: SpawnActor failed because the spawned actor IsPendingKill
[2015.11.08-13.01.19:696][179]LogGameMode:Warning: Couldn't spawn Pawn of type BOSBall_BP_C at BOSPlayerStart_30
[2015.11.08-13.01.19:915][179]LogCrashTracker: 


[2015.11.08-13.01.19:915][179]LogCrashTracker: 


[2015.11.08-13.01.19:915][179]LogWindows: === Critical error: ===
Fatal error!



[2015.11.08-13.01.20:048][179]LogExit: Executing StaticShutdownAfterError
[2015.11.08-13.01.20:050][179]LogOutputDevice:Warning: 

Script Stack:
BOSBall.HandleDeath
BOSBall.Damage
BasicProjectile.OnHit

[2015.11.08-13.01.20:052][179]LogPhysics:Warning: PHYSX: ..\..\PhysX\src\NpScene.cpp (2946) 8 : PxScene::unlockWrite() called without matching call to PxScene::lockWrite(), behaviour will be undefined.
[2015.11.08-13.01.20:052][179]LogPhysics:Warning: PHYSX: ..\..\PhysX\src\NpScene.cpp (2946) 8 : PxScene::unlockWrite() called without matching call to PxScene::lockWrite(), behaviour will be undefined.
[2015.11.08-13.01.20:053][179]LogPhysics:Warning: PHYSX: ..\..\PhysX\src\NpScene.cpp (2946) 8 : PxScene::unlockWrite() called without matching call to PxScene::lockWrite(), behaviour will be undefined.
[2015.11.08-13.01.20:053][179]LogPhysics:Warning: PHYSX: ..\..\PhysX\src\NpScene.cpp (2946) 8 : PxScene::unlockWrite() called without matching call to PxScene::lockWrite(), behaviour will be undefined.
[2015.11.08-13.01.20:053][179]LogPhysics:Warning: PHYSX: ..\..\PhysX\src\NpScene.cpp (2946) 8 : PxScene::unlockWrite() called without matching call to PxScene::lockWrite(), behaviour will be undefined.
[2015.11.08-13.01.20:053][179]LogPhysics:Warning: PHYSX: ..\..\PhysX\src\NpScene.cpp (2946) 8 : PxScene::unlockWrite() called without matching call to PxScene::lockWrite(), behaviour will be undefined.
[2015.11.08-13.01.20:053][179]LogWindows: FPlatformMisc::RequestExit(1)
[2015.11.08-13.01.20:053][179]Log file closed, 11/08/15 14:01:20
