[2015.12.04-10.23.23:771][  0]Log file open, 12/04/15 11:23:23
[2015.12.04-10.23.23:771][  0]LogInit:Display: Running engine for game: BOS
[2015.12.04-10.23.23:772][  0]LogInit:Display: RandInit(272189450) SRandInit(272189450).
[2015.12.04-10.23.23:772][  0]LogTaskGraph: Started task graph with 4 named threads and 7 total threads.
[2015.12.04-10.23.23:772][  0]LogStats: Stats thread started at 0.307056
[2015.12.04-10.23.23:773][  0]LogInit: Version: 4.9.1-2689999+++depot+UE4-Releases+4.9
[2015.12.04-10.23.23:773][  0]LogInit: API Version: 2672455
[2015.12.04-10.23.23:773][  0]LogInit: Compiled (64-bit): Sep 14 2015 04:12:03
[2015.12.04-10.23.23:773][  0]LogInit: Compiled with Visual C++: 18.00.21005.01
[2015.12.04-10.23.23:773][  0]LogInit: Build Configuration: DebugGame
[2015.12.04-10.23.23:773][  0]LogInit: Branch Name: ++depot+UE4-Releases+4.9
[2015.12.04-10.23.23:773][  0]LogInit: Command line:  -debug
[2015.12.04-10.23.23:774][  0]LogInit: Base directory: C:/Program Files/Epic Games/4.9/Engine/Binaries/Win64/
[2015.12.04-10.23.23:774][  0]LogInit: Rocket: 1
[2015.12.04-10.23.23:883][  0]LogInit: Using libcurl 7.41.0
[2015.12.04-10.23.23:884][  0]LogInit:  - built for x86_64-pc-win32
[2015.12.04-10.23.23:884][  0]LogInit:  - supports SSL with WinSSL
[2015.12.04-10.23.23:884][  0]LogInit:  - other features:
[2015.12.04-10.23.23:884][  0]LogInit:      CURL_VERSION_SSL
[2015.12.04-10.23.23:884][  0]LogInit:      CURL_VERSION_IPV6
[2015.12.04-10.23.23:885][  0]LogInit:      CURL_VERSION_ASYNCHDNS
[2015.12.04-10.23.23:885][  0]LogInit:      CURL_VERSION_LARGEFILE
[2015.12.04-10.23.23:885][  0]LogInit:      CURL_VERSION_IDN
[2015.12.04-10.23.23:885][  0]LogInit:  CurlRequestOptions (configurable via config and command line):
[2015.12.04-10.23.23:886][  0]LogInit:  - bVerifyPeer = true  - Libcurl will verify peer certificate
[2015.12.04-10.23.23:886][  0]LogInit:  - bUseHttpProxy = false  - Libcurl will NOT use HTTP proxy
[2015.12.04-10.23.23:886][  0]LogInit:  - bDontReuseConnections = false  - Libcurl will reuse connections
[2015.12.04-10.23.23:886][  0]LogInit:  - CertBundlePath = nullptr  - Libcurl will use whatever was configured at build time.
[2015.12.04-10.23.23:995][  0]LogInit: Presizing for 0 objects not considered by GC, pre-allocating 0 bytes.
[2015.12.04-10.23.24:004][  0]LogInit: Object subsystem initialized
[2015.12.04-10.23.24:005][  0]LogInit: Selected Device Profile: [Windows]
[2015.12.04-10.23.24:006][  0]LogInit: Applying CVar settings loaded from the selected device profile: [Windows]
[2015.12.04-10.23.24:015][  0]LogInit: Computer: SpellabbA332-05
[2015.12.04-10.23.24:015][  0]LogInit: User: Spellabbet
[2015.12.04-10.23.24:016][  0]LogInit: CPU Page size=4096, Cores=4
[2015.12.04-10.23.24:016][  0]LogInit: High frequency timer resolution =3.507524 MHz
[2015.12.04-10.23.24:016][  0]LogMemory: Memory total: Physical=15.9GB (16GB approx)
[2015.12.04-10.23.24:016][  0]LogMemory: Platform Memory Stats for Windows
[2015.12.04-10.23.24:016][  0]LogMemory: Process Physical Memory: 52.95 MB used, 52.95 MB peak
[2015.12.04-10.23.24:017][  0]LogMemory: Process Virtual Memory: 55.24 MB used, 55.24 MB peak
[2015.12.04-10.23.24:017][  0]LogMemory: Physical Memory: 4978.69 MB used, 16318.82 MB total
[2015.12.04-10.23.24:017][  0]LogMemory: Virtual Memory: 346.32 MB used, 134217728.00 MB total
[2015.12.04-10.23.24:080][  0]LogTextLocalizationManager: No translations for ('sv-SE') exist, falling back to 'en' for localization and internationalization data.
[2015.12.04-10.23.24:773][  0]LogD3D11RHI: Found D3D11 adapter 0: NVIDIA GeForce GTX 960 (Feature Level 11_0)
[2015.12.04-10.23.24:773][  0]LogD3D11RHI: Adapter has 1965MB of dedicated video memory, 0MB of dedicated system memory, and 2048MB of shared system memory, 1 output[s]
[2015.12.04-10.23.24:789][  0]LogD3D11RHI: Found D3D11 adapter 1: Microsoft Basic Render Driver (Feature Level 11_0)
[2015.12.04-10.23.24:789][  0]LogD3D11RHI: Adapter has 0MB of dedicated video memory, 0MB of dedicated system memory, and 256MB of shared system memory, 0 output[s]
[2015.12.04-10.23.24:789][  0]LogD3D11RHI: Chosen D3D11 Adapter Id = 0
[2015.12.04-10.23.24:792][  0]LogD3D11RHI: !Direct3DDevice
[2015.12.04-10.23.24:793][  0]LogRHI: Texture pool is 1361 MB (70% of 1945 MB)
[2015.12.04-10.23.24:859][  0]LogD3D11RHI: Async texture creation enabled
[2015.12.04-10.23.24:875][  0]LogShaderCompilers: Guid format shader working directory is 15 characters bigger than the processId version (../../../../../../Users/Spellabbet/Documents/Unreal Projects/Balls-of-steel/BOS/Intermediate/Shaders/WorkingDirectory/5688/).
[2015.12.04-10.23.24:876][  0]LogShaderCompilers: Cleaned the shader compiler working directory '../../../../../../Users/Spellabbet/Documents/Unreal Projects/Balls-of-steel/BOS/Intermediate/Shaders/tmp/9E41B8B844A9C801D0AEED8E372AC9F9/'.
[2015.12.04-10.23.24:876][  0]LogShaderCompilers:Display: Using Local Shader Compiler.
[2015.12.04-10.23.25:885][  0]LogTemp:Display: Loaded TP AllDesktopTargetPlatform
[2015.12.04-10.23.25:950][  0]LogTemp:Display: Loaded TP WindowsClientTargetPlatform
[2015.12.04-10.23.26:052][  0]LogTemp:Display: Loaded TP WindowsNoEditorTargetPlatform
[2015.12.04-10.23.26:119][  0]LogTemp:Display: Loaded TP WindowsServerTargetPlatform
[2015.12.04-10.23.26:170][  0]LogTemp:Display: Loaded TP WindowsTargetPlatform
[2015.12.04-10.23.26:191][  0]LogTemp:Display: Loaded TP AndroidTargetPlatform
[2015.12.04-10.23.26:212][  0]LogTemp:Display: Loaded TP Android_ASTCTargetPlatform
[2015.12.04-10.23.26:253][  0]LogTemp:Display: Loaded TP Android_ATCTargetPlatform
[2015.12.04-10.23.26:288][  0]LogTemp:Display: Loaded TP Android_DXTTargetPlatform
[2015.12.04-10.23.26:320][  0]LogTemp:Display: Loaded TP Android_ETC1TargetPlatform
[2015.12.04-10.23.26:375][  0]LogTemp:Display: Loaded TP Android_ETC2TargetPlatform
[2015.12.04-10.23.26:391][  0]LogTemp:Display: Loaded TP Android_PVRTCTargetPlatform
[2015.12.04-10.23.26:413][  0]LogTemp:Display: Loaded TP HTML5TargetPlatform
[2015.12.04-10.23.26:580][  0]LogTemp:Display: Loaded TP IOSTargetPlatform
[2015.12.04-10.23.26:598][  0]LogTemp:Display: Loaded TP LinuxNoEditorTargetPlatform
[2015.12.04-10.23.26:625][  0]LogTemp:Display: Loaded TP LinuxServerTargetPlatform
[2015.12.04-10.23.26:658][  0]LogTemp:Display: Loaded TP LinuxTargetPlatform
[2015.12.04-10.23.26:658][  0]LogTargetPlatformManager:Display: Building Assets For Windows
[2015.12.04-10.23.28:185][  0]LogDerivedDataCache:Display: Max Cache Size: 512 MB
[2015.12.04-10.23.28:224][  0]LogDerivedDataCache: Loaded boot cache 0.04s 47MB C:/Users/Spellabbet/AppData/Local/UnrealEngine/4.9/DerivedDataCache/Boot.ddc.
[2015.12.04-10.23.28:225][  0]LogDerivedDataCache:Display: Loaded Boot cache: C:/Users/Spellabbet/AppData/Local/UnrealEngine/4.9/DerivedDataCache/Boot.ddc
[2015.12.04-10.23.28:225][  0]LogDerivedDataCache: FDerivedDataBackendGraph:  Pak pak cache file ../../../../../../Users/Spellabbet/Documents/Unreal Projects/Balls-of-steel/BOS/DerivedDataCache/DDC.ddp not found, will not use a pak cache.
[2015.12.04-10.23.28:225][  0]LogDerivedDataCache: Unable to find inner node Pak for hierarchical cache Hierarchy.
[2015.12.04-10.23.28:226][  0]LogDerivedDataCache: FDerivedDataBackendGraph:  CompressedPak pak cache file ../../../../../../Users/Spellabbet/Documents/Unreal Projects/Balls-of-steel/BOS/DerivedDataCache/Compressed.ddp not found, will not use a pak cache.
[2015.12.04-10.23.28:226][  0]LogDerivedDataCache: Unable to find inner node CompressedPak for hierarchical cache Hierarchy.
[2015.12.04-10.23.28:363][  0]LogDerivedDataCache:Display: Pak cache opened for reading ../../../Engine/DerivedDataCache/Compressed.ddp.
[2015.12.04-10.23.28:375][  0]LogDerivedDataCache: Using Local data cache path C:/Users/Spellabbet/AppData/Local/UnrealEngine/Common/DerivedDataCache: Writable
[2015.12.04-10.23.28:610][  0]LogInit: Selected Device Profile: [Windows]
[2015.12.04-10.23.28:612][  0]LogContentStreaming: Texture pool size is 0.000000MB
[2015.12.04-10.23.28:801][  0]LogMeshUtilities: No automatic mesh reduction module available
[2015.12.04-10.23.28:801][  0]LogMeshUtilities: No automatic mesh merging module available
[2015.12.04-10.23.29:202][  0]LogInit: WinSock: version 1.1 (2.2), MaxSocks=32767, MaxUdp=65467
[2015.12.04-10.23.32:589][  0]UdpMessaging: Initializing bridge on interface 0.0.0.0:0 to multicast group 230.0.0.1:6666.
[2015.12.04-10.23.32:668][  0]LogLinker:Warning: Asset '../../../../../../Users/Spellabbet/Documents/Unreal Projects/Balls-of-steel/BOS/Content/Rolling/Materials/M_Blue_Checker.uasset' has been saved with empty engine version. The asset will be loaded but may be incompatible.
[2015.12.04-10.23.33:651][  0]LogAssetRegistry: FAssetRegistry took 0.0114 seconds to start up
[2015.12.04-10.23.35:408][  0]SourceControl: Info Source control is disabled
[2015.12.04-10.23.35:410][  0]SourceControl: Info Source control is disabled
[2015.12.04-10.23.35:507][  0]SourceControl: Info Source control is disabled
[2015.12.04-10.23.35:634][  0]SourceControl: Info Source control is disabled
[2015.12.04-10.23.36:360][  0]LogLinker:Warning: Asset '../../../Engine/Plugins/Runtime/LeapMotionController/Content/LM_PassthroughMaterial.uasset' has been saved with empty engine version. The asset will be loaded but may be incompatible.
[2015.12.04-10.23.36:621][  0]LogObj: 30631 objects as part of root set at end of initial load.
[2015.12.04-10.23.36:622][  0]LogUObjectAllocator: 6847304 out of 0 bytes used by permanent object pool.
[2015.12.04-10.23.36:899][  0]LogEngine: Initializing Engine...
[2015.12.04-10.23.36:902][  0]LogHMD: Can't find Oculus library dev build: is proper Runtime installed? Version: 0.7.0.0
[2015.12.04-10.23.36:903][  0]LogHMD: SteamVR failed to initialize.  Err: 110
[2015.12.04-10.23.37:145][  0]LogAIModule: Creating AISystem for world NewWorld
[2015.12.04-10.23.37:153][  0]LogInit: XAudio2 using 'Speakers (4- High Definition Audio Device)' : 2 channels at 44.1 kHz using 16 bits per sample (channel mask 0x3)
[2015.12.04-10.23.37:167][  0]LogInit: FAudioDevice initialized.
[2015.12.04-10.23.37:192][  0]LogDerivedDataCache: Saved boot cache 0.02s 47MB C:/Users/Spellabbet/AppData/Local/UnrealEngine/4.9/DerivedDataCache/Boot.ddc.
[2015.12.04-10.23.37:197][  0]LogInit: Texture streaming: Enabled
[2015.12.04-10.23.37:291][  0]LogAnalytics: Creating configured Analytics provider AnalyticsET
[2015.12.04-10.23.37:292][  0]LogAnalytics: [UEEditor.Rocket.Release] APIServer = http://et2.epicgames.com/ET2/. AppVersion = 4.9.1-2689999+++depot+UE4-Releases+4.9
[2015.12.04-10.23.37:292][  0]LogAnalytics: [UEEditor.Rocket.Release] SetUserId fc50aaa14c34ed003df04597b34f483e|4341a5fd2eb34d5fac8b0ca63d21fc83|060e5e79-a789-49c4-8abd-5d8b330400a7
[2015.12.04-10.23.37:292][  0]LogAnalytics: [UEEditor.Rocket.Release] AnalyticsET::StartSession
[2015.12.04-10.23.37:387][  0]LogInit: Transaction tracking system initialized
[2015.12.04-10.23.37:809][  0]BlueprintLog: New page: Editor Load
[2015.12.04-10.23.41:463][  0]LocalizationService: Info Localization service is disabled
[2015.12.04-10.23.42:505][  0]LogConsoleResponse:Display: 
[2015.12.04-10.23.42:649][  0]LogCook:Display: Done creating registry. It took  0.00s.
[2015.12.04-10.23.43:515][  0]LogFileCache: Scanning file cache for directory 'C:/Users/Spellabbet/Documents/Unreal Projects/Balls-of-steel/BOS/Content/' took 0.01s
[2015.12.04-10.23.43:697][  0]SourceControl: Info Source control is disabled
[2015.12.04-10.23.43:698][  0]Cmd: MAP LOAD FILE="../../../../../../Users/Spellabbet/Documents/Unreal Projects/Balls-of-steel/BOS/Content/Maps/MainMenu.umap" TEMPLATE=0 SHOWPROGRESS=1 FEATURELEVEL=3
[2015.12.04-10.23.43:698][  0]LightingResults: New page: Lighting Build
[2015.12.04-10.23.43:702][  0]MapCheck: New page: Map Check
[2015.12.04-10.23.43:703][  0]LightingResults: New page: Lighting Build
[2015.12.04-10.23.43:712][  0]LogParticles: Destroying 0 GPU particle simulations for FXSystem 0x000000F2498E6AC0
[2015.12.04-10.23.43:820][  0]LogAIModule: Creating AISystem for world MainMenu
[2015.12.04-10.23.43:829][  0]LogEditorServer: Finished looking for orphan Actors (0.000 secs)
[2015.12.04-10.23.43:830][  0]Cmd: MAP CHECKDEP NOCLEARLOG
[2015.12.04-10.23.43:875][  0]MapCheck: Info Map check complete: 0 Error(s), 0 Warning(s), took 44.458ms to complete.
[2015.12.04-10.23.43:875][  0]LogFileHelpers: Loading map 'MainMenu' took 0.178
[2015.12.04-10.23.44:009][  0]LogCollectionManager: Loaded 0 collections in 0.002022 seconds
[2015.12.04-10.23.44:053][  0]LogFileCache: Scanning file cache for directory 'C:/Users/Spellabbet/Documents/Unreal Projects/Balls-of-steel/BOS/Saved/Collections/' took 0.01s
[2015.12.04-10.23.44:054][  0]LogFileCache: Scanning file cache for directory 'C:/Users/Spellabbet/Documents/Unreal Projects/Balls-of-steel/BOS/Content/Developers/Spellabbet/Collections/' took 0.01s
[2015.12.04-10.23.44:054][  0]LogFileCache: Scanning file cache for directory 'C:/Users/Spellabbet/Documents/Unreal Projects/Balls-of-steel/BOS/Content/Collections/' took 0.01s
[2015.12.04-10.23.44:054][  0]LogContentBrowser: Native class hierarchy populated in 0.0073 seconds. Added 1875 classes and 335 folders.
[2015.12.04-10.23.44:062][  0]LogCollectionManager: Rebuilt the GUID cache for 0 collections in 0.000003 seconds
[2015.12.04-10.23.44:073][  0]LogContentBrowser: Native class hierarchy updated for 'WidgetCarousel' in 0.0026 seconds. Added 0 classes and 0 folders.
[2015.12.04-10.23.44:202][  0]LogContentBrowser: Native class hierarchy updated for 'AddContentDialog' in 0.0013 seconds. Added 0 classes and 0 folders.
[2015.12.04-10.23.44:382][  0]LogContentBrowser: Native class hierarchy updated for 'SceneOutliner' in 0.0013 seconds. Added 1 classes and 2 folders.
[2015.12.04-10.23.44:458][  0]LogCrashTracker: Crashtracker disabled due to settings.
[2015.12.04-10.23.44:465][  0]LogUObjectGlobals:Warning: Failed to find object 'Class None.'
[2015.12.04-10.23.44:488][  0]LogLoad: Full Startup: 22.17 seconds (BP compile: 0.04 seconds)
[2015.12.04-10.23.44:537][  0]LogContentStreaming: Texture pool size now 1000 MB
[2015.12.04-10.23.44:631][  0]LogRenderer: Reallocating scene render targets to support 1048x556 (Frame:2).
[2015.12.04-10.23.44:859][  2]LogAssetRegistry: Asset discovery search completed in 11.2187 seconds
[2015.12.04-10.23.44:861][  2]LogCollectionManager: Rebuilt the object cache for 0 collections in 0.000001 seconds (found 0 objects)
[2015.12.04-10.23.44:862][  2]LogCollectionManager: Fixed up redirectors for 0 collections in 0.000457 seconds (updated 0 objects)
[2015.12.04-10.23.49:525][514]LogAIModule: Creating AISystem for world Map1
[2015.12.04-10.23.49:555][514]LogActorComponent: UnregisterComponent: (/Engine/Transient.ProjectileComp) Not registered. Aborting.
[2015.12.04-10.23.49:556][514]LogActorComponent: UnregisterComponent: (/Engine/Transient.ProjectileMovementComponent_0) Not registered. Aborting.
[2015.12.04-10.23.49:575][514]Cmd: MAP LOAD FILE="../../../../../../Users/Spellabbet/Documents/Unreal Projects/Balls-of-steel/BOS/Content/Maps/Map1.umap" TEMPLATE=0 SHOWPROGRESS=1 FEATURELEVEL=3
[2015.12.04-10.23.49:576][514]LightingResults: New page: Lighting Build
[2015.12.04-10.23.49:590][514]LoadErrors: New page: Loading map: Map1.umap
[2015.12.04-10.23.49:591][514]MapCheck: New page: Map Check
[2015.12.04-10.23.49:592][514]LightingResults: New page: Lighting Build
[2015.12.04-10.23.49:602][514]LogParticles: Destroying 0 GPU particle simulations for FXSystem 0x000000F234AD76A0
[2015.12.04-10.23.49:610][514]LogEditorServer: Finished looking for orphan Actors (0.000 secs)
[2015.12.04-10.23.49:653][514]Cmd: MAP CHECKDEP NOCLEARLOG
[2015.12.04-10.23.49:704][514]MapCheck: Info Map check complete: 0 Error(s), 0 Warning(s), took 50.558ms to complete.
[2015.12.04-10.23.49:704][514]LogFileHelpers: Loading map 'Map1' took 0.130
[2015.12.04-10.23.50:390][568]LogBlueprintUserMessages: Early PlayInEditor Detection: Level '/Game/Maps/Map1.Map1:PersistentLevel' has LevelScriptBlueprint '/Game/Maps/Map1.Map1:PersistentLevel.Map1' with GeneratedClass '/Game/Maps/Map1.Map1_C' with ClassGeneratedBy '/Game/Maps/Map1.Map1:PersistentLevel.Map1'
[2015.12.04-10.23.50:390][568]LogPlayLevel: PlayLevel: No blueprints needed recompiling
[2015.12.04-10.23.50:391][568]PIE: New page: PIE session: Map1 (Dec 4, 2015, 12:23:50 PM)
[2015.12.04-10.23.50:391][568]LogPlayLevel: Creating play world package: /Game/Maps/UEDPIE_1_Map1
[2015.12.04-10.23.50:421][568]LogPlayLevel: PIE: StaticDuplicateObject took: (0.030152s)
[2015.12.04-10.23.50:423][568]LogAIModule: Creating AISystem for world Map1
[2015.12.04-10.23.50:424][568]LogPlayLevel: PIE: World Init took: (0.001572s)
[2015.12.04-10.23.50:424][568]LogPlayLevel: PIE: Created PIE world by copying editor world from /Game/Maps/Map1.Map1 to /Game/Maps/UEDPIE_1_Map1.Map1 (0.033199s)
[2015.12.04-10.23.50:453][568]LogWorld: Game class is 'BOSGameMode'
[2015.12.04-10.23.50:454][568]LogActor:Warning: RecastNavMesh /Game/Maps/UEDPIE_1_Map1.Map1:PersistentLevel.RecastNavMesh_0 has natively added scene component(s), but none of them were set as the actor's RootComponent - picking one arbitrarily
[2015.12.04-10.23.50:461][568]LogWorld: Bringing World /Game/Maps/UEDPIE_1_Map1.Map1 up for play (max tick rate 0) at 2015.12.04-11.23.50
[2015.12.04-10.23.50:462][568]LogActor:Warning: GameSession /Game/Maps/UEDPIE_1_Map1.Map1:PersistentLevel.GameSession_0 has natively added scene component(s), but none of them were set as the actor's RootComponent - picking one arbitrarily
[2015.12.04-10.23.50:462][568]LogActor:Warning: GameNetworkManager /Game/Maps/UEDPIE_1_Map1.Map1:PersistentLevel.GameNetworkManager_0 has natively added scene component(s), but none of them were set as the actor's RootComponent - picking one arbitrarily
[2015.12.04-10.23.50:463][568]LogWorld: Bringing up level for play took: 0.008155
[2015.12.04-10.23.50:464][568]LogInit: WinSock: Socket queue 131072 / 131072
[2015.12.04-10.23.50:467][568]LogInit: WinSock: I am SpellabbA332-05 (192.168.20.16:0)
[2015.12.04-10.23.50:468][568]LogNet: GameNetDriver IpNetDriver_0 IpNetDriver listening on port 7777
[2015.12.04-10.23.50:468][568]PIE: Info Play in editor start time for /Game/Maps/UEDPIE_1_Map1 -0.503
[2015.12.04-10.23.50:470][568]PIE: New page: PIE session: Map1 (Dec 4, 2015, 12:23:50 PM)
[2015.12.04-10.23.50:476][568]LogInit: XAudio2 using 'Speakers (4- High Definition Audio Device)' : 2 channels at 44.1 kHz using 16 bits per sample (channel mask 0x3)
[2015.12.04-10.23.50:483][568]LogInit: FAudioDevice initialized.
[2015.12.04-10.23.50:520][568]LogNet: Browse: 127.0.0.1//Game/Maps/MainMenu
[2015.12.04-10.23.50:521][568]LogInit: WinSock: Socket queue 32768 / 32768
[2015.12.04-10.23.50:521][568]LogNet: Game client on port 7777, rate 10000
[2015.12.04-10.23.50:522][568]LogNet: GetLocalNetworkVersion: GEngineNetVersion: 2689999, ProjectName: bos, ProjectVersion: 1.0.0.0, InternalProtocolVersion: 9, LocalNetworkVersion: 4173909862
[2015.12.04-10.23.50:522][568]PIE: Info Play in editor start time for /Game/Maps/MainMenu -0.449
[2015.12.04-10.23.50:523][568]LogBlueprintUserMessages: Late PlayInEditor Detection: Level '/Game/Maps/Map1.Map1:PersistentLevel' has LevelScriptBlueprint '/Game/Maps/Map1.Map1:PersistentLevel.Map1' with GeneratedClass '/Game/Maps/Map1.Map1_C' with ClassGeneratedBy '/Game/Maps/Map1.Map1:PersistentLevel.Map1'
[2015.12.04-10.23.50:524][568]LogNet: NotifyAcceptingConnection: Server Map1 accept
[2015.12.04-10.23.50:524][568]LogNet: Open Map1 12/04/15 11:23:50 127.0.0.1
[2015.12.04-10.23.50:525][568]LogNet: Added client connection.  Remote address = 127.0.0.1:61757
[2015.12.04-10.23.50:525][568]LogNet: NotifyAcceptingChannel Control 0 server World /Game/Maps/UEDPIE_1_Map1.Map1: Accepted
[2015.12.04-10.23.50:525][568]LogNet: Remote platform little endian=1
[2015.12.04-10.23.50:525][568]LogNet: This platform little endian=1
[2015.12.04-10.23.50:526][568]LogNet: GetLocalNetworkVersion: GEngineNetVersion: 2689999, ProjectName: bos, ProjectVersion: 1.0.0.0, InternalProtocolVersion: 9, LocalNetworkVersion: 4173909862
[2015.12.04-10.23.50:565][569]LogNet: Login request: /Game/Maps/MainMenu userId: Invalid
[2015.12.04-10.23.50:566][569]LogNet: Welcomed by server (Level: /Game/Maps/UEDPIE_1_Map1, Game: /Script/BOS.BOSGameMode)
[2015.12.04-10.23.50:567][569]LogLoad: LoadMap: 127.0.0.1//Game/Maps/UEDPIE_1_Map1?game=/Script/BOS.BOSGameMode
[2015.12.04-10.23.50:580][569]LogParticles: Destroying 0 GPU particle simulations for FXSystem 0x000000F268D72F20
[2015.12.04-10.23.50:581][569]Cmd: MEM
[2015.12.04-10.23.50:595][569]LogMemory: Platform Memory Stats for Windows
[2015.12.04-10.23.50:595][569]LogMemory: Process Physical Memory: 643.88 MB used, 648.16 MB peak
[2015.12.04-10.23.50:596][569]LogMemory: Process Virtual Memory: 1381.68 MB used, 1381.68 MB peak
[2015.12.04-10.23.50:596][569]LogMemory: Physical Memory: 6177.23 MB used, 16318.82 MB total
[2015.12.04-10.23.50:596][569]LogMemory: Virtual Memory: 2025.82 MB used, 134217728.00 MB total
[2015.12.04-10.23.50:596][569]LogMemory: 
[2015.12.04-10.23.50:597][569]Allocator Stats for TBB: (not implemented)
[2015.12.04-10.23.50:597][569]LogLinker: Can't find file for asset '/Game/Maps/UEDPIE_1_Map1' while loading NULL.
[2015.12.04-10.23.50:621][569]LogWorld: PIE: Copying PIE streaming level from /Game/Maps/Map1.Map1 to /Game/Maps/UEDPIE_2_Map1.Map1. OwningWorld: None
[2015.12.04-10.23.50:622][569]LogAIModule: Creating AISystem for world Map1
[2015.12.04-10.23.50:628][569]LogWorld: Bringing World /Game/Maps/UEDPIE_2_Map1.Map1 up for play (max tick rate 0) at 2015.12.04-11.23.50
[2015.12.04-10.23.50:629][569]LogWorld: Bringing up level for play took: 0.005550
[2015.12.04-10.23.50:648][570]LogNet: Client netspeed is 10000
[2015.12.04-10.23.50:648][570]LogNet: Join request: /Game/Maps/MainMenu?SplitscreenCount=1
[2015.12.04-10.23.50:718][570]LogNet: Join succeeded: 256
[2015.12.04-10.24.10:111][881]LogBlueprintUserMessages: Early EndPlayMap Detection: Level '/Game/Maps/Map1.Map1:PersistentLevel' has LevelScriptBlueprint '/Game/Maps/Map1.Map1:PersistentLevel.Map1' with GeneratedClass '/Game/Maps/Map1.Map1_C' with ClassGeneratedBy '/Game/Maps/Map1.Map1:PersistentLevel.Map1'
[2015.12.04-10.24.10:151][881]LogBlueprintUserMessages: Late EndPlayMap Detection: Level '/Game/Maps/Map1.Map1:PersistentLevel' has LevelScriptBlueprint '/Game/Maps/Map1.Map1:PersistentLevel.Map1' with GeneratedClass '/Game/Maps/Map1.Map1_C' with ClassGeneratedBy '/Game/Maps/Map1.Map1:PersistentLevel.Map1'
[2015.12.04-10.24.10:163][881]LogNet: UChannel::CleanUp: [GameNetDriver] [None] [None]. ChIndex == 0. Closing connection.
[2015.12.04-10.24.10:164][881]LogNet: UNetConnection::Close: Name: IpConnection_1, Driver: GameNetDriver IpNetDriver_0, PC: None, Owner: None, Channels: 2, RemoteAddr: 127.0.0.1:61757, Time: 2015.12.04-10.24.10
[2015.12.04-10.24.10:164][881]LogNet: UChannel::Close: Sending CloseBunch. ChIndex == 0. Name: ControlChannel_1
[2015.12.04-10.24.10:164][881]LogNet: UChannel::CleanUp: [GameNetDriver] [None] [None]. ChIndex == 0. Closing connection.
[2015.12.04-10.24.10:165][881]LogNet: UNetConnection::Close: Name: IpConnection_0, Driver: GameNetDriver IpNetDriver_1, PC: None, Owner: None, Channels: 2, RemoteAddr: 127.0.0.1:7777, Time: 2015.12.04-10.24.10
[2015.12.04-10.24.10:165][881]LogNet: UChannel::Close: Sending CloseBunch. ChIndex == 0. Name: ControlChannel_0
[2015.12.04-10.24.10:168][881]LogParticles: Destroying 0 GPU particle simulations for FXSystem 0x000000F240E2EDE0
[2015.12.04-10.24.10:169][881]LogExit: GameNetDriver None shut down
[2015.12.04-10.24.10:170][881]LogParticles: Destroying 0 GPU particle simulations for FXSystem 0x000000F240DC8FE0
[2015.12.04-10.24.10:170][881]LogExit: GameNetDriver None shut down
[2015.12.04-10.24.17:266][334]LogLinker:Warning: Asset '../../../Engine/Content/ArtTools/RenderToTexture/Macros/RenderToTextureMacros.uasset' has been saved with empty engine version. The asset will be loaded but may be incompatible.
[2015.12.04-10.24.17:661][334]LogContentBrowser: Native class hierarchy updated for 'BlueprintGraph' in 0.0016 seconds. Added 107 classes and 0 folders.
[2015.12.04-10.24.31:053][784]BlueprintLog: New page: Compile BOSBall_BP
[2015.12.04-10.24.31:116][784]LogActorComponent: UnregisterComponent: (/Engine/Transient.ProjectileComp) Not registered. Aborting.
[2015.12.04-10.24.31:116][784]LogActorComponent: UnregisterComponent: (/Engine/Transient.ProjectileMovementComponent_1) Not registered. Aborting.
[2015.12.04-10.24.31:141][784]BlueprintEditorCompileResults: Info [0068.83] Compile of BOSBall_BP successful! [in 87 ms]
[2015.12.04-10.24.45:295][465]LogBlueprintUserMessages: CustomizeDetails for Blueprint 'BOSBall_BP', cached variable property's owner is '/Game/BOSBall_BP.SKEL_BOSBall_BP_C'
[2015.12.04-10.24.50:418][ 74]LogBlueprintUserMessages: CustomizeDetails for Blueprint 'BOSBall_BP', cached variable property's owner is '/Game/BOSBall_BP.SKEL_BOSBall_BP_C'
[2015.12.04-10.24.54:910][609]LogBlueprintUserMessages: CustomizeDetails for Blueprint 'BOSBall_BP', cached variable property's owner is '/Game/BOSBall_BP.SKEL_BOSBall_BP_C'
[2015.12.04-10.24.55:341][660]LogBlueprintUserMessages: PostEditorRefresh for Blueprint 'BOSBall_BP', cached variable property's owner is '/Game/BOSBall_BP.SKEL_BOSBall_BP_C'
[2015.12.04-10.24.55:348][660]LogBlueprintUserMessages: PostEditorRefresh for Blueprint 'BOSBall_BP', cached variable property's owner is '/Game/BOSBall_BP.SKEL_BOSBall_BP_C'
[2015.12.04-10.24.55:352][660]LogBlueprintUserMessages: PostEditorRefresh for Blueprint 'BOSBall_BP', cached variable property's owner is '/Game/BOSBall_BP.SKEL_BOSBall_BP_C'
[2015.12.04-10.24.55:369][660]LogBlueprintUserMessages: CustomizeDetails for Blueprint 'BOSBall_BP', cached variable property's owner is '/Game/BOSBall_BP.SKEL_BOSBall_BP_C'
[2015.12.04-10.25.11:948][586]Recompiling BOS...
[2015.12.04-10.25.11:948][586]Launching UnrealBuildTool... [C:/Program Files/Epic Games/4.9/Engine/Binaries/DotNET/UnrealBuildTool.exe BOS -ModuleWithSuffix BOS 238 Win64 DebugGame -editorrecompile -canskiplink "C:/Users/Spellabbet/Documents/Unreal Projects/Balls-of-steel/BOS/BOS.uproject" -rocket  -rocket]
[2015.12.04-10.25.11:950][586]Warning: Starting HotReload took  0.0s.
[2015.12.04-10.25.25:914][ 72]CompilerResultsLog: New page: Compilation - Dec 4, 2015, 12:25:25 PM
[2015.12.04-10.25.25:914][ 72]CompilerResultsLog: Info Performing full C++ include scan (hot reloading a new target)
[2015.12.04-10.25.25:915][ 72]CompilerResultsLog: Info Creating makefile for hot reloading BOS (no existing makefile)
[2015.12.04-10.25.25:915][ 72]CompilerResultsLog: Info Compiling game modules for hot reload
[2015.12.04-10.25.25:916][ 72]CompilerResultsLog: Info Target is up to date.
[2015.12.04-10.25.25:916][ 72]LogMainFrame: MainFrame: Module compiling took 13.972 seconds
[2015.12.04-10.25.35:661][263]LogBlueprintUserMessages: Early PlayInEditor Detection: Level '/Game/Maps/Map1.Map1:PersistentLevel' has LevelScriptBlueprint '/Game/Maps/Map1.Map1:PersistentLevel.Map1' with GeneratedClass '/Game/Maps/Map1.Map1_C' with ClassGeneratedBy '/Game/Maps/Map1.Map1:PersistentLevel.Map1'
[2015.12.04-10.25.35:661][263]BlueprintLog: New page: Pre-Play auto-recompile
[2015.12.04-10.25.35:662][263]LogPlayLevel: [PlayLevel] Compiling BOSBall_BP before play...
[2015.12.04-10.25.35:694][263]LogPlayLevel: PlayLevel: Blueprint regeneration took 32 ms (1 blueprints)
[2015.12.04-10.25.35:695][263]LogActorComponent: UnregisterComponent: (/Engine/Transient.ProjectileComp) Not registered. Aborting.
[2015.12.04-10.25.35:695][263]LogActorComponent: UnregisterComponent: (/Engine/Transient.ProjectileMovementComponent_2) Not registered. Aborting.
[2015.12.04-10.25.35:717][263]PIE: New page: PIE session: Map1 (Dec 4, 2015, 12:25:35 PM)
[2015.12.04-10.25.35:717][263]LogPlayLevel: Creating play world package: /Game/Maps/UEDPIE_1_Map1
[2015.12.04-10.25.35:742][263]LogPlayLevel: PIE: StaticDuplicateObject took: (0.023942s)
[2015.12.04-10.25.35:743][263]LogAIModule: Creating AISystem for world Map1
[2015.12.04-10.25.35:743][263]LogPlayLevel: PIE: World Init took: (0.000974s)
[2015.12.04-10.25.35:744][263]LogPlayLevel: PIE: Created PIE world by copying editor world from /Game/Maps/Map1.Map1 to /Game/Maps/UEDPIE_1_Map1.Map1 (0.026230s)
[2015.12.04-10.25.35:770][263]LogWorld: Game class is 'BOSGameMode'
[2015.12.04-10.25.35:772][263]LogActor:Warning: RecastNavMesh /Game/Maps/UEDPIE_1_Map1.Map1:PersistentLevel.RecastNavMesh_1 has natively added scene component(s), but none of them were set as the actor's RootComponent - picking one arbitrarily
[2015.12.04-10.25.35:777][263]LogWorld: Bringing World /Game/Maps/UEDPIE_1_Map1.Map1 up for play (max tick rate 0) at 2015.12.04-11.25.35
[2015.12.04-10.25.35:777][263]LogActor:Warning: GameSession /Game/Maps/UEDPIE_1_Map1.Map1:PersistentLevel.GameSession_1 has natively added scene component(s), but none of them were set as the actor's RootComponent - picking one arbitrarily
[2015.12.04-10.25.35:778][263]LogActor:Warning: GameNetworkManager /Game/Maps/UEDPIE_1_Map1.Map1:PersistentLevel.GameNetworkManager_1 has natively added scene component(s), but none of them were set as the actor's RootComponent - picking one arbitrarily
[2015.12.04-10.25.35:778][263]LogWorld: Bringing up level for play took: 0.005886
[2015.12.04-10.25.35:779][263]LogInit: WinSock: Socket queue 131072 / 131072
[2015.12.04-10.25.35:779][263]LogNet: GameNetDriver IpNetDriver_2 IpNetDriver listening on port 7777
[2015.12.04-10.25.35:780][263]PIE: Info Play in editor start time for /Game/Maps/UEDPIE_1_Map1 0.809
[2015.12.04-10.25.35:781][263]PIE: New page: PIE session: Map1 (Dec 4, 2015, 12:25:35 PM)
[2015.12.04-10.25.35:785][263]LogInit: XAudio2 using 'Speakers (4- High Definition Audio Device)' : 2 channels at 44.1 kHz using 16 bits per sample (channel mask 0x3)
[2015.12.04-10.25.35:791][263]LogInit: FAudioDevice initialized.
[2015.12.04-10.25.35:825][263]LogNet: Browse: 127.0.0.1//Game/Maps/MainMenu
[2015.12.04-10.25.35:826][263]LogInit: WinSock: Socket queue 32768 / 32768
[2015.12.04-10.25.35:826][263]LogNet: Game client on port 7777, rate 10000
[2015.12.04-10.25.35:827][263]LogNet: GetLocalNetworkVersion: GEngineNetVersion: 2689999, ProjectName: bos, ProjectVersion: 1.0.0.0, InternalProtocolVersion: 9, LocalNetworkVersion: 4173909862
[2015.12.04-10.25.35:827][263]PIE: Info Play in editor start time for /Game/Maps/MainMenu 0.856
[2015.12.04-10.25.35:829][263]LogBlueprintUserMessages: Late PlayInEditor Detection: Level '/Game/Maps/Map1.Map1:PersistentLevel' has LevelScriptBlueprint '/Game/Maps/Map1.Map1:PersistentLevel.Map1' with GeneratedClass '/Game/Maps/Map1.Map1_C' with ClassGeneratedBy '/Game/Maps/Map1.Map1:PersistentLevel.Map1'
[2015.12.04-10.25.35:829][263]LogNet: NotifyAcceptingConnection: Server Map1 accept
[2015.12.04-10.25.35:829][263]LogNet: Open Map1 12/04/15 11:25:35 127.0.0.1
[2015.12.04-10.25.35:830][263]LogNet: Added client connection.  Remote address = 127.0.0.1:60404
[2015.12.04-10.25.35:830][263]LogNet: NotifyAcceptingChannel Control 0 server World /Game/Maps/UEDPIE_1_Map1.Map1: Accepted
[2015.12.04-10.25.35:830][263]LogNet: Remote platform little endian=1
[2015.12.04-10.25.35:830][263]LogNet: This platform little endian=1
[2015.12.04-10.25.35:830][263]LogNet: GetLocalNetworkVersion: GEngineNetVersion: 2689999, ProjectName: bos, ProjectVersion: 1.0.0.0, InternalProtocolVersion: 9, LocalNetworkVersion: 4173909862
[2015.12.04-10.25.35:865][264]LogNet: Login request: /Game/Maps/MainMenu userId: Invalid
[2015.12.04-10.25.35:867][264]LogNet: Welcomed by server (Level: /Game/Maps/UEDPIE_1_Map1, Game: /Script/BOS.BOSGameMode)
[2015.12.04-10.25.35:867][264]LogLoad: LoadMap: 127.0.0.1//Game/Maps/UEDPIE_1_Map1?game=/Script/BOS.BOSGameMode
[2015.12.04-10.25.35:885][264]LogParticles: Destroying 0 GPU particle simulations for FXSystem 0x000000F274BED1C0
[2015.12.04-10.25.35:886][264]LogParticles: Destroying 0 GPU particle simulations for FXSystem 0x000000F23B06B380
[2015.12.04-10.25.35:890][264]Cmd: MEM
[2015.12.04-10.25.35:909][264]LogMemory: Platform Memory Stats for Windows
[2015.12.04-10.25.35:910][264]LogMemory: Process Physical Memory: 741.46 MB used, 756.66 MB peak
[2015.12.04-10.25.35:910][264]LogMemory: Process Virtual Memory: 1499.87 MB used, 1516.89 MB peak
[2015.12.04-10.25.35:910][264]LogMemory: Physical Memory: 6296.48 MB used, 16318.82 MB total
[2015.12.04-10.25.35:911][264]LogMemory: Virtual Memory: 2138.35 MB used, 134217728.00 MB total
[2015.12.04-10.25.35:911][264]LogMemory: 
[2015.12.04-10.25.35:911][264]Allocator Stats for TBB: (not implemented)
[2015.12.04-10.25.35:911][264]LogLinker: Can't find file for asset '/Game/Maps/UEDPIE_1_Map1' while loading NULL.
[2015.12.04-10.25.35:936][264]LogWorld: PIE: Copying PIE streaming level from /Game/Maps/Map1.Map1 to /Game/Maps/UEDPIE_2_Map1.Map1. OwningWorld: None
[2015.12.04-10.25.35:937][264]LogAIModule: Creating AISystem for world Map1
[2015.12.04-10.25.35:944][264]LogWorld: Bringing World /Game/Maps/UEDPIE_2_Map1.Map1 up for play (max tick rate 0) at 2015.12.04-11.25.35
[2015.12.04-10.25.35:945][264]LogWorld: Bringing up level for play took: 0.006099
[2015.12.04-10.25.35:954][265]LogNet: Client netspeed is 10000
[2015.12.04-10.25.35:954][265]LogNet: Join request: /Game/Maps/MainMenu?SplitscreenCount=1
[2015.12.04-10.25.35:957][265]LogNet: Join succeeded: 257
[2015.12.04-10.25.37:473][445]LogNet:Warning: UIpNetDriver::ProcesRemoteFunction: No owning connection for actor BasicProjectile_BP_C_1. Function OnHit will not be processed.
[2015.12.04-10.25.38:186][530]LogNet:Warning: UIpNetDriver::ProcesRemoteFunction: No owning connection for actor BasicProjectile_BP_C_3. Function OnHit will not be processed.
[2015.12.04-10.25.38:772][600]PIE:Warning: Warning BasicProjectile_BP_C_5.SphereComp has to have 'Simulate Physics' enabled if you'd like to AddImpulse. 
[2015.12.04-10.25.38:773][600]PIE:Warning: Warning BasicProjectile_BP_C_5.StaticMesh Shape_Sphere has to have 'Simulate Physics' enabled if you'd like to AddImpulse. 
[2015.12.04-10.25.38:778][601]PIE:Warning: Warning BasicProjectile_BP_C_4.SphereComp has to have 'Simulate Physics' enabled if you'd like to AddImpulse. 
[2015.12.04-10.25.38:779][601]PIE:Warning: Warning BasicProjectile_BP_C_4.StaticMesh Shape_Sphere has to have 'Simulate Physics' enabled if you'd like to AddImpulse. 
[2015.12.04-10.25.39:205][652]PIE:Warning: Warning BasicProjectile_BP2_C_1.SphereComp has to have 'Simulate Physics' enabled if you'd like to AddImpulse. 
[2015.12.04-10.25.39:212][653]PIE:Warning: Warning BasicProjectile_BP2_C_0.SphereComp has to have 'Simulate Physics' enabled if you'd like to AddImpulse. 
[2015.12.04-10.25.39:214][653]PIE:Warning: Warning BasicProjectile_BP2_C_1.StaticMesh Shape_Sphere has to have 'Simulate Physics' enabled if you'd like to AddImpulse. 
[2015.12.04-10.25.39:221][654]PIE:Warning: Warning BasicProjectile_BP2_C_0.StaticMesh Shape_Sphere has to have 'Simulate Physics' enabled if you'd like to AddImpulse. 
[2015.12.04-10.25.39:221][654]LogNet:Warning: UIpNetDriver::ProcesRemoteFunction: No owning connection for actor BasicProjectile_BP2_C_1. Function OnHit will not be processed.
[2015.12.04-10.25.39:680][709]PIE:Warning: Warning BasicProjectile_BP2_C_3.SphereComp has to have 'Simulate Physics' enabled if you'd like to AddImpulse. 
[2015.12.04-10.25.39:687][710]PIE:Warning: Warning BasicProjectile_BP2_C_2.SphereComp has to have 'Simulate Physics' enabled if you'd like to AddImpulse. 
[2015.12.04-10.25.39:688][710]PIE:Warning: Warning BasicProjectile_BP2_C_3.StaticMesh Shape_Sphere has to have 'Simulate Physics' enabled if you'd like to AddImpulse. 
[2015.12.04-10.25.39:695][711]PIE:Warning: Warning BasicProjectile_BP2_C_2.StaticMesh Shape_Sphere has to have 'Simulate Physics' enabled if you'd like to AddImpulse. 
[2015.12.04-10.25.39:697][711]LogNet:Warning: UIpNetDriver::ProcesRemoteFunction: No owning connection for actor BasicProjectile_BP2_C_3. Function OnHit will not be processed.
[2015.12.04-10.25.40:129][763]LogNet:Warning: UIpNetDriver::ProcesRemoteFunction: No owning connection for actor BasicProjectile_BP2_C_1. Function OnHit will not be processed.
[2015.12.04-10.25.40:162][767]PIE:Warning: Warning BasicProjectile_BP2_C_5.SphereComp has to have 'Simulate Physics' enabled if you'd like to AddImpulse. 
[2015.12.04-10.25.40:170][768]PIE:Warning: Warning BasicProjectile_BP2_C_4.SphereComp has to have 'Simulate Physics' enabled if you'd like to AddImpulse. 
[2015.12.04-10.25.40:171][768]PIE:Warning: Warning BasicProjectile_BP2_C_5.StaticMesh Shape_Sphere has to have 'Simulate Physics' enabled if you'd like to AddImpulse. 
[2015.12.04-10.25.40:172][768]LogNet:Warning: UIpNetDriver::ProcesRemoteFunction: No owning connection for actor BasicProjectile_BP2_C_5. Function OnHit will not be processed.
[2015.12.04-10.25.40:178][769]PIE:Warning: Warning BasicProjectile_BP2_C_4.StaticMesh Shape_Sphere has to have 'Simulate Physics' enabled if you'd like to AddImpulse. 
[2015.12.04-10.25.40:431][799]PIE:Warning: Warning BasicProjectile_BP3_C_1.SphereComp has to have 'Simulate Physics' enabled if you'd like to AddImpulse. 
[2015.12.04-10.25.40:439][800]PIE:Warning: Warning BasicProjectile_BP3_C_0.SphereComp has to have 'Simulate Physics' enabled if you'd like to AddImpulse. 
[2015.12.04-10.25.40:440][800]LogNet:Warning: UIpNetDriver::ProcesRemoteFunction: No owning connection for actor BasicProjectile_BP3_C_1. Function OnHit will not be processed.
[2015.12.04-10.25.40:883][850]LogNet:Warning: UIpNetDriver::ProcesRemoteFunction: No owning connection for actor BasicProjectile_BP4_C_1. Function OnHit will not be processed.
[2015.12.04-10.25.40:883][850]LogNet:Warning: UIpNetDriver::ProcesRemoteFunction: No owning connection for actor BasicProjectile_BP3_C_1. Function OnHit will not be processed.
[2015.12.04-10.25.41:649][942]LogNet:Warning: UIpNetDriver::ProcesRemoteFunction: No owning connection for actor BasicProjectile_BP2_C_3. Function OnHit will not be processed.
[2015.12.04-10.25.41:874][969]LogNet:Warning: UIpNetDriver::ProcesRemoteFunction: No owning connection for actor BasicProjectile_BP2_C_1. Function OnHit will not be processed.
[2015.12.04-10.25.42:253][ 14]LogNet:Warning: UIpNetDriver::ProcesRemoteFunction: No owning connection for actor BasicProjectile_BP2_C_5. Function OnHit will not be processed.
[2015.12.04-10.25.42:412][ 33]LogNet:Warning: UIpNetDriver::ProcesRemoteFunction: No owning connection for actor BasicProjectile_BP3_C_3. Function OnHit will not be processed.
[2015.12.04-10.25.42:712][ 69]LogNet:Warning: UIpNetDriver::ProcesRemoteFunction: No owning connection for actor BasicProjectile_BP2_C_5. Function OnHit will not be processed.
[2015.12.04-10.25.43:595][175]LogNet:Warning: UIpNetDriver::ProcesRemoteFunction: No owning connection for actor BasicProjectile_BP2_C_3. Function OnHit will not be processed.
[2015.12.04-10.25.44:162][243]LogNet:Warning: UIpNetDriver::ProcesRemoteFunction: No owning connection for actor BasicProjectile_BP2_C_5. Function OnHit will not be processed.
[2015.12.04-10.25.45:437][396]LogNet:Warning: UIpNetDriver::ProcesRemoteFunction: No owning connection for actor BasicProjectile_BP4_C_3. Function OnHit will not be processed.
[2015.12.04-10.25.50:565][  9]LogNet:Warning: UIpNetDriver::ProcesRemoteFunction: No owning connection for actor BasicProjectile_BP4_C_5. Function OnHit will not be processed.
[2015.12.04-10.25.54:415][471]LogNet:Warning: UIpNetDriver::ProcesRemoteFunction: No owning connection for actor BasicProjectile_BP4_C_7. Function OnHit will not be processed.
[2015.12.04-10.25.56:174][682]LogNet:Warning: UIpNetDriver::ProcesRemoteFunction: No owning connection for actor BasicProjectile_BP4_C_9. Function OnHit will not be processed.
[2015.12.04-10.25.59:224][ 48]LogNet:Warning: UIpNetDriver::ProcesRemoteFunction: No owning connection for actor BasicProjectile_BP4_C_11. Function OnHit will not be processed.
[2015.12.04-10.25.59:749][111]LogNet:Warning: UIpNetDriver::ProcesRemoteFunction: No owning connection for actor BasicProjectile_BP4_C_15. Function OnHit will not be processed.
[2015.12.04-10.26.01:191][284]LogNet:Warning: UIpNetDriver::ProcesRemoteFunction: No owning connection for actor BasicProjectile_BP4_C_17. Function OnHit will not be processed.
[2015.12.04-10.26.01:799][357]LogNet:Warning: UIpNetDriver::ProcesRemoteFunction: No owning connection for actor BasicProjectile_BP_C_7. Function OnHit will not be processed.
[2015.12.04-10.26.03:118][515]LogNet:Warning: UIpNetDriver::ProcesRemoteFunction: No owning connection for actor BasicProjectile_BP3_C_5. Function OnHit will not be processed.
[2015.12.04-10.26.12:844][682]LogNet:Warning: UIpNetDriver::ProcesRemoteFunction: No owning connection for actor BasicProjectile_BP4_C_25. Function OnHit will not be processed.
[2015.12.04-10.26.13:260][732]LogNet:Warning: UIpNetDriver::ProcesRemoteFunction: No owning connection for actor BasicProjectile_BP4_C_29. Function OnHit will not be processed.
[2015.12.04-10.26.15:554][  7]LogNet:Warning: UIpNetDriver::ProcesRemoteFunction: No owning connection for actor BasicProjectile_BP4_C_31. Function OnHit will not be processed.
[2015.12.04-10.26.15:994][ 60]LogNet:Warning: UIpNetDriver::ProcesRemoteFunction: No owning connection for actor BasicProjectile_BP4_C_33. Function OnHit will not be processed.
[2015.12.04-10.26.16:261][ 92]LogNet:Warning: UIpNetDriver::ProcesRemoteFunction: No owning connection for actor BasicProjectile_BP4_C_35. Function OnHit will not be processed.
[2015.12.04-10.26.16:677][142]LogNet:Warning: UIpNetDriver::ProcesRemoteFunction: No owning connection for actor BasicProjectile_BP3_C_7. Function OnHit will not be processed.
[2015.12.04-10.26.16:810][158]LogNet:Warning: UIpNetDriver::ProcesRemoteFunction: No owning connection for actor BasicProjectile_BP3_C_9. Function OnHit will not be processed.
[2015.12.04-10.26.16:811][158]LogNet:Warning: UIpNetDriver::ProcesRemoteFunction: No owning connection for actor BasicProjectile_BP3_C_7. Function OnHit will not be processed.
[2015.12.04-10.26.17:156][199]LogNet:Warning: UIpNetDriver::ProcesRemoteFunction: No owning connection for actor BasicProjectile_BP3_C_11. Function OnHit will not be processed.
[2015.12.04-10.26.17:341][221]LogNet:Warning: UIpNetDriver::ProcesRemoteFunction: No owning connection for actor BasicProjectile_BP3_C_13. Function OnHit will not be processed.
[2015.12.04-10.26.17:518][242]LogNet:Warning: UIpNetDriver::ProcesRemoteFunction: No owning connection for actor BasicProjectile_BP3_C_15. Function OnHit will not be processed.
[2015.12.04-10.26.17:701][264]LogNet:Warning: UIpNetDriver::ProcesRemoteFunction: No owning connection for actor BasicProjectile_BP3_C_17. Function OnHit will not be processed.
[2015.12.04-10.26.18:059][307]LogNet:Warning: UIpNetDriver::ProcesRemoteFunction: No owning connection for actor BasicProjectile_BP2_C_7. Function OnHit will not be processed.
[2015.12.04-10.26.18:218][326]LogNet:Warning: UIpNetDriver::ProcesRemoteFunction: No owning connection for actor BasicProjectile_BP2_C_9. Function OnHit will not be processed.
[2015.12.04-10.26.18:370][344]LogNet:Warning: UIpNetDriver::ProcesRemoteFunction: No owning connection for actor BasicProjectile_BP2_C_11. Function OnHit will not be processed.
[2015.12.04-10.26.18:393][347]LogNet:Warning: UIpNetDriver::ProcesRemoteFunction: No owning connection for actor BasicProjectile_BP2_C_7. Function OnHit will not be processed.
[2015.12.04-10.26.18:517][362]LogNet:Warning: UIpNetDriver::ProcesRemoteFunction: No owning connection for actor BasicProjectile_BP2_C_9. Function OnHit will not be processed.
[2015.12.04-10.26.18:559][367]LogNet:Warning: UIpNetDriver::ProcesRemoteFunction: No owning connection for actor BasicProjectile_BP2_C_13. Function OnHit will not be processed.
[2015.12.04-10.26.18:634][376]LogNet:Warning: UIpNetDriver::ProcesRemoteFunction: No owning connection for actor BasicProjectile_BP2_C_11. Function OnHit will not be processed.
[2015.12.04-10.26.19:542][485]LogNet:Warning: UIpNetDriver::ProcesRemoteFunction: No owning connection for actor BasicProjectile_BP2_C_7. Function OnHit will not be processed.
[2015.12.04-10.26.20:884][646]LogNet:Warning: UIpNetDriver::ProcesRemoteFunction: No owning connection for actor BasicProjectile_BP2_C_13. Function OnHit will not be processed.
[2015.12.04-10.26.23:210][925]LogNet:Warning: UIpNetDriver::ProcesRemoteFunction: No owning connection for actor BasicProjectile_BP2_C_13. Function OnHit will not be processed.
[2015.12.04-10.26.23:250][930]LogBlueprintUserMessages: Early EndPlayMap Detection: Level '/Game/Maps/Map1.Map1:PersistentLevel' has LevelScriptBlueprint '/Game/Maps/Map1.Map1:PersistentLevel.Map1' with GeneratedClass '/Game/Maps/Map1.Map1_C' with ClassGeneratedBy '/Game/Maps/Map1.Map1:PersistentLevel.Map1'
[2015.12.04-10.26.23:284][930]LogBlueprintUserMessages: Late EndPlayMap Detection: Level '/Game/Maps/Map1.Map1:PersistentLevel' has LevelScriptBlueprint '/Game/Maps/Map1.Map1:PersistentLevel.Map1' with GeneratedClass '/Game/Maps/Map1.Map1_C' with ClassGeneratedBy '/Game/Maps/Map1.Map1:PersistentLevel.Map1'
[2015.12.04-10.26.23:300][930]LogNet: UChannel::CleanUp: [GameNetDriver] [None] [None]. ChIndex == 0. Closing connection.
[2015.12.04-10.26.23:301][930]LogNet: UNetConnection::Close: Name: IpConnection_3, Driver: GameNetDriver IpNetDriver_2, PC: None, Owner: None, Channels: 3, RemoteAddr: 127.0.0.1:60404, Time: 2015.12.04-10.26.23
[2015.12.04-10.26.23:301][930]LogNet: UChannel::Close: Sending CloseBunch. ChIndex == 0. Name: ControlChannel_3
[2015.12.04-10.26.23:301][930]LogNet: UChannel::CleanUp: [GameNetDriver] [None] [None]. ChIndex == 0. Closing connection.
[2015.12.04-10.26.23:302][930]LogNet: UNetConnection::Close: Name: IpConnection_2, Driver: GameNetDriver IpNetDriver_3, PC: None, Owner: None, Channels: 3, RemoteAddr: 127.0.0.1:7777, Time: 2015.12.04-10.26.23
[2015.12.04-10.26.23:302][930]LogNet: UChannel::Close: Sending CloseBunch. ChIndex == 0. Name: ControlChannel_2
[2015.12.04-10.26.23:305][930]LogExit: GameNetDriver None shut down
[2015.12.04-10.26.23:306][930]LogParticles: Destroying 0 GPU particle simulations for FXSystem 0x000000F262E3A520
[2015.12.04-10.26.23:306][930]LogExit: GameNetDriver None shut down
[2015.12.04-10.26.23:308][930]LogParticles: Destroying 0 GPU particle simulations for FXSystem 0x000000F25135D440
[2015.12.04-10.26.30:863][814]MapCheck: New page: Map Check
[2015.12.04-10.26.30:909][814]Cmd: MAP REBUILD ALLVISIBLE
[2015.12.04-10.26.30:910][814]LogEditorServer: Rebuildmap Clear paths rebuilt
[2015.12.04-10.26.30:931][814]LogActorComponent: UnregisterComponent: (/Engine/Transient.ProjectileComp) Not registered. Aborting.
[2015.12.04-10.26.30:931][814]LogActorComponent: UnregisterComponent: (/Engine/Transient.ProjectileMovementComponent_3) Not registered. Aborting.
[2015.12.04-10.26.30:951][814]MapCheck:Warning: Warning WorldSettings Hierarchical LOD System is disabled or no HLOD level settings available, unable to build LOD actors. 
[2015.12.04-10.26.30:952][814]LogStats:          STAT_HLOD_BuildClusters - 21.189 ms
[2015.12.04-10.26.30:956][814]LightingResults: New page: Lighting Build - Dec 4, 2015, 12:26:30 PM
[2015.12.04-10.26.41:631][814]LogStaticLightingSystem: Running Lightmass w/ ImmediateImport mode ENABLED
[2015.12.04-10.26.41:632][814]LogStaticLightingSystem: Running Lightmass w/ ImmediateProcess mode ENABLED
[2015.12.04-10.26.41:633][814]LogStaticLightingSystem: Running Lightmass w/ Sorting mode ENABLED
[2015.12.04-10.26.41:635][814]LogStaticLightingSystem: Running Lightmass w/ Mapping paddings ENABLED
[2015.12.04-10.26.41:636][814]LogStaticLightingSystem: Running Lightmass w/ Mapping debug paddings DISABLED
[2015.12.04-10.26.42:176][814]LogEditorBuildUtils: Build time 0:00:11
[2015.12.04-10.26.59:187][861]Job is a success!
[2015.12.04-10.27.00:008][862]LogTexture:Display: Building textures: SkyOcclusion1_1 (AutoDXT)
[2015.12.04-10.27.00:310][862]LogTexture:Display: Building textures: LQ_Lightmap_0_9 (DXT1)
[2015.12.04-10.27.00:313][862]LogTexture:Display: Building textures: HQ_Lightmap0_9 (AutoDXT)
[2015.12.04-10.27.00:316][862]LogTexture:Display: Building textures: SkyOcclusion0_9 (AutoDXT)
[2015.12.04-10.27.00:319][862]LogTexture:Display: Building textures: LQ_Lightmap_1_8 (DXT1)
[2015.12.04-10.27.00:323][862]LogTexture:Display: Building textures: HQ_Lightmap1_8 (AutoDXT)
[2015.12.04-10.27.00:324][862]LogTexture:Display: Building textures: SkyOcclusion1_8 (AutoDXT)
[2015.12.04-10.27.00:327][862]LogTexture:Display: Building textures: LQ_Lightmap_1_7 (DXT1)
[2015.12.04-10.27.00:329][862]LogTexture:Display: Building textures: HQ_Lightmap1_7 (AutoDXT)
[2015.12.04-10.27.00:332][862]LogTexture:Display: Building textures: SkyOcclusion1_7 (AutoDXT)
[2015.12.04-10.27.00:335][862]LogTexture:Display: Building textures: LQ_Lightmap_1_6 (DXT1)
[2015.12.04-10.27.00:336][862]LogTexture:Display: Building textures: HQ_Lightmap1_6 (AutoDXT)
[2015.12.04-10.27.00:342][862]LogTexture:Display: Building textures: SkyOcclusion1_6 (AutoDXT)
[2015.12.04-10.27.00:346][862]LogTexture:Display: Building textures: LQ_Lightmap_1_5 (DXT1)
[2015.12.04-10.27.00:349][862]LogTexture:Display: Building textures: HQ_Lightmap1_5 (AutoDXT)
[2015.12.04-10.27.00:355][862]LogTexture:Display: Building textures: SkyOcclusion1_5 (AutoDXT)
[2015.12.04-10.27.00:360][862]LogTexture:Display: Building textures: LQ_Lightmap_1_4 (DXT1)
[2015.12.04-10.27.00:363][862]LogTexture:Display: Building textures: HQ_Lightmap1_4 (AutoDXT)
[2015.12.04-10.27.00:371][862]LogTexture:Display: Building textures: SkyOcclusion1_4 (AutoDXT)
[2015.12.04-10.27.00:375][862]LogTexture:Display: Building textures: LQ_Lightmap_1_3 (DXT1)
[2015.12.04-10.27.00:378][862]LogTexture:Display: Building textures: HQ_Lightmap1_3 (AutoDXT)
[2015.12.04-10.27.00:386][862]LogTexture:Display: Building textures: SkyOcclusion1_3 (AutoDXT)
[2015.12.04-10.27.00:390][862]LogTexture:Display: Building textures: LQ_Lightmap_1_2 (DXT1)
[2015.12.04-10.27.00:393][862]LogTexture:Display: Building textures: HQ_Lightmap1_2 (AutoDXT)
[2015.12.04-10.27.00:401][862]LogTexture:Display: Building textures: SkyOcclusion1_2 (AutoDXT)
[2015.12.04-10.27.00:411][862]LogTexture:Display: Building textures: LQ_Lightmap_1_1 (DXT1)
[2015.12.04-10.27.00:623][862]LogTexture:Display: Building textures: HQ_Lightmap1_1 (AutoDXT)
[2015.12.04-10.27.01:884][862]LogTexture:Display: Building textures: ShadowMapTexture2D_0 (G8)
[2015.12.04-10.27.02:055][862]LogTexture:Display: Building textures: ShadowMapTexture2D_1 (G8)
[2015.12.04-10.27.02:072][862]LogTexture:Display: Building textures: ShadowMapTexture2D_2 (G8)
[2015.12.04-10.27.02:074][862]LogTexture:Display: Building textures: ShadowMapTexture2D_3 (G8)
[2015.12.04-10.27.02:077][862]LogTexture:Display: Building textures: ShadowMapTexture2D_4 (G8)
[2015.12.04-10.27.02:079][862]LogTexture:Display: Building textures: ShadowMapTexture2D_5 (G8)
[2015.12.04-10.27.02:081][862]LogTexture:Display: Building textures: ShadowMapTexture2D_6 (G8)
[2015.12.04-10.27.02:081][862]LogTexture:Display: Building textures: ShadowMapTexture2D_7 (G8)
[2015.12.04-10.27.02:083][862]LogTexture:Display: Building textures: ShadowMapTexture2D_8 (G8)
[2015.12.04-10.27.02:194][862]Lightmass on SpellabbA332-05: 16.4 sec total, 311 ms importing, 1 ms setup, 1.18 sec photons, 14.9 sec processing, 0 ms extra exporting [10/10 mappings]. Threads: 1:44 min total, 13.9 sec processing.
[2015.12.04-10.27.02:219][862]LogStaticLightingSystem: Illumination: 30.9 sec (2.35 sec encoding lightmaps)
[2015.12.04-10.27.02:220][862]LogStaticLightingSystem: Lightmap texture memory:  5.5 MB (5.5 MB streaming, 0.0 MB non-streaming), 18 textures
[2015.12.04-10.27.02:220][862]LogStaticLightingSystem: Shadowmap texture memory: 3.4 MB (3.4 MB streaming, 0.0 MB non-streaming), 9 textures
[2015.12.04-10.27.02:673][863]Cmd: MAP CHECK NOTIFYRESULTS
[2015.12.04-10.27.02:673][863]MapCheck: New page: Map1 - Dec 4, 2015, 12:27:02 PM
[2015.12.04-10.27.02:674][863]MapCheck:Warning: Performance Warning FloorEdge Large actor receives a pre-shadow and will cause an extreme performance hit unless bCastDynamicShadow is set to false. 
[2015.12.04-10.27.02:675][863]MapCheck:Warning: Performance Warning FloorEdge2 Large actor receives a pre-shadow and will cause an extreme performance hit unless bCastDynamicShadow is set to false. 
[2015.12.04-10.27.02:675][863]MapCheck:Warning: Performance Warning FloorEdge3 Large actor receives a pre-shadow and will cause an extreme performance hit unless bCastDynamicShadow is set to false. 
[2015.12.04-10.27.02:675][863]MapCheck:Warning: Performance Warning FloorEdge4 Large actor receives a pre-shadow and will cause an extreme performance hit unless bCastDynamicShadow is set to false. 
[2015.12.04-10.27.02:676][863]MapCheck:Warning: Warning EditorCube17_7 Static mesh actor has NULL StaticMesh property 
[2015.12.04-10.27.02:676][863]MapCheck:Warning: Warning EditorCube17_7 Static mesh actor has NULL StaticMesh property 
[2015.12.04-10.27.02:723][863]MapCheck: Info Map check complete: 0 Error(s), 6 Warning(s), took 49.815ms to complete.
[2015.12.04-10.28.14:718][173]LogBlueprintUserMessages: Early PlayInEditor Detection: Level '/Game/Maps/Map1.Map1:PersistentLevel' has LevelScriptBlueprint '/Game/Maps/Map1.Map1:PersistentLevel.Map1' with GeneratedClass '/Game/Maps/Map1.Map1_C' with ClassGeneratedBy '/Game/Maps/Map1.Map1:PersistentLevel.Map1'
[2015.12.04-10.28.14:718][173]LogPlayLevel: PlayLevel: No blueprints needed recompiling
[2015.12.04-10.28.14:719][173]PIE: New page: PIE session: Map1 (Dec 4, 2015, 12:28:14 PM)
[2015.12.04-10.28.14:719][173]LogPlayLevel: Creating play world package: /Game/Maps/UEDPIE_1_Map1
[2015.12.04-10.28.14:745][173]LogPlayLevel: PIE: StaticDuplicateObject took: (0.025697s)
[2015.12.04-10.28.14:747][173]LogAIModule: Creating AISystem for world Map1
[2015.12.04-10.28.14:748][173]LogPlayLevel: PIE: World Init took: (0.001572s)
[2015.12.04-10.28.14:748][173]LogPlayLevel: PIE: Created PIE world by copying editor world from /Game/Maps/Map1.Map1 to /Game/Maps/UEDPIE_1_Map1.Map1 (0.028987s)
[2015.12.04-10.28.14:749][173]LogActorComponent: UnregisterComponent: (/Engine/Transient.ProjectileComp) Not registered. Aborting.
[2015.12.04-10.28.14:750][173]LogActorComponent: UnregisterComponent: (/Engine/Transient.ProjectileMovementComponent_4) Not registered. Aborting.
[2015.12.04-10.28.14:774][173]LogWorld: Game class is 'BOSGameMode'
[2015.12.04-10.28.14:775][173]LogActor:Warning: RecastNavMesh /Game/Maps/UEDPIE_1_Map1.Map1:PersistentLevel.RecastNavMesh_2 has natively added scene component(s), but none of them were set as the actor's RootComponent - picking one arbitrarily
[2015.12.04-10.28.14:781][173]LogWorld: Bringing World /Game/Maps/UEDPIE_1_Map1.Map1 up for play (max tick rate 0) at 2015.12.04-11.28.14
[2015.12.04-10.28.14:781][173]LogActor:Warning: GameSession /Game/Maps/UEDPIE_1_Map1.Map1:PersistentLevel.GameSession_2 has natively added scene component(s), but none of them were set as the actor's RootComponent - picking one arbitrarily
[2015.12.04-10.28.14:782][173]LogActor:Warning: GameNetworkManager /Game/Maps/UEDPIE_1_Map1.Map1:PersistentLevel.GameNetworkManager_2 has natively added scene component(s), but none of them were set as the actor's RootComponent - picking one arbitrarily
[2015.12.04-10.28.14:782][173]LogWorld: Bringing up level for play took: 0.006547
[2015.12.04-10.28.14:783][173]LogInit: WinSock: Socket queue 131072 / 131072
[2015.12.04-10.28.14:783][173]LogNet: GameNetDriver IpNetDriver_4 IpNetDriver listening on port 7777
[2015.12.04-10.28.14:784][173]PIE: Info Play in editor start time for /Game/Maps/UEDPIE_1_Map1 -0.187
[2015.12.04-10.28.14:785][173]PIE: New page: PIE session: Map1 (Dec 4, 2015, 12:28:14 PM)
[2015.12.04-10.28.14:789][173]LogInit: XAudio2 using 'Speakers (4- High Definition Audio Device)' : 2 channels at 44.1 kHz using 16 bits per sample (channel mask 0x3)
[2015.12.04-10.28.14:795][173]LogInit: FAudioDevice initialized.
[2015.12.04-10.28.14:835][173]LogNet: Browse: 127.0.0.1//Game/Maps/MainMenu
[2015.12.04-10.28.14:835][173]LogInit: WinSock: Socket queue 32768 / 32768
[2015.12.04-10.28.14:836][173]LogNet: Game client on port 7777, rate 10000
[2015.12.04-10.28.14:836][173]LogNet: GetLocalNetworkVersion: GEngineNetVersion: 2689999, ProjectName: bos, ProjectVersion: 1.0.0.0, InternalProtocolVersion: 9, LocalNetworkVersion: 4173909862
[2015.12.04-10.28.14:837][173]PIE: Info Play in editor start time for /Game/Maps/MainMenu -0.134
[2015.12.04-10.28.14:838][173]LogBlueprintUserMessages: Late PlayInEditor Detection: Level '/Game/Maps/Map1.Map1:PersistentLevel' has LevelScriptBlueprint '/Game/Maps/Map1.Map1:PersistentLevel.Map1' with GeneratedClass '/Game/Maps/Map1.Map1_C' with ClassGeneratedBy '/Game/Maps/Map1.Map1:PersistentLevel.Map1'
[2015.12.04-10.28.15:041][173]LogNet: NotifyAcceptingConnection: Server Map1 accept
[2015.12.04-10.28.15:041][173]LogNet: Open Map1 12/04/15 11:28:15 127.0.0.1
[2015.12.04-10.28.15:042][173]LogNet: Added client connection.  Remote address = 127.0.0.1:52119
[2015.12.04-10.28.15:042][173]LogNet: NotifyAcceptingChannel Control 0 server World /Game/Maps/UEDPIE_1_Map1.Map1: Accepted
[2015.12.04-10.28.15:042][173]LogNet: Remote platform little endian=1
[2015.12.04-10.28.15:042][173]LogNet: This platform little endian=1
[2015.12.04-10.28.15:043][173]LogNet: GetLocalNetworkVersion: GEngineNetVersion: 2689999, ProjectName: bos, ProjectVersion: 1.0.0.0, InternalProtocolVersion: 9, LocalNetworkVersion: 4173909862
[2015.12.04-10.28.15:052][174]LogNet: Login request: /Game/Maps/MainMenu userId: Invalid
[2015.12.04-10.28.15:053][174]LogNet: Welcomed by server (Level: /Game/Maps/UEDPIE_1_Map1, Game: /Script/BOS.BOSGameMode)
[2015.12.04-10.28.15:054][174]LogLoad: LoadMap: 127.0.0.1//Game/Maps/UEDPIE_1_Map1?game=/Script/BOS.BOSGameMode
[2015.12.04-10.28.15:074][174]LogParticles: Destroying 0 GPU particle simulations for FXSystem 0x000000F20E4EC540
[2015.12.04-10.28.15:075][174]Cmd: MEM
[2015.12.04-10.28.15:094][174]LogMemory: Platform Memory Stats for Windows
[2015.12.04-10.28.15:094][174]LogMemory: Process Physical Memory: 877.64 MB used, 975.50 MB peak
[2015.12.04-10.28.15:095][174]LogMemory: Process Virtual Memory: 1578.21 MB used, 1584.82 MB peak
[2015.12.04-10.28.15:095][174]LogMemory: Physical Memory: 6461.17 MB used, 16318.82 MB total
[2015.12.04-10.28.15:095][174]LogMemory: Virtual Memory: 2669.95 MB used, 134217728.00 MB total
[2015.12.04-10.28.15:095][174]LogMemory: 
[2015.12.04-10.28.15:096][174]Allocator Stats for TBB: (not implemented)
[2015.12.04-10.28.15:096][174]LogLinker: Can't find file for asset '/Game/Maps/UEDPIE_1_Map1' while loading NULL.
[2015.12.04-10.28.15:142][174]LogWorld: PIE: Copying PIE streaming level from /Game/Maps/Map1.Map1 to /Game/Maps/UEDPIE_2_Map1.Map1. OwningWorld: None
[2015.12.04-10.28.15:143][174]LogAIModule: Creating AISystem for world Map1
[2015.12.04-10.28.15:150][174]LogWorld: Bringing World /Game/Maps/UEDPIE_2_Map1.Map1 up for play (max tick rate 0) at 2015.12.04-11.28.15
[2015.12.04-10.28.15:151][174]LogWorld: Bringing up level for play took: 0.005792
[2015.12.04-10.28.15:255][175]LogNet: Client netspeed is 10000
[2015.12.04-10.28.15:255][175]LogNet: Join request: /Game/Maps/MainMenu?SplitscreenCount=1
[2015.12.04-10.28.15:263][175]LogNet: Join succeeded: 258
[2015.12.04-10.28.32:234][210]LogBlueprintUserMessages: Early EndPlayMap Detection: Level '/Game/Maps/Map1.Map1:PersistentLevel' has LevelScriptBlueprint '/Game/Maps/Map1.Map1:PersistentLevel.Map1' with GeneratedClass '/Game/Maps/Map1.Map1_C' with ClassGeneratedBy '/Game/Maps/Map1.Map1:PersistentLevel.Map1'
[2015.12.04-10.28.32:270][210]LogBlueprintUserMessages: Late EndPlayMap Detection: Level '/Game/Maps/Map1.Map1:PersistentLevel' has LevelScriptBlueprint '/Game/Maps/Map1.Map1:PersistentLevel.Map1' with GeneratedClass '/Game/Maps/Map1.Map1_C' with ClassGeneratedBy '/Game/Maps/Map1.Map1:PersistentLevel.Map1'
[2015.12.04-10.28.32:285][210]LogNet: UChannel::CleanUp: [GameNetDriver] [None] [None]. ChIndex == 0. Closing connection.
[2015.12.04-10.28.32:285][210]LogNet: UNetConnection::Close: Name: IpConnection_5, Driver: GameNetDriver IpNetDriver_4, PC: None, Owner: None, Channels: 2, RemoteAddr: 127.0.0.1:52119, Time: 2015.12.04-10.28.32
[2015.12.04-10.28.32:286][210]LogNet: UChannel::Close: Sending CloseBunch. ChIndex == 0. Name: ControlChannel_5
[2015.12.04-10.28.32:286][210]LogNet: UChannel::CleanUp: [GameNetDriver] [None] [None]. ChIndex == 0. Closing connection.
[2015.12.04-10.28.32:286][210]LogNet: UNetConnection::Close: Name: IpConnection_4, Driver: GameNetDriver IpNetDriver_5, PC: None, Owner: None, Channels: 2, RemoteAddr: 127.0.0.1:7777, Time: 2015.12.04-10.28.32
[2015.12.04-10.28.32:286][210]LogNet: UChannel::Close: Sending CloseBunch. ChIndex == 0. Name: ControlChannel_4
[2015.12.04-10.28.32:291][210]LogExit: GameNetDriver None shut down
[2015.12.04-10.28.32:291][210]LogParticles: Destroying 0 GPU particle simulations for FXSystem 0x000000F20E4EEF20
[2015.12.04-10.28.32:292][210]LogParticles: Destroying 0 GPU particle simulations for FXSystem 0x000000F2564D80E0
[2015.12.04-10.28.32:292][210]LogExit: GameNetDriver None shut down
[2015.12.04-10.28.41:838][411]Recompiling BOS...
[2015.12.04-10.28.41:838][411]Launching UnrealBuildTool... [C:/Program Files/Epic Games/4.9/Engine/Binaries/DotNET/UnrealBuildTool.exe BOS -ModuleWithSuffix BOS 408 Win64 DebugGame -editorrecompile -canskiplink "C:/Users/Spellabbet/Documents/Unreal Projects/Balls-of-steel/BOS/BOS.uproject" -rocket  -rocket]
[2015.12.04-10.28.41:840][411]Warning: Starting HotReload took  0.0s.
[2015.12.04-10.29.01:513][656]CompilerResultsLog: New page: Compilation - Dec 4, 2015, 12:29:01 PM
[2015.12.04-10.29.01:513][656]CompilerResultsLog: Info Compiling game modules for hot reload
[2015.12.04-10.29.01:514][656]CompilerResultsLog: Info Performing 2 actions (4 in parallel)
[2015.12.04-10.29.01:514][656]CompilerResultsLog: Info BOSBall.cpp
[2015.12.04-10.29.01:514][656]CompilerResultsLog: Info [2/2] Link UE4Editor-BOS-408-Win64-DebugGame.dll
[2015.12.04-10.29.01:514][656]CompilerResultsLog: Info    Creating library C:\Users\Spellabbet\Documents\Unreal Projects\Balls-of-steel\BOS\Intermediate/Build/Win64\UE4Editor\DebugGame\UE4Editor-BOS-408-Win64-DebugGame.lib and object C:\Users\Spellabbet\Documents\Unreal Projects\Balls-of-steel\BOS\Intermediate/Build/Win64\UE4Editor\DebugGame\UE4Editor-BOS-408-Win64-DebugGame.exp
[2015.12.04-10.29.01:515][656]CompilerResultsLog: Info -------- End Detailed Actions Stats -----------------------------------------------------------
[2015.12.04-10.29.01:515][656]CompilerResultsLog: Info Total build time: 19,65 seconds
[2015.12.04-10.29.01:515][656]LogMainFrame: MainFrame: Module compiling took 19.680 seconds
[2015.12.04-10.29.01:516][656]LogActorComponent: UnregisterComponent: (/Engine/Transient.ProjectileComp) Not registered. Aborting.
[2015.12.04-10.29.01:516][656]LogActorComponent: UnregisterComponent: (/Engine/Transient.ProjectileMovementComponent_5) Not registered. Aborting.
[2015.12.04-10.29.01:612][656]LogHotReload: Re-instancing BallController after hot-reload.
[2015.12.04-10.29.01:642][656]LogHotReload: Re-instancing BOSBall after hot-reload.
[2015.12.04-10.29.01:722][656]LogContentBrowser: Native class hierarchy updated for 'BOS' in 0.0012 seconds. Added 8 classes and 2 folders.
[2015.12.04-10.29.01:725][656]Warning: HotReload successful (12 functions remapped  0 scriptstructs remapped)
[2015.12.04-10.29.02:099][656]LogContentBrowser: Native class hierarchy populated in 0.0070 seconds. Added 1876 classes and 337 folders.
[2015.12.04-10.29.06:165][129]LogBlueprintUserMessages: Early PlayInEditor Detection: Level '/Game/Maps/Map1.Map1:PersistentLevel' has LevelScriptBlueprint '/Game/Maps/Map1.Map1:PersistentLevel.Map1' with GeneratedClass '/Game/Maps/Map1.Map1_C' with ClassGeneratedBy '/Game/Maps/Map1.Map1:PersistentLevel.Map1'
[2015.12.04-10.29.06:166][129]LogPlayLevel: PlayLevel: No blueprints needed recompiling
[2015.12.04-10.29.06:167][129]PIE: New page: PIE session: Map1 (Dec 4, 2015, 12:29:06 PM)
[2015.12.04-10.29.06:167][129]LogPlayLevel: Creating play world package: /Game/Maps/UEDPIE_1_Map1
[2015.12.04-10.29.06:201][129]LogPlayLevel: PIE: StaticDuplicateObject took: (0.033789s)
[2015.12.04-10.29.06:203][129]LogAIModule: Creating AISystem for world Map1
[2015.12.04-10.29.06:204][129]LogPlayLevel: PIE: World Init took: (0.002216s)
[2015.12.04-10.29.06:204][129]LogPlayLevel: PIE: Created PIE world by copying editor world from /Game/Maps/Map1.Map1 to /Game/Maps/UEDPIE_1_Map1.Map1 (0.037466s)
[2015.12.04-10.29.06:261][129]LogWorld: Game class is 'BOSGameMode'
[2015.12.04-10.29.06:263][129]LogActor:Warning: RecastNavMesh /Game/Maps/UEDPIE_1_Map1.Map1:PersistentLevel.RecastNavMesh_3 has natively added scene component(s), but none of them were set as the actor's RootComponent - picking one arbitrarily
[2015.12.04-10.29.06:268][129]LogWorld: Bringing World /Game/Maps/UEDPIE_1_Map1.Map1 up for play (max tick rate 0) at 2015.12.04-11.29.06
[2015.12.04-10.29.06:269][129]LogActor:Warning: GameSession /Game/Maps/UEDPIE_1_Map1.Map1:PersistentLevel.GameSession_3 has natively added scene component(s), but none of them were set as the actor's RootComponent - picking one arbitrarily
[2015.12.04-10.29.06:270][129]LogActor:Warning: GameNetworkManager /Game/Maps/UEDPIE_1_Map1.Map1:PersistentLevel.GameNetworkManager_3 has natively added scene component(s), but none of them were set as the actor's RootComponent - picking one arbitrarily
[2015.12.04-10.29.06:270][129]LogWorld: Bringing up level for play took: 0.006866
[2015.12.04-10.29.06:271][129]LogInit: WinSock: Socket queue 131072 / 131072
[2015.12.04-10.29.06:271][129]LogNet: GameNetDriver IpNetDriver_6 IpNetDriver listening on port 7777
[2015.12.04-10.29.06:272][129]PIE: Info Play in editor start time for /Game/Maps/UEDPIE_1_Map1 -0.699
[2015.12.04-10.29.06:273][129]PIE: New page: PIE session: Map1 (Dec 4, 2015, 12:29:06 PM)
[2015.12.04-10.29.06:278][129]LogInit: XAudio2 using 'Speakers (4- High Definition Audio Device)' : 2 channels at 44.1 kHz using 16 bits per sample (channel mask 0x3)
[2015.12.04-10.29.06:285][129]LogInit: FAudioDevice initialized.
[2015.12.04-10.29.06:319][129]LogNet: Browse: 127.0.0.1//Game/Maps/MainMenu
[2015.12.04-10.29.06:319][129]LogInit: WinSock: Socket queue 32768 / 32768
[2015.12.04-10.29.06:320][129]LogNet: Game client on port 7777, rate 10000
[2015.12.04-10.29.06:320][129]LogNet: GetLocalNetworkVersion: GEngineNetVersion: 2689999, ProjectName: bos, ProjectVersion: 1.0.0.0, InternalProtocolVersion: 9, LocalNetworkVersion: 4173909862
[2015.12.04-10.29.06:321][129]PIE: Info Play in editor start time for /Game/Maps/MainMenu -0.65
[2015.12.04-10.29.06:323][129]LogBlueprintUserMessages: Late PlayInEditor Detection: Level '/Game/Maps/Map1.Map1:PersistentLevel' has LevelScriptBlueprint '/Game/Maps/Map1.Map1:PersistentLevel.Map1' with GeneratedClass '/Game/Maps/Map1.Map1_C' with ClassGeneratedBy '/Game/Maps/Map1.Map1:PersistentLevel.Map1'
[2015.12.04-10.29.06:323][129]LogNet: NotifyAcceptingConnection: Server Map1 accept
[2015.12.04-10.29.06:323][129]LogNet: Open Map1 12/04/15 11:29:06 127.0.0.1
[2015.12.04-10.29.06:324][129]LogNet: Added client connection.  Remote address = 127.0.0.1:53073
[2015.12.04-10.29.06:324][129]LogNet: NotifyAcceptingChannel Control 0 server World /Game/Maps/UEDPIE_1_Map1.Map1: Accepted
[2015.12.04-10.29.06:324][129]LogNet: Remote platform little endian=1
[2015.12.04-10.29.06:324][129]LogNet: This platform little endian=1
[2015.12.04-10.29.06:324][129]LogNet: GetLocalNetworkVersion: GEngineNetVersion: 2689999, ProjectName: bos, ProjectVersion: 1.0.0.0, InternalProtocolVersion: 9, LocalNetworkVersion: 4173909862
[2015.12.04-10.29.06:367][130]LogNet: Login request: /Game/Maps/MainMenu userId: Invalid
[2015.12.04-10.29.06:368][130]LogNet: Welcomed by server (Level: /Game/Maps/UEDPIE_1_Map1, Game: /Script/BOS.BOSGameMode)
[2015.12.04-10.29.06:369][130]LogLoad: LoadMap: 127.0.0.1//Game/Maps/UEDPIE_1_Map1?