[2015.11.06-09.28.27:716][  0]Log file open, 11/06/15 10:28:27
[2015.11.06-09.28.27:716][  0]LogInit:Display: Running engine for game: BOS
[2015.11.06-09.28.27:716][  0]LogInit:Display: RandInit(1545390265) SRandInit(1545390266).
[2015.11.06-09.28.27:716][  0]LogTaskGraph: Started task graph with 4 named threads and 7 total threads.
[2015.11.06-09.28.27:716][  0]LogStats: Stats thread started at 0.105429
[2015.11.06-09.28.27:716][  0]LogInit:Warning: Incompatible or missing module: UE4Editor-BOS.dll
[2015.11.06-09.28.40:956][  0]Running C:/Program Files/Epic Games/4.9/Engine/Binaries/DotNET/UnrealBuildTool.exe BOS Development Win64 -project="C:/Users/Henrik/Documents/GitHub/Balls-of-steel/BOS/BOS.uproject" -rocket -editorrecompile -progress -noubtmakefiles
[2015.11.06-09.29.26:469][  0]@progress push 5%
[2015.11.06-09.29.28:287][  0]Parsing headers for BOSEditor
[2015.11.06-09.29.28:388][  0]  Running UnrealHeaderTool "C:/Users/Henrik/Documents/GitHub/Balls-of-steel/BOS/BOS.uproject" "C:\Users\Henrik\Documents\GitHub\Balls-of-steel\BOS\Intermediate\Build\Win64\BOSEditor\Development\UnrealHeaderTool.manifest" -LogCmds="loginit warning, logexit warning, logdatabase error" -rocket -installed
[2015.11.06-09.29.46:745][  0]Reflection code generated for BOSEditor in 18,3446903 seconds
[2015.11.06-09.29.47:350][  0]@progress pop
[2015.11.06-09.29.54:409][  0]Performing 14 actions (4 in parallel)
[2015.11.06-09.29.54:510][  0][3/14] Resource ModuleVersionResource.rc.inl
[2015.11.06-09.29.54:510][  0][2/14] Resource PCLaunch.rc
[2015.11.06-09.29.57:536][  0]PCH.BOS.h.cpp
[2015.11.06-09.30.17:512][  0]BOSGameMode.cpp
[2015.11.06-09.30.17:512][  0]BOSBall.cpp
[2015.11.06-09.30.17:512][  0]BasicProjectile.cpp
[2015.11.06-09.30.17:513][  0]BallController.cpp
[2015.11.06-09.31.03:875][  0]CameraDirector.cpp
[2015.11.06-09.31.04:481][  0]BOS.generated.cpp
[2015.11.06-09.31.04:683][  0]BOSPlayerState.cpp
[2015.11.06-09.31.04:683][  0]BOSGameState.cpp
[2015.11.06-09.31.05:289][  0]BOSPlayerStart.cpp
[2015.11.06-09.31.05:491][  0]BOS.cpp
[2015.11.06-09.31.31:328][  0][14/14] Link UE4Editor-BOS.dll
[2015.11.06-09.31.32:134][  0]   Creating library C:\Users\Henrik\Documents\GitHub\Balls-of-steel\BOS\Intermediate/Build/Win64\UE4Editor\Development\UE4Editor-BOS.lib and object C:\Users\Henrik\Documents\GitHub\Balls-of-steel\BOS\Intermediate/Build/Win64\UE4Editor\Development\UE4Editor-BOS.exp
[2015.11.06-09.31.34:153][  0]-------- End Detailed Actions Stats -----------------------------------------------------------
[2015.11.06-09.31.34:254][  0]Total build time: 173,18 seconds
[2015.11.06-09.31.35:006][  0]LogInit: Version: 4.9.2-2707645+++depot+UE4-Releases+4.9
[2015.11.06-09.31.35:006][  0]LogInit: API Version: 2672455
[2015.11.06-09.31.35:006][  0]LogInit: Compiled (64-bit): Sep 28 2015 10:25:44
[2015.11.06-09.31.35:006][  0]LogInit: Compiled with Visual C++: 18.00.21005.01
[2015.11.06-09.31.35:006][  0]LogInit: Build Configuration: Development
[2015.11.06-09.31.35:006][  0]LogInit: Branch Name: ++depot+UE4-Releases+4.9
[2015.11.06-09.31.35:006][  0]LogInit: Command line:  
[2015.11.06-09.31.35:006][  0]LogInit: Base directory: C:/Program Files/Epic Games/4.9/Engine/Binaries/Win64/
[2015.11.06-09.31.35:006][  0]LogInit: Rocket: 1
[2015.11.06-09.31.35:022][  0]LogInit: Using libcurl 7.41.0
[2015.11.06-09.31.35:022][  0]LogInit:  - built for x86_64-pc-win32
[2015.11.06-09.31.35:022][  0]LogInit:  - supports SSL with WinSSL
[2015.11.06-09.31.35:022][  0]LogInit:  - other features:
[2015.11.06-09.31.35:022][  0]LogInit:      CURL_VERSION_SSL
[2015.11.06-09.31.35:022][  0]LogInit:      CURL_VERSION_IPV6
[2015.11.06-09.31.35:022][  0]LogInit:      CURL_VERSION_ASYNCHDNS
[2015.11.06-09.31.35:022][  0]LogInit:      CURL_VERSION_LARGEFILE
[2015.11.06-09.31.35:022][  0]LogInit:      CURL_VERSION_IDN
[2015.11.06-09.31.35:022][  0]LogInit:  CurlRequestOptions (configurable via config and command line):
[2015.11.06-09.31.35:022][  0]LogInit:  - bVerifyPeer = true  - Libcurl will verify peer certificate
[2015.11.06-09.31.35:022][  0]LogInit:  - bUseHttpProxy = false  - Libcurl will NOT use HTTP proxy
[2015.11.06-09.31.35:022][  0]LogInit:  - bDontReuseConnections = false  - Libcurl will reuse connections
[2015.11.06-09.31.35:022][  0]LogInit:  - CertBundlePath = nullptr  - Libcurl will use whatever was configured at build time.
[2015.11.06-09.31.35:034][  0]LogInit: Presizing for 0 objects not considered by GC, pre-allocating 0 bytes.
[2015.11.06-09.31.35:051][  0]LogInit: Object subsystem initialized
[2015.11.06-09.31.35:056][  0]LogInit: Selected Device Profile: [Windows]
[2015.11.06-09.31.35:057][  0]LogInit: Applying CVar settings loaded from the selected device profile: [Windows]
[2015.11.06-09.31.35:072][  0]LogInit: Computer: HENRIKLAP
[2015.11.06-09.31.35:072][  0]LogInit: User: Henrik
[2015.11.06-09.31.35:072][  0]LogInit: CPU Page size=4096, Cores=4
[2015.11.06-09.31.35:072][  0]LogInit: High frequency timer resolution =2.436851 MHz
[2015.11.06-09.31.35:072][  0]LogMemory: Memory total: Physical=7.4GB (8GB approx)
[2015.11.06-09.31.35:072][  0]LogMemory: Platform Memory Stats for Windows
[2015.11.06-09.31.35:072][  0]LogMemory: Process Physical Memory: 55.57 MB used, 55.57 MB peak
[2015.11.06-09.31.35:072][  0]LogMemory: Process Virtual Memory: 55.67 MB used, 55.67 MB peak
[2015.11.06-09.31.35:073][  0]LogMemory: Physical Memory: 3069.16 MB used, 7626.27 MB total
[2015.11.06-09.31.35:073][  0]LogMemory: Virtual Memory: 363.88 MB used, 134217728.00 MB total
[2015.11.06-09.31.35:114][  0]LogTextLocalizationManager: No translations for ('sv-SE') exist, falling back to 'en' for localization and internationalization data.
[2015.11.06-09.31.36:600][  0]LogD3D11RHI: Found D3D11 adapter 0: AMD Radeon HD 8650G + HD 8750M Dual Graphics (Feature Level 11_0)
[2015.11.06-09.31.36:600][  0]LogD3D11RHI: Adapter has 2525MB of dedicated video memory, 0MB of dedicated system memory, and 3584MB of shared system memory, 1 output[s]
[2015.11.06-09.31.36:602][  0]LogD3D11RHI: Found D3D11 adapter 1: Microsoft Basic Render Driver (Feature Level 11_0)
[2015.11.06-09.31.36:602][  0]LogD3D11RHI: Adapter has 0MB of dedicated video memory, 0MB of dedicated system memory, and 256MB of shared system memory, 0 output[s]
[2015.11.06-09.31.36:602][  0]LogD3D11RHI: Chosen D3D11 Adapter Id = 0
[2015.11.06-09.31.36:609][  0]LogD3D11RHI: !Direct3DDevice
[2015.11.06-09.31.36:609][  0]LogRHI: Texture pool is 1361 MB (70% of 1945 MB)
[2015.11.06-09.31.36:619][  0]LogD3D11RHI: Async texture creation disabled: no driver support
[2015.11.06-09.31.36:633][  0]LogShaderCompilers: Guid format shader working directory is 15 characters bigger than the processId version (../../../../../../Users/Henrik/Documents/GitHub/Balls-of-steel/BOS/Intermediate/Shaders/WorkingDirectory/7948/).
[2015.11.06-09.31.36:633][  0]LogShaderCompilers: Cleaned the shader compiler working directory '../../../../../../Users/Henrik/Documents/GitHub/Balls-of-steel/BOS/Intermediate/Shaders/tmp/A8BCB9AC4304BD46597CE8992FEF3372/'.
[2015.11.06-09.31.36:633][  0]LogShaderCompilers:Display: Using Local Shader Compiler.
[2015.11.06-09.31.38:951][  0]LogTemp:Display: Loaded TP AllDesktopTargetPlatform
[2015.11.06-09.31.38:961][  0]LogTemp:Display: Loaded TP WindowsClientTargetPlatform
[2015.11.06-09.31.38:971][  0]LogTemp:Display: Loaded TP WindowsNoEditorTargetPlatform
[2015.11.06-09.31.38:981][  0]LogTemp:Display: Loaded TP WindowsServerTargetPlatform
[2015.11.06-09.31.38:989][  0]LogTemp:Display: Loaded TP WindowsTargetPlatform
[2015.11.06-09.31.38:997][  0]LogTemp:Display: Loaded TP AndroidTargetPlatform
[2015.11.06-09.31.39:006][  0]LogTemp:Display: Loaded TP Android_ASTCTargetPlatform
[2015.11.06-09.31.39:012][  0]LogTemp:Display: Loaded TP Android_ATCTargetPlatform
[2015.11.06-09.31.39:018][  0]LogTemp:Display: Loaded TP Android_DXTTargetPlatform
[2015.11.06-09.31.39:023][  0]LogTemp:Display: Loaded TP Android_ETC1TargetPlatform
[2015.11.06-09.31.39:033][  0]LogTemp:Display: Loaded TP Android_ETC2TargetPlatform
[2015.11.06-09.31.39:040][  0]LogTemp:Display: Loaded TP Android_PVRTCTargetPlatform
[2015.11.06-09.31.39:041][  0]LogTemp:Display: Loaded TP HTML5TargetPlatform
[2015.11.06-09.31.39:063][  0]LogTemp:Display: Loaded TP IOSTargetPlatform
[2015.11.06-09.31.39:071][  0]LogTemp:Display: Loaded TP LinuxNoEditorTargetPlatform
[2015.11.06-09.31.39:078][  0]LogTemp:Display: Loaded TP LinuxServerTargetPlatform
[2015.11.06-09.31.39:084][  0]LogTemp:Display: Loaded TP LinuxTargetPlatform
[2015.11.06-09.31.39:084][  0]LogTargetPlatformManager:Display: Building Assets For Windows
[2015.11.06-09.31.39:217][  0]LogDerivedDataCache:Display: Max Cache Size: 512 MB
[2015.11.06-09.31.39:320][  0]LogDerivedDataCache: Loaded boot cache 0.10s 42MB C:/Users/Henrik/AppData/Local/UnrealEngine/4.9/DerivedDataCache/Boot.ddc.
[2015.11.06-09.31.39:320][  0]LogDerivedDataCache:Display: Loaded Boot cache: C:/Users/Henrik/AppData/Local/UnrealEngine/4.9/DerivedDataCache/Boot.ddc
[2015.11.06-09.31.39:320][  0]LogDerivedDataCache: FDerivedDataBackendGraph:  Pak pak cache file ../../../../../../Users/Henrik/Documents/GitHub/Balls-of-steel/BOS/DerivedDataCache/DDC.ddp not found, will not use a pak cache.
[2015.11.06-09.31.39:320][  0]LogDerivedDataCache: Unable to find inner node Pak for hierarchical cache Hierarchy.
[2015.11.06-09.31.39:320][  0]LogDerivedDataCache: FDerivedDataBackendGraph:  CompressedPak pak cache file ../../../../../../Users/Henrik/Documents/GitHub/Balls-of-steel/BOS/DerivedDataCache/Compressed.ddp not found, will not use a pak cache.
[2015.11.06-09.31.39:320][  0]LogDerivedDataCache: Unable to find inner node CompressedPak for hierarchical cache Hierarchy.
[2015.11.06-09.31.39:652][  0]LogDerivedDataCache:Display: Pak cache opened for reading ../../../Engine/DerivedDataCache/Compressed.ddp.
[2015.11.06-09.31.39:665][  0]LogDerivedDataCache: Using Local data cache path C:/Users/Henrik/AppData/Local/UnrealEngine/Common/DerivedDataCache: Writable
[2015.11.06-09.31.40:015][  0]LogInit: Selected Device Profile: [Windows]
[2015.11.06-09.31.40:020][  0]LogContentStreaming: Texture pool size is 0.000000MB
[2015.11.06-09.31.40:273][  0]LogMeshUtilities: No automatic mesh reduction module available
[2015.11.06-09.31.40:273][  0]LogMeshUtilities: No automatic mesh merging module available
[2015.11.06-09.31.40:772][  0]LogInit: WinSock: version 1.1 (2.2), MaxSocks=32767, MaxUdp=65467
[2015.11.06-09.31.41:935][  0]UdpMessaging: Initializing bridge on interface 0.0.0.0:0 to multicast group 230.0.0.1:6666.
[2015.11.06-09.31.42:008][  0]LogLinker:Warning: Asset '../../../../../../Users/Henrik/Documents/GitHub/Balls-of-steel/BOS/Content/Rolling/Meshes/BallMesh.uasset' has been saved with empty engine version. The asset will be loaded but may be incompatible.
[2015.11.06-09.31.42:009][  0]LogLinker:Warning: Asset '../../../../../../Users/Henrik/Documents/GitHub/Balls-of-steel/BOS/Content/Rolling/Materials/M_Blue_Checker.uasset' has been saved with empty engine version. The asset will be loaded but may be incompatible.
[2015.11.06-09.31.42:010][  0]LogLinker:Warning: Asset '../../../../../../Users/Henrik/Documents/GitHub/Balls-of-steel/BOS/Content/Rolling/Materials/PM_Ball.uasset' has been saved with empty engine version. The asset will be loaded but may be incompatible.
[2015.11.06-09.31.42:524][  0]LogAssetRegistry: FAssetRegistry took 0.0110 seconds to start up
[2015.11.06-09.31.42:879][  0]SourceControl: Info Source control is disabled
[2015.11.06-09.31.42:897][  0]SourceControl: Info Source control is disabled
[2015.11.06-09.31.42:921][  0]SourceControl: Info Source control is disabled
[2015.11.06-09.31.42:945][  0]SourceControl: Info Source control is disabled
[2015.11.06-09.31.43:250][  0]LogLinker:Warning: Asset '../../../Engine/Plugins/Runtime/LeapMotionController/Content/LM_PassthroughMaterial.uasset' has been saved with empty engine version. The asset will be loaded but may be incompatible.
[2015.11.06-09.31.43:436][  0]LogObj: 29662 objects as part of root set at end of initial load.
[2015.11.06-09.31.43:436][  0]LogUObjectAllocator: 6510536 out of 0 bytes used by permanent object pool.
[2015.11.06-09.31.43:552][  0]LogEngine: Initializing Engine...
[2015.11.06-09.31.43:558][  0]LogHMD: Can't find Oculus library dev build: is proper Runtime installed? Version: 0.7.0.0
[2015.11.06-09.31.43:559][  0]LogHMD: SteamVR failed to initialize.  Err: 110
[2015.11.06-09.31.43:821][  0]LogAIModule: Creating AISystem for world NewWorld
[2015.11.06-09.31.43:828][  0]LogInit: XAudio2 using 'Speakers (Realtek High Definition Audio)' : 2 channels at 48 kHz using 32 bits per sample (channel mask 0x3)
[2015.11.06-09.31.43:844][  0]LogInit: FAudioDevice initialized.
[2015.11.06-09.31.43:893][  0]LogDerivedDataCache: Saved boot cache 0.05s 46MB C:/Users/Henrik/AppData/Local/UnrealEngine/4.9/DerivedDataCache/Boot.ddc.
[2015.11.06-09.31.43:907][  0]LogInit: Texture streaming: Enabled
[2015.11.06-09.31.43:915][  0]LogAnalytics: Creating configured Analytics provider AnalyticsET
[2015.11.06-09.31.43:915][  0]LogAnalytics: [UEEditor.Rocket.Release] APIServer = http://et2.epicgames.com/ET2/. AppVersion = 4.9.2-2707645+++depot+UE4-Releases+4.9
[2015.11.06-09.31.43:915][  0]LogAnalytics: [UEEditor.Rocket.Release] SetUserId acaf962148b56d9743bd72afeabcbeb9|c8ac3edb00a24d41af0fa96f246ba628|0c8c2f6c-a153-4eda-82c3-243060fd3001
[2015.11.06-09.31.43:915][  0]LogAnalytics: [UEEditor.Rocket.Release] AnalyticsET::StartSession
[2015.11.06-09.31.43:961][  0]LogInit: Transaction tracking system initialized
[2015.11.06-09.31.44:021][  0]BlueprintLog: New page: Editor Load
[2015.11.06-09.31.44:210][  0]LocalizationService: Info Localization service is disabled
[2015.11.06-09.31.44:616][  0]LogConsoleResponse:Display: 
[2015.11.06-09.31.44:874][  0]LogCook:Display: Done creating registry. It took  0.00s.
[2015.11.06-09.31.44:992][  0]LogFileCache: Scanning file cache for directory 'C:/Users/Henrik/Documents/GitHub/Balls-of-steel/BOS/Content/' took 0.02s
[2015.11.06-09.31.44:992][  0]SourceControl: Info Source control is disabled
[2015.11.06-09.31.44:992][  0]Cmd: MAP LOAD FILE="../../../../../../Users/Henrik/Documents/GitHub/Balls-of-steel/BOS/Content/RollingCPP/Maps/MainMenu.umap" TEMPLATE=0 SHOWPROGRESS=1 FEATURELEVEL=3
[2015.11.06-09.31.44:993][  0]LightingResults: New page: Lighting Build
[2015.11.06-09.31.44:999][  0]MapCheck: New page: Map Check
[2015.11.06-09.31.44:999][  0]LightingResults: New page: Lighting Build
[2015.11.06-09.31.45:024][  0]LogParticles: Destroying 0 GPU particle simulations for FXSystem 0x000000BB62716160
[2015.11.06-09.31.45:357][  0]LogAIModule: Creating AISystem for world MainMenu
[2015.11.06-09.31.45:369][  0]LogEditorServer: Finished looking for orphan Actors (0.000 secs)
[2015.11.06-09.31.45:370][  0]Cmd: MAP CHECKDEP NOCLEARLOG
[2015.11.06-09.31.45:496][  0]MapCheck: Info Map check complete: 0 Error(s), 0 Warning(s), took 125.88ms to complete.
[2015.11.06-09.31.45:496][  0]LogFileHelpers: Loading map 'MainMenu' took 0.504
[2015.11.06-09.31.45:685][  0]LogCollectionManager: Loaded 0 collections in 0.005223 seconds
[2015.11.06-09.31.45:741][  0]LogFileCache: Scanning file cache for directory 'C:/Users/Henrik/Documents/GitHub/Balls-of-steel/BOS/Saved/Collections/' took 0.01s
[2015.11.06-09.31.45:741][  0]LogFileCache: Scanning file cache for directory 'C:/Users/Henrik/Documents/GitHub/Balls-of-steel/BOS/Content/Developers/Henrik/Collections/' took 0.01s
[2015.11.06-09.31.45:741][  0]LogFileCache: Scanning file cache for directory 'C:/Users/Henrik/Documents/GitHub/Balls-of-steel/BOS/Content/Collections/' took 0.01s
[2015.11.06-09.31.45:741][  0]LogContentBrowser: Native class hierarchy populated in 0.0205 seconds. Added 1875 classes and 335 folders.
[2015.11.06-09.31.45:751][  0]LogCollectionManager: Rebuilt the GUID cache for 0 collections in 0.000005 seconds
[2015.11.06-09.31.45:768][  0]LogContentBrowser: Native class hierarchy updated for 'WidgetCarousel' in 0.0028 seconds. Added 0 classes and 0 folders.
[2015.11.06-09.31.45:868][  0]LogContentBrowser: Native class hierarchy updated for 'AddContentDialog' in 0.0029 seconds. Added 0 classes and 0 folders.
[2015.11.06-09.31.45:879][  0]LogContentBrowser: Native class hierarchy updated for 'SceneOutliner' in 0.0027 seconds. Added 1 classes and 2 folders.
[2015.11.06-09.31.45:924][  0]LogCrashTracker: Crashtracker disabled due to settings.
[2015.11.06-09.31.45:930][  0]LogUObjectGlobals:Warning: Failed to find object 'Class None.'
[2015.11.06-09.31.45:953][  0]LogLoad: Full Startup: 199.89 seconds (BP compile: 0.10 seconds)
[2015.11.06-09.31.46:065][  0]LogContentStreaming: Texture pool size now 400 MB
[2015.11.06-09.31.46:280][  0]LogRenderer: Reallocating scene render targets to support 848x356 (Frame:2).
[2015.11.06-09.31.46:923][  9]LogAssetRegistry: Asset discovery search completed in 4.4094 seconds
[2015.11.06-09.31.46:923][  9]LogCollectionManager: Rebuilt the object cache for 0 collections in 0.000001 seconds (found 0 objects)
[2015.11.06-09.31.46:923][  9]LogCollectionManager: Fixed up redirectors for 0 collections in 0.000060 seconds (updated 0 objects)
[2015.11.06-09.33.05:000][545]LogBlueprintUserMessages: Early PlayInEditor Detection: Level '/Game/RollingCPP/Maps/MainMenu.MainMenu:PersistentLevel' has LevelScriptBlueprint '/Game/RollingCPP/Maps/MainMenu.MainMenu:PersistentLevel.MainMenu' with GeneratedClass '/Game/RollingCPP/Maps/MainMenu.MainMenu_C' with ClassGeneratedBy '/Game/RollingCPP/Maps/MainMenu.MainMenu:PersistentLevel.MainMenu'
[2015.11.06-09.33.05:000][545]LogPlayLevel: PlayLevel: No blueprints needed recompiling
[2015.11.06-09.33.05:002][545]PIE: New page: PIE session: MainMenu (Nov 6, 2015, 11:33:05 AM)
[2015.11.06-09.33.05:002][545]LogPlayLevel: Creating play world package: /Game/RollingCPP/Maps/UEDPIE_1_MainMenu
[2015.11.06-09.33.05:009][545]LogPlayLevel: PIE: StaticDuplicateObject took: (0.007597s)
[2015.11.06-09.33.05:012][545]LogAIModule: Creating AISystem for world MainMenu
[2015.11.06-09.33.05:012][545]LogPlayLevel: PIE: World Init took: (0.002956s)
[2015.11.06-09.33.05:013][545]LogPlayLevel: PIE: Created PIE world by copying editor world from /Game/RollingCPP/Maps/MainMenu.MainMenu to /Game/RollingCPP/Maps/UEDPIE_1_MainMenu.MainMenu (0.010863s)
[2015.11.06-09.33.05:050][545]LogInit: XAudio2 using 'Speakers (Realtek High Definition Audio)' : 2 channels at 48 kHz using 32 bits per sample (channel mask 0x3)
[2015.11.06-09.33.05:065][545]LogInit: FAudioDevice initialized.
[2015.11.06-09.33.05:119][545]LogWorld: Game class is 'GameMode'
[2015.11.06-09.33.05:127][545]LogWorld: Bringing World /Game/RollingCPP/Maps/UEDPIE_1_MainMenu.MainMenu up for play (max tick rate 0) at 2015.11.06-10.33.05
[2015.11.06-09.33.05:128][545]LogActor:Warning: GameSession /Game/RollingCPP/Maps/UEDPIE_1_MainMenu.MainMenu:PersistentLevel.GameSession_0 has natively added scene component(s), but none of them were set as the actor's RootComponent - picking one arbitrarily
[2015.11.06-09.33.05:128][545]LogActor:Warning: GameNetworkManager /Game/RollingCPP/Maps/UEDPIE_1_MainMenu.MainMenu:PersistentLevel.GameNetworkManager_0 has natively added scene component(s), but none of them were set as the actor's RootComponent - picking one arbitrarily
[2015.11.06-09.33.05:128][545]LogWorld: Bringing up level for play took: 0.006645
[2015.11.06-09.33.05:132][545]LogInit: WinSock: Socket queue 131072 / 131072
[2015.11.06-09.33.05:134][545]LogInit: WinSock: I am HenrikLap (10.1.22.239:0)
[2015.11.06-09.33.05:134][545]LogNet: GameNetDriver IpNetDriver_0 IpNetDriver listening on port 7777
[2015.11.06-09.33.05:171][545]PIE: Info Play in editor start time for /Game/RollingCPP/Maps/UEDPIE_1_MainMenu -0.279
[2015.11.06-09.33.05:173][545]PIE: New page: PIE session: MainMenu (Nov 6, 2015, 11:33:05 AM)
[2015.11.06-09.33.05:216][545]LogNet: Browse: 127.0.0.1//Game/RollingCPP/Maps/MainMenu
[2015.11.06-09.33.05:216][545]LogInit: WinSock: Socket queue 32768 / 32768
[2015.11.06-09.33.05:217][545]LogNet: Game client on port 7777, rate 10000
[2015.11.06-09.33.05:217][545]LogNet: GetLocalNetworkVersion: GEngineNetVersion: 2707645, ProjectName: bos, ProjectVersion: 1.0.0.0, InternalProtocolVersion: 9, LocalNetworkVersion: 1605316083
[2015.11.06-09.33.05:263][545]PIE: Info Play in editor start time for /Game/RollingCPP/Maps/MainMenu -0.187
[2015.11.06-09.33.05:265][545]PIE: New page: PIE session: MainMenu (Nov 6, 2015, 11:33:05 AM)
[2015.11.06-09.33.05:307][545]LogNet: Browse: 127.0.0.1//Game/RollingCPP/Maps/MainMenu
[2015.11.06-09.33.05:308][545]LogInit: WinSock: Socket queue 32768 / 32768
[2015.11.06-09.33.05:309][545]LogNet: Game client on port 7777, rate 10000
[2015.11.06-09.33.05:309][545]LogNet: GetLocalNetworkVersion: GEngineNetVersion: 2707645, ProjectName: bos, ProjectVersion: 1.0.0.0, InternalProtocolVersion: 9, LocalNetworkVersion: 1605316083
[2015.11.06-09.33.05:353][545]PIE: Info Play in editor start time for /Game/RollingCPP/Maps/MainMenu -0.097
[2015.11.06-09.33.05:355][545]PIE: New page: PIE session: MainMenu (Nov 6, 2015, 11:33:05 AM)
[2015.11.06-09.33.05:398][545]LogNet: Browse: 127.0.0.1//Game/RollingCPP/Maps/MainMenu
[2015.11.06-09.33.05:398][545]LogInit: WinSock: Socket queue 32768 / 32768
[2015.11.06-09.33.05:399][545]LogNet: Game client on port 7777, rate 10000
[2015.11.06-09.33.05:399][545]LogNet: GetLocalNetworkVersion: GEngineNetVersion: 2707645, ProjectName: bos, ProjectVersion: 1.0.0.0, InternalProtocolVersion: 9, LocalNetworkVersion: 1605316083
[2015.11.06-09.33.05:445][545]PIE: Info Play in editor start time for /Game/RollingCPP/Maps/MainMenu -0.005
[2015.11.06-09.33.05:448][545]LogBlueprintUserMessages: Late PlayInEditor Detection: Level '/Game/RollingCPP/Maps/MainMenu.MainMenu:PersistentLevel' has LevelScriptBlueprint '/Game/RollingCPP/Maps/MainMenu.MainMenu:PersistentLevel.MainMenu' with GeneratedClass '/Game/RollingCPP/Maps/MainMenu.MainMenu_C' with ClassGeneratedBy '/Game/RollingCPP/Maps/MainMenu.MainMenu:PersistentLevel.MainMenu'
[2015.11.06-09.33.05:448][545]LogNet: NotifyAcceptingConnection: Server MainMenu accept
[2015.11.06-09.33.05:448][545]LogNet: Open MainMenu 11/06/15 10:33:05 127.0.0.1
[2015.11.06-09.33.05:448][545]LogNet: Added client connection.  Remote address = 127.0.0.1:54816
[2015.11.06-09.33.05:448][545]LogNet: NotifyAcceptingChannel Control 0 server World /Game/RollingCPP/Maps/UEDPIE_1_MainMenu.MainMenu: Accepted
[2015.11.06-09.33.05:448][545]LogNet: Remote platform little endian=1
[2015.11.06-09.33.05:448][545]LogNet: This platform little endian=1
[2015.11.06-09.33.05:448][545]LogNet: GetLocalNetworkVersion: GEngineNetVersion: 2707645, ProjectName: bos, ProjectVersion: 1.0.0.0, InternalProtocolVersion: 9, LocalNetworkVersion: 1605316083
[2015.11.06-09.33.05:448][545]LogNet: NotifyAcceptingConnection: Server MainMenu accept
[2015.11.06-09.33.05:449][545]LogNet: Open MainMenu 11/06/15 10:33:05 127.0.0.1
[2015.11.06-09.33.05:449][545]LogNet: Added client connection.  Remote address = 127.0.0.1:54817
[2015.11.06-09.33.05:449][545]LogNet: NotifyAcceptingChannel Control 0 server World /Game/RollingCPP/Maps/UEDPIE_1_MainMenu.MainMenu: Accepted
[2015.11.06-09.33.05:449][545]LogNet: Remote platform little endian=1
[2015.11.06-09.33.05:449][545]LogNet: This platform little endian=1
[2015.11.06-09.33.05:449][545]LogNet: GetLocalNetworkVersion: GEngineNetVersion: 2707645, ProjectName: bos, ProjectVersion: 1.0.0.0, InternalProtocolVersion: 9, LocalNetworkVersion: 1605316083
[2015.11.06-09.33.05:449][545]LogNet: NotifyAcceptingConnection: Server MainMenu accept
[2015.11.06-09.33.05:449][545]LogNet: Open MainMenu 11/06/15 10:33:05 127.0.0.1
[2015.11.06-09.33.05:449][545]LogNet: Added client connection.  Remote address = 127.0.0.1:54818
[2015.11.06-09.33.05:449][545]LogNet: NotifyAcceptingChannel Control 0 server World /Game/RollingCPP/Maps/UEDPIE_1_MainMenu.MainMenu: Accepted
[2015.11.06-09.33.05:449][545]LogNet: Remote platform little endian=1
[2015.11.06-09.33.05:449][545]LogNet: This platform little endian=1
[2015.11.06-09.33.05:449][545]LogNet: GetLocalNetworkVersion: GEngineNetVersion: 2707645, ProjectName: bos, ProjectVersion: 1.0.0.0, InternalProtocolVersion: 9, LocalNetworkVersion: 1605316083
[2015.11.06-09.33.05:499][546]LogNet: Login request: /Game/RollingCPP/Maps/MainMenu userId: Invalid
[2015.11.06-09.33.05:500][546]LogNet: Login request: /Game/RollingCPP/Maps/MainMenu userId: Invalid
[2015.11.06-09.33.05:500][546]LogNet: Login request: /Game/RollingCPP/Maps/MainMenu userId: Invalid
[2015.11.06-09.33.05:502][546]LogNet: Welcomed by server (Level: /Game/RollingCPP/Maps/UEDPIE_1_MainMenu, Game: /Script/Engine.GameMode)
[2015.11.06-09.33.05:564][546]LogLoad: LoadMap: 127.0.0.1//Game/RollingCPP/Maps/UEDPIE_1_MainMenu?game=/Script/Engine.GameMode
[2015.11.06-09.33.05:591][546]LogParticles: Destroying 0 GPU particle simulations for FXSystem 0x000000BB50F78400
[2015.11.06-09.33.05:593][546]Cmd: MEM
[2015.11.06-09.33.05:625][546]LogMemory: Platform Memory Stats for Windows
[2015.11.06-09.33.05:625][546]LogMemory: Process Physical Memory: 550.59 MB used, 553.69 MB peak
[2015.11.06-09.33.05:625][546]LogMemory: Process Virtual Memory: 473.49 MB used, 477.56 MB peak
[2015.11.06-09.33.05:625][546]LogMemory: Physical Memory: 3128.23 MB used, 7626.27 MB total
[2015.11.06-09.33.05:625][546]LogMemory: Virtual Memory: 1097.27 MB used, 134217728.00 MB total
[2015.11.06-09.33.05:625][546]LogMemory: 
[2015.11.06-09.33.05:625][546]Allocator Stats for TBB: (not implemented)
[2015.11.06-09.33.05:625][546]LogLinker: Can't find file for asset '/Game/RollingCPP/Maps/UEDPIE_1_MainMenu' while loading NULL.
[2015.11.06-09.33.05:635][546]LogWorld: PIE: Copying PIE streaming level from /Game/RollingCPP/Maps/MainMenu.MainMenu to /Game/RollingCPP/Maps/UEDPIE_2_MainMenu.MainMenu. OwningWorld: None
[2015.11.06-09.33.05:637][546]LogAIModule: Creating AISystem for world MainMenu
[2015.11.06-09.33.05:644][546]LogWorld: Bringing World /Game/RollingCPP/Maps/UEDPIE_2_MainMenu.MainMenu up for play (max tick rate 0) at 2015.11.06-10.33.05
[2015.11.06-09.33.05:645][546]LogWorld: Bringing up level for play took: 0.005756
[2015.11.06-09.33.05:646][546]LogNet: Welcomed by server (Level: /Game/RollingCPP/Maps/UEDPIE_1_MainMenu, Game: /Script/Engine.GameMode)
[2015.11.06-09.33.05:646][546]LogLoad: LoadMap: 127.0.0.1//Game/RollingCPP/Maps/UEDPIE_1_MainMenu?game=/Script/Engine.GameMode
[2015.11.06-09.33.05:673][546]LogParticles: Destroying 0 GPU particle simulations for FXSystem 0x000000BB50E4E5C0
[2015.11.06-09.33.05:676][546]Cmd: MEM
[2015.11.06-09.33.05:703][546]LogMemory: Platform Memory Stats for Windows
[2015.11.06-09.33.05:703][546]LogMemory: Process Physical Memory: 550.92 MB used, 553.69 MB peak
[2015.11.06-09.33.05:703][546]LogMemory: Process Virtual Memory: 473.63 MB used, 477.56 MB peak
[2015.11.06-09.33.05:703][546]LogMemory: Physical Memory: 3128.82 MB used, 7626.27 MB total
[2015.11.06-09.33.05:703][546]LogMemory: Virtual Memory: 1097.27 MB used, 134217728.00 MB total
[2015.11.06-09.33.05:703][546]LogMemory: 
[2015.11.06-09.33.05:703][546]Allocator Stats for TBB: (not implemented)
[2015.11.06-09.33.05:704][546]LogLinker: Can't find file for asset '/Game/RollingCPP/Maps/UEDPIE_1_MainMenu' while loading NULL.
[2015.11.06-09.33.05:713][546]LogWorld: PIE: Copying PIE streaming level from /Game/RollingCPP/Maps/MainMenu.MainMenu to /Game/RollingCPP/Maps/UEDPIE_3_MainMenu.MainMenu. OwningWorld: None
[2015.11.06-09.33.05:714][546]LogAIModule: Creating AISystem for world MainMenu
[2015.11.06-09.33.05:721][546]LogWorld: Bringing World /Game/RollingCPP/Maps/UEDPIE_3_MainMenu.MainMenu up for play (max tick rate 0) at 2015.11.06-10.33.05
[2015.11.06-09.33.05:721][546]LogWorld: Bringing up level for play took: 0.005208
[2015.11.06-09.33.05:722][546]LogNet: Welcomed by server (Level: /Game/RollingCPP/Maps/UEDPIE_1_MainMenu, Game: /Script/Engine.GameMode)
[2015.11.06-09.33.05:723][546]LogLoad: LoadMap: 127.0.0.1//Game/RollingCPP/Maps/UEDPIE_1_MainMenu?game=/Script/Engine.GameMode
[2015.11.06-09.33.05:751][546]LogParticles: Destroying 0 GPU particle simulations for FXSystem 0x000000BB50E4F1A0
[2015.11.06-09.33.05:753][546]Cmd: MEM
[2015.11.06-09.33.05:783][546]LogMemory: Platform Memory Stats for Windows
[2015.11.06-09.33.05:783][546]LogMemory: Process Physical Memory: 551.17 MB used, 553.69 MB peak
[2015.11.06-09.33.05:783][546]LogMemory: Process Virtual Memory: 473.77 MB used, 477.56 MB peak
[2015.11.06-09.33.05:783][546]LogMemory: Physical Memory: 3130.42 MB used, 7626.27 MB total
[2015.11.06-09.33.05:783][546]LogMemory: Virtual Memory: 1097.27 MB used, 134217728.00 MB total
[2015.11.06-09.33.05:783][546]LogMemory: 
[2015.11.06-09.33.05:783][546]Allocator Stats for TBB: (not implemented)
[2015.11.06-09.33.05:784][546]LogLinker: Can't find file for asset '/Game/RollingCPP/Maps/UEDPIE_1_MainMenu' while loading NULL.
[2015.11.06-09.33.05:792][546]LogWorld: PIE: Copying PIE streaming level from /Game/RollingCPP/Maps/MainMenu.MainMenu to /Game/RollingCPP/Maps/UEDPIE_4_MainMenu.MainMenu. OwningWorld: None
[2015.11.06-09.33.05:793][546]LogAIModule: Creating AISystem for world MainMenu
[2015.11.06-09.33.05:801][546]LogWorld: Bringing World /Game/RollingCPP/Maps/UEDPIE_4_MainMenu.MainMenu up for play (max tick rate 0) at 2015.11.06-10.33.05
[2015.11.06-09.33.05:801][546]LogWorld: Bringing up level for play took: 0.006210
[2015.11.06-09.33.05:865][547]LogNet: Client netspeed is 10000
[2015.11.06-09.33.05:865][547]LogNet: Join request: /Game/RollingCPP/Maps/MainMenu?SplitscreenCount=1
[2015.11.06-09.33.05:871][547]LogNet: Join succeeded: 257
[2015.11.06-09.33.05:871][547]LogNet: Client netspeed is 10000
[2015.11.06-09.33.05:871][547]LogNet: Join request: /Game/RollingCPP/Maps/MainMenu?SplitscreenCount=1
[2015.11.06-09.33.05:874][547]LogNet: Join succeeded: 258
[2015.11.06-09.33.05:874][547]LogNet: Client netspeed is 10000
[2015.11.06-09.33.05:874][547]LogNet: Join request: /Game/RollingCPP/Maps/MainMenu?SplitscreenCount=1
[2015.11.06-09.33.05:878][547]LogNet: Join succeeded: 259
[2015.11.06-09.33.10:019][698]LogBlueprintUserMessages: Early EndPlayMap Detection: Level '/Game/RollingCPP/Maps/MainMenu.MainMenu:PersistentLevel' has LevelScriptBlueprint '/Game/RollingCPP/Maps/MainMenu.MainMenu:PersistentLevel.MainMenu' with GeneratedClass '/Game/RollingCPP/Maps/MainMenu.MainMenu_C' with ClassGeneratedBy '/Game/RollingCPP/Maps/MainMenu.MainMenu:PersistentLevel.MainMenu'
[2015.11.06-09.33.10:359][698]LogSpawn:Warning: SpawnActor failed because we are in the process of tearing down the world
[2015.11.06-09.33.10:455][698]LogBlueprintUserMessages: Late EndPlayMap Detection: Level '/Game/RollingCPP/Maps/MainMenu.MainMenu:PersistentLevel' has LevelScriptBlueprint '/Game/RollingCPP/Maps/MainMenu.MainMenu:PersistentLevel.MainMenu' with GeneratedClass '/Game/RollingCPP/Maps/MainMenu.MainMenu_C' with ClassGeneratedBy '/Game/RollingCPP/Maps/MainMenu.MainMenu:PersistentLevel.MainMenu'
[2015.11.06-09.33.10:478][698]LogNet: UChannel::CleanUp: [GameNetDriver] [None] [None]. ChIndex == 0. Closing connection.
[2015.11.06-09.33.10:478][698]LogNet: UNetConnection::Close: Name: IpConnection_5, Driver: GameNetDriver IpNetDriver_0, PC: None, Owner: None, Channels: 2, RemoteAddr: 127.0.0.1:54818, Time: 2015.11.06-09.33.10
[2015.11.06-09.33.10:478][698]LogNet: UChannel::Close: Sending CloseBunch. ChIndex == 0. Name: ControlChannel_5
[2015.11.06-09.33.10:478][698]LogNet: UChannel::CleanUp: [GameNetDriver] [None] [None]. ChIndex == 0. Closing connection.
[2015.11.06-09.33.10:478][698]LogNet: UNetConnection::Close: Name: IpConnection_4, Driver: GameNetDriver IpNetDriver_0, PC: None, Owner: None, Channels: 2, RemoteAddr: 127.0.0.1:54817, Time: 2015.11.06-09.33.10
[2015.11.06-09.33.10:478][698]LogNet: UChannel::Close: Sending CloseBunch. ChIndex == 0. Name: ControlChannel_4
[2015.11.06-09.33.10:478][698]LogNet: UChannel::CleanUp: [GameNetDriver] [None] [None]. ChIndex == 0. Closing connection.
[2015.11.06-09.33.10:478][698]LogNet: UNetConnection::Close: Name: IpConnection_3, Driver: GameNetDriver IpNetDriver_0, PC: None, Owner: None, Channels: 2, RemoteAddr: 127.0.0.1:54816, Time: 2015.11.06-09.33.10
[2015.11.06-09.33.10:478][698]LogNet: UChannel::Close: Sending CloseBunch. ChIndex == 0. Name: ControlChannel_3
[2015.11.06-09.33.10:478][698]LogNet: UChannel::CleanUp: [GameNetDriver] [None] [None]. ChIndex == 0. Closing connection.
[2015.11.06-09.33.10:478][698]LogNet: UNetConnection::Close: Name: IpConnection_2, Driver: GameNetDriver IpNetDriver_3, PC: None, Owner: None, Channels: 2, RemoteAddr: 127.0.0.1:7777, Time: 2015.11.06-09.33.10
[2015.11.06-09.33.10:478][698]LogNet: UChannel::Close: Sending CloseBunch. ChIndex == 0. Name: ControlChannel_2
[2015.11.06-09.33.10:478][698]LogNet: UChannel::CleanUp: [GameNetDriver] [None] [None]. ChIndex == 0. Closing connection.
[2015.11.06-09.33.10:478][698]LogNet: UNetConnection::Close: Name: IpConnection_1, Driver: GameNetDriver IpNetDriver_2, PC: None, Owner: None, Channels: 2, RemoteAddr: 127.0.0.1:7777, Time: 2015.11.06-09.33.10
[2015.11.06-09.33.10:478][698]LogNet: UChannel::Close: Sending CloseBunch. ChIndex == 0. Name: ControlChannel_1
[2015.11.06-09.33.10:478][698]LogNet: UChannel::CleanUp: [GameNetDriver] [None] [None]. ChIndex == 0. Closing connection.
[2015.11.06-09.33.10:478][698]LogNet: UNetConnection::Close: Name: IpConnection_0, Driver: GameNetDriver IpNetDriver_1, PC: None, Owner: None, Channels: 2, RemoteAddr: 127.0.0.1:7777, Time: 2015.11.06-09.33.10
[2015.11.06-09.33.10:478][698]LogNet: UChannel::Close: Sending CloseBunch. ChIndex == 0. Name: ControlChannel_0
[2015.11.06-09.33.10:483][698]LogExit: GameNetDriver None shut down
[2015.11.06-09.33.10:483][698]LogExit: GameNetDriver None shut down
[2015.11.06-09.33.10:483][698]LogExit: GameNetDriver None shut down
[2015.11.06-09.33.10:484][698]LogParticles: Destroying 0 GPU particle simulations for FXSystem 0x000000BB66A922A0
[2015.11.06-09.33.10:486][698]LogExit: GameNetDriver None shut down
[2015.11.06-09.33.10:487][698]LogParticles: Destroying 0 GPU particle simulations for FXSystem 0x000000BB6328CD60
[2015.11.06-09.33.10:487][698]LogParticles: Destroying 0 GPU particle simulations for FXSystem 0x000000BB5F2E05E0
[2015.11.06-09.33.10:488][698]LogParticles: Destroying 0 GPU particle simulations for FXSystem 0x000000BB62032020
[2015.11.06-09.33.18:097][406]LogBlueprintUserMessages: Early PlayInEditor Detection: Level '/Game/RollingCPP/Maps/MainMenu.MainMenu:PersistentLevel' has LevelScriptBlueprint '/Game/RollingCPP/Maps/MainMenu.MainMenu:PersistentLevel.MainMenu' with GeneratedClass '/Game/RollingCPP/Maps/MainMenu.MainMenu_C' with ClassGeneratedBy '/Game/RollingCPP/Maps/MainMenu.MainMenu:PersistentLevel.MainMenu'
[2015.11.06-09.33.18:097][406]LogPlayLevel: PlayLevel: No blueprints needed recompiling
[2015.11.06-09.33.18:099][406]PIE: New page: PIE session: MainMenu (Nov 6, 2015, 11:33:18 AM)
[2015.11.06-09.33.18:099][406]LogPlayLevel: Creating play world package: /Game/RollingCPP/Maps/UEDPIE_1_MainMenu
[2015.11.06-09.33.18:109][406]LogPlayLevel: PIE: StaticDuplicateObject took: (0.009358s)
[2015.11.06-09.33.18:110][406]LogAIModule: Creating AISystem for world MainMenu
[2015.11.06-09.33.18:110][406]LogPlayLevel: PIE: World Init took: (0.001384s)
[2015.11.06-09.33.18:110][406]LogPlayLevel: PIE: Created PIE world by copying editor world from /Game/RollingCPP/Maps/MainMenu.MainMenu to /Game/RollingCPP/Maps/UEDPIE_1_MainMenu.MainMenu (0.011010s)
[2015.11.06-09.33.18:138][406]LogInit: XAudio2 using 'Speakers (Realtek High Definition Audio)' : 2 channels at 48 kHz using 32 bits per sample (channel mask 0x3)
[2015.11.06-09.33.18:153][406]LogInit: FAudioDevice initialized.
[2015.11.06-09.33.18:199][406]LogWorld: Game class is 'GameMode'
[2015.11.06-09.33.18:205][406]LogWorld: Bringing World /Game/RollingCPP/Maps/UEDPIE_1_MainMenu.MainMenu up for play (max tick rate 0) at 2015.11.06-10.33.18
[2015.11.06-09.33.18:205][406]LogActor:Warning: GameSession /Game/RollingCPP/Maps/UEDPIE_1_MainMenu.MainMenu:PersistentLevel.GameSession_1 has natively added scene component(s), but none of them were set as the actor's RootComponent - picking one arbitrarily
[2015.11.06-09.33.18:206][406]LogActor:Warning: GameNetworkManager /Game/RollingCPP/Maps/UEDPIE_1_MainMenu.MainMenu:PersistentLevel.GameNetworkManager_1 has natively added scene component(s), but none of them were set as the actor's RootComponent - picking one arbitrarily
[2015.11.06-09.33.18:206][406]LogWorld: Bringing up level for play took: 0.005125
[2015.11.06-09.33.18:208][406]LogInit: WinSock: Socket queue 131072 / 131072
[2015.11.06-09.33.18:209][406]LogNet: GameNetDriver IpNetDriver_4 IpNetDriver listening on port 7777
[2015.11.06-09.33.18:244][406]PIE: Info Play in editor start time for /Game/RollingCPP/Maps/UEDPIE_1_MainMenu 0.794
[2015.11.06-09.33.18:246][406]PIE: New page: PIE session: MainMenu (Nov 6, 2015, 11:33:18 AM)
[2015.11.06-09.33.18:289][406]LogNet: Browse: 127.0.0.1//Game/RollingCPP/Maps/MainMenu
[2015.11.06-09.33.18:290][406]LogInit: WinSock: Socket queue 32768 / 32768
[2015.11.06-09.33.18:290][406]LogNet: Game client on port 7777, rate 10000
[2015.11.06-09.33.18:290][406]LogNet: GetLocalNetworkVersion: GEngineNetVersion: 2707645, ProjectName: bos, ProjectVersion: 1.0.0.0, InternalProtocolVersion: 9, LocalNetworkVersion: 1605316083
[2015.11.06-09.33.18:337][406]PIE: Info Play in editor start time for /Game/RollingCPP/Maps/MainMenu 0.887
[2015.11.06-09.33.18:339][406]PIE: New page: PIE session: MainMenu (Nov 6, 2015, 11:33:18 AM)
[2015.11.06-09.33.18:380][406]LogNet: Browse: 127.0.0.1//Game/RollingCPP/Maps/MainMenu
[2015.11.06-09.33.18:380][406]LogInit: WinSock: Socket queue 32768 / 32768
[2015.11.06-09.33.18:381][406]LogNet: Game client on port 7777, rate 10000
[2015.11.06-09.33.18:381][406]LogNet: GetLocalNetworkVersion: GEngineNetVersion: 2707645, ProjectName: bos, ProjectVersion: 1.0.0.0, InternalProtocolVersion: 9, LocalNetworkVersion: 1605316083
[2015.11.06-09.33.18:430][406]PIE: Info Play in editor start time for /Game/RollingCPP/Maps/MainMenu 0.979
[2015.11.06-09.33.18:432][406]PIE: New page: PIE session: MainMenu (Nov 6, 2015, 11:33:18 AM)
[2015.11.06-09.33.18:478][406]LogNet: Browse: 127.0.0.1//Game/RollingCPP/Maps/MainMenu
[2015.11.06-09.33.18:478][406]LogInit: WinSock: Socket queue 32768 / 32768
[2015.11.06-09.33.18:479][406]LogNet: Game client on port 7777, rate 10000
[2015.11.06-09.33.18:479][406]LogNet: GetLocalNetworkVersion: GEngineNetVersion: 2707645, ProjectName: bos, ProjectVersion: 1.0.0.0, InternalProtocolVersion: 9, LocalNetworkVersion: 1605316083
[2015.11.06-09.33.18:524][406]PIE: Info Play in editor start time for /Game/RollingCPP/Maps/MainMenu 1.073
[2015.11.06-09.33.18:526][406]LogBlueprintUserMessages: Late PlayInEditor Detection: Level '/Game/RollingCPP/Maps/MainMenu.MainMenu:PersistentLevel' has LevelScriptBlueprint '/Game/RollingCPP/Maps/MainMenu.MainMenu:PersistentLevel.MainMenu' with GeneratedClass '/Game/RollingCPP/Maps/MainMenu.MainMenu_C' with ClassGeneratedBy '/Game/RollingCPP/Maps/MainMenu.MainMenu:PersistentLevel.MainMenu'
[2015.11.06-09.33.18:526][406]LogNet: NotifyAcceptingConnection: Server MainMenu accept
[2015.11.06-09.33.18:526][406]LogNet: Open MainMenu 11/06/15 10:33:18 127.0.0.1
[2015.11.06-09.33.18:526][406]LogNet: Added client connection.  Remote address = 127.0.0.1:54819
[2015.11.06-09.33.18:526][406]LogNet: NotifyAcceptingChannel Control 0 server World /Game/RollingCPP/Maps/UEDPIE_1_MainMenu.MainMenu: Accepted
[2015.11.06-09.33.18:526][406]LogNet: Remote platform little endian=1
[2015.11.06-09.33.18:526][406]LogNet: This platform little endian=1
[2015.11.06-09.33.18:526][406]LogNet: GetLocalNetworkVersion: GEngineNetVersion: 2707645, ProjectName: bos, ProjectVersion: 1.0.0.0, InternalProtocolVersion: 9, LocalNetworkVersion: 1605316083
[2015.11.06-09.33.18:527][406]LogNet: NotifyAcceptingConnection: Server MainMenu accept
[2015.11.06-09.33.18:527][406]LogNet: Open MainMenu 11/06/15 10:33:18 127.0.0.1
[2015.11.06-09.33.18:527][406]LogNet: Added client connection.  Remote address = 127.0.0.1:54820
[2015.11.06-09.33.18:527][406]LogNet: NotifyAcceptingChannel Control 0 server World /Game/RollingCPP/Maps/UEDPIE_1_MainMenu.MainMenu: Accepted
[2015.11.06-09.33.18:527][406]LogNet: Remote platform little endian=1
[2015.11.06-09.33.18:527][406]LogNet: This platform little endian=1
[2015.11.06-09.33.18:527][406]LogNet: GetLocalNetworkVersion: GEngineNetVersion: 2707645, ProjectName: bos, ProjectVersion: 1.0.0.0, InternalProtocolVersion: 9, LocalNetworkVersion: 1605316083
[2015.11.06-09.33.18:527][406]LogNet: NotifyAcceptingConnection: Server MainMenu accept
[2015.11.06-09.33.18:527][406]LogNet: Open MainMenu 11/06/15 10:33:18 127.0.0.1
[2015.11.06-09.33.18:527][406]LogNet: Added client connection.  Remote address = 127.0.0.1:54821
[2015.11.06-09.33.18:527][406]LogNet: NotifyAcceptingChannel Control 0 server World /Game/RollingCPP/Maps/UEDPIE_1_MainMenu.MainMenu: Accepted
[2015.11.06-09.33.18:527][406]LogNet: Remote platform little endian=1
[2015.11.06-09.33.18:527][406]LogNet: This platform little endian=1
[2015.11.06-09.33.18:527][406]LogNet: GetLocalNetworkVersion: GEngineNetVersion: 2707645, ProjectName: bos, ProjectVersion: 1.0.0.0, InternalProtocolVersion: 9, LocalNetworkVersion: 1605316083
[2015.11.06-09.33.18:560][407]LogNet: Login request: /Game/RollingCPP/Maps/MainMenu userId: Invalid
[2015.11.06-09.33.18:560][407]LogNet: Login request: /Game/RollingCPP/Maps/MainMenu userId: Invalid
[2015.11.06-09.33.18:560][407]LogNet: Login request: /Game/RollingCPP/Maps/MainMenu userId: Invalid
[2015.11.06-09.33.18:562][407]LogNet: Welcomed by server (Level: /Game/RollingCPP/Maps/UEDPIE_1_MainMenu, Game: /Script/Engine.GameMode)
[2015.11.06-09.33.18:613][407]LogLoad: LoadMap: 127.0.0.1//Game/RollingCPP/Maps/UEDPIE_1_MainMenu?game=/Script/Engine.GameMode
[2015.11.06-09.33.18:642][407]LogParticles: Destroying 0 GPU particle simulations for FXSystem 0x000000BB52ADDEE0
[2015.11.06-09.33.18:644][407]Cmd: MEM
[2015.11.06-09.33.18:672][407]LogMemory: Platform Memory Stats for Windows
[2015.11.06-09.33.18:672][407]LogMemory: Process Physical Memory: 566.36 MB used, 593.93 MB peak
[2015.11.06-09.33.18:672][407]LogMemory: Process Virtual Memory: 487.19 MB used, 492.63 MB peak
[2015.11.06-09.33.18:672][407]LogMemory: Physical Memory: 3110.79 MB used, 7626.27 MB total
[2015.11.06-09.33.18:672][407]LogMemory: Virtual Memory: 1122.40 MB used, 134217728.00 MB total
[2015.11.06-09.33.18:672][407]LogMemory: 
[2015.11.06-09.33.18:672][407]Allocator Stats for TBB: (not implemented)
[2015.11.06-09.33.18:672][407]LogLinker: Can't find file for asset '/Game/RollingCPP/Maps/UEDPIE_1_MainMenu' while loading NULL.
[2015.11.06-09.33.18:682][407]LogWorld: PIE: Copying PIE streaming level from /Game/RollingCPP/Maps/MainMenu.MainMenu to /Game/RollingCPP/Maps/UEDPIE_2_MainMenu.MainMenu. OwningWorld: None
[2015.11.06-09.33.18:683][407]LogAIModule: Creating AISystem for world MainMenu
[2015.11.06-09.33.18:690][407]LogWorld: Bringing World /Game/RollingCPP/Maps/UEDPIE_2_MainMenu.MainMenu up for play (max tick rate 0) at 2015.11.06-10.33.18
[2015.11.06-09.33.18:690][407]LogWorld: Bringing up level for play took: 0.005060
[2015.11.06-09.33.18:691][407]LogNet: Welcomed by server (Level: /Game/RollingCPP/Maps/UEDPIE_1_MainMenu, Game: /Script/Engine.GameMode)
[2015.11.06-09.33.18:691][407]LogLoad: LoadMap: 127.0.0.1//Game/RollingCPP/Maps/UEDPIE_1_MainMenu?game=/Script/Engine.GameMode
[2015.11.06-09.33.18:720][407]LogParticles: Destroying 0 GPU particle simulations for FXSystem 0x000000BB52ADD300
[2015.11.06-09.33.18:722][407]Cmd: MEM
[2015.11.06-09.33.18:749][407]LogMemory: Platform Memory Stats for Windows
[2015.11.06-09.33.18:749][407]LogMemory: Process Physical Memory: 566.43 MB used, 593.93 MB peak
[2015.11.06-09.33.18:750][407]LogMemory: Process Virtual Memory: 487.33 MB used, 492.63 MB peak
[2015.11.06-09.33.18:750][407]LogMemory: Physical Memory: 3110.79 MB used, 7626.27 MB total
[2015.11.06-09.33.18:750][407]LogMemory: Virtual Memory: 1122.40 MB used, 134217728.00 MB total
[2015.11.06-09.33.18:750][407]LogMemory: 
[2015.11.06-09.33.18:750][407]Allocator Stats for TBB: (not implemented)
[2015.11.06-09.33.18:750][407]LogLinker: Can't find file for asset '/Game/RollingCPP/Maps/UEDPIE_1_MainMenu' while loading NULL.
[2015.11.06-09.33.18:760][407]LogWorld: PIE: Copying PIE streaming level from /Game/RollingCPP/Maps/MainMenu.MainMenu to /Game/RollingCPP/Maps/UEDPIE_3_MainMenu.MainMenu. OwningWorld: None
[2015.11.06-09.33.18:762][407]LogAIModule: Creating AISystem for world MainMenu
[2015.11.06-09.33.18:770][407]LogWorld: Bringing World /Game/RollingCPP/Maps/UEDPIE_3_MainMenu.MainMenu up for play (max tick rate 0) at 2015.11.06-10.33.18
[2015.11.06-09.33.18:770][407]LogWorld: Bringing up level for play took: 0.006740
[2015.11.06-09.33.18:772][407]LogNet: Welcomed by server (Level: /Game/RollingCPP/Maps/UEDPIE_1_MainMenu, Game: /Script/Engine.GameMode)
[2015.11.06-09.33.18:772][407]LogLoad: LoadMap: 127.0.0.1//Game/RollingCPP/Maps/UEDPIE_1_MainMenu?game=/Script/Engine.GameMode
[2015.11.06-09.33.18:799][407]LogParticles: Destroying 0 GPU particle simulations for FXSystem 0x000000BB52ADEC00
[2015.11.06-09.33.18:802][407]Cmd: MEM
[2015.11.06-09.33.18:830][407]LogMemory: Platform Memory Stats for Windows
[2015.11.06-09.33.18:830][407]LogMemory: Process Physical Memory: 566.50 MB used, 593.93 MB peak
[2015.11.06-09.33.18:830][407]LogMemory: Process Virtual Memory: 487.47 MB used, 492.63 MB peak
[2015.11.06-09.33.18:830][407]LogMemory: Physical Memory: 3110.78 MB used, 7626.27 MB total
[2015.11.06-09.33.18:830][407]LogMemory: Virtual Memory: 1122.40 MB used, 134217728.00 MB total
[2015.11.06-09.33.18:830][407]LogMemory: 
[2015.11.06-09.33.18:830][407]Allocator Stats for TBB: (not implemented)
[2015.11.06-09.33.18:830][407]LogLinker: Can't find file for asset '/Game/RollingCPP/Maps/UEDPIE_1_MainMenu' while loading NULL.
[2015.11.06-09.33.18:839][407]LogWorld: PIE: Copying PIE streaming level from /Game/RollingCPP/Maps/MainMenu.MainMenu to /Game/RollingCPP/Maps/UEDPIE_4_MainMenu.MainMenu. OwningWorld: None
[2015.11.06-09.33.18:840][407]LogAIModule: Creating AISystem for world MainMenu
[2015.11.06-09.33.18:847][407]LogWorld: Bringing World /Game/RollingCPP/Maps/UEDPIE_4_MainMenu.MainMenu up for play (max tick rate 0) at 2015.11.06-10.33.18
[2015.11.06-09.33.18:848][407]LogWorld: Bringing up level for play took: 0.005878
[2015.11.06-09.33.18:884][408]LogNet: Client netspeed is 10000
[2015.11.06-09.33.18:884][408]LogNet: Join request: /Game/RollingCPP/Maps/MainMenu?SplitscreenCount=1
[2015.11.06-09.33.18:891][408]LogNet: Join succeeded: 261
[2015.11.06-09.33.18:891][408]LogNet: Client netspeed is 10000
[2015.11.06-09.33.18:891][408]LogNet: Join request: /Game/RollingCPP/Maps/MainMenu?SplitscreenCount=1
[2015.11.06-09.33.18:896][408]LogNet: Join succeeded: 262
[2015.11.06-09.33.18:896][408]LogNet: Client netspeed is 10000
[2015.11.06-09.33.18:896][408]LogNet: Join request: /Game/RollingCPP/Maps/MainMenu?SplitscreenCount=1
[2015.11.06-09.33.18:900][408]LogNet: Join succeeded: 263
[2015.11.06-09.33.26:723][669]LogPackageName: SearchForPackageOnDisk took   0.115s to resolve Map1.umap.
[2015.11.06-09.33.26:846][669]LogPackageName: SearchForPackageOnDisk took   0.119s to resolve Map1.umap.
[2015.11.06-09.33.26:846][669]LogNet: Browse: /Game/RollingCPP/Maps/Map1?listen
[2015.11.06-09.33.26:846][669]LogLoad: LoadMap: /Game/RollingCPP/Maps/Map1?listen
[2015.11.06-09.33.26:846][669]LogNet: World NetDriver shutdown IpNetDriver_7 [GameNetDriver]
[2015.11.06-09.33.26:846][669]LogNet: DestroyNamedNetDriver IpNetDriver_7 [GameNetDriver]
[2015.11.06-09.33.26:846][669]LogNet: UNetConnection::Close: Name: IpConnection_8, Driver: GameNetDriver IpNetDriver_7, PC: PlayerController_19, Owner: PlayerController_19, Channels: 15, RemoteAddr: 127.0.0.1:7777, Time: 2015.11.06-09.33.26
[2015.11.06-09.33.26:846][669]LogNet: UChannel::Close: Sending CloseBunch. ChIndex == 0. Name: ControlChannel_8
[2015.11.06-09.33.26:854][669]LogExit: GameNetDriver IpNetDriver_7 shut down
[2015.11.06-09.33.26:885][669]LogParticles: Destroying 0 GPU particle simulations for FXSystem 0x000000BB6B564FE0
[2015.11.06-09.33.26:885][669]Cmd: MEM
[2015.11.06-09.33.26:910][669]LogMemory: Platform Memory Stats for Windows
[2015.11.06-09.33.26:910][669]LogMemory: Process Physical Memory: 577.58 MB used, 593.93 MB peak
[2015.11.06-09.33.26:910][669]LogMemory: Process Virtual Memory: 499.06 MB used, 499.06 MB peak
[2015.11.06-09.33.26:910][669]LogMemory: Physical Memory: 3198.00 MB used, 7626.27 MB total
[2015.11.06-09.33.26:911][669]LogMemory: Virtual Memory: 1130.46 MB used, 134217728.00 MB total
[2015.11.06-09.33.26:911][669]LogMemory: 
[2015.11.06-09.33.26:911][669]Allocator Stats for TBB: (not implemented)
[2015.11.06-09.33.28:989][669]LogAIModule: Creating AISystem for world Map1
[2015.11.06-09.33.29:004][669]LogWorld: Game class is 'BOSGameMode'
[2015.11.06-09.33.29:004][669]LogInit: WinSock: Socket queue 131072 / 131072
[2015.11.06-09.33.29:004][669]LogNet: GameNetDriver IpNetDriver_8 IpNetDriver listening on port 7778
[2015.11.06-09.33.29:035][669]LogPhysics:Warning: MoveFixedBody: Trying to move component'/Game/RollingCPP/Maps/UEDPIE_4_Map1.Map1:PersistentLevel.EditorCube14_113.StaticMeshComponent0' with a non-Movable Mobility.
[2015.11.06-09.33.29:036][669]LogPhysics:Warning: MoveFixedBody: Trying to move component'/Game/RollingCPP/Maps/UEDPIE_4_Map1.Map1:PersistentLevel.EditorCube18_116.StaticMeshComponent0' with a non-Movable Mobility.
[2015.11.06-09.33.29:036][669]LogPhysics:Warning: MoveFixedBody: Trying to move component'/Game/RollingCPP/Maps/UEDPIE_4_Map1.Map1:PersistentLevel.EditorCube22_120.StaticMeshComponent0' with a non-Movable Mobility.
[2015.11.06-09.33.29:036][669]LogPhysics:Warning: MoveFixedBody: Trying to move component'/Game/RollingCPP/Maps/UEDPIE_4_Map1.Map1:PersistentLevel.EditorCube23_121.StaticMeshComponent0' with a non-Movable Mobility.
[2015.11.06-09.33.29:036][669]LogPhysics:Warning: MoveFixedBody: Trying to move component'/Game/RollingCPP/Maps/UEDPIE_4_Map1.Map1:PersistentLevel.EditorCube31_130.StaticMeshComponent0' with a non-Movable Mobility.
[2015.11.06-09.33.29:036][669]LogPhysics:Warning: MoveFixedBody: Trying to move component'/Game/RollingCPP/Maps/UEDPIE_4_Map1.Map1:PersistentLevel.EditorCube35_134.StaticMeshComponent0' with a non-Movable Mobility.
[2015.11.06-09.33.29:036][669]LogPhysics:Warning: MoveFixedBody: Trying to move component'/Game/RollingCPP/Maps/UEDPIE_4_Map1.Map1:PersistentLevel.EditorCube36_135.StaticMeshComponent0' with a non-Movable Mobility.
[2015.11.06-09.33.29:036][669]LogWorld: Bringing World /Game/RollingCPP/Maps/UEDPIE_4_Map1.Map1 up for play (max tick rate 0) at 2015.11.06-10.33.29
[2015.11.06-09.33.29:036][669]LogActor:Warning: GameSession /Game/RollingCPP/Maps/UEDPIE_4_Map1.Map1:PersistentLevel.GameSession_2 has natively added scene component(s), but none of them were set as the actor's RootComponent - picking one arbitrarily
[2015.11.06-09.33.29:047][669]LogActor:Warning: GameNetworkManager /Game/RollingCPP/Maps/UEDPIE_4_Map1.Map1:PersistentLevel.GameNetworkManager_2 has natively added scene component(s), but none of them were set as the actor's RootComponent - picking one arbitrarily
[2015.11.06-09.33.29:048][669]LogWorld: Bringing up level for play took: 0.041506
[2015.11.06-09.33.29:048][669]LogLongPackageNames:Warning: URL: :7778//Game/RollingCPP/Maps/Map1: Name may not contain the following characters: :
[2015.11.06-09.33.29:102][670]LogNet: UChannel::ReceivedSequencedBunch: Bunch.bClose == true. ChIndex == 0. Calling ConditionalCleanUp.
[2015.11.06-09.33.29:102][670]LogNet: UChannel::CleanUp: [GameNetDriver] [PlayerController_16] [PlayerController_16]. ChIndex == 0. Closing connection.
[2015.11.06-09.33.29:102][670]LogNet: UNetConnection::Close: Name: IpConnection_11, Driver: GameNetDriver IpNetDriver_4, PC: PlayerController_16, Owner: PlayerController_16, Channels: 15, RemoteAddr: 127.0.0.1:54821, Time: 2015.11.06-09.33.29
[2015.11.06-09.33.29:102][670]LogNet: UChannel::Close: Sending CloseBunch. ChIndex == 0. Name: ControlChannel_11
[2015.11.06-09.34.52:625][631]Set new viewmode: Wireframe
[2015.11.06-09.34.52:657][632]LogBlueprintUserMessages: Early EndPlayMap Detection: Level '/Game/RollingCPP/Maps/MainMenu.MainMenu:PersistentLevel' has LevelScriptBlueprint '/Game/RollingCPP/Maps/MainMenu.MainMenu:PersistentLevel.MainMenu' with GeneratedClass '/Game/RollingCPP/Maps/MainMenu.MainMenu_C' with ClassGeneratedBy '/Game/RollingCPP/Maps/MainMenu.MainMenu:PersistentLevel.MainMenu'
[2015.11.06-09.34.53:040][632]LogSpawn:Warning: SpawnActor failed because we are in the process of tearing down the world
[2015.11.06-09.34.53:149][632]LogBlueprintUserMessages: Late EndPlayMap Detection: Level '/Game/RollingCPP/Maps/MainMenu.MainMenu:PersistentLevel' has LevelScriptBlueprint '/Game/RollingCPP/Maps/MainMenu.MainMenu:PersistentLevel.MainMenu' with GeneratedClass '/Game/RollingCPP/Maps/MainMenu.MainMenu_C' with ClassGeneratedBy '/Game/RollingCPP/Maps/MainMenu.MainMenu:PersistentLevel.MainMenu'
[2015.11.06-09.34.53:174][632]LogNet: UChannel::CleanUp: [GameNetDriver] [None] [None]. ChIndex == 0. Closing connection.
[2015.11.06-09.34.53:174][632]LogNet: UNetConnection::Close: Name: IpConnection_10, Driver: GameNetDriver IpNetDriver_4, PC: None, Owner: None, Channels: 2, RemoteAddr: 127.0.0.1:54820, Time: 2015.11.06-09.34.53
[2015.11.06-09.34.53:174][632]LogNet: UChannel::Close: Sending CloseBunch. ChIndex == 0. Name: ControlChannel_10
[2015.11.06-09.34.53:174][632]LogNet: UChannel::CleanUp: [GameNetDriver] [None] [None]. ChIndex == 0. Closing connection.
[2015.11.06-09.34.53:174][632]LogNet: UNetConnection::Close: Name: IpConnection_9, Driver: GameNetDriver IpNetDriver_4, PC: None, Owner: None, Channels: 2, RemoteAddr: 127.0.0.1:54819, Time: 2015.11.06-09.34.53
[2015.11.06-09.34.53:174][632]LogNet: UChannel::Close: Sending CloseBunch. ChIndex == 0. Name: ControlChannel_9
[2015.11.06-09.34.53:174][632]LogNet: UChannel::CleanUp: [GameNetDriver] [None] [None]. ChIndex == 0. Closing connection.
[2015.11.06-09.34.53:174][632]LogNet: UNetConnection::Close: Name: IpConnection_7, Driver: GameNetDriver IpNetDriver_6, PC: None, Owner: None, Channels: 2, RemoteAddr: 127.0.0.1:7777, Time: 2015.11.06-09.34.53
[2015.11.06-09.34.53:174][632]LogNet: UChannel::Close: Sending CloseBunch. ChIndex == 0. Name: ControlChannel_7
[2015.11.06-09.34.53:174][632]LogNet: UChannel::CleanUp: [GameNetDriver] [None] [None]. ChIndex == 0. Closing connection.
[2015.11.06-09.34.53:174][632]LogNet: UNetConnection::Close: Name: IpConnection_6, Driver: GameNetDriver IpNetDriver_5, PC: None, Owner: None, Channels: 2, RemoteAddr: 127.0.0.1:7777, Time: 2015.11.06-09.34.53
[2015.11.06-09.34.53:174][632]LogNet: UChannel::Close: Sending CloseBunch. ChIndex == 0. Name: ControlChannel_6
[2015.11.06-09.34.53:182][632]LogExit: GameNetDriver None shut down
[2015.11.06-09.34.53:182][632]LogExit: GameNetDriver None shut down
[2015.11.06-09.34.53:182][632]LogExit: GameNetDriver None shut down
[2015.11.06-09.34.53:184][632]LogParticles: Destroying 0 GPU particle simulations for FXSystem 0x000000BB6B566AC0
[2015.11.06-09.34.53:184][632]LogParticles: Destroying 0 GPU particle simulations for FXSystem 0x000000BB50DF1A80
[2015.11.06-09.34.53:186][632]LogParticles: Destroying 0 GPU particle simulations for FXSystem 0x000000BB50F79620
[2015.11.06-09.34.53:187][632]LogParticles: Destroying 0 GPU particle simulations for FXSystem 0x000000BB568D0680
[2015.11.06-09.34.53:187][632]LogExit: GameNetDriver None shut down
[2015.11.06-09.38.53:093][423]LogEditorViewport: Clicking on Actor (LMB): StaticMeshActor (Sphere)
[2015.11.06-09.39.00:385][928]LogBlueprintUserMessages: Early PlayInEditor Detection: Level '/Game/RollingCPP/Maps/MainMenu.MainMenu:PersistentLevel' has LevelScriptBlueprint '/Game/RollingCPP/Maps/MainMenu.MainMenu:PersistentLevel.MainMenu' with GeneratedClass '/Game/RollingCPP/Maps/MainMenu.MainMenu_C' with ClassGeneratedBy '/Game/RollingCPP/Maps/MainMenu.MainMenu:PersistentLevel.MainMenu'
[2015.11.06-09.39.00:385][928]LogPlayLevel: PlayLevel: No blueprints needed recompiling
[2015.11.06-09.39.00:387][928]PIE: New page: PIE session: MainMenu (Nov 6, 2015, 11:39:00 AM)
[2015.11.06-09.39.00:387][928]LogPlayLevel: Creating play world package: /Game/RollingCPP/Maps/UEDPIE_1_MainMenu
[2015.11.06-09.39.00:395][928]LogPlayLevel: PIE: StaticDuplicateObject took: (0.007976s)
[2015.11.06-09.39.00:397][928]LogAIModule: Creating AISystem for world MainMenu
[2015.11.06-09.39.00:397][928]LogPlayLevel: PIE: World Init took: (0.001405s)
[2015.11.06-09.39.00:397][928]LogPlayLevel: PIE: Created PIE world by copying editor world from /Game/RollingCPP/Maps/MainMenu.MainMenu to /Game/RollingCPP/Maps/UEDPIE_1_MainMenu.MainMenu (0.010081s)
[2015.11.06-09.39.00:430][928]LogInit: XAudio2 using 'Speakers (Realtek High Definition Audio)' : 2 channels at 48 kHz using 32 bits per sample (channel mask 0x3)
[2015.11.06-09.39.00:446][928]LogInit: FAudioDevice initialized.
[2015.11.06-09.39.00:485][928]LogWorld: Game class is 'GameMode'
[2015.11.06-09.39.00:493][928]LogWorld: Bringing World /Game/RollingCPP/Maps/UEDPIE_1_MainMenu.MainMenu up for play (max tick rate 0) at 2015.11.06-10.39.00
[2015.11.06-09.39.00:493][928]LogActor:Warning: GameSession /Game/RollingCPP/Maps/UEDPIE_1_MainMenu.MainMenu:PersistentLevel.GameSession_3 has natively added scene component(s), but none of them were set as the actor's RootComponent - picking one arbitrarily
[2015.11.06-09.39.00:493][928]LogActor:Warning: GameNetworkManager /Game/RollingCPP/Maps/UEDPIE_1_MainMenu.MainMenu:PersistentLevel.GameNetworkManager_3 has natively added scene component(s), but none of them were set as the actor's RootComponent - picking one arbitrarily
[2015.11.06-09.39.00:494][928]LogWorld: Bringing up level for play took: 0.006906
[2015.11.06-09.39.00:495][928]LogInit: WinSock: Socket queue 131072 / 131072
[2015.11.06-09.39.00:496][928]LogNet: GameNetDriver IpNetDriver_9 IpNetDriver listening on port 7777
[2015.11.06-09.39.00:540][928]PIE: Info Play in editor start time for /Game/RollingCPP/Maps/UEDPIE_1_MainMenu 1.09
[2015.11.06-09.39.00:554][928]PIE: New page: PIE session: MainMenu (Nov 6, 2015, 11:39:00 AM)
[2015.11.06-09.39.00:604][928]LogNet: Browse: 127.0.0.1//Game/RollingCPP/Maps/MainMenu
[2015.11.06-09.39.00:604][928]LogInit: WinSock: Socket queue 32768 / 32768
[2015.11.06-09.39.00:604][928]LogNet: Game client on port 7777, rate 10000
[2015.11.06-09.39.00:604][928]LogNet: GetLocalNetworkVersion: GEngineNetVersion: 2707645, ProjectName: bos, ProjectVersion: 1.0.0.0, InternalProtocolVersion: 9, LocalNetworkVersion: 1605316083
[2015.11.06-09.39.00:662][928]PIE: Info Play in editor start time for /Game/RollingCPP/Maps/MainMenu 1.211
[2015.11.06-09.39.00:678][928]PIE: New page: PIE session: MainMenu (Nov 6, 2015, 11:39:00 AM)
[2015.11.06-09.39.00:722][928]LogNet: Browse: 127.0.0.1//Game/RollingCPP/Maps/MainMenu
[2015.11.06-09.39.00:723][928]LogInit: WinSock: Socket queue 32768 / 32768
[2015.11.06-09.39.00:723][928]LogNet: Game client on port 7777, rate 10000
[2015.11.06-09.39.00:723][928]LogNet: GetLocalNetworkVersion: GEngineNetVersion: 2707645, ProjectName: bos, ProjectVersion: 1.0.0.0, InternalProtocolVersion: 9, LocalNetworkVersion: 1605316083
[2015.11.06-09.39.00:773][928]PIE: Info Play in editor start time for /Game/RollingCPP/Maps/MainMenu 1.323
[2015.11.06-09.39.00:788][928]PIE: New page: PIE session: MainMenu (Nov 6, 2015, 11:39:00 AM)
[2015.11.06-09.39.00:835][928]LogNet: Browse: 127.0.0.1//Game/RollingCPP/Maps/MainMenu
[2015.11.06-09.39.00:835][928]LogInit: WinSock: Socket queue 32768 / 32768
[2015.11.06-09.39.00:836][928]LogNet: Game client on port 7777, rate 10000
[2015.11.06-09.39.00:836][928]LogNet: GetLocalNetworkVersion: GEngineNetVersion: 2707645, ProjectName: bos, ProjectVersion: 1.0.0.0, InternalProtocolVersion: 9, LocalNetworkVersion: 1605316083
[2015.11.06-09.39.00:890][928]PIE: Info Play in editor start time for /Game/RollingCPP/Maps/MainMenu 1.439
[2015.11.06-09.39.00:902][928]LogBlueprintUserMessages: Late PlayInEditor Detection: Level '/Game/RollingCPP/Maps/MainMenu.MainMenu:PersistentLevel' has LevelScriptBlueprint '/Game/RollingCPP/Maps/MainMenu.MainMenu:PersistentLevel.MainMenu' with GeneratedClass '/Game/RollingCPP/Maps/MainMenu.MainMenu_C' with ClassGeneratedBy '/Game/RollingCPP/Maps/MainMenu.MainMenu:PersistentLevel.MainMenu'
[2015.11.06-09.39.00:902][928]LogNet: NotifyAcceptingConnection: Server MainMenu accept
[2015.11.06-09.39.00:902][928]LogNet: Open MainMenu 11/06/15 10:39:00 127.0.0.1
[2015.11.06-09.39.00:902][928]LogNet: Added client connection.  Remote address = 127.0.0.1:59366
[2015.11.06-09.39.00:902][928]LogNet: NotifyAcceptingChannel Control 0 server World /Game/RollingCPP/Maps/UEDPIE_1_MainMenu.MainMenu: Accepted
[2015.11.06-09.39.00:902][928]LogNet: Remote platform little endian=1
[2015.11.06-09.39.00:902][928]LogNet: This platform little endian=1
[2015.11.06-09.39.00:902][928]LogNet: GetLocalNetworkVersion: GEngineNetVersion: 2707645, ProjectName: bos, ProjectVersion: 1.0.0.0, InternalProtocolVersion: 9, LocalNetworkVersion: 1605316083
[2015.11.06-09.39.00:902][928]LogNet: NotifyAcceptingConnection: Server MainMenu accept
[2015.11.06-09.39.00:902][928]LogNet: Open MainMenu 11/06/15 10:39:00 127.0.0.1
[2015.11.06-09.39.00:902][928]LogNet: Added client connection.  Remote address = 127.0.0.1:59367
[2015.11.06-09.39.00:902][928]LogNet: NotifyAcceptingChannel Control 0 server World /Game/RollingCPP/Maps/UEDPIE_1_MainMenu.MainMenu: Accepted
[2015.11.06-09.39.00:902][928]LogNet: Remote platform little endian=1
[2015.11.06-09.39.00:903][928]LogNet: This platform little endian=1
[2015.11.06-09.39.00:903][928]LogNet: GetLocalNetworkVersion: GEngineNetVersion: 2707645, ProjectName: bos, ProjectVersion: 1.0.0.0, InternalProtocolVersion: 9, LocalNetworkVersion: 1605316083
[2015.11.06-09.39.00:903][928]LogNet: NotifyAcceptingConnection: Server MainMenu accept
[2015.11.06-09.39.00:903][928]LogNet: Open MainMenu 11/06/15 10:39:00 127.0.0.1
[2015.11.06-09.39.00:903][928]LogNet: Added client connection.  Remote address = 127.0.0.1:59368
[2015.11.06-09.39.00:903][928]LogNet: NotifyAcceptingChannel Control 0 server World /Game/RollingCPP/Maps/UEDPIE_1_MainMenu.MainMenu: Accepted
[2015.11.06-09.39.00:903][928]LogNet: Remote platform little endian=1
[2015.11.06-09.39.00:903][928]LogNet: This platform little endian=1
[2015.11.06-09.39.00:903][928]LogNet: GetLocalNetworkVersion: GEngineNetVersion: 2707645, ProjectName: bos, ProjectVersion: 1.0.0.0, InternalProtocolVersion: 9, LocalNetworkVersion: 1605316083
[2015.11.06-09.39.00:964][929]LogNet: Login request: /Game/RollingCPP/Maps/MainMenu userId: Invalid
[2015.11.06-09.39.00:964][929]LogNet: Login request: /Game/RollingCPP/Maps/MainMenu userId: Invalid
[2015.11.06-09.39.00:964][929]LogNet: Login request: /Game/RollingCPP/Maps/MainMenu userId: Invalid
[2015.11.06-09.39.00:966][929]LogNet: Welcomed by server (Level: /Game/RollingCPP/Maps/UEDPIE_1_MainMenu, Game: /Script/Engine.GameMode)
[2015.11.06-09.39.01:032][929]LogLoad: LoadMap: 127.0.0.1//Game/RollingCPP/Maps/UEDPIE_1_MainMenu?game=/Script/Engine.GameMode
[2015.11.06-09.39.01:059][929]LogParticles: Destroying 0 GPU particle simulations for FXSystem 0x000000BB580A87C0
[2015.11.06-09.39.01:062][929]Cmd: MEM
[2015.11.06-09.39.01:092][929]LogMemory: Platform Memory Stats for Windows
[2015.11.06-09.39.01:092][929]LogMemory: Process Physical Memory: 693.19 MB used, 717.91 MB peak
[2015.11.06-09.39.01:092][929]LogMemory: Process Virtual Memory: 607.27 MB used, 619.75 MB peak
[2015.11.06-09.39.01:092][929]LogMemory: Physical Memory: 3232.13 MB used, 7626.27 MB total
[2015.11.06-09.39.01:092][929]LogMemory: Virtual Memory: 1245.02 MB used, 134217728.00 MB total
[2015.11.06-09.39.01:092][929]LogMemory: 
[2015.11.06-09.39.01:092][929]Allocator Stats for TBB: (not implemented)
[2015.11.06-09.39.01:093][929]LogLinker: Can't find file for asset '/Game/RollingCPP/Maps/UEDPIE_1_MainMenu' while loading NULL.
[2015.11.06-09.39.01:104][929]LogWorld: PIE: Copying PIE streaming level from /Game/RollingCPP/Maps/MainMenu.MainMenu to /Game/RollingCPP/Maps/UEDPIE_2_MainMenu.MainMenu. OwningWorld: None
[2015.11.06-09.39.01:105][929]LogAIModule: Creating AISystem for world MainMenu
[2015.11.06-09.39.01:111][929]LogWorld: Bringing World /Game/RollingCPP/Maps/UEDPIE_2_MainMenu.MainMenu up for play (max tick rate 0) at 2015.11.06-10.39.01
[2015.11.06-09.39.01:112][929]LogWorld: Bringing up level for play took: 0.004786
[2015.11.06-09.39.01:113][929]LogNet: Welcomed by server (Level: /Game/RollingCPP/Maps/UEDPIE_1_MainMenu, Game: /Script/Engine.GameMode)
[2015.11.06-09.39.01:113][929]LogLoad: LoadMap: 127.0.0.1//Game/RollingCPP/Maps/UEDPIE_1_MainMenu?game=/Script/Engine.GameMode
[2015.11.06-09.39.01:143][929]LogParticles: Destroying 0 GPU particle simulations for FXSystem 0x000000BB568D00E0
[2015.11.06-09.39.01:145][929]Cmd: MEM
[2015.11.06-09.39.01:172][929]LogMemory: Platform Memory Stats for Windows
[2015.11.06-09.39.01:172][929]LogMemory: Process Physical Memory: 693.27 MB used, 717.91 MB peak
[2015.11.06-09.39.01:172][929]LogMemory: Process Virtual Memory: 607.41 MB used, 619.75 MB peak
[2015.11.06-09.39.01:172][929]LogMemory: Physical Memory: 3232.14 MB used, 7626.27 MB total
[2015.11.06-09.39.01:172][929]LogMemory: Virtual Memory: 1245.02 MB used, 134217728.00 MB total
[2015.11.06-09.39.01:172][929]LogMemory: 
[2015.11.06-09.39.01:172][929]Allocator Stats for TBB: (not implemented)
[2015.11.06-09.39.01:173][929]LogLinker: Can't find file for asset '/Game/RollingCPP/Maps/UEDPIE_1_MainMenu' while loading NULL.
[2015.11.06-09.39.01:182][929]LogWorld: PIE: Copying PIE streaming level from /Game/RollingCPP/Maps/MainMenu.MainMenu to /Game/RollingCPP/Maps/UEDPIE_3_MainMenu.MainMenu. OwningWorld: None
[2015.11.06-09.39.01:183][929]LogAIModule: Creating AISystem for world MainMenu
[2015.11.06-09.39.01:190][929]LogWorld: Bringing World /Game/RollingCPP/Maps/UEDPIE_3_MainMenu.MainMenu up for play (max tick rate 0) at 2015.11.06-10.39.01
[2015.11.06-09.39.01:191][929]LogWorld: Bringing up level for play took: 0.005806
[2015.11.06-09.39.01:192][929]LogNet: Welcomed by server (Level: /Game/RollingCPP/Maps/UEDPIE_1_MainMenu, Game: /Script/Engine.GameMode)
[2015.11.06-09.39.01:192][929]LogLoad: LoadMap: 127.0.0.1//Game/RollingCPP/Maps/UEDPIE_1_MainMenu?game=/Script/Engine.GameMode
[2015.11.06-09.39.01:219][929]LogParticles: Destroying 0 GPU particle simulations for FXSystem 0x000000BB72C3BC40
[2015.11.06-09.39.01:222][929]Cmd: MEM
[2015.11.06-09.39.01:248][929]LogMemory: Platform Memory Stats for Windows
[2015.11.06-09.39.01:248][929]LogMemory: Process Physical Memory: 693.34 MB used, 717.91 MB peak
[2015.11.06-09.39.01:248][929]LogMemory: Process Virtual Memory: 607.55 MB used, 619.75 MB peak
[2015.11.06-09.39.01:248][929]LogMemory: Physical Memory: 3232.14 MB used, 7626.27 MB total
[2015.11.06-09.39.01:248][929]LogMemory: Virtual Memory: 1245.02 MB used, 134217728.00 MB total
[2015.11.06-09.39.01:248][929]LogMemory: 
[2015.11.06-09.39.01:248][929]Allocator Stats for TBB: (not implemented)
[2015.11.06-09.39.01:248][929]LogLinker: Can't find file for asset '/Game/RollingCPP/Maps/UEDPIE_1_MainMenu' while loading NULL.
[2015.11.06-09.39.01:254][929]LogWorld: PIE: Copying PIE streaming level from /Game/RollingCPP/Maps/MainMenu.MainMenu to /Game/RollingCPP/Maps/UEDPIE_4_MainMenu.MainMenu. OwningWorld: None
[2015.11.06-09.39.01:255][929]LogAIModule: Creating AISystem for world MainMenu
[2015.11.06-09.39.01:262][929]LogWorld: Bringing World /Game/RollingCPP/Maps/UEDPIE_4_MainMenu.MainMenu up for play (max tick rate 0) at 2015.11.06-10.39.01
[2015.11.06-09.39.01:263][929]LogWorld: Bringing up level for play took: 0.005909
[2015.11.06-09.39.01:294][930]LogNet: Client netspeed is 10000
[2015.11.06-09.39.01:294][930]LogNet: Join request: /Game/RollingCPP/Maps/MainMenu?SplitscreenCount=1
[2015.11.06-09.39.01:301][930]LogNet: Join succeeded: 266
[2015.11.06-09.39.01:301][930]LogNet: Client netspeed is 10000
[2015.11.06-09.39.01:301][930]LogNet: Join request: /Game/RollingCPP/Maps/MainMenu?SplitscreenCount=1
[2015.11.06-09.39.01:305][930]LogNet: Join succeeded: 267
[2015.11.06-09.39.01:305][930]LogNet: Client netspeed is 10000
[2015.11.06-09.39.01:305][930]LogNet: Join request: /Game/RollingCPP/Maps/MainMenu?SplitscreenCount=1
[2015.11.06-09.39.01:308][930]LogNet: Join succeeded: 268
[2015.11.06-09.39.06:716][121]LogPackageName: SearchForPackageOnDisk took   0.122s to resolve Map2.umap.
[2015.11.06-09.39.06:837][121]LogPackageName: SearchForPackageOnDisk took   0.116s to resolve Map2.umap.
[2015.11.06-09.39.06:837][121]LogNet: Browse: /Game/RollingCPP/Maps/Map2?listen
[2015.11.06-09.39.06:838][121]LogLoad: LoadMap: /Game/RollingCPP/Maps/Map2?listen
[2015.11.06-09.39.06:838][121]LogNet: World NetDriver shutdown IpNetDriver_12 [GameNetDriver]
[2015.11.06-09.39.06:838][121]LogNet: DestroyNamedNetDriver IpNetDriver_12 [GameNetDriver]
[2015.11.06-09.39.06:838][121]LogNet: UNetConnection::Close: Name: IpConnection_14, Driver: GameNetDriver IpNetDriver_12, PC: PlayerController_29, Owner: PlayerController_29, Channels: 15, RemoteAddr: 127.0.0.1:7777, Time: 2015.11.06-09.39.06
[2015.11.06-09.39.06:838][121]LogNet: UChannel::Close: Sending CloseBunch. ChIndex == 0. Name: ControlChannel_14
[2015.11.06-09.39.06:838][121]LogExit: GameNetDriver IpNetDriver_12 shut down
[2015.11.06-09.39.06:872][121]LogParticles: Destroying 0 GPU particle simulations for FXSystem 0x000000BB72CC74C0
[2015.11.06-09.39.06:872][121]Cmd: MEM
[2015.11.06-09.39.06:899][121]LogMemory: Platform Memory Stats for Windows
[2015.11.06-09.39.06:899][121]LogMemory: Process Physical Memory: 697.14 MB used, 717.91 MB peak
[2015.11.06-09.39.06:899][121]LogMemory: Process Virtual Memory: 611.08 MB used, 619.75 MB peak
[2015.11.06-09.39.06:899][121]LogMemory: Physical Memory: 3290.55 MB used, 7626.27 MB total
[2015.11.06-09.39.06:899][121]LogMemory: Virtual Memory: 1245.02 MB used, 134217728.00 MB total
[2015.11.06-09.39.06:899][121]LogMemory: 
[2015.11.06-09.39.06:899][121]Allocator Stats for TBB: (not implemented)
[2015.11.06-09.39.12:269][121]LogAIModule: Creating AISystem for world Map2
[2015.11.06-09.39.12:270][121]LogWorld: Game class is 'BOSGameMode'
[2015.11.06-09.39.12:270][121]LogInit: WinSock: Socket queue 131072 / 131072
[2015.11.06-09.39.12:271][121]LogNet: GameNetDriver IpNetDriver_13 IpNetDriver listening on port 7778
[2015.11.06-09.39.12:561][121]LogWorld: Bringing World /Game/RollingCPP/Maps/UEDPIE_4_Map2.Map2 up for play (max tick rate 0) at 2015.11.06-10.39.12
[2015.11.06-09.39.12:562][121]LogActor:Warning: GameSession /Game/RollingCPP/Maps/UEDPIE_4_Map2.Map2:PersistentLevel.GameSession_4 has natively added scene component(s), but none of them were set as the actor's RootComponent - picking one arbitrarily
[2015.11.06-09.39.12:562][121]LogActor:Warning: GameNetworkManager /Game/RollingCPP/Maps/UEDPIE_4_Map2.Map2:PersistentLevel.GameNetworkManager_4 has natively added scene component(s), but none of them were set as the actor's RootComponent - picking one arbitrarily
[2015.11.06-09.39.12:755][121]LogWorld: Bringing up level for play took: 0.482169
[2015.11.06-09.39.12:755][121]LogLongPackageNames:Warning: URL: :7778//Game/RollingCPP/Maps/Map2: Name may not contain the following characters: :
[2015.11.06-09.39.12:781][121]LogWindows:Error: Windows GetLastError: Åtgärden har slutförts. (0)
[2015.11.06-09.39.22:707][121]LogCrashTracker: 


[2015.11.06-09.39.22:868][121]LogCrashTracker: 


[2015.11.06-09.39.22:868][121]LogWindows: === Critical error: ===
Assertion failed: (Index >= 0) & (Index < ArrayNum) [File:C:\Program Files\Epic Games\4.9\Engine\Source\Runtime\Core\Public\Containers\Array.h] [Line: 678] 
Array index out of bounds: 0 from an array of size 0




[2015.11.06-09.39.23:159][121]LogExit: Executing StaticShutdownAfterError
[2015.11.06-09.39.23:245][121]LogPhysics:Warning: PHYSX: ..\..\PhysX\src\NpScene.cpp (2946) 8 : PxScene::unlockWrite() called without matching call to PxScene::lockWrite(), behaviour will be undefined.
[2015.11.06-09.39.23:245][121]LogPhysics:Warning: PHYSX: ..\..\PhysX\src\NpScene.cpp (2946) 8 : PxScene::unlockWrite() called without matching call to PxScene::lockWrite(), behaviour will be undefined.
[2015.11.06-09.39.23:246][121]LogPhysics:Warning: PHYSX: ..\..\PhysX\src\NpScene.cpp (2946) 8 : PxScene::unlockWrite() called without matching call to PxScene::lockWrite(), behaviour will be undefined.
[2015.11.06-09.39.23:246][121]LogPhysics:Warning: PHYSX: ..\..\PhysX\src\NpScene.cpp (2946) 8 : PxScene::unlockWrite() called without matching call to PxScene::lockWrite(), behaviour will be undefined.
[2015.11.06-09.39.23:246][121]LogPhysics:Warning: PHYSX: ..\..\PhysX\src\NpScene.cpp (2946) 8 : PxScene::unlockWrite() called without matching call to PxScene::lockWrite(), behaviour will be undefined.
[2015.11.06-09.39.23:246][121]LogPhysics:Warning: PHYSX: ..\..\PhysX\src\NpScene.cpp (2946) 8 : PxScene::unlockWrite() called without matching call to PxScene::lockWrite(), behaviour will be undefined.
[2015.11.06-09.39.23:247][121]LogPhysics:Warning: PHYSX: ..\..\PhysX\src\NpScene.cpp (2946) 8 : PxScene::unlockWrite() called without matching call to PxScene::lockWrite(), behaviour will be undefined.
[2015.11.06-09.39.23:247][121]LogPhysics:Warning: PHYSX: ..\..\PhysX\src\NpScene.cpp (2946) 8 : PxScene::unlockWrite() called without matching call to PxScene::lockWrite(), behaviour will be undefined.
[2015.11.06-09.39.23:248][121]LogPhysics:Warning: PHYSX: ..\..\PhysX\src\NpScene.cpp (2946) 8 : PxScene::unlockWrite() called without matching call to PxScene::lockWrite(), behaviour will be undefined.
[2015.11.06-09.39.23:248][121]LogPhysics:Warning: PHYSX: ..\..\PhysX\src\NpScene.cpp (2946) 8 : PxScene::unlockWrite() called without matching call to PxScene::lockWrite(), behaviour will be undefined.
[2015.11.06-09.39.23:248][121]LogWindows: FPlatformMisc::RequestExit(1)
[2015.11.06-09.39.23:248][121]Log file closed, 11/06/15 10:39:23
