[2015.11.08-14.12.00:465][  0]Log file open, 11/08/15 15:12:00
[2015.11.08-14.12.00:465][  0]LogInit:Display: Running engine for game: BOS
[2015.11.08-14.12.00:465][  0]LogInit:Display: RandInit(-756017987) SRandInit(-756017986).
[2015.11.08-14.12.00:465][  0]LogTaskGraph: Started task graph with 4 named threads and 5 total threads.
[2015.11.08-14.12.00:465][  0]LogStats: Stats thread started at 0.067439
[2015.11.08-14.12.00:465][  0]LogInit: Version: 4.9.2-2707645+++depot+UE4-Releases+4.9
[2015.11.08-14.12.00:465][  0]LogInit: API Version: 2672455
[2015.11.08-14.12.00:465][  0]LogInit: Compiled (64-bit): Sep 28 2015 10:25:44
[2015.11.08-14.12.00:465][  0]LogInit: Compiled with Visual C++: 18.00.21005.01
[2015.11.08-14.12.00:465][  0]LogInit: Build Configuration: Development
[2015.11.08-14.12.00:465][  0]LogInit: Branch Name: ++depot+UE4-Releases+4.9
[2015.11.08-14.12.00:465][  0]LogInit: Command line:  
[2015.11.08-14.12.00:465][  0]LogInit: Base directory: C:/Program Files/Epic Games/4.9/Engine/Binaries/Win64/
[2015.11.08-14.12.00:465][  0]LogInit: Rocket: 1
[2015.11.08-14.12.00:488][  0]LogInit: Using libcurl 7.41.0
[2015.11.08-14.12.00:488][  0]LogInit:  - built for x86_64-pc-win32
[2015.11.08-14.12.00:488][  0]LogInit:  - supports SSL with WinSSL
[2015.11.08-14.12.00:488][  0]LogInit:  - other features:
[2015.11.08-14.12.00:488][  0]LogInit:      CURL_VERSION_SSL
[2015.11.08-14.12.00:488][  0]LogInit:      CURL_VERSION_IPV6
[2015.11.08-14.12.00:488][  0]LogInit:      CURL_VERSION_ASYNCHDNS
[2015.11.08-14.12.00:488][  0]LogInit:      CURL_VERSION_LARGEFILE
[2015.11.08-14.12.00:488][  0]LogInit:      CURL_VERSION_IDN
[2015.11.08-14.12.00:488][  0]LogInit:  CurlRequestOptions (configurable via config and command line):
[2015.11.08-14.12.00:488][  0]LogInit:  - bVerifyPeer = true  - Libcurl will verify peer certificate
[2015.11.08-14.12.00:488][  0]LogInit:  - bUseHttpProxy = false  - Libcurl will NOT use HTTP proxy
[2015.11.08-14.12.00:488][  0]LogInit:  - bDontReuseConnections = false  - Libcurl will reuse connections
[2015.11.08-14.12.00:488][  0]LogInit:  - CertBundlePath = nullptr  - Libcurl will use whatever was configured at build time.
[2015.11.08-14.12.00:500][  0]LogInit: Presizing for 0 objects not considered by GC, pre-allocating 0 bytes.
[2015.11.08-14.12.00:513][  0]LogInit: Object subsystem initialized
[2015.11.08-14.12.00:515][  0]LogInit: Selected Device Profile: [Windows]
[2015.11.08-14.12.00:515][  0]LogInit: Applying CVar settings loaded from the selected device profile: [Windows]
[2015.11.08-14.12.00:528][  0]LogInit: Computer: STOFFEPC
[2015.11.08-14.12.00:528][  0]LogInit: User: Stoffe
[2015.11.08-14.12.00:528][  0]LogInit: CPU Page size=4096, Cores=2
[2015.11.08-14.12.00:528][  0]LogInit: High frequency timer resolution =3.222683 MHz
[2015.11.08-14.12.00:528][  0]LogMemory: Memory total: Physical=7.9GB (8GB approx)
[2015.11.08-14.12.00:528][  0]LogMemory: Platform Memory Stats for Windows
[2015.11.08-14.12.00:528][  0]LogMemory: Process Physical Memory: 52.32 MB used, 52.32 MB peak
[2015.11.08-14.12.00:528][  0]LogMemory: Process Virtual Memory: 54.91 MB used, 54.91 MB peak
[2015.11.08-14.12.00:528][  0]LogMemory: Physical Memory: 4596.64 MB used, 8126.94 MB total
[2015.11.08-14.12.00:528][  0]LogMemory: Virtual Memory: 347.52 MB used, 134217728.00 MB total
[2015.11.08-14.12.00:562][  0]LogTextLocalizationManager: No translations for ('sv-SE') exist, falling back to 'en' for localization and internationalization data.
[2015.11.08-14.12.01:468][  0]LogD3D11RHI: Found D3D11 adapter 0: AMD Radeon HD 7800 Series (Feature Level 11_0)
[2015.11.08-14.12.01:468][  0]LogD3D11RHI: Adapter has 2030MB of dedicated video memory, 0MB of dedicated system memory, and 3840MB of shared system memory, 2 output[s]
[2015.11.08-14.12.01:470][  0]LogD3D11RHI: Found D3D11 adapter 1: Microsoft Basic Render Driver (Feature Level 11_0)
[2015.11.08-14.12.01:470][  0]LogD3D11RHI: Adapter has 0MB of dedicated video memory, 0MB of dedicated system memory, and 256MB of shared system memory, 0 output[s]
[2015.11.08-14.12.01:470][  0]LogD3D11RHI: Chosen D3D11 Adapter Id = 0
[2015.11.08-14.12.01:474][  0]LogD3D11RHI: !Direct3DDevice
[2015.11.08-14.12.01:474][  0]LogRHI: Texture pool is 1361 MB (70% of 1945 MB)
[2015.11.08-14.12.01:479][  0]LogD3D11RHI: Async texture creation disabled: no driver support
[2015.11.08-14.12.01:490][  0]LogShaderCompilers: Guid format shader working directory is 15 characters bigger than the processId version (../../../../../../Users/Stoffe/Documents/GitHub/Balls-of-steel/BOS/Intermediate/Shaders/WorkingDirectory/3144/).
[2015.11.08-14.12.01:490][  0]LogShaderCompilers: Cleaned the shader compiler working directory '../../../../../../Users/Stoffe/Documents/GitHub/Balls-of-steel/BOS/Intermediate/Shaders/tmp/C64120D9489B439CD3C95380B544E19D/'.
[2015.11.08-14.12.01:490][  0]LogShaderCompilers:Display: Using Local Shader Compiler.
[2015.11.08-14.12.03:012][  0]LogTemp:Display: Loaded TP AllDesktopTargetPlatform
[2015.11.08-14.12.03:017][  0]LogTemp:Display: Loaded TP WindowsClientTargetPlatform
[2015.11.08-14.12.03:024][  0]LogTemp:Display: Loaded TP WindowsNoEditorTargetPlatform
[2015.11.08-14.12.03:032][  0]LogTemp:Display: Loaded TP WindowsServerTargetPlatform
[2015.11.08-14.12.03:040][  0]LogTemp:Display: Loaded TP WindowsTargetPlatform
[2015.11.08-14.12.03:046][  0]LogTemp:Display: Loaded TP AndroidTargetPlatform
[2015.11.08-14.12.03:052][  0]LogTemp:Display: Loaded TP Android_ASTCTargetPlatform
[2015.11.08-14.12.03:057][  0]LogTemp:Display: Loaded TP Android_ATCTargetPlatform
[2015.11.08-14.12.03:063][  0]LogTemp:Display: Loaded TP Android_DXTTargetPlatform
[2015.11.08-14.12.03:068][  0]LogTemp:Display: Loaded TP Android_ETC1TargetPlatform
[2015.11.08-14.12.03:074][  0]LogTemp:Display: Loaded TP Android_ETC2TargetPlatform
[2015.11.08-14.12.03:080][  0]LogTemp:Display: Loaded TP Android_PVRTCTargetPlatform
[2015.11.08-14.12.03:080][  0]LogTemp:Display: Loaded TP HTML5TargetPlatform
[2015.11.08-14.12.03:102][  0]LogTemp:Display: Loaded TP IOSTargetPlatform
[2015.11.08-14.12.03:107][  0]LogTemp:Display: Loaded TP LinuxNoEditorTargetPlatform
[2015.11.08-14.12.03:112][  0]LogTemp:Display: Loaded TP LinuxServerTargetPlatform
[2015.11.08-14.12.03:118][  0]LogTemp:Display: Loaded TP LinuxTargetPlatform
[2015.11.08-14.12.03:118][  0]LogTargetPlatformManager:Display: Building Assets For Windows
[2015.11.08-14.12.03:260][  0]LogDerivedDataCache:Display: Max Cache Size: 512 MB
[2015.11.08-14.12.03:318][  0]LogDerivedDataCache: Loaded boot cache 0.06s 47MB C:/Users/Stoffe/AppData/Local/UnrealEngine/4.9/DerivedDataCache/Boot.ddc.
[2015.11.08-14.12.03:318][  0]LogDerivedDataCache:Display: Loaded Boot cache: C:/Users/Stoffe/AppData/Local/UnrealEngine/4.9/DerivedDataCache/Boot.ddc
[2015.11.08-14.12.03:318][  0]LogDerivedDataCache: FDerivedDataBackendGraph:  Pak pak cache file ../../../../../../Users/Stoffe/Documents/GitHub/Balls-of-steel/BOS/DerivedDataCache/DDC.ddp not found, will not use a pak cache.
[2015.11.08-14.12.03:318][  0]LogDerivedDataCache: Unable to find inner node Pak for hierarchical cache Hierarchy.
[2015.11.08-14.12.03:319][  0]LogDerivedDataCache: FDerivedDataBackendGraph:  CompressedPak pak cache file ../../../../../../Users/Stoffe/Documents/GitHub/Balls-of-steel/BOS/DerivedDataCache/Compressed.ddp not found, will not use a pak cache.
[2015.11.08-14.12.03:319][  0]LogDerivedDataCache: Unable to find inner node CompressedPak for hierarchical cache Hierarchy.
[2015.11.08-14.12.03:490][  0]LogDerivedDataCache:Display: Pak cache opened for reading ../../../Engine/DerivedDataCache/Compressed.ddp.
[2015.11.08-14.12.03:503][  0]LogDerivedDataCache: Using Local data cache path C:/Users/Stoffe/AppData/Local/UnrealEngine/Common/DerivedDataCache: Writable
[2015.11.08-14.12.03:779][  0]LogInit: Selected Device Profile: [Windows]
[2015.11.08-14.12.03:784][  0]LogContentStreaming: Texture pool size is 0.000000MB
[2015.11.08-14.12.03:943][  0]LogMeshUtilities: No automatic mesh reduction module available
[2015.11.08-14.12.03:943][  0]LogMeshUtilities: No automatic mesh merging module available
[2015.11.08-14.12.04:278][  0]LogInit: WinSock: version 1.1 (2.2), MaxSocks=32767, MaxUdp=65467
[2015.11.08-14.12.05:156][  0]UdpMessaging: Initializing bridge on interface 0.0.0.0:0 to multicast group 230.0.0.1:6666.
[2015.11.08-14.12.05:231][  0]LogLinker:Warning: Asset '../../../../../../Users/Stoffe/Documents/GitHub/Balls-of-steel/BOS/Content/Rolling/Meshes/BallMesh.uasset' has been saved with empty engine version. The asset will be loaded but may be incompatible.
[2015.11.08-14.12.05:232][  0]LogLinker:Warning: Asset '../../../../../../Users/Stoffe/Documents/GitHub/Balls-of-steel/BOS/Content/Rolling/Materials/M_Blue_Checker.uasset' has been saved with empty engine version. The asset will be loaded but may be incompatible.
[2015.11.08-14.12.05:233][  0]LogLinker:Warning: Asset '../../../../../../Users/Stoffe/Documents/GitHub/Balls-of-steel/BOS/Content/Rolling/Materials/PM_Ball.uasset' has been saved with empty engine version. The asset will be loaded but may be incompatible.
[2015.11.08-14.12.05:498][  0]LogAssetRegistry: FAssetRegistry took 0.0113 seconds to start up
[2015.11.08-14.12.05:747][  0]SourceControl: Info Source control is disabled
[2015.11.08-14.12.05:756][  0]SourceControl: Info Source control is disabled
[2015.11.08-14.12.05:772][  0]SourceControl: Info Source control is disabled
[2015.11.08-14.12.05:788][  0]SourceControl: Info Source control is disabled
[2015.11.08-14.12.05:999][  0]LogLinker:Warning: Asset '../../../Engine/Plugins/Runtime/LeapMotionController/Content/LM_PassthroughMaterial.uasset' has been saved with empty engine version. The asset will be loaded but may be incompatible.
[2015.11.08-14.12.06:093][  0]LogObj: 30436 objects as part of root set at end of initial load.
[2015.11.08-14.12.06:093][  0]LogUObjectAllocator: 6776464 out of 0 bytes used by permanent object pool.
[2015.11.08-14.12.06:157][  0]LogEngine: Initializing Engine...
[2015.11.08-14.12.06:161][  0]LogHMD: Can't find Oculus library dev build: is proper Runtime installed? Version: 0.7.0.0
[2015.11.08-14.12.06:162][  0]LogHMD: SteamVR failed to initialize.  Err: 110
[2015.11.08-14.12.06:336][  0]LogAIModule: Creating AISystem for world NewWorld
[2015.11.08-14.12.06:341][  0]LogInit: XAudio2 using 'Högtalare (Realtek High Definition Audio)' : 2 channels at 48 kHz using 32 bits per sample (channel mask 0x3)
[2015.11.08-14.12.06:369][  0]LogInit: FAudioDevice initialized.
[2015.11.08-14.12.06:447][  0]LogDerivedDataCache: Saved boot cache 0.08s 47MB C:/Users/Stoffe/AppData/Local/UnrealEngine/4.9/DerivedDataCache/Boot.ddc.
[2015.11.08-14.12.06:451][  0]LogInit: Texture streaming: Enabled
[2015.11.08-14.12.06:460][  0]LogAnalytics: Creating configured Analytics provider AnalyticsET
[2015.11.08-14.12.06:460][  0]LogAnalytics: [UEEditor.Rocket.Release] APIServer = http://et2.epicgames.com/ET2/. AppVersion = 4.9.2-2707645+++depot+UE4-Releases+4.9
[2015.11.08-14.12.06:461][  0]LogAnalytics: [UEEditor.Rocket.Release] SetUserId c2f82278409fbc7e17ba4c8b187827c0|8471e16762be488588a110ad13c08bd6|a2f24018-7849-4a41-8ec9-fa4680d0f5a7
[2015.11.08-14.12.06:461][  0]LogAnalytics: [UEEditor.Rocket.Release] AnalyticsET::StartSession
[2015.11.08-14.12.06:473][  0]LogWindowsTextInputMethodSystem:Display: IME system now deactivated.
[2015.11.08-14.12.06:488][  0]LogInit: Transaction tracking system initialized
[2015.11.08-14.12.06:530][  0]BlueprintLog: New page: Editor Load
[2015.11.08-14.12.06:792][  0]LocalizationService: Info Localization service is disabled
[2015.11.08-14.12.06:968][  0]LogConsoleResponse:Display: 
[2015.11.08-14.12.07:231][  0]LogCook:Display: Done creating registry. It took  0.00s.
[2015.11.08-14.12.07:342][  0]LogFileCache: Scanning file cache for directory 'C:/Users/Stoffe/Documents/GitHub/Balls-of-steel/BOS/Content/' took 0.02s
[2015.11.08-14.12.07:342][  0]SourceControl: Info Source control is disabled
[2015.11.08-14.12.07:342][  0]Cmd: MAP LOAD FILE="../../../../../../Users/Stoffe/Documents/GitHub/Balls-of-steel/BOS/Content/RollingCPP/Maps/MainMenu.umap" TEMPLATE=0 SHOWPROGRESS=1 FEATURELEVEL=3
[2015.11.08-14.12.07:342][  0]LogEditorServer:Warning: Can't find file '../../../../../../Users/Stoffe/Documents/GitHub/Balls-of-steel/BOS/Content/RollingCPP/Maps/MainMenu.umap'
[2015.11.08-14.12.07:342][  0]Cmd: MAP CHECKDEP NOCLEARLOG
[2015.11.08-14.12.07:428][  0]MapCheck: Info Map check complete: 0 Error(s), 0 Warning(s), took 85.451ms to complete.
[2015.11.08-14.12.07:428][  0]LogFileHelpers: Loading map 'MainMenu' took 0.086
[2015.11.08-14.12.07:627][  0]LogCollectionManager: Loaded 0 collections in 0.003710 seconds
[2015.11.08-14.12.07:676][  0]LogFileCache: Scanning file cache for directory 'C:/Users/Stoffe/Documents/GitHub/Balls-of-steel/BOS/Saved/Collections/' took 0.01s
[2015.11.08-14.12.07:676][  0]LogFileCache: Scanning file cache for directory 'C:/Users/Stoffe/Documents/GitHub/Balls-of-steel/BOS/Content/Developers/Stoffe/Collections/' took 0.01s
[2015.11.08-14.12.07:677][  0]LogFileCache: Scanning file cache for directory 'C:/Users/Stoffe/Documents/GitHub/Balls-of-steel/BOS/Content/Collections/' took 0.01s
[2015.11.08-14.12.07:677][  0]LogContentBrowser: Native class hierarchy populated in 0.0152 seconds. Added 1875 classes and 335 folders.
[2015.11.08-14.12.07:695][  0]LogCollectionManager: Rebuilt the GUID cache for 0 collections in 0.000003 seconds
[2015.11.08-14.12.07:707][  0]LogContentBrowser: Native class hierarchy updated for 'WidgetCarousel' in 0.0021 seconds. Added 0 classes and 0 folders.
[2015.11.08-14.12.07:780][  0]LogContentBrowser: Native class hierarchy updated for 'AddContentDialog' in 0.0048 seconds. Added 0 classes and 0 folders.
[2015.11.08-14.12.07:808][  0]LogContentBrowser: Native class hierarchy updated for 'SceneOutliner' in 0.0027 seconds. Added 1 classes and 2 folders.
[2015.11.08-14.12.07:896][  0]LogCrashTracker: Crashtracker disabled due to settings.
[2015.11.08-14.12.07:910][  0]LogUObjectGlobals:Warning: Failed to find object 'Class None.'
[2015.11.08-14.12.07:955][  0]LogLoad: Full Startup: 8.69 seconds (BP compile: 0.03 seconds)
[2015.11.08-14.12.08:032][  0]LogContentStreaming: Texture pool size now 1000 MB
[2015.11.08-14.12.08:183][  0]LogRenderer: Reallocating scene render targets to support 1028x636 (Frame:2).
[2015.11.08-14.12.08:978][  4]LogAssetRegistry: Asset discovery search completed in 3.4919 seconds
[2015.11.08-14.12.08:978][  4]LogCollectionManager: Rebuilt the object cache for 0 collections in 0.000001 seconds (found 0 objects)
[2015.11.08-14.12.08:978][  4]LogCollectionManager: Fixed up redirectors for 0 collections in 0.000055 seconds (updated 0 objects)
[2015.11.08-14.12.15:408][578]LogLinker:Warning: Asset '../../../Engine/Content/ArtTools/RenderToTexture/Macros/RenderToTextureMacros.uasset' has been saved with empty engine version. The asset will be loaded but may be incompatible.
[2015.11.08-14.12.16:327][578]LogContentBrowser: Native class hierarchy updated for 'BlueprintGraph' in 0.0029 seconds. Added 107 classes and 0 folders.
[2015.11.08-14.12.18:553][668]LogRenderer: Reallocating scene render targets to support 1028x712 (Frame:856).
[2015.11.08-14.12.23:583][953]LogPrimitiveComponent: Zero scaling not supported (/Engine/Transient.World_4:PersistentLevel.BasicProjectile_BP3_C_0.StaticMesh)
[2015.11.08-14.12.24:743][ 25]LogPrimitiveComponent: Zero scaling not supported (/Engine/Transient.World_4:PersistentLevel.BasicProjectile_BP3_C_0.StaticMesh)
[2015.11.08-14.12.27:433][203]LogPlayLevel: PlayLevel: No blueprints needed recompiling
[2015.11.08-14.12.27:436][203]PIE: New page: PIE session: Untitled_0 (Nov 8, 2015, 4:12:27 PM)
[2015.11.08-14.12.27:436][203]LogPlayLevel: Creating play world package: /Temp/UEDPIE_0_Untitled_0
[2015.11.08-14.12.27:436][203]LogPlayLevel: PIE: StaticDuplicateObject took: (0.000636s)
[2015.11.08-14.12.27:437][203]LogAIModule: Creating AISystem for world NewWorld
[2015.11.08-14.12.27:437][203]LogPlayLevel: PIE: World Init took: (0.000754s)
[2015.11.08-14.12.27:437][203]LogPlayLevel: PIE: Created PIE world by copying editor world from /Temp/Untitled_0.NewWorld to /Temp/UEDPIE_0_Untitled_0.NewWorld (0.001670s)
[2015.11.08-14.12.27:438][203]LogActorComponent: UnregisterComponent: (/Engine/Transient.ProjectileComp) Not registered. Aborting.
[2015.11.08-14.12.27:438][203]LogActorComponent: UnregisterComponent: (/Engine/Transient.ProjectileMovementComponent_0) Not registered. Aborting.
[2015.11.08-14.12.27:438][203]LogActorComponent: UnregisterComponent: (/Engine/Transient.ProjectileMovementComponent_1) Not registered. Aborting.
[2015.11.08-14.12.27:438][203]LogActorComponent: UnregisterComponent: (/Engine/Transient.ProjectileMovementComponent_2) Not registered. Aborting.
[2015.11.08-14.12.27:492][203]LogParticles: Destroying 0 GPU particle simulations for FXSystem 0x000000CF19106340
[2015.11.08-14.12.27:495][203]LogParticles: Destroying 0 GPU particle simulations for FXSystem 0x000000CF386E2E80
[2015.11.08-14.12.27:505][203]LogInit: XAudio2 using 'Högtalare (Realtek High Definition Audio)' : 2 channels at 48 kHz using 32 bits per sample (channel mask 0x3)
[2015.11.08-14.12.27:516][203]LogInit: FAudioDevice initialized.
[2015.11.08-14.12.27:582][203]LogWorld: Game class is 'BOSGameMode'
[2015.11.08-14.12.27:584][203]LogWorld: Bringing World /Temp/UEDPIE_0_Untitled_0.NewWorld up for play (max tick rate 0) at 2015.11.08-15.12.27
[2015.11.08-14.12.27:584][203]LogActor:Warning: GameSession /Temp/UEDPIE_0_Untitled_0.NewWorld:PersistentLevel.GameSession_0 has natively added scene component(s), but none of them were set as the actor's RootComponent - picking one arbitrarily
[2015.11.08-14.12.27:585][203]LogActor:Warning: GameNetworkManager /Temp/UEDPIE_0_Untitled_0.NewWorld:PersistentLevel.GameNetworkManager_0 has natively added scene component(s), but none of them were set as the actor's RootComponent - picking one arbitrarily
[2015.11.08-14.12.27:585][203]LogWorld: Bringing up level for play took: 0.001508
[2015.11.08-14.12.27:586][203]LogOutputDevice:Warning: 

Script Stack:
GameMode.ChoosePlayerStart
GameMode.FindPlayerStart

[2015.11.08-14.12.27:586][203]LogWindows:Error: Windows GetLastError: Åtgärden har slutförts. (0)
[2015.11.08-14.12.27:859][203]LogCrashTracker: 


[2015.11.08-14.12.27:859][203]LogCrashTracker: 


[2015.11.08-14.12.27:859][203]LogWindows: === Critical error: ===
Assertion failed: (Index >= 0) & (Index < ArrayNum) [File:C:\Program Files\Epic Games\4.9\Engine\Source\Runtime\Core\Public\Containers\Array.h] [Line: 678] 
Array index out of bounds: 0 from an array of size 0




[2015.11.08-14.12.28:043][203]LogExit: Executing StaticShutdownAfterError
[2015.11.08-14.12.28:049][203]LogPhysics:Warning: PHYSX: ..\..\PhysX\src\NpScene.cpp (2946) 8 : PxScene::unlockWrite() called without matching call to PxScene::lockWrite(), behaviour will be undefined.
[2015.11.08-14.12.28:049][203]LogPhysics:Warning: PHYSX: ..\..\PhysX\src\NpScene.cpp (2946) 8 : PxScene::unlockWrite() called without matching call to PxScene::lockWrite(), behaviour will be undefined.
[2015.11.08-14.12.28:050][203]LogPhysics:Warning: PHYSX: ..\..\PhysX\src\NpScene.cpp (2946) 8 : PxScene::unlockWrite() called without matching call to PxScene::lockWrite(), behaviour will be undefined.
[2015.11.08-14.12.28:050][203]LogPhysics:Warning: PHYSX: ..\..\PhysX\src\NpScene.cpp (2946) 8 : PxScene::unlockWrite() called without matching call to PxScene::lockWrite(), behaviour will be undefined.
[2015.11.08-14.12.28:050][203]LogWindows: FPlatformMisc::RequestExit(1)
[2015.11.08-14.12.28:050][203]Log file closed, 11/08/15 15:12:28
