[2015.10.23-09.50.37:728][  0]Log file open, 10/23/15 11:50:37
[2015.10.23-09.50.37:728][  0]LogInit:Display: Running engine for game: BOS
[2015.10.23-09.50.37:728][  0]LogInit:Display: RandInit(1470002877) SRandInit(1470002878).
[2015.10.23-09.50.37:728][  0]LogTaskGraph: Started task graph with 4 named threads and 7 total threads.
[2015.10.23-09.50.37:728][  0]LogStats: Stats thread started at 0.067336
[2015.10.23-09.50.37:728][  0]LogInit: Version: 4.9.2-2707645+++depot+UE4-Releases+4.9
[2015.10.23-09.50.37:728][  0]LogInit: API Version: 2672455
[2015.10.23-09.50.37:728][  0]LogInit: Compiled (64-bit): Sep 28 2015 10:25:44
[2015.10.23-09.50.37:728][  0]LogInit: Compiled with Visual C++: 18.00.21005.01
[2015.10.23-09.50.37:728][  0]LogInit: Build Configuration: Development
[2015.10.23-09.50.37:728][  0]LogInit: Branch Name: ++depot+UE4-Releases+4.9
[2015.10.23-09.50.37:728][  0]LogInit: Command line:  
[2015.10.23-09.50.37:728][  0]LogInit: Base directory: C:/Program Files/Epic Games/4.9/Engine/Binaries/Win64/
[2015.10.23-09.50.37:728][  0]LogInit: Rocket: 1
[2015.10.23-09.50.37:734][  0]LogInit: Using libcurl 7.41.0
[2015.10.23-09.50.37:734][  0]LogInit:  - built for x86_64-pc-win32
[2015.10.23-09.50.37:734][  0]LogInit:  - supports SSL with WinSSL
[2015.10.23-09.50.37:734][  0]LogInit:  - other features:
[2015.10.23-09.50.37:734][  0]LogInit:      CURL_VERSION_SSL
[2015.10.23-09.50.37:734][  0]LogInit:      CURL_VERSION_IPV6
[2015.10.23-09.50.37:734][  0]LogInit:      CURL_VERSION_ASYNCHDNS
[2015.10.23-09.50.37:734][  0]LogInit:      CURL_VERSION_LARGEFILE
[2015.10.23-09.50.37:734][  0]LogInit:      CURL_VERSION_IDN
[2015.10.23-09.50.37:734][  0]LogInit:  CurlRequestOptions (configurable via config and command line):
[2015.10.23-09.50.37:734][  0]LogInit:  - bVerifyPeer = true  - Libcurl will verify peer certificate
[2015.10.23-09.50.37:734][  0]LogInit:  - bUseHttpProxy = false  - Libcurl will NOT use HTTP proxy
[2015.10.23-09.50.37:734][  0]LogInit:  - bDontReuseConnections = false  - Libcurl will reuse connections
[2015.10.23-09.50.37:734][  0]LogInit:  - CertBundlePath = nullptr  - Libcurl will use whatever was configured at build time.
[2015.10.23-09.50.37:740][  0]LogInit: Presizing for 0 objects not considered by GC, pre-allocating 0 bytes.
[2015.10.23-09.50.37:746][  0]LogInit: Object subsystem initialized
[2015.10.23-09.50.37:747][  0]LogInit: Selected Device Profile: [Windows]
[2015.10.23-09.50.37:747][  0]LogInit: Applying CVar settings loaded from the selected device profile: [Windows]
[2015.10.23-09.50.37:754][  0]LogInit: Computer: SpellabbA332-19
[2015.10.23-09.50.37:754][  0]LogInit: User: Spellabbet
[2015.10.23-09.50.37:754][  0]LogInit: CPU Page size=4096, Cores=4
[2015.10.23-09.50.37:754][  0]LogInit: High frequency timer resolution =3.507520 MHz
[2015.10.23-09.50.37:754][  0]LogMemory: Memory total: Physical=15.9GB (16GB approx)
[2015.10.23-09.50.37:754][  0]LogMemory: Platform Memory Stats for Windows
[2015.10.23-09.50.37:754][  0]LogMemory: Process Physical Memory: 52.03 MB used, 52.03 MB peak
[2015.10.23-09.50.37:754][  0]LogMemory: Process Virtual Memory: 57.00 MB used, 57.00 MB peak
[2015.10.23-09.50.37:754][  0]LogMemory: Physical Memory: 3517.41 MB used, 16318.82 MB total
[2015.10.23-09.50.37:754][  0]LogMemory: Virtual Memory: 349.31 MB used, 134217728.00 MB total
[2015.10.23-09.50.37:780][  0]LogTextLocalizationManager: No translations for ('sv-SE') exist, falling back to 'en' for localization and internationalization data.
[2015.10.23-09.50.38:378][  0]LogD3D11RHI: Found D3D11 adapter 0: NVIDIA GeForce GTX 960 (Feature Level 11_0)
[2015.10.23-09.50.38:378][  0]LogD3D11RHI: Adapter has 1965MB of dedicated video memory, 0MB of dedicated system memory, and 2048MB of shared system memory, 1 output[s]
[2015.10.23-09.50.38:378][  0]LogD3D11RHI: Found D3D11 adapter 1: Microsoft Basic Render Driver (Feature Level 11_0)
[2015.10.23-09.50.38:378][  0]LogD3D11RHI: Adapter has 0MB of dedicated video memory, 0MB of dedicated system memory, and 256MB of shared system memory, 0 output[s]
[2015.10.23-09.50.38:378][  0]LogD3D11RHI: Chosen D3D11 Adapter Id = 0
[2015.10.23-09.50.38:381][  0]LogD3D11RHI: !Direct3DDevice
[2015.10.23-09.50.38:381][  0]LogRHI: Texture pool is 1361 MB (70% of 1945 MB)
[2015.10.23-09.50.38:389][  0]LogD3D11RHI: Async texture creation enabled
[2015.10.23-09.50.38:403][  0]LogShaderCompilers: Guid format shader working directory is 15 characters bigger than the processId version (../../../../../../Users/Spellabbet/Desktop/BOS/Intermediate/Shaders/WorkingDirectory/5416/).
[2015.10.23-09.50.38:404][  0]LogShaderCompilers: Cleaned the shader compiler working directory '../../../../../../Users/Spellabbet/Desktop/BOS/Intermediate/Shaders/tmp/B77A592240D4069EABDB2395CC5E81E7/'.
[2015.10.23-09.50.38:404][  0]LogShaderCompilers:Display: Using Local Shader Compiler.
[2015.10.23-09.50.39:294][  0]LogTemp:Display: Loaded TP AllDesktopTargetPlatform
[2015.10.23-09.50.39:298][  0]LogTemp:Display: Loaded TP WindowsClientTargetPlatform
[2015.10.23-09.50.39:303][  0]LogTemp:Display: Loaded TP WindowsNoEditorTargetPlatform
[2015.10.23-09.50.39:307][  0]LogTemp:Display: Loaded TP WindowsServerTargetPlatform
[2015.10.23-09.50.39:311][  0]LogTemp:Display: Loaded TP WindowsTargetPlatform
[2015.10.23-09.50.39:314][  0]LogTemp:Display: Loaded TP AndroidTargetPlatform
[2015.10.23-09.50.39:316][  0]LogTemp:Display: Loaded TP Android_ASTCTargetPlatform
[2015.10.23-09.50.39:319][  0]LogTemp:Display: Loaded TP Android_ATCTargetPlatform
[2015.10.23-09.50.39:322][  0]LogTemp:Display: Loaded TP Android_DXTTargetPlatform
[2015.10.23-09.50.39:324][  0]LogTemp:Display: Loaded TP Android_ETC1TargetPlatform
[2015.10.23-09.50.39:327][  0]LogTemp:Display: Loaded TP Android_ETC2TargetPlatform
[2015.10.23-09.50.39:330][  0]LogTemp:Display: Loaded TP Android_PVRTCTargetPlatform
[2015.10.23-09.50.39:330][  0]LogTemp:Display: Loaded TP HTML5TargetPlatform
[2015.10.23-09.50.39:346][  0]LogTemp:Display: Loaded TP IOSTargetPlatform
[2015.10.23-09.50.39:348][  0]LogTemp:Display: Loaded TP LinuxNoEditorTargetPlatform
[2015.10.23-09.50.39:351][  0]LogTemp:Display: Loaded TP LinuxServerTargetPlatform
[2015.10.23-09.50.39:353][  0]LogTemp:Display: Loaded TP LinuxTargetPlatform
[2015.10.23-09.50.39:353][  0]LogTargetPlatformManager:Display: Building Assets For Windows
[2015.10.23-09.50.39:412][  0]LogDerivedDataCache:Display: Max Cache Size: 512 MB
[2015.10.23-09.50.39:445][  0]LogDerivedDataCache: Loaded boot cache 0.03s 42MB C:/Users/Spellabbet/AppData/Local/UnrealEngine/4.9/DerivedDataCache/Boot.ddc.
[2015.10.23-09.50.39:445][  0]LogDerivedDataCache:Display: Loaded Boot cache: C:/Users/Spellabbet/AppData/Local/UnrealEngine/4.9/DerivedDataCache/Boot.ddc
[2015.10.23-09.50.39:445][  0]LogDerivedDataCache: FDerivedDataBackendGraph:  Pak pak cache file ../../../../../../Users/Spellabbet/Desktop/BOS/DerivedDataCache/DDC.ddp not found, will not use a pak cache.
[2015.10.23-09.50.39:445][  0]LogDerivedDataCache: Unable to find inner node Pak for hierarchical cache Hierarchy.
[2015.10.23-09.50.39:445][  0]LogDerivedDataCache: FDerivedDataBackendGraph:  CompressedPak pak cache file ../../../../../../Users/Spellabbet/Desktop/BOS/DerivedDataCache/Compressed.ddp not found, will not use a pak cache.
[2015.10.23-09.50.39:445][  0]LogDerivedDataCache: Unable to find inner node CompressedPak for hierarchical cache Hierarchy.
[2015.10.23-09.50.39:553][  0]LogDerivedDataCache:Display: Pak cache opened for reading ../../../Engine/DerivedDataCache/Compressed.ddp.
[2015.10.23-09.50.39:564][  0]LogDerivedDataCache: Using Local data cache path C:/Users/Spellabbet/AppData/Local/UnrealEngine/Common/DerivedDataCache: Writable
[2015.10.23-09.50.39:690][  0]LogInit: Selected Device Profile: [Windows]
[2015.10.23-09.50.39:692][  0]LogContentStreaming: Texture pool size is 0.000000MB
[2015.10.23-09.50.39:780][  0]LogMeshUtilities: No automatic mesh reduction module available
[2015.10.23-09.50.39:780][  0]LogMeshUtilities: No automatic mesh merging module available
[2015.10.23-09.50.39:951][  0]LogInit: WinSock: version 1.1 (2.2), MaxSocks=32767, MaxUdp=65467
[2015.10.23-09.50.40:462][  0]UdpMessaging: Initializing bridge on interface 0.0.0.0:0 to multicast group 230.0.0.1:6666.
[2015.10.23-09.50.40:534][  0]LogLinker:Warning: Asset '../../../../../../Users/Spellabbet/Desktop/BOS/Content/Rolling/Meshes/BallMesh.uasset' has been saved with empty engine version. The asset will be loaded but may be incompatible.
[2015.10.23-09.50.40:535][  0]LogLinker:Warning: Asset '../../../../../../Users/Spellabbet/Desktop/BOS/Content/Rolling/Materials/M_Blue_Checker.uasset' has been saved with empty engine version. The asset will be loaded but may be incompatible.
[2015.10.23-09.50.40:537][  0]LogLinker:Warning: Asset '../../../../../../Users/Spellabbet/Desktop/BOS/Content/Rolling/Materials/PM_Ball.uasset' has been saved with empty engine version. The asset will be loaded but may be incompatible.
[2015.10.23-09.50.40:581][  0]LogAssetRegistry: FAssetRegistry took 0.0106 seconds to start up
[2015.10.23-09.50.40:699][  0]SourceControl: Info Source control is disabled
[2015.10.23-09.50.40:706][  0]SourceControl: Info Source control is disabled
[2015.10.23-09.50.40:714][  0]SourceControl: Info Source control is disabled
[2015.10.23-09.50.40:721][  0]SourceControl: Info Source control is disabled
[2015.10.23-09.50.40:815][  0]LogLinker:Warning: Asset '../../../Engine/Plugins/Runtime/LeapMotionController/Content/LM_PassthroughMaterial.uasset' has been saved with empty engine version. The asset will be loaded but may be incompatible.
[2015.10.23-09.50.40:865][  0]LogObj: 28398 objects as part of root set at end of initial load.
[2015.10.23-09.50.40:865][  0]LogUObjectAllocator: 6054584 out of 0 bytes used by permanent object pool.
[2015.10.23-09.50.40:910][  0]LogEngine: Initializing Engine...
[2015.10.23-09.50.40:912][  0]LogHMD: Can't find Oculus library dev build: is proper Runtime installed? Version: 0.7.0.0
[2015.10.23-09.50.40:912][  0]LogHMD: SteamVR failed to initialize.  Err: 110
[2015.10.23-09.50.41:002][  0]LogAIModule: Creating AISystem for world NewWorld
[2015.10.23-09.50.41:007][  0]LogInit: XAudio2 using 'Speakers (4- High Definition Audio Device)' : 2 channels at 44.1 kHz using 16 bits per sample (channel mask 0x3)
[2015.10.23-09.50.41:033][  0]LogInit: FAudioDevice initialized.
[2015.10.23-09.50.41:050][  0]LogDerivedDataCache: Saved boot cache 0.02s 42MB C:/Users/Spellabbet/AppData/Local/UnrealEngine/4.9/DerivedDataCache/Boot.ddc.
[2015.10.23-09.50.41:054][  0]LogInit: Texture streaming: Enabled
[2015.10.23-09.50.41:058][  0]LogAnalytics: Creating configured Analytics provider AnalyticsET
[2015.10.23-09.50.41:058][  0]LogAnalytics: [UEEditor.Rocket.Release] APIServer = http://et2.epicgames.com/ET2/. AppVersion = 4.9.2-2707645+++depot+UE4-Releases+4.9
[2015.10.23-09.50.41:058][  0]LogAnalytics: [UEEditor.Rocket.Release] SetUserId 45933c9447afbf6f1ab999917f6accd0|8471e16762be488588a110ad13c08bd6|060e5e79-a789-49c4-8abd-5d8b330400a7
[2015.10.23-09.50.41:058][  0]LogAnalytics: [UEEditor.Rocket.Release] AnalyticsET::StartSession
[2015.10.23-09.50.41:386][  0]LogInit: Transaction tracking system initialized
[2015.10.23-09.50.41:431][  0]BlueprintLog: New page: Editor Load
[2015.10.23-09.50.41:487][  0]LocalizationService: Info Localization service is disabled
[2015.10.23-09.50.41:539][  0]LogConsoleResponse:Display: 
[2015.10.23-09.50.41:629][  0]LogCook:Display: Done creating registry. It took  0.00s.
[2015.10.23-09.50.41:666][  0]LogFileCache: Scanning file cache for directory 'C:/Users/Spellabbet/Desktop/BOS/Content/' took 0.01s
[2015.10.23-09.50.41:666][  0]SourceControl: Info Source control is disabled
[2015.10.23-09.50.41:666][  0]Cmd: MAP LOAD FILE="../../../../../../Users/Spellabbet/Desktop/BOS/Content/RollingCPP/Maps/Map1.umap" TEMPLATE=0 SHOWPROGRESS=1 FEATURELEVEL=3
[2015.10.23-09.50.41:668][  0]LightingResults: New page: Lighting Build
[2015.10.23-09.50.41:671][  0]MapCheck: New page: Map Check
[2015.10.23-09.50.41:671][  0]LightingResults: New page: Lighting Build
[2015.10.23-09.50.41:679][  0]LogParticles: Destroying 0 GPU particle simulations for FXSystem 0x000000AB34203CE0
[2015.10.23-09.50.41:930][  0]LogAIModule: Creating AISystem for world Map1
[2015.10.23-09.50.41:939][  0]LogEditorServer: Finished looking for orphan Actors (0.000 secs)
[2015.10.23-09.50.41:939][  0]Cmd: MAP CHECKDEP NOCLEARLOG
[2015.10.23-09.50.41:971][  0]MapCheck: Info Map check complete: 0 Error(s), 0 Warning(s), took 31.227ms to complete.
[2015.10.23-09.50.41:971][  0]LogFileHelpers: Loading map 'Map1' took 0.304
[2015.10.23-09.50.42:058][  0]LogCollectionManager: Loaded 0 collections in 0.001544 seconds
[2015.10.23-09.50.42:098][  0]LogFileCache: Scanning file cache for directory 'C:/Users/Spellabbet/Desktop/BOS/Saved/Collections/' took 0.01s
[2015.10.23-09.50.42:098][  0]LogFileCache: Scanning file cache for directory 'C:/Users/Spellabbet/Desktop/BOS/Content/Developers/Spellabbet/Collections/' took 0.01s
[2015.10.23-09.50.42:098][  0]LogFileCache: Scanning file cache for directory 'C:/Users/Spellabbet/Desktop/BOS/Content/Collections/' took 0.01s
[2015.10.23-09.50.42:098][  0]LogContentBrowser: Native class hierarchy populated in 0.0070 seconds. Added 1869 classes and 335 folders.
[2015.10.23-09.50.42:104][  0]LogCollectionManager: Rebuilt the GUID cache for 0 collections in 0.000004 seconds
[2015.10.23-09.50.42:111][  0]LogContentBrowser: Native class hierarchy updated for 'WidgetCarousel' in 0.0007 seconds. Added 0 classes and 0 folders.
[2015.10.23-09.50.42:145][  0]LogContentBrowser: Native class hierarchy updated for 'AddContentDialog' in 0.0007 seconds. Added 0 classes and 0 folders.
[2015.10.23-09.50.42:153][  0]LogContentBrowser: Native class hierarchy updated for 'SceneOutliner' in 0.0007 seconds. Added 1 classes and 2 folders.
[2015.10.23-09.50.42:185][  0]LogCrashTracker: Crashtracker disabled due to settings.
[2015.10.23-09.50.42:188][  0]LogUObjectGlobals:Warning: Failed to find object 'Class None.'
[2015.10.23-09.50.42:211][  0]LogLoad: Full Startup: 5.14 seconds (BP compile: 0.04 seconds)
[2015.10.23-09.50.42:274][  0]LogContentStreaming: Texture pool size now 1000 MB
[2015.10.23-09.50.42:385][  0]LogRenderer: Reallocating scene render targets to support 1208x576 (Frame:2).
[2015.10.23-09.50.42:488][  2]LogAssetRegistry: Asset discovery search completed in 1.9179 seconds
[2015.10.23-09.50.42:488][  2]LogCollectionManager: Rebuilt the object cache for 0 collections in 0.000001 seconds (found 0 objects)
[2015.10.23-09.50.42:490][  2]LogCollectionManager: Fixed up redirectors for 0 collections in 0.000080 seconds (updated 0 objects)
[2015.10.23-09.52.26:412][825]LogWindowsTextInputMethodSystem:Display: IME system now deactivated.
[2015.10.23-09.52.26:638][826]Cmd: QUIT_EDITOR
[2015.10.23-09.52.26:841][826]LogExit: Preparing to exit.
[2015.10.23-09.52.27:642][826]LogExit: Editor shut down
[2015.10.23-09.52.27:643][826]LogExit: Transaction tracking system shut down
[2015.10.23-09.52.27:644][826]LogParticles: Destroying 0 GPU particle simulations for FXSystem 0x000000AB21367600
[2015.10.23-09.52.27:644][826]LogParticles: Destroying 0 GPU particle simulations for FXSystem 0x000000AB42833880
[2015.10.23-09.52.27:644][826]LogParticles: Destroying 0 GPU particle simulations for FXSystem 0x000000AB42E79D00
[2015.10.23-09.52.27:741][826]LogExit: Object subsystem successfully closed.
[2015.10.23-09.52.27:751][826]LogD3D11RHI: Shutdown
[2015.10.23-09.52.27:751][826]LogD3D11RHI: CleanupD3DDevice
[2015.10.23-09.52.27:787][826]LogD3D11RHI: ~FD3D11DynamicRHI
[2015.10.23-09.52.27:801][826]LogModuleManager: Shutting down and abandoning module CrashTracker (198)
[2015.10.23-09.52.27:801][826]LogModuleManager: Shutting down and abandoning module SceneOutliner (197)
[2015.10.23-09.52.27:801][826]LogModuleManager: Shutting down and abandoning module SuperSearch (196)
[2015.10.23-09.52.27:801][826]LogModuleManager: Shutting down and abandoning module WidgetCarousel (195)
[2015.10.23-09.52.27:801][826]LogModuleManager: Shutting down and abandoning module AddContentDialog (194)
[2015.10.23-09.52.27:802][826]LogModuleManager: Shutting down and abandoning module EditorWidgets (193)
[2015.10.23-09.52.27:802][826]LogModuleManager: Shutting down and abandoning module CollectionManager (192)
[2015.10.23-09.52.27:802][826]LogModuleManager: Shutting down and abandoning module StatsViewer (191)
[2015.10.23-09.52.27:802][826]LogModuleManager: Shutting down and abandoning module FoliageEdit (190)
[2015.10.23-09.52.27:802][826]LogModuleManager: Shutting down and abandoning module LandscapeEditor (189)
[2015.10.23-09.52.27:802][826]LogModuleManager: Shutting down and abandoning module ActorPickerMode (188)
[2015.10.23-09.52.27:802][826]LogModuleManager: Shutting down and abandoning module GeometryMode (187)
[2015.10.23-09.52.27:802][826]LogModuleManager: Shutting down and abandoning module TextureAlignMode (186)
[2015.10.23-09.52.27:802][826]LogModuleManager: Shutting down and abandoning module BspMode (185)
[2015.10.23-09.52.27:802][826]LogModuleManager: Shutting down and abandoning module PlacementMode (184)
[2015.10.23-09.52.27:802][826]LogModuleManager: Shutting down and abandoning module AutomationWorker (183)
[2015.10.23-09.52.27:802][826]LogModuleManager: Shutting down and abandoning module CharacterAI (182)
[2015.10.23-09.52.27:802][826]LogModuleManager: Shutting down and abandoning module SmartSnapping (181)
[2015.10.23-09.52.27:802][826]LogModuleManager: Shutting down and abandoning module ViewportSnapping (180)
[2015.10.23-09.52.27:802][826]LogModuleManager: Shutting down and abandoning module LogVisualizer (179)
[2015.10.23-09.52.27:802][826]LogModuleManager: Shutting down and abandoning module GameProjectGeneration (178)
[2015.10.23-09.52.27:802][826]LogModuleManager: Shutting down and abandoning module IntroTutorials (177)
[2015.10.23-09.52.27:802][826]LogModuleManager: Shutting down and abandoning module EditorLiveStreaming (176)
[2015.10.23-09.52.27:802][826]LogModuleManager: Shutting down and abandoning module IOSPlatformEditor (175)
[2015.10.23-09.52.27:802][826]LogModuleManager: Shutting down and abandoning module HTML5PlatformEditor (174)
[2015.10.23-09.52.27:802][826]LogModuleManager: Shutting down and abandoning module AndroidDeviceDetection (173)
[2015.10.23-09.52.28:565][826]LogModuleManager: Shutting down and abandoning module AndroidPlatformEditor (172)
[2015.10.23-09.52.28:565][826]LogModuleManager: Shutting down and abandoning module IOSRuntimeSettings (171)
[2015.10.23-09.52.28:565][826]LogModuleManager: Shutting down and abandoning module AndroidRuntimeSettings (170)
[2015.10.23-09.52.28:565][826]LogModuleManager: Shutting down and abandoning module MergeActors (169)
[2015.10.23-09.52.28:565][826]LogModuleManager: Shutting down and abandoning module SizeMap (168)
[2015.10.23-09.52.28:565][826]LogModuleManager: Shutting down and abandoning module TreeMap (167)
[2015.10.23-09.52.28:565][826]LogModuleManager: Shutting down and abandoning module ReferenceViewer (166)
[2015.10.23-09.52.28:565][826]LogModuleManager: Shutting down and abandoning module LocalizationService (165)
[2015.10.23-09.52.28:565][826]LogModuleManager: Shutting down and abandoning module LocalizationDashboard (164)
[2015.10.23-09.52.28:565][826]LogModuleManager: Shutting down and abandoning module HardwareTargeting (163)
[2015.10.23-09.52.28:565][826]LogModuleManager: Shutting down and abandoning module DeviceProfileEditor (162)
[2015.10.23-09.52.28:565][826]LogModuleManager: Shutting down and abandoning module UndoHistory (161)
[2015.10.23-09.52.28:565][826]LogModuleManager: Shutting down and abandoning module GameplayTagsEditor (160)
[2015.10.23-09.52.28:565][826]LogModuleManager: Shutting down and abandoning module UserFeedback (159)
[2015.10.23-09.52.28:565][826]LogModuleManager: Shutting down and abandoning module XmlParser (158)
[2015.10.23-09.52.28:565][826]LogModuleManager: Shutting down and abandoning module Blutility (157)
[2015.10.23-09.52.28:565][826]LogModuleManager: Shutting down and abandoning module ProjectTargetPlatformEditor (156)
[2015.10.23-09.52.28:565][826]LogModuleManager: Shutting down and abandoning module ProjectSettingsViewer (155)
[2015.10.23-09.52.28:565][826]LogModuleManager: Shutting down and abandoning module InputBindingEditor (154)
[2015.10.23-09.52.28:565][826]LogModuleManager: Shutting down and abandoning module EditorSettingsViewer (153)
[2015.10.23-09.52.28:565][826]LogModuleManager: Shutting down and abandoning module SettingsEditor (152)
[2015.10.23-09.52.28:565][826]LogModuleManager: Shutting down and abandoning module ProjectLauncher (151)
[2015.10.23-09.52.28:565][826]LogModuleManager: Shutting down and abandoning module SessionFrontend (150)
[2015.10.23-09.52.28:565][826]LogModuleManager: Shutting down and abandoning module ProfilerClient (149)
[2015.10.23-09.52.28:565][826]LogModuleManager: Shutting down and abandoning module TargetDeviceServices (148)
[2015.10.23-09.52.28:565][826]LogModuleManager: Shutting down and abandoning module DeviceManager (147)
[2015.10.23-09.52.28:565][826]LogModuleManager: Shutting down and abandoning module AutomationController (146)
[2015.10.23-09.52.28:565][826]LogModuleManager: Shutting down and abandoning module AutomationWindow (145)
[2015.10.23-09.52.28:565][826]LogModuleManager: Shutting down and abandoning module Layers (144)
[2015.10.23-09.52.28:565][826]LogModuleManager: Shutting down and abandoning module ComponentVisualizers (143)
[2015.10.23-09.52.28:565][826]LogModuleManager: Shutting down and abandoning module DetailCustomizations (142)
[2015.10.23-09.52.28:565][826]LogModuleManager: Shutting down and abandoning module PackagesDialog (141)
[2015.10.23-09.52.28:565][826]LogModuleManager: Shutting down and abandoning module Persona (140)
[2015.10.23-09.52.28:565][826]LogModuleManager: Shutting down and abandoning module Kismet (139)
[2015.10.23-09.52.28:565][826]LogModuleManager: Shutting down and abandoning module GraphEditor (138)
[2015.10.23-09.52.28:565][826]LogModuleManager: Shutting down and abandoning module ClassViewer (137)
[2015.10.23-09.52.28:566][826]LogModuleManager: Shutting down and abandoning module Toolbox (136)
[2015.10.23-09.52.28:566][826]LogModuleManager: Shutting down and abandoning module ModuleUI (135)
[2015.10.23-09.52.28:566][826]LogModuleManager: Shutting down and abandoning module MovieSceneTools (134)
[2015.10.23-09.52.28:566][826]LogModuleManager: Shutting down and abandoning module OutputLog (133)
[2015.10.23-09.52.28:566][826]LogModuleManager: Shutting down and abandoning module GammaUI (132)
[2015.10.23-09.52.28:566][826]LogModuleManager: Shutting down and abandoning module Documentation (131)
[2015.10.23-09.52.28:566][826]LogModuleManager: Shutting down and abandoning module GameLiveStreaming (130)
[2015.10.23-09.52.28:566][826]LogModuleManager: Shutting down and abandoning module StreamingPauseRendering (129)
[2015.10.23-09.52.28:566][826]LogModuleManager: Shutting down and abandoning module AnalyticsET (128)
[2015.10.23-09.52.28:566][826]LogModuleManager: Shutting down and abandoning module Analytics (127)
[2015.10.23-09.52.28:566][826]LogModuleManager: Shutting down and abandoning module AITestSuite (126)
[2015.10.23-09.52.28:566][826]LogModuleManager: Shutting down and abandoning module GameplayDebugger (125)
[2015.10.23-09.52.28:566][826]LogModuleManager: Shutting down and abandoning module AIModule (124)
[2015.10.23-09.52.28:566][826]LogModuleManager: Shutting down and abandoning module ProfilerService (123)
[2015.10.23-09.52.28:809][826]LogModuleManager: Shutting down and abandoning module TaskGraph (122)
[2015.10.23-09.52.28:809][826]LogModuleManager: Shutting down and abandoning module SlateRemote (121)
[2015.10.23-09.52.28:809][826]LogModuleManager: Shutting down and abandoning module SteamVRController (120)
[2015.10.23-09.52.28:809][826]LogModuleManager: Shutting down and abandoning module SteamVR (119)
[2015.10.23-09.52.28:809][826]LogModuleManager: Shutting down and abandoning module ProceduralMeshComponent (118)
[2015.10.23-09.52.28:809][826]LogModuleManager: Shutting down and abandoning module OculusRift (117)
[2015.10.23-09.52.28:809][826]LogModuleManager: Shutting down and abandoning module OculusLibrary (116)
[2015.10.23-09.52.28:809][826]LogModuleManager: Shutting down and abandoning module LeapMotionController (115)
[2015.10.23-09.52.28:816][826]LogModuleManager: Shutting down and abandoning module CustomMeshComponent (114)
[2015.10.23-09.52.28:816][826]LogModuleManager: Shutting down and abandoning module CableComponent (113)
[2015.10.23-09.52.28:816][826]LogModuleManager: Shutting down and abandoning module ArchVisCharacter (112)
[2015.10.23-09.52.28:816][826]LogModuleManager: Shutting down and abandoning module MessagingDebugger (111)
[2015.10.23-09.52.28:816][826]LogModuleManager: Shutting down and abandoning module MediaPlayerEditor (110)
[2015.10.23-09.52.28:816][826]LogModuleManager: Shutting down and abandoning module HTML5Networking (109)
[2015.10.23-09.52.28:816][826]LogModuleManager: Shutting down and abandoning module SpeedTreeImporter (108)
[2015.10.23-09.52.28:816][826]LogModuleManager: Shutting down and abandoning module PluginBrowser (107)
[2015.10.23-09.52.28:816][826]LogModuleManager: Shutting down and abandoning module EpicSurvey (106)
[2015.10.23-09.52.28:816][826]LogModuleManager: Shutting down and abandoning module DesktopPlatform (105)
[2015.10.23-09.52.28:816][826]LogModuleManager: Shutting down and abandoning module VisualStudioSourceCodeAccess (104)
[2015.10.23-09.52.28:816][826]LogModuleManager: Shutting down and abandoning module UObjectPlugin (103)
[2015.10.23-09.52.28:816][826]LogModuleManager: Shutting down and abandoning module SubversionSourceControl (102)
[2015.10.23-09.52.28:816][826]LogModuleManager: Shutting down and abandoning module PerforceSourceControl (101)
[2015.10.23-09.52.28:816][826]LogModuleManager: Shutting down and abandoning module SourceControl (100)
[2015.10.23-09.52.28:816][826]LogModuleManager: Shutting down and abandoning module GitSourceControl (99)
[2015.10.23-09.52.28:816][826]LogModuleManager: Shutting down and abandoning module LightPropagationVolumeEditor (98)
[2015.10.23-09.52.28:816][826]LogModuleManager: Shutting down and abandoning module PaperTiledImporter (97)
[2015.10.23-09.52.28:816][826]LogModuleManager: Shutting down and abandoning module PaperSpriteSheetImporter (96)
[2015.10.23-09.52.28:816][826]LogModuleManager: Shutting down and abandoning module MeshPaint (95)
[2015.10.23-09.52.28:816][826]LogModuleManager: Shutting down and abandoning module SlateReflector (94)
[2015.10.23-09.52.28:816][826]LogModuleManager: Shutting down and abandoning module HotReload (93)
[2015.10.23-09.52.28:816][826]LogModuleManager: Shutting down and abandoning module MainFrame (92)
[2015.10.23-09.52.28:816][826]LogModuleManager: Shutting down and abandoning module LevelEditor (91)
[2015.10.23-09.52.28:817][826]LogModuleManager: Shutting down and abandoning module DirectoryWatcher (90)
[2015.10.23-09.52.28:817][826]LogModuleManager: Shutting down and abandoning module AssetRegistry (89)
[2015.10.23-09.52.28:961][826]LogModuleManager: Shutting down and abandoning module ContentBrowser (88)
[2015.10.23-09.52.28:961][826]LogModuleManager: Shutting down and abandoning module Paper2DEditor (87)
[2015.10.23-09.52.28:962][826]LogModuleManager: Shutting down and abandoning module BOS (86)
[2015.10.23-09.52.28:962][826]LogModuleManager: Shutting down and abandoning module UdpMessaging (85)
[2015.10.23-09.52.29:062][826]LogModuleManager: Shutting down and abandoning module LightPropagationVolumeRuntime (84)
[2015.10.23-09.52.29:062][826]LogModuleManager: Shutting down and abandoning module Paper2D (83)
[2015.10.23-09.52.29:062][826]LogModuleManager: Shutting down and abandoning module WindowsMoviePlayer (82)
[2015.10.23-09.52.29:064][826]LogModuleManager: Shutting down and abandoning module Media (81)
[2015.10.23-09.52.29:064][826]LogModuleManager: Shutting down and abandoning module WmfMedia (80)
[2015.10.23-09.52.29:064][826]LogModuleManager: Shutting down and abandoning module OnlineBlueprintSupport (79)
[2015.10.23-09.52.29:064][826]LogModuleManager: Shutting down and abandoning module GameplayTasksEditor (78)
[2015.10.23-09.52.29:064][826]LogModuleManager: Shutting down and abandoning module PropertyEditor (77)
[2015.10.23-09.52.29:064][826]LogModuleManager: Shutting down and abandoning module BehaviorTreeEditor (76)
[2015.10.23-09.52.29:064][826]LogModuleManager: Shutting down and abandoning module FunctionalTesting (75)
[2015.10.23-09.52.29:064][826]LogModuleManager: Shutting down and abandoning module CollisionAnalyzer (74)
[2015.10.23-09.52.29:064][826]LogModuleManager: Shutting down and abandoning module WorkspaceMenuStructure (73)
[2015.10.23-09.52.29:064][826]LogModuleManager: Shutting down and abandoning module MessageLog (72)
[2015.10.23-09.52.29:064][826]LogModuleManager: Shutting down and abandoning module Sequencer (71)
[2015.10.23-09.52.29:064][826]LogModuleManager: Shutting down and abandoning module AssetTools (70)
[2015.10.23-09.52.29:064][826]LogModuleManager: Shutting down and abandoning module UMGEditor (69)
[2015.10.23-09.52.29:064][826]LogModuleManager: Shutting down and abandoning module UMG (68)
[2015.10.23-09.52.29:064][826]LogModuleManager: Shutting down and abandoning module Slate (67)
[2015.10.23-09.52.29:064][826]LogModuleManager: Shutting down and abandoning module EditorStyle (66)
[2015.10.23-09.52.29:067][826]LogModuleManager: Shutting down and abandoning module SessionServices (65)
[2015.10.23-09.52.29:067][826]LogModuleManager: Shutting down and abandoning module SourceCodeAccess (64)
[2015.10.23-09.52.29:067][826]LogModuleManager: Shutting down and abandoning module HeadMountedDisplay (63)
[2015.10.23-09.52.29:067][826]LogModuleManager: Shutting down and abandoning module XAudio2 (62)
[2015.10.23-09.52.29:067][826]LogModuleManager: Shutting down and abandoning module Networking (60)
[2015.10.23-09.52.29:067][826]LogModuleManager: Shutting down and abandoning module Core (59)
[2015.10.23-09.52.29:067][826]LogModuleManager: Shutting down and abandoning module KismetCompiler (58)
[2015.10.23-09.52.29:067][826]LogModuleManager: Shutting down and abandoning module PhysXFormats (57)
[2015.10.23-09.52.29:067][826]LogModuleManager: Shutting down and abandoning module MeshUtilities (56)
[2015.10.23-09.52.29:067][826]LogModuleManager: Shutting down and abandoning module CookingStats (55)
[2015.10.23-09.52.29:067][826]LogModuleManager: Shutting down and abandoning module DerivedDataCache (54)
[2015.10.23-09.52.29:158][826]LogDerivedDataCache: Shutdown
[2015.10.23-09.52.29:158][826]LogModuleManager: Shutting down and abandoning module ShaderFormatOpenGL (53)
[2015.10.23-09.52.29:158][826]LogModuleManager: Shutting down and abandoning module ShaderFormatD3D (52)
[2015.10.23-09.52.29:158][826]LogModuleManager: Shutting down and abandoning module MetalShaderFormat (51)
[2015.10.23-09.52.29:158][826]LogModuleManager: Shutting down and abandoning module TextureFormatUncompressed (50)
[2015.10.23-09.52.29:158][826]LogModuleManager: Shutting down and abandoning module TextureFormatPVR (49)
[2015.10.23-09.52.29:158][826]LogModuleManager: Shutting down and abandoning module TextureFormatIntelISPCTexComp (48)
[2015.10.23-09.52.29:158][826]LogModuleManager: Shutting down and abandoning module TextureFormatDXT (47)
[2015.10.23-09.52.29:158][826]LogModuleManager: Shutting down and abandoning module ImageWrapper (46)
[2015.10.23-09.52.29:158][826]LogModuleManager: Shutting down and abandoning module TextureFormatASTC (45)
[2015.10.23-09.52.29:158][826]LogModuleManager: Shutting down and abandoning module TextureFormatAndroid (44)
[2015.10.23-09.52.29:158][826]LogModuleManager: Shutting down and abandoning module AudioFormatOpus (43)
[2015.10.23-09.52.29:158][826]LogModuleManager: Shutting down and abandoning module AudioFormatOgg (42)
[2015.10.23-09.52.29:158][826]LogModuleManager: Shutting down and abandoning module AudioFormatADPCM (41)
[2015.10.23-09.52.29:158][826]LogModuleManager: Shutting down and abandoning module LinuxTargetPlatform (40)
[2015.10.23-09.52.29:158][826]LogModuleManager: Shutting down and abandoning module LinuxServerTargetPlatform (39)
[2015.10.23-09.52.29:158][826]LogModuleManager: Shutting down and abandoning module LinuxNoEditorTargetPlatform (38)
[2015.10.23-09.52.29:158][826]LogModuleManager: Shutting down and abandoning module Messaging (37)
[2015.10.23-09.52.29:158][826]LogModuleManager: Shutting down and abandoning module IOSTargetPlatform (36)
[2015.10.23-09.52.29:158][826]LogModuleManager: Shutting down and abandoning module HTML5TargetPlatform (35)
[2015.10.23-09.52.29:158][826]LogModuleManager: Shutting down and abandoning module Android_PVRTCTargetPlatform (34)
[2015.10.23-09.52.29:158][826]LogModuleManager: Shutting down and abandoning module Android_ETC2TargetPlatform (33)
[2015.10.23-09.52.29:158][826]LogModuleManager: Shutting down and abandoning module Android_ETC1TargetPlatform (32)
[2015.10.23-09.52.29:158][826]LogModuleManager: Shutting down and abandoning module Android_DXTTargetPlatform (31)
[2015.10.23-09.52.29:158][826]LogModuleManager: Shutting down and abandoning module Android_ATCTargetPlatform (30)
[2015.10.23-09.52.29:158][826]LogModuleManager: Shutting down and abandoning module Android_ASTCTargetPlatform (29)
[2015.10.23-09.52.29:158][826]LogModuleManager: Shutting down and abandoning module AndroidTargetPlatform (28)
[2015.10.23-09.52.29:158][826]LogModuleManager: Shutting down and abandoning module WindowsTargetPlatform (27)
[2015.10.23-09.52.29:158][826]LogModuleManager: Shutting down and abandoning module WindowsServerTargetPlatform (26)
[2015.10.23-09.52.29:158][826]LogModuleManager: Shutting down and abandoning module WindowsNoEditorTargetPlatform (25)
[2015.10.23-09.52.29:158][826]LogModuleManager: Shutting down and abandoning module WindowsClientTargetPlatform (24)
[2015.10.23-09.52.29:158][826]LogModuleManager: Shutting down and abandoning module AllDesktopTargetPlatform (23)
[2015.10.23-09.52.29:158][826]LogModuleManager: Shutting down and abandoning module TargetPlatform (22)
[2015.10.23-09.52.29:158][826]LogModuleManager: Shutting down and abandoning module InputCore (21)
[2015.10.23-09.52.29:158][826]LogModuleManager: Shutting down and abandoning module Settings (20)
[2015.10.23-09.52.29:158][826]LogModuleManager: Shutting down and abandoning module OnlineSubsystem (18)
[2015.10.23-09.52.29:158][826]LogModuleManager: Shutting down and abandoning module HTTP (17)
[2015.10.23-09.52.30:160][826]LogModuleManager: Shutting down and abandoning module XMPP (16)
[2015.10.23-09.52.30:160][826]LogModuleManager: Shutting down and abandoning module ExampleDeviceProfileSelector (15)
[2015.10.23-09.52.30:160][826]LogModuleManager: Shutting down and abandoning module TextureCompressor (14)
[2015.10.23-09.52.30:160][826]LogModuleManager: Shutting down and abandoning module ShaderCore (13)
[2015.10.23-09.52.30:160][826]LogModuleManager: Shutting down and abandoning module Landscape (12)
[2015.10.23-09.52.30:160][826]LogModuleManager: Shutting down and abandoning module SlateRHIRenderer (11)
[2015.10.23-09.52.30:161][826]LogModuleManager: Shutting down and abandoning module OpenGLDrv (10)
[2015.10.23-09.52.30:161][826]LogModuleManager: Shutting down and abandoning module D3D11RHI (9)
[2015.10.23-09.52.30:161][826]LogModuleManager: Shutting down and abandoning module AnimGraphRuntime (8)
[2015.10.23-09.52.30:161][826]LogModuleManager: Shutting down and abandoning module Renderer (7)
[2015.10.23-09.52.30:161][826]LogModuleManager: Shutting down and abandoning module Engine (6)
[2015.10.23-09.52.30:161][826]LogModuleManager: Shutting down and abandoning module CoreUObject (5)
[2015.10.23-09.52.30:161][826]LogModuleManager: Shutting down and abandoning module NetworkFile (4)
[2015.10.23-09.52.30:161][826]LogModuleManager: Shutting down and abandoning module StreamingFile (3)
[2015.10.23-09.52.30:161][826]LogModuleManager: Shutting down and abandoning module SandboxFile (2)
[2015.10.23-09.52.30:161][826]LogModuleManager: Shutting down and abandoning module PakFile (1)
[2015.10.23-09.52.30:161][826]LogExit: Exiting.
[2015.10.23-09.52.30:162][826]Log file closed, 10/23/15 11:52:30
