[2015.11.06-09.27.33:513][  0]Log file open, 11/06/15 10:27:33
[2015.11.06-09.27.33:513][  0]LogInit:Display: Running engine for game: BOS
[2015.11.06-09.27.33:513][  0]LogInit:Display: RandInit(1413140151) SRandInit(1413140152).
[2015.11.06-09.27.33:513][  0]LogTaskGraph: Started task graph with 4 named threads and 7 total threads.
[2015.11.06-09.27.33:513][  0]LogStats: Stats thread started at 0.121650
[2015.11.06-09.27.33:513][  0]LogInit: Version: 4.9.2-2707645+++depot+UE4-Releases+4.9
[2015.11.06-09.27.33:513][  0]LogInit: API Version: 2672455
[2015.11.06-09.27.33:513][  0]LogInit: Compiled (64-bit): Sep 28 2015 10:25:44
[2015.11.06-09.27.33:513][  0]LogInit: Compiled with Visual C++: 18.00.21005.01
[2015.11.06-09.27.33:513][  0]LogInit: Build Configuration: Development
[2015.11.06-09.27.33:513][  0]LogInit: Branch Name: ++depot+UE4-Releases+4.9
[2015.11.06-09.27.33:513][  0]LogInit: Command line:  
[2015.11.06-09.27.33:513][  0]LogInit: Base directory: C:/Program Files/Epic Games/4.9/Engine/Binaries/Win64/
[2015.11.06-09.27.33:513][  0]LogInit: Rocket: 1
[2015.11.06-09.27.33:532][  0]LogInit: Using libcurl 7.41.0
[2015.11.06-09.27.33:532][  0]LogInit:  - built for x86_64-pc-win32
[2015.11.06-09.27.33:532][  0]LogInit:  - supports SSL with WinSSL
[2015.11.06-09.27.33:532][  0]LogInit:  - other features:
[2015.11.06-09.27.33:532][  0]LogInit:      CURL_VERSION_SSL
[2015.11.06-09.27.33:532][  0]LogInit:      CURL_VERSION_IPV6
[2015.11.06-09.27.33:532][  0]LogInit:      CURL_VERSION_ASYNCHDNS
[2015.11.06-09.27.33:532][  0]LogInit:      CURL_VERSION_LARGEFILE
[2015.11.06-09.27.33:532][  0]LogInit:      CURL_VERSION_IDN
[2015.11.06-09.27.33:533][  0]LogInit:  CurlRequestOptions (configurable via config and command line):
[2015.11.06-09.27.33:533][  0]LogInit:  - bVerifyPeer = true  - Libcurl will verify peer certificate
[2015.11.06-09.27.33:533][  0]LogInit:  - bUseHttpProxy = false  - Libcurl will NOT use HTTP proxy
[2015.11.06-09.27.33:533][  0]LogInit:  - bDontReuseConnections = false  - Libcurl will reuse connections
[2015.11.06-09.27.33:533][  0]LogInit:  - CertBundlePath = nullptr  - Libcurl will use whatever was configured at build time.
[2015.11.06-09.27.33:544][  0]LogInit: Presizing for 0 objects not considered by GC, pre-allocating 0 bytes.
[2015.11.06-09.27.33:562][  0]LogInit: Object subsystem initialized
[2015.11.06-09.27.33:569][  0]LogInit: Selected Device Profile: [Windows]
[2015.11.06-09.27.33:569][  0]LogInit: Applying CVar settings loaded from the selected device profile: [Windows]
[2015.11.06-09.27.33:593][  0]LogInit: Computer: HENRIKLAP
[2015.11.06-09.27.33:593][  0]LogInit: User: Henrik
[2015.11.06-09.27.33:593][  0]LogInit: CPU Page size=4096, Cores=4
[2015.11.06-09.27.33:593][  0]LogInit: High frequency timer resolution =2.436851 MHz
[2015.11.06-09.27.33:593][  0]LogMemory: Memory total: Physical=7.4GB (8GB approx)
[2015.11.06-09.27.33:593][  0]LogMemory: Platform Memory Stats for Windows
[2015.11.06-09.27.33:593][  0]LogMemory: Process Physical Memory: 52.56 MB used, 52.56 MB peak
[2015.11.06-09.27.33:593][  0]LogMemory: Process Virtual Memory: 55.07 MB used, 55.07 MB peak
[2015.11.06-09.27.33:593][  0]LogMemory: Physical Memory: 2998.53 MB used, 7626.27 MB total
[2015.11.06-09.27.33:593][  0]LogMemory: Virtual Memory: 343.22 MB used, 134217728.00 MB total
[2015.11.06-09.27.33:634][  0]LogTextLocalizationManager: No translations for ('sv-SE') exist, falling back to 'en' for localization and internationalization data.
[2015.11.06-09.27.35:230][  0]LogD3D11RHI: Found D3D11 adapter 0: AMD Radeon HD 8650G + HD 8750M Dual Graphics (Feature Level 11_0)
[2015.11.06-09.27.35:230][  0]LogD3D11RHI: Adapter has 2525MB of dedicated video memory, 0MB of dedicated system memory, and 3584MB of shared system memory, 1 output[s]
[2015.11.06-09.27.35:231][  0]LogD3D11RHI: Found D3D11 adapter 1: Microsoft Basic Render Driver (Feature Level 11_0)
[2015.11.06-09.27.35:231][  0]LogD3D11RHI: Adapter has 0MB of dedicated video memory, 0MB of dedicated system memory, and 256MB of shared system memory, 0 output[s]
[2015.11.06-09.27.35:231][  0]LogD3D11RHI: Chosen D3D11 Adapter Id = 0
[2015.11.06-09.27.35:238][  0]LogD3D11RHI: !Direct3DDevice
[2015.11.06-09.27.35:238][  0]LogRHI: Texture pool is 1361 MB (70% of 1945 MB)
[2015.11.06-09.27.35:252][  0]LogD3D11RHI: Async texture creation disabled: no driver support
[2015.11.06-09.27.35:266][  0]LogShaderCompilers: Guid format shader working directory is 15 characters bigger than the processId version (../../../../../../Users/Henrik/Documents/GitHub/Balls-of-steel/BOS/Intermediate/Shaders/WorkingDirectory/8132/).
[2015.11.06-09.27.35:266][  0]LogShaderCompilers: Cleaned the shader compiler working directory '../../../../../../Users/Henrik/Documents/GitHub/Balls-of-steel/BOS/Intermediate/Shaders/tmp/5D7B5F594CC6B6B532AED79EC7E3D2F4/'.
[2015.11.06-09.27.35:266][  0]LogShaderCompilers:Display: Using Local Shader Compiler.
[2015.11.06-09.27.37:582][  0]LogTemp:Display: Loaded TP AllDesktopTargetPlatform
[2015.11.06-09.27.37:591][  0]LogTemp:Display: Loaded TP WindowsClientTargetPlatform
[2015.11.06-09.27.37:602][  0]LogTemp:Display: Loaded TP WindowsNoEditorTargetPlatform
[2015.11.06-09.27.37:610][  0]LogTemp:Display: Loaded TP WindowsServerTargetPlatform
[2015.11.06-09.27.37:621][  0]LogTemp:Display: Loaded TP WindowsTargetPlatform
[2015.11.06-09.27.37:628][  0]LogTemp:Display: Loaded TP AndroidTargetPlatform
[2015.11.06-09.27.37:633][  0]LogTemp:Display: Loaded TP Android_ASTCTargetPlatform
[2015.11.06-09.27.37:638][  0]LogTemp:Display: Loaded TP Android_ATCTargetPlatform
[2015.11.06-09.27.37:644][  0]LogTemp:Display: Loaded TP Android_DXTTargetPlatform
[2015.11.06-09.27.37:652][  0]LogTemp:Display: Loaded TP Android_ETC1TargetPlatform
[2015.11.06-09.27.37:659][  0]LogTemp:Display: Loaded TP Android_ETC2TargetPlatform
[2015.11.06-09.27.37:665][  0]LogTemp:Display: Loaded TP Android_PVRTCTargetPlatform
[2015.11.06-09.27.37:666][  0]LogTemp:Display: Loaded TP HTML5TargetPlatform
[2015.11.06-09.27.37:687][  0]LogTemp:Display: Loaded TP IOSTargetPlatform
[2015.11.06-09.27.37:692][  0]LogTemp:Display: Loaded TP LinuxNoEditorTargetPlatform
[2015.11.06-09.27.37:697][  0]LogTemp:Display: Loaded TP LinuxServerTargetPlatform
[2015.11.06-09.27.37:704][  0]LogTemp:Display: Loaded TP LinuxTargetPlatform
[2015.11.06-09.27.37:704][  0]LogTargetPlatformManager:Display: Building Assets For Windows
[2015.11.06-09.27.37:854][  0]LogDerivedDataCache:Display: Max Cache Size: 512 MB
[2015.11.06-09.27.37:955][  0]LogDerivedDataCache: Loaded boot cache 0.10s 42MB C:/Users/Henrik/AppData/Local/UnrealEngine/4.9/DerivedDataCache/Boot.ddc.
[2015.11.06-09.27.37:955][  0]LogDerivedDataCache:Display: Loaded Boot cache: C:/Users/Henrik/AppData/Local/UnrealEngine/4.9/DerivedDataCache/Boot.ddc
[2015.11.06-09.27.37:956][  0]LogDerivedDataCache: FDerivedDataBackendGraph:  Pak pak cache file ../../../../../../Users/Henrik/Documents/GitHub/Balls-of-steel/BOS/DerivedDataCache/DDC.ddp not found, will not use a pak cache.
[2015.11.06-09.27.37:956][  0]LogDerivedDataCache: Unable to find inner node Pak for hierarchical cache Hierarchy.
[2015.11.06-09.27.37:956][  0]LogDerivedDataCache: FDerivedDataBackendGraph:  CompressedPak pak cache file ../../../../../../Users/Henrik/Documents/GitHub/Balls-of-steel/BOS/DerivedDataCache/Compressed.ddp not found, will not use a pak cache.
[2015.11.06-09.27.37:956][  0]LogDerivedDataCache: Unable to find inner node CompressedPak for hierarchical cache Hierarchy.
[2015.11.06-09.27.38:206][  0]LogDerivedDataCache:Display: Pak cache opened for reading ../../../Engine/DerivedDataCache/Compressed.ddp.
[2015.11.06-09.27.38:219][  0]LogDerivedDataCache: Using Local data cache path C:/Users/Henrik/AppData/Local/UnrealEngine/Common/DerivedDataCache: Writable
[2015.11.06-09.27.38:573][  0]LogInit: Selected Device Profile: [Windows]
[2015.11.06-09.27.38:580][  0]LogContentStreaming: Texture pool size is 0.000000MB
[2015.11.06-09.27.38:824][  0]LogMeshUtilities: No automatic mesh reduction module available
[2015.11.06-09.27.38:824][  0]LogMeshUtilities: No automatic mesh merging module available
[2015.11.06-09.27.39:289][  0]LogInit: WinSock: version 1.1 (2.2), MaxSocks=32767, MaxUdp=65467
[2015.11.06-09.27.40:424][  0]UdpMessaging: Initializing bridge on interface 0.0.0.0:0 to multicast group 230.0.0.1:6666.
[2015.11.06-09.27.40:502][  0]LogLinker:Warning: Asset '../../../../../../Users/Henrik/Documents/GitHub/Balls-of-steel/BOS/Content/Rolling/Meshes/BallMesh.uasset' has been saved with empty engine version. The asset will be loaded but may be incompatible.
[2015.11.06-09.27.40:503][  0]LogLinker:Warning: Asset '../../../../../../Users/Henrik/Documents/GitHub/Balls-of-steel/BOS/Content/Rolling/Materials/M_Blue_Checker.uasset' has been saved with empty engine version. The asset will be loaded but may be incompatible.
[2015.11.06-09.27.40:505][  0]LogLinker:Warning: Asset '../../../../../../Users/Henrik/Documents/GitHub/Balls-of-steel/BOS/Content/Rolling/Materials/PM_Ball.uasset' has been saved with empty engine version. The asset will be loaded but may be incompatible.
[2015.11.06-09.27.40:593][  0]LogAssetRegistry: FAssetRegistry took 0.0114 seconds to start up
[2015.11.06-09.27.40:938][  0]SourceControl: Info Source control is disabled
[2015.11.06-09.27.40:955][  0]SourceControl: Info Source control is disabled
[2015.11.06-09.27.40:977][  0]SourceControl: Info Source control is disabled
[2015.11.06-09.27.40:999][  0]SourceControl: Info Source control is disabled
[2015.11.06-09.27.41:271][  0]LogLinker:Warning: Asset '../../../Engine/Plugins/Runtime/LeapMotionController/Content/LM_PassthroughMaterial.uasset' has been saved with empty engine version. The asset will be loaded but may be incompatible.
[2015.11.06-09.27.41:410][  0]LogObj: 28400 objects as part of root set at end of initial load.
[2015.11.06-09.27.41:410][  0]LogUObjectAllocator: 6054872 out of 0 bytes used by permanent object pool.
[2015.11.06-09.27.41:508][  0]LogEngine: Initializing Engine...
[2015.11.06-09.27.41:515][  0]LogHMD: Can't find Oculus library dev build: is proper Runtime installed? Version: 0.7.0.0
[2015.11.06-09.27.41:515][  0]LogHMD: SteamVR failed to initialize.  Err: 110
[2015.11.06-09.27.41:754][  0]LogAIModule: Creating AISystem for world NewWorld
[2015.11.06-09.27.41:759][  0]LogInit: XAudio2 using 'Speakers (Realtek High Definition Audio)' : 2 channels at 48 kHz using 32 bits per sample (channel mask 0x3)
[2015.11.06-09.27.41:775][  0]LogInit: FAudioDevice initialized.
[2015.11.06-09.27.41:840][  0]LogDerivedDataCache: Saved boot cache 0.07s 42MB C:/Users/Henrik/AppData/Local/UnrealEngine/4.9/DerivedDataCache/Boot.ddc.
[2015.11.06-09.27.41:854][  0]LogInit: Texture streaming: Enabled
[2015.11.06-09.27.41:863][  0]LogAnalytics: Creating configured Analytics provider AnalyticsET
[2015.11.06-09.27.41:864][  0]LogAnalytics: [UEEditor.Rocket.Release] APIServer = http://et2.epicgames.com/ET2/. AppVersion = 4.9.2-2707645+++depot+UE4-Releases+4.9
[2015.11.06-09.27.41:864][  0]LogAnalytics: [UEEditor.Rocket.Release] SetUserId acaf962148b56d9743bd72afeabcbeb9|c8ac3edb00a24d41af0fa96f246ba628|0c8c2f6c-a153-4eda-82c3-243060fd3001
[2015.11.06-09.27.41:864][  0]LogAnalytics: [UEEditor.Rocket.Release] AnalyticsET::StartSession
[2015.11.06-09.27.41:910][  0]LogInit: Transaction tracking system initialized
[2015.11.06-09.27.41:966][  0]BlueprintLog: New page: Editor Load
[2015.11.06-09.27.42:123][  0]LocalizationService: Info Localization service is disabled
[2015.11.06-09.27.42:482][  0]LogConsoleResponse:Display: 
[2015.11.06-09.27.42:724][  0]LogCook:Display: Done creating registry. It took  0.00s.
[2015.11.06-09.27.42:842][  0]LogFileCache: Scanning file cache for directory 'C:/Users/Henrik/Documents/GitHub/Balls-of-steel/BOS/Content/' took 0.02s
[2015.11.06-09.27.42:842][  0]SourceControl: Info Source control is disabled
[2015.11.06-09.27.42:842][  0]Cmd: MAP LOAD FILE="../../../../../../Users/Henrik/Documents/GitHub/Balls-of-steel/BOS/Content/RollingCPP/Maps/MainMenu.umap" TEMPLATE=0 SHOWPROGRESS=1 FEATURELEVEL=3
[2015.11.06-09.27.42:843][  0]LightingResults: New page: Lighting Build
[2015.11.06-09.27.42:848][  0]MapCheck: New page: Map Check
[2015.11.06-09.27.42:848][  0]LightingResults: New page: Lighting Build
[2015.11.06-09.27.42:870][  0]LogParticles: Destroying 0 GPU particle simulations for FXSystem 0x000000791C723420
[2015.11.06-09.27.43:228][  0]LogAIModule: Creating AISystem for world MainMenu
[2015.11.06-09.27.43:240][  0]LogEditorServer: Finished looking for orphan Actors (0.000 secs)
[2015.11.06-09.27.43:241][  0]Cmd: MAP CHECKDEP NOCLEARLOG
[2015.11.06-09.27.43:355][  0]MapCheck: Info Map check complete: 0 Error(s), 0 Warning(s), took 114.197ms to complete.
[2015.11.06-09.27.43:355][  0]LogFileHelpers: Loading map 'MainMenu' took 0.513
[2015.11.06-09.27.43:525][  0]LogCollectionManager: Loaded 0 collections in 0.004775 seconds
[2015.11.06-09.27.43:583][  0]LogFileCache: Scanning file cache for directory 'C:/Users/Henrik/Documents/GitHub/Balls-of-steel/BOS/Saved/Collections/' took 0.01s
[2015.11.06-09.27.43:583][  0]LogFileCache: Scanning file cache for directory 'C:/Users/Henrik/Documents/GitHub/Balls-of-steel/BOS/Content/Developers/Henrik/Collections/' took 0.01s
[2015.11.06-09.27.43:583][  0]LogFileCache: Scanning file cache for directory 'C:/Users/Henrik/Documents/GitHub/Balls-of-steel/BOS/Content/Collections/' took 0.01s
[2015.11.06-09.27.43:583][  0]LogContentBrowser: Native class hierarchy populated in 0.0199 seconds. Added 1869 classes and 335 folders.
[2015.11.06-09.27.43:593][  0]LogCollectionManager: Rebuilt the GUID cache for 0 collections in 0.000005 seconds
[2015.11.06-09.27.43:611][  0]LogContentBrowser: Native class hierarchy updated for 'WidgetCarousel' in 0.0030 seconds. Added 0 classes and 0 folders.
[2015.11.06-09.27.43:714][  0]LogContentBrowser: Native class hierarchy updated for 'AddContentDialog' in 0.0029 seconds. Added 0 classes and 0 folders.
[2015.11.06-09.27.43:725][  0]LogContentBrowser: Native class hierarchy updated for 'SceneOutliner' in 0.0037 seconds. Added 1 classes and 2 folders.
[2015.11.06-09.27.43:770][  0]LogCrashTracker: Crashtracker disabled due to settings.
[2015.11.06-09.27.43:777][  0]LogUObjectGlobals:Warning: Failed to find object 'Class None.'
[2015.11.06-09.27.43:800][  0]LogLoad: Full Startup: 12.02 seconds (BP compile: 0.08 seconds)
[2015.11.06-09.27.43:890][  0]LogContentStreaming: Texture pool size now 400 MB
[2015.11.06-09.27.44:100][  0]LogRenderer: Reallocating scene render targets to support 848x356 (Frame:2).
[2015.11.06-09.27.44:632][  6]LogAssetRegistry: Asset discovery search completed in 4.0498 seconds
[2015.11.06-09.27.44:632][  6]LogCollectionManager: Rebuilt the object cache for 0 collections in 0.000001 seconds (found 0 objects)
[2015.11.06-09.27.44:632][  6]LogCollectionManager: Fixed up redirectors for 0 collections in 0.000045 seconds (updated 0 objects)
[2015.11.06-09.27.59:436][495]LogWindowsTextInputMethodSystem:Display: IME system now deactivated.
[2015.11.06-09.27.59:885][496]Cmd: QUIT_EDITOR
[2015.11.06-09.28.00:361][496]LogExit: Preparing to exit.
[2015.11.06-09.28.01:475][496]LogExit: Editor shut down
[2015.11.06-09.28.01:475][496]LogExit: Transaction tracking system shut down
[2015.11.06-09.28.01:478][496]LogParticles: Destroying 0 GPU particle simulations for FXSystem 0x000000790EE320C0
[2015.11.06-09.28.01:478][496]LogParticles: Destroying 0 GPU particle simulations for FXSystem 0x000000790E0249A0
[2015.11.06-09.28.01:479][496]LogParticles: Destroying 0 GPU particle simulations for FXSystem 0x0000007921FEEC00
[2015.11.06-09.28.01:479][496]LogParticles: Destroying 0 GPU particle simulations for FXSystem 0x0000007921FEDA80
[2015.11.06-09.28.01:722][496]LogExit: Object subsystem successfully closed.
[2015.11.06-09.28.01:732][496]LogD3D11RHI: Shutdown
[2015.11.06-09.28.01:732][496]LogD3D11RHI: CleanupD3DDevice
[2015.11.06-09.28.01:828][496]LogD3D11RHI: ~FD3D11DynamicRHI
[2015.11.06-09.28.01:860][496]LogModuleManager: Shutting down and abandoning module CrashTracker (198)
[2015.11.06-09.28.01:860][496]LogModuleManager: Shutting down and abandoning module SceneOutliner (197)
[2015.11.06-09.28.01:861][496]LogModuleManager: Shutting down and abandoning module SuperSearch (196)
[2015.11.06-09.28.01:861][496]LogModuleManager: Shutting down and abandoning module WidgetCarousel (195)
[2015.11.06-09.28.01:861][496]LogModuleManager: Shutting down and abandoning module AddContentDialog (194)
[2015.11.06-09.28.01:863][496]LogModuleManager: Shutting down and abandoning module EditorWidgets (193)
[2015.11.06-09.28.01:863][496]LogModuleManager: Shutting down and abandoning module CollectionManager (192)
[2015.11.06-09.28.01:864][496]LogModuleManager: Shutting down and abandoning module StatsViewer (191)
[2015.11.06-09.28.01:864][496]LogModuleManager: Shutting down and abandoning module FoliageEdit (190)
[2015.11.06-09.28.01:864][496]LogModuleManager: Shutting down and abandoning module LandscapeEditor (189)
[2015.11.06-09.28.01:864][496]LogModuleManager: Shutting down and abandoning module ActorPickerMode (188)
[2015.11.06-09.28.01:864][496]LogModuleManager: Shutting down and abandoning module GeometryMode (187)
[2015.11.06-09.28.01:864][496]LogModuleManager: Shutting down and abandoning module TextureAlignMode (186)
[2015.11.06-09.28.01:864][496]LogModuleManager: Shutting down and abandoning module BspMode (185)
[2015.11.06-09.28.01:864][496]LogModuleManager: Shutting down and abandoning module PlacementMode (184)
[2015.11.06-09.28.01:864][496]LogModuleManager: Shutting down and abandoning module AutomationWorker (183)
[2015.11.06-09.28.01:864][496]LogModuleManager: Shutting down and abandoning module CharacterAI (182)
[2015.11.06-09.28.01:865][496]LogModuleManager: Shutting down and abandoning module SmartSnapping (181)
[2015.11.06-09.28.01:865][496]LogModuleManager: Shutting down and abandoning module ViewportSnapping (180)
[2015.11.06-09.28.01:865][496]LogModuleManager: Shutting down and abandoning module LogVisualizer (179)
[2015.11.06-09.28.01:865][496]LogModuleManager: Shutting down and abandoning module GameProjectGeneration (178)
[2015.11.06-09.28.01:865][496]LogModuleManager: Shutting down and abandoning module IntroTutorials (177)
[2015.11.06-09.28.01:865][496]LogModuleManager: Shutting down and abandoning module EditorLiveStreaming (176)
[2015.11.06-09.28.01:865][496]LogModuleManager: Shutting down and abandoning module IOSPlatformEditor (175)
[2015.11.06-09.28.01:865][496]LogModuleManager: Shutting down and abandoning module HTML5PlatformEditor (174)
[2015.11.06-09.28.01:865][496]LogModuleManager: Shutting down and abandoning module AndroidDeviceDetection (173)
[2015.11.06-09.28.02:206][496]LogModuleManager: Shutting down and abandoning module AndroidPlatformEditor (172)
[2015.11.06-09.28.02:206][496]LogModuleManager: Shutting down and abandoning module IOSRuntimeSettings (171)
[2015.11.06-09.28.02:206][496]LogModuleManager: Shutting down and abandoning module AndroidRuntimeSettings (170)
[2015.11.06-09.28.02:206][496]LogModuleManager: Shutting down and abandoning module MergeActors (169)
[2015.11.06-09.28.02:206][496]LogModuleManager: Shutting down and abandoning module SizeMap (168)
[2015.11.06-09.28.02:206][496]LogModuleManager: Shutting down and abandoning module TreeMap (167)
[2015.11.06-09.28.02:206][496]LogModuleManager: Shutting down and abandoning module ReferenceViewer (166)
[2015.11.06-09.28.02:206][496]LogModuleManager: Shutting down and abandoning module LocalizationService (165)
[2015.11.06-09.28.02:206][496]LogModuleManager: Shutting down and abandoning module LocalizationDashboard (164)
[2015.11.06-09.28.02:206][496]LogModuleManager: Shutting down and abandoning module HardwareTargeting (163)
[2015.11.06-09.28.02:206][496]LogModuleManager: Shutting down and abandoning module DeviceProfileEditor (162)
[2015.11.06-09.28.02:206][496]LogModuleManager: Shutting down and abandoning module UndoHistory (161)
[2015.11.06-09.28.02:206][496]LogModuleManager: Shutting down and abandoning module GameplayTagsEditor (160)
[2015.11.06-09.28.02:206][496]LogModuleManager: Shutting down and abandoning module UserFeedback (159)
[2015.11.06-09.28.02:206][496]LogModuleManager: Shutting down and abandoning module XmlParser (158)
[2015.11.06-09.28.02:206][496]LogModuleManager: Shutting down and abandoning module Blutility (157)
[2015.11.06-09.28.02:206][496]LogModuleManager: Shutting down and abandoning module ProjectTargetPlatformEditor (156)
[2015.11.06-09.28.02:206][496]LogModuleManager: Shutting down and abandoning module ProjectSettingsViewer (155)
[2015.11.06-09.28.02:206][496]LogModuleManager: Shutting down and abandoning module InputBindingEditor (154)
[2015.11.06-09.28.02:206][496]LogModuleManager: Shutting down and abandoning module EditorSettingsViewer (153)
[2015.11.06-09.28.02:207][496]LogModuleManager: Shutting down and abandoning module SettingsEditor (152)
[2015.11.06-09.28.02:207][496]LogModuleManager: Shutting down and abandoning module ProjectLauncher (151)
[2015.11.06-09.28.02:207][496]LogModuleManager: Shutting down and abandoning module SessionFrontend (150)
[2015.11.06-09.28.02:207][496]LogModuleManager: Shutting down and abandoning module ProfilerClient (149)
[2015.11.06-09.28.02:207][496]LogModuleManager: Shutting down and abandoning module TargetDeviceServices (148)
[2015.11.06-09.28.02:207][496]LogModuleManager: Shutting down and abandoning module DeviceManager (147)
[2015.11.06-09.28.02:207][496]LogModuleManager: Shutting down and abandoning module AutomationController (146)
[2015.11.06-09.28.02:207][496]LogModuleManager: Shutting down and abandoning module AutomationWindow (145)
[2015.11.06-09.28.02:207][496]LogModuleManager: Shutting down and abandoning module Layers (144)
[2015.11.06-09.28.02:207][496]LogModuleManager: Shutting down and abandoning module ComponentVisualizers (143)
[2015.11.06-09.28.02:207][496]LogModuleManager: Shutting down and abandoning module DetailCustomizations (142)
[2015.11.06-09.28.02:207][496]LogModuleManager: Shutting down and abandoning module PackagesDialog (141)
[2015.11.06-09.28.02:207][496]LogModuleManager: Shutting down and abandoning module Persona (140)
[2015.11.06-09.28.02:207][496]LogModuleManager: Shutting down and abandoning module Kismet (139)
[2015.11.06-09.28.02:207][496]LogModuleManager: Shutting down and abandoning module GraphEditor (138)
[2015.11.06-09.28.02:207][496]LogModuleManager: Shutting down and abandoning module ClassViewer (137)
[2015.11.06-09.28.02:207][496]LogModuleManager: Shutting down and abandoning module Toolbox (136)
[2015.11.06-09.28.02:207][496]LogModuleManager: Shutting down and abandoning module ModuleUI (135)
[2015.11.06-09.28.02:207][496]LogModuleManager: Shutting down and abandoning module MovieSceneTools (134)
[2015.11.06-09.28.02:207][496]LogModuleManager: Shutting down and abandoning module OutputLog (133)
[2015.11.06-09.28.02:207][496]LogModuleManager: Shutting down and abandoning module GammaUI (132)
[2015.11.06-09.28.02:207][496]LogModuleManager: Shutting down and abandoning module Documentation (131)
[2015.11.06-09.28.02:207][496]LogModuleManager: Shutting down and abandoning module GameLiveStreaming (130)
[2015.11.06-09.28.02:207][496]LogModuleManager: Shutting down and abandoning module StreamingPauseRendering (129)
[2015.11.06-09.28.02:207][496]LogModuleManager: Shutting down and abandoning module AnalyticsET (128)
[2015.11.06-09.28.02:207][496]LogModuleManager: Shutting down and abandoning module Analytics (127)
[2015.11.06-09.28.02:207][496]LogModuleManager: Shutting down and abandoning module AITestSuite (126)
[2015.11.06-09.28.02:207][496]LogModuleManager: Shutting down and abandoning module GameplayDebugger (125)
[2015.11.06-09.28.02:207][496]LogModuleManager: Shutting down and abandoning module AIModule (124)
[2015.11.06-09.28.02:207][496]LogModuleManager: Shutting down and abandoning module ProfilerService (123)
[2015.11.06-09.28.02:435][496]LogModuleManager: Shutting down and abandoning module TaskGraph (122)
[2015.11.06-09.28.02:435][496]LogModuleManager: Shutting down and abandoning module SlateRemote (121)
[2015.11.06-09.28.02:435][496]LogModuleManager: Shutting down and abandoning module SteamVRController (120)
[2015.11.06-09.28.02:435][496]LogModuleManager: Shutting down and abandoning module SteamVR (119)
[2015.11.06-09.28.02:435][496]LogModuleManager: Shutting down and abandoning module ProceduralMeshComponent (118)
[2015.11.06-09.28.02:435][496]LogModuleManager: Shutting down and abandoning module OculusRift (117)
[2015.11.06-09.28.02:435][496]LogModuleManager: Shutting down and abandoning module OculusLibrary (116)
[2015.11.06-09.28.02:435][496]LogModuleManager: Shutting down and abandoning module LeapMotionController (115)
[2015.11.06-09.28.02:454][496]LogModuleManager: Shutting down and abandoning module CustomMeshComponent (114)
[2015.11.06-09.28.02:454][496]LogModuleManager: Shutting down and abandoning module CableComponent (113)
[2015.11.06-09.28.02:454][496]LogModuleManager: Shutting down and abandoning module ArchVisCharacter (112)
[2015.11.06-09.28.02:454][496]LogModuleManager: Shutting down and abandoning module MessagingDebugger (111)
[2015.11.06-09.28.02:454][496]LogModuleManager: Shutting down and abandoning module MediaPlayerEditor (110)
[2015.11.06-09.28.02:454][496]LogModuleManager: Shutting down and abandoning module HTML5Networking (109)
[2015.11.06-09.28.02:454][496]LogModuleManager: Shutting down and abandoning module SpeedTreeImporter (108)
[2015.11.06-09.28.02:454][496]LogModuleManager: Shutting down and abandoning module PluginBrowser (107)
[2015.11.06-09.28.02:454][496]LogModuleManager: Shutting down and abandoning module EpicSurvey (106)
[2015.11.06-09.28.02:454][496]LogModuleManager: Shutting down and abandoning module DesktopPlatform (105)
[2015.11.06-09.28.02:454][496]LogModuleManager: Shutting down and abandoning module VisualStudioSourceCodeAccess (104)
[2015.11.06-09.28.02:454][496]LogModuleManager: Shutting down and abandoning module UObjectPlugin (103)
[2015.11.06-09.28.02:454][496]LogModuleManager: Shutting down and abandoning module SubversionSourceControl (102)
[2015.11.06-09.28.02:454][496]LogModuleManager: Shutting down and abandoning module PerforceSourceControl (101)
[2015.11.06-09.28.02:454][496]LogModuleManager: Shutting down and abandoning module SourceControl (100)
[2015.11.06-09.28.02:454][496]LogModuleManager: Shutting down and abandoning module GitSourceControl (99)
[2015.11.06-09.28.02:454][496]LogModuleManager: Shutting down and abandoning module LightPropagationVolumeEditor (98)
[2015.11.06-09.28.02:454][496]LogModuleManager: Shutting down and abandoning module PaperTiledImporter (97)
[2015.11.06-09.28.02:454][496]LogModuleManager: Shutting down and abandoning module PaperSpriteSheetImporter (96)
[2015.11.06-09.28.02:454][496]LogModuleManager: Shutting down and abandoning module MeshPaint (95)
[2015.11.06-09.28.02:455][496]LogModuleManager: Shutting down and abandoning module SlateReflector (94)
[2015.11.06-09.28.02:455][496]LogModuleManager: Shutting down and abandoning module HotReload (93)
[2015.11.06-09.28.02:455][496]LogModuleManager: Shutting down and abandoning module MainFrame (92)
[2015.11.06-09.28.02:455][496]LogModuleManager: Shutting down and abandoning module LevelEditor (91)
[2015.11.06-09.28.02:456][496]LogModuleManager: Shutting down and abandoning module DirectoryWatcher (90)
[2015.11.06-09.28.02:457][496]LogModuleManager: Shutting down and abandoning module AssetRegistry (89)
[2015.11.06-09.28.02:580][496]LogModuleManager: Shutting down and abandoning module ContentBrowser (88)
[2015.11.06-09.28.02:581][496]LogModuleManager: Shutting down and abandoning module Paper2DEditor (87)
[2015.11.06-09.28.02:581][496]LogModuleManager: Shutting down and abandoning module BOS (86)
[2015.11.06-09.28.02:581][496]LogModuleManager: Shutting down and abandoning module UdpMessaging (85)
[2015.11.06-09.28.02:682][496]LogModuleManager: Shutting down and abandoning module LightPropagationVolumeRuntime (84)
[2015.11.06-09.28.02:682][496]LogModuleManager: Shutting down and abandoning module Paper2D (83)
[2015.11.06-09.28.02:682][496]LogModuleManager: Shutting down and abandoning module WindowsMoviePlayer (82)
[2015.11.06-09.28.02:687][496]LogModuleManager: Shutting down and abandoning module Media (81)
[2015.11.06-09.28.02:687][496]LogModuleManager: Shutting down and abandoning module WmfMedia (80)
[2015.11.06-09.28.02:687][496]LogModuleManager: Shutting down and abandoning module OnlineBlueprintSupport (79)
[2015.11.06-09.28.02:687][496]LogModuleManager: Shutting down and abandoning module GameplayTasksEditor (78)
[2015.11.06-09.28.02:687][496]LogModuleManager: Shutting down and abandoning module PropertyEditor (77)
[2015.11.06-09.28.02:687][496]LogModuleManager: Shutting down and abandoning module BehaviorTreeEditor (76)
[2015.11.06-09.28.02:687][496]LogModuleManager: Shutting down and abandoning module FunctionalTesting (75)
[2015.11.06-09.28.02:687][496]LogModuleManager: Shutting down and abandoning module CollisionAnalyzer (74)
[2015.11.06-09.28.02:688][496]LogModuleManager: Shutting down and abandoning module WorkspaceMenuStructure (73)
[2015.11.06-09.28.02:688][496]LogModuleManager: Shutting down and abandoning module MessageLog (72)
[2015.11.06-09.28.02:688][496]LogModuleManager: Shutting down and abandoning module Sequencer (71)
[2015.11.06-09.28.02:688][496]LogModuleManager: Shutting down and abandoning module AssetTools (70)
[2015.11.06-09.28.02:688][496]LogModuleManager: Shutting down and abandoning module UMGEditor (69)
[2015.11.06-09.28.02:688][496]LogModuleManager: Shutting down and abandoning module UMG (68)
[2015.11.06-09.28.02:688][496]LogModuleManager: Shutting down and abandoning module Slate (67)
[2015.11.06-09.28.02:688][496]LogModuleManager: Shutting down and abandoning module EditorStyle (66)
[2015.11.06-09.28.02:693][496]LogModuleManager: Shutting down and abandoning module SessionServices (65)
[2015.11.06-09.28.02:693][496]LogModuleManager: Shutting down and abandoning module SourceCodeAccess (64)
[2015.11.06-09.28.02:693][496]LogModuleManager: Shutting down and abandoning module HeadMountedDisplay (63)
[2015.11.06-09.28.02:693][496]LogModuleManager: Shutting down and abandoning module XAudio2 (62)
[2015.11.06-09.28.02:693][496]LogModuleManager: Shutting down and abandoning module Networking (60)
[2015.11.06-09.28.02:693][496]LogModuleManager: Shutting down and abandoning module Core (59)
[2015.11.06-09.28.02:693][496]LogModuleManager: Shutting down and abandoning module KismetCompiler (58)
[2015.11.06-09.28.02:693][496]LogModuleManager: Shutting down and abandoning module PhysXFormats (57)
[2015.11.06-09.28.02:693][496]LogModuleManager: Shutting down and abandoning module MeshUtilities (56)
[2015.11.06-09.28.02:693][496]LogModuleManager: Shutting down and abandoning module CookingStats (55)
[2015.11.06-09.28.02:694][496]LogModuleManager: Shutting down and abandoning module DerivedDataCache (54)
[2015.11.06-09.28.02:734][496]LogDerivedDataCache: Shutdown
[2015.11.06-09.28.02:734][496]LogModuleManager: Shutting down and abandoning module ShaderFormatOpenGL (53)
[2015.11.06-09.28.02:734][496]LogModuleManager: Shutting down and abandoning module ShaderFormatD3D (52)
[2015.11.06-09.28.02:734][496]LogModuleManager: Shutting down and abandoning module MetalShaderFormat (51)
[2015.11.06-09.28.02:734][496]LogModuleManager: Shutting down and abandoning module TextureFormatUncompressed (50)
[2015.11.06-09.28.02:734][496]LogModuleManager: Shutting down and abandoning module TextureFormatPVR (49)
[2015.11.06-09.28.02:734][496]LogModuleManager: Shutting down and abandoning module TextureFormatIntelISPCTexComp (48)
[2015.11.06-09.28.02:734][496]LogModuleManager: Shutting down and abandoning module TextureFormatDXT (47)
[2015.11.06-09.28.02:734][496]LogModuleManager: Shutting down and abandoning module ImageWrapper (46)
[2015.11.06-09.28.02:734][496]LogModuleManager: Shutting down and abandoning module TextureFormatASTC (45)
[2015.11.06-09.28.02:734][496]LogModuleManager: Shutting down and abandoning module TextureFormatAndroid (44)
[2015.11.06-09.28.02:734][496]LogModuleManager: Shutting down and abandoning module AudioFormatOpus (43)
[2015.11.06-09.28.02:734][496]LogModuleManager: Shutting down and abandoning module AudioFormatOgg (42)
[2015.11.06-09.28.02:734][496]LogModuleManager: Shutting down and abandoning module AudioFormatADPCM (41)
[2015.11.06-09.28.02:734][496]LogModuleManager: Shutting down and abandoning module LinuxTargetPlatform (40)
[2015.11.06-09.28.02:734][496]LogModuleManager: Shutting down and abandoning module LinuxServerTargetPlatform (39)
[2015.11.06-09.28.02:735][496]LogModuleManager: Shutting down and abandoning module LinuxNoEditorTargetPlatform (38)
[2015.11.06-09.28.02:735][496]LogModuleManager: Shutting down and abandoning module Messaging (37)
[2015.11.06-09.28.02:735][496]LogModuleManager: Shutting down and abandoning module IOSTargetPlatform (36)
[2015.11.06-09.28.02:735][496]LogModuleManager: Shutting down and abandoning module HTML5TargetPlatform (35)
[2015.11.06-09.28.02:735][496]LogModuleManager: Shutting down and abandoning module Android_PVRTCTargetPlatform (34)
[2015.11.06-09.28.02:735][496]LogModuleManager: Shutting down and abandoning module Android_ETC2TargetPlatform (33)
[2015.11.06-09.28.02:735][496]LogModuleManager: Shutting down and abandoning module Android_ETC1TargetPlatform (32)
[2015.11.06-09.28.02:735][496]LogModuleManager: Shutting down and abandoning module Android_DXTTargetPlatform (31)
[2015.11.06-09.28.02:735][496]LogModuleManager: Shutting down and abandoning module Android_ATCTargetPlatform (30)
[2015.11.06-09.28.02:735][496]LogModuleManager: Shutting down and abandoning module Android_ASTCTargetPlatform (29)
[2015.11.06-09.28.02:735][496]LogModuleManager: Shutting down and abandoning module AndroidTargetPlatform (28)
[2015.11.06-09.28.02:735][496]LogModuleManager: Shutting down and abandoning module WindowsTargetPlatform (27)
[2015.11.06-09.28.02:735][496]LogModuleManager: Shutting down and abandoning module WindowsServerTargetPlatform (26)
[2015.11.06-09.28.02:735][496]LogModuleManager: Shutting down and abandoning module WindowsNoEditorTargetPlatform (25)
[2015.11.06-09.28.02:735][496]LogModuleManager: Shutting down and abandoning module WindowsClientTargetPlatform (24)
[2015.11.06-09.28.02:735][496]LogModuleManager: Shutting down and abandoning module AllDesktopTargetPlatform (23)
[2015.11.06-09.28.02:735][496]LogModuleManager: Shutting down and abandoning module TargetPlatform (22)
[2015.11.06-09.28.02:735][496]LogModuleManager: Shutting down and abandoning module InputCore (21)
[2015.11.06-09.28.02:735][496]LogModuleManager: Shutting down and abandoning module Settings (20)
[2015.11.06-09.28.02:735][496]LogModuleManager: Shutting down and abandoning module OnlineSubsystem (18)
[2015.11.06-09.28.02:735][496]LogModuleManager: Shutting down and abandoning module HTTP (17)
[2015.11.06-09.28.04:739][496]LogModuleManager: Shutting down and abandoning module XMPP (16)
[2015.11.06-09.28.04:739][496]LogModuleManager: Shutting down and abandoning module ExampleDeviceProfileSelector (15)
[2015.11.06-09.28.04:739][496]LogModuleManager: Shutting down and abandoning module TextureCompressor (14)
[2015.11.06-09.28.04:739][496]LogModuleManager: Shutting down and abandoning module ShaderCore (13)
[2015.11.06-09.28.04:739][496]LogModuleManager: Shutting down and abandoning module Landscape (12)
[2015.11.06-09.28.04:739][496]LogModuleManager: Shutting down and abandoning module SlateRHIRenderer (11)
[2015.11.06-09.28.04:740][496]LogModuleManager: Shutting down and abandoning module OpenGLDrv (10)
[2015.11.06-09.28.04:740][496]LogModuleManager: Shutting down and abandoning module D3D11RHI (9)
[2015.11.06-09.28.04:741][496]LogModuleManager: Shutting down and abandoning module AnimGraphRuntime (8)
[2015.11.06-09.28.04:741][496]LogModuleManager: Shutting down and abandoning module Renderer (7)
[2015.11.06-09.28.04:741][496]LogModuleManager: Shutting down and abandoning module Engine (6)
[2015.11.06-09.28.04:741][496]LogModuleManager: Shutting down and abandoning module CoreUObject (5)
[2015.11.06-09.28.04:741][496]LogModuleManager: Shutting down and abandoning module NetworkFile (4)
[2015.11.06-09.28.04:741][496]LogModuleManager: Shutting down and abandoning module StreamingFile (3)
[2015.11.06-09.28.04:741][496]LogModuleManager: Shutting down and abandoning module SandboxFile (2)
[2015.11.06-09.28.04:741][496]LogModuleManager: Shutting down and abandoning module PakFile (1)
[2015.11.06-09.28.04:741][496]LogExit: Exiting.
[2015.11.06-09.28.04:744][496]Log file closed, 11/06/15 10:28:04
