[2015.11.04-19.53.48:774][  0]Log file open, 11/04/15 20:53:48
[2015.11.04-19.53.48:774][  0]LogInit:Display: Running engine for game: BOS
[2015.11.04-19.53.48:774][  0]LogInit:Display: RandInit(1576803142) SRandInit(1576803143).
[2015.11.04-19.53.48:774][  0]LogTaskGraph: Started task graph with 4 named threads and 5 total threads.
[2015.11.04-19.53.48:774][  0]LogStats: Stats thread started at 0.073155
[2015.11.04-19.53.48:774][  0]LogInit:Warning: Incompatible or missing module: UE4Editor-BOS.dll
[2015.11.04-19.53.50:404][  0]Running C:/Program Files/Epic Games/4.9/Engine/Binaries/DotNET/UnrealBuildTool.exe BOS Development Win64 -project="C:/Users/Stoffe/Documents/GitHub/Balls-of-steel/BOS/BOS.uproject" -rocket -editorrecompile -progress -noubtmakefiles
[2015.11.04-19.54.28:346][  0]@progress push 5%
[2015.11.04-19.54.29:248][  0]Parsing headers for BOSEditor
[2015.11.04-19.54.29:348][  0]  Running UnrealHeaderTool "C:/Users/Stoffe/Documents/GitHub/Balls-of-steel/BOS/BOS.uproject" "C:\Users\Stoffe\Documents\GitHub\Balls-of-steel\BOS\Intermediate\Build\Win64\BOSEditor\Development\UnrealHeaderTool.manifest" -LogCmds="loginit warning, logexit warning, logdatabase error" -rocket -installed
[2015.11.04-19.54.40:258][  0]Reflection code generated for BOSEditor in 10,9373024 seconds
[2015.11.04-19.54.40:558][  0]@progress pop
[2015.11.04-19.54.42:962][  0]Performing 12 actions (2 in parallel)
[2015.11.04-19.54.42:962][  0]PCH.BOS.h.cpp
[2015.11.04-19.54.59:278][  0]BOSGameMode.cpp
[2015.11.04-19.54.59:278][  0]BasicProjectile.cpp
[2015.11.04-19.55.25:204][  0]BOSBall.cpp
[2015.11.04-19.55.25:305][  0]BallController.cpp
[2015.11.04-19.55.52:738][  0]CameraDirector.cpp
[2015.11.04-19.55.52:839][  0]BOS.generated.cpp
[2015.11.04-19.55.53:642][  0]BOSPlayerState.cpp
[2015.11.04-19.55.54:042][  0]BOSGameState.cpp
[2015.11.04-19.55.54:243][  0]BOSPlayerStart.cpp
[2015.11.04-19.55.54:443][  0]BOS.cpp
[2015.11.04-19.56.15:063][  0][12/12] Link UE4Editor-BOS.dll
[2015.11.04-19.56.16:266][  0]   Creating library C:\Users\Stoffe\Documents\GitHub\Balls-of-steel\BOS\Intermediate/Build/Win64\UE4Editor\Development\UE4Editor-BOS.lib and object C:\Users\Stoffe\Documents\GitHub\Balls-of-steel\BOS\Intermediate/Build/Win64\UE4Editor\Development\UE4Editor-BOS.exp
[2015.11.04-19.56.17:567][  0]-------- End Detailed Actions Stats -----------------------------------------------------------
[2015.11.04-19.56.17:668][  0]Total build time: 147,14 seconds
[2015.11.04-19.56.18:269][  0]LogInit: Version: 4.9.2-2707645+++depot+UE4-Releases+4.9
[2015.11.04-19.56.18:269][  0]LogInit: API Version: 2672455
[2015.11.04-19.56.18:269][  0]LogInit: Compiled (64-bit): Sep 28 2015 10:25:44
[2015.11.04-19.56.18:269][  0]LogInit: Compiled with Visual C++: 18.00.21005.01
[2015.11.04-19.56.18:269][  0]LogInit: Build Configuration: Development
[2015.11.04-19.56.18:269][  0]LogInit: Branch Name: ++depot+UE4-Releases+4.9
[2015.11.04-19.56.18:269][  0]LogInit: Command line:  
[2015.11.04-19.56.18:269][  0]LogInit: Base directory: C:/Program Files/Epic Games/4.9/Engine/Binaries/Win64/
[2015.11.04-19.56.18:269][  0]LogInit: Rocket: 1
[2015.11.04-19.56.18:343][  0]LogInit: Using libcurl 7.41.0
[2015.11.04-19.56.18:343][  0]LogInit:  - built for x86_64-pc-win32
[2015.11.04-19.56.18:343][  0]LogInit:  - supports SSL with WinSSL
[2015.11.04-19.56.18:343][  0]LogInit:  - other features:
[2015.11.04-19.56.18:343][  0]LogInit:      CURL_VERSION_SSL
[2015.11.04-19.56.18:343][  0]LogInit:      CURL_VERSION_IPV6
[2015.11.04-19.56.18:343][  0]LogInit:      CURL_VERSION_ASYNCHDNS
[2015.11.04-19.56.18:343][  0]LogInit:      CURL_VERSION_LARGEFILE
[2015.11.04-19.56.18:343][  0]LogInit:      CURL_VERSION_IDN
[2015.11.04-19.56.18:343][  0]LogInit:  CurlRequestOptions (configurable via config and command line):
[2015.11.04-19.56.18:343][  0]LogInit:  - bVerifyPeer = true  - Libcurl will verify peer certificate
[2015.11.04-19.56.18:343][  0]LogInit:  - bUseHttpProxy = false  - Libcurl will NOT use HTTP proxy
[2015.11.04-19.56.18:343][  0]LogInit:  - bDontReuseConnections = false  - Libcurl will reuse connections
[2015.11.04-19.56.18:343][  0]LogInit:  - CertBundlePath = nullptr  - Libcurl will use whatever was configured at build time.
[2015.11.04-19.56.18:412][  0]LogInit: Presizing for 0 objects not considered by GC, pre-allocating 0 bytes.
[2015.11.04-19.56.18:422][  0]LogInit: Object subsystem initialized
[2015.11.04-19.56.18:423][  0]LogInit: Selected Device Profile: [Windows]
[2015.11.04-19.56.18:423][  0]LogInit: Applying CVar settings loaded from the selected device profile: [Windows]
[2015.11.04-19.56.18:469][  0]LogInit: Computer: STOFFEPC
[2015.11.04-19.56.18:469][  0]LogInit: User: Stoffe
[2015.11.04-19.56.18:469][  0]LogInit: CPU Page size=4096, Cores=2
[2015.11.04-19.56.18:469][  0]LogInit: High frequency timer resolution =3.222678 MHz
[2015.11.04-19.56.18:469][  0]LogMemory: Memory total: Physical=7.9GB (8GB approx)
[2015.11.04-19.56.18:469][  0]LogMemory: Platform Memory Stats for Windows
[2015.11.04-19.56.18:469][  0]LogMemory: Process Physical Memory: 54.61 MB used, 54.61 MB peak
[2015.11.04-19.56.18:469][  0]LogMemory: Process Virtual Memory: 55.09 MB used, 55.09 MB peak
[2015.11.04-19.56.18:469][  0]LogMemory: Physical Memory: 3236.70 MB used, 8126.94 MB total
[2015.11.04-19.56.18:469][  0]LogMemory: Virtual Memory: 363.00 MB used, 134217728.00 MB total
[2015.11.04-19.56.18:971][  0]LogTextLocalizationManager: No translations for ('sv-SE') exist, falling back to 'en' for localization and internationalization data.
[2015.11.04-19.56.20:539][  0]LogD3D11RHI: Found D3D11 adapter 0: AMD Radeon HD 7800 Series (Feature Level 11_0)
[2015.11.04-19.56.20:539][  0]LogD3D11RHI: Adapter has 2030MB of dedicated video memory, 0MB of dedicated system memory, and 3840MB of shared system memory, 2 output[s]
[2015.11.04-19.56.20:540][  0]LogD3D11RHI: Found D3D11 adapter 1: Microsoft Basic Render Driver (Feature Level 11_0)
[2015.11.04-19.56.20:540][  0]LogD3D11RHI: Adapter has 0MB of dedicated video memory, 0MB of dedicated system memory, and 256MB of shared system memory, 0 output[s]
[2015.11.04-19.56.20:540][  0]LogD3D11RHI: Chosen D3D11 Adapter Id = 0
[2015.11.04-19.56.20:543][  0]LogD3D11RHI: !Direct3DDevice
[2015.11.04-19.56.20:543][  0]LogRHI: Texture pool is 1361 MB (70% of 1945 MB)
[2015.11.04-19.56.20:547][  0]LogD3D11RHI: Async texture creation disabled: no driver support
[2015.11.04-19.56.20:557][  0]LogShaderCompilers: Guid format shader working directory is 15 characters bigger than the processId version (../../../../../../Users/Stoffe/Documents/GitHub/Balls-of-steel/BOS/Intermediate/Shaders/WorkingDirectory/6104/).
[2015.11.04-19.56.20:557][  0]LogShaderCompilers: Cleaned the shader compiler working directory '../../../../../../Users/Stoffe/Documents/GitHub/Balls-of-steel/BOS/Intermediate/Shaders/tmp/64EC40554C5A014D7F33878C8E53E94E/'.
[2015.11.04-19.56.20:557][  0]LogShaderCompilers:Display: Using Local Shader Compiler.
[2015.11.04-19.56.25:236][  0]LogTemp:Display: Loaded TP AllDesktopTargetPlatform
[2015.11.04-19.56.25:242][  0]LogTemp:Display: Loaded TP WindowsClientTargetPlatform
[2015.11.04-19.56.25:248][  0]LogTemp:Display: Loaded TP WindowsNoEditorTargetPlatform
[2015.11.04-19.56.25:256][  0]LogTemp:Display: Loaded TP WindowsServerTargetPlatform
[2015.11.04-19.56.25:262][  0]LogTemp:Display: Loaded TP WindowsTargetPlatform
[2015.11.04-19.56.25:267][  0]LogTemp:Display: Loaded TP AndroidTargetPlatform
[2015.11.04-19.56.25:271][  0]LogTemp:Display: Loaded TP Android_ASTCTargetPlatform
[2015.11.04-19.56.25:276][  0]LogTemp:Display: Loaded TP Android_ATCTargetPlatform
[2015.11.04-19.56.25:281][  0]LogTemp:Display: Loaded TP Android_DXTTargetPlatform
[2015.11.04-19.56.25:286][  0]LogTemp:Display: Loaded TP Android_ETC1TargetPlatform
[2015.11.04-19.56.25:291][  0]LogTemp:Display: Loaded TP Android_ETC2TargetPlatform
[2015.11.04-19.56.25:296][  0]LogTemp:Display: Loaded TP Android_PVRTCTargetPlatform
[2015.11.04-19.56.25:297][  0]LogTemp:Display: Loaded TP HTML5TargetPlatform
[2015.11.04-19.56.25:340][  0]LogTemp:Display: Loaded TP IOSTargetPlatform
[2015.11.04-19.56.25:344][  0]LogTemp:Display: Loaded TP LinuxNoEditorTargetPlatform
[2015.11.04-19.56.25:380][  0]LogTemp:Display: Loaded TP LinuxServerTargetPlatform
[2015.11.04-19.56.25:386][  0]LogTemp:Display: Loaded TP LinuxTargetPlatform
[2015.11.04-19.56.25:386][  0]LogTargetPlatformManager:Display: Building Assets For Windows
[2015.11.04-19.56.25:864][  0]LogDerivedDataCache:Display: Max Cache Size: 512 MB
[2015.11.04-19.56.26:582][  0]LogDerivedDataCache: Loaded boot cache 0.70s 46MB C:/Users/Stoffe/AppData/Local/UnrealEngine/4.9/DerivedDataCache/Boot.ddc.
[2015.11.04-19.56.26:582][  0]LogDerivedDataCache:Display: Loaded Boot cache: C:/Users/Stoffe/AppData/Local/UnrealEngine/4.9/DerivedDataCache/Boot.ddc
[2015.11.04-19.56.26:582][  0]LogDerivedDataCache: FDerivedDataBackendGraph:  Pak pak cache file ../../../../../../Users/Stoffe/Documents/GitHub/Balls-of-steel/BOS/DerivedDataCache/DDC.ddp not found, will not use a pak cache.
[2015.11.04-19.56.26:582][  0]LogDerivedDataCache: Unable to find inner node Pak for hierarchical cache Hierarchy.
[2015.11.04-19.56.26:582][  0]LogDerivedDataCache: FDerivedDataBackendGraph:  CompressedPak pak cache file ../../../../../../Users/Stoffe/Documents/GitHub/Balls-of-steel/BOS/DerivedDataCache/Compressed.ddp not found, will not use a pak cache.
[2015.11.04-19.56.26:582][  0]LogDerivedDataCache: Unable to find inner node CompressedPak for hierarchical cache Hierarchy.
[2015.11.04-19.56.26:820][  0]LogDerivedDataCache:Display: Pak cache opened for reading ../../../Engine/DerivedDataCache/Compressed.ddp.
[2015.11.04-19.56.26:832][  0]LogDerivedDataCache: Using Local data cache path C:/Users/Stoffe/AppData/Local/UnrealEngine/Common/DerivedDataCache: Writable
[2015.11.04-19.56.30:002][  0]LogInit: Selected Device Profile: [Windows]
[2015.11.04-19.56.30:006][  0]LogContentStreaming: Texture pool size is 0.000000MB
[2015.11.04-19.56.30:383][  0]LogMeshUtilities: No automatic mesh reduction module available
[2015.11.04-19.56.30:383][  0]LogMeshUtilities: No automatic mesh merging module available
[2015.11.04-19.56.32:424][  0]LogInit: WinSock: version 1.1 (2.2), MaxSocks=32767, MaxUdp=65467
[2015.11.04-19.56.52:369][  0]UdpMessaging: Initializing bridge on interface 0.0.0.0:0 to multicast group 230.0.0.1:6666.
[2015.11.04-19.56.52:440][  0]LogLinker:Warning: Asset '../../../../../../Users/Stoffe/Documents/GitHub/Balls-of-steel/BOS/Content/Rolling/Meshes/BallMesh.uasset' has been saved with empty engine version. The asset will be loaded but may be incompatible.
[2015.11.04-19.56.52:441][  0]LogLinker:Warning: Asset '../../../../../../Users/Stoffe/Documents/GitHub/Balls-of-steel/BOS/Content/Rolling/Materials/M_Blue_Checker.uasset' has been saved with empty engine version. The asset will be loaded but may be incompatible.
[2015.11.04-19.56.52:442][  0]LogLinker:Warning: Asset '../../../../../../Users/Stoffe/Documents/GitHub/Balls-of-steel/BOS/Content/Rolling/Materials/PM_Ball.uasset' has been saved with empty engine version. The asset will be loaded but may be incompatible.
[2015.11.04-19.56.54:007][  0]LogAssetRegistry: FAssetRegistry took 0.0133 seconds to start up
[2015.11.04-19.56.57:942][  0]SourceControl: Info Source control is disabled
[2015.11.04-19.56.58:048][  0]SourceControl: Info Source control is disabled
[2015.11.04-19.56.58:097][  0]SourceControl: Info Source control is disabled
[2015.11.04-19.56.58:148][  0]SourceControl: Info Source control is disabled
[2015.11.04-19.56.59:228][  0]LogLinker:Warning: Asset '../../../Engine/Plugins/Runtime/LeapMotionController/Content/LM_PassthroughMaterial.uasset' has been saved with empty engine version. The asset will be loaded but may be incompatible.
[2015.11.04-19.56.59:544][  0]LogObj: 29662 objects as part of root set at end of initial load.
[2015.11.04-19.56.59:544][  0]LogUObjectAllocator: 6510528 out of 0 bytes used by permanent object pool.
[2015.11.04-19.57.00:187][  0]LogEngine: Initializing Engine...
[2015.11.04-19.57.00:226][  0]LogHMD: Can't find Oculus library dev build: is proper Runtime installed? Version: 0.7.0.0
[2015.11.04-19.57.00:299][  0]LogHMD: SteamVR failed to initialize.  Err: 110
[2015.11.04-19.57.01:105][  0]LogAIModule: Creating AISystem for world NewWorld
[2015.11.04-19.57.01:163][  0]LogInit: XAudio2 using 'Högtalare (Realtek High Definition Audio)' : 2 channels at 48 kHz using 32 bits per sample (channel mask 0x3)
[2015.11.04-19.57.01:171][  0]LogInit: FAudioDevice initialized.
[2015.11.04-19.57.01:197][  0]LogDerivedDataCache: Saved boot cache 0.03s 46MB C:/Users/Stoffe/AppData/Local/UnrealEngine/4.9/DerivedDataCache/Boot.ddc.
[2015.11.04-19.57.01:384][  0]LogInit: Texture streaming: Enabled
[2015.11.04-19.57.01:416][  0]LogAnalytics: Creating configured Analytics provider AnalyticsET
[2015.11.04-19.57.01:416][  0]LogAnalytics: [UEEditor.Rocket.Release] APIServer = http://et2.epicgames.com/ET2/. AppVersion = 4.9.2-2707645+++depot+UE4-Releases+4.9
[2015.11.04-19.57.01:417][  0]LogAnalytics: [UEEditor.Rocket.Release] SetUserId c2f82278409fbc7e17ba4c8b187827c0|8471e16762be488588a110ad13c08bd6|a2f24018-7849-4a41-8ec9-fa4680d0f5a7
[2015.11.04-19.57.01:422][  0]LogAnalytics: [UEEditor.Rocket.Release] AnalyticsET::StartSession
[2015.11.04-19.57.01:500][  0]LogWindowsTextInputMethodSystem:Display: IME system now deactivated.
[2015.11.04-19.57.01:949][  0]LogInit: Transaction tracking system initialized
[2015.11.04-19.57.04:667][  0]BlueprintLog: New page: Editor Load
[2015.11.04-19.57.06:210][  0]LocalizationService: Info Localization service is disabled
[2015.11.04-19.57.07:630][  0]LogConsoleResponse:Display: 
[2015.11.04-19.57.09:603][  0]LogFileCache: Scanning file cache for directory 'C:/Users/Stoffe/Documents/GitHub/Balls-of-steel/BOS/Content/' took 0.01s
[2015.11.04-19.57.09:603][  0]LogCook:Display: Done creating registry. It took  0.00s.
[2015.11.04-19.57.10:323][  0]SourceControl: Info Source control is disabled
[2015.11.04-19.57.10:335][  0]Cmd: MAP LOAD FILE="../../../../../../Users/Stoffe/Documents/GitHub/Balls-of-steel/BOS/Content/RollingCPP/Maps/MainMenu.umap" TEMPLATE=0 SHOWPROGRESS=1 FEATURELEVEL=3
[2015.11.04-19.57.10:353][  0]LightingResults: New page: Lighting Build
[2015.11.04-19.57.10:384][  0]MapCheck: New page: Map Check
[2015.11.04-19.57.10:384][  0]LightingResults: New page: Lighting Build
[2015.11.04-19.57.10:633][  0]LogParticles: Destroying 0 GPU particle simulations for FXSystem 0x000000888AD3C400
[2015.11.04-19.57.11:786][  0]LogAIModule: Creating AISystem for world MainMenu
[2015.11.04-19.57.11:986][  0]LogEditorServer: Finished looking for orphan Actors (0.002 secs)
[2015.11.04-19.57.12:035][  0]Cmd: MAP CHECKDEP NOCLEARLOG
[2015.11.04-19.57.12:127][  0]MapCheck: Info Map check complete: 0 Error(s), 0 Warning(s), took 92.062ms to complete.
[2015.11.04-19.57.12:127][  0]LogFileHelpers: Loading map 'MainMenu' took 1.792
[2015.11.04-19.57.12:996][  0]LogCollectionManager: Loaded 0 collections in 0.002287 seconds
[2015.11.04-19.57.13:119][  0]LogFileCache: Scanning file cache for directory 'C:/Users/Stoffe/Documents/GitHub/Balls-of-steel/BOS/Saved/Collections/' took 0.01s
[2015.11.04-19.57.13:119][  0]LogFileCache: Scanning file cache for directory 'C:/Users/Stoffe/Documents/GitHub/Balls-of-steel/BOS/Content/Developers/Stoffe/Collections/' took 0.01s
[2015.11.04-19.57.13:119][  0]LogFileCache: Scanning file cache for directory 'C:/Users/Stoffe/Documents/GitHub/Balls-of-steel/BOS/Content/Collections/' took 0.01s
[2015.11.04-19.57.13:119][  0]LogContentBrowser: Native class hierarchy populated in 0.0212 seconds. Added 1875 classes and 335 folders.
[2015.11.04-19.57.13:187][  0]LogCollectionManager: Rebuilt the GUID cache for 0 collections in 0.000003 seconds
[2015.11.04-19.57.13:235][  0]LogContentBrowser: Native class hierarchy updated for 'WidgetCarousel' in 0.0012 seconds. Added 0 classes and 0 folders.
[2015.11.04-19.57.15:143][  0]LogContentBrowser: Native class hierarchy updated for 'AddContentDialog' in 0.0012 seconds. Added 0 classes and 0 folders.
[2015.11.04-19.57.15:258][  0]LogContentBrowser: Native class hierarchy updated for 'SceneOutliner' in 0.0013 seconds. Added 1 classes and 2 folders.
[2015.11.04-19.57.16:133][  0]LogCrashTracker: Crashtracker disabled due to settings.
[2015.11.04-19.57.16:243][  0]LogUObjectGlobals:Warning: Failed to find object 'Class None.'
[2015.11.04-19.57.16:318][  0]LogLoad: Full Startup: 208.69 seconds (BP compile: 0.57 seconds)
[2015.11.04-19.57.16:816][  0]LogContentStreaming: Texture pool size now 400 MB
[2015.11.04-19.57.17:114][  0]LogRenderer: Reallocating scene render targets to support 1028x636 (Frame:2).
[2015.11.04-19.57.18:043][  6]LogAssetRegistry: Asset discovery search completed in 24.0487 seconds
[2015.11.04-19.57.18:043][  6]LogCollectionManager: Rebuilt the object cache for 0 collections in 0.000001 seconds (found 0 objects)
[2015.11.04-19.57.18:043][  6]LogCollectionManager: Fixed up redirectors for 0 collections in 0.000054 seconds (updated 0 objects)
[2015.11.04-19.57.42:678][160]LogVSAccessor:Warning: Couldn't goto line number '0' in 'C:/Users/Stoffe/Documents/GitHub/Balls-of-steel/BOS/Source/BOS/BOSGameState.h'
[2015.11.04-19.57.44:631][160]LogVSAccessor:Warning: Couldn't goto line number '0' in 'C:/Users/Stoffe/Documents/GitHub/Balls-of-steel/BOS/Source/BOS/BOSGameState.cpp'
[2015.11.04-20.01.24:485][833]Recompiling BOS...
[2015.11.04-20.01.24:485][833]Launching UnrealBuildTool... [C:/Program Files/Epic Games/4.9/Engine/Binaries/DotNET/UnrealBuildTool.exe BOS -ModuleWithSuffix BOS 2098 Win64 Development -editorrecompile -canskiplink "C:/Users/Stoffe/Documents/GitHub/Balls-of-steel/BOS/BOS.uproject" -rocket  -rocket]
[2015.11.04-20.01.24:486][833]Warning: Starting HotReload took  0.1s.
[2015.11.04-20.01.32:296][272]LogAIModule: Creating AISystem for world Map1
[2015.11.04-20.01.32:491][272]LogActorComponent: UnregisterComponent: (/Engine/Transient.ProjectileComp) Not registered. Aborting.
[2015.11.04-20.01.32:491][272]LogActorComponent: UnregisterComponent: (/Engine/Transient.ProjectileMovementComponent_0) Not registered. Aborting.
[2015.11.04-20.01.32:717][272]Cmd: MAP LOAD FILE="../../../../../../Users/Stoffe/Documents/GitHub/Balls-of-steel/BOS/Content/RollingCPP/Maps/Map1.umap" TEMPLATE=0 SHOWPROGRESS=1 FEATURELEVEL=3
[2015.11.04-20.01.32:718][272]LightingResults: New page: Lighting Build
[2015.11.04-20.01.32:764][272]LoadErrors: New page: Loading map: Map1.umap
[2015.11.04-20.01.32:776][272]MapCheck: New page: Map Check
[2015.11.04-20.01.32:776][272]LightingResults: New page: Lighting Build
[2015.11.04-20.01.32:823][272]LogParticles: Destroying 0 GPU particle simulations for FXSystem 0x0000008880AD7740
[2015.11.04-20.01.33:085][272]LogEditorServer: Finished looking for orphan Actors (0.000 secs)
[2015.11.04-20.01.33:174][272]Cmd: MAP CHECKDEP NOCLEARLOG
[2015.11.04-20.01.33:289][272]MapCheck: Info Map check complete: 0 Error(s), 0 Warning(s), took 114.252ms to complete.
[2015.11.04-20.01.33:291][272]LogFileHelpers: Loading map 'Map1' took 0.595
[2015.11.04-20.04.07:988][996]CompilerResultsLog: New page: Compilation - Nov 4, 2015, 10:04:07 PM
[2015.11.04-20.04.07:988][996]CompilerResultsLog: Info Creating makefile for hot reloading BOS (game project files are newer)
[2015.11.04-20.04.07:988][996]CompilerResultsLog: Info Compiling game modules for hot reload
[2015.11.04-20.04.07:988][996]CompilerResultsLog: Info Parsing headers for BOSEditor
[2015.11.04-20.04.07:988][996]CompilerResultsLog: Info   Running UnrealHeaderTool "C:/Users/Stoffe/Documents/GitHub/Balls-of-steel/BOS/BOS.uproject" "C:\Users\Stoffe\Documents\GitHub\Balls-of-steel\BOS\Intermediate\Build\Win64\BOSEditor\Development\UnrealHeaderTool.manifest" -LogCmds="loginit warning, logexit warning, logdatabase error" -rocket -installed
[2015.11.04-20.04.07:988][996]CompilerResultsLog: Info Reflection code generated for BOSEditor in 20,614205 seconds
[2015.11.04-20.04.07:988][996]CompilerResultsLog: Info Performing 2 actions (2 in parallel)
[2015.11.04-20.04.07:988][996]CompilerResultsLog: Info BOSGameMode.cpp
[2015.11.04-20.04.07:988][996]CompilerResultsLog: Info [2/2] Link UE4Editor-BOS-2098.dll
[2015.11.04-20.04.07:988][996]CompilerResultsLog: Info    Creating library C:\Users\Stoffe\Documents\GitHub\Balls-of-steel\BOS\Intermediate/Build/Win64\UE4Editor\Development\UE4Editor-BOS-2098.lib and object C:\Users\Stoffe\Documents\GitHub\Balls-of-steel\BOS\Intermediate/Build/Win64\UE4Editor\Development\UE4Editor-BOS-2098.exp
[2015.11.04-20.04.07:988][996]CompilerResultsLog: Info -------- End Detailed Actions Stats -----------------------------------------------------------
[2015.11.04-20.04.07:989][996]CompilerResultsLog: Info Total build time: 162,15 seconds
[2015.11.04-20.04.07:989][996]LogMainFrame: MainFrame: Module compiling took 163.618 seconds
[2015.11.04-20.04.08:135][996]LogContentBrowser: Native class hierarchy updated for 'BOS' in 0.0020 seconds. Added 8 classes and 2 folders.
[2015.11.04-20.04.08:138][996]Warning: HotReload successful (9 functions remapped  0 scriptstructs remapped)
[2015.11.04-20.04.08:259][996]LogContentBrowser: Native class hierarchy populated in 0.0108 seconds. Added 1876 classes and 337 folders.
[2015.11.04-20.04.13:027][409]LogBlueprintUserMessages: Early PlayInEditor Detection: Level '/Game/RollingCPP/Maps/Map1.Map1:PersistentLevel' has LevelScriptBlueprint '/Game/RollingCPP/Maps/Map1.Map1:PersistentLevel.Map1' with GeneratedClass '/Game/RollingCPP/Maps/Map1.Map1_C' with ClassGeneratedBy '/Game/RollingCPP/Maps/Map1.Map1:PersistentLevel.Map1'
[2015.11.04-20.04.13:027][409]LogPlayLevel: PlayLevel: No blueprints needed recompiling
[2015.11.04-20.04.13:036][409]PIE: New page: PIE session: Map1 (Nov 4, 2015, 10:04:13 PM)
[2015.11.04-20.04.13:036][409]LogPlayLevel: Creating play world package: /Game/RollingCPP/Maps/UEDPIE_1_Map1
[2015.11.04-20.04.13:076][409]LogPlayLevel: PIE: StaticDuplicateObject took: (0.040222s)
[2015.11.04-20.04.13:077][409]LogAIModule: Creating AISystem for world Map1
[2015.11.04-20.04.13:077][409]LogPlayLevel: PIE: World Init took: (0.001032s)
[2015.11.04-20.04.13:078][409]LogPlayLevel: PIE: Created PIE world by copying editor world from /Game/RollingCPP/Maps/Map1.Map1 to /Game/RollingCPP/Maps/UEDPIE_1_Map1.Map1 (0.041998s)
[2015.11.04-20.04.13:114][409]LogInit: XAudio2 using 'Högtalare (Realtek High Definition Audio)' : 2 channels at 48 kHz using 32 bits per sample (channel mask 0x3)
[2015.11.04-20.04.13:123][409]LogInit: FAudioDevice initialized.
[2015.11.04-20.04.13:260][409]LogWorld: Game class is 'BOSGameMode'
[2015.11.04-20.04.13:333][409]LogWorld: Bringing World /Game/RollingCPP/Maps/UEDPIE_1_Map1.Map1 up for play (max tick rate 0) at 2015.11.04-21.04.13
[2015.11.04-20.04.13:333][409]LogActor:Warning: GameSession /Game/RollingCPP/Maps/UEDPIE_1_Map1.Map1:PersistentLevel.GameSession_0 has natively added scene component(s), but none of them were set as the actor's RootComponent - picking one arbitrarily
[2015.11.04-20.04.13:333][409]LogActor:Warning: GameNetworkManager /Game/RollingCPP/Maps/UEDPIE_1_Map1.Map1:PersistentLevel.GameNetworkManager_0 has natively added scene component(s), but none of them were set as the actor's RootComponent - picking one arbitrarily
[2015.11.04-20.04.13:334][409]LogWorld: Bringing up level for play took: 0.018013
[2015.11.04-20.04.13:434][409]LogInit: WinSock: Socket queue 131072 / 131072
[2015.11.04-20.04.13:603][409]LogInit: WinSock: I am Stoffepc (172.20.10.2:0)
[2015.11.04-20.04.13:609][409]LogNet: GameNetDriver IpNetDriver_0 IpNetDriver listening on port 7777
[2015.11.04-20.04.13:660][409]PIE: Info Play in editor start time for /Game/RollingCPP/Maps/UEDPIE_1_Map1 0.982
[2015.11.04-20.04.13:670][409]PIE: New page: PIE session: Map1 (Nov 4, 2015, 10:04:13 PM)
[2015.11.04-20.04.13:750][409]LogNet: Browse: 127.0.0.1//Game/RollingCPP/Maps/MainMenu
[2015.11.04-20.04.13:750][409]LogInit: WinSock: Socket queue 32768 / 32768
[2015.11.04-20.04.13:792][409]LogNet: Game client on port 7777, rate 10000
[2015.11.04-20.04.13:792][409]LogNet: GetLocalNetworkVersion: GEngineNetVersion: 2707645, ProjectName: bos, ProjectVersion: 1.0.0.0, InternalProtocolVersion: 9, LocalNetworkVersion: 1605316083
[2015.11.04-20.04.13:847][409]PIE: Info Play in editor start time for /Game/RollingCPP/Maps/MainMenu 1.17
[2015.11.04-20.04.13:856][409]PIE: New page: PIE session: Map1 (Nov 4, 2015, 10:04:13 PM)
[2015.11.04-20.04.13:920][409]LogNet: Browse: 127.0.0.1//Game/RollingCPP/Maps/MainMenu
[2015.11.04-20.04.13:920][409]LogInit: WinSock: Socket queue 32768 / 32768
[2015.11.04-20.04.13:921][409]LogNet: Game client on port 7777, rate 10000
[2015.11.04-20.04.13:921][409]LogNet: GetLocalNetworkVersion: GEngineNetVersion: 2707645, ProjectName: bos, ProjectVersion: 1.0.0.0, InternalProtocolVersion: 9, LocalNetworkVersion: 1605316083
[2015.11.04-20.04.13:966][409]PIE: Info Play in editor start time for /Game/RollingCPP/Maps/MainMenu 1.287
[2015.11.04-20.04.13:975][409]PIE: New page: PIE session: Map1 (Nov 4, 2015, 10:04:13 PM)
[2015.11.04-20.04.14:046][409]LogNet: Browse: 127.0.0.1//Game/RollingCPP/Maps/MainMenu
[2015.11.04-20.04.14:046][409]LogInit: WinSock: Socket queue 32768 / 32768
[2015.11.04-20.04.14:046][409]LogNet: Game client on port 7777, rate 10000
[2015.11.04-20.04.14:046][409]LogNet: GetLocalNetworkVersion: GEngineNetVersion: 2707645, ProjectName: bos, ProjectVersion: 1.0.0.0, InternalProtocolVersion: 9, LocalNetworkVersion: 1605316083
[2015.11.04-20.04.14:093][409]PIE: Info Play in editor start time for /Game/RollingCPP/Maps/MainMenu 1.415
[2015.11.04-20.04.14:104][409]LogBlueprintUserMessages: Late PlayInEditor Detection: Level '/Game/RollingCPP/Maps/Map1.Map1:PersistentLevel' has LevelScriptBlueprint '/Game/RollingCPP/Maps/Map1.Map1:PersistentLevel.Map1' with GeneratedClass '/Game/RollingCPP/Maps/Map1.Map1_C' with ClassGeneratedBy '/Game/RollingCPP/Maps/Map1.Map1:PersistentLevel.Map1'
[2015.11.04-20.04.14:107][409]LogNet: NotifyAcceptingConnection: Server Map1 accept
[2015.11.04-20.04.14:107][409]LogNet: Open Map1 11/04/15 21:04:14 127.0.0.1
[2015.11.04-20.04.14:107][409]LogNet: Added client connection.  Remote address = 127.0.0.1:59262
[2015.11.04-20.04.14:142][409]LogNet: NotifyAcceptingChannel Control 0 server World /Game/RollingCPP/Maps/UEDPIE_1_Map1.Map1: Accepted
[2015.11.04-20.04.14:142][409]LogNet: Remote platform little endian=1
[2015.11.04-20.04.14:142][409]LogNet: This platform little endian=1
[2015.11.04-20.04.14:142][409]LogNet: GetLocalNetworkVersion: GEngineNetVersion: 2707645, ProjectName: bos, ProjectVersion: 1.0.0.0, InternalProtocolVersion: 9, LocalNetworkVersion: 1605316083
[2015.11.04-20.04.14:142][409]LogNet: NotifyAcceptingConnection: Server Map1 accept
[2015.11.04-20.04.14:143][409]LogNet: Open Map1 11/04/15 21:04:14 127.0.0.1
[2015.11.04-20.04.14:143][409]LogNet: Added client connection.  Remote address = 127.0.0.1:59263
[2015.11.04-20.04.14:143][409]LogNet: NotifyAcceptingChannel Control 0 server World /Game/RollingCPP/Maps/UEDPIE_1_Map1.Map1: Accepted
[2015.11.04-20.04.14:143][409]LogNet: Remote platform little endian=1
[2015.11.04-20.04.14:143][409]LogNet: This platform little endian=1
[2015.11.04-20.04.14:143][409]LogNet: GetLocalNetworkVersion: GEngineNetVersion: 2707645, ProjectName: bos, ProjectVersion: 1.0.0.0, InternalProtocolVersion: 9, LocalNetworkVersion: 1605316083
[2015.11.04-20.04.14:143][409]LogNet: NotifyAcceptingConnection: Server Map1 accept
[2015.11.04-20.04.14:143][409]LogNet: Open Map1 11/04/15 21:04:14 127.0.0.1
[2015.11.04-20.04.14:143][409]LogNet: Added client connection.  Remote address = 127.0.0.1:59264
[2015.11.04-20.04.14:143][409]LogNet: NotifyAcceptingChannel Control 0 server World /Game/RollingCPP/Maps/UEDPIE_1_Map1.Map1: Accepted
[2015.11.04-20.04.14:143][409]LogNet: Remote platform little endian=1
[2015.11.04-20.04.14:143][409]LogNet: This platform little endian=1
[2015.11.04-20.04.14:143][409]LogNet: GetLocalNetworkVersion: GEngineNetVersion: 2707645, ProjectName: bos, ProjectVersion: 1.0.0.0, InternalProtocolVersion: 9, LocalNetworkVersion: 1605316083
[2015.11.04-20.04.14:222][410]LogNet: Login request: /Game/RollingCPP/Maps/MainMenu userId: Invalid
[2015.11.04-20.04.14:223][410]LogNet: Login request: /Game/RollingCPP/Maps/MainMenu userId: Invalid
[2015.11.04-20.04.14:223][410]LogNet: Login request: /Game/RollingCPP/Maps/MainMenu userId: Invalid
[2015.11.04-20.04.14:224][410]LogNet: Welcomed by server (Level: /Game/RollingCPP/Maps/UEDPIE_1_Map1, Game: /Script/BOS.BOSGameMode)
[2015.11.04-20.04.14:264][410]LogLoad: LoadMap: 127.0.0.1//Game/RollingCPP/Maps/UEDPIE_1_Map1?game=/Script/BOS.BOSGameMode
[2015.11.04-20.04.14:298][410]LogParticles: Destroying 0 GPU particle simulations for FXSystem 0x000000889285AFC0
[2015.11.04-20.04.14:301][410]Cmd: MEM
[2015.11.04-20.04.14:425][410]LogMemory: Platform Memory Stats for Windows
[2015.11.04-20.04.14:425][410]LogMemory: Process Physical Memory: 631.75 MB used, 643.45 MB peak
[2015.11.04-20.04.14:425][410]LogMemory: Process Virtual Memory: 544.87 MB used, 557.97 MB peak
[2015.11.04-20.04.14:425][410]LogMemory: Physical Memory: 5314.05 MB used, 8126.94 MB total
[2015.11.04-20.04.14:425][410]LogMemory: Virtual Memory: 1166.98 MB used, 134217728.00 MB total
[2015.11.04-20.04.14:425][410]LogMemory: 
[2015.11.04-20.04.14:425][410]Allocator Stats for TBB: (not implemented)
[2015.11.04-20.04.14:425][410]LogLinker: Can't find file for asset '/Game/RollingCPP/Maps/UEDPIE_1_Map1' while loading NULL.
[2015.11.04-20.04.14:465][410]LogWorld: PIE: Copying PIE streaming level from /Game/RollingCPP/Maps/Map1.Map1 to /Game/RollingCPP/Maps/UEDPIE_2_Map1.Map1. OwningWorld: None
[2015.11.04-20.04.14:466][410]LogAIModule: Creating AISystem for world Map1
[2015.11.04-20.04.14:484][410]LogWorld: Bringing World /Game/RollingCPP/Maps/UEDPIE_2_Map1.Map1 up for play (max tick rate 0) at 2015.11.04-21.04.14
[2015.11.04-20.04.14:484][410]LogWorld: Bringing up level for play took: 0.017950
[2015.11.04-20.04.14:485][410]LogNet: Welcomed by server (Level: /Game/RollingCPP/Maps/UEDPIE_1_Map1, Game: /Script/BOS.BOSGameMode)
[2015.11.04-20.04.14:516][410]LogLoad: LoadMap: 127.0.0.1//Game/RollingCPP/Maps/UEDPIE_1_Map1?game=/Script/BOS.BOSGameMode
[2015.11.04-20.04.14:550][410]LogParticles: Destroying 0 GPU particle simulations for FXSystem 0x0000008891C187C0
[2015.11.04-20.04.14:553][410]Cmd: MEM
[2015.11.04-20.04.14:593][410]LogMemory: Platform Memory Stats for Windows
[2015.11.04-20.04.14:593][410]LogMemory: Process Physical Memory: 644.92 MB used, 663.07 MB peak
[2015.11.04-20.04.14:593][410]LogMemory: Process Virtual Memory: 558.13 MB used, 577.76 MB peak
[2015.11.04-20.04.14:593][410]LogMemory: Physical Memory: 5323.47 MB used, 8126.94 MB total
[2015.11.04-20.04.14:593][410]LogMemory: Virtual Memory: 1180.16 MB used, 134217728.00 MB total
[2015.11.04-20.04.14:593][410]LogMemory: 
[2015.11.04-20.04.14:593][410]Allocator Stats for TBB: (not implemented)
[2015.11.04-20.04.14:593][410]LogLinker: Can't find file for asset '/Game/RollingCPP/Maps/UEDPIE_1_Map1' while loading NULL.
[2015.11.04-20.04.14:632][410]LogWorld: PIE: Copying PIE streaming level from /Game/RollingCPP/Maps/Map1.Map1 to /Game/RollingCPP/Maps/UEDPIE_3_Map1.Map1. OwningWorld: None
[2015.11.04-20.04.14:632][410]LogAIModule: Creating AISystem for world Map1
[2015.11.04-20.04.14:652][410]LogWorld: Bringing World /Game/RollingCPP/Maps/UEDPIE_3_Map1.Map1 up for play (max tick rate 0) at 2015.11.04-21.04.14
[2015.11.04-20.04.14:652][410]LogWorld: Bringing up level for play took: 0.019121
[2015.11.04-20.04.14:654][410]LogNet: Welcomed by server (Level: /Game/RollingCPP/Maps/UEDPIE_1_Map1, Game: /Script/BOS.BOSGameMode)
[2015.11.04-20.04.14:684][410]LogLoad: LoadMap: 127.0.0.1//Game/RollingCPP/Maps/UEDPIE_1_Map1?game=/Script/BOS.BOSGameMode
[2015.11.04-20.04.14:736][410]LogParticles: Destroying 0 GPU particle simulations for FXSystem 0x0000008891C19440
[2015.11.04-20.04.14:740][410]Cmd: MEM
[2015.11.04-20.04.14:784][410]LogMemory: Platform Memory Stats for Windows
[2015.11.04-20.04.14:784][410]LogMemory: Process Physical Memory: 656.23 MB used, 675.26 MB peak
[2015.11.04-20.04.14:784][410]LogMemory: Process Virtual Memory: 570.30 MB used, 591.00 MB peak
[2015.11.04-20.04.14:784][410]LogMemory: Physical Memory: 5313.16 MB used, 8126.94 MB total
[2015.11.04-20.04.14:784][410]LogMemory: Virtual Memory: 1192.29 MB used, 134217728.00 MB total
[2015.11.04-20.04.14:784][410]LogMemory: 
[2015.11.04-20.04.14:784][410]Allocator Stats for TBB: (not implemented)
[2015.11.04-20.04.14:785][410]LogLinker: Can't find file for asset '/Game/RollingCPP/Maps/UEDPIE_1_Map1' while loading NULL.
[2015.11.04-20.04.14:822][410]LogWorld: PIE: Copying PIE streaming level from /Game/RollingCPP/Maps/Map1.Map1 to /Game/RollingCPP/Maps/UEDPIE_4_Map1.Map1. OwningWorld: None
[2015.11.04-20.04.14:823][410]LogAIModule: Creating AISystem for world Map1
[2015.11.04-20.04.14:843][410]LogWorld: Bringing World /Game/RollingCPP/Maps/UEDPIE_4_Map1.Map1 up for play (max tick rate 0) at 2015.11.04-21.04.14
[2015.11.04-20.04.14:844][410]LogWorld: Bringing up level for play took: 0.020279
[2015.11.04-20.04.14:873][411]LogNet: Client netspeed is 10000
[2015.11.04-20.04.14:873][411]LogNet: Join request: /Game/RollingCPP/Maps/MainMenu?SplitscreenCount=1
[2015.11.04-20.04.14:904][411]LogSpawn:Warning: SpawnActor failed because of collision at the spawn location [X=1342.729 Y=728.520 Z=220.000] for [BOSBall_BP_C]
[2015.11.04-20.04.14:905][411]LogSpawn:Warning: SpawnActor failed because the spawned actor IsPendingKill
[2015.11.04-20.04.14:905][411]LogGameMode:Warning: Couldn't spawn Pawn of type BOSBall_BP_C at BOSPlayerStart_34
[2015.11.04-20.04.14:905][411]LogNet: Join succeeded: 257
[2015.11.04-20.04.14:905][411]LogNet: Client netspeed is 10000
[2015.11.04-20.04.14:905][411]LogNet: Join request: /Game/RollingCPP/Maps/MainMenu?SplitscreenCount=1
[2015.11.04-20.04.14:907][411]LogSpawn:Warning: SpawnActor failed because of collision at the spawn location [X=1342.729 Y=728.520 Z=220.000] for [BOSBall_BP_C]
[2015.11.04-20.04.14:908][411]LogSpawn:Warning: SpawnActor failed because the spawned actor IsPendingKill
[2015.11.04-20.04.14:908][411]LogGameMode:Warning: Couldn't spawn Pawn of type BOSBall_BP_C at BOSPlayerStart_34
[2015.11.04-20.04.14:908][411]LogNet: Join succeeded: 258
[2015.11.04-20.04.14:908][411]LogNet: Client netspeed is 10000
[2015.11.04-20.04.14:908][411]LogNet: Join request: /Game/RollingCPP/Maps/MainMenu?SplitscreenCount=1
[2015.11.04-20.04.14:911][411]LogNet: Join succeeded: 259
[2015.11.04-20.04.21:543][691]LogNet:Warning: UIpNetDriver::ProcesRemoteFunction: No owning connection for actor BasicProjectile_BP_C_10. Function OnHit will not be processed.
[2015.11.04-20.04.21:591][691]LogNet:Warning: UIpNetDriver::ProcesRemoteFunction: No owning connection for actor BasicProjectile_BP_C_11. Function OnHit will not be processed.
[2015.11.04-20.04.21:592][691]LogNet:Warning: UIpNetDriver::ProcesRemoteFunction: No owning connection for actor BasicProjectile_BP_C_12. Function OnHit will not be processed.
[2015.11.04-20.04.22:293][706]LogNet:Warning: UIpNetDriver::ProcesRemoteFunction: No owning connection for actor BasicProjectile_BP_C_18. Function OnHit will not be processed.
[2015.11.04-20.04.22:294][706]LogNet:Warning: UIpNetDriver::ProcesRemoteFunction: No owning connection for actor BasicProjectile_BP_C_19. Function OnHit will not be processed.
[2015.11.04-20.04.22:296][706]LogNet:Warning: UIpNetDriver::ProcesRemoteFunction: No owning connection for actor BasicProjectile_BP_C_20. Function OnHit will not be processed.
[2015.11.04-20.04.22:565][718]LogBlueprintUserMessages: Early EndPlayMap Detection: Level '/Game/RollingCPP/Maps/Map1.Map1:PersistentLevel' has LevelScriptBlueprint '/Game/RollingCPP/Maps/Map1.Map1:PersistentLevel.Map1' with GeneratedClass '/Game/RollingCPP/Maps/Map1.Map1_C' with ClassGeneratedBy '/Game/RollingCPP/Maps/Map1.Map1:PersistentLevel.Map1'
[2015.11.04-20.04.22:935][718]LogSpawn:Warning: SpawnActor failed because we are in the process of tearing down the world
[2015.11.04-20.04.23:016][718]LogBlueprintUserMessages: Late EndPlayMap Detection: Level '/Game/RollingCPP/Maps/Map1.Map1:PersistentLevel' has LevelScriptBlueprint '/Game/RollingCPP/Maps/Map1.Map1:PersistentLevel.Map1' with GeneratedClass '/Game/RollingCPP/Maps/Map1.Map1_C' with ClassGeneratedBy '/Game/RollingCPP/Maps/Map1.Map1:PersistentLevel.Map1'
[2015.11.04-20.04.23:055][718]LogNet: UChannel::CleanUp: [GameNetDriver] [None] [None]. ChIndex == 0. Closing connection.
[2015.11.04-20.04.23:055][718]LogNet: UNetConnection::Close: Name: IpConnection_5, Driver: GameNetDriver IpNetDriver_0, PC: None, Owner: None, Channels: 2, RemoteAddr: 127.0.0.1:59264, Time: 2015.11.04-20.04.23
[2015.11.04-20.04.23:055][718]LogNet: UChannel::Close: Sending CloseBunch. ChIndex == 0. Name: ControlChannel_5
[2015.11.04-20.04.23:055][718]LogNet: UChannel::CleanUp: [GameNetDriver] [None] [None]. ChIndex == 0. Closing connection.
[2015.11.04-20.04.23:055][718]LogNet: UNetConnection::Close: Name: IpConnection_4, Driver: GameNetDriver IpNetDriver_0, PC: None, Owner: None, Channels: 2, RemoteAddr: 127.0.0.1:59263, Time: 2015.11.04-20.04.23
[2015.11.04-20.04.23:055][718]LogNet: UChannel::Close: Sending CloseBunch. ChIndex == 0. Name: ControlChannel_4
[2015.11.04-20.04.23:055][718]LogNet: UChannel::CleanUp: [GameNetDriver] [None] [None]. ChIndex == 0. Closing connection.
[2015.11.04-20.04.23:055][718]LogNet: UNetConnection::Close: Name: IpConnection_3, Driver: GameNetDriver IpNetDriver_0, PC: None, Owner: None, Channels: 2, RemoteAddr: 127.0.0.1:59262, Time: 2015.11.04-20.04.23
[2015.11.04-20.04.23:055][718]LogNet: UChannel::Close: Sending CloseBunch. ChIndex == 0. Name: ControlChannel_3
[2015.11.04-20.04.23:055][718]LogNet: UChannel::CleanUp: [GameNetDriver] [None] [None]. ChIndex == 0. Closing connection.
[2015.11.04-20.04.23:056][718]LogNet: UNetConnection::Close: Name: IpConnection_2, Driver: GameNetDriver IpNetDriver_3, PC: None, Owner: None, Channels: 2, RemoteAddr: 127.0.0.1:7777, Time: 2015.11.04-20.04.23
[2015.11.04-20.04.23:056][718]LogNet: UChannel::Close: Sending CloseBunch. ChIndex == 0. Name: ControlChannel_2
[2015.11.04-20.04.23:056][718]LogNet: UChannel::CleanUp: [GameNetDriver] [None] [None]. ChIndex == 0. Closing connection.
[2015.11.04-20.04.23:056][718]LogNet: UNetConnection::Close: Name: IpConnection_1, Driver: GameNetDriver IpNetDriver_2, PC: None, Owner: None, Channels: 2, RemoteAddr: 127.0.0.1:7777, Time: 2015.11.04-20.04.23
[2015.11.04-20.04.23:056][718]LogNet: UChannel::Close: Sending CloseBunch. ChIndex == 0. Name: ControlChannel_1
[2015.11.04-20.04.23:056][718]LogNet: UChannel::CleanUp: [GameNetDriver] [None] [None]. ChIndex == 0. Closing connection.
[2015.11.04-20.04.23:056][718]LogNet: UNetConnection::Close: Name: IpConnection_0, Driver: GameNetDriver IpNetDriver_1, PC: None, Owner: None, Channels: 2, RemoteAddr: 127.0.0.1:7777, Time: 2015.11.04-20.04.23
[2015.11.04-20.04.23:056][718]LogNet: UChannel::Close: Sending CloseBunch. ChIndex == 0. Name: ControlChannel_0
[2015.11.04-20.04.23:067][718]LogExit: GameNetDriver None shut down
[2015.11.04-20.04.23:067][718]LogExit: GameNetDriver None shut down
[2015.11.04-20.04.23:067][718]LogExit: GameNetDriver None shut down
[2015.11.04-20.04.23:068][718]LogExit: GameNetDriver None shut down
[2015.11.04-20.04.23:198][718]LogParticles: Destroying 0 GPU particle simulations for FXSystem 0x00000088FEC6A340
[2015.11.04-20.04.23:198][718]LogParticles: Destroying 0 GPU particle simulations for FXSystem 0x000000889C0CF9C0
[2015.11.04-20.04.23:198][718]LogParticles: Destroying 0 GPU particle simulations for FXSystem 0x000000889AEE2200
[2015.11.04-20.04.23:198][718]LogParticles: Destroying 0 GPU particle simulations for FXSystem 0x00000088850E11C0
[2015.11.04-20.05.55:018][416]Recompiling BOS...
[2015.11.04-20.05.55:019][416]Launching UnrealBuildTool... [C:/Program Files/Epic Games/4.9/Engine/Binaries/DotNET/UnrealBuildTool.exe BOS -ModuleWithSuffix BOS 7605 Win64 Development -editorrecompile -canskiplink "C:/Users/Stoffe/Documents/GitHub/Balls-of-steel/BOS/BOS.uproject" -rocket  -rocket]
[2015.11.04-20.05.55:019][416]Warning: Starting HotReload took  0.0s.
[2015.11.04-20.07.23:729][692]CompilerResultsLog: New page: Compilation - Nov 4, 2015, 10:07:23 PM
[2015.11.04-20.07.23:730][692]CompilerResultsLog: Info Compiling game modules for hot reload
[2015.11.04-20.07.23:730][692]CompilerResultsLog: Info Parsing headers for BOSEditor
[2015.11.04-20.07.23:730][692]CompilerResultsLog: Info   Running UnrealHeaderTool "C:/Users/Stoffe/Documents/GitHub/Balls-of-steel/BOS/BOS.uproject" "C:\Users\Stoffe\Documents\GitHub\Balls-of-steel\BOS\Intermediate\Build\Win64\BOSEditor\Development\UnrealHeaderTool.manifest" -LogCmds="loginit warning, logexit warning, logdatabase error" -rocket -installed
[2015.11.04-20.07.23:730][692]CompilerResultsLog: Info Reflection code generated for BOSEditor in 16,720156 seconds
[2015.11.04-20.07.23:730][692]CompilerResultsLog: Info Performing 4 actions (2 in parallel)
[2015.11.04-20.07.23:730][692]CompilerResultsLog: Info BOSGameMode.cpp
[2015.11.04-20.07.23:731][692]CompilerResultsLog: Info BallController.cpp
[2015.11.04-20.07.23:731][692]CompilerResultsLog: Info BOS.generated.cpp
[2015.11.04-20.07.23:731][692]CompilerResultsLog: Info [4/4] Link UE4Editor-BOS-7605.dll
[2015.11.04-20.07.23:731][692]CompilerResultsLog: Info    Creating library C:\Users\Stoffe\Documents\GitHub\Balls-of-steel\BOS\Intermediate/Build/Win64\UE4Editor\Development\UE4Editor-BOS-7605.lib and object C:\Users\Stoffe\Documents\GitHub\Balls-of-steel\BOS\Intermediate/Build/Win64\UE4Editor\Development\UE4Editor-BOS-7605.exp
[2015.11.04-20.07.23:731][692]CompilerResultsLog: Info -------- End Detailed Actions Stats -----------------------------------------------------------
[2015.11.04-20.07.23:731][692]CompilerResultsLog: Info Total build time: 88,23 seconds
[2015.11.04-20.07.23:731][692]LogMainFrame: MainFrame: Module compiling took 88.726 seconds
[2015.11.04-20.07.23:812][692]LogHotReload: Re-instancing BallController after hot-reload.
[2015.11.04-20.07.23:991][692]LogContentBrowser: Native class hierarchy updated for 'BOS' in 0.0035 seconds. Added 8 classes and 2 folders.
[2015.11.04-20.07.23:995][692]Warning: HotReload successful (9 functions remapped  0 scriptstructs remapped)
[2015.11.04-20.07.24:193][692]LogContentBrowser: Native class hierarchy populated in 0.0207 seconds. Added 1876 classes and 337 folders.
[2015.11.04-20.07.26:463][778]Recompiling BOS...
[2015.11.04-20.07.26:463][778]Launching UnrealBuildTool... [C:/Program Files/Epic Games/4.9/Engine/Binaries/DotNET/UnrealBuildTool.exe BOS -ModuleWithSuffix BOS 8636 Win64 Development -editorrecompile -canskiplink "C:/Users/Stoffe/Documents/GitHub/Balls-of-steel/BOS/BOS.uproject" -rocket  -rocket]
[2015.11.04-20.07.26:464][778]Warning: Starting HotReload took  0.0s.
[2015.11.04-20.07.26:992][811]LogBlueprintUserMessages: Early PlayInEditor Detection: Level '/Game/RollingCPP/Maps/Map1.Map1:PersistentLevel' has LevelScriptBlueprint '/Game/RollingCPP/Maps/Map1.Map1:PersistentLevel.Map1' with GeneratedClass '/Game/RollingCPP/Maps/Map1.Map1_C' with ClassGeneratedBy '/Game/RollingCPP/Maps/Map1.Map1:PersistentLevel.Map1'
[2015.11.04-20.07.26:993][811]LogPlayLevel: PlayLevel: No blueprints needed recompiling
[2015.11.04-20.07.27:001][811]PIE: New page: PIE session: Map1 (Nov 4, 2015, 10:07:27 PM)
[2015.11.04-20.07.27:001][811]LogPlayLevel: Creating play world package: /Game/RollingCPP/Maps/UEDPIE_1_Map1
[2015.11.04-20.07.27:054][811]LogPlayLevel: PIE: StaticDuplicateObject took: (0.052515s)
[2015.11.04-20.07.27:055][811]LogAIModule: Creating AISystem for world Map1
[2015.11.04-20.07.27:055][811]LogPlayLevel: PIE: World Init took: (0.001215s)
[2015.11.04-20.07.27:055][811]LogPlayLevel: PIE: Created PIE world by copying editor world from /Game/RollingCPP/Maps/Map1.Map1 to /Game/RollingCPP/Maps/UEDPIE_1_Map1.Map1 (0.054160s)
[2015.11.04-20.07.27:117][811]LogInit: XAudio2 using 'Högtalare (Realtek High Definition Audio)' : 2 channels at 48 kHz using 32 bits per sample (channel mask 0x3)
[2015.11.04-20.07.27:136][811]LogInit: FAudioDevice initialized.
[2015.11.04-20.07.27:264][811]LogWorld: Game class is 'BOSGameMode'
[2015.11.04-20.07.27:283][811]LogWorld: Bringing World /Game/RollingCPP/Maps/UEDPIE_1_Map1.Map1 up for play (max tick rate 0) at 2015.11.04-21.07.27
[2015.11.04-20.07.27:283][811]LogActor:Warning: GameSession /Game/RollingCPP/Maps/UEDPIE_1_Map1.Map1:PersistentLevel.GameSession_1 has natively added scene component(s), but none of them were set as the actor's RootComponent - picking one arbitrarily
[2015.11.04-20.07.27:283][811]LogActor:Warning: GameNetworkManager /Game/RollingCPP/Maps/UEDPIE_1_Map1.Map1:PersistentLevel.GameNetworkManager_1 has natively added scene component(s), but none of them were set as the actor's RootComponent - picking one arbitrarily
[2015.11.04-20.07.27:284][811]LogWorld: Bringing up level for play took: 0.018982
[2015.11.04-20.07.27:286][811]LogInit: WinSock: Socket queue 131072 / 131072
[2015.11.04-20.07.27:286][811]LogNet: GameNetDriver IpNetDriver_4 IpNetDriver listening on port 7777
[2015.11.04-20.07.27:335][811]PIE: Info Play in editor start time for /Game/RollingCPP/Maps/UEDPIE_1_Map1 0.656
[2015.11.04-20.07.27:346][811]PIE: New page: PIE session: Map1 (Nov 4, 2015, 10:07:27 PM)
[2015.11.04-20.07.27:427][811]LogNet: Browse: 127.0.0.1//Game/RollingCPP/Maps/MainMenu
[2015.11.04-20.07.27:427][811]LogInit: WinSock: Socket queue 32768 / 32768
[2015.11.04-20.07.27:428][811]LogNet: Game client on port 7777, rate 10000
[2015.11.04-20.07.27:428][811]LogNet: GetLocalNetworkVersion: GEngineNetVersion: 2707645, ProjectName: bos, ProjectVersion: 1.0.0.0, InternalProtocolVersion: 9, LocalNetworkVersion: 1605316083
[2015.11.04-20.07.27:475][811]PIE: Info Play in editor start time for /Game/RollingCPP/Maps/MainMenu 0.797
[2015.11.04-20.07.27:484][811]PIE: New page: PIE session: Map1 (Nov 4, 2015, 10:07:27 PM)
[2015.11.04-20.07.27:617][811]LogNet: Browse: 127.0.0.1//Game/RollingCPP/Maps/MainMenu
[2015.11.04-20.07.27:617][811]LogInit: WinSock: Socket queue 32768 / 32768
[2015.11.04-20.07.27:618][811]LogNet: Game client on port 7777, rate 10000
[2015.11.04-20.07.27:618][811]LogNet: GetLocalNetworkVersion: GEngineNetVersion: 2707645, ProjectName: bos, ProjectVersion: 1.0.0.0, InternalProtocolVersion: 9, LocalNetworkVersion: 1605316083
[2015.11.04-20.07.27:663][811]PIE: Info Play in editor start time for /Game/RollingCPP/Maps/MainMenu 0.985
[2015.11.04-20.07.27:672][811]PIE: New page: PIE session: Map1 (Nov 4, 2015, 10:07:27 PM)
[2015.11.04-20.07.27:787][811]LogNet: Browse: 127.0.0.1//Game/RollingCPP/Maps/MainMenu
[2015.11.04-20.07.27:787][811]LogInit: WinSock: Socket queue 32768 / 32768
[2015.11.04-20.07.27:788][811]LogNet: Game client on port 7777, rate 10000
[2015.11.04-20.07.27:788][811]LogNet: GetLocalNetworkVersion: GEngineNetVersion: 2707645, ProjectName: bos, ProjectVersion: 1.0.0.0, InternalProtocolVersion: 9, LocalNetworkVersion: 1605316083
[2015.11.04-20.07.27:847][811]PIE: Info Play in editor start time for /Game/RollingCPP/Maps/MainMenu 1.169
[2015.11.04-20.07.27:856][811]LogBlueprintUserMessages: Late PlayInEditor Detection: Level '/Game/RollingCPP/Maps/Map1.Map1:PersistentLevel' has LevelScriptBlueprint '/Game/RollingCPP/Maps/Map1.Map1:PersistentLevel.Map1' with GeneratedClass '/Game/RollingCPP/Maps/Map1.Map1_C' with ClassGeneratedBy '/Game/RollingCPP/Maps/Map1.Map1:PersistentLevel.Map1'
[2015.11.04-20.07.27:856][811]LogNet: NotifyAcceptingConnection: Server Map1 accept
[2015.11.04-20.07.27:856][811]LogNet: Open Map1 11/04/15 21:07:27 127.0.0.1
[2015.11.04-20.07.27:856][811]LogNet: Added client connection.  Remote address = 127.0.0.1:57681
[2015.11.04-20.07.27:856][811]LogNet: NotifyAcceptingChannel Control 0 server World /Game/RollingCPP/Maps/UEDPIE_1_Map1.Map1: Accepted
[2015.11.04-20.07.27:857][811]LogNet: Remote platform little endian=1
[2015.11.04-20.07.27:857][811]LogNet: This platform little endian=1
[2015.11.04-20.07.27:857][811]LogNet: GetLocalNetworkVersion: GEngineNetVersion: 2707645, ProjectName: bos, ProjectVersion: 1.0.0.0, InternalProtocolVersion: 9, LocalNetworkVersion: 1605316083
[2015.11.04-20.07.27:857][811]LogNet: NotifyAcceptingConnection: Server Map1 accept
[2015.11.04-20.07.27:857][811]LogNet: Open Map1 11/04/15 21:07:27 127.0.0.1
[2015.11.04-20.07.27:857][811]LogNet: Added client connection.  Remote address = 127.0.0.1:57682
[2015.11.04-20.07.27:857][811]LogNet: NotifyAcceptingChannel Control 0 server World /Game/RollingCPP/Maps/UEDPIE_1_Map1.Map1: Accepted
[2015.11.04-20.07.27:857][811]LogNet: Remote platform little endian=1
[2015.11.04-20.07.27:857][811]LogNet: This platform little endian=1
[2015.11.04-20.07.27:857][811]LogNet: GetLocalNetworkVersion: GEngineNetVersion: 2707645, ProjectName: bos, ProjectVersion: 1.0.0.0, InternalProtocolVersion: 9, LocalNetworkVersion: 1605316083
[2015.11.04-20.07.27:857][811]LogNet: NotifyAcceptingConnection: Server Map1 accept
[2015.11.04-20.07.27:857][811]LogNet: Open Map1 11/04/15 21:07:27 127.0.0.1
[2015.11.04-20.07.27:857][811]LogNet: Added client connection.  Remote address = 127.0.0.1:57683
[2015.11.04-20.07.27:857][811]LogNet: NotifyAcceptingChannel Control 0 server World /Game/RollingCPP/Maps/UEDPIE_1_Map1.Map1: Accepted
[2015.11.04-20.07.27:857][811]LogNet: Remote platform little endian=1
[2015.11.04-20.07.27:857][811]LogNet: This platform little endian=1
[2015.11.04-20.07.27:857][811]LogNet: GetLocalNetworkVersion: GEngineNetVersion: 2707645, ProjectName: bos, ProjectVersion: 1.0.0.0, InternalProtocolVersion: 9, LocalNetworkVersion: 1605316083
[2015.11.04-20.07.27:889][812]LogNet: Login request: /Game/RollingCPP/Maps/MainMenu userId: Invalid
[2015.11.04-20.07.27:889][812]LogNet: Login request: /Game/RollingCPP/Maps/MainMenu userId: Invalid
[2015.11.04-20.07.27:889][812]LogNet: Login request: /Game/RollingCPP/Maps/MainMenu userId: Invalid
[2015.11.04-20.07.27:890][812]LogNet: Welcomed by server (Level: /Game/RollingCPP/Maps/UEDPIE_1_Map1, Game: /Script/BOS.BOSGameMode)
[2015.11.04-20.07.27:985][812]LogLoad: LoadMap: 127.0.0.1//Game/RollingCPP/Maps/UEDPIE_1_Map1?game=/Script/BOS.BOSGameMode
[2015.11.04-20.07.28:020][812]LogParticles: Destroying 0 GPU particle simulations for FXSystem 0x0000008892C4F560
[2015.11.04-20.07.28:022][812]Cmd: MEM
[2015.11.04-20.07.28:084][812]LogMemory: Platform Memory Stats for Windows
[2015.11.04-20.07.28:084][812]LogMemory: Process Physical Memory: 665.37 MB used, 685.64 MB peak
[2015.11.04-20.07.28:084][812]LogMemory: Process Virtual Memory: 577.81 MB used, 599.09 MB peak
[2015.11.04-20.07.28:084][812]LogMemory: Physical Memory: 5326.22 MB used, 8126.94 MB total
[2015.11.04-20.07.28:084][812]LogMemory: Virtual Memory: 1205.57 MB used, 134217728.00 MB total
[2015.11.04-20.07.28:084][812]LogMemory: 
[2015.11.04-20.07.28:084][812]Allocator Stats for TBB: (not implemented)
[2015.11.04-20.07.28:084][812]LogLinker: Can't find file for asset '/Game/RollingCPP/Maps/UEDPIE_1_Map1' while loading NULL.
[2015.11.04-20.07.28:130][812]LogWorld: PIE: Copying PIE streaming level from /Game/RollingCPP/Maps/Map1.Map1 to /Game/RollingCPP/Maps/UEDPIE_2_Map1.Map1. OwningWorld: None
[2015.11.04-20.07.28:131][812]LogAIModule: Creating AISystem for world Map1
[2015.11.04-20.07.28:151][812]LogWorld: Bringing World /Game/RollingCPP/Maps/UEDPIE_2_Map1.Map1 up for play (max tick rate 0) at 2015.11.04-21.07.28
[2015.11.04-20.07.28:151][812]LogWorld: Bringing up level for play took: 0.019606
[2015.11.04-20.07.28:152][812]LogNet: Welcomed by server (Level: /Game/RollingCPP/Maps/UEDPIE_1_Map1, Game: /Script/BOS.BOSGameMode)
[2015.11.04-20.07.28:227][812]LogLoad: LoadMap: 127.0.0.1//Game/RollingCPP/Maps/UEDPIE_1_Map1?game=/Script/BOS.BOSGameMode
[2015.11.04-20.07.28:269][812]LogParticles: Destroying 0 GPU particle simulations for FXSystem 0x0000008892C4D300
[2015.11.04-20.07.28:272][812]Cmd: MEM
[2015.11.04-20.07.28:308][812]LogMemory: Platform Memory Stats for Windows
[2015.11.04-20.07.28:308][812]LogMemory: Process Physical Memory: 665.42 MB used, 685.96 MB peak
[2015.11.04-20.07.28:308][812]LogMemory: Process Virtual Memory: 577.86 MB used, 599.09 MB peak
[2015.11.04-20.07.28:308][812]LogMemory: Physical Memory: 5326.70 MB used, 8126.94 MB total
[2015.11.04-20.07.28:308][812]LogMemory: Virtual Memory: 1205.57 MB used, 134217728.00 MB total
[2015.11.04-20.07.28:308][812]LogMemory: 
[2015.11.04-20.07.28:308][812]Allocator Stats for TBB: (not implemented)
[2015.11.04-20.07.28:308][812]LogLinker: Can't find file for asset '/Game/RollingCPP/Maps/UEDPIE_1_Map1' while loading NULL.
[2015.11.04-20.07.28:353][812]LogWorld: PIE: Copying PIE streaming level from /Game/RollingCPP/Maps/Map1.Map1 to /Game/RollingCPP/Maps/UEDPIE_3_Map1.Map1. OwningWorld: None
[2015.11.04-20.07.28:354][812]LogAIModule: Creating AISystem for world Map1
[2015.11.04-20.07.28:373][812]LogWorld: Bringing World /Game/RollingCPP/Maps/UEDPIE_3_Map1.Map1 up for play (max tick rate 0) at 2015.11.04-21.07.28
[2015.11.04-20.07.28:374][812]LogWorld: Bringing up level for play took: 0.019678
[2015.11.04-20.07.28:375][812]LogNet: Welcomed by server (Level: /Game/RollingCPP/Maps/UEDPIE_1_Map1, Game: /Script/BOS.BOSGameMode)
[2015.11.04-20.07.28:451][812]LogLoad: LoadMap: 127.0.0.1//Game/RollingCPP/Maps/UEDPIE_1_Map1?game=/Script/BOS.BOSGameMode
[2015.11.04-20.07.28:508][812]LogParticles: Destroying 0 GPU particle simulations for FXSystem 0x0000008892C4EDE0
[2015.11.04-20.07.28:511][812]Cmd: MEM
[2015.11.04-20.07.28:553][812]LogMemory: Platform Memory Stats for Windows
[2015.11.04-20.07.28:553][812]LogMemory: Process Physical Memory: 673.48 MB used, 694.02 MB peak
[2015.11.04-20.07.28:553][812]LogMemory: Process Virtual Memory: 586.00 MB used, 606.66 MB peak
[2015.11.04-20.07.28:553][812]LogMemory: Physical Memory: 5317.23 MB used, 8126.94 MB total
[2015.11.04-20.07.28:553][812]LogMemory: Virtual Memory: 1213.63 MB used, 134217728.00 MB total
[2015.11.04-20.07.28:553][812]LogMemory: 
[2015.11.04-20.07.28:553][812]Allocator Stats for TBB: (not implemented)
[2015.11.04-20.07.28:553][812]LogLinker: Can't find file for asset '/Game/RollingCPP/Maps/UEDPIE_1_Map1' while loading NULL.
[2015.11.04-20.07.28:598][812]LogWorld: PIE: Copying PIE streaming level from /Game/RollingCPP/Maps/Map1.Map1 to /Game/RollingCPP/Maps/UEDPIE_4_Map1.Map1. OwningWorld: None
[2015.11.04-20.07.28:599][812]LogAIModule: Creating AISystem for world Map1
[2015.11.04-20.07.28:640][812]LogWorld: Bringing World /Game/RollingCPP/Maps/UEDPIE_4_Map1.Map1 up for play (max tick rate 0) at 2015.11.04-21.07.28
[2015.11.04-20.07.28:641][812]LogWorld: Bringing up level for play took: 0.041225
[2015.11.04-20.07.28:681][813]LogNet: Client netspeed is 10000
[2015.11.04-20.07.28:681][813]LogNet: Join request: /Game/RollingCPP/Maps/MainMenu?SplitscreenCount=1
[2015.11.04-20.07.28:685][813]LogSpawn:Warning: SpawnActor failed because of collision at the spawn location [X=-491.469 Y=390.618 Z=220.000] for [BOSBall_BP_C]
[2015.11.04-20.07.28:685][813]LogSpawn:Warning: SpawnActor failed because the spawned actor IsPendingKill
[2015.11.04-20.07.28:685][813]LogGameMode:Warning: Couldn't spawn Pawn of type BOSBall_BP_C at BOSPlayerStart_30
[2015.11.04-20.07.28:685][813]LogNet: Join succeeded: 261
[2015.11.04-20.07.28:685][813]LogNet: Client netspeed is 10000
[2015.11.04-20.07.28:685][813]LogNet: Join request: /Game/RollingCPP/Maps/MainMenu?SplitscreenCount=1
[2015.11.04-20.07.28:688][813]LogNet: Join succeeded: 262
[2015.11.04-20.07.28:688][813]LogNet: Client netspeed is 10000
[2015.11.04-20.07.28:688][813]LogNet: Join request: /Game/RollingCPP/Maps/MainMenu?SplitscreenCount=1
[2015.11.04-20.07.28:691][813]LogNet: Join succeeded: 263
[2015.11.04-20.07.29:388][835]CompilerResultsLog: New page: Compilation - Nov 4, 2015, 10:07:29 PM
[2015.11.04-20.07.29:388][835]CompilerResultsLog: Info Compiling game modules for hot reload
[2015.11.04-20.07.29:388][835]CompilerResultsLog: Info Target is up to date.
[2015.11.04-20.07.29:388][835]LogMainFrame: MainFrame: Module compiling took 2.934 seconds
[2015.11.04-20.07.38:575][231]LogNet: Browse: 127.0.0.1//Game/RollingCPP/Maps/MainMenu
[2015.11.04-20.07.38:575][231]LogNet: World NetDriver shutdown IpNetDriver_5 [GameNetDriver]
[2015.11.04-20.07.38:582][231]LogNet: DestroyNamedNetDriver IpNetDriver_5 [GameNetDriver]
[2015.11.04-20.07.38:582][231]LogNet: UNetConnection::Close: Name: IpConnection_6, Driver: GameNetDriver IpNetDriver_5, PC: BallController_15, Owner: BallController_15, Channels: 14, RemoteAddr: 127.0.0.1:7777, Time: 2015.11.04-20.07.38
[2015.11.04-20.07.38:582][231]LogNet: UChannel::Close: Sending CloseBunch. ChIndex == 0. Name: ControlChannel_6
[2015.11.04-20.07.38:585][231]LogExit: GameNetDriver IpNetDriver_5 shut down
[2015.11.04-20.07.38:585][231]LogInit: WinSock: Socket queue 32768 / 32768
[2015.11.04-20.07.38:585][231]LogNet: Game client on port 7777, rate 10000
[2015.11.04-20.07.38:585][231]LogNet: GetLocalNetworkVersion: GEngineNetVersion: 2707645, ProjectName: bos, ProjectVersion: 1.0.0.0, InternalProtocolVersion: 9, LocalNetworkVersion: 1605316083
[2015.11.04-20.07.38:600][232]LogNet: UChannel::ReceivedSequencedBunch: Bunch.bClose == true. ChIndex == 0. Calling ConditionalCleanUp.
[2015.11.04-20.07.38:600][232]LogNet: UChannel::CleanUp: [GameNetDriver] [BallController_12] [BallController_12]. ChIndex == 0. Closing connection.
[2015.11.04-20.07.38:600][232]LogNet: UNetConnection::Close: Name: IpConnection_9, Driver: GameNetDriver IpNetDriver_4, PC: BallController_12, Owner: BallController_12, Channels: 14, RemoteAddr: 127.0.0.1:57681, Time: 2015.11.04-20.07.38
[2015.11.04-20.07.38:600][232]LogNet: UChannel::Close: Sending CloseBunch. ChIndex == 0. Name: ControlChannel_9
[2015.11.04-20.07.38:600][232]LogNet: NotifyAcceptingConnection: Server Map1 accept
[2015.11.04-20.07.38:600][232]LogNet: Open Map1 11/04/15 21:07:38 127.0.0.1
[2015.11.04-20.07.38:601][232]LogNet: Added client connection.  Remote address = 127.0.0.1:57777
[2015.11.04-20.07.38:601][232]LogNet: NotifyAcceptingChannel Control 0 server World /Game/RollingCPP/Maps/UEDPIE_1_Map1.Map1: Accepted
[2015.11.04-20.07.38:601][232]LogNet: Remote platform little endian=1
[2015.11.04-20.07.38:601][232]LogNet: This platform little endian=1
[2015.11.04-20.07.38:601][232]LogNet: GetLocalNetworkVersion: GEngineNetVersion: 2707645, ProjectName: bos, ProjectVersion: 1.0.0.0, InternalProtocolVersion: 9, LocalNetworkVersion: 1605316083
[2015.11.04-20.07.38:619][233]LogNet: Login request: /Game/RollingCPP/Maps/MainMenu userId: Invalid
[2015.11.04-20.07.38:620][233]LogNet: Welcomed by server (Level: /Game/RollingCPP/Maps/UEDPIE_1_Map1, Game: /Script/BOS.BOSGameMode)
[2015.11.04-20.07.38:621][233]LogLoad: LoadMap: 127.0.0.1//Game/RollingCPP/Maps/UEDPIE_1_Map1?game=/Script/BOS.BOSGameMode
[2015.11.04-20.07.38:685][233]LogParticles: Destroying 0 GPU particle simulations for FXSystem 0x000000889C0CE160
[2015.11.04-20.07.38:685][233]Cmd: MEM
[2015.11.04-20.07.38:722][233]LogMemory: Platform Memory Stats for Windows
[2015.11.04-20.07.38:722][233]LogMemory: Process Physical Memory: 690.73 MB used, 702.09 MB peak
[2015.11.04-20.07.38:722][233]LogMemory: Process Virtual Memory: 603.00 MB used, 614.80 MB peak
[2015.11.04-20.07.38:722][233]LogMemory: Physical Memory: 5307.61 MB used, 8126.94 MB total
[2015.11.04-20.07.38:722][233]LogMemory: Virtual Memory: 1229.58 MB used, 134217728.00 MB total
[2015.11.04-20.07.38:722][233]LogMemory: 
[2015.11.04-20.07.38:722][233]Allocator Stats for TBB: (not implemented)
[2015.11.04-20.07.38:723][233]LogLinker: Can't find file for asset '/Game/RollingCPP/Maps/UEDPIE_1_Map1' while loading NULL.
[2015.11.04-20.07.38:756][233]LogWorld: PIE: Copying PIE streaming level from /Game/RollingCPP/Maps/Map1.Map1 to /Game/RollingCPP/Maps/UEDPIE_2_Map1.Map1. OwningWorld: None
[2015.11.04-20.07.38:757][233]LogAIModule: Creating AISystem for world Map1
[2015.11.04-20.07.38:776][233]LogWorld: Bringing World /Game/RollingCPP/Maps/UEDPIE_2_Map1.Map1 up for play (max tick rate 0) at 2015.11.04-21.07.38
[2015.11.04-20.07.38:776][233]LogWorld: Bringing up level for play took: 0.018420
[2015.11.04-20.07.38:797][234]LogNet: Client netspeed is 10000
[2015.11.04-20.07.38:797][234]LogNet: Join request: /Game/RollingCPP/Maps/MainMenu?SplitscreenCount=1
[2015.11.04-20.07.38:800][234]LogSpawn:Warning: SpawnActor failed because of collision at the spawn location [X=-631.243 Y=-1055.234 Z=220.000] for [BOSBall_BP_C]
[2015.11.04-20.07.38:800][234]LogSpawn:Warning: SpawnActor failed because the spawned actor IsPendingKill
[2015.11.04-20.07.38:800][234]LogGameMode:Warning: Couldn't spawn Pawn of type BOSBall_BP_C at BOSPlayerStart_28
[2015.11.04-20.07.38:800][234]LogNet: Join succeeded: 264
[2015.11.04-20.07.40:542][327]LogNet: Browse: 127.0.0.1//Game/RollingCPP/Maps/MainMenu
[2015.11.04-20.07.40:542][327]LogNet: World NetDriver shutdown IpNetDriver_8 [GameNetDriver]
[2015.11.04-20.07.40:542][327]LogNet: DestroyNamedNetDriver IpNetDriver_8 [GameNetDriver]
[2015.11.04-20.07.40:542][327]LogNet: UNetConnection::Close: Name: IpConnection_12, Driver: GameNetDriver IpNetDriver_8, PC: BallController_19, Owner: BallController_19, Channels: 14, RemoteAddr: 127.0.0.1:7777, Time: 2015.11.04-20.07.40
[2015.11.04-20.07.40:542][327]LogNet: UChannel::Close: Sending CloseBunch. ChIndex == 0. Name: ControlChannel_12
[2015.11.04-20.07.40:542][327]LogExit: GameNetDriver IpNetDriver_8 shut down
[2015.11.04-20.07.40:543][327]LogInit: WinSock: Socket queue 32768 / 32768
[2015.11.04-20.07.40:543][327]LogNet: Game client on port 7777, rate 10000
[2015.11.04-20.07.40:543][327]LogNet: GetLocalNetworkVersion: GEngineNetVersion: 2707645, ProjectName: bos, ProjectVersion: 1.0.0.0, InternalProtocolVersion: 9, LocalNetworkVersion: 1605316083
[2015.11.04-20.07.40:558][328]LogNet: UChannel::ReceivedSequencedBunch: Bunch.bClose == true. ChIndex == 0. Calling ConditionalCleanUp.
[2015.11.04-20.07.40:558][328]LogNet: UChannel::CleanUp: [GameNetDriver] [BallController_18] [BallController_18]. ChIndex == 0. Closing connection.
[2015.11.04-20.07.40:559][328]LogNet: UNetConnection::Close: Name: IpConnection_13, Driver: GameNetDriver IpNetDriver_4, PC: BallController_18, Owner: BallController_18, Channels: 14, RemoteAddr: 127.0.0.1:57777, Time: 2015.11.04-20.07.40
[2015.11.04-20.07.40:559][328]LogNet: UChannel::Close: Sending CloseBunch. ChIndex == 0. Name: ControlChannel_13
[2015.11.04-20.07.40:559][328]LogNet: NotifyAcceptingConnection: Server Map1 accept
[2015.11.04-20.07.40:559][328]LogNet: Open Map1 11/04/15 21:07:40 127.0.0.1
[2015.11.04-20.07.40:559][328]LogNet: Added client connection.  Remote address = 127.0.0.1:57778
[2015.11.04-20.07.40:559][328]LogNet: NotifyAcceptingChannel Control 0 server World /Game/RollingCPP/Maps/UEDPIE_1_Map1.Map1: Accepted
[2015.11.04-20.07.40:559][328]LogNet: Remote platform little endian=1
[2015.11.04-20.07.40:559][328]LogNet: This platform little endian=1
[2015.11.04-20.07.40:559][328]LogNet: GetLocalNetworkVersion: GEngineNetVersion: 2707645, ProjectName: bos, ProjectVersion: 1.0.0.0, InternalProtocolVersion: 9, LocalNetworkVersion: 1605316083
[2015.11.04-20.07.40:577][329]LogNet: Login request: /Game/RollingCPP/Maps/MainMenu userId: Invalid
[2015.11.04-20.07.40:578][329]LogNet: Welcomed by server (Level: /Game/RollingCPP/Maps/UEDPIE_1_Map1, Game: /Script/BOS.BOSGameMode)
[2015.11.04-20.07.40:579][329]LogLoad: LoadMap: 127.0.0.1//Game/RollingCPP/Maps/UEDPIE_1_Map1?game=/Script/BOS.BOSGameMode
[2015.11.04-20.07.40:627][329]LogParticles: Destroying 0 GPU particle simulations for FXSystem 0x000000889C190220
[2015.11.04-20.07.40:628][329]Cmd: MEM
[2015.11.04-20.07.40:664][329]LogMemory: Platform Memory Stats for Windows
[2015.11.04-20.07.40:664][329]LogMemory: Process Physical Memory: 692.43 MB used, 711.33 MB peak
[2015.11.04-20.07.40:664][329]LogMemory: Process Virtual Memory: 604.50 MB used, 623.72 MB peak
[2015.11.04-20.07.40:664][329]LogMemory: Physical Memory: 5334.62 MB used, 8126.94 MB total
[2015.11.04-20.07.40:664][329]LogMemory: Virtual Memory: 1229.58 MB used, 134217728.00 MB total
[2015.11.04-20.07.40:664][329]LogMemory: 
[2015.11.04-20.07.40:664][329]Allocator Stats for TBB: (not implemented)
[2015.11.04-20.07.40:664][329]LogLinker: Can't find file for asset '/Game/RollingCPP/Maps/UEDPIE_1_Map1' while loading NULL.
[2015.11.04-20.07.40:702][329]LogWorld: PIE: Copying PIE streaming level from /Game/RollingCPP/Maps/Map1.Map1 to /Game/RollingCPP/Maps/UEDPIE_2_Map1.Map1. OwningWorld: None
[2015.11.04-20.07.40:704][329]LogAIModule: Creating AISystem for world Map1
[2015.11.04-20.07.40:721][329]LogWorld: Bringing World /Game/RollingCPP/Maps/UEDPIE_2_Map1.Map1 up for play (max tick rate 0) at 2015.11.04-21.07.40
[2015.11.04-20.07.40:721][329]LogWorld: Bringing up level for play took: 0.017255
[2015.11.04-20.07.40:740][330]LogNet: Client netspeed is 10000
[2015.11.04-20.07.40:740][330]LogNet: Join request: /Game/RollingCPP/Maps/MainMenu?SplitscreenCount=1
[2015.11.04-20.07.40:742][330]LogSpawn:Warning: SpawnActor failed because of collision at the spawn location [X=-631.243 Y=-1055.234 Z=220.000] for [BOSBall_BP_C]
[2015.11.04-20.07.40:742][330]LogSpawn:Warning: SpawnActor failed because the spawned actor IsPendingKill
[2015.11.04-20.07.40:742][330]LogGameMode:Warning: Couldn't spawn Pawn of type BOSBall_BP_C at BOSPlayerStart_28
[2015.11.04-20.07.40:742][330]LogNet: Join succeeded: 265
[2015.11.04-20.07.42:122][406]LogNet: Browse: 127.0.0.1//Game/RollingCPP/Maps/MainMenu
[2015.11.04-20.07.42:122][406]LogNet: World NetDriver shutdown IpNetDriver_9 [GameNetDriver]
[2015.11.04-20.07.42:122][406]LogNet: DestroyNamedNetDriver IpNetDriver_9 [GameNetDriver]
[2015.11.04-20.07.42:122][406]LogNet: UNetConnection::Close: Name: IpConnection_14, Driver: GameNetDriver IpNetDriver_9, PC: BallController_21, Owner: BallController_21, Channels: 14, RemoteAddr: 127.0.0.1:7777, Time: 2015.11.04-20.07.42
[2015.11.04-20.07.42:122][406]LogNet: UChannel::Close: Sending CloseBunch. ChIndex == 0. Name: ControlChannel_14
[2015.11.04-20.07.42:122][406]LogExit: GameNetDriver IpNetDriver_9 shut down
[2015.11.04-20.07.42:123][406]LogInit: WinSock: Socket queue 32768 / 32768
[2015.11.04-20.07.42:123][406]LogNet: Game client on port 7777, rate 10000
[2015.11.04-20.07.42:123][406]LogNet: GetLocalNetworkVersion: GEngineNetVersion: 2707645, ProjectName: bos, ProjectVersion: 1.0.0.0, InternalProtocolVersion: 9, LocalNetworkVersion: 1605316083
[2015.11.04-20.07.42:138][407]LogNet: UChannel::ReceivedSequencedBunch: Bunch.bClose == true. ChIndex == 0. Calling ConditionalCleanUp.
[2015.11.04-20.07.42:138][407]LogNet: UChannel::CleanUp: [GameNetDriver] [BallController_20] [BallController_20]. ChIndex == 0. Closing connection.
[2015.11.04-20.07.42:138][407]LogNet: UNetConnection::Close: Name: IpConnection_15, Driver: GameNetDriver IpNetDriver_4, PC: BallController_20, Owner: BallController_20, Channels: 14, RemoteAddr: 127.0.0.1:57778, Time: 2015.11.04-20.07.42
[2015.11.04-20.07.42:138][407]LogNet: UChannel::Close: Sending CloseBunch. ChIndex == 0. Name: ControlChannel_15
[2015.11.04-20.07.42:139][407]LogNet: NotifyAcceptingConnection: Server Map1 accept
[2015.11.04-20.07.42:139][407]LogNet: Open Map1 11/04/15 21:07:42 127.0.0.1
[2015.11.04-20.07.42:139][407]LogNet: Added client connection.  Remote address = 127.0.0.1:57779
[2015.11.04-20.07.42:139][407]LogNet: NotifyAcceptingChannel Control 0 server World /Game/RollingCPP/Maps/UEDPIE_1_Map1.Map1: Accepted
[2015.11.04-20.07.42:139][407]LogNet: Remote platform little endian=1
[2015.11.04-20.07.42:139][407]LogNet: This platform little endian=1
[2015.11.04-20.07.42:139][407]LogNet: GetLocalNetworkVersion: GEngineNetVersion: 2707645, ProjectName: bos, ProjectVersion: 1.0.0.0, InternalProtocolVersion: 9, LocalNetworkVersion: 1605316083
[2015.11.04-20.07.42:156][408]LogNet: Login request: /Game/RollingCPP/Maps/MainMenu userId: Invalid
[2015.11.04-20.07.42:158][408]LogNet: Welcomed by server (Level: /Game/RollingCPP/Maps/UEDPIE_1_Map1, Game: /Script/BOS.BOSGameMode)
[2015.11.04-20.07.42:158][408]LogLoad: LoadMap: 127.0.0.1//Game/RollingCPP/Maps/UEDPIE_1_Map1?game=/Script/BOS.BOSGameMode
[2015.11.04-20.07.42:208][408]LogParticles: Destroying 0 GPU particle simulations for FXSystem 0x000000889FA076A0
[2015.11.04-20.07.42:209][408]Cmd: MEM
[2015.11.04-20.07.42:245][408]LogMemory: Platform Memory Stats for Windows
[2015.11.04-20.07.42:245][408]LogMemory: Process Physical Memory: 692.93 MB used, 713.02 MB peak
[2015.11.04-20.07.42:245][408]LogMemory: Process Virtual Memory: 604.93 MB used, 625.22 MB peak
[2015.11.04-20.07.42:245][408]LogMemory: Physical Memory: 5325.56 MB used, 8126.94 MB total
[2015.11.04-20.07.42:245][408]LogMemory: Virtual Memory: 1229.58 MB used, 134217728.00 MB total
[2015.11.04-20.07.42:245][408]LogMemory: 
[2015.11.04-20.07.42:245][408]Allocator Stats for TBB: (not implemented)
[2015.11.04-20.07.42:245][408]LogLinker: Can't find file for asset '/Game/RollingCPP/Maps/UEDPIE_1_Map1' while loading NULL.
[2015.11.04-20.07.42:279][408]LogWorld: PIE: Copying PIE streaming level from /Game/RollingCPP/Maps/Map1.Map1 to /Game/RollingCPP/Maps/UEDPIE_2_Map1.Map1. OwningWorld: None
[2015.11.04-20.07.42:280][408]LogAIModule: Creating AISystem for world Map1
[2015.11.04-20.07.42:301][408]LogWorld: Bringing World /Game/RollingCPP/Maps/UEDPIE_2_Map1.Map1 up for play (max tick rate 0) at 2015.11.04-21.07.42
[2015.11.04-20.07.42:302][408]LogWorld: Bringing up level for play took: 0.021071
[2015.11.04-20.07.42:322][409]LogNet: Client netspeed is 10000
[2015.11.04-20.07.42:322][409]LogNet: Join request: /Game/RollingCPP/Maps/MainMenu?SplitscreenCount=1
[2015.11.04-20.07.42:324][409]LogNet: Join succeeded: 266
[2015.11.04-20.07.44:473][516]LogNet:Warning: UIpNetDriver::ProcesRemoteFunction: No owning connection for actor BasicProjectile_BP_C_27. Function OnHit will not be processed.
[2015.11.04-20.07.44:474][516]LogNet:Warning: UIpNetDriver::ProcesRemoteFunction: No owning connection for actor BasicProjectile_BP_C_28. Function OnHit will not be processed.
[2015.11.04-20.07.44:475][516]LogNet:Warning: UIpNetDriver::ProcesRemoteFunction: No owning connection for actor BasicProjectile_BP_C_29. Function OnHit will not be processed.
[2015.11.04-20.07.45:930][583]LogNet:Warning: UIpNetDriver::ProcesRemoteFunction: No owning connection for actor BasicProjectile_BP_C_32. Function OnHit will not be processed.
[2015.11.04-20.07.45:932][583]LogNet:Warning: UIpNetDriver::ProcesRemoteFunction: No owning connection for actor BasicProjectile_BP_C_33. Function OnHit will not be processed.
[2015.11.04-20.07.45:940][583]LogNet:Warning: UIpNetDriver::ProcesRemoteFunction: No owning connection for actor BasicProjectile_BP_C_34. Function OnHit will not be processed.
[2015.11.04-20.07.48:036][683]LogBlueprintUserMessages: Early EndPlayMap Detection: Level '/Game/RollingCPP/Maps/Map1.Map1:PersistentLevel' has LevelScriptBlueprint '/Game/RollingCPP/Maps/Map1.Map1:PersistentLevel.Map1' with GeneratedClass '/Game/RollingCPP/Maps/Map1.Map1_C' with ClassGeneratedBy '/Game/RollingCPP/Maps/Map1.Map1:PersistentLevel.Map1'
[2015.11.04-20.07.48:255][683]LogSpawn:Warning: SpawnActor failed because we are in the process of tearing down the world
[2015.11.04-20.07.48:322][683]LogBlueprintUserMessages: Late EndPlayMap Detection: Level '/Game/RollingCPP/Maps/Map1.Map1:PersistentLevel' has LevelScriptBlueprint '/Game/RollingCPP/Maps/Map1.Map1:PersistentLevel.Map1' with GeneratedClass '/Game/RollingCPP/Maps/Map1.Map1_C' with ClassGeneratedBy '/Game/RollingCPP/Maps/Map1.Map1:PersistentLevel.Map1'
[2015.11.04-20.07.48:349][683]LogNet: UChannel::CleanUp: [GameNetDriver] [BallController_22] [BallController_22]. ChIndex == 0. Closing connection.
[2015.11.04-20.07.48:349][683]LogNet: UNetConnection::Close: Name: IpConnection_17, Driver: GameNetDriver IpNetDriver_4, PC: BallController_22, Owner: BallController_22, Channels: 15, RemoteAddr: 127.0.0.1:57779, Time: 2015.11.04-20.07.48
[2015.11.04-20.07.48:349][683]LogNet: UChannel::Close: Sending CloseBunch. ChIndex == 0. Name: ControlChannel_17
[2015.11.04-20.07.48:349][683]LogNet: UChannel::CleanUp: [GameNetDriver] [BallController_23] [BallController_23]. ChIndex == 0. Closing connection.
[2015.11.04-20.07.48:349][683]LogNet: UNetConnection::Close: Name: IpConnection_16, Driver: GameNetDriver IpNetDriver_10, PC: BallController_23, Owner: BallController_23, Channels: 15, RemoteAddr: 127.0.0.1:7777, Time: 2015.11.04-20.07.48
[2015.11.04-20.07.48:349][683]LogNet: UChannel::Close: Sending CloseBunch. ChIndex == 0. Name: ControlChannel_16
[2015.11.04-20.07.48:354][683]LogNet: UChannel::CleanUp: [GameNetDriver] [N