[2015.12.01-13.08.16:737][  0]Log file open, 12/01/15 14:08:16
[2015.12.01-13.08.16:737][  0]LogInit:Display: Running engine for game: BOS
[2015.12.01-13.08.16:737][  0]LogInit:Display: RandInit(-206893142) SRandInit(-206893142).
[2015.12.01-13.08.16:737][  0]LogTaskGraph: Started task graph with 4 named threads and 7 total threads.
[2015.12.01-13.08.16:737][  0]LogStats: Stats thread started at 0.066886
[2015.12.01-13.08.16:737][  0]LogInit: Version: 4.9.1-2689999+++depot+UE4-Releases+4.9
[2015.12.01-13.08.16:737][  0]LogInit: API Version: 2672455
[2015.12.01-13.08.16:737][  0]LogInit: Compiled (64-bit): Sep 14 2015 04:12:03
[2015.12.01-13.08.16:737][  0]LogInit: Compiled with Visual C++: 18.00.21005.01
[2015.12.01-13.08.16:737][  0]LogInit: Build Configuration: Development
[2015.12.01-13.08.16:737][  0]LogInit: Branch Name: ++depot+UE4-Releases+4.9
[2015.12.01-13.08.16:737][  0]LogInit: Command line:  
[2015.12.01-13.08.16:737][  0]LogInit: Base directory: C:/Program Files/Epic Games/4.9/Engine/Binaries/Win64/
[2015.12.01-13.08.16:737][  0]LogInit: Rocket: 1
[2015.12.01-13.08.16:745][  0]LogInit: Using libcurl 7.41.0
[2015.12.01-13.08.16:745][  0]LogInit:  - built for x86_64-pc-win32
[2015.12.01-13.08.16:745][  0]LogInit:  - supports SSL with WinSSL
[2015.12.01-13.08.16:745][  0]LogInit:  - other features:
[2015.12.01-13.08.16:745][  0]LogInit:      CURL_VERSION_SSL
[2015.12.01-13.08.16:745][  0]LogInit:      CURL_VERSION_IPV6
[2015.12.01-13.08.16:745][  0]LogInit:      CURL_VERSION_ASYNCHDNS
[2015.12.01-13.08.16:745][  0]LogInit:      CURL_VERSION_LARGEFILE
[2015.12.01-13.08.16:745][  0]LogInit:      CURL_VERSION_IDN
[2015.12.01-13.08.16:745][  0]LogInit:  CurlRequestOptions (configurable via config and command line):
[2015.12.01-13.08.16:745][  0]LogInit:  - bVerifyPeer = true  - Libcurl will verify peer certificate
[2015.12.01-13.08.16:745][  0]LogInit:  - bUseHttpProxy = false  - Libcurl will NOT use HTTP proxy
[2015.12.01-13.08.16:745][  0]LogInit:  - bDontReuseConnections = false  - Libcurl will reuse connections
[2015.12.01-13.08.16:745][  0]LogInit:  - CertBundlePath = nullptr  - Libcurl will use whatever was configured at build time.
[2015.12.01-13.08.16:751][  0]LogInit: Presizing for 0 objects not considered by GC, pre-allocating 0 bytes.
[2015.12.01-13.08.16:757][  0]LogInit: Object subsystem initialized
[2015.12.01-13.08.16:758][  0]LogInit: Selected Device Profile: [Windows]
[2015.12.01-13.08.16:758][  0]LogInit: Applying CVar settings loaded from the selected device profile: [Windows]
[2015.12.01-13.08.16:766][  0]LogInit: Computer: SpellabbA332-13
[2015.12.01-13.08.16:766][  0]LogInit: User: Spellabbet
[2015.12.01-13.08.16:766][  0]LogInit: CPU Page size=4096, Cores=4
[2015.12.01-13.08.16:766][  0]LogInit: High frequency timer resolution =3.507501 MHz
[2015.12.01-13.08.16:766][  0]LogMemory: Memory total: Physical=15.9GB (16GB approx)
[2015.12.01-13.08.16:766][  0]LogMemory: Platform Memory Stats for Windows
[2015.12.01-13.08.16:766][  0]LogMemory: Process Physical Memory: 52.57 MB used, 52.57 MB peak
[2015.12.01-13.08.16:766][  0]LogMemory: Process Virtual Memory: 55.05 MB used, 55.05 MB peak
[2015.12.01-13.08.16:766][  0]LogMemory: Physical Memory: 4227.38 MB used, 16318.82 MB total
[2015.12.01-13.08.16:766][  0]LogMemory: Virtual Memory: 347.36 MB used, 134217728.00 MB total
[2015.12.01-13.08.16:794][  0]LogTextLocalizationManager: No translations for ('sv-SE') exist, falling back to 'en' for localization and internationalization data.
[2015.12.01-13.08.17:432][  0]LogD3D11RHI: Found D3D11 adapter 0: NVIDIA GeForce GTX 960 (Feature Level 11_0)
[2015.12.01-13.08.17:432][  0]LogD3D11RHI: Adapter has 1965MB of dedicated video memory, 0MB of dedicated system memory, and 2048MB of shared system memory, 1 output[s]
[2015.12.01-13.08.17:434][  0]LogD3D11RHI: Found D3D11 adapter 1: Microsoft Basic Render Driver (Feature Level 11_0)
[2015.12.01-13.08.17:434][  0]LogD3D11RHI: Adapter has 0MB of dedicated video memory, 0MB of dedicated system memory, and 256MB of shared system memory, 0 output[s]
[2015.12.01-13.08.17:434][  0]LogD3D11RHI: Chosen D3D11 Adapter Id = 0
[2015.12.01-13.08.17:437][  0]LogD3D11RHI: !Direct3DDevice
[2015.12.01-13.08.17:437][  0]LogRHI: Texture pool is 1361 MB (70% of 1945 MB)
[2015.12.01-13.08.17:447][  0]LogD3D11RHI: Async texture creation enabled
[2015.12.01-13.08.17:462][  0]LogShaderCompilers: Guid format shader working directory is 15 characters bigger than the processId version (../../../../../../Users/Spellabbet/Documents/Unreal Projects/Balls-of-steel/BOS/Intermediate/Shaders/WorkingDirectory/5476/).
[2015.12.01-13.08.17:462][  0]LogShaderCompilers: Cleaned the shader compiler working directory '../../../../../../Users/Spellabbet/Documents/Unreal Projects/Balls-of-steel/BOS/Intermediate/Shaders/tmp/C3E89F624F4FB0CC3B8059B20665018F/'.
[2015.12.01-13.08.17:462][  0]LogShaderCompilers:Display: Using Local Shader Compiler.
[2015.12.01-13.08.18:398][  0]LogTemp:Display: Loaded TP AllDesktopTargetPlatform
[2015.12.01-13.08.18:402][  0]LogTemp:Display: Loaded TP WindowsClientTargetPlatform
[2015.12.01-13.08.18:407][  0]LogTemp:Display: Loaded TP WindowsNoEditorTargetPlatform
[2015.12.01-13.08.18:411][  0]LogTemp:Display: Loaded TP WindowsServerTargetPlatform
[2015.12.01-13.08.18:415][  0]LogTemp:Display: Loaded TP WindowsTargetPlatform
[2015.12.01-13.08.18:418][  0]LogTemp:Display: Loaded TP AndroidTargetPlatform
[2015.12.01-13.08.18:422][  0]LogTemp:Display: Loaded TP Android_ASTCTargetPlatform
[2015.12.01-13.08.18:426][  0]LogTemp:Display: Loaded TP Android_ATCTargetPlatform
[2015.12.01-13.08.18:431][  0]LogTemp:Display: Loaded TP Android_DXTTargetPlatform
[2015.12.01-13.08.18:435][  0]LogTemp:Display: Loaded TP Android_ETC1TargetPlatform
[2015.12.01-13.08.18:438][  0]LogTemp:Display: Loaded TP Android_ETC2TargetPlatform
[2015.12.01-13.08.18:441][  0]LogTemp:Display: Loaded TP Android_PVRTCTargetPlatform
[2015.12.01-13.08.18:441][  0]LogTemp:Display: Loaded TP HTML5TargetPlatform
[2015.12.01-13.08.18:458][  0]LogTemp:Display: Loaded TP IOSTargetPlatform
[2015.12.01-13.08.18:461][  0]LogTemp:Display: Loaded TP LinuxNoEditorTargetPlatform
[2015.12.01-13.08.18:463][  0]LogTemp:Display: Loaded TP LinuxServerTargetPlatform
[2015.12.01-13.08.18:466][  0]LogTemp:Display: Loaded TP LinuxTargetPlatform
[2015.12.01-13.08.18:466][  0]LogTargetPlatformManager:Display: Building Assets For Windows
[2015.12.01-13.08.18:534][  0]LogDerivedDataCache:Display: Max Cache Size: 512 MB
[2015.12.01-13.08.18:575][  0]LogDerivedDataCache: Loaded boot cache 0.04s 47MB C:/Users/Spellabbet/AppData/Local/UnrealEngine/4.9/DerivedDataCache/Boot.ddc.
[2015.12.01-13.08.18:575][  0]LogDerivedDataCache:Display: Loaded Boot cache: C:/Users/Spellabbet/AppData/Local/UnrealEngine/4.9/DerivedDataCache/Boot.ddc
[2015.12.01-13.08.18:575][  0]LogDerivedDataCache: FDerivedDataBackendGraph:  Pak pak cache file ../../../../../../Users/Spellabbet/Documents/Unreal Projects/Balls-of-steel/BOS/DerivedDataCache/DDC.ddp not found, will not use a pak cache.
[2015.12.01-13.08.18:575][  0]LogDerivedDataCache: Unable to find inner node Pak for hierarchical cache Hierarchy.
[2015.12.01-13.08.18:575][  0]LogDerivedDataCache: FDerivedDataBackendGraph:  CompressedPak pak cache file ../../../../../../Users/Spellabbet/Documents/Unreal Projects/Balls-of-steel/BOS/DerivedDataCache/Compressed.ddp not found, will not use a pak cache.
[2015.12.01-13.08.18:575][  0]LogDerivedDataCache: Unable to find inner node CompressedPak for hierarchical cache Hierarchy.
[2015.12.01-13.08.18:696][  0]LogDerivedDataCache:Display: Pak cache opened for reading ../../../Engine/DerivedDataCache/Compressed.ddp.
[2015.12.01-13.08.18:708][  0]LogDerivedDataCache: Using Local data cache path C:/Users/Spellabbet/AppData/Local/UnrealEngine/Common/DerivedDataCache: Writable
[2015.12.01-13.08.18:851][  0]LogInit: Selected Device Profile: [Windows]
[2015.12.01-13.08.18:853][  0]LogContentStreaming: Texture pool size is 0.000000MB
[2015.12.01-13.08.18:957][  0]LogMeshUtilities: No automatic mesh reduction module available
[2015.12.01-13.08.18:957][  0]LogMeshUtilities: No automatic mesh merging module available
[2015.12.01-13.08.19:160][  0]LogInit: WinSock: version 1.1 (2.2), MaxSocks=32767, MaxUdp=65467
[2015.12.01-13.08.19:788][  0]UdpMessaging: Initializing bridge on interface 0.0.0.0:0 to multicast group 230.0.0.1:6666.
[2015.12.01-13.08.19:855][  0]LogLinker:Warning: Asset '../../../../../../Users/Spellabbet/Documents/Unreal Projects/Balls-of-steel/BOS/Content/Rolling/Materials/M_Blue_Checker.uasset' has been saved with empty engine version. The asset will be loaded but may be incompatible.
[2015.12.01-13.08.20:018][  0]LogAssetRegistry: FAssetRegistry took 0.0112 seconds to start up
[2015.12.01-13.08.20:174][  0]SourceControl: Info Source control is disabled
[2015.12.01-13.08.20:182][  0]SourceControl: Info Source control is disabled
[2015.12.01-13.08.20:191][  0]SourceControl: Info Source control is disabled
[2015.12.01-13.08.20:201][  0]SourceControl: Info Source control is disabled
[2015.12.01-13.08.20:372][  0]LogLinker:Warning: Asset '../../../Engine/Plugins/Runtime/LeapMotionController/Content/LM_PassthroughMaterial.uasset' has been saved with empty engine version. The asset will be loaded but may be incompatible.
[2015.12.01-13.08.20:458][  0]LogObj: 30613 objects as part of root set at end of initial load.
[2015.12.01-13.08.20:458][  0]LogUObjectAllocator: 6840960 out of 0 bytes used by permanent object pool.
[2015.12.01-13.08.20:509][  0]LogEngine: Initializing Engine...
[2015.12.01-13.08.20:512][  0]LogHMD: Can't find Oculus library dev build: is proper Runtime installed? Version: 0.7.0.0
[2015.12.01-13.08.20:512][  0]LogHMD: SteamVR failed to initialize.  Err: 110
[2015.12.01-13.08.20:629][  0]LogAIModule: Creating AISystem for world NewWorld
[2015.12.01-13.08.20:634][  0]LogInit: XAudio2 using 'Speakers (4- High Definition Audio Device)' : 2 channels at 44.1 kHz using 16 bits per sample (channel mask 0x3)
[2015.12.01-13.08.20:644][  0]LogInit: FAudioDevice initialized.
[2015.12.01-13.08.20:664][  0]LogDerivedDataCache: Saved boot cache 0.02s 47MB C:/Users/Spellabbet/AppData/Local/UnrealEngine/4.9/DerivedDataCache/Boot.ddc.
[2015.12.01-13.08.20:668][  0]LogInit: Texture streaming: Enabled
[2015.12.01-13.08.20:673][  0]LogAnalytics: Creating configured Analytics provider AnalyticsET
[2015.12.01-13.08.20:673][  0]LogAnalytics: [UEEditor.Rocket.Release] APIServer = http://et2.epicgames.com/ET2/. AppVersion = 4.9.1-2689999+++depot+UE4-Releases+4.9
[2015.12.01-13.08.20:674][  0]LogAnalytics: [UEEditor.Rocket.Release] SetUserId fc50aaa14c34ed003df04597b34f483e|4341a5fd2eb34d5fac8b0ca63d21fc83|060e5e79-a789-49c4-8abd-5d8b330400a7
[2015.12.01-13.08.20:674][  0]LogAnalytics: [UEEditor.Rocket.Release] AnalyticsET::StartSession
[2015.12.01-13.08.20:693][  0]LogInit: Transaction tracking system initialized
[2015.12.01-13.08.20:718][  0]BlueprintLog: New page: Editor Load
[2015.12.01-13.08.20:802][  0]LocalizationService: Info Localization service is disabled
[2015.12.01-13.08.20:883][  0]LogConsoleResponse:Display: 
[2015.12.01-13.08.20:984][  0]LogCook:Display: Done creating registry. It took  0.00s.
[2015.12.01-13.08.21:046][  0]LogFileCache: Scanning file cache for directory 'C:/Users/Spellabbet/Documents/Unreal Projects/Balls-of-steel/BOS/Content/' took 0.01s
[2015.12.01-13.08.21:046][  0]SourceControl: Info Source control is disabled
[2015.12.01-13.08.21:047][  0]Cmd: MAP LOAD FILE="../../../../../../Users/Spellabbet/Documents/Unreal Projects/Balls-of-steel/BOS/Content/Maps/MainMenu.umap" TEMPLATE=0 SHOWPROGRESS=1 FEATURELEVEL=3
[2015.12.01-13.08.21:047][  0]LightingResults: New page: Lighting Build
[2015.12.01-13.08.21:050][  0]MapCheck: New page: Map Check
[2015.12.01-13.08.21:050][  0]LightingResults: New page: Lighting Build
[2015.12.01-13.08.21:064][  0]LogParticles: Destroying 0 GPU particle simulations for FXSystem 0x000000B6B3BCB6A0
[2015.12.01-13.08.21:172][  0]LogTexture:Display: Building textures: HQ_Lightmap1_2 (AutoDXT)
[2015.12.01-13.08.21:210][  0]LogAIModule: Creating AISystem for world MainMenu
[2015.12.01-13.08.21:218][  0]LogEditorServer: Finished looking for orphan Actors (0.000 secs)
[2015.12.01-13.08.21:219][  0]Cmd: MAP CHECKDEP NOCLEARLOG
[2015.12.01-13.08.21:263][  0]MapCheck: Info Map check complete: 0 Error(s), 0 Warning(s), took 44.267ms to complete.
[2015.12.01-13.08.21:263][  0]LogFileHelpers: Loading map 'MainMenu' took 0.217
[2015.12.01-13.08.21:359][  0]LogCollectionManager: Loaded 0 collections in 0.003012 seconds
[2015.12.01-13.08.21:404][  0]LogFileCache: Scanning file cache for directory 'C:/Users/Spellabbet/Documents/Unreal Projects/Balls-of-steel/BOS/Saved/Collections/' took 0.01s
[2015.12.01-13.08.21:404][  0]LogFileCache: Scanning file cache for directory 'C:/Users/Spellabbet/Documents/Unreal Projects/Balls-of-steel/BOS/Content/Developers/Spellabbet/Collections/' took 0.01s
[2015.12.01-13.08.21:404][  0]LogFileCache: Scanning file cache for directory 'C:/Users/Spellabbet/Documents/Unreal Projects/Balls-of-steel/BOS/Content/Collections/' took 0.01s
[2015.12.01-13.08.21:404][  0]LogContentBrowser: Native class hierarchy populated in 0.0109 seconds. Added 1875 classes and 335 folders.
[2015.12.01-13.08.21:410][  0]LogCollectionManager: Rebuilt the GUID cache for 0 collections in 0.000003 seconds
[2015.12.01-13.08.21:419][  0]LogContentBrowser: Native class hierarchy updated for 'WidgetCarousel' in 0.0015 seconds. Added 0 classes and 0 folders.
[2015.12.01-13.08.21:463][  0]LogContentBrowser: Native class hierarchy updated for 'AddContentDialog' in 0.0011 seconds. Added 0 classes and 0 folders.
[2015.12.01-13.08.21:472][  0]LogContentBrowser: Native class hierarchy updated for 'SceneOutliner' in 0.0016 seconds. Added 1 classes and 2 folders.
[2015.12.01-13.08.21:493][  0]LogCrashTracker: Crashtracker disabled due to settings.
[2015.12.01-13.08.21:498][  0]LogUObjectGlobals:Warning: Failed to find object 'Class None.'
[2015.12.01-13.08.21:521][  0]LogLoad: Full Startup: 5.51 seconds (BP compile: 0.05 seconds)
[2015.12.01-13.08.21:896][  0]LogContentStreaming: Texture pool size now 1000 MB
[2015.12.01-13.08.21:997][  0]LogRenderer: Reallocating scene render targets to support 1048x556 (Frame:2).
[2015.12.01-13.08.22:545][  2]LogAssetRegistry: Asset discovery search completed in 2.5382 seconds
[2015.12.01-13.08.22:545][  2]LogCollectionManager: Rebuilt the object cache for 0 collections in 0.000001 seconds (found 0 objects)
[2015.12.01-13.08.22:545][  2]LogCollectionManager: Fixed up redirectors for 0 collections in 0.000024 seconds (updated 0 objects)
[2015.12.01-13.08.49:907][320]LogAIModule: Creating AISystem for world Map1
[2015.12.01-13.08.49:917][320]LogActorComponent: UnregisterComponent: (/Engine/Transient.ProjectileComp) Not registered. Aborting.
[2015.12.01-13.08.49:917][320]LogActorComponent: UnregisterComponent: (/Engine/Transient.ProjectileMovementComponent_0) Not registered. Aborting.
[2015.12.01-13.08.49:938][320]Cmd: MAP LOAD FILE="../../../../../../Users/Spellabbet/Documents/Unreal Projects/Balls-of-steel/BOS/Content/Maps/Map1.umap" TEMPLATE=0 SHOWPROGRESS=1 FEATURELEVEL=3
[2015.12.01-13.08.49:938][320]LightingResults: New page: Lighting Build
[2015.12.01-13.08.49:952][320]LoadErrors: New page: Loading map: Map1.umap
[2015.12.01-13.08.49:953][320]MapCheck: New page: Map Check
[2015.12.01-13.08.49:953][320]LightingResults: New page: Lighting Build
[2015.12.01-13.08.49:962][320]LogParticles: Destroying 0 GPU particle simulations for FXSystem 0x000000B6A3E868E0
[2015.12.01-13.08.49:970][320]LogEditorServer: Finished looking for orphan Actors (0.000 secs)
[2015.12.01-13.08.50:014][320]Cmd: MAP CHECKDEP NOCLEARLOG
[2015.12.01-13.08.50:051][320]MapCheck: Info Map check complete: 0 Error(s), 0 Warning(s), took 36.699ms to complete.
[2015.12.01-13.08.50:051][320]LogFileHelpers: Loading map 'Map1' took 0.114
[2015.12.01-13.08.51:906][532]LogBlueprintUserMessages: Early PlayInEditor Detection: Level '/Game/Maps/Map1.Map1:PersistentLevel' has LevelScriptBlueprint '/Game/Maps/Map1.Map1:PersistentLevel.Map1' with GeneratedClass '/Game/Maps/Map1.Map1_C' with ClassGeneratedBy '/Game/Maps/Map1.Map1:PersistentLevel.Map1'
[2015.12.01-13.08.51:906][532]LogPlayLevel: PlayLevel: No blueprints needed recompiling
[2015.12.01-13.08.51:906][532]PIE: New page: PIE session: Map1 (Dec 1, 2015, 3:08:51 PM)
[2015.12.01-13.08.51:906][532]LogPlayLevel: Creating play world package: /Game/Maps/UEDPIE_0_Map1
[2015.12.01-13.08.51:935][532]LogPlayLevel: PIE: StaticDuplicateObject took: (0.029392s)
[2015.12.01-13.08.51:937][532]LogAIModule: Creating AISystem for world Map1
[2015.12.01-13.08.51:937][532]LogPlayLevel: PIE: World Init took: (0.001689s)
[2015.12.01-13.08.51:938][532]LogPlayLevel: PIE: Created PIE world by copying editor world from /Game/Maps/Map1.Map1 to /Game/Maps/UEDPIE_0_Map1.Map1 (0.031898s)
[2015.12.01-13.08.51:961][532]LogInit: XAudio2 using 'Speakers (4- High Definition Audio Device)' : 2 channels at 44.1 kHz using 16 bits per sample (channel mask 0x3)
[2015.12.01-13.08.51:968][532]LogInit: FAudioDevice initialized.
[2015.12.01-13.08.52:012][532]LogWorld: Game class is 'BOSGameMode'
[2015.12.01-13.08.52:017][532]LogWorld: Bringing World /Game/Maps/UEDPIE_0_Map1.Map1 up for play (max tick rate 0) at 2015.12.01-14.08.52
[2015.12.01-13.08.52:017][532]LogActor:Warning: GameSession /Game/Maps/UEDPIE_0_Map1.Map1:PersistentLevel.GameSession_0 has natively added scene component(s), but none of them were set as the actor's RootComponent - picking one arbitrarily
[2015.12.01-13.08.52:017][532]LogActor:Warning: GameNetworkManager /Game/Maps/UEDPIE_0_Map1.Map1:PersistentLevel.GameNetworkManager_0 has natively added scene component(s), but none of them were set as the actor's RootComponent - picking one arbitrarily
[2015.12.01-13.08.52:018][532]LogWorld: Bringing up level for play took: 0.005148
[2015.12.01-13.08.52:019][532]PIE: Info Play in editor start time for /Game/Maps/UEDPIE_0_Map1 0.051
[2015.12.01-13.08.52:020][532]LogBlueprintUserMessages: Late PlayInEditor Detection: Level '/Game/Maps/Map1.Map1:PersistentLevel' has LevelScriptBlueprint '/Game/Maps/Map1.Map1:PersistentLevel.Map1' with GeneratedClass '/Game/Maps/Map1.Map1_C' with ClassGeneratedBy '/Game/Maps/Map1.Map1:PersistentLevel.Map1'
[2015.12.01-13.09.01:639][682]LogBlueprintUserMessages: Early EndPlayMap Detection: Level '/Game/Maps/Map1.Map1:PersistentLevel' has LevelScriptBlueprint '/Game/Maps/Map1.Map1:PersistentLevel.Map1' with GeneratedClass '/Game/Maps/Map1.Map1_C' with ClassGeneratedBy '/Game/Maps/Map1.Map1:PersistentLevel.Map1'
[2015.12.01-13.09.01:674][682]LogBlueprintUserMessages: Late EndPlayMap Detection: Level '/Game/Maps/Map1.Map1:PersistentLevel' has LevelScriptBlueprint '/Game/Maps/Map1.Map1:PersistentLevel.Map1' with GeneratedClass '/Game/Maps/Map1.Map1_C' with ClassGeneratedBy '/Game/Maps/Map1.Map1:PersistentLevel.Map1'
[2015.12.01-13.09.01:686][682]LogParticles: Destroying 0 GPU particle simulations for FXSystem 0x000000B6A1ABC220
[2015.12.01-13.09.19:667][965]Recompiling BOS...
[2015.12.01-13.09.19:667][965]Launching UnrealBuildTool... [C:/Program Files/Epic Games/4.9/Engine/Binaries/DotNET/UnrealBuildTool.exe BOS -ModuleWithSuffix BOS 5484 Win64 Development -editorrecompile -canskiplink "C:/Users/Spellabbet/Documents/Unreal Projects/Balls-of-steel/BOS/BOS.uproject" -rocket  -rocket]
[2015.12.01-13.09.19:668][965]Warning: Starting HotReload took  0.0s.
[2015.12.01-13.09.40:753][476]CompilerResultsLog: New page: Compilation - Dec 1, 2015, 3:09:40 PM
[2015.12.01-13.09.40:753][476]CompilerResultsLog: Info Compiling game modules for hot reload
[2015.12.01-13.09.40:753][476]CompilerResultsLog: Info Performing 2 actions (4 in parallel)
[2015.12.01-13.09.40:753][476]CompilerResultsLog: Info BOSBall.cpp
[2015.12.01-13.09.40:753][476]CompilerResultsLog: Info [2/2] Link UE4Editor-BOS-5484.dll
[2015.12.01-13.09.40:753][476]CompilerResultsLog: Info    Creating library C:\Users\Spellabbet\Documents\Unreal Projects\Balls-of-steel\BOS\Intermediate/Build/Win64\UE4Editor\Development\UE4Editor-BOS-5484.lib and object C:\Users\Spellabbet\Documents\Unreal Projects\Balls-of-steel\BOS\Intermediate/Build/Win64\UE4Editor\Development\UE4Editor-BOS-5484.exp
[2015.12.01-13.09.40:754][476]CompilerResultsLog: Info -------- End Detailed Actions Stats -----------------------------------------------------------
[2015.12.01-13.09.40:754][476]CompilerResultsLog: Info Total build time: 21,06 seconds
[2015.12.01-13.09.40:754][476]LogMainFrame: MainFrame: Module compiling took 21.088 seconds
[2015.12.01-13.09.40:943][476]LogHotReload: Re-instancing BOSBall after hot-reload.
[2015.12.01-13.09.40:997][476]LogContentBrowser: Native class hierarchy updated for 'BOS' in 0.0010 seconds. Added 8 classes and 2 folders.
[2015.12.01-13.09.40:999][476]Warning: HotReload successful (12 functions remapped  0 scriptstructs remapped)
[2015.12.01-13.09.41:058][476]LogContentBrowser: Native class hierarchy populated in 0.0067 seconds. Added 1876 classes and 337 folders.
[2015.12.01-13.09.42:844][687]LogBlueprintUserMessages: Early PlayInEditor Detection: Level '/Game/Maps/Map1.Map1:PersistentLevel' has LevelScriptBlueprint '/Game/Maps/Map1.Map1:PersistentLevel.Map1' with GeneratedClass '/Game/Maps/Map1.Map1_C' with ClassGeneratedBy '/Game/Maps/Map1.Map1:PersistentLevel.Map1'
[2015.12.01-13.09.42:844][687]LogPlayLevel: PlayLevel: No blueprints needed recompiling
[2015.12.01-13.09.42:844][687]PIE: New page: PIE session: Map1 (Dec 1, 2015, 3:09:42 PM)
[2015.12.01-13.09.42:844][687]LogPlayLevel: Creating play world package: /Game/Maps/UEDPIE_0_Map1
[2015.12.01-13.09.42:870][687]LogPlayLevel: PIE: StaticDuplicateObject took: (0.026121s)
[2015.12.01-13.09.42:872][687]LogAIModule: Creating AISystem for world Map1
[2015.12.01-13.09.42:872][687]LogPlayLevel: PIE: World Init took: (0.001694s)
[2015.12.01-13.09.42:872][687]LogPlayLevel: PIE: Created PIE world by copying editor world from /Game/Maps/Map1.Map1 to /Game/Maps/UEDPIE_0_Map1.Map1 (0.028122s)
[2015.12.01-13.09.42:890][687]LogInit: XAudio2 using 'Speakers (4- High Definition Audio Device)' : 2 channels at 44.1 kHz using 16 bits per sample (channel mask 0x3)
[2015.12.01-13.09.42:895][687]LogInit: FAudioDevice initialized.
[2015.12.01-13.09.42:926][687]LogWorld: Game class is 'BOSGameMode'
[2015.12.01-13.09.42:931][687]LogWorld: Bringing World /Game/Maps/UEDPIE_0_Map1.Map1 up for play (max tick rate 0) at 2015.12.01-14.09.42
[2015.12.01-13.09.42:931][687]LogActor:Warning: GameSession /Game/Maps/UEDPIE_0_Map1.Map1:PersistentLevel.GameSession_1 has natively added scene component(s), but none of them were set as the actor's RootComponent - picking one arbitrarily
[2015.12.01-13.09.42:931][687]LogActor:Warning: GameNetworkManager /Game/Maps/UEDPIE_0_Map1.Map1:PersistentLevel.GameNetworkManager_1 has natively added scene component(s), but none of them were set as the actor's RootComponent - picking one arbitrarily
[2015.12.01-13.09.42:932][687]LogWorld: Bringing up level for play took: 0.004879
[2015.12.01-13.09.42:933][687]PIE: Info Play in editor start time for /Game/Maps/UEDPIE_0_Map1 0.965
[2015.12.01-13.09.42:933][687]LogBlueprintUserMessages: Late PlayInEditor Detection: Level '/Game/Maps/Map1.Map1:PersistentLevel' has LevelScriptBlueprint '/Game/Maps/Map1.Map1:PersistentLevel.Map1' with GeneratedClass '/Game/Maps/Map1.Map1_C' with ClassGeneratedBy '/Game/Maps/Map1.Map1:PersistentLevel.Map1'
[2015.12.01-13.09.45:768][ 16]LogBlueprintUserMessages: Early EndPlayMap Detection: Level '/Game/Maps/Map1.Map1:PersistentLevel' has LevelScriptBlueprint '/Game/Maps/Map1.Map1:PersistentLevel.Map1' with GeneratedClass '/Game/Maps/Map1.Map1_C' with ClassGeneratedBy '/Game/Maps/Map1.Map1:PersistentLevel.Map1'
[2015.12.01-13.09.45:798][ 16]LogBlueprintUserMessages: Late EndPlayMap Detection: Level '/Game/Maps/Map1.Map1:PersistentLevel' has LevelScriptBlueprint '/Game/Maps/Map1.Map1:PersistentLevel.Map1' with GeneratedClass '/Game/Maps/Map1.Map1_C' with ClassGeneratedBy '/Game/Maps/Map1.Map1:PersistentLevel.Map1'
[2015.12.01-13.09.45:808][ 16]LogParticles: Destroying 0 GPU particle simulations for FXSystem 0x000000B6CC986340
[2015.12.01-13.09.49:914][505]MapCheck: New page: Map Check
[2015.12.01-13.09.49:936][505]Cmd: MAP REBUILD ALLVISIBLE
[2015.12.01-13.09.49:936][505]LogEditorServer: Rebuildmap Clear paths rebuilt
[2015.12.01-13.09.49:956][505]LightingResults: New page: Lighting Build - Dec 1, 2015, 3:09:49 PM
[2015.12.01-13.09.52:904][505]LogStaticLightingSystem: Running Lightmass w/ ImmediateImport mode ENABLED
[2015.12.01-13.09.52:904][505]LogStaticLightingSystem: Running Lightmass w/ ImmediateProcess mode ENABLED
[2015.12.01-13.09.52:904][505]LogStaticLightingSystem: Running Lightmass w/ Sorting mode ENABLED
[2015.12.01-13.09.52:904][505]LogStaticLightingSystem: Running Lightmass w/ Mapping paddings ENABLED
[2015.12.01-13.09.52:904][505]LogStaticLightingSystem: Running Lightmass w/ Mapping debug paddings DISABLED
[2015.12.01-13.09.53:025][505]LogEditorBuildUtils: Build time 0:00:03
[2015.12.01-13.10.07:837][241]Job is a success!
[2015.12.01-13.10.08:217][243]LogTexture:Display: Building textures: SkyOcclusion1_1 (AutoDXT)
[2015.12.01-13.10.08:544][243]LogTexture:Display: Building textures: LQ_Lightmap_1_8 (DXT1)
[2015.12.01-13.10.08:545][243]LogTexture:Display: Building textures: HQ_Lightmap1_8 (AutoDXT)
[2015.12.01-13.10.08:547][243]LogTexture:Display: Building textures: SkyOcclusion1_8 (AutoDXT)
[2015.12.01-13.10.08:549][243]LogTexture:Display: Building textures: LQ_Lightmap_1_7 (DXT1)
[2015.12.01-13.10.08:552][243]LogTexture:Display: Building textures: HQ_Lightmap1_7 (AutoDXT)
[2015.12.01-13.10.08:552][243]LogTexture:Display: Building textures: SkyOcclusion1_7 (AutoDXT)
[2015.12.01-13.10.08:555][243]LogTexture:Display: Building textures: LQ_Lightmap_1_6 (DXT1)
[2015.12.01-13.10.08:556][243]LogTexture:Display: Building textures: HQ_Lightmap1_6 (AutoDXT)
[2015.12.01-13.10.08:559][243]LogTexture:Display: Building textures: SkyOcclusion1_6 (AutoDXT)
[2015.12.01-13.10.08:561][243]LogTexture:Display: Building textures: LQ_Lightmap_1_5 (DXT1)
[2015.12.01-13.10.08:564][243]LogTexture:Display: Building textures: HQ_Lightmap1_5 (AutoDXT)
[2015.12.01-13.10.08:572][243]LogTexture:Display: Building textures: SkyOcclusion1_5 (AutoDXT)
[2015.12.01-13.10.08:576][243]LogTexture:Display: Building textures: LQ_Lightmap_1_4 (DXT1)
[2015.12.01-13.10.08:579][243]LogTexture:Display: Building textures: HQ_Lightmap1_4 (AutoDXT)
[2015.12.01-13.10.08:587][243]LogTexture:Display: Building textures: SkyOcclusion1_4 (AutoDXT)
[2015.12.01-13.10.08:591][243]LogTexture:Display: Building textures: LQ_Lightmap_1_3 (DXT1)
[2015.12.01-13.10.08:594][243]LogTexture:Display: Building textures: HQ_Lightmap1_3 (AutoDXT)
[2015.12.01-13.10.08:599][243]LogTexture:Display: Building textures: SkyOcclusion1_3 (AutoDXT)
[2015.12.01-13.10.08:604][243]LogTexture:Display: Building textures: LQ_Lightmap_1_2 (DXT1)
[2015.12.01-13.10.08:606][243]LogTexture:Display: Building textures: HQ_Lightmap1_2 (AutoDXT)
[2015.12.01-13.10.08:613][243]LogTexture:Display: Building textures: SkyOcclusion1_2 (AutoDXT)
[2015.12.01-13.10.08:624][243]LogTexture:Display: Building textures: LQ_Lightmap_1_1 (DXT1)
[2015.12.01-13.10.08:817][243]LogTexture:Display: Building textures: HQ_Lightmap1_1 (AutoDXT)
[2015.12.01-13.10.10:057][243]LogTexture:Display: Building textures: ShadowMapTexture2D_0 (G8)
[2015.12.01-13.10.10:242][243]LogTexture:Display: Building textures: ShadowMapTexture2D_1 (G8)
[2015.12.01-13.10.10:259][243]LogTexture:Display: Building textures: ShadowMapTexture2D_10 (G8)
[2015.12.01-13.10.10:266][243]LogTexture:Display: Building textures: ShadowMapTexture2D_11 (G8)
[2015.12.01-13.10.10:268][243]LogTexture:Display: Building textures: ShadowMapTexture2D_12 (G8)
[2015.12.01-13.10.10:269][243]LogTexture:Display: Building textures: ShadowMapTexture2D_13 (G8)
[2015.12.01-13.10.10:270][243]LogTexture:Display: Building textures: ShadowMapTexture2D_14 (G8)
[2015.12.01-13.10.10:270][243]LogTexture:Display: Building textures: ShadowMapTexture2D_15 (G8)
[2015.12.01-13.10.10:290][243]Lightmass on SpellabbA332-13: 16.5 sec total, 97 ms importing, 1 ms setup, 1.20 sec photons, 15.2 sec processing, 0 ms extra exporting [9/9 mappings]. Threads: 1:46 min total, 14.9 sec processing.
[2015.12.01-13.10.10:307][243]LogStaticLightingSystem: Illumination: 20.3 sec (2.31 sec encoding lightmaps)
[2015.12.01-13.10.10:307][243]LogStaticLightingSystem: Lightmap texture memory:  5.4 MB (5.4 MB streaming, 0.0 MB non-streaming), 16 textures
[2015.12.01-13.10.10:307][243]LogStaticLightingSystem: Shadowmap texture memory: 3.4 MB (3.4 MB streaming, 0.0 MB non-streaming), 8 textures
[2015.12.01-13.10.10:930][244]Cmd: MAP CHECK NOTIFYRESULTS
[2015.12.01-13.10.10:931][244]MapCheck: New page: Map1 - Dec 1, 2015, 3:10:10 PM
[2015.12.01-13.10.10:936][244]MapCheck:Warning: Performance Warning FloorEdge Large actor receives a pre-shadow and will cause an extreme performance hit unless bCastDynamicShadow is set to false. 
[2015.12.01-13.10.10:936][244]MapCheck:Warning: Performance Warning FloorEdge2 Large actor receives a pre-shadow and will cause an extreme performance hit unless bCastDynamicShadow is set to false. 
[2015.12.01-13.10.10:936][244]MapCheck:Warning: Performance Warning FloorEdge3 Large actor receives a pre-shadow and will cause an extreme performance hit unless bCastDynamicShadow is set to false. 
[2015.12.01-13.10.10:937][244]MapCheck:Warning: Performance Warning FloorEdge4 Large actor receives a pre-shadow and will cause an extreme performance hit unless bCastDynamicShadow is set to false. 
[2015.12.01-13.10.10:937][244]MapCheck:Error: Error EditorCube17_7 Component is a static type but has invalid lightmap settings!  Indirect lighting will be black.  Common causes are lightmap resolution of 0, LightmapCoordinateIndex out of bounds. 
[2015.12.01-13.10.10:937][244]MapCheck:Warning: Warning EditorCube17_7 Static mesh actor has NULL StaticMesh property 
[2015.12.01-13.10.10:938][244]MapCheck:Warning: Warning EditorCube17_7 Static mesh actor has NULL StaticMesh property 
[2015.12.01-13.10.11:008][244]MapCheck: Info Map check complete: 1 Error(s), 6 Warning(s), took 77.531ms to complete.
[2015.12.01-13.10.32:053][733]LogBlueprintUserMessages: Early PlayInEditor Detection: Level '/Game/Maps/Map1.Map1:PersistentLevel' has LevelScriptBlueprint '/Game/Maps/Map1.Map1:PersistentLevel.Map1' with GeneratedClass '/Game/Maps/Map1.Map1_C' with ClassGeneratedBy '/Game/Maps/Map1.Map1:PersistentLevel.Map1'
[2015.12.01-13.10.32:053][733]LogPlayLevel: PlayLevel: No blueprints needed recompiling
[2015.12.01-13.10.32:054][733]PIE: New page: PIE session: Map1 (Dec 1, 2015, 3:10:32 PM)
[2015.12.01-13.10.32:054][733]LogPlayLevel: Creating play world package: /Game/Maps/UEDPIE_0_Map1
[2015.12.01-13.10.32:142][733]LogPlayLevel: PIE: StaticDuplicateObject took: (0.088114s)
[2015.12.01-13.10.32:143][733]LogAIModule: Creating AISystem for world Map1
[2015.12.01-13.10.32:143][733]LogPlayLevel: PIE: World Init took: (0.001607s)
[2015.12.01-13.10.32:144][733]LogPlayLevel: PIE: Created PIE world by copying editor world from /Game/Maps/Map1.Map1 to /Game/Maps/UEDPIE_0_Map1.Map1 (0.089999s)
[2015.12.01-13.10.32:163][733]LogInit: XAudio2 using 'Speakers (4- High Definition Audio Device)' : 2 channels at 44.1 kHz using 16 bits per sample (channel mask 0x3)
[2015.12.01-13.10.32:168][733]LogInit: FAudioDevice initialized.
[2015.12.01-13.10.32:202][733]LogWorld: Game class is 'BOSGameMode'
[2015.12.01-13.10.32:208][733]LogWorld: Bringing World /Game/Maps/UEDPIE_0_Map1.Map1 up for play (max tick rate 0) at 2015.12.01-14.10.32
[2015.12.01-13.10.32:208][733]LogActor:Warning: GameSession /Game/Maps/UEDPIE_0_Map1.Map1:PersistentLevel.GameSession_2 has natively added scene component(s), but none of them were set as the actor's RootComponent - picking one arbitrarily
[2015.12.01-13.10.32:208][733]LogActor:Warning: GameNetworkManager /Game/Maps/UEDPIE_0_Map1.Map1:PersistentLevel.GameNetworkManager_2 has natively added scene component(s), but none of them were set as the actor's RootComponent - picking one arbitrarily
[2015.12.01-13.10.32:209][733]LogWorld: Bringing up level for play took: 0.005426
[2015.12.01-13.10.32:210][733]PIE: Info Play in editor start time for /Game/Maps/UEDPIE_0_Map1 0.242
[2015.12.01-13.10.32:210][733]LogBlueprintUserMessages: Late PlayInEditor Detection: Level '/Game/Maps/Map1.Map1:PersistentLevel' has LevelScriptBlueprint '/Game/Maps/Map1.Map1:PersistentLevel.Map1' with GeneratedClass '/Game/Maps/Map1.Map1_C' with ClassGeneratedBy '/Game/Maps/Map1.Map1:PersistentLevel.Map1'
[2015.12.01-13.11.04:564][583]LogBlueprintUserMessages: Early EndPlayMap Detection: Level '/Game/Maps/Map1.Map1:PersistentLevel' has LevelScriptBlueprint '/Game/Maps/Map1.Map1:PersistentLevel.Map1' with GeneratedClass '/Game/Maps/Map1.Map1_C' with ClassGeneratedBy '/Game/Maps/Map1.Map1:PersistentLevel.Map1'
[2015.12.01-13.11.04:608][583]LogBlueprintUserMessages: Late EndPlayMap Detection: Level '/Game/Maps/Map1.Map1:PersistentLevel' has LevelScriptBlueprint '/Game/Maps/Map1.Map1:PersistentLevel.Map1' with GeneratedClass '/Game/Maps/Map1.Map1_C' with ClassGeneratedBy '/Game/Maps/Map1.Map1:PersistentLevel.Map1'
[2015.12.01-13.11.04:623][583]LogParticles: Destroying 0 GPU particle simulations for FXSystem 0x000000B6B01E0EA0
[2015.12.01-13.11.05:542][692]MapCheck: New page: Map Check
[2015.12.01-13.11.05:556][692]Cmd: MAP REBUILD ALLVISIBLE
[2015.12.01-13.11.05:556][692]LogEditorServer: Rebuildmap Clear paths rebuilt
[2015.12.01-13.11.05:652][692]MapCheck:Warning: Warning WorldSettings Hierarchical LOD System is disabled or no HLOD level settings available, unable to build LOD actors. 
[2015.12.01-13.11.05:652][692]LogStats:          STAT_HLOD_BuildClusters - 19.483 ms
[2015.12.01-13.11.05:652][692]LightingResults: New page: Lighting Build - Dec 1, 2015, 3:11:05 PM
[2015.12.01-13.11.10:195][692]LogStaticLightingSystem: Running Lightmass w/ ImmediateImport mode ENABLED
[2015.12.01-13.11.10:195][692]LogStaticLightingSystem: Running Lightmass w/ ImmediateProcess mode ENABLED
[2015.12.01-13.11.10:196][692]LogStaticLightingSystem: Running Lightmass w/ Sorting mode ENABLED
[2015.12.01-13.11.10:196][692]LogStaticLightingSystem: Running Lightmass w/ Mapping paddings ENABLED
[2015.12.01-13.11.10:196][692]LogStaticLightingSystem: Running Lightmass w/ Mapping debug paddings DISABLED
[2015.12.01-13.11.10:291][692]LogEditorBuildUtils: Build time 0:00:04
[2015.12.01-13.11.25:467][457]Job is a success!
[2015.12.01-13.11.25:834][458]LogTexture:Display: Building textures: SkyOcclusion0_1 (AutoDXT)
[2015.12.01-13.11.26:106][458]LogTexture:Display: Building textures: LQ_Lightmap_0_8 (DXT1)
[2015.12.01-13.11.26:108][458]LogTexture:Display: Building textures: HQ_Lightmap0_8 (AutoDXT)
[2015.12.01-13.11.26:111][458]LogTexture:Display: Building textures: SkyOcclusion0_8 (AutoDXT)
[2015.12.01-13.11.26:112][458]LogTexture:Display: Building textures: LQ_Lightmap_0_7 (DXT1)
[2015.12.01-13.11.26:115][458]LogTexture:Display: Building textures: HQ_Lightmap0_7 (AutoDXT)
[2015.12.01-13.11.26:116][458]LogTexture:Display: Building textures: SkyOcclusion0_7 (AutoDXT)
[2015.12.01-13.11.26:118][458]LogTexture:Display: Building textures: LQ_Lightmap_0_6 (DXT1)
[2015.12.01-13.11.26:119][458]LogTexture:Display: Building textures: HQ_Lightmap0_6 (AutoDXT)
[2015.12.01-13.11.26:122][458]LogTexture:Display: Building textures: SkyOcclusion0_6 (AutoDXT)
[2015.12.01-13.11.26:123][458]LogTexture:Display: Building textures: LQ_Lightmap_0_5 (DXT1)
[2015.12.01-13.11.26:125][458]LogTexture:Display: Building textures: HQ_Lightmap0_5 (AutoDXT)
[2015.12.01-13.11.26:132][458]LogTexture:Display: Building textures: SkyOcclusion0_5 (AutoDXT)
[2015.12.01-13.11.26:136][458]LogTexture:Display: Building textures: LQ_Lightmap_0_4 (DXT1)
[2015.12.01-13.11.26:139][458]LogTexture:Display: Building textures: HQ_Lightmap0_4 (AutoDXT)
[2015.12.01-13.11.26:147][458]LogTexture:Display: Building textures: SkyOcclusion0_4 (AutoDXT)
[2015.12.01-13.11.26:151][458]LogTexture:Display: Building textures: LQ_Lightmap_0_3 (DXT1)
[2015.12.01-13.11.26:154][458]LogTexture:Display: Building textures: HQ_Lightmap0_3 (AutoDXT)
[2015.12.01-13.11.26:161][458]LogTexture:Display: Building textures: SkyOcclusion0_3 (AutoDXT)
[2015.12.01-13.11.26:165][458]LogTexture:Display: Building textures: LQ_Lightmap_0_2 (DXT1)
[2015.12.01-13.11.26:168][458]LogTexture:Display: Building textures: HQ_Lightmap0_2 (AutoDXT)
[2015.12.01-13.11.26:176][458]LogTexture:Display: Building textures: SkyOcclusion0_2 (AutoDXT)
[2015.12.01-13.11.26:186][458]LogTexture:Display: Building textures: LQ_Lightmap_0_1 (DXT1)
[2015.12.01-13.11.26:381][458]LogTexture:Display: Building textures: HQ_Lightmap0_1 (AutoDXT)
[2015.12.01-13.11.27:579][458]LogTexture:Display: Building textures: ShadowMapTexture2D_16 (G8)
[2015.12.01-13.11.27:725][458]LogTexture:Display: Building textures: ShadowMapTexture2D_17 (G8)
[2015.12.01-13.11.27:743][458]LogTexture:Display: Building textures: ShadowMapTexture2D_18 (G8)
[2015.12.01-13.11.27:745][458]LogTexture:Display: Building textures: ShadowMapTexture2D_19 (G8)
[2015.12.01-13.11.27:832][458]LogTexture:Display: Building textures: ShadowMapTexture2D_20 (G8)
[2015.12.01-13.11.27:835][458]LogTexture:Display: Building textures: ShadowMapTexture2D_21 (G8)
[2015.12.01-13.11.27:837][458]LogTexture:Display: Building textures: ShadowMapTexture2D_22 (G8)
[2015.12.01-13.11.27:839][458]LogTexture:Display: Building textures: ShadowMapTexture2D_23 (G8)
[2015.12.01-13.11.27:877][458]Lightmass on SpellabbA332-13: 16.4 sec total, 96 ms importing, 1 ms setup, 1.24 sec photons, 15.1 sec processing, 0 ms extra exporting [9/9 mappings]. Threads: 1:45 min total, 15.1 sec processing.
[2015.12.01-13.11.27:889][458]LogStaticLightingSystem: Illumination: 22.2 sec (2.27 sec encoding lightmaps)
[2015.12.01-13.11.27:889][458]LogStaticLightingSystem: Lightmap texture memory:  5.4 MB (5.4 MB streaming, 0.0 MB non-streaming), 16 textures
[2015.12.01-13.11.27:889][458]LogStaticLightingSystem: Shadowmap texture memory: 6.7 MB (6.7 MB streaming, 0.0 MB non-streaming), 16 textures
[2015.12.01-13.11.28:216][459]Cmd: MAP CHECK NOTIFYRESULTS
[2015.12.01-13.11.28:217][459]MapCheck: New page: Map1 - Dec 1, 2015, 3:11:28 PM
[2015.12.01-13.11.28:218][459]MapCheck:Warning: Performance Warning FloorEdge Large actor receives a pre-shadow and will cause an extreme performance hit unless bCastDynamicShadow is set to false. 
[2015.12.01-13.11.28:218][459]MapCheck:Warning: Performance Warning FloorEdge2 Large actor receives a pre-shadow and will cause an extreme performance hit unless bCastDynamicShadow is set to false. 
[2015.12.01-13.11.28:219][459]MapCheck:Warning: Performance Warning FloorEdge3 Large actor receives a pre-shadow and will cause an extreme performance hit unless bCastDynamicShadow is set to false. 
[2015.12.01-13.11.28:219][459]MapCheck:Warning: Performance Warning FloorEdge4 Large actor receives a pre-shadow and will cause an extreme performance hit unless bCastDynamicShadow is set to false. 
[2015.12.01-13.11.28:219][459]MapCheck:Warning: Warning EditorCube17_7 Static mesh actor has NULL StaticMesh property 
[2015.12.01-13.11.28:220][459]MapCheck:Warning: Warning EditorCube17_7 Static mesh actor has NULL StaticMesh property 
[2015.12.01-13.11.28:286][459]MapCheck: Info Map check complete: 0 Error(s), 6 Warning(s), took 69.761ms to complete.
[2015.12.01-13.11.33:412][ 52]LogBlueprintUserMessages: Early PlayInEditor Detection: Level '/Game/Maps/Map1.Map1:PersistentLevel' has LevelScriptBlueprint '/Game/Maps/Map1.Map1:PersistentLevel.Map1' with GeneratedClass '/Game/Maps/Map1.Map1_C' with ClassGeneratedBy '/Game/Maps/Map1.Map1:PersistentLevel.Map1'
[2015.12.01-13.11.33:412][ 52]LogPlayLevel: PlayLevel: No blueprints needed recompiling
[2015.12.01-13.11.33:412][ 52]PIE: New page: PIE session: Map1 (Dec 1, 2015, 3:11:33 PM)
[2015.12.01-13.11.33:413][ 52]LogPlayLevel: Creating play world package: /Game/Maps/UEDPIE_0_Map1
[2015.12.01-13.11.33:431][ 52]LogPlayLevel: PIE: StaticDuplicateObject took: (0.018936s)
[2015.12.01-13.11.33:433][ 52]LogAIModule: Creating AISystem for world Map1
[2015.12.01-13.11.33:433][ 52]LogPlayLevel: PIE: World Init took: (0.001599s)
[2015.12.01-13.11.33:433][ 52]LogPlayLevel: PIE: Created PIE world by copying editor world from /Game/Maps/Map1.Map1 to /Game/Maps/UEDPIE_0_Map1.Map1 (0.020886s)
[2015.12.01-13.11.33:452][ 52]LogInit: XAudio2 using 'Speakers (4- High Definition Audio Device)' : 2 channels at 44.1 kHz using 16 bits per sample (channel mask 0x3)
[2015.12.01-13.11.33:457][ 52]LogInit: FAudioDevice initialized.
[2015.12.01-13.11.33:494][ 52]LogWorld: Game class is 'BOSGameMode'
[2015.12.01-13.11.33:500][ 52]LogWorld: Bringing World /Game/Maps/UEDPIE_0_Map1.Map1 up for play (max tick rate 0) at 2015.12.01-14.11.33
[2015.12.01-13.11.33:500][ 52]LogActor:Warning: GameSession /Game/Maps/UEDPIE_0_Map1.Map1:PersistentLevel.GameSession_3 has natively added scene component(s), but none of them were set as the actor's RootComponent - picking one arbitrarily
[2015.12.01-13.11.33:500][ 52]LogActor:Warning: GameNetworkManager /Game/Maps/UEDPIE_0_Map1.Map1:PersistentLevel.GameNetworkManager_3 has natively added scene component(s), but none of them were set as the actor's RootComponent - picking one arbitrarily
[2015.12.01-13.11.33:500][ 52]LogWorld: Bringing up level for play took: 0.005155
[2015.12.01-13.11.33:502][ 52]PIE: Info Play in editor start time for /Game/Maps/UEDPIE_0_Map1 -0.466
[2015.12.01-13.11.33:502][ 52]LogBlueprintUserMessages: Late PlayInEditor Detection: Level '/Game/Maps/Map1.Map1:PersistentLevel' has LevelScriptBlueprint '/Game/Maps/Map1.Map1:PersistentLevel.Map1' with GeneratedClass '/Game/Maps/Map1.Map1_C' with ClassGeneratedBy '/Game/Maps/Map1.Map1:PersistentLevel.Map1'
[2015.12.01-13.11.56:191][741]LogBlueprintUserMessages: Early EndPlayMap Detection: Level '/Game/Maps/Map1.Map1:PersistentLevel' has LevelScriptBlueprint '/Game/Maps/Map1.Map1:PersistentLevel.Map1' with GeneratedClass '/Game/Maps/Map1.Map1_C' with ClassGeneratedBy '/Game/Maps/Map1.Map1:PersistentLevel.Map1'
[2015.12.01-13.11.56:239][741]LogBlueprintUserMessages: Late EndPlayMap Detection: Level '/Game/Maps/Map1.Map1:PersistentLevel' has LevelScriptBlueprint '/Game/Maps/Map1.Map1:PersistentLevel.Map1' with GeneratedClass '/Game/Maps/Map1.Map1_C' with ClassGeneratedBy '/Game/Maps/Map1.Map1:PersistentLevel.Map1'
[2015.12.01-13.11.56:250][741]LogParticles: Destroying 0 GPU particle simulations for FXSystem 0x000000B6E78EE200
[2015.12.01-13.12.21:992][ 56]Recompiling BOS...
[2015.12.01-13.12.21:993][ 56]Launching UnrealBuildTool... [C:/Program Files/Epic Games/4.9/Engine/Binaries/DotNET/UnrealBuildTool.exe BOS -ModuleWithSuffix BOS 2242 Win64 Development -editorrecompile -canskiplink "C:/Users/Spellabbet/Documents/Unreal Projects/Balls-of-steel/BOS/BOS.uproject" -rocket  -rocket]
[2015.12.01-13.12.21:994][ 56]Warning: Starting HotReload took  0.0s.
[2015.12.01-13.12.43:762][649]CompilerResultsLog: New page: Compilation - Dec 1, 2015, 3:12:43 PM
[2015.12.01-13.12.43:762][649]CompilerResultsLog: Info Compiling game modules for hot reload
[2015.12.01-13.12.43:762][649]CompilerResultsLog: Info Performing 2 actions (4 in parallel)
[2015.12.01-13.12.43:762][649]CompilerResultsLog: Info BOSBall.cpp
[2015.12.01-13.12.43:762][649]CompilerResultsLog: Info [2/2] Link UE4Editor-BOS-2242.dll
[2015.12.01-13.12.43:762][649]CompilerResultsLog: Info    Creating library C:\Users\Spellabbet\Documents\Unreal Projects\Balls-of-steel\BOS\Intermediate/Build/Win64\UE4Editor\Development\UE4Editor-BOS-2242.lib and object C:\Users\Spellabbet\Documents\Unreal Projects\Balls-of-steel\BOS\Intermediate/Build/Win64\UE4Editor\Development\UE4Editor-BOS-2242.exp
[2015.12.01-13.12.43:762][649]CompilerResultsLog: Info -------- End Detailed Actions Stats -----------------------------------------------------------
[2015.12.01-13.12.43:762][649]CompilerResultsLog: Info Total build time: 21,74 seconds
[2015.12.01-13.12.43:762][649]LogMainFrame: MainFrame: Module compiling took 21.773 seconds
[2015.12.01-13.12.43:792][649]LogHotReload: Re-instancing BOSBall after hot-reload.
[2015.12.01-13.12.43:845][649]LogContentBrowser: Native class hierarchy updated for 'BOS' in 0.0010 seconds. Added 8 classes and 2 folders.
[2015.12.01-13.12.43:846][649]Warning: HotReload successful (12 functions remapped  0 scriptstructs remapped)
[2015.12.01-13.12.43:916][649]LogContentBrowser: Native class hierarchy populated in 0.0068 seconds. Added 1876 classes and 337 folders.
[2015.12.01-13.12.54:054][862]LogBlueprintUserMessages: Early PlayInEditor Detection: Level '/Game/Maps/Map1.Map1:PersistentLevel' has LevelScriptBlueprint '/Game/Maps/Map1.Map1:PersistentLevel.Map1' with GeneratedClass '/Game/Maps/Map1.Map1_C' with ClassGeneratedBy '/Game/Maps/Map1.Map1:PersistentLevel.Map1'
[2015.12.01-13.12.54:054][862]LogPlayLevel: PlayLevel: No blueprints needed recompiling
[2015.12.01-13.12.54:054][862]PIE: New page: PIE session: Map1 (Dec 1, 2015, 3:12:54 PM)
[2015.12.01-13.12.54:054][862]LogPlayLevel: Creating play world package: /Game/Maps/UEDPIE_0_Map1
[2015.12.01-13.12.54:096][862]LogPlayLevel: PIE: StaticDuplicateObject took: (0.042351s)
[2015.12.01-13.12.54:097][862]LogAIModule: Creating AISystem for world Map1
[2015.12.01-13.12.54:097][862]LogPlayLevel: PIE: World Init took: (0.001043s)
[2015.12.01-13.12.54:098][862]LogPlayLevel: PIE: Created PIE world by copying editor world from /Game/Maps/Map1.Map1 to /Game/Maps/UEDPIE_0_Map1.Map1 (0.043638s)
[2015.12.01-13.12.54:120][862]LogInit: XAudio2 using 'Speakers (4- High Definition Audio Device)' : 2 channels at 44.1 kHz using 16 bits per sample (channel mask 0x3)
[2015.12.01-13.12.54:125][862]LogInit: FAudioDevice initialized.
[2015.12.01-13.12.54:156][862]LogWorld: Game class is 'BOSGameMode'
[2015.12.01-13.12.54:161][862]LogWorld: Bringing World /Game/Maps/UEDPIE_0_Map1.Map1 up for play (max tick rate 0) at 2015.12.01-14.12.54
[2015.12.01-13.12.54:161][862]LogActor:Warning: GameSession /Game/Maps/UEDPIE_0_Map1.Map1:PersistentLevel.GameSession_4 has natively added scene component(s), but none of them were set as the actor's RootComponent - picking one arbitrarily
[2015.12.01-13.12.54:161][862]LogActor:Warning: GameNetworkManager /Game/Maps/UEDPIE_0_Map1.Map1:PersistentLevel.GameNetworkManager_4 has natively added scene component(s), but none of them were set as the actor's RootComponent - picking one arbitrarily
[2015.12.01-13.12.54:162][862]LogWorld: Bringing up level for play took: 0.004936
[2015.12.01-13.12.54:163][862]PIE: Info Play in editor start time for /Game/Maps/UEDPIE_0_Map1 0.195
[2015.12.01-13.12.54:163][862]LogBlueprintUserMessages: Late PlayInEditor Detection: Level '/Game/Maps/Map1.Map1:PersistentLevel' has LevelScriptBlueprint '/Game/Maps/Map1.Map1:PersistentLevel.Map1' with GeneratedClass '/Game/Maps/Map1.Map1_C' with ClassGeneratedBy '/Game/Maps/Map1.Map1:PersistentLevel.Map1'
[2015.12.01-13.12.55:782][ 46]LogBlueprintUserMessages: Early EndPlayMap Detection: Level '/Game/Maps/Map1.Map1:PersistentLevel' has LevelScriptBlueprint '/Game/Maps/Map1.Map1:PersistentLevel.Map1' with GeneratedClass '/Game/Maps/Map1.Map1_C' with ClassGeneratedBy '/Game/Maps/Map1.Map1:PersistentLevel.Map1'
[2015.12.01-13.12.55:827][ 46]LogBlueprintUserMessages: Late EndPlayMap Detection: Level '/Game/Maps/Map1.Map1:PersistentLevel' has LevelScriptBlueprint '/Game/Maps/Map1.Map1:PersistentLevel.Map1' with GeneratedClass '/Game/Maps/Map1.Map1_C' with ClassGeneratedBy '/Game/Maps/Map1.Map1:PersistentLevel.Map1'
[2015.12.01-13.12.55:838][ 46]LogParticles: Destroying 0 GPU particle simulations for FXSystem 0x000000B6AAAE2FC0
[2015.12.01-13.12.58:369][344]LogBlueprintUserMessages: Early PlayInEditor Detection: Level '/Game/Maps/Map1.Map1:PersistentLevel' has LevelScriptBlueprint '/Game/Maps/Map1.Map1:PersistentLevel.Map1' with GeneratedClass '/Game/Maps/Map1.Map1_C' with ClassGeneratedBy '/Game/Maps/Map1.Map1:PersistentLevel.Map1'
[2015.12.01-13.12.58:370][344]LogPlayLevel: PlayLevel: No blueprints needed recompiling
[2015.12.01-13.12.58:370][344]PIE: New page: PIE session: Map1 (Dec 1, 2015, 3:12:58 PM)
[2015.12.01-13.12.58:370][344]LogPlayLevel: Creating play world package: /Game/Maps/UEDPIE_0_Map1
[2015.12.01-13.12.58:391][344]LogPlayLevel: PIE: StaticDuplicateObject took: (0.021296s)
[2015.12.01-13.12.58:392][344]LogAIModule: Creating AISystem for world Map1
[2015.12.01-13.12.58:392][344]LogPlayLevel: PIE: World Init took: (0.000943s)
[2015.12.01-13.12.58:392][344]LogPlayLevel: PIE: Created PIE world by copying editor world from /Game/Maps/Map1.Map1 to /Game/Maps/UEDPIE_0_Map1.Map1 (0.022524s)
[2015.12.01-13.12.58:411][344]LogInit: XAudio2 using 'Speakers (4- High Definition Audio Device)' : 2 channels at 44.1 kHz using 16 bits per sample (channel mask 0x3)
[2015.12.01-13.12.58:416][344]LogInit: FAudioDevice initialized.
[2015.12.01-13.12.58:447][344]LogWorld: Game class is 'BOSGameMode'
[2015.12.01-13.12.58:452][344]LogWorld: Bringing World /Game/Maps/UEDPIE_0_Map1.Map1 up for play (max tick rate 0) at 2015.12.01-14.12.58
[2015.12.01-13.12.58:452][344]LogActor:Warning: GameSession /Game/Maps/UEDPIE_0_Map1.Map1:PersistentLevel.GameSession_5 has natively added scene component(s), but none of them were set as the actor's RootComponent - picking one arbitrarily
[2015.12.01-13.12.58:453][344]LogActor:Warning: GameNetworkManager /Game/Maps/UEDPIE_0_Map1.Map1:PersistentLevel.GameNetworkManager_5 has natively added scene component(s), but none of them were set as the actor's RootComponent - picking one arbitrarily
[2015.12.01-13.12.58:453][344]LogWorld: Bringing up level for play took: 0.005145
[2015.12.01-13.12.58:454][344]PIE: Info Play in editor start time for /Game/Maps/UEDPIE_0_Map1 0.486
[2015.12.01-13.12.58:455][344]LogBlueprintUserMessages: Late PlayInEditor Detection: Level '/Game/Maps/Map1.Map1:PersistentLevel' has LevelScriptBlueprint '/Game/Maps/Map1.Map1:PersistentLevel.Map1' with GeneratedClass '/Game/Maps/Map1.Map1_C' with ClassGeneratedBy '/Game/Maps/Map1.Map1:PersistentLevel.Map1'
[2015.12.01-13.12.59:748][496]LogBlueprintUserMessages: Early EndPlayMap Detection: Level '/Game/Maps/Map1.Map1:PersistentLevel' has LevelScriptBlueprint '/Game/Maps/Map1.Map1:PersistentLevel.Map1' with GeneratedClass '/Game/Maps/Map1.Map1_C' with ClassGeneratedBy '/Game/Maps/Map1.Map1:PersistentLevel.Map1'
[2015.12.01-13.12.59:796][496]LogBlueprintUserMessages: Late EndPlayMap Detection: Level '/Game/Maps/Map1.Map1:PersistentLevel' has LevelScriptBlueprint '/Game/Maps/Map1.Map1:PersistentLevel.Map1' with GeneratedClass '/Game/Maps/Map1.Map1_C' with ClassGeneratedBy '/Game/Maps/Map1.Map1:PersistentLevel.Map1'
[2015.12.01-13.12.59:811][496]LogParticles: Destroying 0 GPU particle simulations for FXSystem 0x000000B712EEF380
[2015.12.01-13.13.00:846][617]Cmd: OBJ SAVEPACKAGE PACKAGE="/Game/Maps/Map1" FILE="../../../../../../Users/Spellabbet/Documents/Unreal Projects/Balls-of-steel/BOS/Content/Maps/Map1.umap" SILENT=true AUTOSAVING=false KEEPDIRTY=false
[2015.12.01-13.13.01:322][617]LogSavePackage: Save=461.236084ms
[2015.12.01-13.13.01:322][617]LogSavePackage: Moving '../../../../../../Users/Spellabbet/Documents/Unreal Projects/Balls-of-steel/BOS/Saved/Map16A3B3B6A45191D7312A142B9FEA7B1E9.tmp' to '../../../../../../Users/Spellabbet/Documents/Unreal Projects/Balls-of-steel/BOS/Content/Maps/Map1.umap'
[2015.12.01-13.13.01:325][617]LogSavePackage: Total save time: 467.602715ms
[2015.12.01-13.13.01:325][617]LogSavePackage:Warning: Finished SavePackage ../../../../../../Users/Spellabbet/Documents/Unreal Projects/Balls-of-steel/BOS/Content/Maps/Map1.umap
[2015.12.01-13.13.01:985][676]LogWindowsTextInputMethodSystem:Display: IME system now deactivated.
[2015.12.01-13.13.02:216][677]Cmd: QUIT_EDITOR
[2015.12.01-13.13.03:006][677]LogExit: Preparing to exit.
[2015.12.01-13.13.04:050][677]LogExit: Editor shut down
[2015.12.01-13.13.04:051][677]LogExit: Transaction tracking system shut down
[2015.12.01-13.13.04:052][677]LogParticles: Destroying 0 GPU particle simulations for FXSystem 0x000000B6A13BC900
[2015.12.01-13.13.04:052][677]LogParticles: Destroying 0 GPU particle simulations for FXSystem 0x000000B6A1BE8900
[2015.12.01-13.13.04:052][677]LogParticles: Destroying 0 GPU particle simulations for FXSystem 0x000000B6CCA75B20
[2015.12.01-13.13.04:052][677]LogParticles: Destroying 0 GPU particle simulations for FXSystem 0x000000B6CCA75940
[2015.12.01-13.13.04:053][677]LogParticles: Destroying 0 GPU particle simulations for FXSystem 0x000000B6A3E85440
[2015.12.01-13.13.04:160][677]LogExit: Object subsystem successfully closed.
[2015.12.01-13.13.04:176][677]LogD3D11RHI: Shutdown
[2015.12.01-13.13.04:176][677]LogD3D11RHI: CleanupD3DDevice
[2015.12.01-13.13.04:215][677]LogD3D11RHI: ~FD3D11DynamicRHI
[2015.12.01-13.13.04:233][677]LogModuleManager: Shutting down and abandoning module CrashTracker (198)
[2015.12.01-13.13.04:233][677]LogModuleManager: Shutting down and abandoning module SceneOutliner (197)
[2015.12.01-13.13.04:233][677]LogModuleManager: Shutting down and abandoning module SuperSearch (196)
[2015.12.01-13.13.04:233][677]LogModuleManager: Shutting down and abandoning module WidgetCarousel (195)
[2015.12.01-13.13.04:233][677]LogModuleManager: Shutting down and abandoning module AddContentDialog (194)
[2015.12.01-13.13.04:234][677]LogModuleManager: Shutting down and abandoning module EditorWidgets (193)
[2015.12.01-13.13.04:234][677]LogModuleManager: Shutting down and abandoning module CollectionManager (192)
[2015.12.01-13.13.04:235][677]LogModuleManager: Shutting down and abandoning module StatsViewer (191)
[2015.12.01-13.13.04:235][677]LogModuleManager: Shutting down and abandoning module FoliageEdit (190)
[2015.12.01-13.13.04:235][677]LogModuleManager: Shutting down and abandoning module LandscapeEditor (189)
[2015.12.01-13.13.04:235][677]LogModuleManager: Shutting down and abandoning module ActorPickerMode (188)
[2015.12.01-13.13.04:235][677]LogModuleManager: Shutting down and abandoning module GeometryMode (187)
[2015.12.01-13.13.04:235][677]LogModuleManager: Shutting down and abandoning module TextureAlignMode (186)
[2015.12.01-13.13.04:235][677]LogModuleManager: Shutting down and abandoning module BspMode (185)
[2015.12.01-13.13.04:235][677]LogModuleManager: Shutting down and abandoning module PlacementMode (184)
[2015.12.01-13.13.04:235][677]LogModuleManager: Shutting down and abandoning module AutomationWorker (183)
[2015.12.01-13.13.04:235][677]LogModuleManager: Shutting down and abandoning module CharacterAI (182)
[2015.12.01-13.13.04:235][677]LogModuleManager: Shutting down and abandoning module SmartSnapping (181)
[2015.12.01-13.13.04:235][677]LogModuleManager: Shutting down and abandoning module ViewportSnapping (180)
[2015.12.01-13.13.04:235][677]LogModuleManager: Shutting down and abandoning module LogVisualizer (179)
[2015.12.01-13.13.04:235][677]LogModuleManager: Shutting down and abandoning module GameProjectGeneration (178)
[2015.12.01-13.13.04:235][677]LogModuleManager: Shutting down and abandoning module IntroTutorials (177)
[2015.12.01-13.13.04:235][677]LogModuleManager: Shutting down and abandoning module EditorLiveStreaming (176)
[2015.12.01-13.13.04:235][677]LogModuleManager: Shutting down and abandoning module IOSPlatformEditor (175)
[2015.12.01-13.13.04:235][677]LogModuleManager: Shutting down and abandoning module HTML5PlatformEditor (174)
[2015.12.01-13.13.04:235][677]LogModuleManager: Shutting down and abandoning module AndroidDeviceDetection (173)
[2015.12.01-13.13.05:015][677]LogModuleManager: Shutting down and abandoning module AndroidPlatformEditor (172)
[2015.12.01-13.13.05:015][677]LogModuleManager: Shutting down and abandoning module IOSRuntimeSettings (171)
[2015.12.01-13.13.05:015][677]LogModuleManager: Shutting down and abandoning module AndroidRuntimeSettings (170)
[2015.12.01-13.13.05:015][677]LogModuleManager: Shutting down and abandoning module MergeActors (169)
[2015.12.01-13.13.05:015][677]LogModuleManager: Shutting down and abandoning module SizeMap (168)
[2015.12.01-13.13.05:015][677]LogModuleManager: Shutting down and abandoning module TreeMap (167)
[2015.12.01-13.13.05:015][677]LogModuleManager: Shutting down and abandoning module ReferenceViewer (166)
[2015.12.01-13.13.05:015][677]LogModuleManager: Shutting down and abandoning module LocalizationService (165)
[2015.12.01-13.13.05:015][677]LogModuleManager: Shutting down and abandoning module LocalizationDashboard (164)
[2015.12.01-13.13.05:015][677]LogModuleManager: Shutting down and abandoning module HardwareTargeting (163)
[2015.12.01-13.13.05:015][677]LogModuleManager: Shutting down and abandoning module DeviceProfileEditor (162)
[2015.12.01-13.13.05:015][677]LogModuleManager: Shutting down and abandoning module UndoHistory (161)
[2015.12.01-13.13.05:015][677]LogModuleManager: Shutting down and abandoning module GameplayTagsEditor (160)
[2015.12.01-13.13.05:015][677]LogModuleManager: Shutting down and abandoning module UserFeedback (159)
[2015.12.01-13.13.05:015][677]LogModuleManager: Shutting down and abandoning module XmlParser (158)
[2015.12.01-13.13.05:015][677]LogModuleManager: Shutting down and abandoning module Blutility (157)
[2015.12.01-13.13.05:015][677]LogModuleManager: Shutting down and abandoning module ProjectTargetPlatformEditor (156)
[2015.12.01-13.13.05:016][677]LogModuleManager: Shutting down and abandoning module ProjectSettingsViewer (155)
[2015.12.01-13.13.05:016][677]LogModuleManager: Shutting down and abandoning module InputBindingEditor (154)
[2015.12.01-13.13.05:016][677]LogModuleManager: Shutting down and abandoning module EditorSettingsViewer (153)
[2015.12.01-13.13.05:016][677]LogModuleManager: Shutting down and abandoning module SettingsEditor (152)
[2015.12.01-13.13.05:016][677]LogModuleManager: Shutting down and abandoning module ProjectLauncher (151)
[2015.12.01-13.13.05:016][677]LogModuleManager: Shutting down and abandoning module SessionFrontend (150)
[2015.12.01-13.13.05:016][677]LogModuleManager: Shutting down and abandoning module ProfilerClient (149)
[2015.12.01-13.13.05:016][677]LogModuleManager: Shutting down and abandoning module TargetDeviceServices (148)
[2015.12.01-13.13.05:016][677]LogModuleManager: Shutting down and abandoning module DeviceManager (147)
[2015.12.01-13.13.05:017][677]LogModuleManager: Shutting down and abandoning module AutomationController (146)
[2015.12.01-13.13.05:017][677]LogModuleManager: Shutting down and abandoning module AutomationWindow (145)
[2015.12.01-13.13.05:017][677]LogModuleManager: Shutting down and abandoning module Layers (144)
[2015.12.01-13.13.05:017][677]LogModuleManager: Shutting down and abandoning module ComponentVisualizers (143)
[2015.12.01-13.13.05:017][677]LogModuleManager: Shutting down and abandoning module DetailCustomizations (142)
[2015.12.01-13.13.05:017][677]LogModuleManager: Shutting down and abandoning module PackagesDialog (141)
[2015.12.01-13.13.05:018][677]LogModuleManager: Shutting down and abandoning module Persona (140)
[2015.12.01-13.13.05:018][677]LogModuleManager: Shutting down and abandoning module Kismet (139)
[2015.12.01-13.13.05:018][677]LogModuleManager: Shutting down and abandoning module GraphEditor (138)
[2015.12.01-13.13.05:018][677]LogModuleManager: Shutting down and abandoning module ClassViewer (137)
[2015.12.01-13.13.05:018][677]LogModuleManager: Shutting down and abandoning module Toolbox (136)
[2015.12.01-13.13.05:018][677]LogModuleManager: Shutting down and abandoning module ModuleUI (135)
[2015.12.01-13.13.05:018][677]LogModuleManager: Shutting down and abandoning module MovieSceneTools (134)
[2015.12.01-13.13.05:018][677]LogModuleManager: Shutting down and abandoning module OutputLog (133)
[2015.12.01-13.13.05:018][677]LogModuleManager: Shutting down and abandoning module GammaUI (132)
[2015.12.01-13.13.05:018][677]LogModuleManager: Shutting down and abandoning module Documentation (131)
[2015.12.01-13.13.05:018][677]LogModuleManager: Shutting down and abandoning module GameLiveStreaming (130)
[2015.12.01-13.13.05:018][677]LogModuleManager: Shutting down and abandoning module StreamingPauseRendering (129)
[2015.12.01-13.13.05:018][677]LogModuleManager: Shutting down and abandoning module AnalyticsET (128)
[2015.12.01-13.13.05:018][677]LogModuleManager: Shutting down and abandoning module Analytics (127)
[2015.12.01-13.13.05:019][677]LogModuleManager: Shutting down and abandoning module AITestSuite (126)
[2015.12.01-13.13.05:019][677]LogModuleManager: Shutting down and abandoning module GameplayDebugger (125)
[2015.12.01-13.13.05:019][677]LogModuleManager: Shutting down and abandoning module AIModule (124)
[2015.12.01-13.13.05:019][677]LogModuleManager: Shutting down and abandoning module ProfilerService (123)
[2015.12.01-13.13.05:028][677]LogModuleManager: Shutting down and abandoning module TaskGraph (122)
[2015.12.01-13.13.05:028][677]LogModuleManager: Shutting down and abandoning module SlateRemote (121)
[2015.12.01-13.13.05:028][677]LogModuleManager: Shutting down and abandoning module SteamVRController (120)
[2015.12.01-13.13.05:028][677]LogModuleManager: Shutting down and abandoning module SteamVR (119)
[2015.12.01-13.13.05:028][677]LogModuleManager: Shutting down and abandoning module ProceduralMeshComponent (118)
[2015.12.01-13.13.05:028][677]LogModuleManager: Shutting down and abandoning module OculusRift (117)
[2015.12.01-13.13.05:028][677]LogModuleManager: Shutting down and abandoning module OculusLibrary (116)
[2015.12.01-13.13.05:028][677]LogModuleManager: Shutting down and abandoning module LeapMotionController (115)
[2015.12.01-13.13.05:049][677]LogModuleManager: Shutting down and abandoning module CustomMeshComponent (114)
[2015.12.01-13.13.05:049][677]LogModuleManager: Shutting down and abandoning module CableComponent (113)
[2015.12.01-13.13.05:049][677]LogModuleManager: Shutting down and abandoning module ArchVisCharacter (112)
[2015.12.01-13.13.05:049][677]LogModuleManager: Shutting down and abandoning module MessagingDebugger (111)
[2015.12.01-13.13.05:049][677]LogModuleManager: Shutting down and abandoning module MediaPlayerEditor (110)
[2015.12.01-13.13.05:050][677]LogModuleManager: Shutting down and abandoning module HTML5Networking (109)
[2015.12.01-13.13.05:050][677]LogModuleManager: Shutting down and abandoning module SpeedTreeImporter (108)
[2015.12.01-13.13.05:050][677]LogModuleManager: Shutting down and abandoning module PluginBrowser (107)
[2015.12.01-13.13.05:050][677]LogModuleManager: Shutting down and abandoning module EpicSurvey (106)
[2015.12.01-13.13.05:050][677]LogModuleManager: Shutting down and abandoning module DesktopPlatform (105)
[2015.12.01-13.13.05:050][677]LogModuleManager: Shutting down and abandoning module VisualStudioSourceCodeAccess (104)
[2015.12.01-13.13.05:050][677]LogModuleManager: Shutting down and abandoning module UObjectPlugin (103)
[2015.12.01-13.13.05:050][677]LogModuleManager: Shutting down and abandoning module SubversionSourceControl (102)
[2015.12.01-13.13.05:050][677]LogModuleManager: Shutting down and abandoning module PerforceSourceControl (101)
[2015.12.01-13.13.05:050][677]LogModuleManager: Shutting down and abandoning module SourceControl (100)
[2015.12.01-13.13.05:050][677]LogModuleManager: Shutting down and abandoning module GitSourceControl (99)
[2015.12.01-13.13.05:050][677]LogModuleManager: Shutting down and abandoning module LightPropagationVolumeEditor (98)
[2015.12.01-13.13.05:050][677]LogModuleManager: Shutting down and abandoning module PaperTiledImporter (97)
[2015.12.01-13.13.05:050][677]LogModuleManager: Shutting down and abandoning module PaperSpriteSheetImporter (96)
[2015.12.01-13.13.05:050][677]LogModuleManager: Shutting down and abandoning module MeshPaint (95)
[2015.12.01-13.13.05:050][677]LogModuleManager: Shutting down and abandoning module SlateReflector (94)
[2015.12.01-13.13.05:050][677]LogModuleManager: Shutting down and abandoning module HotReload (93)
[2015.12.01-13.13.05:050][677]LogModuleManager: Shutting down and abandoning module MainFrame (92)
[2015.12.01-13.13.05:050][677]LogModuleManager: Shutting down and abandoning module LevelEditor (91)
[2015.12.01-13.13.05:052][677]LogModuleManager: Shutting down and abandoning module DirectoryWatcher (90)
[2015.12.01-13.13.05:053][677]LogModuleManager: Shutting down and abandoning module AssetRegistry (89)
[2015.12.01-13.13.05:112][677]LogModuleManager: Shutting down and abandoning module ContentBrowser (88)
[2015.12.01-13.13.05:112][677]LogModuleManager: Shutting down and abandoning module Paper2DEditor (87)
[2015.12.01-13.13.05:112][677]LogModuleManager: Shutting down and abandoning module BOS (86)
[2015.12.01-13.13.05:112][677]LogModuleManager: Shutting down and abandoning module UdpMessaging (85)
[2015.12.01-13.13.05:213][677]LogModuleManager: Shutting down and abandoning module LightPropagationVolumeRuntime (84)
[2015.12.01-13.13.05:213][677]LogModuleManager: Shutting down and abandoning module Paper2D (83)
[2015.12.01-13.13.05:213][677]LogModuleManager: Shutting down and abandoning module WindowsMoviePlayer (82)
[2015.12.01-13.13.05:224][677]LogModuleManager: Shutting down and abandoning module Media (81)
[2015.12.01-13.13.05:224][677]LogModuleManager: Shutting down and abandoning module WmfMedia (80)
[2015.12.01-13.13.05:225][677]LogModuleManager: Shutting down and abandoning module OnlineBlueprintSupport (79)
[2015.12.01-13.13.05:225][677]LogModuleManager: Shutting down and abandoning module GameplayTasksEditor (78)
[2015.12.01-13.13.05:225][677]LogModuleManager: Shutting down and abandoning module PropertyEditor (77)
[2015.12.01-13.13.05:225][677]LogModuleManager: Shutting down and abandoning module BehaviorTreeEditor (76)
[2015.12.01-13.13.05:225][677]LogModuleManager: Shutting down and abandoning module FunctionalTesting (75)
[2015.12.01-13.13.05:225][677]LogModuleManager: Shutting down and abandoning module CollisionAnalyzer (74)
[2015.12.01-13.13.05:225][677]LogModuleManager: Shutting down and abandoning module WorkspaceMenuStructure (73)
[2015.12.01-13.13.05:225][677]LogModuleManager: Shutting down and abandoning module MessageLog (72)
[2015.12.01-13.13.05:225][677]LogModuleManager: Shutting down and abandoning module Sequencer (71)
[2015.12.01-13.13.05:225][677]LogModuleManager: Shutting down and abandoning module AssetTools (70)
[2015.12.01-13.13.05:226][677]LogModuleManager: Shutting down and abandoning module UMGEditor (69)
[2015.12.01-13.13.05:226][677]LogModuleManager: Shutting down and abandoning module UMG (68)
[2015.12.01-13.13.05:226][677]LogModuleManager: Shutting down and abandoning module Slate (67)
[2015.12.01-13.13.05:226][677]LogModuleManager: Shutting down and abandoning module EditorStyle (66)
[2015.12.01-13.13.05:231][677]LogModuleManager: Shutting down and abandoning module SessionServices (65)
[2015.12.01-13.13.05:231][677]LogModuleManager: Shutting down and abandoning module SourceCodeAccess (64)
[2015.12.01-13.13.05:231][677]LogModuleManager: Shutting down and abandoning module HeadMountedDisplay (63)
[2015.12.01-13.13.05:231][677]LogModuleManager: Shutting down and abandoning module XAudio2 (62)
[2015.12.01-13.13.05:231][677]LogModuleManager: Shutting down and abandoning module Networking (60)
[2015.12.01-13.13.05:231][677]LogModuleManager: Shutting down and abandoning module Core (59)
[2015.12.01-13.13.05:231][677]LogModuleManager: Shutting down and abandoning module KismetCompiler (58)
[2015.12.01-13.13.05:231][677]LogModuleManager: Shutting down and abandoning module PhysXFormats (57)
[2015.12.01-13.13.05:231][677]LogModuleManager: Shutting down and abandoning module MeshUtilities (56)
[2015.12.01-13.13.05:231][677]LogModuleManager: Shutting down and abandoning module CookingStats (55)
[2015.12.01-13.13.05:234][677]LogModuleManager: Shutting down and abandoning module DerivedDataCache (54)
[2015.12.01-13.13.05:254][677]LogDerivedDataCache: Shutdown
[2015.12.01-13.13.05:254][677]LogModuleManager: Shutting down and abandoning module ShaderFormatOpenGL (53)
[2015.12.01-13.13.05:254][677]LogModuleManager: Shutting down and abandoning module ShaderFormatD3D (52)
[2015.12.01-13.13.05:254][677]LogModuleManager: Shutting down and abandoning module MetalShaderFormat (51)
[2015.12.01-13.13.05:254][677]LogModuleManager: Shutting down and abandoning module TextureFormatUncompressed (50)
[2015.12.01-13.13.05:254][677]LogModuleManager: Shutting down and abandoning module TextureFormatPVR (49)
[2015.12.01-13.13.05:254][677]LogModuleManager: Shutting down and abandoning module TextureFormatIntelISPCTexComp (48)
[2015.12.01-13.13.05:254][677]LogModuleManager: Shutting down and abandoning module TextureFormatDXT (47)
[2015.12.01-13.13.05:254][677]LogModuleManager: Shutting down and abandoning module ImageWrapper (46)
[2015.12.01-13.13.05:254][677]LogModuleManager: Shutting down and abandoning module TextureFormatASTC (45)
[2015.12.01-13.13.05:254][677]LogModuleManager: Shutting down and abandoning module TextureFormatAndroid (44)
[2015.12.01-13.13.05:254][677]LogModuleManager: Shutting down and abandoning module AudioFormatOpus (43)
[2015.12.01-13.13.05:254][677]LogModuleManager: Shutting down and abandoning module AudioFormatOgg (42)
[2015.12.01-13.13.05:254][677]LogModuleManager: Shutting down and abandoning module AudioFormatADPCM (41)
[2015.12.01-13.13.05:254][677]LogModuleManager: Shutting down and abandoning module LinuxTargetPlatform (40)
[2015.12.01-13.13.05:254][677]LogModuleManager: Shutting down and abandoning module LinuxServerTargetPlatform (39)
[2015.12.01-13.13.05:254][677]LogModuleManager: Shutting down and abandoning module LinuxNoEditorTargetPlatform (38)
[2015.12.01-13.13.05:254][677]LogModuleManager: Shutting down and abandoning module Messaging (37)
[2015.12.01-13.13.05:254][677]LogModuleManager: Shutting down and abandoning module IOSTargetPlatform (36)
[2015.12.01-13.13.05:254][677]LogModuleManager: Shutting down and abandoning module HTML5TargetPlatform (35)
[2015.12.01-13.13.05:254][677]LogModuleManager: Shutting down and abandoning module Android_PVRTCTargetPlatform (34)
[2015.12.01-13.13.05:254][677]LogModuleManager: Shutting down and abandoning module Android_ETC2TargetPlatform (33)
[2015.12.01-13.13.05:254][677]LogModuleManager: Shutting down and abandoning module Android_ETC1TargetPlatform (32)
[2015.12.01-13.13.05:254][677]LogModuleManager: Shutting down and abandoning module Android_DXTTargetPlatform (31)
[2015.12.01-13.13.05:254][677]LogModuleManager: Shutting down and abandoning module Android_ATCTargetPlatform (30)
[2015.12.01-13.13.05:254][677]LogModuleManager: Shutting down and abandoning module Android_ASTCTargetPlatform (29)
[2015.12.01-13.13.05:254][677]LogModuleManager: Shutting down and abandoning module AndroidTargetPlatform (28)
[2015.12.01-13.13.05:254][677]LogModuleManager: Shutting down and abandoning module WindowsTargetPlatform (27)
[2015.12.01-13.13.05:254][677]LogModuleManager: Shutting down and abandoning module WindowsServerTargetPlatform (26)
[2015.12.01-13.13.05:254][677]LogModuleManager: Shutting down and abandoning module WindowsNoEditorTargetPlatform (25)
[2015.12.01-13.13.05:254][677]LogModuleManager: Shutting down and abandoning module WindowsClientTargetPlatform (24)
[2015.12.01-13.13.05:254][677]LogModuleManager: Shutting down and abandoning module AllDesktopTargetPlatform (23)
[2015.12.01-13.13.05:254][677]LogModuleManager: Shutting down and abandoning module TargetPlatform (22)
[2015.12.01-13.13.05:254][677]LogModuleManager: Shutting down and abandoning module InputCore (21)
[2015.12.01-13.13.05:254][677]LogModuleManager: Shutting down and abandoning module Settings (20)
[2015.12.01-13.13.05:255][677]LogModuleManager: Shutting down and abandoning module OnlineSubsystem (18)
[2015.12.01-13.13.05:255][677]LogModuleManager: Shutting down and abandoning module HTTP (17)
[2015.12.01-13.13.06:256][677]LogModuleManager: Shutting down and abandoning module XMPP (16)
[2015.12.01-13.13.06:256][677]LogModuleManager: Shutting down and abandoning module ExampleDeviceProfileSelector (15)
[2015.12.01-13.13.06:256][677]LogModuleManager: Shutting down and abandoning module TextureCompressor (14)
[2015.12.01-13.13.06:256][677]LogModuleManager: Shutting down and abandoning module ShaderCore (13)
[2015.12.01-13.13.06:256][677]LogModuleManager: Shutting down and abandoning module Landscape (12)
[2015.12.01-13.13.06:256][677]LogModuleManager: Shutting down and abandoning module SlateRHIRenderer (11)
[2015.12.01-13.13.06:257][677]LogModuleManager: Shutting down and abandoning module OpenGLDrv (10)
[2015.12.01-13.13.06:257][677]LogModuleManager: Shutting down and abandoning module D3D11RHI (9)
[2015.12.01-13.13.06:257][677]LogModuleManager: Shutting down and abandoning module AnimGraphRuntime (8)
[2015.12.01-13.13.06:257][677]LogModuleManager: Shutting down and abandoning module Renderer (7)
[2015.12.01-13.13.06:257][677]LogModuleManager: Shutting down and abandoning module Engine (6)
[2015.12.01-13.13.06:257][677]LogModuleManager: Shutting down and abandoning module CoreUObject (5)
[2015.12.01-13.13.06:257][677]LogModuleManager: Shutting down and abandoning module NetworkFile (4)
[2015.12.01-13.13.06:257][677]LogModuleManager: Shutting down and abandoning module StreamingFile (3)
[2015.12.01-13.13.06:257][677]LogModuleManager: Shutting down and abandoning module SandboxFile (2)
[2015.12.01-13.13.06:257][677]LogModuleManager: Shutting down and abandoning module PakFile (1)
[2015.12.01-13.13.06:258][677]LogExit: Exiting.
[2015.12.01-13.13.06:278][677]Log file closed, 12/01/15 14:13:06
