[2015.11.08-14.00.59:614][  0]Log file open, 11/08/15 15:00:59
[2015.11.08-14.00.59:614][  0]LogInit:Display: Running engine for game: BOS
[2015.11.08-14.00.59:614][  0]LogInit:Display: RandInit(1409910591) SRandInit(1409910591).
[2015.11.08-14.00.59:614][  0]LogTaskGraph: Started task graph with 4 named threads and 5 total threads.
[2015.11.08-14.00.59:614][  0]LogStats: Stats thread started at 0.055603
[2015.11.08-14.00.59:614][  0]LogInit: Version: 4.9.2-2707645+++depot+UE4-Releases+4.9
[2015.11.08-14.00.59:614][  0]LogInit: API Version: 2672455
[2015.11.08-14.00.59:614][  0]LogInit: Compiled (64-bit): Sep 28 2015 10:25:44
[2015.11.08-14.00.59:614][  0]LogInit: Compiled with Visual C++: 18.00.21005.01
[2015.11.08-14.00.59:614][  0]LogInit: Build Configuration: Development
[2015.11.08-14.00.59:614][  0]LogInit: Branch Name: ++depot+UE4-Releases+4.9
[2015.11.08-14.00.59:614][  0]LogInit: Command line:  
[2015.11.08-14.00.59:614][  0]LogInit: Base directory: C:/Program Files/Epic Games/4.9/Engine/Binaries/Win64/
[2015.11.08-14.00.59:614][  0]LogInit: Rocket: 1
[2015.11.08-14.00.59:633][  0]LogInit: Using libcurl 7.41.0
[2015.11.08-14.00.59:633][  0]LogInit:  - built for x86_64-pc-win32
[2015.11.08-14.00.59:633][  0]LogInit:  - supports SSL with WinSSL
[2015.11.08-14.00.59:633][  0]LogInit:  - other features:
[2015.11.08-14.00.59:633][  0]LogInit:      CURL_VERSION_SSL
[2015.11.08-14.00.59:633][  0]LogInit:      CURL_VERSION_IPV6
[2015.11.08-14.00.59:633][  0]LogInit:      CURL_VERSION_ASYNCHDNS
[2015.11.08-14.00.59:633][  0]LogInit:      CURL_VERSION_LARGEFILE
[2015.11.08-14.00.59:633][  0]LogInit:      CURL_VERSION_IDN
[2015.11.08-14.00.59:633][  0]LogInit:  CurlRequestOptions (configurable via config and command line):
[2015.11.08-14.00.59:633][  0]LogInit:  - bVerifyPeer = true  - Libcurl will verify peer certificate
[2015.11.08-14.00.59:633][  0]LogInit:  - bUseHttpProxy = false  - Libcurl will NOT use HTTP proxy
[2015.11.08-14.00.59:633][  0]LogInit:  - bDontReuseConnections = false  - Libcurl will reuse connections
[2015.11.08-14.00.59:633][  0]LogInit:  - CertBundlePath = nullptr  - Libcurl will use whatever was configured at build time.
[2015.11.08-14.00.59:644][  0]LogInit: Presizing for 0 objects not considered by GC, pre-allocating 0 bytes.
[2015.11.08-14.00.59:654][  0]LogInit: Object subsystem initialized
[2015.11.08-14.00.59:656][  0]LogInit: Selected Device Profile: [Windows]
[2015.11.08-14.00.59:656][  0]LogInit: Applying CVar settings loaded from the selected device profile: [Windows]
[2015.11.08-14.00.59:666][  0]LogInit: Computer: STOFFEPC
[2015.11.08-14.00.59:666][  0]LogInit: User: Stoffe
[2015.11.08-14.00.59:666][  0]LogInit: CPU Page size=4096, Cores=2
[2015.11.08-14.00.59:666][  0]LogInit: High frequency timer resolution =3.222683 MHz
[2015.11.08-14.00.59:666][  0]LogMemory: Memory total: Physical=7.9GB (8GB approx)
[2015.11.08-14.00.59:666][  0]LogMemory: Platform Memory Stats for Windows
[2015.11.08-14.00.59:666][  0]LogMemory: Process Physical Memory: 52.30 MB used, 52.30 MB peak
[2015.11.08-14.00.59:666][  0]LogMemory: Process Virtual Memory: 54.91 MB used, 54.91 MB peak
[2015.11.08-14.00.59:666][  0]LogMemory: Physical Memory: 5484.27 MB used, 8126.94 MB total
[2015.11.08-14.00.59:666][  0]LogMemory: Virtual Memory: 347.52 MB used, 134217728.00 MB total
[2015.11.08-14.00.59:692][  0]LogTextLocalizationManager: No translations for ('sv-SE') exist, falling back to 'en' for localization and internationalization data.
[2015.11.08-14.01.00:602][  0]LogD3D11RHI: Found D3D11 adapter 0: AMD Radeon HD 7800 Series (Feature Level 11_0)
[2015.11.08-14.01.00:602][  0]LogD3D11RHI: Adapter has 2030MB of dedicated video memory, 0MB of dedicated system memory, and 3840MB of shared system memory, 2 output[s]
[2015.11.08-14.01.00:603][  0]LogD3D11RHI: Found D3D11 adapter 1: Microsoft Basic Render Driver (Feature Level 11_0)
[2015.11.08-14.01.00:603][  0]LogD3D11RHI: Adapter has 0MB of dedicated video memory, 0MB of dedicated system memory, and 256MB of shared system memory, 0 output[s]
[2015.11.08-14.01.00:603][  0]LogD3D11RHI: Chosen D3D11 Adapter Id = 0
[2015.11.08-14.01.00:606][  0]LogD3D11RHI: !Direct3DDevice
[2015.11.08-14.01.00:606][  0]LogRHI: Texture pool is 1361 MB (70% of 1945 MB)
[2015.11.08-14.01.00:610][  0]LogD3D11RHI: Async texture creation disabled: no driver support
[2015.11.08-14.01.00:620][  0]LogShaderCompilers: Guid format shader working directory is 15 characters bigger than the processId version (../../../../../../Users/Stoffe/Documents/GitHub/Balls-of-steel/BOS/Intermediate/Shaders/WorkingDirectory/6460/).
[2015.11.08-14.01.00:620][  0]LogShaderCompilers: Cleaned the shader compiler working directory '../../../../../../Users/Stoffe/Documents/GitHub/Balls-of-steel/BOS/Intermediate/Shaders/tmp/A017EB8F4D1810C3F41C0D970D26028E/'.
[2015.11.08-14.01.00:620][  0]LogShaderCompilers:Display: Using Local Shader Compiler.
[2015.11.08-14.01.01:996][  0]LogTemp:Display: Loaded TP AllDesktopTargetPlatform
[2015.11.08-14.01.02:002][  0]LogTemp:Display: Loaded TP WindowsClientTargetPlatform
[2015.11.08-14.01.02:008][  0]LogTemp:Display: Loaded TP WindowsNoEditorTargetPlatform
[2015.11.08-14.01.02:014][  0]LogTemp:Display: Loaded TP WindowsServerTargetPlatform
[2015.11.08-14.01.02:019][  0]LogTemp:Display: Loaded TP WindowsTargetPlatform
[2015.11.08-14.01.02:023][  0]LogTemp:Display: Loaded TP AndroidTargetPlatform
[2015.11.08-14.01.02:026][  0]LogTemp:Display: Loaded TP Android_ASTCTargetPlatform
[2015.11.08-14.01.02:029][  0]LogTemp:Display: Loaded TP Android_ATCTargetPlatform
[2015.11.08-14.01.02:033][  0]LogTemp:Display: Loaded TP Android_DXTTargetPlatform
[2015.11.08-14.01.02:036][  0]LogTemp:Display: Loaded TP Android_ETC1TargetPlatform
[2015.11.08-14.01.02:040][  0]LogTemp:Display: Loaded TP Android_ETC2TargetPlatform
[2015.11.08-14.01.02:043][  0]LogTemp:Display: Loaded TP Android_PVRTCTargetPlatform
[2015.11.08-14.01.02:044][  0]LogTemp:Display: Loaded TP HTML5TargetPlatform
[2015.11.08-14.01.02:062][  0]LogTemp:Display: Loaded TP IOSTargetPlatform
[2015.11.08-14.01.02:065][  0]LogTemp:Display: Loaded TP LinuxNoEditorTargetPlatform
[2015.11.08-14.01.02:069][  0]LogTemp:Display: Loaded TP LinuxServerTargetPlatform
[2015.11.08-14.01.02:073][  0]LogTemp:Display: Loaded TP LinuxTargetPlatform
[2015.11.08-14.01.02:073][  0]LogTargetPlatformManager:Display: Building Assets For Windows
[2015.11.08-14.01.02:163][  0]LogDerivedDataCache:Display: Max Cache Size: 512 MB
[2015.11.08-14.01.02:214][  0]LogDerivedDataCache: Loaded boot cache 0.05s 47MB C:/Users/Stoffe/AppData/Local/UnrealEngine/4.9/DerivedDataCache/Boot.ddc.
[2015.11.08-14.01.02:214][  0]LogDerivedDataCache:Display: Loaded Boot cache: C:/Users/Stoffe/AppData/Local/UnrealEngine/4.9/DerivedDataCache/Boot.ddc
[2015.11.08-14.01.02:214][  0]LogDerivedDataCache: FDerivedDataBackendGraph:  Pak pak cache file ../../../../../../Users/Stoffe/Documents/GitHub/Balls-of-steel/BOS/DerivedDataCache/DDC.ddp not found, will not use a pak cache.
[2015.11.08-14.01.02:214][  0]LogDerivedDataCache: Unable to find inner node Pak for hierarchical cache Hierarchy.
[2015.11.08-14.01.02:214][  0]LogDerivedDataCache: FDerivedDataBackendGraph:  CompressedPak pak cache file ../../../../../../Users/Stoffe/Documents/GitHub/Balls-of-steel/BOS/DerivedDataCache/Compressed.ddp not found, will not use a pak cache.
[2015.11.08-14.01.02:214][  0]LogDerivedDataCache: Unable to find inner node CompressedPak for hierarchical cache Hierarchy.
[2015.11.08-14.01.02:381][  0]LogDerivedDataCache:Display: Pak cache opened for reading ../../../Engine/DerivedDataCache/Compressed.ddp.
[2015.11.08-14.01.02:392][  0]LogDerivedDataCache: Using Local data cache path C:/Users/Stoffe/AppData/Local/UnrealEngine/Common/DerivedDataCache: Writable
[2015.11.08-14.01.02:606][  0]LogInit: Selected Device Profile: [Windows]
[2015.11.08-14.01.02:610][  0]LogContentStreaming: Texture pool size is 0.000000MB
[2015.11.08-14.01.02:750][  0]LogMeshUtilities: No automatic mesh reduction module available
[2015.11.08-14.01.02:750][  0]LogMeshUtilities: No automatic mesh merging module available
[2015.11.08-14.01.03:017][  0]LogInit: WinSock: version 1.1 (2.2), MaxSocks=32767, MaxUdp=65467
[2015.11.08-14.01.03:719][  0]UdpMessaging: Initializing bridge on interface 0.0.0.0:0 to multicast group 230.0.0.1:6666.
[2015.11.08-14.01.03:785][  0]LogLinker:Warning: Asset '../../../../../../Users/Stoffe/Documents/GitHub/Balls-of-steel/BOS/Content/Rolling/Meshes/BallMesh.uasset' has been saved with empty engine version. The asset will be loaded but may be incompatible.
[2015.11.08-14.01.03:786][  0]LogLinker:Warning: Asset '../../../../../../Users/Stoffe/Documents/GitHub/Balls-of-steel/BOS/Content/Rolling/Materials/M_Blue_Checker.uasset' has been saved with empty engine version. The asset will be loaded but may be incompatible.
[2015.11.08-14.01.03:787][  0]LogLinker:Warning: Asset '../../../../../../Users/Stoffe/Documents/GitHub/Balls-of-steel/BOS/Content/Rolling/Materials/PM_Ball.uasset' has been saved with empty engine version. The asset will be loaded but may be incompatible.
[2015.11.08-14.01.03:972][  0]LogAssetRegistry: FAssetRegistry took 0.0113 seconds to start up
[2015.11.08-14.01.04:175][  0]SourceControl: Info Source control is disabled
[2015.11.08-14.01.04:310][  0]SourceControl: Info Source control is disabled
[2015.11.08-14.01.04:321][  0]SourceControl: Info Source control is disabled
[2015.11.08-14.01.04:332][  0]SourceControl: Info Source control is disabled
[2015.11.08-14.01.04:474][  0]LogLinker:Warning: Asset '../../../Engine/Plugins/Runtime/LeapMotionController/Content/LM_PassthroughMaterial.uasset' has been saved with empty engine version. The asset will be loaded but may be incompatible.
[2015.11.08-14.01.04:552][  0]LogObj: 30436 objects as part of root set at end of initial load.
[2015.11.08-14.01.04:552][  0]LogUObjectAllocator: 6776464 out of 0 bytes used by permanent object pool.
[2015.11.08-14.01.04:608][  0]LogEngine: Initializing Engine...
[2015.11.08-14.01.04:610][  0]LogHMD: Can't find Oculus library dev build: is proper Runtime installed? Version: 0.7.0.0
[2015.11.08-14.01.04:611][  0]LogHMD: SteamVR failed to initialize.  Err: 110
[2015.11.08-14.01.04:754][  0]LogAIModule: Creating AISystem for world NewWorld
[2015.11.08-14.01.04:758][  0]LogInit: XAudio2 using 'Högtalare (Realtek High Definition Audio)' : 2 channels at 48 kHz using 32 bits per sample (channel mask 0x3)
[2015.11.08-14.01.04:772][  0]LogInit: FAudioDevice initialized.
[2015.11.08-14.01.04:796][  0]LogDerivedDataCache: Saved boot cache 0.02s 47MB C:/Users/Stoffe/AppData/Local/UnrealEngine/4.9/DerivedDataCache/Boot.ddc.
[2015.11.08-14.01.04:799][  0]LogInit: Texture streaming: Enabled
[2015.11.08-14.01.04:805][  0]LogAnalytics: Creating configured Analytics provider AnalyticsET
[2015.11.08-14.01.04:805][  0]LogAnalytics: [UEEditor.Rocket.Release] APIServer = http://et2.epicgames.com/ET2/. AppVersion = 4.9.2-2707645+++depot+UE4-Releases+4.9
[2015.11.08-14.01.04:805][  0]LogAnalytics: [UEEditor.Rocket.Release] SetUserId c2f82278409fbc7e17ba4c8b187827c0|8471e16762be488588a110ad13c08bd6|a2f24018-7849-4a41-8ec9-fa4680d0f5a7
[2015.11.08-14.01.04:805][  0]LogAnalytics: [UEEditor.Rocket.Release] AnalyticsET::StartSession
[2015.11.08-14.01.04:813][  0]LogWindowsTextInputMethodSystem:Display: IME system now deactivated.
[2015.11.08-14.01.04:825][  0]LogInit: Transaction tracking system initialized
[2015.11.08-14.01.04:859][  0]BlueprintLog: New page: Editor Load
[2015.11.08-14.01.04:986][  0]LocalizationService: Info Localization service is disabled
[2015.11.08-14.01.05:085][  0]LogConsoleResponse:Display: 
[2015.11.08-14.01.05:247][  0]LogCook:Display: Done creating registry. It took  0.00s.
[2015.11.08-14.01.05:310][  0]LogFileCache: Scanning file cache for directory 'C:/Users/Stoffe/Documents/GitHub/Balls-of-steel/BOS/Content/' took 0.01s
[2015.11.08-14.01.05:311][  0]SourceControl: Info Source control is disabled
[2015.11.08-14.01.05:311][  0]Cmd: MAP LOAD FILE="../../../../../../Users/Stoffe/Documents/GitHub/Balls-of-steel/BOS/Content/RollingCPP/Maps/MainMenu.umap" TEMPLATE=0 SHOWPROGRESS=1 FEATURELEVEL=3
[2015.11.08-14.01.05:311][  0]LogEditorServer:Warning: Can't find file '../../../../../../Users/Stoffe/Documents/GitHub/Balls-of-steel/BOS/Content/RollingCPP/Maps/MainMenu.umap'
[2015.11.08-14.01.05:311][  0]Cmd: MAP CHECKDEP NOCLEARLOG
[2015.11.08-14.01.05:367][  0]MapCheck: Info Map check complete: 0 Error(s), 0 Warning(s), took 55.595ms to complete.
[2015.11.08-14.01.05:367][  0]LogFileHelpers: Loading map 'MainMenu' took 0.056
[2015.11.08-14.01.05:517][  0]LogCollectionManager: Loaded 0 collections in 0.002079 seconds
[2015.11.08-14.01.05:563][  0]LogFileCache: Scanning file cache for directory 'C:/Users/Stoffe/Documents/GitHub/Balls-of-steel/BOS/Saved/Collections/' took 0.01s
[2015.11.08-14.01.05:563][  0]LogFileCache: Scanning file cache for directory 'C:/Users/Stoffe/Documents/GitHub/Balls-of-steel/BOS/Content/Developers/Stoffe/Collections/' took 0.01s
[2015.11.08-14.01.05:563][  0]LogFileCache: Scanning file cache for directory 'C:/Users/Stoffe/Documents/GitHub/Balls-of-steel/BOS/Content/Collections/' took 0.01s
[2015.11.08-14.01.05:563][  0]LogContentBrowser: Native class hierarchy populated in 0.0114 seconds. Added 1875 classes and 335 folders.
[2015.11.08-14.01.05:575][  0]LogCollectionManager: Rebuilt the GUID cache for 0 collections in 0.000003 seconds
[2015.11.08-14.01.05:586][  0]LogContentBrowser: Native class hierarchy updated for 'WidgetCarousel' in 0.0013 seconds. Added 0 classes and 0 folders.
[2015.11.08-14.01.05:637][  0]LogContentBrowser: Native class hierarchy updated for 'AddContentDialog' in 0.0020 seconds. Added 0 classes and 0 folders.
[2015.11.08-14.01.05:648][  0]LogContentBrowser: Native class hierarchy updated for 'SceneOutliner' in 0.0013 seconds. Added 1 classes and 2 folders.
[2015.11.08-14.01.05:724][  0]LogCrashTracker: Crashtracker disabled due to settings.
[2015.11.08-14.01.05:729][  0]LogUObjectGlobals:Warning: Failed to find object 'Class None.'
[2015.11.08-14.01.05:752][  0]LogLoad: Full Startup: 7.11 seconds (BP compile: 0.02 seconds)
[2015.11.08-14.01.05:816][  0]LogContentStreaming: Texture pool size now 1000 MB
[2015.11.08-14.01.05:961][  0]LogRenderer: Reallocating scene render targets to support 1028x636 (Frame:2).
[2015.11.08-14.01.06:664][  3]LogAssetRegistry: Asset discovery search completed in 2.7030 seconds
[2015.11.08-14.01.06:664][  3]LogCollectionManager: Rebuilt the object cache for 0 collections in 0.000001 seconds (found 0 objects)
[2015.11.08-14.01.06:664][  3]LogCollectionManager: Fixed up redirectors for 0 collections in 0.000048 seconds (updated 0 objects)
[2015.11.08-14.11.56:488][ 17]LogPlayLevel: PlayLevel: No blueprints needed recompiling
[2015.11.08-14.11.56:492][ 17]PIE: New page: PIE session: Untitled_0 (Nov 8, 2015, 4:11:56 PM)
[2015.11.08-14.11.56:492][ 17]LogPlayLevel: Creating play world package: /Temp/UEDPIE_0_Untitled_0
[2015.11.08-14.11.56:493][ 17]LogPlayLevel: PIE: StaticDuplicateObject took: (0.000806s)
[2015.11.08-14.11.56:494][ 17]LogAIModule: Creating AISystem for world NewWorld
[2015.11.08-14.11.56:494][ 17]LogPlayLevel: PIE: World Init took: (0.001538s)
[2015.11.08-14.11.56:495][ 17]LogPlayLevel: PIE: Created PIE world by copying editor world from /Temp/Untitled_0.NewWorld to /Temp/UEDPIE_0_Untitled_0.NewWorld (0.002715s)
[2015.11.08-14.11.56:495][ 17]LogActorComponent: UnregisterComponent: (/Engine/Transient.ProjectileComp) Not registered. Aborting.
[2015.11.08-14.11.56:495][ 17]LogActorComponent: UnregisterComponent: (/Engine/Transient.ProjectileMovementComponent_0) Not registered. Aborting.
[2015.11.08-14.11.56:495][ 17]LogActorComponent: UnregisterComponent: (/Engine/Transient.ProjectileMovementComponent_1) Not registered. Aborting.
[2015.11.08-14.11.56:495][ 17]LogActorComponent: UnregisterComponent: (/Engine/Transient.ProjectileMovementComponent_2) Not registered. Aborting.
[2015.11.08-14.11.56:527][ 17]LogInit: XAudio2 using 'Högtalare (Realtek High Definition Audio)' : 2 channels at 48 kHz using 32 bits per sample (channel mask 0x3)
[2015.11.08-14.11.56:533][ 17]LogInit: FAudioDevice initialized.
[2015.11.08-14.11.56:591][ 17]LogWorld: Game class is 'BOSGameMode'
[2015.11.08-14.11.56:646][ 17]LogWorld: Bringing World /Temp/UEDPIE_0_Untitled_0.NewWorld up for play (max tick rate 0) at 2015.11.08-15.11.56
[2015.11.08-14.11.56:647][ 17]LogActor:Warning: GameSession /Temp/UEDPIE_0_Untitled_0.NewWorld:PersistentLevel.GameSession_0 has natively added scene component(s), but none of them were set as the actor's RootComponent - picking one arbitrarily
[2015.11.08-14.11.56:647][ 17]LogActor:Warning: GameNetworkManager /Temp/UEDPIE_0_Untitled_0.NewWorld:PersistentLevel.GameNetworkManager_0 has natively added scene component(s), but none of them were set as the actor's RootComponent - picking one arbitrarily
[2015.11.08-14.11.56:647][ 17]LogWorld: Bringing up level for play took: 0.001194
[2015.11.08-14.11.56:648][ 17]LogOutputDevice:Warning: 

Script Stack:
GameMode.ChoosePlayerStart
GameMode.FindPlayerStart

[2015.11.08-14.11.56:648][ 17]LogWindows:Error: Windows GetLastError: Åtgärden har slutförts. (0)
[2015.11.08-14.11.57:010][ 17]LogCrashTracker: 


[2015.11.08-14.11.57:071][ 17]LogCrashTracker: 


[2015.11.08-14.11.57:071][ 17]LogWindows: === Critical error: ===
Assertion failed: (Index >= 0) & (Index < ArrayNum) [File:C:\Program Files\Epic Games\4.9\Engine\Source\Runtime\Core\Public\Containers\Array.h] [Line: 678] 
Array index out of bounds: 0 from an array of size 0




[2015.11.08-14.11.57:251][ 17]LogExit: Executing StaticShutdownAfterError
[2015.11.08-14.11.57:257][ 17]LogPhysics:Warning: PHYSX: ..\..\PhysX\src\NpScene.cpp (2946) 8 : PxScene::unlockWrite() called without matching call to PxScene::lockWrite(), behaviour will be undefined.
[2015.11.08-14.11.57:257][ 17]LogPhysics:Warning: PHYSX: ..\..\PhysX\src\NpScene.cpp (2946) 8 : PxScene::unlockWrite() called without matching call to PxScene::lockWrite(), behaviour will be undefined.
[2015.11.08-14.11.57:258][ 17]LogPhysics:Warning: PHYSX: ..\..\PhysX\src\NpScene.cpp (2946) 8 : PxScene::unlockWrite() called without matching call to PxScene::lockWrite(), behaviour will be undefined.
[2015.11.08-14.11.57:258][ 17]LogPhysics:Warning: PHYSX: ..\..\PhysX\src\NpScene.cpp (2946) 8 : PxScene::unlockWrite() called without matching call to PxScene::lockWrite(), behaviour will be undefined.
[2015.11.08-14.11.57:258][ 17]LogWindows: FPlatformMisc::RequestExit(1)
[2015.11.08-14.11.57:258][ 17]Log file closed, 11/08/15 15:11:57
