Log file open, 10/26/15 11:15:58
LogInit:Display: Running engine for game: BOS
LogInit:Display: RandInit(824085293) SRandInit(824085295).
LogTaskGraph: Started task graph with 4 named threads and 7 total threads.
LogStats: Stats thread started at 12.065437
LogConfig:Warning: Failed to saved backup for config[Input]
LogConfig:Warning: Failed to saved backup for config[EditorPerProjectUserSettings]
LogConfig:Warning: Failed to saved backup for config[EditorKeyBindings]
[2015.10.26-10.16.08:432][  0]LogInit: Version: 4.9.2-2707645+++depot+UE4-Releases+4.9
[2015.10.26-10.16.08:432][  0]LogInit: API Version: 2672455
[2015.10.26-10.16.08:432][  0]LogInit: Compiled (64-bit): Sep 28 2015 10:25:44
[2015.10.26-10.16.08:432][  0]LogInit: Compiled with Visual C++: 18.00.21005.01
[2015.10.26-10.16.08:432][  0]LogInit: Build Configuration: Development
[2015.10.26-10.16.08:432][  0]LogInit: Branch Name: ++depot+UE4-Releases+4.9
[2015.10.26-10.16.08:432][  0]LogInit: Command line:  
[2015.10.26-10.16.08:432][  0]LogInit: Base directory: C:/Program Files/Epic Games/4.9/Engine/Binaries/Win64/
[2015.10.26-10.16.08:432][  0]LogInit: Rocket: 1
[2015.10.26-10.16.09:010][  0]LogInit: Using libcurl 7.41.0
[2015.10.26-10.16.09:010][  0]LogInit:  - built for x86_64-pc-win32
[2015.10.26-10.16.09:010][  0]LogInit:  - supports SSL with WinSSL
[2015.10.26-10.16.09:010][  0]LogInit:  - other features:
[2015.10.26-10.16.09:010][  0]LogInit:      CURL_VERSION_SSL
[2015.10.26-10.16.09:010][  0]LogInit:      CURL_VERSION_IPV6
[2015.10.26-10.16.09:010][  0]LogInit:      CURL_VERSION_ASYNCHDNS
[2015.10.26-10.16.09:010][  0]LogInit:      CURL_VERSION_LARGEFILE
[2015.10.26-10.16.09:010][  0]LogInit:      CURL_VERSION_IDN
[2015.10.26-10.16.09:010][  0]LogInit:  CurlRequestOptions (configurable via config and command line):
[2015.10.26-10.16.09:010][  0]LogInit:  - bVerifyPeer = true  - Libcurl will verify peer certificate
[2015.10.26-10.16.09:010][  0]LogInit:  - bUseHttpProxy = false  - Libcurl will NOT use HTTP proxy
[2015.10.26-10.16.09:010][  0]LogInit:  - bDontReuseConnections = false  - Libcurl will reuse connections
[2015.10.26-10.16.09:010][  0]LogInit:  - CertBundlePath = nullptr  - Libcurl will use whatever was configured at build time.
[2015.10.26-10.16.09:854][  0]LogInit: Presizing for 0 objects not considered by GC, pre-allocating 0 bytes.
[2015.10.26-10.16.09:947][  0]LogInit: Object subsystem initialized
[2015.10.26-10.16.10:354][  0]LogInit: Selected Device Profile: [Windows]
[2015.10.26-10.16.10:354][  0]LogInit: Applying CVar settings loaded from the selected device profile: [Windows]
[2015.10.26-10.16.10:496][  0]LogInit: Computer: SpellabbA332-08
[2015.10.26-10.16.10:496][  0]LogInit: User: Spellabbet
[2015.10.26-10.16.10:496][  0]LogInit: CPU Page size=4096, Cores=4
[2015.10.26-10.16.10:554][  0]LogInit: High frequency timer resolution =3.507525 MHz
[2015.10.26-10.16.10:555][  0]LogMemory: Memory total: Physical=15.9GB (16GB approx)
[2015.10.26-10.16.10:555][  0]LogMemory: Platform Memory Stats for Windows
[2015.10.26-10.16.10:555][  0]LogMemory: Process Physical Memory: 52.09 MB used, 52.09 MB peak
[2015.10.26-10.16.10:555][  0]LogMemory: Process Virtual Memory: 55.00 MB used, 55.00 MB peak
[2015.10.26-10.16.10:555][  0]LogMemory: Physical Memory: 1442.98 MB used, 16318.82 MB total
[2015.10.26-10.16.10:555][  0]LogMemory: Virtual Memory: 347.38 MB used, 134217728.00 MB total
[2015.10.26-10.16.14:808][  0]LogTextLocalizationManager: No translations for ('sv-SE') exist, falling back to 'en' for localization and internationalization data.
[2015.10.26-10.16.19:660][  0]LogD3D11RHI: Found D3D11 adapter 0: NVIDIA GeForce GTX 960 (Feature Level 11_0)
[2015.10.26-10.16.19:660][  0]LogD3D11RHI: Adapter has 1965MB of dedicated video memory, 0MB of dedicated system memory, and 2048MB of shared system memory, 1 output[s]
[2015.10.26-10.16.19:663][  0]LogD3D11RHI: Found D3D11 adapter 1: Microsoft Basic Render Driver (Feature Level 11_0)
[2015.10.26-10.16.19:663][  0]LogD3D11RHI: Adapter has 0MB of dedicated video memory, 0MB of dedicated system memory, and 256MB of shared system memory, 0 output[s]
[2015.10.26-10.16.19:663][  0]LogD3D11RHI: Chosen D3D11 Adapter Id = 0
[2015.10.26-10.16.19:672][  0]LogD3D11RHI: !Direct3DDevice
[2015.10.26-10.16.19:672][  0]LogRHI: Texture pool is 1361 MB (70% of 1945 MB)
[2015.10.26-10.16.19:719][  0]LogD3D11RHI: Async texture creation enabled
[2015.10.26-10.16.20:617][  0]LogShaderCompilers: Guid format shader working directory is 15 characters bigger than the processId version (../../../../../../Users/Spellabbet/Desktop/BOS/Intermediate/Shaders/WorkingDirectory/2708/).
[2015.10.26-10.16.20:617][  0]LogShaderCompilers: Cleaned the shader compiler working directory '../../../../../../Users/Spellabbet/Desktop/BOS/Intermediate/Shaders/tmp/44C629754FEE5B25E5FE02BBEF42D32A/'.
[2015.10.26-10.16.20:618][  0]LogShaderCompilers:Display: Using Local Shader Compiler.
[2015.10.26-10.16.40:938][  0]LogTemp:Display: Loaded TP AllDesktopTargetPlatform
[2015.10.26-10.16.40:948][  0]LogTemp:Display: Loaded TP WindowsClientTargetPlatform
[2015.10.26-10.16.40:958][  0]LogTemp:Display: Loaded TP WindowsNoEditorTargetPlatform
[2015.10.26-10.16.40:963][  0]LogTemp:Display: Loaded TP WindowsServerTargetPlatform
[2015.10.26-10.16.40:967][  0]LogTemp:Display: Loaded TP WindowsTargetPlatform
[2015.10.26-10.16.40:973][  0]LogTemp:Display: Loaded TP AndroidTargetPlatform
[2015.10.26-10.16.40:977][  0]LogTemp:Display: Loaded TP Android_ASTCTargetPlatform
[2015.10.26-10.16.40:981][  0]LogTemp:Display: Loaded TP Android_ATCTargetPlatform
[2015.10.26-10.16.40:984][  0]LogTemp:Display: Loaded TP Android_DXTTargetPlatform
[2015.10.26-10.16.40:987][  0]LogTemp:Display: Loaded TP Android_ETC1TargetPlatform
[2015.10.26-10.16.40:992][  0]LogTemp:Display: Loaded TP Android_ETC2TargetPlatform
[2015.10.26-10.16.40:995][  0]LogTemp:Display: Loaded TP Android_PVRTCTargetPlatform
[2015.10.26-10.16.40:996][  0]LogTemp:Display: Loaded TP HTML5TargetPlatform
[2015.10.26-10.16.41:497][  0]LogTemp:Display: Loaded TP IOSTargetPlatform
[2015.10.26-10.16.41:511][  0]LogTemp:Display: Loaded TP LinuxNoEditorTargetPlatform
[2015.10.26-10.16.41:524][  0]LogTemp:Display: Loaded TP LinuxServerTargetPlatform
[2015.10.26-10.16.41:536][  0]LogTemp:Display: Loaded TP LinuxTargetPlatform
[2015.10.26-10.16.41:536][  0]LogTargetPlatformManager:Display: Building Assets For Windows
[2015.10.26-10.16.46:792][  0]LogDerivedDataCache:Display: Max Cache Size: 512 MB
[2015.10.26-10.16.52:844][  0]LogDerivedDataCache: Loaded boot cache 6.05s 42MB C:/Users/Spellabbet/AppData/Local/UnrealEngine/4.9/DerivedDataCache/Boot.ddc.
[2015.10.26-10.16.52:844][  0]LogDerivedDataCache:Display: Loaded Boot cache: C:/Users/Spellabbet/AppData/Local/UnrealEngine/4.9/DerivedDataCache/Boot.ddc
[2015.10.26-10.16.52:845][  0]LogDerivedDataCache: FDerivedDataBackendGraph:  Pak pak cache file ../../../../../../Users/Spellabbet/Desktop/BOS/DerivedDataCache/DDC.ddp not found, will not use a pak cache.
[2015.10.26-10.16.52:845][  0]LogDerivedDataCache: Unable to find inner node Pak for hierarchical cache Hierarchy.
[2015.10.26-10.16.52:845][  0]LogDerivedDataCache: FDerivedDataBackendGraph:  CompressedPak pak cache file ../../../../../../Users/Spellabbet/Desktop/BOS/DerivedDataCache/Compressed.ddp not found, will not use a pak cache.
[2015.10.26-10.16.52:845][  0]LogDerivedDataCache: Unable to find inner node CompressedPak for hierarchical cache Hierarchy.
[2015.10.26-10.16.53:563][  0]LogDerivedDataCache:Display: Pak cache opened for reading ../../../Engine/DerivedDataCache/Compressed.ddp.
[2015.10.26-10.16.53:654][  0]LogDerivedDataCache: Using Local data cache path C:/Users/Spellabbet/AppData/Local/UnrealEngine/Common/DerivedDataCache: Writable
[2015.10.26-10.18.01:629][  0]LogInit: Selected Device Profile: [Windows]
[2015.10.26-10.18.01:712][  0]LogContentStreaming: Texture pool size is 0.000000MB
[2015.10.26-10.18.04:689][  0]LogMeshUtilities: No automatic mesh reduction module available
[2015.10.26-10.18.04:689][  0]LogMeshUtilities: No automatic mesh merging module available
[2015.10.26-10.18.14:133][  0]LogInit: WinSock: version 1.1 (2.2), MaxSocks=32767, MaxUdp=65467
[2015.10.26-10.19.00:277][  0]UdpMessaging: Initializing bridge on interface 0.0.0.0:0 to multicast group 230.0.0.1:6666.
[2015.10.26-10.19.00:934][  0]LogLinker:Warning: Asset '../../../../../../Users/Spellabbet/Desktop/BOS/Content/Rolling/Meshes/BallMesh.uasset' has been saved with empty engine version. The asset will be loaded but may be incompatible.
[2015.10.26-10.19.00:980][  0]LogLinker:Warning: Asset '../../../../../../Users/Spellabbet/Desktop/BOS/Content/Rolling/Materials/M_Blue_Checker.uasset' has been saved with empty engine version. The asset will be loaded but may be incompatible.
[2015.10.26-10.19.01:115][  0]LogLinker:Warning: Asset '../../../../../../Users/Spellabbet/Desktop/BOS/Content/Rolling/Materials/PM_Ball.uasset' has been saved with empty engine version. The asset will be loaded but may be incompatible.
[2015.10.26-10.19.02:820][  0]LogAssetRegistry: FAssetRegistry took 0.0325 seconds to start up
[2015.10.26-10.19.10:696][  0]SourceControl: Info Source control is disabled
[2015.10.26-10.19.12:804][  0]SourceControl: Info Source control is disabled
[2015.10.26-10.19.12:990][  0]SourceControl: Info Source control is disabled
[2015.10.26-10.19.13:039][  0]SourceControl: Info Source control is disabled
[2015.10.26-10.19.30:536][  0]LogLinker:Warning: Asset '../../../Engine/Plugins/Runtime/LeapMotionController/Content/LM_PassthroughMaterial.uasset' has been saved with empty engine version. The asset will be loaded but may be incompatible.
[2015.10.26-10.19.31:412][  0]LogObj: 28398 objects as part of root set at end of initial load.
[2015.10.26-10.19.31:412][  0]LogUObjectAllocator: 6054584 out of 0 bytes used by permanent object pool.
[2015.10.26-10.19.32:360][  0]LogEngine: Initializing Engine...
[2015.10.26-10.19.32:450][  0]LogHMD: Can't find Oculus library dev build: is proper Runtime installed? Version: 0.7.0.0
[2015.10.26-10.19.32:657][  0]LogHMD: SteamVR failed to initialize.  Err: 110
[2015.10.26-10.19.34:827][  0]LogAIModule: Creating AISystem for world NewWorld
[2015.10.26-10.19.35:198][  0]LogInit: XAudio2 using 'Speakers (4- High Definition Audio Device)' : 2 channels at 44.1 kHz using 16 bits per sample (channel mask 0x3)
[2015.10.26-10.19.36:055][  0]LogInit: FAudioDevice initialized.
[2015.10.26-10.19.36:087][  0]LogDerivedDataCache: Saved boot cache 0.03s 42MB C:/Users/Spellabbet/AppData/Local/UnrealEngine/4.9/DerivedDataCache/Boot.ddc.
[2015.10.26-10.19.36:095][  0]LogInit: Texture streaming: Enabled
[2015.10.26-10.19.36:399][  0]LogAnalytics: Creating configured Analytics provider AnalyticsET
[2015.10.26-10.19.36:896][  0]LogAnalytics: [UEEditor.Rocket.Release] APIServer = http://et2.epicgames.com/ET2/. AppVersion = 4.9.2-2707645+++depot+UE4-Releases+4.9
[2015.10.26-10.19.36:896][  0]LogAnalytics: [UEEditor.Rocket.Release] SetUserId 45933c9447afbf6f1ab999917f6accd0|8471e16762be488588a110ad13c08bd6|060e5e79-a789-49c4-8abd-5d8b330400a7
[2015.10.26-10.19.36:896][  0]LogAnalytics: [UEEditor.Rocket.Release] AnalyticsET::StartSession
[2015.10.26-10.19.43:571][  0]LogInit: Transaction tracking system initialized
[2015.10.26-10.19.46:679][  0]BlueprintLog: New page: Editor Load
[2015.10.26-10.19.53:104][  0]LocalizationService: Info Localization service is disabled
[2015.10.26-10.19.58:478][  0]LogConsoleResponse:Display: 
[2015.10.26-10.20.09:647][  0]LogFileCache: Scanning file cache for directory 'C:/Users/Spellabbet/Desktop/BOS/Content/' took 0.03s
[2015.10.26-10.20.09:647][  0]LogCook:Display: Done creating registry. It took  0.00s.
[2015.10.26-10.20.15:507][  0]SourceControl: Info Source control is disabled
[2015.10.26-10.20.15:656][  0]Cmd: MAP LOAD FILE="../../../../../../Users/Spellabbet/Desktop/BOS/Content/RollingCPP/Maps/Map1.umap" TEMPLATE=0 SHOWPROGRESS=1 FEATURELEVEL=3
[2015.10.26-10.20.16:019][  0]LightingResults: New page: Lighting Build
[2015.10.26-10.20.16:362][  0]MapCheck: New page: Map Check
[2015.10.26-10.20.16:362][  0]LightingResults: New page: Lighting Build
[2015.10.26-10.20.17:076][  0]LogParticles: Destroying 0 GPU particle simulations for FXSystem 0x00000088F456BCE0
[2015.10.26-10.20.30:173][  0]LogAIModule: Creating AISystem for world Map1
[2015.10.26-10.20.33:317][  0]LogEditorServer: Finished looking for orphan Actors (0.000 secs)
[2015.10.26-10.20.33:418][  0]Cmd: MAP CHECKDEP NOCLEARLOG
[2015.10.26-10.20.33:704][  0]MapCheck: Info Map check complete: 0 Error(s), 0 Warning(s), took 285.993ms to complete.
[2015.10.26-10.20.33:740][  0]LogFileHelpers: Loading map 'Map1' took 18.090
[2015.10.26-10.20.39:474][  0]LogCollectionManager: Loaded 0 collections in 0.009867 seconds
[2015.10.26-10.20.40:020][  0]LogFileCache: Scanning file cache for directory 'C:/Users/Spellabbet/Desktop/BOS/Saved/Collections/' took 0.01s
[2015.10.26-10.20.40:020][  0]LogFileCache: Scanning file cache for directory 'C:/Users/Spellabbet/Desktop/BOS/Content/Developers/Spellabbet/Collections/' took 0.01s
[2015.10.26-10.20.40:020][  0]LogFileCache: Scanning file cache for directory 'C:/Users/Spellabbet/Desktop/BOS/Content/Collections/' took 0.01s
[2015.10.26-10.20.40:020][  0]LogContentBrowser: Native class hierarchy populated in 0.2796 seconds. Added 1869 classes and 335 folders.
[2015.10.26-10.20.40:196][  0]LogCollectionManager: Rebuilt the GUID cache for 0 collections in 0.000005 seconds
[2015.10.26-10.20.40:227][  0]LogContentBrowser: Native class hierarchy updated for 'WidgetCarousel' in 0.0021 seconds. Added 0 classes and 0 folders.
[2015.10.26-10.20.47:960][  0]LogContentBrowser: Native class hierarchy updated for 'AddContentDialog' in 0.0038 seconds. Added 0 classes and 0 folders.
[2015.10.26-10.20.48:195][  0]LogContentBrowser: Native class hierarchy updated for 'SceneOutliner' in 0.0043 seconds. Added 1 classes and 2 folders.
[2015.10.26-10.20.50:417][  0]LogCrashTracker: Crashtracker disabled due to settings.
[2015.10.26-10.20.50:453][  0]LogUObjectGlobals:Warning: Failed to find object 'Class None.'
[2015.10.26-10.20.50:484][  0]LogLoad: Full Startup: 318.98 seconds (BP compile: 2.84 seconds)
[2015.10.26-10.20.52:154][  0]LogContentStreaming: Texture pool size now 1000 MB
[2015.10.26-10.20.52:713][  1]LogRenderer: Reallocating scene render targets to support 820x380 (Frame:2).
[2015.10.26-10.20.53:783][  4]LogAssetRegistry: Asset discovery search completed in 110.9766 seconds
[2015.10.26-10.20.53:783][  4]LogCollectionManager: Rebuilt the object cache for 0 collections in 0.000001 seconds (found 0 objects)
[2015.10.26-10.20.53:783][  4]LogCollectionManager: Fixed up redirectors for 0 collections in 0.000065 seconds (updated 0 objects)
[2015.10.26-10.21.33:076][621]LogRenderer: Reallocating scene render targets to support 1208x576 (Frame:4622).
[2015.10.26-10.21.34:227][755]LogBlueprintUserMessages: Early PlayInEditor Detection: Level '/Game/RollingCPP/Maps/Map1.Map1:PersistentLevel' has LevelScriptBlueprint '/Game/RollingCPP/Maps/Map1.Map1:PersistentLevel.Map1' with GeneratedClass '/Game/RollingCPP/Maps/Map1.Map1_C' with ClassGeneratedBy '/Game/RollingCPP/Maps/Map1.Map1:PersistentLevel.Map1'
[2015.10.26-10.21.34:227][755]LogPlayLevel: PlayLevel: No blueprints needed recompiling
[2015.10.26-10.21.34:228][755]PIE: New page: PIE session: Map1 (Oct 26, 2015, 12:21:34 PM)
[2015.10.26-10.21.34:228][755]LogPlayLevel: Creating play world package: /Game/RollingCPP/Maps/UEDPIE_1_Map1
[2015.10.26-10.21.34:254][755]LogPlayLevel: PIE: StaticDuplicateObject took: (0.025192s)
[2015.10.26-10.21.34:258][755]LogAIModule: Creating AISystem for world Map1
[2015.10.26-10.21.34:258][755]LogPlayLevel: PIE: World Init took: (0.002725s)
[2015.10.26-10.21.34:259][755]LogPlayLevel: PIE: Created PIE world by copying editor world from /Game/RollingCPP/Maps/Map1.Map1 to /Game/RollingCPP/Maps/UEDPIE_1_Map1.Map1 (0.030861s)
[2015.10.26-10.21.34:329][755]LogInit: XAudio2 using 'Speakers (4- High Definition Audio Device)' : 2 channels at 44.1 kHz using 16 bits per sample (channel mask 0x3)
[2015.10.26-10.21.34:333][755]LogInit: FAudioDevice initialized.
[2015.10.26-10.21.34:380][755]LogWorld: Game class is 'BOSGameMode'
[2015.10.26-10.21.34:784][755]LogWorld: Bringing World /Game/RollingCPP/Maps/UEDPIE_1_Map1.Map1 up for play (max tick rate 0) at 2015.10.26-11.21.34
[2015.10.26-10.21.34:784][755]LogActor:Warning: GameSession /Game/RollingCPP/Maps/UEDPIE_1_Map1.Map1:PersistentLevel.GameSession_0 has natively added scene component(s), but none of them were set as the actor's RootComponent - picking one arbitrarily
[2015.10.26-10.21.34:785][755]LogActor:Warning: GameNetworkManager /Game/RollingCPP/Maps/UEDPIE_1_Map1.Map1:PersistentLevel.GameNetworkManager_0 has natively added scene component(s), but none of them were set as the actor's RootComponent - picking one arbitrarily
[2015.10.26-10.21.34:866][755]LogWorld: Bringing up level for play took: 0.103486
[2015.10.26-10.21.34:879][755]LogInit: WinSock: Socket queue 131072 / 131072
[2015.10.26-10.21.34:881][755]LogInit: WinSock: I am SpellabbA332-08 (192.168.20.19:0)
[2015.10.26-10.21.34:884][755]LogNet: GameNetDriver IpNetDriver_0 IpNetDriver listening on port 7777
[2015.10.26-10.21.34:923][755]PIE: Info Play in editor start time for /Game/RollingCPP/Maps/UEDPIE_1_Map1 0.954
[2015.10.26-10.21.34:926][755]PIE: New page: PIE session: Map1 (Oct 26, 2015, 12:21:34 PM)
[2015.10.26-10.21.34:964][755]LogNet: Browse: 127.0.0.1//Game/RollingCPP/Maps/Map1
[2015.10.26-10.21.34:964][755]LogInit: WinSock: Socket queue 32768 / 32768
[2015.10.26-10.21.35:023][755]LogNet: Game client on port 7777, rate 10000
[2015.10.26-10.21.35:023][755]LogNet: GetLocalNetworkVersion: GEngineNetVersion: 2707645, ProjectName: bos, ProjectVersion: 1.0.0.0, InternalProtocolVersion: 9, LocalNetworkVersion: 1605316083
[2015.10.26-10.21.35:080][755]PIE: Info Play in editor start time for /Game/RollingCPP/Maps/Map1 1.111
[2015.10.26-10.21.35:082][755]LogBlueprintUserMessages: Late PlayInEditor Detection: Level '/Game/RollingCPP/Maps/Map1.Map1:PersistentLevel' has LevelScriptBlueprint '/Game/RollingCPP/Maps/Map1.Map1:PersistentLevel.Map1' with GeneratedClass '/Game/RollingCPP/Maps/Map1.Map1_C' with ClassGeneratedBy '/Game/RollingCPP/Maps/Map1.Map1:PersistentLevel.Map1'
[2015.10.26-10.21.35:158][755]LogNet: NotifyAcceptingConnection: Server Map1 accept
[2015.10.26-10.21.35:159][755]LogNet: Open Map1 10/26/15 11:21:35 127.0.0.1
[2015.10.26-10.21.35:159][755]LogNet: Added client connection.  Remote address = 127.0.0.1:59012
[2015.10.26-10.21.35:159][755]LogNet: NotifyAcceptingChannel Control 0 server World /Game/RollingCPP/Maps/UEDPIE_1_Map1.Map1: Accepted
[2015.10.26-10.21.35:160][755]LogNet: Remote platform little endian=1
[2015.10.26-10.21.35:160][755]LogNet: This platform little endian=1
[2015.10.26-10.21.35:160][755]LogNet: GetLocalNetworkVersion: GEngineNetVersion: 2707645, ProjectName: bos, ProjectVersion: 1.0.0.0, InternalProtocolVersion: 9, LocalNetworkVersion: 1605316083
[2015.10.26-10.21.35:261][756]LogNet: Login request: /Game/RollingCPP/Maps/Map1 userId: Invalid
[2015.10.26-10.21.35:264][756]LogNet: Welcomed by server (Level: /Game/RollingCPP/Maps/UEDPIE_1_Map1, Game: /Script/BOS.BOSGameMode)
[2015.10.26-10.21.35:300][756]LogLoad: LoadMap: 127.0.0.1//Game/RollingCPP/Maps/UEDPIE_1_Map1?game=/Script/BOS.BOSGameMode
[2015.10.26-10.21.35:314][756]LogParticles: Destroying 0 GPU particle simulations for FXSystem 0x00000088F862A200
[2015.10.26-10.21.35:341][756]Cmd: MEM
[2015.10.26-10.21.35:533][756]LogMemory: Platform Memory Stats for Windows
[2015.10.26-10.21.35:533][756]LogMemory: Process Physical Memory: 609.15 MB used, 609.15 MB peak
[2015.10.26-10.21.35:533][756]LogMemory: Process Virtual Memory: 1184.69 MB used, 1184.69 MB peak
[2015.10.26-10.21.35:533][756]LogMemory: Physical Memory: 2583.04 MB used, 16318.82 MB total
[2015.10.26-10.21.35:533][756]LogMemory: Virtual Memory: 1822.30 MB used, 134217728.00 MB total
[2015.10.26-10.21.35:533][756]LogMemory: 
[2015.10.26-10.21.35:533][756]Allocator Stats for TBB: (not implemented)
[2015.10.26-10.21.35:534][756]LogLinker: Can't find file for asset '/Game/RollingCPP/Maps/UEDPIE_1_Map1' while loading NULL.
[2015.10.26-10.21.35:569][756]LogWorld: PIE: Copying PIE streaming level from /Game/RollingCPP/Maps/Map1.Map1 to /Game/RollingCPP/Maps/UEDPIE_2_Map1.Map1. OwningWorld: None
[2015.10.26-10.21.35:570][756]LogAIModule: Creating AISystem for world Map1
[2015.10.26-10.21.35:580][756]LogWorld: Bringing World /Game/RollingCPP/Maps/UEDPIE_2_Map1.Map1 up for play (max tick rate 0) at 2015.10.26-11.21.35
[2015.10.26-10.21.35:637][756]LogWorld: Bringing up level for play took: 0.065939
[2015.10.26-10.21.35:677][757]LogNet: Client netspeed is 10000
[2015.10.26-10.21.35:677][757]LogNet: Join request: /Game/RollingCPP/Maps/Map1?SplitscreenCount=1
[2015.10.26-10.21.35:683][757]LogNet: Join succeeded: 257
[2015.10.26-10.21.42:844][539]LogPackageName: SearchForPackageOnDisk took   0.038s to resolve Map1.umap.
[2015.10.26-10.21.42:881][539]LogPackageName: SearchForPackageOnDisk took   0.037s to resolve Map1.umap.
[2015.10.26-10.21.42:881][539]LogNet: Browse: /Game/RollingCPP/Maps/Map1?listen
[2015.10.26-10.21.42:881][539]LogLoad: LoadMap: /Game/RollingCPP/Maps/Map1?listen
[2015.10.26-10.21.42:881][539]LogNet: World NetDriver shutdown IpNetDriver_0 [GameNetDriver]
[2015.10.26-10.21.42:881][539]LogNet: DestroyNamedNetDriver IpNetDriver_0 [GameNetDriver]
[2015.10.26-10.21.42:882][539]LogNet: UNetConnection::Cleanup: Closing open connection. Name: IpConnection_1, RemoteAddr: 127.0.0.1:59012 Driver: GameNetDriver, PC: PlayerController_2, Owner: PlayerController_2
[2015.10.26-10.21.42:882][539]LogNet: UNetConnection::Close: Name: IpConnection_1, Driver: GameNetDriver IpNetDriver_0, PC: PlayerController_2, Owner: PlayerController_2, Channels: 11, RemoteAddr: 127.0.0.1:59012, Time: 2015.10.26-10.21.42
[2015.10.26-10.21.42:882][539]LogNet: UChannel::Close: Sending CloseBunch. ChIndex == 0. Name: ControlChannel_1
[2015.10.26-10.21.42:889][539]LogExit: GameNetDriver IpNetDriver_0 shut down
[2015.10.26-10.21.42:901][539]LogParticles: Destroying 0 GPU particle simulations for FXSystem 0x00000088F862BA60
[2015.10.26-10.21.42:904][539]Cmd: MEM
[2015.10.26-10.21.42:913][539]LogMemory: Platform Memory Stats for Windows
[2015.10.26-10.21.42:913][539]LogMemory: Process Physical Memory: 633.24 MB used, 641.70 MB peak
[2015.10.26-10.21.42:913][539]LogMemory: Process Virtual Memory: 1239.07 MB used, 1259.70 MB peak
[2015.10.26-10.21.42:913][539]LogMemory: Physical Memory: 2612.51 MB used, 16318.82 MB total
[2015.10.26-10.21.42:913][539]LogMemory: Virtual Memory: 1896.49 MB used, 134217728.00 MB total
[2015.10.26-10.21.42:913][539]LogMemory: 
[2015.10.26-10.21.42:913][539]Allocator Stats for TBB: (not implemented)
[2015.10.26-10.21.42:913][539]LogPlayLevel: Creating play world package: /Game/RollingCPP/Maps/UEDPIE_1_Map1
[2015.10.26-10.21.42:932][539]LogPlayLevel: PIE: StaticDuplicateObject took: (0.019585s)
[2015.10.26-10.21.42:933][539]LogAIModule: Creating AISystem for world Map1
[2015.10.26-10.21.42:933][539]LogPlayLevel: PIE: World Init took: (0.000771s)
[2015.10.26-10.21.42:934][539]LogPlayLevel: PIE: Created PIE world by copying editor world from /Game/RollingCPP/Maps/Map1.Map1 to /Game/RollingCPP/Maps/UEDPIE_1_Map1.Map1 (0.020665s)
[2015.10.26-10.21.42:934][539]LogWorld: Game class is 'BOSGameMode'
[2015.10.26-10.21.42:934][539]LogInit: WinSock: Socket queue 131072 / 131072
[2015.10.26-10.21.42:935][539]LogNet: GameNetDriver IpNetDriver_2 IpNetDriver listening on port 7777
[2015.10.26-10.21.42:947][539]LogWorld: Bringing World /Game/RollingCPP/Maps/UEDPIE_1_Map1.Map1 up for play (max tick rate 0) at 2015.10.26-11.21.42
[2015.10.26-10.21.42:948][539]LogActor:Warning: GameSession /Game/RollingCPP/Maps/UEDPIE_1_Map1.Map1:PersistentLevel.GameSession_1 has natively added scene component(s), but none of them were set as the actor's RootComponent - picking one arbitrarily
[2015.10.26-10.21.42:948][539]LogActor:Warning: GameNetworkManager /Game/RollingCPP/Maps/UEDPIE_1_Map1.Map1:PersistentLevel.GameNetworkManager_1 has natively added scene component(s), but none of them were set as the actor's RootComponent - picking one arbitrarily
[2015.10.26-10.21.42:948][539]LogWorld: Bringing up level for play took: 0.011656
[2015.10.26-10.21.42:950][539]LogNet:Warning: Network Failure: GameNetDriver[FailureReceived]: Host closed the connection.
[2015.10.26-10.21.42:951][539]LogNet:Warning: Network Failure: GameNetDriver[FailureReceived]: Host closed the connection.
[2015.10.26-10.21.42:951][539]LogNet: NetworkFailure: FailureReceived, Error: 'Host closed the connection.'
[2015.10.26-10.21.42:954][539]LogNet: UNetConnection::Close: Name: IpConnection_0, Driver: GameNetDriver IpNetDriver_1, PC: PlayerController_3, Owner: PlayerController_3, Channels: 11, RemoteAddr: 127.0.0.1:7777, Time: 2015.10.26-10.21.42
[2015.10.26-10.21.42:954][539]LogNet: UChannel::Close: Sending CloseBunch. ChIndex == 0. Name: ControlChannel_0
[2015.10.26-10.21.42:954][539]LogNet:Warning: Network Failure: GameNetDriver[ConnectionLost]: Your connection to the host has been lost.
[2015.10.26-10.21.42:954][539]LogNet:Warning: Network Failure: GameNetDriver[ConnectionLost]: Your connection to the host has been lost.
[2015.10.26-10.21.42:954][539]LogNet: NetworkFailure: ConnectionLost, Error: 'Your connection to the host has been lost.'
[2015.10.26-10.21.42:954][539]LogNet:Warning: FObjectReplicator::UpdateUnmappedObjects: Connection->State == USOCK_Closed
[2015.10.26-10.21.42:954][539]LogNet:Warning: FObjectReplicator::UpdateUnmappedObjects: Connection->State == USOCK_Closed
[2015.10.26-10.21.42:966][540]LogNet: NotifyAcceptingConnection: Server Map1 accept
[2015.10.26-10.21.42:966][540]LogNet: Open Map1 10/26/15 11:21:42 127.0.0.1
[2015.10.26-10.21.42:966][540]LogNet: Added client connection.  Remote address = 127.0.0.1:59012
[2015.10.26-10.21.42:966][540]LogNetTraffic:Warning: High single frame packet loss: 739
[2015.10.26-10.21.42:969][540]LogSecurity:Warning: 127.0.0.1:59012: Malformed_Packet: UNetConnection::ReceivedPacket: Received control channel close before open
[2015.10.26-10.21.42:969][540]LogSecurity:Warning: 127.0.0.1:59012: Closed: Connection closed
[2015.10.26-10.21.42:969][540]LogNet: UNetConnection::Close: Name: IpConnection_2, Driver: GameNetDriver IpNetDriver_2, PC: NULL, Owner: NULL, Channels: 2, RemoteAddr: 127.0.0.1:59012, Time: 2015.10.26-10.21.42
[2015.10.26-10.21.42:969][540]LogNet: UChannel::Close: Sending CloseBunch. ChIndex == 0. Name: ControlChannel_2
[2015.10.26-10.21.42:970][540]LogNet: Browse: /Game/RollingCPP/Maps/Map1?closed
[2015.10.26-10.21.42:970][540]LogNet: Failed; returning to Entry
[2015.10.26-10.21.43:013][540]LogLoad: LoadMap: /Game/RollingCPP/Maps/Map1?closed
[2015.10.26-10.21.43:013][540]LogNet: World NetDriver shutdown IpNetDriver_1 [GameNetDriver]
[2015.10.26-10.21.43:013][540]LogNet: DestroyNamedNetDriver IpNetDriver_1 [GameNetDriver]
[2015.10.26-10.21.43:013][540]LogExit: GameNetDriver IpNetDriver_1 shut down
[2015.10.26-10.21.43:025][540]LogParticles: Destroying 0 GPU particle simulations for FXSystem 0x0000008884551C60
[2015.10.26-10.21.43:025][540]Cmd: MEM
[2015.10.26-10.21.43:033][540]LogMemory: Platform Memory Stats for Windows
[2015.10.26-10.21.43:033][540]LogMemory: Process Physical Memory: 646.41 MB used, 656.17 MB peak
[2015.10.26-10.21.43:033][540]LogMemory: Process Virtual Memory: 1289.16 MB used, 1381.26 MB peak
[2015.10.26-10.21.43:033][540]LogMemory: Physical Memory: 2629.45 MB used, 16318.82 MB total
[2015.10.26-10.21.43:033][540]LogMemory: Virtual Memory: 1933.74 MB used, 134217728.00 MB total
[2015.10.26-10.21.43:033][540]LogMemory: 
[2015.10.26-10.21.43:033][540]Allocator Stats for TBB: (not implemented)
[2015.10.26-10.21.43:033][540]LogPlayLevel: Creating play world package: /Game/RollingCPP/Maps/UEDPIE_2_Map1
[2015.10.26-10.21.43:051][540]LogPlayLevel: PIE: StaticDuplicateObject took: (0.017708s)
[2015.10.26-10.21.43:052][540]LogAIModule: Creating AISystem for world Map1
[2015.10.26-10.21.43:052][540]LogPlayLevel: PIE: World Init took: (0.000731s)
[2015.10.26-10.21.43:052][540]LogPlayLevel: PIE: Created PIE world by copying editor world from /Game/RollingCPP/Maps/Map1.Map1 to /Game/RollingCPP/Maps/UEDPIE_2_Map1.Map1 (0.018748s)
[2015.10.26-10.21.43:052][540]LogWorld: Game class is 'BOSGameMode'
[2015.10.26-10.21.43:061][540]LogWorld: Bringing World /Game/RollingCPP/Maps/UEDPIE_2_Map1.Map1 up for play (max tick rate 0) at 2015.10.26-11.21.43
[2015.10.26-10.21.43:061][540]LogActor:Warning: GameSession /Game/RollingCPP/Maps/UEDPIE_2_Map1.Map1:PersistentLevel.GameSession_2 has natively added scene component(s), but none of them were set as the actor's RootComponent - picking one arbitrarily
[2015.10.26-10.21.43:061][540]LogActor:Warning: GameNetworkManager /Game/RollingCPP/Maps/UEDPIE_2_Map1.Map1:PersistentLevel.GameNetworkManager_2 has natively added scene component(s), but none of them were set as the actor's RootComponent - picking one arbitrarily
[2015.10.26-10.21.43:061][540]LogWorld: Bringing up level for play took: 0.007974
[2015.10.26-10.21.43:079][541]LogNet: NotifyAcceptingConnection: Server Map1 accept
[2015.10.26-10.21.43:079][541]LogNet: Open Map1 10/26/15 11:21:43 127.0.0.1
[2015.10.26-10.21.43:079][541]LogNet: Added client connection.  Remote address = 127.0.0.1:59012
[2015.10.26-10.21.43:079][541]LogNetTraffic:Warning: High single frame packet loss: 740
[2015.10.26-10.21.43:292][563]LogNet: UNetConnection::Cleanup: Closing open connection. Name: IpConnection_3, RemoteAddr: 127.0.0.1:59012 Driver: GameNetDriver, PC: NoPC, Owner: No Owner
[2015.10.26-10.21.43:292][563]LogNet: UNetConnection::Close: Name: IpConnection_3, Driver: GameNetDriver IpNetDriver_2, PC: NULL, Owner: NULL, Channels: 1, RemoteAddr: 127.0.0.1:59012, Time: 2015.10.26-10.21.43
[2015.10.26-10.21.53:889][792]LogNet: Browse: 127.0.0.1//Game/RollingCPP/Maps/Map1
[2015.10.26-10.21.53:889][792]LogInit: WinSock: Socket queue 32768 / 32768
[2015.10.26-10.21.53:889][792]LogNet: Game client on port 7777, rate 10000
[2015.10.26-10.21.53:889][792]LogNet: GetLocalNetworkVersion: GEngineNetVersion: 2707645, ProjectName: bos, ProjectVersion: 1.0.0.0, InternalProtocolVersion: 9, LocalNetworkVersion: 1605316083
[2015.10.26-10.21.53:897][793]LogNet: NotifyAcceptingConnection: Server Map1 accept
[2015.10.26-10.21.53:897][793]LogNet: Open Map1 10/26/15 11:21:53 127.0.0.1
[2015.10.26-10.21.53:897][793]LogNet: Added client connection.  Remote address = 127.0.0.1:49410
[2015.10.26-10.21.53:897][793]LogNet: NotifyAcceptingChannel Control 0 server World /Game/RollingCPP/Maps/UEDPIE_1_Map1.Map1: Accepted
[2015.10.26-10.21.53:897][793]LogNet: Remote platform little endian=1
[2015.10.26-10.21.53:897][793]LogNet: This platform little endian=1
[2015.10.26-10.21.53:897][793]LogNet: GetLocalNetworkVersion: GEngineNetVersion: 2707645, ProjectName: bos, ProjectVersion: 1.0.0.0, InternalProtocolVersion: 9, LocalNetworkVersion: 1605316083
[2015.10.26-10.21.53:905][794]LogNet: Login request: /Game/RollingCPP/Maps/Map1 userId: Invalid
[2015.10.26-10.21.53:907][794]LogNet: Welcomed by server (Level: /Game/RollingCPP/Maps/UEDPIE_1_Map1, Game: /Script/BOS.BOSGameMode)
[2015.10.26-10.21.53:907][794]LogLoad: LoadMap: 127.0.0.1//Game/RollingCPP/Maps/UEDPIE_1_Map1?game=/Script/BOS.BOSGameMode
[2015.10.26-10.21.53:918][794]LogParticles: Destroying 0 GPU particle simulations for FXSystem 0x00000088E171A5C0
[2015.10.26-10.21.53:918][794]Cmd: MEM
[2015.10.26-10.21.53:926][794]LogMemory: Platform Memory Stats for Windows
[2015.10.26-10.21.53:926][794]LogMemory: Process Physical Memory: 652.71 MB used, 667.48 MB peak
[2015.10.26-10.21.53:926][794]LogMemory: Process Virtual Memory: 1182.79 MB used, 1381.26 MB peak
[2015.10.26-10.21.53:926][794]LogMemory: Physical Memory: 2634.77 MB used, 16318.82 MB total
[2015.10.26-10.21.53:926][794]LogMemory: Virtual Memory: 1843.24 MB used, 134217728.00 MB total
[2015.10.26-10.21.53:926][794]LogMemory: 
[2015.10.26-10.21.53:926][794]Allocator Stats for TBB: (not implemented)
[2015.10.26-10.21.53:926][794]LogLinker: Can't find file for asset '/Game/RollingCPP/Maps/UEDPIE_1_Map1' while loading NULL.
[2015.10.26-10.21.53:943][794]LogWorld: PIE: Copying PIE streaming level from /Game/RollingCPP/Maps/Map1.Map1 to /Game/RollingCPP/Maps/UEDPIE_2_Map1.Map1. OwningWorld: None
[2015.10.26-10.21.53:944][794]LogAIModule: Creating AISystem for world Map1
[2015.10.26-10.21.53:957][794]LogWorld: Bringing World /Game/RollingCPP/Maps/UEDPIE_2_Map1.Map1 up for play (max tick rate 0) at 2015.10.26-11.21.53
[2015.10.26-10.21.53:957][794]LogWorld: Bringing up level for play took: 0.011906
[2015.10.26-10.21.53:966][795]LogNet: Client netspeed is 10000
[2015.10.26-10.21.53:966][795]LogNet: Join request: /Game/RollingCPP/Maps/Map1?SplitscreenCount=1
[2015.10.26-10.21.53:968][795]LogNet: Join succeeded: 260
[2015.10.26-10.22.21:195][  6]LogBlueprintUserMessages: Early EndPlayMap Detection: Level '/Game/RollingCPP/Maps/Map1.Map1:PersistentLevel' has LevelScriptBlueprint '/Game/RollingCPP/Maps/Map1.Map1:PersistentLevel.Map1' with GeneratedClass '/Game/RollingCPP/Maps/Map1.Map1_C' with ClassGeneratedBy '/Game/RollingCPP/Maps/Map1.Map1:PersistentLevel.Map1'
[2015.10.26-10.22.21:238][  6]LogSpawn:Warning: SpawnActor failed because we are in the process of tearing down the world
[2015.10.26-10.22.21:250][  6]LogWindowsTextInputMethodSystem:Display: IME system now deactivated.
[2015.10.26-10.22.21:277][  6]LogBlueprintUserMessages: Late EndPlayMap Detection: Level '/Game/RollingCPP/Maps/Map1.Map1:PersistentLevel' has LevelScriptBlueprint '/Game/RollingCPP/Maps/Map1.Map1:PersistentLevel.Map1' with GeneratedClass '/Game/RollingCPP/Maps/Map1.Map1_C' with ClassGeneratedBy '/Game/RollingCPP/Maps/Map1.Map1:PersistentLevel.Map1'
[2015.10.26-10.22.21:285][  6]LogNet: UChannel::CleanUp: [GameNetDriver] [None] [None]. ChIndex == 0. Closing connection.
[2015.10.26-10.22.21:285][  6]LogNet: UNetConnection::Close: Name: IpConnection_5, Driver: GameNetDriver IpNetDriver_2, PC: None, Owner: None, Channels: 2, RemoteAddr: 127.0.0.1:49410, Time: 2015.10.26-10.22.21
[2015.10.26-10.22.21:285][  6]LogNet: UChannel::Close: Sending CloseBunch. ChIndex == 0. Name: ControlChannel_4
[2015.10.26-10.22.21:285][  6]LogNet: UChannel::CleanUp: [GameNetDriver] [None] [None]. ChIndex == 0. Closing connection.
[2015.10.26-10.22.21:285][  6]LogNet: UNetConnection::Close: Name: None, Driver: GameNetDriver None, PC: None, Owner: None, Channels: 1, RemoteAddr: 127.0.0.1:7777, Time: 2015.10.26-10.22.21
[2015.10.26-10.22.21:285][  6]LogNet: UChannel::Close: Sending CloseBunch. ChIndex == 0. Name: ControlChannel_3
[2015.10.26-10.22.21:288][  6]LogExit: GameNetDriver None shut down
[2015.10.26-10.22.21:288][  6]LogExit: GameNetDriver None shut down
[2015.10.26-10.22.21:294][  7]LogParticles: Destroying 0 GPU particle simulations for FXSystem 0x00000088E14C0400
[2015.10.26-10.22.21:294][  7]LogParticles: Destroying 0 GPU particle simulations for FXSystem 0x00000088F8628FE0
[2015.10.26-10.22.21:294][  7]Cmd: QUIT_EDITOR
[2015.10.26-10.22.22:496][  7]LogExit: Preparing to exit.
[2015.10.26-10.22.23:421][  7]LogExit: Editor shut down
[2015.10.26-10.22.23:421][  7]LogExit: Transaction tracking system shut down
[2015.10.26-10.22.23:458][  7]LogParticles: Destroying 0 GPU particle simulations for FXSystem 0x00000088E1770B80
[2015.10.26-10.22.23:458][  7]LogParticles: Destroying 0 GPU particle simulations for FXSystem 0x00000088F89CB240
[2015.10.26-10.22.23:458][  7]LogParticles: Destroying 0 GPU particle simulations for FXSystem 0x00000088823C1A80
[2015.10.26-10.22.23:765][  7]LogExit: Object subsystem successfully closed.
[2015.10.26-10.22.23:893][  7]LogD3D11RHI: Shutdown
[2015.10.26-10.22.23:893][  7]LogD3D11RHI: CleanupD3DDevice
[2015.10.26-10.22.23:896][  7]LogD3D11RHI: ~FD3D11DynamicRHI
[2015.10.26-10.22.24:258][  7]LogModuleManager: Shutting down and abandoning module CrashTracker (198)
[2015.10.26-10.22.24:258][  7]LogModuleManager: Shutting down and abandoning module SceneOutliner (197)
[2015.10.26-10.22.24:258][  7]LogModuleManager: Shutting down and abandoning module SuperSearch (196)
[2015.10.26-10.22.24:258][  7]LogModuleManager: Shutting down and abandoning module WidgetCarousel (195)
[2015.10.26-10.22.24:258][  7]LogModuleManager: Shutting down and abandoning module AddContentDialog (194)
[2015.10.26-10.22.24:260][  7]LogModuleManager: Shutting down and abandoning module EditorWidgets (193)
[2015.10.26-10.22.24:260][  7]LogModuleManager: Shutting down and abandoning module CollectionManager (192)
[2015.10.26-10.22.24:260][  7]LogModuleManager: Shutting down and abandoning module StatsViewer (191)
[2015.10.26-10.22.24:260][  7]LogModuleManager: Shutting down and abandoning module FoliageEdit (190)
[2015.10.26-10.22.24:260][  7]LogModuleManager: Shutting down and abandoning module LandscapeEditor (189)
[2015.10.26-10.22.24:262][  7]LogModuleManager: Shutting down and abandoning module ActorPickerMode (188)
[2015.10.26-10.22.24:262][  7]LogModuleManager: Shutting down and abandoning module GeometryMode (187)
[2015.10.26-10.22.24:262][  7]LogModuleManager: Shutting down and abandoning module TextureAlignMode (186)
[2015.10.26-10.22.24:262][  7]LogModuleManager: Shutting down and abandoning module BspMode (185)
[2015.10.26-10.22.24:262][  7]LogModuleManager: Shutting down and abandoning module PlacementMode (184)
[2015.10.26-10.22.24:262][  7]LogModuleManager: Shutting down and abandoning module AutomationWorker (183)
[2015.10.26-10.22.24:262][  7]LogModuleManager: Shutting down and abandoning module CharacterAI (182)
[2015.10.26-10.22.24:262][  7]LogModuleManager: Shutting down and abandoning module SmartSnapping (181)
[2015.10.26-10.22.24:263][  7]LogModuleManager: Shutting down and abandoning module ViewportSnapping (180)
[2015.10.26-10.22.24:263][  7]LogModuleManager: Shutting down and abandoning module LogVisualizer (179)
[2015.10.26-10.22.24:263][  7]LogModuleManager: Shutting down and abandoning module GameProjectGeneration (178)
[2015.10.26-10.22.24:263][  7]LogModuleManager: Shutting down and abandoning module IntroTutorials (177)
[2015.10.26-10.22.24:264][  7]LogModuleManager: Shutting down and abandoning module EditorLiveStreaming (176)
[2015.10.26-10.22.24:264][  7]LogModuleManager: Shutting down and abandoning module IOSPlatformEditor (175)
[2015.10.26-10.22.24:264][  7]LogModuleManager: Shutting down and abandoning module HTML5PlatformEditor (174)
[2015.10.26-10.22.24:264][  7]LogModuleManager: Shutting down and abandoning module AndroidDeviceDetection (173)
[2015.10.26-10.22.24:987][  7]LogModuleManager: Shutting down and abandoning module AndroidPlatformEditor (172)
[2015.10.26-10.22.24:987][  7]LogModuleManager: Shutting down and abandoning module IOSRuntimeSettings (171)
[2015.10.26-10.22.24:987][  7]LogModuleManager: Shutting down and abandoning module AndroidRuntimeSettings (170)
[2015.10.26-10.22.24:987][  7]LogModuleManager: Shutting down and abandoning module MergeActors (169)
[2015.10.26-10.22.25:041][  7]LogModuleManager: Shutting down and abandoning module SizeMap (168)
[2015.10.26-10.22.25:042][  7]LogModuleManager: Shutting down and abandoning module TreeMap (167)
[2015.10.26-10.22.25:042][  7]LogModuleManager: Shutting down and abandoning module ReferenceViewer (166)
[2015.10.26-10.22.25:042][  7]LogModuleManager: Shutting down and abandoning module LocalizationService (165)
[2015.10.26-10.22.25:042][  7]LogModuleManager: Shutting down and abandoning module LocalizationDashboard (164)
[2015.10.26-10.22.25:043][  7]LogModuleManager: Shutting down and abandoning module HardwareTargeting (163)
[2015.10.26-10.22.25:043][  7]LogModuleManager: Shutting down and abandoning module DeviceProfileEditor (162)
[2015.10.26-10.22.25:043][  7]LogModuleManager: Shutting down and abandoning module UndoHistory (161)
[2015.10.26-10.22.25:043][  7]LogModuleManager: Shutting down and abandoning module GameplayTagsEditor (160)
[2015.10.26-10.22.25:043][  7]LogModuleManager: Shutting down and abandoning module UserFeedback (159)
[2015.10.26-10.22.25:043][  7]LogModuleManager: Shutting down and abandoning module XmlParser (158)
[2015.10.26-10.22.25:043][  7]LogModuleManager: Shutting down and abandoning module Blutility (157)
[2015.10.26-10.22.25:043][  7]LogModuleManager: Shutting down and abandoning module ProjectTargetPlatformEditor (156)
[2015.10.26-10.22.25:043][  7]LogModuleManager: Shutting down and abandoning module ProjectSettingsViewer (155)
[2015.10.26-10.22.25:043][  7]LogModuleManager: Shutting down and abandoning module InputBindingEditor (154)
[2015.10.26-10.22.25:044][  7]LogModuleManager: Shutting down and abandoning module EditorSettingsViewer (153)
[2015.10.26-10.22.25:044][  7]LogModuleManager: Shutting down and abandoning module SettingsEditor (152)
[2015.10.26-10.22.25:044][  7]LogModuleManager: Shutting down and abandoning module ProjectLauncher (151)
[2015.10.26-10.22.25:045][  7]LogModuleManager: Shutting down and abandoning module SessionFrontend (150)
[2015.10.26-10.22.25:045][  7]LogModuleManager: Shutting down and abandoning module ProfilerClient (149)
[2015.10.26-10.22.25:046][  7]LogModuleManager: Shutting down and abandoning module TargetDeviceServices (148)
[2015.10.26-10.22.25:046][  7]LogModuleManager: Shutting down and abandoning module DeviceManager (147)
[2015.10.26-10.22.25:046][  7]LogModuleManager: Shutting down and abandoning module AutomationController (146)
[2015.10.26-10.22.25:046][  7]LogModuleManager: Shutting down and abandoning module AutomationWindow (145)
[2015.10.26-10.22.25:150][  7]LogModuleManager: Shutting down and abandoning module Layers (144)
[2015.10.26-10.22.25:174][  7]LogModuleManager: Shutting down and abandoning module ComponentVisualizers (143)
[2015.10.26-10.22.25:174][  7]LogModuleManager: Shutting down and abandoning module DetailCustomizations (142)
[2015.10.26-10.22.25:174][  7]LogModuleManager: Shutting down and abandoning module PackagesDialog (141)
[2015.10.26-10.22.25:174][  7]LogModuleManager: Shutting down and abandoning module Persona (140)
[2015.10.26-10.22.25:258][  7]LogModuleManager: Shutting down and abandoning module Kismet (139)
[2015.10.26-10.22.25:261][  7]LogModuleManager: Shutting down and abandoning module GraphEditor (138)
[2015.10.26-10.22.25:479][  7]LogModuleManager: Shutting down and abandoning module ClassViewer (137)
[2015.10.26-10.22.25:479][  7]LogModuleManager: Shutting down and abandoning module Toolbox (136)
[2015.10.26-10.22.25:479][  7]LogModuleManager: Shutting down and abandoning module ModuleUI (135)
[2015.10.26-10.22.25:480][  7]LogModuleManager: Shutting down and abandoning module MovieSceneTools (134)
[2015.10.26-10.22.25:480][  7]LogModuleManager: Shutting down and abandoning module OutputLog (133)
[2015.10.26-10.22.25:480][  7]LogModuleManager: Shutting down and abandoning module GammaUI (132)
[2015.10.26-10.22.25:481][  7]LogModuleManager: Shutting down and abandoning module Documentation (131)
[2015.10.26-10.22.25:481][  7]LogModuleManager: Shutting down and abandoning module GameLiveStreaming (130)
[2015.10.26-10.22.25:481][  7]LogModuleManager: Shutting down and abandoning module StreamingPauseRendering (129)
[2015.10.26-10.22.25:481][  7]LogModuleManager: Shutting down and abandoning module AnalyticsET (128)
[2015.10.26-10.22.25:481][  7]LogModuleManager: Shutting down and abandoning module Analytics (127)
[2015.10.26-10.22.25:481][  7]LogModuleManager: Shutting down and abandoning module AITestSuite (126)
[2015.10.26-10.22.25:481][  7]LogModuleManager: Shutting down and abandoning module GameplayDebugger (125)
[2015.10.26-10.22.25:481][  7]LogModuleManager: Shutting down and abandoning module AIModule (124)
[2015.10.26-10.22.25:481][  7]LogModuleManager: Shutting down and abandoning module ProfilerService (123)
[2015.10.26-10.22.25:619][  7]LogModuleManager: Shutting down and abandoning module TaskGraph (122)
[2015.10.26-10.22.25:619][  7]LogModuleManager: Shutting down and abandoning module SlateRemote (121)
[2015.10.26-10.22.25:619][  7]LogModuleManager: Shutting down and abandoning module SteamVRController (120)
[2015.10.26-10.22.25:619][  7]LogModuleManager: Shutting down and abandoning module SteamVR (119)
[2015.10.26-10.22.25:619][  7]LogModuleManager: Shutting down and abandoning module ProceduralMeshComponent (118)
[2015.10.26-10.22.25:619][  7]LogModuleManager: Shutting down and abandoning module OculusRift (117)
[2015.10.26-10.22.25:619][  7]LogModuleManager: Shutting down and abandoning module OculusLibrary (116)
[2015.10.26-10.22.25:619][  7]LogModuleManager: Shutting down and abandoning module LeapMotionController (115)
[2015.10.26-10.22.25:641][  7]LogModuleManager: Shutting down and abandoning module CustomMeshComponent (114)
[2015.10.26-10.22.25:642][  7]LogModuleManager: Shutting down and abandoning module CableComponent (113)
[2015.10.26-10.22.25:642][  7]LogModuleManager: Shutting down and abandoning module ArchVisCharacter (112)
[2015.10.26-10.22.25:642][  7]LogModuleManager: Shutting down and abandoning module MessagingDebugger (111)
[2015.10.26-10.22.25:643][  7]LogModuleManager: Shutting down and abandoning module MediaPlayerEditor (110)
[2015.10.26-10.22.25:644][  7]LogModuleManager: Shutting down and abandoning module HTML5Networking (109)
[2015.10.26-10.22.25:644][  7]LogModuleManager: Shutting down and abandoning module SpeedTreeImporter (108)
[2015.10.26-10.22.25:644][  7]LogModuleManager: Shutting down and abandoning module PluginBrowser (107)
[2015.10.26-10.22.25:644][  7]LogModuleManager: Shutting down and abandoning module EpicSurvey (106)
[2015.10.26-10.22.25:644][  7]LogModuleManager: Shutting down and abandoning module DesktopPlatform (105)
[2015.10.26-10.22.25:644][  7]LogModuleManager: Shutting down and abandoning module VisualStudioSourceCodeAccess (104)
[2015.10.26-10.22.25:645][  7]LogModuleManager: Shutting down and abandoning module UObjectPlugin (103)
[2015.10.26-10.22.25:645][  7]LogModuleManager: Shutting down and abandoning module SubversionSourceControl (102)
[2015.10.26-10.22.25:645][  7]LogModuleManager: Shutting down and abandoning module PerforceSourceControl (101)
[2015.10.26-10.22.25:645][  7]LogModuleManager: Shutting down and abandoning module SourceControl (100)
[2015.10.26-10.22.25:645][  7]LogModuleManager: Shutting down and abandoning module GitSourceControl (99)
[2015.10.26-10.22.25:645][  7]LogModuleManager: Shutting down and abandoning module LightPropagationVolumeEditor (98)
[2015.10.26-10.22.25:645][  7]LogModuleManager: Shutting down and abandoning module PaperTiledImporter (97)
[2015.10.26-10.22.25:645][  7]LogModuleManager: Shutting down and abandoning module PaperSpriteSheetImporter (96)
[2015.10.26-10.22.25:645][  7]LogModuleManager: Shutting down and abandoning module MeshPaint (95)
[2015.10.26-10.22.25:645][  7]LogModuleManager: Shutting down and abandoning module SlateReflector (94)
[2015.10.26-10.22.25:646][  7]LogModuleManager: Shutting down and abandoning module HotReload (93)
[2015.10.26-10.22.25:646][  7]LogModuleManager: Shutting down and abandoning module MainFrame (92)
[2015.10.26-10.22.25:647][  7]LogModuleManager: Shutting down and abandoning module LevelEditor (91)
[2015.10.26-10.22.25:650][  7]LogModuleManager: Shutting down and abandoning module DirectoryWatcher (90)
[2015.10.26-10.22.25:651][  7]LogModuleManager: Shutting down and abandoning module AssetRegistry (89)
[2015.10.26-10.22.25:719][  7]LogModuleManager: Shutting down and abandoning module ContentBrowser (88)
[2015.10.26-10.22.25:720][  7]LogModuleManager: Shutting down and abandoning module Paper2DEditor (87)
[2015.10.26-10.22.25:770][  7]LogModuleManager: Shutting down and abandoning module BOS (86)
[2015.10.26-10.22.25:770][  7]LogModuleManager: Shutting down and abandoning module UdpMessaging (85)
[2015.10.26-10.22.25:871][  7]LogModuleManager: Shutting down and abandoning module LightPropagationVolumeRuntime (84)
[2015.10.26-10.22.25:871][  7]LogModuleManager: Shutting down and abandoning module Paper2D (83)
[2015.10.26-10.22.25:871][  7]LogModuleManager: Shutting down and abandoning module WindowsMoviePlayer (82)
[2015.10.26-10.22.26:024][  7]LogModuleManager: Shutting down and abandoning module Media (81)
[2015.10.26-10.22.26:024][  7]LogModuleManager: Shutting down and abandoning module WmfMedia (80)
[2015.10.26-10.22.26:024][  7]LogModuleManager: Shutting down and abandoning module OnlineBlueprintSupport (79)
[2015.10.26-10.22.26:024][  7]LogModuleManager: Shutting down and abandoning module GameplayTasksEditor (78)
[2015.10.26-10.22.26:024][  7]LogModuleManager: Shutting down and abandoning module PropertyEditor (77)
[2015.10.26-10.22.26:024][  7]LogModuleManager: Shutting down and abandoning module BehaviorTreeEditor (76)
[2015.10.26-10.22.26:037][  7]LogModuleManager: Shutting down and abandoning module FunctionalTesting (75)
[2015.10.26-10.22.26:037][  7]LogModuleManager: Shutting down and abandoning module CollisionAnalyzer (74)
[2015.10.26-10.22.26:037][  7]LogModuleManager: Shutting down and abandoning module WorkspaceMenuStructure (73)
[2015.10.26-10.22.26:037][  7]LogModuleManager: Shutting down and abandoning module MessageLog (72)
[2015.10.26-10.22.26:037][  7]LogModuleManager: Shutting down and abandoning module Sequencer (71)
[2015.10.26-10.22.26:074][  7]LogModuleManager: Shutting down and abandoning module AssetTools (70)
[2015.10.26-10.22.26:172][  7]LogModuleManager: Shutting down and abandoning module UMGEditor (69)
[2015.10.26-10.22.26:173][  7]LogModuleManager: Shutting down and abandoning module UMG (68)
[2015.10.26-10.22.26:173][  7]LogModuleManager: Shutting down and abandoning module Slate (67)
[2015.10.26-10.22.26:173][  7]LogModuleManager: Shutting down and abandoning module EditorStyle (66)
[2015.10.26-10.22.26:176][  7]LogModuleManager: Shutting down and abandoning module SessionServices (65)
[2015.10.26-10.22.26:176][  7]LogModuleManager: Shutting down and abandoning module SourceCodeAccess (64)
[2015.10.26-10.22.26:176][  7]LogModuleManager: Shutting down and abandoning module HeadMountedDisplay (63)
[2015.10.26-10.22.26:176][  7]LogModuleManager: Shutting down and abandoning module XAudio2 (62)
[2015.10.26-10.22.26:176][  7]LogModuleManager: Shutting down and abandoning module Networking (60)
[2015.10.26-10.22.26:176][  7]LogModuleManager: Shutting down and abandoning module Core (59)
[2015.10.26-10.22.26:176][  7]LogModuleManager: Shutting down and abandoning module KismetCompiler (58)
[2015.10.26-10.22.26:176][  7]LogModuleManager: Shutting down and abandoning module PhysXFormats (57)
[2015.10.26-10.22.26:176][  7]LogModuleManager: Shutting down and abandoning module MeshUtilities (56)
[2015.10.26-10.22.26:199][  7]LogModuleManager: Shutting down and abandoning module CookingStats (55)
[2015.10.26-10.22.26:200][  7]LogModuleManager: Shutting down and abandoning module DerivedDataCache (54)
[2015.10.26-10.22.26:255][  7]LogDerivedDataCache: Shutdown
[2015.10.26-10.22.26:255][  7]LogModuleManager: Shutting down and abandoning module ShaderFormatOpenGL (53)
[2015.10.26-10.22.26:297][  7]LogModuleManager: Shutting down and abandoning module ShaderFormatD3D (52)
[2015.10.26-10.22.26:297][  7]LogModuleManager: Shutting down and abandoning module MetalShaderFormat (51)
[2015.10.26-10.22.26:351][  7]LogModuleManager: Shutting down and abandoning module TextureFormatUncompressed (50)
[2015.10.26-10.22.26:351][  7]LogModuleManager: Shutting down and abandoning module TextureFormatPVR (49)
[2015.10.26-10.22.26:351][  7]LogModuleManager: Shutting down and abandoning module TextureFormatIntelISPCTexComp (48)
[2015.10.26-10.22.26:351][  7]LogModuleManager: Shutting down and abandoning module TextureFormatDXT (47)
[2015.10.26-10.22.26:351][  7]LogModuleManager: Shutting down and abandoning module ImageWrapper (46)
[2015.10.26-10.22.26:351][  7]LogModuleManager: Shutting down and abandoning module TextureFormatASTC (45)
[2015.10.26-10.22.26:351][  7]LogModuleManager: Shutting down and abandoning module TextureFormatAndroid (44)
[2015.10.26-10.22.26:351][  7]LogModuleManager: Shutting down and abandoning module AudioFormatOpus (43)
[2015.10.26-10.22.26:351][  7]LogModuleManager: Shutting down and abandoning module AudioFormatOgg (42)
[2015.10.26-10.22.26:351][  7]LogModuleManager: Shutting down and abandoning module AudioFormatADPCM (41)
[2015.10.26-10.22.26:351][  7]LogModuleManager: Shutting down and abandoning module LinuxTargetPlatform (40)
[2015.10.26-10.22.26:351][  7]LogModuleManager: Shutting down and abandoning module LinuxServerTargetPlatform (39)
[2015.10.26-10.22.26:351][  7]LogModuleManager: Shutting down and abandoning module LinuxNoEditorTargetPlatform (38)
[2015.10.26-10.22.26:351][  7]LogModuleManager: Shutting down and abandoning module Messaging (37)
[2015.10.26-10.22.26:351][  7]LogModuleManager: Shutting down and abandoning module IOSTargetPlatform (36)
[2015.10.26-10.22.26:351][  7]LogModuleManager: Shutting down and abandoning module HTML5TargetPlatform (35)
[2015.10.26-10.22.26:351][  7]LogModuleManager: Shutting down and abandoning module Android_PVRTCTargetPlatform (34)
[2015.10.26-10.22.26:351][  7]LogModuleManager: Shutting down and abandoning module Android_ETC2TargetPlatform (33)
[2015.10.26-10.22.26:351][  7]LogModuleManager: Shutting down and abandoning module Android_ETC1TargetPlatform (32)
[2015.10.26-10.22.26:351][  7]LogModuleManager: Shutting down and abandoning module Android_DXTTargetPlatform (31)
[2015.10.26-10.22.26:351][  7]LogModuleManager: Shutting down and abandoning module Android_ATCTargetPlatform (30)
[2015.10.26-10.22.26:351][  7]LogModuleManager: Shutting down and abandoning module Android_ASTCTargetPlatform (29)
[2015.10.26-10.22.26:351][  7]LogModuleManager: Shutting down and abandoning module AndroidTargetPlatform (28)
[2015.10.26-10.22.26:351][  7]LogModuleManager: Shutting down and abandoning module WindowsTargetPlatform (27)
[2015.10.26-10.22.26:351][  7]LogModuleManager: Shutting down and abandoning module WindowsServerTargetPlatform (26)
[2015.10.26-10.22.26:351][  7]LogModuleManager: Shutting down and abandoning module WindowsNoEditorTargetPlatform (25)
[2015.10.26-10.22.26:351][  7]LogModuleManager: Shutting down and abandoning module WindowsClientTargetPlatform (24)
[2015.10.26-10.22.26:351][  7]LogModuleManager: Shutting down and abandoning module AllDesktopTargetPlatform (23)
[2015.10.26-10.22.26:351][  7]LogModuleManager: Shutting down and abandoning module TargetPlatform (22)
[2015.10.26-10.22.26:351][  7]LogModuleManager: Shutting down and abandoning module InputCore (21)
[2015.10.26-10.22.26:351][  7]LogModuleManager: Shutting down and abandoning module Settings (20)
[2015.10.26-10.22.26:351][  7]LogModuleManager: Shutting down and abandoning module OnlineSubsystem (18)
[2015.10.26-10.22.26:351][  7]LogModuleManager: Shutting down and abandoning module HTTP (17)
[2015.10.26-10.22.27:854][  7]LogModuleManager: Shutting down and abandoning module XMPP (16)
[2015.10.26-10.22.30:278][  7]LogModuleManager: Shutting down and abandoning module ExampleDeviceProfileSelector (15)
[2015.10.26-10.22.30:278][  7]LogModuleManager: Shutting down and abandoning module TextureCompressor (14)
[2015.10.26-10.22.30:279][  7]LogModuleManager: Shutting down and abandoning module ShaderCore (13)
[2015.10.26-10.22.30:279][  7]LogModuleManager: Shutting down and abandoning module Landscape (12)
[2015.10.26-10.22.30:279][  7]LogModuleManager: Shutting down and abandoning module SlateRHIRenderer (11)
[2015.10.26-10.22.30:280][  7]LogModuleManager: Shutting down and abandoning module OpenGLDrv (10)
[2015.10.26-10.22.30:371][  7]LogModuleManager: Shutting down and abandoning module D3D11RHI (9)
[2015.10.26-10.22.30:371][  7]LogModuleManager: Shutting down and abandoning module AnimGraphRuntime (8)
[2015.10.26-10.22.30:371][  7]LogModuleManager: Shutting down and abandoning module Renderer (7)
[2015.10.26-10.22.30:371][  7]LogModuleManager: Shutting down and abandoning module Engine (6)
[2015.10.26-10.22.30:371][  7]LogModuleManager: Shutting down and abandoning module CoreUObject (5)
[2015.10.26-10.22.30:371][  7]LogModuleManager: Shutting down and abandoning module NetworkFile (4)
[2015.10.26-10.22.30:373][  7]LogModuleManager: Shutting down and abandoning module StreamingFile (3)
[2015.10.26-10.22.30:373][  7]LogModuleManager: Shutting down and abandoning module SandboxFile (2)
[2015.10.26-10.22.30:373][  7]LogModuleManager: Shutting down and abandoning module PakFile (1)
[2015.10.26-10.22.30:374][  7]LogExit: Exiting.
[2015.10.26-10.22.30:379][  7]Log file closed, 10/26/15 11:22:30
